
 /----------------------------------------------------------------------------\
 |                                                                            |
 |  yosys -- Yosys Open SYnthesis Suite                                       |
 |                                                                            |
 |  Copyright (C) 2012 - 2020  Claire Xenia Wolf <claire@yosyshq.com>         |
 |                                                                            |
 |  Permission to use, copy, modify, and/or distribute this software for any  |
 |  purpose with or without fee is hereby granted, provided that the above    |
 |  copyright notice and this permission notice appear in all copies.         |
 |                                                                            |
 |  THE SOFTWARE IS PROVIDED "AS IS" AND THE AUTHOR DISCLAIMS ALL WARRANTIES  |
 |  WITH REGARD TO THIS SOFTWARE INCLUDING ALL IMPLIED WARRANTIES OF          |
 |  MERCHANTABILITY AND FITNESS. IN NO EVENT SHALL THE AUTHOR BE LIABLE FOR   |
 |  ANY SPECIAL, DIRECT, INDIRECT, OR CONSEQUENTIAL DAMAGES OR ANY DAMAGES    |
 |  WHATSOEVER RESULTING FROM LOSS OF USE, DATA OR PROFITS, WHETHER IN AN     |
 |  ACTION OF CONTRACT, NEGLIGENCE OR OTHER TORTIOUS ACTION, ARISING OUT OF   |
 |  OR IN CONNECTION WITH THE USE OR PERFORMANCE OF THIS SOFTWARE.            |
 |                                                                            |
 \----------------------------------------------------------------------------/

 Yosys 0.10+12 (git sha1 4d87019, gcc 7.4.0-1ubuntu1~16.04~ppa1 -fPIC -Os)


-- Executing script file `out.ys' --

1. Executing Verilog-2005 frontend: /home/zhigang/DATA/raw_designs/yosys_designs/arch/common/lutram.v
Parsing SystemVerilog input from `/home/zhigang/DATA/raw_designs/yosys_designs/arch/common/lutram.v' to AST representation.
Storing AST representation for module `$abstract\lutram_1w1r'.
Storing AST representation for module `$abstract\lutram_1w3r'.
Successfully finished Verilog frontend.

2. Executing HIERARCHY pass (managing design hierarchy).

2.1. Finding top of design hierarchy..
root of   0 design levels: $abstract\lutram_1w3r
root of   0 design levels: $abstract\lutram_1w1r
Automatically selected $abstract\lutram_1w3r as design top module.

2.2. Analyzing design hierarchy..
Top module:  $abstract\lutram_1w3r

2.3. Analyzing design hierarchy..
Top module:  $abstract\lutram_1w3r
Removing unused module `$abstract\lutram_1w1r'.
Removed 1 unused modules.

3. Executing HIERARCHY pass (managing design hierarchy).

3.1. Executing AST frontend in derive mode using pre-parsed AST for module `\lutram_1w3r'.
Generating RTLIL representation for module `\lutram_1w3r'.

3.2. Analyzing design hierarchy..
Top module:  \lutram_1w3r

3.3. Analyzing design hierarchy..
Top module:  \lutram_1w3r
Removing unused module `$abstract\lutram_1w3r'.
Removed 1 unused modules.

4. Executing PROC pass (convert processes to netlists).

4.1. Executing PROC_CLEAN pass (remove empty switches from decision trees).
Cleaned up 0 empty switches.

4.2. Executing PROC_RMDEAD pass (remove dead branches from decision trees).
Marked 1 switch rules as full_case in process $proc$/home/zhigang/DATA/raw_designs/yosys_designs/arch/common/lutram.v:34$2 in module lutram_1w3r.
Removed a total of 0 dead cases.

4.3. Executing PROC_PRUNE pass (remove redundant assignments in processes).
Removed 0 redundant assignments.
Promoted 6 assignments to connections.

4.4. Executing PROC_INIT pass (extract init attributes).

4.5. Executing PROC_ARST pass (detect async resets in processes).

4.6. Executing PROC_MUX pass (convert decision trees to multiplexers).
Creating decoders for process `\lutram_1w3r.$proc$/home/zhigang/DATA/raw_designs/yosys_designs/arch/common/lutram.v:34$2'.
     1/3: $1$memwr$\ram$/home/zhigang/DATA/raw_designs/yosys_designs/arch/common/lutram.v:37$1_EN[7:0]$8
     2/3: $1$memwr$\ram$/home/zhigang/DATA/raw_designs/yosys_designs/arch/common/lutram.v:37$1_DATA[7:0]$7
     3/3: $1$memwr$\ram$/home/zhigang/DATA/raw_designs/yosys_designs/arch/common/lutram.v:37$1_ADDR[4:0]$6

4.7. Executing PROC_DLATCH pass (convert process syncs to latches).

4.8. Executing PROC_DFF pass (convert process syncs to FFs).
Creating register for signal `\lutram_1w3r.\q_a' using process `\lutram_1w3r.$proc$/home/zhigang/DATA/raw_designs/yosys_designs/arch/common/lutram.v:34$2'.
  created $dff cell `$procdff$21' with positive edge clock.
Creating register for signal `\lutram_1w3r.\q_b' using process `\lutram_1w3r.$proc$/home/zhigang/DATA/raw_designs/yosys_designs/arch/common/lutram.v:34$2'.
  created $dff cell `$procdff$22' with positive edge clock.
Creating register for signal `\lutram_1w3r.\q_c' using process `\lutram_1w3r.$proc$/home/zhigang/DATA/raw_designs/yosys_designs/arch/common/lutram.v:34$2'.
  created $dff cell `$procdff$23' with positive edge clock.
Creating register for signal `\lutram_1w3r.$memwr$\ram$/home/zhigang/DATA/raw_designs/yosys_designs/arch/common/lutram.v:37$1_ADDR' using process `\lutram_1w3r.$proc$/home/zhigang/DATA/raw_designs/yosys_designs/arch/common/lutram.v:34$2'.
  created $dff cell `$procdff$24' with positive edge clock.
Creating register for signal `\lutram_1w3r.$memwr$\ram$/home/zhigang/DATA/raw_designs/yosys_designs/arch/common/lutram.v:37$1_DATA' using process `\lutram_1w3r.$proc$/home/zhigang/DATA/raw_designs/yosys_designs/arch/common/lutram.v:34$2'.
  created $dff cell `$procdff$25' with positive edge clock.
Creating register for signal `\lutram_1w3r.$memwr$\ram$/home/zhigang/DATA/raw_designs/yosys_designs/arch/common/lutram.v:37$1_EN' using process `\lutram_1w3r.$proc$/home/zhigang/DATA/raw_designs/yosys_designs/arch/common/lutram.v:34$2'.
  created $dff cell `$procdff$26' with positive edge clock.

4.9. Executing PROC_MEMWR pass (convert process memory writes to cells).

4.10. Executing PROC_CLEAN pass (remove empty switches from decision trees).
Found and cleaned up 1 empty switch in `\lutram_1w3r.$proc$/home/zhigang/DATA/raw_designs/yosys_designs/arch/common/lutram.v:34$2'.
Removing empty process `lutram_1w3r.$proc$/home/zhigang/DATA/raw_designs/yosys_designs/arch/common/lutram.v:34$2'.
Cleaned up 1 empty switch.

4.11. Executing OPT_EXPR pass (perform const folding).
Optimizing module lutram_1w3r.

5. Executing OPT pass (performing simple optimizations).

5.1. Executing OPT_EXPR pass (perform const folding).
Optimizing module lutram_1w3r.

5.2. Executing OPT_MERGE pass (detect identical cells).
Finding identical cells in module `\lutram_1w3r'.
Removed a total of 0 cells.

5.3. Executing OPT_MUXTREE pass (detect dead branches in mux trees).
Running muxtree optimizer on module \lutram_1w3r..
  Creating internal representation of mux trees.
  Evaluating internal representation of mux trees.
  Analyzing evaluation results.
Removed 0 multiplexer ports.
<suppressed ~3 debug messages>

5.4. Executing OPT_REDUCE pass (consolidate $*mux and $reduce_* inputs).
  Optimizing cells in module \lutram_1w3r.
    Consolidated identical input bits for $mux cell $procmux$13:
      Old ports: A=8'00000000, B=8'11111111, Y=$procmux$13_Y
      New ports: A=1'0, B=1'1, Y=$procmux$13_Y [0]
      New connections: $procmux$13_Y [7:1] = { $procmux$13_Y [0] $procmux$13_Y [0] $procmux$13_Y [0] $procmux$13_Y [0] $procmux$13_Y [0] $procmux$13_Y [0] $procmux$13_Y [0] }
  Optimizing cells in module \lutram_1w3r.
Performed a total of 1 changes.

5.5. Executing OPT_MERGE pass (detect identical cells).
Finding identical cells in module `\lutram_1w3r'.
Removed a total of 0 cells.

5.6. Executing OPT_DFF pass (perform DFF optimizations).

5.7. Executing OPT_CLEAN pass (remove unused cells and wires).
Finding unused cells or wires in module \lutram_1w3r..
Removed 3 unused cells and 15 unused wires.
<suppressed ~4 debug messages>

5.8. Executing OPT_EXPR pass (perform const folding).
Optimizing module lutram_1w3r.

5.9. Rerunning OPT passes. (Maybe there is more to do..)

5.10. Executing OPT_MUXTREE pass (detect dead branches in mux trees).
Running muxtree optimizer on module \lutram_1w3r..
  Creating internal representation of mux trees.
  Evaluating internal representation of mux trees.
  Analyzing evaluation results.
Removed 0 multiplexer ports.
<suppressed ~3 debug messages>

5.11. Executing OPT_REDUCE pass (consolidate $*mux and $reduce_* inputs).
  Optimizing cells in module \lutram_1w3r.
Performed a total of 0 changes.

5.12. Executing OPT_MERGE pass (detect identical cells).
Finding identical cells in module `\lutram_1w3r'.
Removed a total of 0 cells.

5.13. Executing OPT_DFF pass (perform DFF optimizations).

5.14. Executing OPT_CLEAN pass (remove unused cells and wires).
Finding unused cells or wires in module \lutram_1w3r..

5.15. Executing OPT_EXPR pass (perform const folding).
Optimizing module lutram_1w3r.

5.16. Finished OPT passes. (There is nothing left to do.)

6. Printing statistics.

=== lutram_1w3r ===

   Number of wires:                 17
   Number of wire bits:            110
   Number of public wires:          11
   Number of public wire bits:      65
   Number of memories:               1
   Number of memory bits:          256
   Number of processes:              0
   Number of cells:                 10
     $dff                            3
     $memrd                          3
     $memwr_v2                       1
     $mux                            3

End of script. Logfile hash: a11e35e2c8, CPU: user 0.02s system 0.00s, MEM: 11.27 MB peak
Yosys 0.10+12 (git sha1 4d87019, gcc 7.4.0-1ubuntu1~16.04~ppa1 -fPIC -Os)
Time spent: 24% 4x opt_expr (0 sec), 24% 3x opt_merge (0 sec), ...
