
 /----------------------------------------------------------------------------\
 |                                                                            |
 |  yosys -- Yosys Open SYnthesis Suite                                       |
 |                                                                            |
 |  Copyright (C) 2012 - 2020  Claire Xenia Wolf <claire@yosyshq.com>         |
 |                                                                            |
 |  Permission to use, copy, modify, and/or distribute this software for any  |
 |  purpose with or without fee is hereby granted, provided that the above    |
 |  copyright notice and this permission notice appear in all copies.         |
 |                                                                            |
 |  THE SOFTWARE IS PROVIDED "AS IS" AND THE AUTHOR DISCLAIMS ALL WARRANTIES  |
 |  WITH REGARD TO THIS SOFTWARE INCLUDING ALL IMPLIED WARRANTIES OF          |
 |  MERCHANTABILITY AND FITNESS. IN NO EVENT SHALL THE AUTHOR BE LIABLE FOR   |
 |  ANY SPECIAL, DIRECT, INDIRECT, OR CONSEQUENTIAL DAMAGES OR ANY DAMAGES    |
 |  WHATSOEVER RESULTING FROM LOSS OF USE, DATA OR PROFITS, WHETHER IN AN     |
 |  ACTION OF CONTRACT, NEGLIGENCE OR OTHER TORTIOUS ACTION, ARISING OUT OF   |
 |  OR IN CONNECTION WITH THE USE OR PERFORMANCE OF THIS SOFTWARE.            |
 |                                                                            |
 \----------------------------------------------------------------------------/

 Yosys 0.10+12 (git sha1 4d87019, gcc 7.4.0-1ubuntu1~16.04~ppa1 -fPIC -Os)


-- Executing script file `out.ys' --

1. Executing Verilog-2005 frontend: /home/zhigang/DATA/raw_designs/yosys_designs/arch/common/tribuf.v
Parsing SystemVerilog input from `/home/zhigang/DATA/raw_designs/yosys_designs/arch/common/tribuf.v' to AST representation.
Warning: Yosys has only limited support for tri-state logic at the moment. (/home/zhigang/DATA/raw_designs/yosys_designs/arch/common/tribuf.v:7)
Storing AST representation for module `$abstract\tristate'.
Successfully finished Verilog frontend.

2. Executing HIERARCHY pass (managing design hierarchy).

2.1. Finding top of design hierarchy..
root of   0 design levels: $abstract\tristate  
Automatically selected $abstract\tristate as design top module.

2.2. Analyzing design hierarchy..
Top module:  $abstract\tristate

2.3. Analyzing design hierarchy..
Top module:  $abstract\tristate
Removed 0 unused modules.

3. Executing HIERARCHY pass (managing design hierarchy).

3.1. Executing AST frontend in derive mode using pre-parsed AST for module `\tristate'.
Generating RTLIL representation for module `\tristate'.
Note: Assuming pure combinatorial block at /home/zhigang/DATA/raw_designs/yosys_designs/arch/common/tribuf.v:6.5-7.29 in
compliance with IEC 62142(E):2005 / IEEE Std. 1364.1(E):2002. Recommending
use of @* instead of @(...) for better match of synthesis and simulation.

3.2. Analyzing design hierarchy..
Top module:  \tristate

3.3. Analyzing design hierarchy..
Top module:  \tristate
Removing unused module `$abstract\tristate'.
Removed 1 unused modules.

4. Executing PROC pass (convert processes to netlists).

4.1. Executing PROC_CLEAN pass (remove empty switches from decision trees).
Cleaned up 0 empty switches.

4.2. Executing PROC_RMDEAD pass (remove dead branches from decision trees).
Removed a total of 0 dead cases.

4.3. Executing PROC_PRUNE pass (remove redundant assignments in processes).
Removed 0 redundant assignments.
Promoted 1 assignment to connection.

4.4. Executing PROC_INIT pass (extract init attributes).

4.5. Executing PROC_ARST pass (detect async resets in processes).

4.6. Executing PROC_MUX pass (convert decision trees to multiplexers).
Creating decoders for process `\tristate.$proc$/home/zhigang/DATA/raw_designs/yosys_designs/arch/common/tribuf.v:6$1'.

4.7. Executing PROC_DLATCH pass (convert process syncs to latches).
No latch inferred for signal `\tristate.\o' from process `\tristate.$proc$/home/zhigang/DATA/raw_designs/yosys_designs/arch/common/tribuf.v:6$1'.

4.8. Executing PROC_DFF pass (convert process syncs to FFs).

4.9. Executing PROC_MEMWR pass (convert process memory writes to cells).

4.10. Executing PROC_CLEAN pass (remove empty switches from decision trees).
Removing empty process `tristate.$proc$/home/zhigang/DATA/raw_designs/yosys_designs/arch/common/tribuf.v:6$1'.
Cleaned up 0 empty switches.

4.11. Executing OPT_EXPR pass (perform const folding).
Optimizing module tristate.

5. Executing OPT pass (performing simple optimizations).

5.1. Executing OPT_EXPR pass (perform const folding).
Optimizing module tristate.

5.2. Executing OPT_MERGE pass (detect identical cells).
Finding identical cells in module `\tristate'.
Removed a total of 0 cells.

5.3. Executing OPT_MUXTREE pass (detect dead branches in mux trees).
Running muxtree optimizer on module \tristate..
  Creating internal representation of mux trees.
  Evaluating internal representation of mux trees.
  Analyzing evaluation results.
Removed 0 multiplexer ports.
<suppressed ~1 debug messages>

5.4. Executing OPT_REDUCE pass (consolidate $*mux and $reduce_* inputs).
  Optimizing cells in module \tristate.
Performed a total of 0 changes.

5.5. Executing OPT_MERGE pass (detect identical cells).
Finding identical cells in module `\tristate'.
Removed a total of 0 cells.

5.6. Executing OPT_DFF pass (perform DFF optimizations).

5.7. Executing OPT_CLEAN pass (remove unused cells and wires).
Finding unused cells or wires in module \tristate..
Removed 0 unused cells and 2 unused wires.
<suppressed ~1 debug messages>

5.8. Executing OPT_EXPR pass (perform const folding).
Optimizing module tristate.

5.9. Rerunning OPT passes. (Maybe there is more to do..)

5.10. Executing OPT_MUXTREE pass (detect dead branches in mux trees).
Running muxtree optimizer on module \tristate..
  Creating internal representation of mux trees.
  Evaluating internal representation of mux trees.
  Analyzing evaluation results.
Removed 0 multiplexer ports.
<suppressed ~1 debug messages>

5.11. Executing OPT_REDUCE pass (consolidate $*mux and $reduce_* inputs).
  Optimizing cells in module \tristate.
Performed a total of 0 changes.

5.12. Executing OPT_MERGE pass (detect identical cells).
Finding identical cells in module `\tristate'.
Removed a total of 0 cells.

5.13. Executing OPT_DFF pass (perform DFF optimizations).

5.14. Executing OPT_CLEAN pass (remove unused cells and wires).
Finding unused cells or wires in module \tristate..

5.15. Executing OPT_EXPR pass (perform const folding).
Optimizing module tristate.

5.16. Finished OPT passes. (There is nothing left to do.)

6. Printing statistics.

=== tristate ===

   Number of wires:                  3
   Number of wire bits:              3
   Number of public wires:           3
   Number of public wire bits:       3
   Number of memories:               0
   Number of memory bits:            0
   Number of processes:              0
   Number of cells:                  1
     $mux                            1

Warnings: 1 unique messages, 1 total
End of script. Logfile hash: f70ea4e1c7, CPU: user 0.01s system 0.00s, MEM: 11.21 MB peak
Yosys 0.10+12 (git sha1 4d87019, gcc 7.4.0-1ubuntu1~16.04~ppa1 -fPIC -Os)
Time spent: 49% 4x opt_expr (0 sec), 49% 2x opt_clean (0 sec), ...
