
5. Printing statistics.

=== sv_chip3_hierarchy_no_mem ===

   Number of wires:                266
   Number of wire bits:            641
   Number of public wires:          33
   Number of public wire bits:     181
   Number of memories:               0
   Number of memory bits:            0
   Number of processes:              0
   Number of cells:                256
     $add                            3
     $and                           31
     $dff                            9
     $dffe                           7
     $dlatch                         4
     $eq                           106
     $logic_not                      1
     $mux                           32
     $ne                             1
     $not                           32
     $pmux                           4
     $reduce_bool                    1
     $reduce_or                     22
     $sdff                           1
     $sdffe                          2

