
5. Printing statistics.

=== $paramod\fht_bfly\N=s32'00000000000000000000000000001001 ===

   Number of wires:                234
   Number of wire bits:            521
   Number of public wires:         150
   Number of public wire bits:     414
   Number of memories:               0
   Number of memory bits:            0
   Number of processes:              0
   Number of cells:                107
     $and                           41
     $eq                             2
     $mux                            2
     $not                            2
     $or                            16
     $sdffe                          2
     $xor                           42

=== $paramod\fht_bfly\N=s32'00000000000000000000000000001010 ===

   Number of wires:                258
   Number of wire bits:            569
   Number of public wires:         164
   Number of public wire bits:     449
   Number of memories:               0
   Number of memory bits:            0
   Number of processes:              0
   Number of cells:                119
     $and                           46
     $eq                             2
     $mux                            2
     $not                            2
     $or                            18
     $sdffe                          2
     $xor                           47

=== $paramod\fht_bfly_noFF\N=s32'00000000000000000000000000001000 ===

   Number of wires:                205
   Number of wire bits:            454
   Number of public wires:         131
   Number of public wire bits:     360
   Number of memories:               0
   Number of memory bits:            0
   Number of processes:              0
   Number of cells:                 93
     $and                           36
     $eq                             2
     $mux                            2
     $not                            2
     $or                            14
     $xor                           37

=== fht_1d_x8 ===

   Number of wires:                 93
   Number of wire bits:            730
   Number of public wires:          70
   Number of public wire bits:     536
   Number of memories:               0
   Number of memory bits:            0
   Number of processes:              0
   Number of cells:                 66
     $add                            1
     $adff                           4
     $adffe                         25
     $and                            8
     $eq                             1
     $logic_and                      1
     $mux                            1
     $or                            14
     $paramod\fht_bfly\N=s32'00000000000000000000000000001001      3
     $paramod\fht_bfly\N=s32'00000000000000000000000000001010      4
     $paramod\fht_bfly_noFF\N=s32'00000000000000000000000000001000      4

=== design hierarchy ===

   fht_1d_x8                         1
     $paramod\fht_bfly\N=s32'00000000000000000000000000001001      3
     $paramod\fht_bfly\N=s32'00000000000000000000000000001010      4
     $paramod\fht_bfly_noFF\N=s32'00000000000000000000000000001000      4

   Number of wires:               2647
   Number of wire bits:           6385
   Number of public wires:        1700
   Number of public wire bits:    5014
   Number of memories:               0
   Number of memory bits:            0
   Number of processes:              0
   Number of cells:               1224
     $add                            1
     $adff                           4
     $adffe                         25
     $and                          459
     $eq                            23
     $logic_and                      1
     $mux                           23
     $not                           22
     $or                           190
     $sdffe                         14
     $xor                          462

