
5. Printing statistics.

=== fpu_div ===

   Number of wires:                239
   Number of wire bits:           3751
   Number of public wires:          82
   Number of public wire bits:    2168
   Number of memories:               0
   Number of memory bits:            0
   Number of processes:              0
   Number of cells:                219
     $add                            3
     $and                            3
     $eq                           103
     $gt                             4
     $logic_not                      7
     $mux                           23
     $ne                             1
     $not                            2
     $or                             1
     $pmux                           2
     $reduce_bool                    1
     $reduce_or                      7
     $sdff                          11
     $sdffe                         36
     $shl                            5
     $shr                            1
     $sub                            8
     $xor                            1

