
5. Printing statistics.

=== fpu_mul ===

   Number of wires:                267
   Number of wire bits:           3587
   Number of public wires:          58
   Number of public wire bits:    1940
   Number of memories:               0
   Number of memory bits:            0
   Number of processes:              0
   Number of cells:                260
     $add                           12
     $and                           53
     $dlatch                         1
     $eq                            52
     $gt                             2
     $logic_not                      6
     $mul                           10
     $mux                            6
     $not                           54
     $or                             1
     $pmux                           1
     $reduce_or                      5
     $sdffe                         50
     $shl                            2
     $shr                            1
     $sub                            3
     $xor                            1

