
5. Printing statistics.

=== fpu_add ===

   Number of wires:                 59
   Number of wire bits:           1330
   Number of public wires:          34
   Number of public wire bits:     819
   Number of memories:               0
   Number of memory bits:            0
   Number of processes:              0
   Number of cells:                 51
     $add                            3
     $and                            2
     $gt                             3
     $logic_and                      1
     $logic_not                      5
     $mux                            8
     $or                             1
     $reduce_or                      2
     $sdffe                         23
     $shr                            1
     $sub                            2

