
5. Printing statistics.

=== fpu_sub ===

   Number of wires:                135
   Number of wire bits:           1596
   Number of public wires:          41
   Number of public wire bits:     888
   Number of memories:               0
   Number of memory bits:            0
   Number of processes:              0
   Number of cells:                128
     $and                            3
     $eq                            56
     $ge                             1
     $gt                             4
     $logic_and                      1
     $logic_not                      9
     $mux                           10
     $not                            1
     $or                             2
     $pmux                           1
     $reduce_or                      2
     $sdffe                         30
     $shl                            2
     $shr                            1
     $sub                            4
     $xor                            1

