
5. Printing statistics.

=== dummy_counter ===

   Number of wires:                 23
   Number of wire bits:            172
   Number of public wires:           8
   Number of public wire bits:      68
   Number of memories:               0
   Number of memory bits:            0
   Number of processes:              0
   Number of cells:                 16
     $add_32                         1
     $dffe_30                        1
     $eq_3                           7
     $logic_not_3                    1
     $mux_30                         1
     $ne_2                           1
     $not_1                          1
     $pmux_30                        1
     $reduce_and_2                   1
     $reduce_or_5                    1

