
5. Printing statistics.

=== or1200_genpc ===

   Number of wires:                 69
   Number of wire bits:            649
   Number of public wires:          26
   Number of public wire bits:     310
   Number of memories:               0
   Number of memory bits:            0
   Number of processes:              0
   Number of cells:                 47
     $add                            2
     $and                            5
     $dffe                           1
     $eq                            14
     $logic_not                      7
     $mux                            9
     $or                             3
     $pmux                           2
     $reduce_bool                    1
     $reduce_or                      2
     $sub                            1

