
5. Printing statistics.

=== or1200_except ===

   Number of wires:                176
   Number of wire bits:           1194
   Number of public wires:          62
   Number of public wire bits:     494
   Number of memories:               0
   Number of memory bits:            0
   Number of processes:              0
   Number of cells:                162
     $and                           45
     $eq                             4
     $logic_and                      3
     $logic_not                      5
     $mux                           33
     $ne                             8
     $not                           20
     $or                             8
     $pmux                           3
     $reduce_and                     6
     $reduce_bool                    7
     $reduce_or                      6
     $sdff                           2
     $sdffe                         12

