
5. Printing statistics.

=== or1200_ctrl ===

   Number of wires:                147
   Number of wire bits:            455
   Number of public wires:          48
   Number of public wire bits:     323
   Number of memories:               0
   Number of memory bits:            0
   Number of processes:              0
   Number of cells:                129
     $and                            6
     $eq                            58
     $logic_and                      4
     $logic_not                      4
     $mux                           11
     $or                             4
     $pmux                           6
     $reduce_or                     17
     $sdff                           1
     $sdffe                         18

