
5. Printing statistics.

=== or1200_alu ===

   Number of wires:                109
   Number of wire bits:           1801
   Number of public wires:          28
   Number of public wire bits:     385
   Number of memories:               0
   Number of memory bits:            0
   Number of processes:              0
   Number of cells:                 95
     $add                            3
     $and                            2
     $eq                            26
     $logic_not                      7
     $lt                             1
     $mux                           36
     $not                            3
     $or                             3
     $pmux                           7
     $reduce_or                      2
     $sub                            1
     $xor                            4

