
5. Printing statistics.

=== td_fused_top_tdf3_get_next_ijk ===

   Number of wires:                 50
   Number of wire bits:            233
   Number of public wires:          30
   Number of public wire bits:     183
   Number of memories:               0
   Number of memory bits:            0
   Number of processes:              0
   Number of cells:                 37
     $add_16                         3
     $and_1                          5
     $dffe_16                        2
     $eq_16                          3
     $mux_1                          8
     $mux_16                         4
     $not_1                          5
     $or_1                           4
     $reduce_or_2                    1
     $sdff_1                         1
     $sdffce_16                      1

