
5. Printing statistics.

=== td_fused_top_fifo_w6_d6_S ===

   Number of wires:                 46
   Number of wire bits:            145
   Number of public wires:          17
   Number of public wire bits:      42
   Number of memories:               0
   Number of memory bits:            0
   Number of processes:              0
   Number of cells:                 35
     $add_4                          1
     $and_1                          4
     $and_32                         2
     $eq_32                          2
     $eq_4                           1
     $logic_and_1                    2
     $logic_not_32                   2
     $logic_not_4                    1
     $mux_1                          3
     $mux_3                          1
     $mux_4                          2
     $ne_2                           1
     $not_1                          2
     $or_1                           2
     $reduce_and_2                   2
     $reduce_bool_2                  1
     $reduce_or_2                    1
     $sdffe_1                        2
     $sdffe_4                        1
     $sub_4                          1
     td_fused_top_fifo_w6_d6_S_shiftReg      1

=== td_fused_top_fifo_w6_d6_S_shiftReg ===

   Number of wires:                 16
   Number of wire bits:             58
   Number of public wires:          11
   Number of public wire bits:      53
   Number of memories:               0
   Number of memory bits:            0
   Number of processes:              0
   Number of cells:                 12
     $dffe_6                         6
     $eq_3                           4
     $logic_not_3                    1
     $pmux_6                         1

=== design hierarchy ===

   td_fused_top_fifo_w6_d6_S         1
     td_fused_top_fifo_w6_d6_S_shiftReg      1

   Number of wires:                 62
   Number of wire bits:            203
   Number of public wires:          28
   Number of public wire bits:      95
   Number of memories:               0
   Number of memory bits:            0
   Number of processes:              0
   Number of cells:                 46
     $add_4                          1
     $and_1                          4
     $and_32                         2
     $dffe_6                         6
     $eq_3                           4
     $eq_32                          2
     $eq_4                           1
     $logic_and_1                    2
     $logic_not_3                    1
     $logic_not_32                   2
     $logic_not_4                    1
     $mux_1                          3
     $mux_3                          1
     $mux_4                          2
     $ne_2                           1
     $not_1                          2
     $or_1                           2
     $pmux_6                         1
     $reduce_and_2                   2
     $reduce_bool_2                  1
     $reduce_or_2                    1
     $sdffe_1                        2
     $sdffe_4                        1
     $sub_4                          1

