
5. Printing statistics.

=== $paramod$c414455ae88fca9ac64260ff619bba7437d661cf\td_fused_top_hadd_16ns_16ns_16_2_full_dsp_1 ===

   Number of wires:                 17
   Number of wire bits:            167
   Number of public wires:          17
   Number of public wire bits:     167
   Number of memories:               0
   Number of memory bits:            0
   Number of processes:              0
   Number of cells:                  6
     $dff_1                          1
     $dff_16                         1
     $dffe_16                        2
     $mux_16                         1
     td_fused_top_ap_hadd_0_full_dsp_16      1

=== FPAddSub ===

   Number of wires:                 45
   Number of wire bits:            591
   Number of public wires:          45
   Number of public wire bits:     591
   Number of memories:               0
   Number of memory bits:            0
   Number of processes:              0
   Number of cells:                 19
     $mux_25                         1
     $mux_33                         1
     $mux_36                         1
     $mux_38                         2
     $mux_39                         1
     $mux_40                         1
     $mux_41                         1
     $mux_48                         1
     FPAddSub_AlignModule            1
     FPAddSub_AlignShift1            1
     FPAddSub_AlignShift2            1
     FPAddSub_ExceptionModule        1
     FPAddSub_ExecutionModule        1
     FPAddSub_NormalizeModule        1
     FPAddSub_NormalizeShift1        1
     FPAddSub_NormalizeShift2        1
     FPAddSub_PrealignModule         1
     FPAddSub_RoundModule            1

=== FPAddSub_AlignModule ===

   Number of wires:                  8
   Number of wire bits:             71
   Number of public wires:           8
   Number of public wire bits:      71
   Number of memories:               0
   Number of memory bits:            0
   Number of processes:              0
   Number of cells:                  5
     $lt_15                          1
     $mux_10                         2
     $mux_5                          2

=== FPAddSub_AlignShift1 ===

   Number of wires:                 12
   Number of wire bits:             74
   Number of public wires:           6
   Number of public wire bits:      68
   Number of memories:               0
   Number of memory bits:            0
   Number of processes:              0
   Number of cells:                 18
     $eq_2                           3
     $logic_not_2                    1
     $mux_11                         1
     $pmux_1                        11
     $reduce_or_2                    1
     $reduce_or_3                    1

=== FPAddSub_AlignShift2 ===

   Number of wires:                 11
   Number of wire bits:             63
   Number of public wires:           5
   Number of public wire bits:      57
   Number of memories:               0
   Number of memory bits:            0
   Number of processes:              0
   Number of cells:                 17
     $eq_2                           3
     $logic_not_2                    1
     $pmux_1                        11
     $reduce_or_2                    1
     $reduce_or_3                    1

=== FPAddSub_ExceptionModule ===

   Number of wires:                 23
   Number of wire bits:             61
   Number of public wires:          13
   Number of public wire bits:      51
   Number of memories:               0
   Number of memory bits:            0
   Number of processes:              0
   Number of cells:                 15
     $and_1                          4
     $logic_not_1                    1
     $not_1                          2
     $or_1                           5
     $reduce_and_5                   1
     $reduce_or_3                    1
     $reduce_or_5                    1

=== FPAddSub_ExecutionModule ===

   Number of wires:                 12
   Number of wire bits:             79
   Number of public wires:           9
   Number of public wire bits:      44
   Number of memories:               0
   Number of memory bits:            0
   Number of processes:              0
   Number of cells:                  6
     $add_17                         1
     $mux_1                          1
     $mux_17                         1
     $sub_17                         1
     $xor_1                          2

=== FPAddSub_NormalizeModule ===

   Number of wires:                 16
   Number of wire bits:            116
   Number of public wires:           4
   Number of public wire bits:      56
   Number of memories:               0
   Number of memory bits:            0
   Number of processes:              0
   Number of cells:                 14
     $mux_17                         1
     $mux_5                         13

=== FPAddSub_NormalizeShift1 ===

   Number of wires:                 19
   Number of wire bits:            152
   Number of public wires:           7
   Number of public wire bits:     140
   Number of memories:               0
   Number of memory bits:            0
   Number of processes:              0
   Number of cells:                 20
     $eq_2                           6
     $logic_not_2                    2
     $pmux_1                         2
     $pmux_13                        1
     $pmux_2                         1
     $pmux_4                         3
     $pmux_5                         1
     $reduce_or_2                    4

=== FPAddSub_NormalizeShift2 ===

   Number of wires:                 14
   Number of wire bits:             62
   Number of public wires:          13
   Number of public wire bits:      61
   Number of memories:               0
   Number of memory bits:            0
   Number of processes:              0
   Number of cells:                  6
     $add_6                          1
     $logic_not_1                    1
     $mux_6                          1
     $reduce_or_17                   1
     $reduce_or_4                    1
     $sub_6                          1

=== FPAddSub_PrealignModule ===

   Number of wires:                 30
   Number of wire bits:            295
   Number of public wires:          16
   Number of public wire bits:      95
   Number of memories:               0
   Number of memory bits:            0
   Number of processes:              0
   Number of cells:                 19
     $add_32                         4
     $and_1                          4
     $logic_not_1                    2
     $not_32                         2
     $or_1                           3
     $reduce_and_5                   2
     $reduce_or_10                   2

=== FPAddSub_RoundModule ===

   Number of wires:                 35
   Number of wire bits:            124
   Number of public wires:          19
   Number of public wire bits:      72
   Number of memories:               0
   Number of memory bits:            0
   Number of processes:              0
   Number of cells:                 22
     $add_32                         1
     $add_6                          1
     $and_1                          7
     $mux_1                          2
     $mux_10                         1
     $mux_6                          1
     $not_1                          2
     $or_1                           5
     $xor_1                          2

=== td_fused_top_ap_hadd_0_full_dsp_16 ===

   Number of wires:                  6
   Number of wire bits:             51
   Number of public wires:           6
   Number of public wire bits:      51
   Number of memories:               0
   Number of memory bits:            0
   Number of processes:              0
   Number of cells:                  1
     FPAddSub                        1

=== td_fused_top_tdf3_accum_1 ===

   Number of wires:                187
   Number of wire bits:           1497
   Number of public wires:         110
   Number of public wire bits:    1207
   Number of memories:               0
   Number of memory bits:            0
   Number of processes:              0
   Number of cells:                135
     $add_4                          1
     $add_6                          1
     $and_1                         21
     $dffe_1                         2
     $dffe_16                       14
     $dffe_5                         1
     $dffe_6                         2
     $eq_3                           5
     $eq_8                           8
     $logic_not_3                    1
     $mux_1                         12
     $mux_16                        16
     $mux_5                         10
     $mux_6                          3
     $mux_8                          3
     $not_1                         10
     $or_1                           5
     $or_3                           1
     $or_5                           7
     $paramod$c414455ae88fca9ac64260ff619bba7437d661cf\td_fused_top_hadd_16ns_16ns_16_2_full_dsp_1      2
     $pmux_8                         1
     $reduce_bool_2                  2
     $reduce_or_2                    2
     $sdff_1                         1
     $sdff_8                         1
     $sdffe_1                        2
     $sdffe_4                        1

=== design hierarchy ===

   td_fused_top_tdf3_accum_1         1
     $paramod$c414455ae88fca9ac64260ff619bba7437d661cf\td_fused_top_hadd_16ns_16ns_16_2_full_dsp_1      2
       td_fused_top_ap_hadd_0_full_dsp_16      1
         FPAddSub                    1
           FPAddSub_AlignModule      1
           FPAddSub_AlignShift1      1
           FPAddSub_AlignShift2      1
           FPAddSub_ExceptionModule      1
           FPAddSub_ExecutionModule      1
           FPAddSub_NormalizeModule      1
           FPAddSub_NormalizeShift1      1
           FPAddSub_NormalizeShift2      1
           FPAddSub_PrealignModule      1
           FPAddSub_RoundModule      1

   Number of wires:                683
   Number of wire bits:           5309
   Number of public wires:         446
   Number of public wire bits:    4255
   Number of memories:               0
   Number of memory bits:            0
   Number of processes:              0
   Number of cells:                445
     $add_17                         2
     $add_32                        10
     $add_4                          1
     $add_6                          5
     $and_1                         51
     $dff_1                          2
     $dff_16                         2
     $dffe_1                         2
     $dffe_16                       18
     $dffe_5                         1
     $dffe_6                         2
     $eq_2                          24
     $eq_3                           5
     $eq_8                           8
     $logic_not_1                    8
     $logic_not_2                    8
     $logic_not_3                    1
     $lt_15                          2
     $mux_1                         18
     $mux_10                         6
     $mux_11                         2
     $mux_16                        18
     $mux_17                         4
     $mux_25                         2
     $mux_33                         2
     $mux_36                         2
     $mux_38                         4
     $mux_39                         2
     $mux_40                         2
     $mux_41                         2
     $mux_48                         2
     $mux_5                         40
     $mux_6                          7
     $mux_8                          3
     $not_1                         18
     $not_32                         4
     $or_1                          31
     $or_3                           1
     $or_5                           7
     $pmux_1                        48
     $pmux_13                        2
     $pmux_2                         2
     $pmux_4                         6
     $pmux_5                         2
     $pmux_8                         1
     $reduce_and_5                   6
     $reduce_bool_2                  2
     $reduce_or_10                   4
     $reduce_or_17                   2
     $reduce_or_2                   14
     $reduce_or_3                    6
     $reduce_or_4                    2
     $reduce_or_5                    2
     $sdff_1                         1
     $sdff_8                         1
     $sdffe_1                        2
     $sdffe_4                        1
     $sub_17                         2
     $sub_6                          2
     $xor_1                          8

