
5. Printing statistics.

=== output_logic ===

   Number of wires:                 90
   Number of wire bits:           2337
   Number of public wires:          40
   Number of public wire bits:     925
   Number of memories:               0
   Number of memory bits:            0
   Number of processes:              0
   Number of cells:                 59
     $add_16                         1
     $add_32                         3
     $dffe_10                        1
     $eq_32                          2
     $ge_32                          1
     $mux_1                          7
     $mux_10                         5
     $mux_32                         4
     $mux_64                        16
     $ne_2                           1
     $ne_3                           1
     $not_1                          1
     $or_1                           1
     $reduce_and_2                   1
     $reduce_and_3                   1
     $reduce_bool_2                  1
     $reduce_bool_4                  1
     $reduce_bool_5                  1
     $sdffe_1                        2
     $sdffe_32                       1
     $sdffe_64                       4
     $sub_16                         1
     $sub_32                         2

