
5. Printing statistics.

=== systolic_data_setup ===

   Number of wires:                124
   Number of wire bits:           1052
   Number of public wires:          52
   Number of public wire bits:     688
   Number of memories:               0
   Number of memory bits:            0
   Number of processes:              0
   Number of cells:                106
     $add_16                         2
     $add_32                         2
     $add_8                          2
     $and_16                        16
     $dffe_10                        2
     $eq_8                           8
     $ge_32                          2
     $ge_8                           4
     $logic_and_1                   10
     $logic_not_8                    1
     $logic_or_1                    10
     $lt_8                           2
     $mux_1                          2
     $mux_10                         4
     $mux_16                         6
     $not_1                         11
     $reduce_bool_2                  2
     $reduce_or_2                    2
     $sdff_16                       12
     $sdff_8                         2
     $sdffe_1                        2
     $sub_16                         2

