
5. Printing statistics.

=== cordic ===

   Number of wires:                 47
   Number of wire bits:            502
   Number of public wires:          30
   Number of public wire bits:     450
   Number of memories:               0
   Number of memory bits:            0
   Number of processes:              0
   Number of cells:                 22
     $add                            1
     $adff                           1
     $eq                            14
     $logic_not                      1
     $mux                            3
     $pmux                           1
     rotator                         1

=== rotator ===

   Number of wires:                 29
   Number of wire bits:            416
   Number of public wires:          16
   Number of public wire bits:     211
   Number of memories:               0
   Number of memory bits:            0
   Number of processes:              0
   Number of cells:                 18
     $add                            3
     $lt                             1
     $mux                            6
     $sdff                           3
     $sub                            3
     signed_shifter                  2

=== signed_shifter ===

   Number of wires:                 33
   Number of wire bits:             68
   Number of public wires:           3
   Number of public wire bits:      38
   Number of memories:               0
   Number of memory bits:            0
   Number of processes:              0
   Number of cells:                 46
     $eq                            15
     $logic_not                      1
     $pmux                          16
     $reduce_or                     14

=== design hierarchy ===

   cordic                            1
     rotator                         1
       signed_shifter                2

   Number of wires:                142
   Number of wire bits:           1054
   Number of public wires:          52
   Number of public wire bits:     737
   Number of memories:               0
   Number of memory bits:            0
   Number of processes:              0
   Number of cells:                129
     $add                            4
     $adff                           1
     $eq                            44
     $logic_not                      3
     $lt                             1
     $mux                            9
     $pmux                          33
     $reduce_or                     28
     $sdff                           3
     $sub                            3

