
5. Printing statistics.

=== activation ===

   Number of wires:                901
   Number of wire bits:           3427
   Number of public wires:          28
   Number of public wire bits:    1707
   Number of memories:               0
   Number of memory bits:            0
   Number of processes:              0
   Number of cells:                937
     $add                           17
     $dffe                           1
     $eq                           148
     $ge                            80
     $gt                            64
     $le                            80
     $logic_and                    128
     $logic_not                     32
     $logic_or                       2
     $lt                            64
     $mul                           16
     $mux                          205
     $ne                             2
     $not                            2
     $pmux                          32
     $reduce_and                     2
     $reduce_bool                    2
     $reduce_or                     49
     $sdff                           4
     $sdffe                          7

