
5. Printing statistics.

=== cfg ===

   Number of wires:                125
   Number of wire bits:            613
   Number of public wires:          50
   Number of public wire bits:     444
   Number of memories:               0
   Number of memory bits:            0
   Number of processes:              0
   Number of cells:                117
     $eq                            23
     $logic_and                      4
     $logic_not                      3
     $mux                            6
     $ne                             3
     $not                            1
     $pmux                           4
     $reduce_and                    27
     $reduce_bool                    3
     $reduce_or                      1
     $sdffe                         42

