
5. Printing statistics.

=== pool ===

   Number of wires:                 34
   Number of wire bits:            664
   Number of public wires:          17
   Number of public wire bits:     588
   Number of memories:               0
   Number of memory bits:            0
   Number of processes:              0
   Number of cells:                 27
     $add                            4
     $dffe                           2
     $eq                             4
     $logic_or                       2
     $mux                            3
     $not                            2
     $pmux                           1
     $reduce_and                     3
     $reduce_bool                    1
     $sdffe                          5

