
5. Printing statistics.

=== systolic_data_setup ===

   Number of wires:                489
   Number of wire bits:           3211
   Number of public wires:         297
   Number of public wire bits:    2623
   Number of memories:               0
   Number of memory bits:            0
   Number of processes:              0
   Number of cells:                472
     $add                            6
     $and                           64
     $dffe                           2
     $eq                            32
     $ge                             6
     $logic_and                     34
     $logic_not                      1
     $logic_or                      34
     $lt                             2
     $mux                            6
     $not                           35
     $reduce_bool                    2
     $reduce_or                      2
     $sdff                         242
     $sdffe                          2
     $sub                            2

