#-----------------------------------------------------------
# Vivado v2017.3 (64-bit)
# SW Build 2018833 on Wed Oct  4 19:58:07 MDT 2017
# IP Build 2016188 on Wed Oct  4 21:52:56 MDT 2017
# Start of session at: Thu Dec  2 23:17:38 2021
# Process ID: 175784
# Current directory: /misc/scratch/zwei1/raw_data
# Command line: vivado -mode batch -source /misc/scratch/zwei1/reports/raw_designs/vtr_designs/verilog/LU32PEEng_submodules/dual_port_ram/run_tcl.tcl
# Log file: /misc/scratch/zwei1/raw_data/vivado.log
# Journal file: /misc/scratch/zwei1/raw_data/vivado.jou
#-----------------------------------------------------------
source /misc/scratch/zwei1/reports/raw_designs/vtr_designs/verilog/LU32PEEng_submodules/dual_port_ram/run_tcl.tcl
# set outputDir /misc/scratch/zwei1/reports/raw_designs/vtr_designs/verilog/LU32PEEng_submodules/dual_port_ram
# file mkdir $outputDir
# read_verilog -quiet /misc/scratch/zwei1/raw_data/raw_designs/vtr_designs/verilog/LU32PEEng_submodules/dual_port_ram.v
# synth_design -part xc7z020clg484-3 -top dual_port_ram
Command: synth_design -part xc7z020clg484-3 -top dual_port_ram
Starting synth_design
Attempting to get a license for feature 'Synthesis' and/or device 'xc7z020'
INFO: [Common 17-349] Got license for feature 'Synthesis' and/or device 'xc7z020'
INFO: Launching helper process for spawning children vivado processes
INFO: Helper process launched with PID 185097 
