
5. Printing statistics.

=== dot_product_16_8_30_2 ===

   Number of wires:                 14
   Number of wire bits:            211
   Number of public wires:          14
   Number of public wire bits:     211
   Number of memories:               0
   Number of memory bits:            0
   Number of processes:              0
   Number of cells:                  6
     $dff                            1
     $sdff                           4
     dsp_block_16_8_false            1

=== dsp_block_16_8_false ===

   Number of wires:                 19
   Number of wire bits:            518
   Number of public wires:          15
   Number of public wire bits:     262
   Number of memories:               0
   Number of memory bits:            0
   Number of processes:              0
   Number of cells:                  9
     $add                            2
     $mul                            2
     $sdff                           5

=== design hierarchy ===

   dot_product_16_8_30_2             1
     dsp_block_16_8_false            1

   Number of wires:                 33
   Number of wire bits:            729
   Number of public wires:          29
   Number of public wire bits:     473
   Number of memories:               0
   Number of memory bits:            0
   Number of processes:              0
   Number of cells:                 14
     $add                            2
     $dff                            1
     $mul                            2
     $sdff                           9

