
5. Printing statistics.

=== inverse_winograd_11 ===

   Number of wires:                261
   Number of wire bits:           6777
   Number of public wires:         108
   Number of public wire bits:    2785
   Number of memories:               0
   Number of memory bits:            0
   Number of processes:              0
   Number of cells:                245
     $add                            1
     $dff                           26
     $dffe                          44
     $eq                             3
     $logic_not                      1
     $lt                             1
     $mux                          142
     $ne                             2
     $neg                            7
     $not                            3
     $reduce_and                     3
     $reduce_bool                    2
     $sdffe                          2
     inverse_winograd_adder_30_3      8

=== inverse_winograd_adder_30_3 ===

   Number of wires:                 19
   Number of wire bits:            574
   Number of public wires:          14
   Number of public wire bits:     409
   Number of memories:               0
   Number of memory bits:            0
   Number of processes:              0
   Number of cells:                 11
     $add                            5
     $dff                            6

=== design hierarchy ===

   inverse_winograd_11               1
     inverse_winograd_adder_30_3      8

   Number of wires:                413
   Number of wire bits:          11369
   Number of public wires:         220
   Number of public wire bits:    6057
   Number of memories:               0
   Number of memory bits:            0
   Number of processes:              0
   Number of cells:                325
     $add                           41
     $dff                           74
     $dffe                          44
     $eq                             3
     $logic_not                      1
     $lt                             1
     $mux                          142
     $ne                             2
     $neg                            7
     $not                            3
     $reduce_and                     3
     $reduce_bool                    2
     $sdffe                          2

