
5. Printing statistics.

=== pooling ===

   Number of wires:                 35
   Number of wire bits:            275
   Number of public wires:          19
   Number of public wire bits:     184
   Number of memories:               0
   Number of memory bits:            0
   Number of processes:              0
   Number of cells:                 26
     $add                            1
     $dff                            5
     $dffe                           4
     $gt                             4
     $logic_or                       1
     $mux                            5
     $not                            2
     $reduce_and                     2
     $reduce_or                      1
     $sdff                           1

