
5. Printing statistics.

=== winograd_adder_16_20_4 ===

   Number of wires:                 49
   Number of wire bits:            878
   Number of public wires:          34
   Number of public wire bits:     578
   Number of memories:               0
   Number of memory bits:            0
   Number of processes:              0
   Number of cells:                 30
     $add                           15
     $dff                           15

=== winograd_dsp_16 ===

   Number of wires:                 51
   Number of wire bits:            475
   Number of public wires:          15
   Number of public wire bits:     169
   Number of memories:               0
   Number of memory bits:            0
   Number of processes:              0
   Number of cells:                 44
     $eq                            14
     $logic_not                      2
     $mul                            2
     $mux                           16
     $reduce_or                      2
     $sdff                           8

=== winograd_transform_0 ===

   Number of wires:                516
   Number of wire bits:           8338
   Number of public wires:         482
   Number of public wire bits:    7732
   Number of memories:               0
   Number of memory bits:            0
   Number of processes:              0
   Number of cells:                269
     $add                            1
     $dff                           85
     $dffe                          12
     $eq                             1
     $mux                           31
     $neg                           72
     $reduce_or                      1
     $sdff                           2
     winograd_adder_16_20_4         36
     winograd_dsp_16                28

=== design hierarchy ===

   winograd_transform_0              1
     winograd_adder_16_20_4         36
     winograd_dsp_16                28

   Number of wires:               3708
   Number of wire bits:          53246
   Number of public wires:        2126
   Number of public wire bits:   33272
   Number of memories:               0
   Number of memory bits:            0
   Number of processes:              0
   Number of cells:               2517
     $add                          541
     $dff                          625
     $dffe                          12
     $eq                           393
     $logic_not                     56
     $mul                           56
     $mux                          479
     $neg                           72
     $reduce_or                     57
     $sdff                         226

