
5. Printing statistics.

=== fpu_exceptions ===

   Number of wires:                199
   Number of wire bits:           1349
   Number of public wires:          75
   Number of public wire bits:     850
   Number of memories:               0
   Number of memory bits:            0
   Number of processes:              0
   Number of cells:                186
     $and_1                         53
     $eq_11                          2
     $eq_2                           3
     $eq_3                           3
     $gt_32                          1
     $logic_not_1                   18
     $logic_not_3                    1
     $mux_63                         3
     $mux_64                         3
     $or_1                          31
     $reduce_or_2                    1
     $reduce_or_52                   2
     $reduce_or_63                   3
     $sdffe_1                       54
     $sdffe_62                       1
     $sdffe_63                       3
     $sdffe_64                       4

