
5. Printing statistics.

=== LUControl ===

   Number of wires:                450
   Number of wire bits:           3829
   Number of public wires:         214
   Number of public wire bits:    2097
   Number of memories:               0
   Number of memory bits:            0
   Number of processes:              0
   Number of cells:                433
     $add                           30
     $dff                          163
     $dffe                           5
     $eq                            48
     $ge                             3
     $gt                             1
     $logic_and                     23
     $logic_not                      4
     $logic_or                      11
     $lt                             3
     $mux                           89
     $ne                             4
     $not                            2
     $pmux                           4
     $reduce_and                     1
     $reduce_bool                    6
     $reduce_or                      4
     $sdff                          10
     $sdffe                         15
     $sub                            7

