
5. Printing statistics.

=== $paramod$1562f140864cc7fdf547927d88f1d7d4344d72f7\dual_port_ram ===

   Number of wires:                 17
   Number of wire bits:           2583
   Number of public wires:           9
   Number of public wire bits:    1037
   Number of memories:               1
   Number of memory bits:         1280
   Number of processes:              0
   Number of cells:                 12
     $dffe                           2
     $memrd                          2
     $memwr_v2                       2
     $mux                            6

=== ram2 ===

   Number of wires:                 11
   Number of wire bits:           1580
   Number of public wires:          11
   Number of public wire bits:    1580
   Number of memories:               0
   Number of memory bits:            0
   Number of processes:              0
   Number of cells:                  3
     $and                            1
     $or                             1
     $paramod$1562f140864cc7fdf547927d88f1d7d4344d72f7\dual_port_ram      1

=== design hierarchy ===

   ram2                              1
     $paramod$1562f140864cc7fdf547927d88f1d7d4344d72f7\dual_port_ram      1

   Number of wires:                 28
   Number of wire bits:           4163
   Number of public wires:          20
   Number of public wire bits:    2617
   Number of memories:               1
   Number of memory bits:         1280
   Number of processes:              0
   Number of cells:                 14
     $and                            1
     $dffe                           2
     $memrd                          2
     $memwr_v2                       2
     $mux                            6
     $or                             1

