
5. Printing statistics.

=== FPAddSub ===

   Number of wires:                 45
   Number of wire bits:            590
   Number of public wires:          45
   Number of public wire bits:     590
   Number of memories:               0
   Number of memory bits:            0
   Number of processes:              0
   Number of cells:                 14
     $sdff                           4
     FPAddSub_AlignModule            1
     FPAddSub_AlignShift1            1
     FPAddSub_AlignShift2            1
     FPAddSub_ExceptionModule        1
     FPAddSub_ExecutionModule        1
     FPAddSub_NormalizeModule        1
     FPAddSub_NormalizeShift1        1
     FPAddSub_NormalizeShift2        1
     FPAddSub_PrealignModule         1
     FPAddSub_RoundModule            1

=== FPAddSub_AlignModule ===

   Number of wires:                  8
   Number of wire bits:             71
   Number of public wires:           8
   Number of public wire bits:      71
   Number of memories:               0
   Number of memory bits:            0
   Number of processes:              0
   Number of cells:                  5
     $lt                             1
     $mux                            4

=== FPAddSub_AlignShift1 ===

   Number of wires:                 11
   Number of wire bits:            114
   Number of public wires:           9
   Number of public wire bits:     112
   Number of memories:               0
   Number of memory bits:            0
   Number of processes:              0
   Number of cells:                 11
     $mux                            1
     $not                            1
     $pmux                           8
     $reduce_or                      1

=== FPAddSub_AlignShift2 ===

   Number of wires:                 11
   Number of wire bits:             63
   Number of public wires:           5
   Number of public wire bits:      57
   Number of memories:               0
   Number of memory bits:            0
   Number of processes:              0
   Number of cells:                 17
     $eq                             3
     $logic_not                      1
     $pmux                          11
     $reduce_or                      2

=== FPAddSub_ExceptionModule ===

   Number of wires:                 23
   Number of wire bits:             61
   Number of public wires:          13
   Number of public wire bits:      51
   Number of memories:               0
   Number of memory bits:            0
   Number of processes:              0
   Number of cells:                 15
     $and                            4
     $logic_not                      1
     $not                            2
     $or                             5
     $reduce_and                     1
     $reduce_or                      2

=== FPAddSub_ExecutionModule ===

   Number of wires:                 13
   Number of wire bits:             84
   Number of public wires:          10
   Number of public wire bits:      49
   Number of memories:               0
   Number of memory bits:            0
   Number of processes:              0
   Number of cells:                  6
     $add                            1
     $mux                            2
     $sub                            1
     $xor                            2

=== FPAddSub_NormalizeModule ===

   Number of wires:                 16
   Number of wire bits:            116
   Number of public wires:           4
   Number of public wire bits:      56
   Number of memories:               0
   Number of memory bits:            0
   Number of processes:              0
   Number of cells:                 14
     $mux                           14

=== FPAddSub_NormalizeShift1 ===

   Number of wires:                 26
   Number of wire bits:            175
   Number of public wires:           7
   Number of public wire bits:     140
   Number of memories:               0
   Number of memory bits:            0
   Number of processes:              0
   Number of cells:                 41
     $and                            3
     $dlatch                         3
     $eq                             6
     $logic_not                      2
     $mux                            2
     $not                            3
     $pmux                          18
     $reduce_or                      4

=== FPAddSub_NormalizeShift2 ===

   Number of wires:                 14
   Number of wire bits:             62
   Number of public wires:          13
   Number of public wire bits:      61
   Number of memories:               0
   Number of memory bits:            0
   Number of processes:              0
   Number of cells:                  6
     $add                            1
     $logic_not                      1
     $mux                            1
     $reduce_or                      2
     $sub                            1

=== FPAddSub_PrealignModule ===

   Number of wires:                 30
   Number of wire bits:            295
   Number of public wires:          16
   Number of public wire bits:      95
   Number of memories:               0
   Number of memory bits:            0
   Number of processes:              0
   Number of cells:                 19
     $add                            4
     $and                            4
     $logic_not                      2
     $not                            2
     $or                             3
     $reduce_and                     2
     $reduce_or                      2

=== FPAddSub_RoundModule ===

   Number of wires:                 36
   Number of wire bits:            130
   Number of public wires:          20
   Number of public wire bits:      78
   Number of memories:               0
   Number of memory bits:            0
   Number of processes:              0
   Number of cells:                 22
     $add                            2
     $and                            7
     $mux                            4
     $not                            2
     $or                             5
     $xor                            2

=== FPMult_16 ===

   Number of wires:                 27
   Number of wire bits:            343
   Number of public wires:          27
   Number of public wire bits:     343
   Number of memories:               0
   Number of memory bits:            0
   Number of processes:              0
   Number of cells:                  9
     $sdff                           5
     FPMult_ExecuteModule            1
     FPMult_NormalizeModule          1
     FPMult_PrepModule               1
     FPMult_RoundModule              1

=== FPMult_ExecuteModule ===

   Number of wires:                 15
   Number of wire bits:            103
   Number of public wires:          12
   Number of public wire bits:      95
   Number of memories:               0
   Number of memory bits:            0
   Number of processes:              0
   Number of cells:                  7
     $add                            2
     $and                            1
     $mux                            1
     $or                             1
     $reduce_or                      1
     $xor                            1

=== FPMult_NormalizeModule ===

   Number of wires:                  9
   Number of wire bits:            119
   Number of public wires:           7
   Number of public wire bits:      55
   Number of memories:               0
   Number of memory bits:            0
   Number of processes:              0
   Number of cells:                  3
     $sub                            3

=== FPMult_PrepModule ===

   Number of wires:                 23
   Number of wire bits:             86
   Number of public wires:          14
   Number of public wire bits:      77
   Number of memories:               0
   Number of memory bits:            0
   Number of processes:              0
   Number of cells:                 15
     $and                            4
     $logic_not                      2
     $mul                            1
     $or                             3
     $reduce_and                     2
     $reduce_or                      3

=== FPMult_RoundModule ===

   Number of wires:                 12
   Number of wire bits:             90
   Number of public wires:          12
   Number of public wire bits:      90
   Number of memories:               0
   Number of memory bits:            0
   Number of processes:              0
   Number of cells:                  3
     $mux                            3

=== eltwise_cu ===

   Number of wires:                 39
   Number of wire bits:            600
   Number of public wires:          33
   Number of public wire bits:     532
   Number of memories:               0
   Number of memory bits:            0
   Number of processes:              0
   Number of cells:                 11
     $add                            2
     $eq                             1
     $logic_or                       1
     $mux                            1
     $not                            1
     $sdff                           2
     input_logic                     1
     output_logic                    1
     pe_array                        1

=== input_logic ===

   Number of wires:                 82
   Number of wire bits:            733
   Number of public wires:          27
   Number of public wire bits:     367
   Number of memories:               0
   Number of memory bits:            0
   Number of processes:              0
   Number of cells:                 71
     $add                            5
     $and                           16
     $dffe                           2
     $eq                             8
     $ge                             2
     $le                             1
     $logic_and                      8
     $logic_or                       7
     $mux                            6
     $not                           10
     $reduce_bool                    1
     $reduce_or                      1
     $sdff                           2
     $sdffe                          2

=== output_logic ===

   Number of wires:                 21
   Number of wire bits:            249
   Number of public wires:          13
   Number of public wire bits:     161
   Number of memories:               0
   Number of memory bits:            0
   Number of processes:              0
   Number of cells:                 12
     $add                            2
     $dffe                           1
     $gt                             1
     $mux                            2
     $not                            1
     $or                             1
     $reduce_bool                    1
     $sdff                           1
     $sdffe                          2

=== pe_array ===

   Number of wires:                 17
   Number of wire bits:            198
   Number of public wires:          17
   Number of public wire bits:     198
   Number of memories:               0
   Number of memory bits:            0
   Number of processes:              0
   Number of cells:                  5
     $or                             1
     processing_element              4

=== processing_element ===

   Number of wires:                 12
   Number of wire bits:            118
   Number of public wires:           9
   Number of public wire bits:     100
   Number of memories:               0
   Number of memory bits:            0
   Number of processes:              0
   Number of cells:                  7
     $eq                             1
     $logic_not                      1
     $mux                            2
     seq_add                         1
     seq_mul                         1
     seq_sub                         1

=== seq_add ===

   Number of wires:                  9
   Number of wire bits:            114
   Number of public wires:           9
   Number of public wire bits:     114
   Number of memories:               0
   Number of memory bits:            0
   Number of processes:              0
   Number of cells:                  4
     $sdff                           3
     FPAddSub                        1

=== seq_mul ===

   Number of wires:                  9
   Number of wire bits:            114
   Number of public wires:           9
   Number of public wire bits:     114
   Number of memories:               0
   Number of memory bits:            0
   Number of processes:              0
   Number of cells:                  4
     $sdff                           3
     FPMult_16                       1

=== seq_sub ===

   Number of wires:                  9
   Number of wire bits:            114
   Number of public wires:           9
   Number of public wire bits:     114
   Number of memories:               0
   Number of memory bits:            0
   Number of processes:              0
   Number of cells:                  4
     $sdff                           3
     FPAddSub                        1

=== design hierarchy ===

   eltwise_cu                        1
     input_logic                     1
     output_logic                    1
     pe_array                        1
       processing_element            4
         seq_add                     1
           FPAddSub                  1
             FPAddSub_AlignModule      1
             FPAddSub_AlignShift1      1
             FPAddSub_AlignShift2      1
             FPAddSub_ExceptionModule      1
             FPAddSub_ExecutionModule      1
             FPAddSub_NormalizeModule      1
             FPAddSub_NormalizeShift1      1
             FPAddSub_NormalizeShift2      1
             FPAddSub_PrealignModule      1
             FPAddSub_RoundModule      1
         seq_mul                     1
           FPMult_16                 1
             FPMult_ExecuteModule      1
             FPMult_NormalizeModule      1
             FPMult_PrepModule       1
             FPMult_RoundModule      1
         seq_sub                     1
           FPAddSub                  1
             FPAddSub_AlignModule      1
             FPAddSub_AlignShift1      1
             FPAddSub_AlignShift2      1
             FPAddSub_ExceptionModule      1
             FPAddSub_ExecutionModule      1
             FPAddSub_NormalizeModule      1
             FPAddSub_NormalizeShift1      1
             FPAddSub_NormalizeShift2      1
             FPAddSub_PrealignModule      1
             FPAddSub_RoundModule      1

   Number of wires:               2523
   Number of wire bits:          20672
   Number of public wires:        1722
   Number of public wire bits:   16546
   Number of memories:               0
   Number of memory bits:            0
   Number of processes:              0
   Number of cells:               1556
     $add                           81
     $and                          180
     $dffe                           3
     $dlatch                        24
     $eq                            85
     $ge                             2
     $gt                             1
     $le                             1
     $logic_and                      8
     $logic_not                     68
     $logic_or                       8
     $lt                             8
     $mul                            4
     $mux                          257
     $not                           92
     $or                           122
     $pmux                         296
     $reduce_and                    32
     $reduce_bool                    2
     $reduce_or                    121
     $sdff                          93
     $sdffe                          4
     $sub                           28
     $xor                           36

