
5. Printing statistics.

=== rayinterface ===

   Number of wires:                 33
   Number of wire bits:            153
   Number of public wires:          18
   Number of public wire bits:     128
   Number of memories:               0
   Number of memory bits:            0
   Number of processes:              0
   Number of cells:                 24
     $and_1                          1
     $mux_1                          5
     $mux_3                          2
     $mux_4                          2
     $ne_2                           1
     $not_1                          1
     $reduce_and_2                   1
     $reduce_bool_2                  1
     $reduce_or_2                    1
     $sdff_1                         1
     $sdff_3                         2
     $sdff_32                        1
     $sdff_4                         1
     $sdffe_1                        2
     $sdffe_31                       1
     $sdffe_4                        1

