
5. Printing statistics.

=== resultinterface ===

   Number of wires:                 73
   Number of wire bits:            574
   Number of public wires:          40
   Number of public wire bits:     535
   Number of memories:               0
   Number of memory bits:            0
   Number of processes:              0
   Number of cells:                 69
     $and_1                         10
     $dlatch_1                       4
     $dlatch_16                      9
     $dlatch_2                       1
     $dlatch_32                      3
     $dlatch_4                       1
     $eq_4                           8
     $logic_not_4                    1
     $mux_1                          1
     $mux_4                          1
     $not_1                         10
     $pmux_4                         1
     $reduce_or_2                    1
     $sdff_1                         4
     $sdff_16                        9
     $sdff_2                         1
     $sdff_32                        3
     $sdff_4                         1

