
5. Printing statistics.

=== resulttransmit ===

   Number of wires:                 96
   Number of wire bits:            477
   Number of public wires:          46
   Number of public wire bits:     386
   Number of memories:               0
   Number of memory bits:            0
   Number of processes:              0
   Number of cells:                 68
     $and_1                          8
     $dffe_1                         8
     $dlatch_1                       1
     $dlatch_2                       1
     $dlatch_32                      1
     $dlatch_4                       1
     $eq_4                           8
     $logic_not_4                    1
     $logic_or_16                   11
     $mux_2                          1
     $mux_4                          2
     $not_1                         10
     $pmux_1                         1
     $pmux_32                        1
     $pmux_4                         1
     $reduce_and_2                   2
     $reduce_or_2                    2
     $reduce_or_4                    1
     $reduce_or_6                    1
     $sdff_1                         1
     $sdff_2                         1
     $sdff_32                        1
     $sdff_4                         1
     $sdffe_1                        2

