
5. Printing statistics.

=== sramcontroller ===

   Number of wires:                 97
   Number of wire bits:            747
   Number of public wires:          27
   Number of public wire bits:     507
   Number of memories:               0
   Number of memory bits:            0
   Number of processes:              0
   Number of cells:                 86
     $add_32                         1
     $and_1                         24
     $dffe_3                         1
     $dlatch_1                       4
     $dlatch_18                      1
     $dlatch_19                      1
     $dlatch_2                       1
     $dlatch_3                       2
     $dlatch_64                      2
     $dlatch_8                       1
     $eq_3                           5
     $logic_not_3                    1
     $mux_1                          4
     $mux_18                         1
     $mux_2                          1
     $mux_3                          6
     $mux_64                         1
     $mux_8                          1
     $not_1                         10
     $pmux_19                        1
     $pmux_3                         2
     $reduce_or_2                    7
     $reduce_or_3                    2
     $reduce_or_4                    1
     $reduce_or_5                    1
     $sdff_1                         1
     $sdff_18                        1
     $sdff_3                         1
     $sdff_64                        1

