
5. Printing statistics.

=== $paramod$058c6f8c26a499fadb7bf4f0083f81a0616d373e\dual_port_ram ===

   Number of wires:                 17
   Number of wire bits:            127
   Number of public wires:           9
   Number of public wire bits:      57
   Number of memories:               1
   Number of memory bits:           88
   Number of processes:              0
   Number of cells:                 12
     $dffe_8                         2
     $memrd                          2
     $memwr_v2                       2
     $mux_1                          2
     $mux_11                         2
     $mux_8                          2

=== DLA ===

   Number of wires:               1166
   Number of wire bits:          17955
   Number of public wires:        1166
   Number of public wire bits:   17955
   Number of memories:               0
   Number of memory bits:            0
   Number of processes:              0
   Number of cells:                102
     inverse_winograd_0              1
     inverse_winograd_1              1
     inverse_winograd_10             1
     inverse_winograd_11             1
     inverse_winograd_12             1
     inverse_winograd_13             1
     inverse_winograd_14             1
     inverse_winograd_15             1
     inverse_winograd_16             1
     inverse_winograd_17             1
     inverse_winograd_18             1
     inverse_winograd_19             1
     inverse_winograd_2              1
     inverse_winograd_20             1
     inverse_winograd_21             1
     inverse_winograd_22             1
     inverse_winograd_23             1
     inverse_winograd_3              1
     inverse_winograd_4              1
     inverse_winograd_5              1
     inverse_winograd_6              1
     inverse_winograd_7              1
     inverse_winograd_8              1
     inverse_winograd_9              1
     pooling                        24
     processing_element             24
     signal_width_reducer            1
     store_output                    1
     stream_buffer_0_0               1
     stream_buffer_0_1               1
     stream_buffer_0_2               1
     stream_buffer_0_3               1
     stream_buffer_1_0               1
     stream_buffer_1_1               1
     stream_buffer_1_2               1
     stream_buffer_1_3               1
     stream_buffer_2_0               1
     stream_buffer_2_1               1
     stream_buffer_2_2               1
     stream_buffer_2_3               1
     stream_buffer_3_0               1
     stream_buffer_3_1               1
     stream_buffer_3_2               1
     stream_buffer_3_3               1
     stream_buffer_4_0               1
     stream_buffer_4_1               1
     stream_buffer_4_2               1
     stream_buffer_4_3               1
     stream_buffer_5_0               1
     stream_buffer_5_1               1
     stream_buffer_5_2               1
     stream_buffer_5_3               1
     winograd_transform_0            1
     winograd_transform_1            1
     winograd_transform_2            1
     winograd_transform_3            1

=== accumulator_24_30_4 ===

   Number of wires:                 14
   Number of wire bits:            298
   Number of public wires:          11
   Number of public wire bits:     237
   Number of memories:               0
   Number of memory bits:            0
   Number of processes:              0
   Number of cells:                  9
     $add_30                         1
     $mux_30                         1
     $reduce_or_2                    1
     $sdff_30                        5
     $sdffe_30                       1

=== buffer_16_12100_buffer_init_00 ===

   Number of wires:                 12
   Number of wire bits:            156
   Number of public wires:          12
   Number of public wire bits:     156
   Number of memories:               0
   Number of memory bits:            0
   Number of processes:              0
   Number of cells:                  4
     $dff_14                         1
     $dff_16                         2
     dual_port_ram                   1

=== buffer_16_12100_buffer_init_01 ===

   Number of wires:                 12
   Number of wire bits:            156
   Number of public wires:          12
   Number of public wire bits:     156
   Number of memories:               0
   Number of memory bits:            0
   Number of processes:              0
   Number of cells:                  4
     $dff_14                         1
     $dff_16                         2
     dual_port_ram                   1

=== buffer_16_12100_buffer_init_02 ===

   Number of wires:                 12
   Number of wire bits:            156
   Number of public wires:          12
   Number of public wire bits:     156
   Number of memories:               0
   Number of memory bits:            0
   Number of processes:              0
   Number of cells:                  4
     $dff_14                         1
     $dff_16                         2
     dual_port_ram                   1

=== buffer_16_12100_buffer_init_03 ===

   Number of wires:                 12
   Number of wire bits:            156
   Number of public wires:          12
   Number of public wire bits:     156
   Number of memories:               0
   Number of memory bits:            0
   Number of processes:              0
   Number of cells:                  4
     $dff_14                         1
     $dff_16                         2
     dual_port_ram                   1

=== buffer_16_12100_buffer_init_04 ===

   Number of wires:                 12
   Number of wire bits:            156
   Number of public wires:          12
   Number of public wire bits:     156
   Number of memories:               0
   Number of memory bits:            0
   Number of processes:              0
   Number of cells:                  4
     $dff_14                         1
     $dff_16                         2
     dual_port_ram                   1

=== buffer_16_12100_buffer_init_05 ===

   Number of wires:                 12
   Number of wire bits:            156
   Number of public wires:          12
   Number of public wire bits:     156
   Number of memories:               0
   Number of memory bits:            0
   Number of processes:              0
   Number of cells:                  4
     $dff_14                         1
     $dff_16                         2
     dual_port_ram                   1

=== buffer_16_12100_buffer_init_10 ===

   Number of wires:                 12
   Number of wire bits:            156
   Number of public wires:          12
   Number of public wire bits:     156
   Number of memories:               0
   Number of memory bits:            0
   Number of processes:              0
   Number of cells:                  4
     $dff_14                         1
     $dff_16                         2
     dual_port_ram                   1

=== buffer_16_12100_buffer_init_11 ===

   Number of wires:                 12
   Number of wire bits:            156
   Number of public wires:          12
   Number of public wire bits:     156
   Number of memories:               0
   Number of memory bits:            0
   Number of processes:              0
   Number of cells:                  4
     $dff_14                         1
     $dff_16                         2
     dual_port_ram                   1

=== buffer_16_12100_buffer_init_12 ===

   Number of wires:                 12
   Number of wire bits:            156
   Number of public wires:          12
   Number of public wire bits:     156
   Number of memories:               0
   Number of memory bits:            0
   Number of processes:              0
   Number of cells:                  4
     $dff_14                         1
     $dff_16                         2
     dual_port_ram                   1

=== buffer_16_12100_buffer_init_13 ===

   Number of wires:                 12
   Number of wire bits:            156
   Number of public wires:          12
   Number of public wire bits:     156
   Number of memories:               0
   Number of memory bits:            0
   Number of processes:              0
   Number of cells:                  4
     $dff_14                         1
     $dff_16                         2
     dual_port_ram                   1

=== buffer_16_12100_buffer_init_14 ===

   Number of wires:                 12
   Number of wire bits:            156
   Number of public wires:          12
   Number of public wire bits:     156
   Number of memories:               0
   Number of memory bits:            0
   Number of processes:              0
   Number of cells:                  4
     $dff_14                         1
     $dff_16                         2
     dual_port_ram                   1

=== buffer_16_12100_buffer_init_15 ===

   Number of wires:                 12
   Number of wire bits:            156
   Number of public wires:          12
   Number of public wire bits:     156
   Number of memories:               0
   Number of memory bits:            0
   Number of processes:              0
   Number of cells:                  4
     $dff_14                         1
     $dff_16                         2
     dual_port_ram                   1

=== buffer_16_12100_buffer_init_20 ===

   Number of wires:                 12
   Number of wire bits:            156
   Number of public wires:          12
   Number of public wire bits:     156
   Number of memories:               0
   Number of memory bits:            0
   Number of processes:              0
   Number of cells:                  4
     $dff_14                         1
     $dff_16                         2
     dual_port_ram                   1

=== buffer_16_12100_buffer_init_21 ===

   Number of wires:                 12
   Number of wire bits:            156
   Number of public wires:          12
   Number of public wire bits:     156
   Number of memories:               0
   Number of memory bits:            0
   Number of processes:              0
   Number of cells:                  4
     $dff_14                         1
     $dff_16                         2
     dual_port_ram                   1

=== buffer_16_12100_buffer_init_22 ===

   Number of wires:                 12
   Number of wire bits:            156
   Number of public wires:          12
   Number of public wire bits:     156
   Number of memories:               0
   Number of memory bits:            0
   Number of processes:              0
   Number of cells:                  4
     $dff_14                         1
     $dff_16                         2
     dual_port_ram                   1

=== buffer_16_12100_buffer_init_23 ===

   Number of wires:                 12
   Number of wire bits:            156
   Number of public wires:          12
   Number of public wire bits:     156
   Number of memories:               0
   Number of memory bits:            0
   Number of processes:              0
   Number of cells:                  4
     $dff_14                         1
     $dff_16                         2
     dual_port_ram                   1

=== buffer_16_12100_buffer_init_24 ===

   Number of wires:                 12
   Number of wire bits:            156
   Number of public wires:          12
   Number of public wire bits:     156
   Number of memories:               0
   Number of memory bits:            0
   Number of processes:              0
   Number of cells:                  4
     $dff_14                         1
     $dff_16                         2
     dual_port_ram                   1

=== buffer_16_12100_buffer_init_25 ===

   Number of wires:                 12
   Number of wire bits:            156
   Number of public wires:          12
   Number of public wire bits:     156
   Number of memories:               0
   Number of memory bits:            0
   Number of processes:              0
   Number of cells:                  4
     $dff_14                         1
     $dff_16                         2
     dual_port_ram                   1

=== buffer_16_12100_buffer_init_30 ===

   Number of wires:                 12
   Number of wire bits:            156
   Number of public wires:          12
   Number of public wire bits:     156
   Number of memories:               0
   Number of memory bits:            0
   Number of processes:              0
   Number of cells:                  4
     $dff_14                         1
     $dff_16                         2
     dual_port_ram                   1

=== buffer_16_12100_buffer_init_31 ===

   Number of wires:                 12
   Number of wire bits:            156
   Number of public wires:          12
   Number of public wire bits:     156
   Number of memories:               0
   Number of memory bits:            0
   Number of processes:              0
   Number of cells:                  4
     $dff_14                         1
     $dff_16                         2
     dual_port_ram                   1

=== buffer_16_12100_buffer_init_32 ===

   Number of wires:                 12
   Number of wire bits:            156
   Number of public wires:          12
   Number of public wire bits:     156
   Number of memories:               0
   Number of memory bits:            0
   Number of processes:              0
   Number of cells:                  4
     $dff_14                         1
     $dff_16                         2
     dual_port_ram                   1

=== buffer_16_12100_buffer_init_33 ===

   Number of wires:                 12
   Number of wire bits:            156
   Number of public wires:          12
   Number of public wire bits:     156
   Number of memories:               0
   Number of memory bits:            0
   Number of processes:              0
   Number of cells:                  4
     $dff_14                         1
     $dff_16                         2
     dual_port_ram                   1

=== buffer_16_12100_buffer_init_34 ===

   Number of wires:                 12
   Number of wire bits:            156
   Number of public wires:          12
   Number of public wire bits:     156
   Number of memories:               0
   Number of memory bits:            0
   Number of processes:              0
   Number of cells:                  4
     $dff_14                         1
     $dff_16                         2
     dual_port_ram                   1

=== buffer_16_12100_buffer_init_35 ===

   Number of wires:                 12
   Number of wire bits:            156
   Number of public wires:          12
   Number of public wire bits:     156
   Number of memories:               0
   Number of memory bits:            0
   Number of processes:              0
   Number of cells:                  4
     $dff_14                         1
     $dff_16                         2
     dual_port_ram                   1

=== dot_product_16_8_30_4 ===

   Number of wires:                 29
   Number of wire bits:            444
   Number of public wires:          29
   Number of public wire bits:     444
   Number of memories:               0
   Number of memory bits:            0
   Number of processes:              0
   Number of cells:                 16
     $dff_1                          1
     $sdff_1                         1
     $sdff_16                        6
     $sdff_8                         6
     dsp_block_16_8_false            1
     dsp_block_16_8_true             1

=== dsp_block_16_8_false ===

   Number of wires:                 19
   Number of wire bits:            518
   Number of public wires:          15
   Number of public wire bits:     262
   Number of memories:               0
   Number of memory bits:            0
   Number of processes:              0
   Number of cells:                  9
     $add_64                         2
     $mul_64                         2
     $sdff_16                        2
     $sdff_24                        1
     $sdff_8                         2

=== dsp_block_16_8_true ===

   Number of wires:                 19
   Number of wire bits:            518
   Number of public wires:          15
   Number of public wire bits:     262
   Number of memories:               0
   Number of memory bits:            0
   Number of processes:              0
   Number of cells:                  9
     $add_64                         2
     $mul_64                         2
     $sdff_16                        2
     $sdff_24                        1
     $sdff_8                         2

=== dual_port_ram ===

   Number of wires:                 17
   Number of wire bits:            219
   Number of public wires:           9
   Number of public wire bits:      95
   Number of memories:               1
   Number of memory bits:          224
   Number of processes:              0
   Number of cells:                 12
     $dffe_16                        2
     $memrd                          2
     $memwr_v2                       2
     $mux_1                          2
     $mux_14                         2
     $mux_16                         2

=== inverse_winograd_0 ===

   Number of wires:                376
   Number of wire bits:           9560
   Number of public wires:         223
   Number of public wire bits:    5568
   Number of memories:               0
   Number of memory bits:            0
   Number of processes:              0
   Number of cells:                360
     $add_2                          1
     $dff_1                         28
     $dff_3                          1
     $dff_30                       112
     $dffe_30                       44
     $eq_2                           1
     $eq_3                           2
     $logic_not_3                    1
     $lt_32                          1
     $mux_16                         4
     $mux_3                          6
     $mux_30                       132
     $ne_2                           1
     $ne_3                           1
     $neg_30                         7
     $not_1                          3
     $reduce_and_3                   2
     $reduce_and_4                   1
     $reduce_bool_2                  2
     $sdffe_1                        1
     $sdffe_2                        1
     inverse_winograd_adder_30_3      8

=== inverse_winograd_1 ===

   Number of wires:                371
   Number of wire bits:           9439
   Number of public wires:         218
   Number of public wire bits:    5447
   Number of memories:               0
   Number of memory bits:            0
   Number of processes:              0
   Number of cells:                355
     $add_2                          1
     $dff_1                         27
     $dff_3                          1
     $dff_30                       108
     $dffe_30                       44
     $eq_2                           1
     $eq_3                           2
     $logic_not_3                    1
     $lt_32                          1
     $mux_16                         4
     $mux_3                          6
     $mux_30                       132
     $ne_2                           1
     $ne_3                           1
     $neg_30                         7
     $not_1                          3
     $reduce_and_3                   2
     $reduce_and_4                   1
     $reduce_bool_2                  2
     $sdffe_1                        1
     $sdffe_2                        1
     inverse_winograd_adder_30_3      8

=== inverse_winograd_10 ===

   Number of wires:                326
   Number of wire bits:           8350
   Number of public wires:         173
   Number of public wire bits:    4358
   Number of memories:               0
   Number of memory bits:            0
   Number of processes:              0
   Number of cells:                310
     $add_2                          1
     $dff_1                         18
     $dff_3                          1
     $dff_30                        72
     $dffe_30                       44
     $eq_2                           1
     $eq_3                           2
     $logic_not_3                    1
     $lt_32                          1
     $mux_16                         4
     $mux_3                          6
     $mux_30                       132
     $ne_2                           1
     $ne_3                           1
     $neg_30                         7
     $not_1                          3
     $reduce_and_3                   2
     $reduce_and_4                   1
     $reduce_bool_2                  2
     $sdffe_1                        1
     $sdffe_2                        1
     inverse_winograd_adder_30_3      8

=== inverse_winograd_11 ===

   Number of wires:                321
   Number of wire bits:           8229
   Number of public wires:         168
   Number of public wire bits:    4237
   Number of memories:               0
   Number of memory bits:            0
   Number of processes:              0
   Number of cells:                305
     $add_2                          1
     $dff_1                         17
     $dff_3                          1
     $dff_30                        68
     $dffe_30                       44
     $eq_2                           1
     $eq_3                           2
     $logic_not_3                    1
     $lt_32                          1
     $mux_16                         4
     $mux_3                          6
     $mux_30                       132
     $ne_2                           1
     $ne_3                           1
     $neg_30                         7
     $not_1                          3
     $reduce_and_3                   2
     $reduce_and_4                   1
     $reduce_bool_2                  2
     $sdffe_1                        1
     $sdffe_2                        1
     inverse_winograd_adder_30_3      8

=== inverse_winograd_12 ===

   Number of wires:                316
   Number of wire bits:           8108
   Number of public wires:         163
   Number of public wire bits:    4116
   Number of memories:               0
   Number of memory bits:            0
   Number of processes:              0
   Number of cells:                300
     $add_2                          1
     $dff_1                         16
     $dff_3                          1
     $dff_30                        64
     $dffe_30                       44
     $eq_2                           1
     $eq_3                           2
     $logic_not_3                    1
     $lt_32                          1
     $mux_16                         4
     $mux_3                          6
     $mux_30                       132
     $ne_2                           1
     $ne_3                           1
     $neg_30                         7
     $not_1                          3
     $reduce_and_3                   2
     $reduce_and_4                   1
     $reduce_bool_2                  2
     $sdffe_1                        1
     $sdffe_2                        1
     inverse_winograd_adder_30_3      8

=== inverse_winograd_13 ===

   Number of wires:                311
   Number of wire bits:           7987
   Number of public wires:         158
   Number of public wire bits:    3995
   Number of memories:               0
   Number of memory bits:            0
   Number of processes:              0
   Number of cells:                295
     $add_2                          1
     $dff_1                         15
     $dff_3                          1
     $dff_30                        60
     $dffe_30                       44
     $eq_2                           1
     $eq_3                           2
     $logic_not_3                    1
     $lt_32                          1
     $mux_16                         4
     $mux_3                          6
     $mux_30                       132
     $ne_2                           1
     $ne_3                           1
     $neg_30                         7
     $not_1                          3
     $reduce_and_3                   2
     $reduce_and_4                   1
     $reduce_bool_2                  2
     $sdffe_1                        1
     $sdffe_2                        1
     inverse_winograd_adder_30_3      8

=== inverse_winograd_14 ===

   Number of wires:                306
   Number of wire bits:           7866
   Number of public wires:         153
   Number of public wire bits:    3874
   Number of memories:               0
   Number of memory bits:            0
   Number of processes:              0
   Number of cells:                290
     $add_2                          1
     $dff_1                         14
     $dff_3                          1
     $dff_30                        56
     $dffe_30                       44
     $eq_2                           1
     $eq_3                           2
     $logic_not_3                    1
     $lt_32                          1
     $mux_16                         4
     $mux_3                          6
     $mux_30                       132
     $ne_2                           1
     $ne_3                           1
     $neg_30                         7
     $not_1                          3
     $reduce_and_3                   2
     $reduce_and_4                   1
     $reduce_bool_2                  2
     $sdffe_1                        1
     $sdffe_2                        1
     inverse_winograd_adder_30_3      8

=== inverse_winograd_15 ===

   Number of wires:                301
   Number of wire bits:           7745
   Number of public wires:         148
   Number of public wire bits:    3753
   Number of memories:               0
   Number of memory bits:            0
   Number of processes:              0
   Number of cells:                285
     $add_2                          1
     $dff_1                         13
     $dff_3                          1
     $dff_30                        52
     $dffe_30                       44
     $eq_2                           1
     $eq_3                           2
     $logic_not_3                    1
     $lt_32                          1
     $mux_16                         4
     $mux_3                          6
     $mux_30                       132
     $ne_2                           1
     $ne_3                           1
     $neg_30                         7
     $not_1                          3
     $reduce_and_3                   2
     $reduce_and_4                   1
     $reduce_bool_2                  2
     $sdffe_1                        1
     $sdffe_2                        1
     inverse_winograd_adder_30_3      8

=== inverse_winograd_16 ===

   Number of wires:                296
   Number of wire bits:           7624
   Number of public wires:         143
   Number of public wire bits:    3632
   Number of memories:               0
   Number of memory bits:            0
   Number of processes:              0
   Number of cells:                280
     $add_2                          1
     $dff_1                         12
     $dff_3                          1
     $dff_30                        48
     $dffe_30                       44
     $eq_2                           1
     $eq_3                           2
     $logic_not_3                    1
     $lt_32                          1
     $mux_16                         4
     $mux_3                          6
     $mux_30                       132
     $ne_2                           1
     $ne_3                           1
     $neg_30                         7
     $not_1                          3
     $reduce_and_3                   2
     $reduce_and_4                   1
     $reduce_bool_2                  2
     $sdffe_1                        1
     $sdffe_2                        1
     inverse_winograd_adder_30_3      8

=== inverse_winograd_17 ===

   Number of wires:                291
   Number of wire bits:           7503
   Number of public wires:         138
   Number of public wire bits:    3511
   Number of memories:               0
   Number of memory bits:            0
   Number of processes:              0
   Number of cells:                275
     $add_2                          1
     $dff_1                         11
     $dff_3                          1
     $dff_30                        44
     $dffe_30                       44
     $eq_2                           1
     $eq_3                           2
     $logic_not_3                    1
     $lt_32                          1
     $mux_16                         4
     $mux_3                          6
     $mux_30                       132
     $ne_2                           1
     $ne_3                           1
     $neg_30                         7
     $not_1                          3
     $reduce_and_3                   2
     $reduce_and_4                   1
     $reduce_bool_2                  2
     $sdffe_1                        1
     $sdffe_2                        1
     inverse_winograd_adder_30_3      8

=== inverse_winograd_18 ===

   Number of wires:                286
   Number of wire bits:           7382
   Number of public wires:         133
   Number of public wire bits:    3390
   Number of memories:               0
   Number of memory bits:            0
   Number of processes:              0
   Number of cells:                270
     $add_2                          1
     $dff_1                         10
     $dff_3                          1
     $dff_30                        40
     $dffe_30                       44
     $eq_2                           1
     $eq_3                           2
     $logic_not_3                    1
     $lt_32                          1
     $mux_16                         4
     $mux_3                          6
     $mux_30                       132
     $ne_2                           1
     $ne_3                           1
     $neg_30                         7
     $not_1                          3
     $reduce_and_3                   2
     $reduce_and_4                   1
     $reduce_bool_2                  2
     $sdffe_1                        1
     $sdffe_2                        1
     inverse_winograd_adder_30_3      8

=== inverse_winograd_19 ===

   Number of wires:                281
   Number of wire bits:           7261
   Number of public wires:         128
   Number of public wire bits:    3269
   Number of memories:               0
   Number of memory bits:            0
   Number of processes:              0
   Number of cells:                265
     $add_2                          1
     $dff_1                          9
     $dff_3                          1
     $dff_30                        36
     $dffe_30                       44
     $eq_2                           1
     $eq_3                           2
     $logic_not_3                    1
     $lt_32                          1
     $mux_16                         4
     $mux_3                          6
     $mux_30                       132
     $ne_2                           1
     $ne_3                           1
     $neg_30                         7
     $not_1                          3
     $reduce_and_3                   2
     $reduce_and_4                   1
     $reduce_bool_2                  2
     $sdffe_1                        1
     $sdffe_2                        1
     inverse_winograd_adder_30_3      8

=== inverse_winograd_2 ===

   Number of wires:                366
   Number of wire bits:           9318
   Number of public wires:         213
   Number of public wire bits:    5326
   Number of memories:               0
   Number of memory bits:            0
   Number of processes:              0
   Number of cells:                350
     $add_2                          1
     $dff_1                         26
     $dff_3                          1
     $dff_30                       104
     $dffe_30                       44
     $eq_2                           1
     $eq_3                           2
     $logic_not_3                    1
     $lt_32                          1
     $mux_16                         4
     $mux_3                          6
     $mux_30                       132
     $ne_2                           1
     $ne_3                           1
     $neg_30                         7
     $not_1                          3
     $reduce_and_3                   2
     $reduce_and_4                   1
     $reduce_bool_2                  2
     $sdffe_1                        1
     $sdffe_2                        1
     inverse_winograd_adder_30_3      8

=== inverse_winograd_20 ===

   Number of wires:                276
   Number of wire bits:           7140
   Number of public wires:         123
   Number of public wire bits:    3148
   Number of memories:               0
   Number of memory bits:            0
   Number of processes:              0
   Number of cells:                260
     $add_2                          1
     $dff_1                          8
     $dff_3                          1
     $dff_30                        32
     $dffe_30                       44
     $eq_2                           1
     $eq_3                           2
     $logic_not_3                    1
     $lt_32                          1
     $mux_16                         4
     $mux_3                          6
     $mux_30                       132
     $ne_2                           1
     $ne_3                           1
     $neg_30                         7
     $not_1                          3
     $reduce_and_3                   2
     $reduce_and_4                   1
     $reduce_bool_2                  2
     $sdffe_1                        1
     $sdffe_2                        1
     inverse_winograd_adder_30_3      8

=== inverse_winograd_21 ===

   Number of wires:                271
   Number of wire bits:           7019
   Number of public wires:         118
   Number of public wire bits:    3027
   Number of memories:               0
   Number of memory bits:            0
   Number of processes:              0
   Number of cells:                255
     $add_2                          1
     $dff_1                          7
     $dff_3                          1
     $dff_30                        28
     $dffe_30                       44
     $eq_2                           1
     $eq_3                           2
     $logic_not_3                    1
     $lt_32                          1
     $mux_16                         4
     $mux_3                          6
     $mux_30                       132
     $ne_2                           1
     $ne_3                           1
     $neg_30                         7
     $not_1                          3
     $reduce_and_3                   2
     $reduce_and_4                   1
     $reduce_bool_2                  2
     $sdffe_1                        1
     $sdffe_2                        1
     inverse_winograd_adder_30_3      8

=== inverse_winograd_22 ===

   Number of wires:                266
   Number of wire bits:           6898
   Number of public wires:         113
   Number of public wire bits:    2906
   Number of memories:               0
   Number of memory bits:            0
   Number of processes:              0
   Number of cells:                250
     $add_2                          1
     $dff_1                          6
     $dff_3                          1
     $dff_30                        24
     $dffe_30                       44
     $eq_2                           1
     $eq_3                           2
     $logic_not_3                    1
     $lt_32                          1
     $mux_16                         4
     $mux_3                          6
     $mux_30                       132
     $ne_2                           1
     $ne_3                           1
     $neg_30                         7
     $not_1                          3
     $reduce_and_3                   2
     $reduce_and_4                   1
     $reduce_bool_2                  2
     $sdffe_1                        1
     $sdffe_2                        1
     inverse_winograd_adder_30_3      8

=== inverse_winograd_23 ===

   Number of wires:                261
   Number of wire bits:           6777
   Number of public wires:         108
   Number of public wire bits:    2785
   Number of memories:               0
   Number of memory bits:            0
   Number of processes:              0
   Number of cells:                245
     $add_2                          1
     $dff_1                          5
     $dff_3                          1
     $dff_30                        20
     $dffe_30                       44
     $eq_2                           1
     $eq_3                           2
     $logic_not_3                    1
     $lt_32                          1
     $mux_16                         4
     $mux_3                          6
     $mux_30                       132
     $ne_2                           1
     $ne_3                           1
     $neg_30                         7
     $not_1                          3
     $reduce_and_3                   2
     $reduce_and_4                   1
     $reduce_bool_2                  2
     $sdffe_1                        1
     $sdffe_2                        1
     inverse_winograd_adder_30_3      8

=== inverse_winograd_3 ===

   Number of wires:                361
   Number of wire bits:           9197
   Number of public wires:         208
   Number of public wire bits:    5205
   Number of memories:               0
   Number of memory bits:            0
   Number of processes:              0
   Number of cells:                345
     $add_2                          1
     $dff_1                         25
     $dff_3                          1
     $dff_30                       100
     $dffe_30                       44
     $eq_2                           1
     $eq_3                           2
     $logic_not_3                    1
     $lt_32                          1
     $mux_16                         4
     $mux_3                          6
     $mux_30                       132
     $ne_2                           1
     $ne_3                           1
     $neg_30                         7
     $not_1                          3
     $reduce_and_3                   2
     $reduce_and_4                   1
     $reduce_bool_2                  2
     $sdffe_1                        1
     $sdffe_2                        1
     inverse_winograd_adder_30_3      8

=== inverse_winograd_4 ===

   Number of wires:                356
   Number of wire bits:           9076
   Number of public wires:         203
   Number of public wire bits:    5084
   Number of memories:               0
   Number of memory bits:            0
   Number of processes:              0
   Number of cells:                340
     $add_2                          1
     $dff_1                         24
     $dff_3                          1
     $dff_30                        96
     $dffe_30                       44
     $eq_2                           1
     $eq_3                           2
     $logic_not_3                    1
     $lt_32                          1
     $mux_16                         4
     $mux_3                          6
     $mux_30                       132
     $ne_2                           1
     $ne_3                           1
     $neg_30                         7
     $not_1                          3
     $reduce_and_3                   2
     $reduce_and_4                   1
     $reduce_bool_2                  2
     $sdffe_1                        1
     $sdffe_2                        1
     inverse_winograd_adder_30_3      8

=== inverse_winograd_5 ===

   Number of wires:                351
   Number of wire bits:           8955
   Number of public wires:         198
   Number of public wire bits:    4963
   Number of memories:               0
   Number of memory bits:            0
   Number of processes:              0
   Number of cells:                335
     $add_2                          1
     $dff_1                         23
     $dff_3                          1
     $dff_30                        92
     $dffe_30                       44
     $eq_2                           1
     $eq_3                           2
     $logic_not_3                    1
     $lt_32                          1
     $mux_16                         4
     $mux_3                          6
     $mux_30                       132
     $ne_2                           1
     $ne_3                           1
     $neg_30                         7
     $not_1                          3
     $reduce_and_3                   2
     $reduce_and_4                   1
     $reduce_bool_2                  2
     $sdffe_1                        1
     $sdffe_2                        1
     inverse_winograd_adder_30_3      8

=== inverse_winograd_6 ===

   Number of wires:                346
   Number of wire bits:           8834
   Number of public wires:         193
   Number of public wire bits:    4842
   Number of memories:               0
   Number of memory bits:            0
   Number of processes:              0
   Number of cells:                330
     $add_2                          1
     $dff_1                         22
     $dff_3                          1
     $dff_30                        88
     $dffe_30                       44
     $eq_2                           1
     $eq_3                           2
     $logic_not_3                    1
     $lt_32                          1
     $mux_16                         4
     $mux_3                          6
     $mux_30                       132
     $ne_2                           1
     $ne_3                           1
     $neg_30                         7
     $not_1                          3
     $reduce_and_3                   2
     $reduce_and_4                   1
     $reduce_bool_2                  2
     $sdffe_1                        1
     $sdffe_2                        1
     inverse_winograd_adder_30_3      8

=== inverse_winograd_7 ===

   Number of wires:                341
   Number of wire bits:           8713
   Number of public wires:         188
   Number of public wire bits:    4721
   Number of memories:               0
   Number of memory bits:            0
   Number of processes:              0
   Number of cells:                325
     $add_2                          1
     $dff_1                         21
     $dff_3                          1
     $dff_30                        84
     $dffe_30                       44
     $eq_2                           1
     $eq_3                           2
     $logic_not_3                    1
     $lt_32                          1
     $mux_16                         4
     $mux_3                          6
     $mux_30                       132
     $ne_2                           1
     $ne_3                           1
     $neg_30                         7
     $not_1                          3
     $reduce_and_3                   2
     $reduce_and_4                   1
     $reduce_bool_2                  2
     $sdffe_1                        1
     $sdffe_2                        1
     inverse_winograd_adder_30_3      8

=== inverse_winograd_8 ===

   Number of wires:                336
   Number of wire bits:           8592
   Number of public wires:         183
   Number of public wire bits:    4600
   Number of memories:               0
   Number of memory bits:            0
   Number of processes:              0
   Number of cells:                320
     $add_2                          1
     $dff_1                         20
     $dff_3                          1
     $dff_30                        80
     $dffe_30                       44
     $eq_2                           1
     $eq_3                           2
     $logic_not_3                    1
     $lt_32                          1
     $mux_16                         4
     $mux_3                          6
     $mux_30                       132
     $ne_2                           1
     $ne_3                           1
     $neg_30                         7
     $not_1                          3
     $reduce_and_3                   2
     $reduce_and_4                   1
     $reduce_bool_2                  2
     $sdffe_1                        1
     $sdffe_2                        1
     inverse_winograd_adder_30_3      8

=== inverse_winograd_9 ===

   Number of wires:                331
   Number of wire bits:           8471
   Number of public wires:         178
   Number of public wire bits:    4479
   Number of memories:               0
   Number of memory bits:            0
   Number of processes:              0
   Number of cells:                315
     $add_2                          1
     $dff_1                         19
     $dff_3                          1
     $dff_30                        76
     $dffe_30                       44
     $eq_2                           1
     $eq_3                           2
     $logic_not_3                    1
     $lt_32                          1
     $mux_16                         4
     $mux_3                          6
     $mux_30                       132
     $ne_2                           1
     $ne_3                           1
     $neg_30                         7
     $not_1                          3
     $reduce_and_3                   2
     $reduce_and_4                   1
     $reduce_bool_2                  2
     $sdffe_1                        1
     $sdffe_2                        1
     inverse_winograd_adder_30_3      8

=== inverse_winograd_adder_30_3 ===

   Number of wires:                 19
   Number of wire bits:            574
   Number of public wires:          14
   Number of public wire bits:     409
   Number of memories:               0
   Number of memory bits:            0
   Number of processes:              0
   Number of cells:                 11
     $add_33                         5
     $dff_33                         6

=== pipelined_xor_tree_16 ===

   Number of wires:                 67
   Number of wire bits:             82
   Number of public wires:          52
   Number of public wire bits:      67
   Number of memories:               0
   Number of memory bits:            0
   Number of processes:              0
   Number of cells:                 36
     $sdff_1                        21
     $xor_1                         15

=== pooling ===

   Number of wires:                 35
   Number of wire bits:            275
   Number of public wires:          19
   Number of public wire bits:     184
   Number of memories:               0
   Number of memory bits:            0
   Number of processes:              0
   Number of cells:                 26
     $add_1                          1
     $dff_1                          3
     $dff_16                         2
     $dffe_16                        4
     $gt_16                          4
     $logic_or_1                     1
     $mux_16                         5
     $not_1                          2
     $reduce_and_2                   1
     $reduce_and_3                   1
     $reduce_or_3                    1
     $sdff_1                         1

=== processing_element ===

   Number of wires:                227
   Number of wire bits:           2385
   Number of public wires:         168
   Number of public wire bits:    2135
   Number of memories:               0
   Number of memory bits:            0
   Number of processes:              0
   Number of cells:                137
     $add_11                         2
     $add_16                         1
     $add_2                          2
     $add_32                         1
     $dff_1                          5
     $dffe_16                       24
     $eq_2                           1
     $le_32                          1
     $logic_and_1                    2
     $logic_not_2                    1
     $logic_or_1                     1
     $mux_1                         16
     $mux_11                         8
     $mux_16                         3
     $mux_2                          8
     $ne_3                           1
     $ne_4                           1
     $ne_5                           1
     $not_1                          5
     $reduce_and_2                   1
     $reduce_and_3                   1
     $reduce_and_4                   2
     $reduce_bool_2                  1
     $sdffce_1                       7
     $sdffce_11                      2
     $sdffce_16                      1
     $sdffce_2                       2
     $sdffe_1                       12
     accumulator_24_30_4             6
     dot_product_16_8_30_4           6
     weight_cache_2048_8_0_weight_init_00      1
     weight_cache_2048_8_0_weight_init_01      1
     weight_cache_2048_8_0_weight_init_02      1
     weight_cache_2048_8_0_weight_init_03      1
     weight_cache_2048_8_0_weight_init_04      1
     weight_cache_2048_8_0_weight_init_05      1
     weight_cache_2048_8_0_weight_init_20      1
     weight_cache_2048_8_0_weight_init_21      1
     weight_cache_2048_8_0_weight_init_22      1
     weight_cache_2048_8_0_weight_init_23      1
     weight_cache_2048_8_0_weight_init_24      1
     weight_cache_2048_8_0_weight_init_25      1

=== signal_width_reducer ===

   Number of wires:                 50
   Number of wire bits:            410
   Number of public wires:          50
   Number of public wire bits:     410
   Number of memories:               0
   Number of memory bits:            0
   Number of processes:              0
   Number of cells:                 24
     pipelined_xor_tree_16          24

=== store_output ===

   Number of wires:                161
   Number of wire bits:           1597
   Number of public wires:          97
   Number of public wire bits:    1254
   Number of memories:               0
   Number of memory bits:            0
   Number of processes:              0
   Number of cells:                103
     $add_14                         1
     $add_32                         2
     $add_6                          3
     $dff_1                          1
     $dff_14                         1
     $dff_16                        24
     $eq_6                           7
     $logic_and_1                    6
     $logic_not_6                    1
     $logic_or_1                     1
     $mux_1                          6
     $mux_14                         8
     $mux_6                         17
     $ne_2                           1
     $ne_3                           2
     $ne_4                           1
     $reduce_and_2                   3
     $reduce_and_3                   1
     $reduce_and_4                   2
     $reduce_bool_2                  2
     $sdffe_1                        6
     $sdffe_14                       2
     $sdffe_2                        1
     $sdffe_4                        1
     $sdffe_6                        3

=== stream_buffer_0_0 ===

   Number of wires:                 62
   Number of wire bits:            500
   Number of public wires:          33
   Number of public wire bits:     261
   Number of memories:               0
   Number of memory bits:            0
   Number of processes:              0
   Number of cells:                 45
     $add_14                         4
     $add_2                          4
     $add_32                         4
     $dff_1                          1
     $eq_2                           2
     $logic_and_1                    2
     $logic_not_2                    2
     $mux_1                          1
     $mux_14                         4
     $mux_16                         1
     $mux_2                          4
     $reduce_bool_2                  2
     $reduce_or_3                    2
     $sdff_1                         2
     $sdff_14                        2
     $sdff_2                         2
     $sdffe_14                       2
     $sdffe_2                        2
     buffer_16_12100_buffer_init_00      2

=== stream_buffer_0_1 ===

   Number of wires:                 62
   Number of wire bits:            500
   Number of public wires:          33
   Number of public wire bits:     261
   Number of memories:               0
   Number of memory bits:            0
   Number of processes:              0
   Number of cells:                 45
     $add_14                         4
     $add_2                          4
     $add_32                         4
     $dff_1                          1
     $eq_2                           2
     $logic_and_1                    2
     $logic_not_2                    2
     $mux_1                          1
     $mux_14                         4
     $mux_16                         1
     $mux_2                          4
     $reduce_bool_2                  2
     $reduce_or_3                    2
     $sdff_1                         2
     $sdff_14                        2
     $sdff_2                         2
     $sdffe_14                       2
     $sdffe_2                        2
     buffer_16_12100_buffer_init_10      2

=== stream_buffer_0_2 ===

   Number of wires:                 62
   Number of wire bits:            500
   Number of public wires:          33
   Number of public wire bits:     261
   Number of memories:               0
   Number of memory bits:            0
   Number of processes:              0
   Number of cells:                 45
     $add_14                         4
     $add_2                          4
     $add_32                         4
     $dff_1                          1
     $eq_2                           2
     $logic_and_1                    2
     $logic_not_2                    2
     $mux_1                          1
     $mux_14                         4
     $mux_16                         1
     $mux_2                          4
     $reduce_bool_2                  2
     $reduce_or_3                    2
     $sdff_1                         2
     $sdff_14                        2
     $sdff_2                         2
     $sdffe_14                       2
     $sdffe_2                        2
     buffer_16_12100_buffer_init_20      2

=== stream_buffer_0_3 ===

   Number of wires:                 62
   Number of wire bits:            500
   Number of public wires:          33
   Number of public wire bits:     261
   Number of memories:               0
   Number of memory bits:            0
   Number of processes:              0
   Number of cells:                 45
     $add_14                         4
     $add_2                          4
     $add_32                         4
     $dff_1                          1
     $eq_2                           2
     $logic_and_1                    2
     $logic_not_2                    2
     $mux_1                          1
     $mux_14                         4
     $mux_16                         1
     $mux_2                          4
     $reduce_bool_2                  2
     $reduce_or_3                    2
     $sdff_1                         2
     $sdff_14                        2
     $sdff_2                         2
     $sdffe_14                       2
     $sdffe_2                        2
     buffer_16_12100_buffer_init_30      2

=== stream_buffer_1_0 ===

   Number of wires:                 62
   Number of wire bits:            500
   Number of public wires:          33
   Number of public wire bits:     261
   Number of memories:               0
   Number of memory bits:            0
   Number of processes:              0
   Number of cells:                 45
     $add_14                         4
     $add_2                          4
     $add_32                         4
     $dff_1                          1
     $eq_2                           2
     $logic_and_1                    2
     $logic_not_2                    2
     $mux_1                          1
     $mux_14                         4
     $mux_16                         1
     $mux_2                          4
     $reduce_bool_2                  2
     $reduce_or_3                    2
     $sdff_1                         2
     $sdff_14                        2
     $sdff_2                         2
     $sdffe_14                       2
     $sdffe_2                        2
     buffer_16_12100_buffer_init_01      2

=== stream_buffer_1_1 ===

   Number of wires:                 62
   Number of wire bits:            500
   Number of public wires:          33
   Number of public wire bits:     261
   Number of memories:               0
   Number of memory bits:            0
   Number of processes:              0
   Number of cells:                 45
     $add_14                         4
     $add_2                          4
     $add_32                         4
     $dff_1                          1
     $eq_2                           2
     $logic_and_1                    2
     $logic_not_2                    2
     $mux_1                          1
     $mux_14                         4
     $mux_16                         1
     $mux_2                          4
     $reduce_bool_2                  2
     $reduce_or_3                    2
     $sdff_1                         2
     $sdff_14                        2
     $sdff_2                         2
     $sdffe_14                       2
     $sdffe_2                        2
     buffer_16_12100_buffer_init_11      2

=== stream_buffer_1_2 ===

   Number of wires:                 62
   Number of wire bits:            500
   Number of public wires:          33
   Number of public wire bits:     261
   Number of memories:               0
   Number of memory bits:            0
   Number of processes:              0
   Number of cells:                 45
     $add_14                         4
     $add_2                          4
     $add_32                         4
     $dff_1                          1
     $eq_2                           2
     $logic_and_1                    2
     $logic_not_2                    2
     $mux_1                          1
     $mux_14                         4
     $mux_16                         1
     $mux_2                          4
     $reduce_bool_2                  2
     $reduce_or_3                    2
     $sdff_1                         2
     $sdff_14                        2
     $sdff_2                         2
     $sdffe_14                       2
     $sdffe_2                        2
     buffer_16_12100_buffer_init_21      2

=== stream_buffer_1_3 ===

   Number of wires:                 62
   Number of wire bits:            500
   Number of public wires:          33
   Number of public wire bits:     261
   Number of memories:               0
   Number of memory bits:            0
   Number of processes:              0
   Number of cells:                 45
     $add_14                         4
     $add_2                          4
     $add_32                         4
     $dff_1                          1
     $eq_2                           2
     $logic_and_1                    2
     $logic_not_2                    2
     $mux_1                          1
     $mux_14                         4
     $mux_16                         1
     $mux_2                          4
     $reduce_bool_2                  2
     $reduce_or_3                    2
     $sdff_1                         2
     $sdff_14                        2
     $sdff_2                         2
     $sdffe_14                       2
     $sdffe_2                        2
     buffer_16_12100_buffer_init_31      2

=== stream_buffer_2_0 ===

   Number of wires:                 62
   Number of wire bits:            500
   Number of public wires:          33
   Number of public wire bits:     261
   Number of memories:               0
   Number of memory bits:            0
   Number of processes:              0
   Number of cells:                 45
     $add_14                         4
     $add_2                          4
     $add_32                         4
     $dff_1                          1
     $eq_2                           2
     $logic_and_1                    2
     $logic_not_2                    2
     $mux_1                          1
     $mux_14                         4
     $mux_16                         1
     $mux_2                          4
     $reduce_bool_2                  2
     $reduce_or_3                    2
     $sdff_1                         2
     $sdff_14                        2
     $sdff_2                         2
     $sdffe_14                       2
     $sdffe_2                        2
     buffer_16_12100_buffer_init_02      2

=== stream_buffer_2_1 ===

   Number of wires:                 62
   Number of wire bits:            500
   Number of public wires:          33
   Number of public wire bits:     261
   Number of memories:               0
   Number of memory bits:            0
   Number of processes:              0
   Number of cells:                 45
     $add_14                         4
     $add_2                          4
     $add_32                         4
     $dff_1                          1
     $eq_2                           2
     $logic_and_1                    2
     $logic_not_2                    2
     $mux_1                          1
     $mux_14                         4
     $mux_16                         1
     $mux_2                          4
     $reduce_bool_2                  2
     $reduce_or_3                    2
     $sdff_1                         2
     $sdff_14                        2
     $sdff_2                         2
     $sdffe_14                       2
     $sdffe_2                        2
     buffer_16_12100_buffer_init_12      2

=== stream_buffer_2_2 ===

   Number of wires:                 62
   Number of wire bits:            500
   Number of public wires:          33
   Number of public wire bits:     261
   Number of memories:               0
   Number of memory bits:            0
   Number of processes:              0
   Number of cells:                 45
     $add_14                         4
     $add_2                          4
     $add_32                         4
     $dff_1                          1
     $eq_2                           2
     $logic_and_1                    2
     $logic_not_2                    2
     $mux_1                          1
     $mux_14                         4
     $mux_16                         1
     $mux_2                          4
     $reduce_bool_2                  2
     $reduce_or_3                    2
     $sdff_1                         2
     $sdff_14                        2
     $sdff_2                         2
     $sdffe_14                       2
     $sdffe_2                        2
     buffer_16_12100_buffer_init_22      2

=== stream_buffer_2_3 ===

   Number of wires:                 62
   Number of wire bits:            500
   Number of public wires:          33
   Number of public wire bits:     261
   Number of memories:               0
   Number of memory bits:            0
   Number of processes:              0
   Number of cells:                 45
     $add_14                         4
     $add_2                          4
     $add_32                         4
     $dff_1                          1
     $eq_2                           2
     $logic_and_1                    2
     $logic_not_2                    2
     $mux_1                          1
     $mux_14                         4
     $mux_16                         1
     $mux_2                          4
     $reduce_bool_2                  2
     $reduce_or_3                    2
     $sdff_1                         2
     $sdff_14                        2
     $sdff_2                         2
     $sdffe_14                       2
     $sdffe_2                        2
     buffer_16_12100_buffer_init_32      2

=== stream_buffer_3_0 ===

   Number of wires:                 62
   Number of wire bits:            500
   Number of public wires:          33
   Number of public wire bits:     261
   Number of memories:               0
   Number of memory bits:            0
   Number of processes:              0
   Number of cells:                 45
     $add_14                         4
     $add_2                          4
     $add_32                         4
     $dff_1                          1
     $eq_2                           2
     $logic_and_1                    2
     $logic_not_2                    2
     $mux_1                          1
     $mux_14                         4
     $mux_16                         1
     $mux_2                          4
     $reduce_bool_2                  2
     $reduce_or_3                    2
     $sdff_1                         2
     $sdff_14                        2
     $sdff_2                         2
     $sdffe_14                       2
     $sdffe_2                        2
     buffer_16_12100_buffer_init_03      2

=== stream_buffer_3_1 ===

   Number of wires:                 62
   Number of wire bits:            500
   Number of public wires:          33
   Number of public wire bits:     261
   Number of memories:               0
   Number of memory bits:            0
   Number of processes:              0
   Number of cells:                 45
     $add_14                         4
     $add_2                          4
     $add_32                         4
     $dff_1                          1
     $eq_2                           2
     $logic_and_1                    2
     $logic_not_2                    2
     $mux_1                          1
     $mux_14                         4
     $mux_16                         1
     $mux_2                          4
     $reduce_bool_2                  2
     $reduce_or_3                    2
     $sdff_1                         2
     $sdff_14                        2
     $sdff_2                         2
     $sdffe_14                       2
     $sdffe_2                        2
     buffer_16_12100_buffer_init_13      2

=== stream_buffer_3_2 ===

   Number of wires:                 62
   Number of wire bits:            500
   Number of public wires:          33
   Number of public wire bits:     261
   Number of memories:               0
   Number of memory bits:            0
   Number of processes:              0
   Number of cells:                 45
     $add_14                         4
     $add_2                          4
     $add_32                         4
     $dff_1                          1
     $eq_2                           2
     $logic_and_1                    2
     $logic_not_2                    2
     $mux_1                          1
     $mux_14                         4
     $mux_16                         1
     $mux_2                          4
     $reduce_bool_2                  2
     $reduce_or_3                    2
     $sdff_1                         2
     $sdff_14                        2
     $sdff_2                         2
     $sdffe_14                       2
     $sdffe_2                        2
     buffer_16_12100_buffer_init_23      2

=== stream_buffer_3_3 ===

   Number of wires:                 62
   Number of wire bits:            500
   Number of public wires:          33
   Number of public wire bits:     261
   Number of memories:               0
   Number of memory bits:            0
   Number of processes:              0
   Number of cells:                 45
     $add_14                         4
     $add_2                          4
     $add_32                         4
     $dff_1                          1
     $eq_2                           2
     $logic_and_1                    2
     $logic_not_2                    2
     $mux_1                          1
     $mux_14                         4
     $mux_16                         1
     $mux_2                          4
     $reduce_bool_2                  2
     $reduce_or_3                    2
     $sdff_1                         2
     $sdff_14                        2
     $sdff_2                         2
     $sdffe_14                       2
     $sdffe_2                        2
     buffer_16_12100_buffer_init_33      2

=== stream_buffer_4_0 ===

   Number of wires:                 62
   Number of wire bits:            500
   Number of public wires:          33
   Number of public wire bits:     261
   Number of memories:               0
   Number of memory bits:            0
   Number of processes:              0
   Number of cells:                 45
     $add_14                         4
     $add_2                          4
     $add_32                         4
     $dff_1                          1
     $eq_2                           2
     $logic_and_1                    2
     $logic_not_2                    2
     $mux_1                          1
     $mux_14                         4
     $mux_16                         1
     $mux_2                          4
     $reduce_bool_2                  2
     $reduce_or_3                    2
     $sdff_1                         2
     $sdff_14                        2
     $sdff_2                         2
     $sdffe_14                       2
     $sdffe_2                        2
     buffer_16_12100_buffer_init_04      2

=== stream_buffer_4_1 ===

   Number of wires:                 62
   Number of wire bits:            500
   Number of public wires:          33
   Number of public wire bits:     261
   Number of memories:               0
   Number of memory bits:            0
   Number of processes:              0
   Number of cells:                 45
     $add_14                         4
     $add_2                          4
     $add_32                         4
     $dff_1                          1
     $eq_2                           2
     $logic_and_1                    2
     $logic_not_2                    2
     $mux_1                          1
     $mux_14                         4
     $mux_16                         1
     $mux_2                          4
     $reduce_bool_2                  2
     $reduce_or_3                    2
     $sdff_1                         2
     $sdff_14                        2
     $sdff_2                         2
     $sdffe_14                       2
     $sdffe_2                        2
     buffer_16_12100_buffer_init_14      2

=== stream_buffer_4_2 ===

   Number of wires:                 62
   Number of wire bits:            500
   Number of public wires:          33
   Number of public wire bits:     261
   Number of memories:               0
   Number of memory bits:            0
   Number of processes:              0
   Number of cells:                 45
     $add_14                         4
     $add_2                          4
     $add_32                         4
     $dff_1                          1
     $eq_2                           2
     $logic_and_1                    2
     $logic_not_2                    2
     $mux_1                          1
     $mux_14                         4
     $mux_16                         1
     $mux_2                          4
     $reduce_bool_2                  2
     $reduce_or_3                    2
     $sdff_1                         2
     $sdff_14                        2
     $sdff_2                         2
     $sdffe_14                       2
     $sdffe_2                        2
     buffer_16_12100_buffer_init_24      2

=== stream_buffer_4_3 ===

   Number of wires:                 62
   Number of wire bits:            500
   Number of public wires:          33
   Number of public wire bits:     261
   Number of memories:               0
   Number of memory bits:            0
   Number of processes:              0
   Number of cells:                 45
     $add_14                         4
     $add_2                          4
     $add_32                         4
     $dff_1                          1
     $eq_2                           2
     $logic_and_1                    2
     $logic_not_2                    2
     $mux_1                          1
     $mux_14                         4
     $mux_16                         1
     $mux_2                          4
     $reduce_bool_2                  2
     $reduce_or_3                    2
     $sdff_1                         2
     $sdff_14                        2
     $sdff_2                         2
     $sdffe_14                       2
     $sdffe_2                        2
     buffer_16_12100_buffer_init_34      2

=== stream_buffer_5_0 ===

   Number of wires:                 62
   Number of wire bits:            500
   Number of public wires:          33
   Number of public wire bits:     261
   Number of memories:               0
   Number of memory bits:            0
   Number of processes:              0
   Number of cells:                 45
     $add_14                         4
     $add_2                          4
     $add_32                         4
     $dff_1                          1
     $eq_2                           2
     $logic_and_1                    2
     $logic_not_2                    2
     $mux_1                          1
     $mux_14                         4
     $mux_16                         1
     $mux_2                          4
     $reduce_bool_2                  2
     $reduce_or_3                    2
     $sdff_1                         2
     $sdff_14                        2
     $sdff_2                         2
     $sdffe_14                       2
     $sdffe_2                        2
     buffer_16_12100_buffer_init_05      2

=== stream_buffer_5_1 ===

   Number of wires:                 62
   Number of wire bits:            500
   Number of public wires:          33
   Number of public wire bits:     261
   Number of memories:               0
   Number of memory bits:            0
   Number of processes:              0
   Number of cells:                 45
     $add_14                         4
     $add_2                          4
     $add_32                         4
     $dff_1                          1
     $eq_2                           2
     $logic_and_1                    2
     $logic_not_2                    2
     $mux_1                          1
     $mux_14                         4
     $mux_16                         1
     $mux_2                          4
     $reduce_bool_2                  2
     $reduce_or_3                    2
     $sdff_1                         2
     $sdff_14                        2
     $sdff_2                         2
     $sdffe_14                       2
     $sdffe_2                        2
     buffer_16_12100_buffer_init_15      2

=== stream_buffer_5_2 ===

   Number of wires:                 62
   Number of wire bits:            500
   Number of public wires:          33
   Number of public wire bits:     261
   Number of memories:               0
   Number of memory bits:            0
   Number of processes:              0
   Number of cells:                 45
     $add_14                         4
     $add_2                          4
     $add_32                         4
     $dff_1                          1
     $eq_2                           2
     $logic_and_1                    2
     $logic_not_2                    2
     $mux_1                          1
     $mux_14                         4
     $mux_16                         1
     $mux_2                          4
     $reduce_bool_2                  2
     $reduce_or_3                    2
     $sdff_1                         2
     $sdff_14                        2
     $sdff_2                         2
     $sdffe_14                       2
     $sdffe_2                        2
     buffer_16_12100_buffer_init_25      2

=== stream_buffer_5_3 ===

   Number of wires:                 62
   Number of wire bits:            500
   Number of public wires:          33
   Number of public wire bits:     261
   Number of memories:               0
   Number of memory bits:            0
   Number of processes:              0
   Number of cells:                 45
     $add_14                         4
     $add_2                          4
     $add_32                         4
     $dff_1                          1
     $eq_2                           2
     $logic_and_1                    2
     $logic_not_2                    2
     $mux_1                          1
     $mux_14                         4
     $mux_16                         1
     $mux_2                          4
     $reduce_bool_2                  2
     $reduce_or_3                    2
     $sdff_1                         2
     $sdff_14                        2
     $sdff_2                         2
     $sdffe_14                       2
     $sdffe_2                        2
     buffer_16_12100_buffer_init_35      2

=== weight_cache_2048_8_0_weight_init_00 ===

   Number of wires:                 15
   Number of wire bits:            111
   Number of public wires:          15
   Number of public wire bits:     111
   Number of memories:               0
   Number of memory bits:            0
   Number of processes:              0
   Number of cells:                  5
     $dff_11                         2
     $dff_8                          2
     $paramod$058c6f8c26a499fadb7bf4f0083f81a0616d373e\dual_port_ram      1

=== weight_cache_2048_8_0_weight_init_01 ===

   Number of wires:                 15
   Number of wire bits:            111
   Number of public wires:          15
   Number of public wire bits:     111
   Number of memories:               0
   Number of memory bits:            0
   Number of processes:              0
   Number of cells:                  5
     $dff_11                         2
     $dff_8                          2
     $paramod$058c6f8c26a499fadb7bf4f0083f81a0616d373e\dual_port_ram      1

=== weight_cache_2048_8_0_weight_init_02 ===

   Number of wires:                 15
   Number of wire bits:            111
   Number of public wires:          15
   Number of public wire bits:     111
   Number of memories:               0
   Number of memory bits:            0
   Number of processes:              0
   Number of cells:                  5
     $dff_11                         2
     $dff_8                          2
     $paramod$058c6f8c26a499fadb7bf4f0083f81a0616d373e\dual_port_ram      1

=== weight_cache_2048_8_0_weight_init_03 ===

   Number of wires:                 15
   Number of wire bits:            111
   Number of public wires:          15
   Number of public wire bits:     111
   Number of memories:               0
   Number of memory bits:            0
   Number of processes:              0
   Number of cells:                  5
     $dff_11                         2
     $dff_8                          2
     $paramod$058c6f8c26a499fadb7bf4f0083f81a0616d373e\dual_port_ram      1

=== weight_cache_2048_8_0_weight_init_04 ===

   Number of wires:                 15
   Number of wire bits:            111
   Number of public wires:          15
   Number of public wire bits:     111
   Number of memories:               0
   Number of memory bits:            0
   Number of processes:              0
   Number of cells:                  5
     $dff_11                         2
     $dff_8                          2
     $paramod$058c6f8c26a499fadb7bf4f0083f81a0616d373e\dual_port_ram      1

=== weight_cache_2048_8_0_weight_init_05 ===

   Number of wires:                 15
   Number of wire bits:            111
   Number of public wires:          15
   Number of public wire bits:     111
   Number of memories:               0
   Number of memory bits:            0
   Number of processes:              0
   Number of cells:                  5
     $dff_11                         2
     $dff_8                          2
     $paramod$058c6f8c26a499fadb7bf4f0083f81a0616d373e\dual_port_ram      1

=== weight_cache_2048_8_0_weight_init_20 ===

   Number of wires:                 15
   Number of wire bits:            111
   Number of public wires:          15
   Number of public wire bits:     111
   Number of memories:               0
   Number of memory bits:            0
   Number of processes:              0
   Number of cells:                  5
     $dff_11                         2
     $dff_8                          2
     $paramod$058c6f8c26a499fadb7bf4f0083f81a0616d373e\dual_port_ram      1

=== weight_cache_2048_8_0_weight_init_21 ===

   Number of wires:                 15
   Number of wire bits:            111
   Number of public wires:          15
   Number of public wire bits:     111
   Number of memories:               0
   Number of memory bits:            0
   Number of processes:              0
   Number of cells:                  5
     $dff_11                         2
     $dff_8                          2
     $paramod$058c6f8c26a499fadb7bf4f0083f81a0616d373e\dual_port_ram      1

=== weight_cache_2048_8_0_weight_init_22 ===

   Number of wires:                 15
   Number of wire bits:            111
   Number of public wires:          15
   Number of public wire bits:     111
   Number of memories:               0
   Number of memory bits:            0
   Number of processes:              0
   Number of cells:                  5
     $dff_11                         2
     $dff_8                          2
     $paramod$058c6f8c26a499fadb7bf4f0083f81a0616d373e\dual_port_ram      1

=== weight_cache_2048_8_0_weight_init_23 ===

   Number of wires:                 15
   Number of wire bits:            111
   Number of public wires:          15
   Number of public wire bits:     111
   Number of memories:               0
   Number of memory bits:            0
   Number of processes:              0
   Number of cells:                  5
     $dff_11                         2
     $dff_8                          2
     $paramod$058c6f8c26a499fadb7bf4f0083f81a0616d373e\dual_port_ram      1

=== weight_cache_2048_8_0_weight_init_24 ===

   Number of wires:                 15
   Number of wire bits:            111
   Number of public wires:          15
   Number of public wire bits:     111
   Number of memories:               0
   Number of memory bits:            0
   Number of processes:              0
   Number of cells:                  5
     $dff_11                         2
     $dff_8                          2
     $paramod$058c6f8c26a499fadb7bf4f0083f81a0616d373e\dual_port_ram      1

=== weight_cache_2048_8_0_weight_init_25 ===

   Number of wires:                 15
   Number of wire bits:            111
   Number of public wires:          15
   Number of public wire bits:     111
   Number of memories:               0
   Number of memory bits:            0
   Number of processes:              0
   Number of cells:                  5
     $dff_11                         2
     $dff_8                          2
     $paramod$058c6f8c26a499fadb7bf4f0083f81a0616d373e\dual_port_ram      1

=== winograd_adder_16_20_4 ===

   Number of wires:                 49
   Number of wire bits:            878
   Number of public wires:          34
   Number of public wire bits:     578
   Number of memories:               0
   Number of memory bits:            0
   Number of processes:              0
   Number of cells:                 30
     $add_20                        15
     $dff_20                        15

=== winograd_dsp_16 ===

   Number of wires:                 51
   Number of wire bits:            475
   Number of public wires:          15
   Number of public wire bits:     169
   Number of memories:               0
   Number of memory bits:            0
   Number of processes:              0
   Number of cells:                 44
     $eq_3                          14
     $logic_not_3                    2
     $mul_16                         2
     $mux_16                        16
     $reduce_or_2                    2
     $sdff_14                        2
     $sdff_16                        4
     $sdff_2                         2

=== winograd_transform_0 ===

   Number of wires:                528
   Number of wire bits:           8530
   Number of public wires:         494
   Number of public wire bits:    7924
   Number of memories:               0
   Number of memory bits:            0
   Number of processes:              0
   Number of cells:                269
     $add_3                          1
     $dff_1                         13
     $dff_16                        42
     $dff_20                        30
     $dffe_16                        6
     $dffe_20                        6
     $eq_3                           1
     $mux_1                          1
     $mux_20                        30
     $neg_16                        72
     $reduce_or_2                    1
     $sdff_1                         1
     $sdff_3                         1
     winograd_adder_16_20_4         36
     winograd_dsp_16                28

=== winograd_transform_1 ===

   Number of wires:                528
   Number of wire bits:           8530
   Number of public wires:         494
   Number of public wire bits:    7924
   Number of memories:               0
   Number of memory bits:            0
   Number of processes:              0
   Number of cells:                269
     $add_3                          1
     $dff_1                         13
     $dff_16                        42
     $dff_20                        30
     $dffe_16                        6
     $dffe_20                        6
     $eq_3                           1
     $mux_1                          1
     $mux_20                        30
     $neg_16                        72
     $reduce_or_2                    1
     $sdff_1                         1
     $sdff_3                         1
     winograd_adder_16_20_4         36
     winograd_dsp_16                28

=== winograd_transform_2 ===

   Number of wires:                528
   Number of wire bits:           8530
   Number of public wires:         494
   Number of public wire bits:    7924
   Number of memories:               0
   Number of memory bits:            0
   Number of processes:              0
   Number of cells:                269
     $add_3                          1
     $dff_1                         13
     $dff_16                        42
     $dff_20                        30
     $dffe_16                        6
     $dffe_20                        6
     $eq_3                           1
     $mux_1                          1
     $mux_20                        30
     $neg_16                        72
     $reduce_or_2                    1
     $sdff_1                         1
     $sdff_3                         1
     winograd_adder_16_20_4         36
     winograd_dsp_16                28

=== winograd_transform_3 ===

   Number of wires:                528
   Number of wire bits:           8530
   Number of public wires:         494
   Number of public wire bits:    7924
   Number of memories:               0
   Number of memory bits:            0
   Number of processes:              0
   Number of cells:                269
     $add_3                          1
     $dff_1                         13
     $dff_16                        42
     $dff_20                        30
     $dffe_16                        6
     $dffe_20                        6
     $eq_3                           1
     $mux_1                          1
     $mux_20                        30
     $neg_16                        72
     $reduce_or_2                    1
     $sdff_1                         1
     $sdff_3                         1
     winograd_adder_16_20_4         36
     winograd_dsp_16                28

=== design hierarchy ===

   DLA                               1
     inverse_winograd_0              1
       inverse_winograd_adder_30_3      8
     inverse_winograd_1              1
       inverse_winograd_adder_30_3      8
     inverse_winograd_10             1
       inverse_winograd_adder_30_3      8
     inverse_winograd_11             1
       inverse_winograd_adder_30_3      8
     inverse_winograd_12             1
       inverse_winograd_adder_30_3      8
     inverse_winograd_13             1
       inverse_winograd_adder_30_3      8
     inverse_winograd_14             1
       inverse_winograd_adder_30_3      8
     inverse_winograd_15             1
       inverse_winograd_adder_30_3      8
     inverse_winograd_16             1
       inverse_winograd_adder_30_3      8
     inverse_winograd_17             1
       inverse_winograd_adder_30_3      8
     inverse_winograd_18             1
       inverse_winograd_adder_30_3      8
     inverse_winograd_19             1
       inverse_winograd_adder_30_3      8
     inverse_winograd_2              1
       inverse_winograd_adder_30_3      8
     inverse_winograd_20             1
       inverse_winograd_adder_30_3      8
     inverse_winograd_21             1
       inverse_winograd_adder_30_3      8
     inverse_winograd_22             1
       inverse_winograd_adder_30_3      8
     inverse_winograd_23             1
       inverse_winograd_adder_30_3      8
     inverse_winograd_3              1
       inverse_winograd_adder_30_3      8
     inverse_winograd_4              1
       inverse_winograd_adder_30_3      8
     inverse_winograd_5              1
       inverse_winograd_adder_30_3      8
     inverse_winograd_6              1
       inverse_winograd_adder_30_3      8
     inverse_winograd_7              1
       inverse_winograd_adder_30_3      8
     inverse_winograd_8              1
       inverse_winograd_adder_30_3      8
     inverse_winograd_9              1
       inverse_winograd_adder_30_3      8
     pooling                        24
     processing_element             24
       accumulator_24_30_4           6
       dot_product_16_8_30_4         6
         dsp_block_16_8_false        1
         dsp_block_16_8_true         1
       weight_cache_2048_8_0_weight_init_00      1
         $paramod$058c6f8c26a499fadb7bf4f0083f81a0616d373e\dual_port_ram      1
       weight_cache_2048_8_0_weight_init_01      1
         $paramod$058c6f8c26a499fadb7bf4f0083f81a0616d373e\dual_port_ram      1
       weight_cache_2048_8_0_weight_init_02      1
         $paramod$058c6f8c26a499fadb7bf4f0083f81a0616d373e\dual_port_ram      1
       weight_cache_2048_8_0_weight_init_03      1
         $paramod$058c6f8c26a499fadb7bf4f0083f81a0616d373e\dual_port_ram      1
       weight_cache_2048_8_0_weight_init_04      1
         $paramod$058c6f8c26a499fadb7bf4f0083f81a0616d373e\dual_port_ram      1
       weight_cache_2048_8_0_weight_init_05      1
         $paramod$058c6f8c26a499fadb7bf4f0083f81a0616d373e\dual_port_ram      1
       weight_cache_2048_8_0_weight_init_20      1
         $paramod$058c6f8c26a499fadb7bf4f0083f81a0616d373e\dual_port_ram      1
       weight_cache_2048_8_0_weight_init_21      1
         $paramod$058c6f8c26a499fadb7bf4f0083f81a0616d373e\dual_port_ram      1
       weight_cache_2048_8_0_weight_init_22      1
         $paramod$058c6f8c26a499fadb7bf4f0083f81a0616d373e\dual_port_ram      1
       weight_cache_2048_8_0_weight_init_23      1
         $paramod$058c6f8c26a499fadb7bf4f0083f81a0616d373e\dual_port_ram      1
       weight_cache_2048_8_0_weight_init_24      1
         $paramod$058c6f8c26a499fadb7bf4f0083f81a0616d373e\dual_port_ram      1
       weight_cache_2048_8_0_weight_init_25      1
         $paramod$058c6f8c26a499fadb7bf4f0083f81a0616d373e\dual_port_ram      1
     signal_width_reducer            1
       pipelined_xor_tree_16        24
     store_output                    1
     stream_buffer_0_0               1
       buffer_16_12100_buffer_init_00      2
         dual_port_ram               1
     stream_buffer_0_1               1
       buffer_16_12100_buffer_init_10      2
         dual_port_ram               1
     stream_buffer_0_2               1
       buffer_16_12100_buffer_init_20      2
         dual_port_ram               1
     stream_buffer_0_3               1
       buffer_16_12100_buffer_init_30      2
         dual_port_ram               1
     stream_buffer_1_0               1
       buffer_16_12100_buffer_init_01      2
         dual_port_ram               1
     stream_buffer_1_1               1
       buffer_16_12100_buffer_init_11      2
         dual_port_ram               1
     stream_buffer_1_2               1
       buffer_16_12100_buffer_init_21      2
         dual_port_ram               1
     stream_buffer_1_3               1
       buffer_16_12100_buffer_init_31      2
         dual_port_ram               1
     stream_buffer_2_0               1
       buffer_16_12100_buffer_init_02      2
         dual_port_ram               1
     stream_buffer_2_1               1
       buffer_16_12100_buffer_init_12      2
         dual_port_ram               1
     stream_buffer_2_2               1
       buffer_16_12100_buffer_init_22      2
         dual_port_ram               1
     stream_buffer_2_3               1
       buffer_16_12100_buffer_init_32      2
         dual_port_ram               1
     stream_buffer_3_0               1
       buffer_16_12100_buffer_init_03      2
         dual_port_ram               1
     stream_buffer_3_1               1
       buffer_16_12100_buffer_init_13      2
         dual_port_ram               1
     stream_buffer_3_2               1
       buffer_16_12100_buffer_init_23      2
         dual_port_ram               1
     stream_buffer_3_3               1
       buffer_16_12100_buffer_init_33      2
         dual_port_ram               1
     stream_buffer_4_0               1
       buffer_16_12100_buffer_init_04      2
         dual_port_ram               1
     stream_buffer_4_1               1
       buffer_16_12100_buffer_init_14      2
         dual_port_ram               1
     stream_buffer_4_2               1
       buffer_16_12100_buffer_init_24      2
         dual_port_ram               1
     stream_buffer_4_3               1
       buffer_16_12100_buffer_init_34      2
         dual_port_ram               1
     stream_buffer_5_0               1
       buffer_16_12100_buffer_init_05      2
         dual_port_ram               1
     stream_buffer_5_1               1
       buffer_16_12100_buffer_init_15      2
         dual_port_ram               1
     stream_buffer_5_2               1
       buffer_16_12100_buffer_init_25      2
         dual_port_ram               1
     stream_buffer_5_3               1
       buffer_16_12100_buffer_init_35      2
         dual_port_ram               1
     winograd_transform_0            1
       winograd_adder_16_20_4       36
       winograd_dsp_16              28
     winograd_transform_1            1
       winograd_adder_16_20_4       36
       winograd_dsp_16              28
     winograd_transform_2            1
       winograd_adder_16_20_4       36
       winograd_dsp_16              28
     winograd_transform_3            1
       winograd_adder_16_20_4       36
       winograd_dsp_16              28

   Number of wires:              59205
   Number of wire bits:         960350
   Number of public wires:       41053
   Number of public wire bits:  629719
   Number of memories:             336
   Number of memory bits:        36096
   Number of processes:              0
   Number of cells:              35815
     $add_1                         24
     $add_11                        48
     $add_14                        97
     $add_16                        24
     $add_2                        168
     $add_20                      2160
     $add_3                          4
     $add_30                       144
     $add_32                       122
     $add_33                       960
     $add_6                          3
     $add_64                       576
     $dff_1                        809
     $dff_11                       576
     $dff_14                        49
     $dff_16                       336
     $dff_20                      2280
     $dff_3                         24
     $dff_30                      1584
     $dff_33                      1152
     $dff_8                        576
     $dffe_16                      792
     $dffe_20                       24
     $dffe_30                     1056
     $dffe_8                       576
     $eq_2                          96
     $eq_3                        1620
     $eq_6                           7
     $gt_16                         96
     $le_32                         24
     $logic_and_1                  102
     $logic_not_2                   72
     $logic_not_3                  248
     $logic_not_6                    1
     $logic_or_1                    49
     $lt_32                         24
     $memrd                        672
     $memwr_v2                     672
     $mul_16                       224
     $mul_64                       576
     $mux_1                       1090
     $mux_11                       768
     $mux_14                       200
     $mux_16                      2200
     $mux_2                        288
     $mux_20                       120
     $mux_3                        144
     $mux_30                      3312
     $mux_6                         17
     $mux_8                        576
     $ne_2                          25
     $ne_3                          50
     $ne_4                          25
     $ne_5                          24
     $neg_16                       288
     $neg_30                       168
     $not_1                        240
     $reduce_and_2                  51
     $reduce_and_3                  97
     $reduce_and_4                  74
     $reduce_bool_2                122
     $reduce_or_2                  372
     $reduce_or_3                   72
     $sdff_1                       724
     $sdff_14                      272
     $sdff_16                     1888
     $sdff_2                       272
     $sdff_24                      288
     $sdff_3                         4
     $sdff_30                      720
     $sdff_8                      1440
     $sdffce_1                     168
     $sdffce_11                     48
     $sdffce_16                     24
     $sdffce_2                      48
     $sdffe_1                      318
     $sdffe_14                      50
     $sdffe_2                       73
     $sdffe_30                     144
     $sdffe_4                        1
     $sdffe_6                        3
     $xor_1                        360

