
5. Printing statistics.

=== $paramod$0aba6911693886ca7ec4df52454bbace0eeb3b4b\spram ===

   Number of wires:                  9
   Number of wire bits:             98
   Number of public wires:           5
   Number of public wire bits:      42
   Number of memories:               1
   Number of memory bits:         2048
   Number of processes:              0
   Number of cells:                  6
     $dffe_16                        1
     $memrd                          1
     $memwr_v2                       1
     $mux_1                          1
     $mux_16                         1
     $mux_8                          1

=== $paramod$0ee0f8a3f6e8feca374f9ca746b4c19a3b748c8a\spram ===

   Number of wires:                  9
   Number of wire bits:             70
   Number of public wires:           5
   Number of public wire bits:      32
   Number of memories:               1
   Number of memory bits:        70912
   Number of processes:              0
   Number of cells:                  6
     $dffe_8                         1
     $memrd                          1
     $memwr_v2                       1
     $mux_1                          1
     $mux_14                         1
     $mux_8                          1

=== $paramod$4586d4375756b22e45a146b84f0ebaf0220cb438\spram ===

   Number of wires:                  9
   Number of wire bits:             70
   Number of public wires:           5
   Number of public wire bits:      32
   Number of memories:               1
   Number of memory bits:        70912
   Number of processes:              0
   Number of cells:                  6
     $dffe_8                         1
     $memrd                          1
     $memwr_v2                       1
     $mux_1                          1
     $mux_14                         1
     $mux_8                          1

=== $paramod$5cd9b7e6fbb280c6ce9be4ee5d1fdcbc34edf95e\dpram ===

   Number of wires:                 17
   Number of wire bits:            175
   Number of public wires:           9
   Number of public wire bits:      73
   Number of memories:               1
   Number of memory bits:          128
   Number of processes:              0
   Number of cells:                 12
     $dffe_16                        2
     $memrd                          2
     $memwr_v2                       2
     $mux_1                          2
     $mux_16                         2
     $mux_3                          2

=== $paramod$67063290d49aa5357df1233608c088390b70212f\generic_fifo_sc_a ===

   Number of wires:                 30
   Number of wire bits:            106
   Number of public wires:          16
   Number of public wire bits:      84
   Number of memories:               0
   Number of memory bits:            0
   Number of processes:              0
   Number of cells:                 22
     $add_3                          2
     $adffe_1                        1
     $adffe_3                        2
     $and_1                          3
     $eq_3                           2
     $logic_not_1                    1
     $mux_1                          3
     $mux_3                          4
     $paramod$5cd9b7e6fbb280c6ce9be4ee5d1fdcbc34edf95e\dpram      1
     $reduce_bool_2                  2
     $reduce_bool_3                  1

=== $paramod$77ff764a4267a648a0627d0b67f82ec67f8fdc0c\dpram ===

   Number of wires:                 17
   Number of wire bits:             95
   Number of public wires:           9
   Number of public wire bits:      41
   Number of memories:               1
   Number of memory bits:           64
   Number of processes:              0
   Number of cells:                 12
     $dffe_8                         2
     $memrd                          2
     $memwr_v2                       2
     $mux_1                          2
     $mux_3                          2
     $mux_8                          2

=== $paramod$8f649395dea8fbb2ab37b257a4c27adb75bba46a\generic_fifo_sc_a ===

   Number of wires:                 30
   Number of wire bits:             74
   Number of public wires:          16
   Number of public wire bits:      52
   Number of memories:               0
   Number of memory bits:            0
   Number of processes:              0
   Number of cells:                 22
     $add_3                          2
     $adffe_1                        1
     $adffe_3                        2
     $and_1                          3
     $eq_3                           2
     $logic_not_1                    1
     $mux_1                          3
     $mux_3                          4
     $paramod$77ff764a4267a648a0627d0b67f82ec67f8fdc0c\dpram      1
     $reduce_bool_2                  2
     $reduce_bool_3                  1

=== $paramod$923ac07d8b3c251a850b4e4c66840dc210399d4b\spram ===

   Number of wires:                  9
   Number of wire bits:             70
   Number of public wires:           5
   Number of public wire bits:      32
   Number of memories:               1
   Number of memory bits:        70912
   Number of processes:              0
   Number of cells:                  6
     $dffe_8                         1
     $memrd                          1
     $memwr_v2                       1
     $mux_1                          1
     $mux_14                         1
     $mux_8                          1

=== $paramod$c5846c4e06878c36e812a0746f90a79309de398c\spram ===

   Number of wires:                  9
   Number of wire bits:             58
   Number of public wires:           5
   Number of public wire bits:      26
   Number of memories:               1
   Number of memory bits:         1024
   Number of processes:              0
   Number of cells:                  6
     $dffe_8                         1
     $memrd                          1
     $memwr_v2                       1
     $mux_1                          1
     $mux_8                          2

=== Accumulator ===

   Number of wires:                 51
   Number of wire bits:            190
   Number of public wires:          27
   Number of public wire bits:     115
   Number of memories:               0
   Number of memory bits:            0
   Number of processes:              0
   Number of cells:                 36
     $add_16                         1
     $adffe_1                        3
     $adffe_16                       1
     $and_1                          4
     $dffe_1                         2
     $dffe_16                        1
     $dffe_8                         2
     $mux_1                          3
     $mux_16                         1
     $mux_8                          3
     $ne_2                           1
     $ne_3                           1
     $ne_8                           1
     $not_1                          5
     $paramod$67063290d49aa5357df1233608c088390b70212f\generic_fifo_sc_a      1
     $paramod$8f649395dea8fbb2ab37b257a4c27adb75bba46a\generic_fifo_sc_a      1
     $reduce_and_2                   2
     $reduce_and_3                   1
     $reduce_and_4                   2

=== Big_Channel ===

   Number of wires:                 18
   Number of wire bits:           1828
   Number of public wires:          18
   Number of public wire bits:    1828
   Number of memories:               0
   Number of memory bits:            0
   Number of processes:              0
   Number of cells:                 32
     Channel_Accumulator            32

=== Channel ===

   Number of wires:                 27
   Number of wire bits:             86
   Number of public wires:          19
   Number of public wire bits:      63
   Number of memories:               0
   Number of memory bits:            0
   Number of processes:              0
   Number of cells:                 14
     $and_1                          5
     $dff_1                          2
     $dffe_16                        1
     $mul_16                         1
     $mux_1                          1
     $not_1                          3
     $paramod$67063290d49aa5357df1233608c088390b70212f\generic_fifo_sc_a      1

=== Channel_Accumulator ===

   Number of wires:                 22
   Number of wire bits:             80
   Number of public wires:          22
   Number of public wire bits:      80
   Number of memories:               0
   Number of memory bits:            0
   Number of processes:              0
   Number of cells:                  2
     Accumulator                     1
     Channel                         1

=== bvb ===

   Number of wires:                 30
   Number of wire bits:           1134
   Number of public wires:          20
   Number of public wire bits:     745
   Number of memories:               0
   Number of memory bits:            0
   Number of processes:              0
   Number of cells:                 50
     $add_32                         1
     $adffe_5                        2
     $and_1                          2
     $dffe_1                         1
     $dffe_32                        1
     $dffe_8                         1
     $not_1                          3
     $paramod$8f649395dea8fbb2ab37b257a4c27adb75bba46a\generic_fifo_sc_a     32
     $paramod$c5846c4e06878c36e812a0746f90a79309de398c\spram      1
     $reduce_and_2                   1
     $shl_32                         2
     $shr_256                        1
     $shr_32                         2

=== fetcher ===

   Number of wires:                 57
   Number of wire bits:           1869
   Number of public wires:          31
   Number of public wire bits:    1347
   Number of memories:               0
   Number of memory bits:            0
   Number of processes:              0
   Number of cells:                139
     $add_32                         7
     $adffe_14                       3
     $adffe_15                       1
     $adffe_32                       3
     $adffe_5                        3
     $ge_32                          1
     $mux_32                         6
     $ne_2                           3
     $not_1                          4
     $paramod$0ee0f8a3f6e8feca374f9ca746b4c19a3b748c8a\spram      1
     $paramod$4586d4375756b22e45a146b84f0ebaf0220cb438\spram      1
     $paramod$8f649395dea8fbb2ab37b257a4c27adb75bba46a\generic_fifo_sc_a     96
     $paramod$923ac07d8b3c251a850b4e4c66840dc210399d4b\spram      1
     $reduce_and_2                   3
     $shl_32                         3
     $shr_32                         3

=== spmv ===

   Number of wires:                 57
   Number of wire bits:           4102
   Number of public wires:          38
   Number of public wire bits:    3224
   Number of memories:               0
   Number of memory bits:            0
   Number of processes:              0
   Number of cells:                 34
     $add_32                         1
     $adff_1                         1
     $adffe_1                        2
     $adffe_5                        2
     $and_1                          2
     $and_32                         1
     $dffe_1                         3
     $dffe_5                         1
     $eq_5                           1
     $logic_not_1                    1
     $mux_1                          1
     $not_1                          3
     $not_32                         1
     $paramod$0aba6911693886ca7ec4df52454bbace0eeb3b4b\spram      1
     $reduce_and_2                   2
     $reduce_and_3                   1
     $reduce_and_32                  1
     $reduce_and_4                   1
     $reduce_or_96                   1
     $shl_32                         1
     $shr_256                        1
     $shr_32                         1
     $shr_512                        1
     Big_Channel                     1
     bvb                             1
     fetcher                         1

=== design hierarchy ===

   spmv                              1
     $paramod$0aba6911693886ca7ec4df52454bbace0eeb3b4b\spram      1
     Big_Channel                     1
       Channel_Accumulator          32
         Accumulator                 1
           $paramod$67063290d49aa5357df1233608c088390b70212f\generic_fifo_sc_a      1
             $paramod$5cd9b7e6fbb280c6ce9be4ee5d1fdcbc34edf95e\dpram      1
           $paramod$8f649395dea8fbb2ab37b257a4c27adb75bba46a\generic_fifo_sc_a      1
             $paramod$77ff764a4267a648a0627d0b67f82ec67f8fdc0c\dpram      1
         Channel                     1
           $paramod$67063290d49aa5357df1233608c088390b70212f\generic_fifo_sc_a      1
             $paramod$5cd9b7e6fbb280c6ce9be4ee5d1fdcbc34edf95e\dpram      1
     bvb                             1
       $paramod$8f649395dea8fbb2ab37b257a4c27adb75bba46a\generic_fifo_sc_a     32
         $paramod$77ff764a4267a648a0627d0b67f82ec67f8fdc0c\dpram      1
       $paramod$c5846c4e06878c36e812a0746f90a79309de398c\spram      1
     fetcher                         1
       $paramod$0ee0f8a3f6e8feca374f9ca746b4c19a3b748c8a\spram      1
       $paramod$4586d4375756b22e45a146b84f0ebaf0220cb438\spram      1
       $paramod$8f649395dea8fbb2ab37b257a4c27adb75bba46a\generic_fifo_sc_a     96
         $paramod$77ff764a4267a648a0627d0b67f82ec67f8fdc0c\dpram      1
       $paramod$923ac07d8b3c251a850b4e4c66840dc210399d4b\spram      1

   Number of wires:              13935
   Number of wire bits:          65715
   Number of public wires:        7908
   Number of public wire bits:   40492
   Number of memories:             229
   Number of memory bits:       234240
   Number of processes:              0
   Number of cells:               9013
     $add_16                        32
     $add_3                        448
     $add_32                         9
     $adff_1                         1
     $adffe_1                      322
     $adffe_14                       3
     $adffe_15                       1
     $adffe_16                      32
     $adffe_3                      448
     $adffe_32                       3
     $adffe_5                        7
     $and_1                        964
     $and_32                         1
     $dff_1                         64
     $dffe_1                        68
     $dffe_16                      193
     $dffe_32                        1
     $dffe_5                         1
     $dffe_8                       389
     $eq_3                         448
     $eq_5                           1
     $ge_32                          1
     $logic_not_1                  225
     $memrd                        453
     $memwr_v2                     453
     $mul_16                        32
     $mux_1                       1254
     $mux_14                         3
     $mux_16                       161
     $mux_3                       1344
     $mux_32                         6
     $mux_8                        422
     $ne_2                          35
     $ne_3                          32
     $ne_8                          32
     $not_1                        266
     $not_32                         1
     $reduce_and_2                  70
     $reduce_and_3                  33
     $reduce_and_32                  1
     $reduce_and_4                  65
     $reduce_bool_2                448
     $reduce_bool_3                224
     $reduce_or_96                   1
     $shl_32                         6
     $shr_256                        2
     $shr_32                         6
     $shr_512                        1

