
5. Printing statistics.

=== cavlc_fsm ===

   Number of wires:                 66
   Number of wire bits:            260
   Number of public wires:          14
   Number of public wire bits:      41
   Number of memories:               0
   Number of memory bits:            0
   Number of processes:              0
   Number of cells:                 55
     $adffe_1                        1
     $adffe_4                        1
     $adffe_8                        1
     $eq_5                           1
     $eq_8                           8
     $gt_32                          2
     $logic_and_1                    2
     $logic_not_4                    2
     $logic_or_1                     1
     $lt_5                           1
     $mux_1                          4
     $mux_4                          4
     $mux_8                          7
     $ne_2                           6
     $ne_3                           1
     $pmux_1                         1
     $pmux_4                         1
     $pmux_8                         1
     $reduce_and_2                   1
     $reduce_and_5                   1
     $reduce_and_6                   1
     $reduce_bool_3                  1
     $reduce_bool_5                  1
     $reduce_bool_8                  1
     $sub_32                         3
     $sub_4                          1

=== cavlc_len_gen ===

   Number of wires:                  8
   Number of wire bits:             33
   Number of public wires:           6
   Number of public wire bits:      31
   Number of memories:               0
   Number of memory bits:            0
   Number of processes:              0
   Number of cells:                  3
     $pmux_5                         1
     $reduce_or_2                    1
     $reduce_or_3                    1

=== cavlc_read_levels ===

   Number of wires:                280
   Number of wire bits:           1669
   Number of public wires:          39
   Number of public wire bits:     251
   Number of memories:               0
   Number of memory bits:            0
   Number of processes:              0
   Number of cells:                268
     $add_3                          1
     $add_32                         5
     $adffe_3                        1
     $adffe_4                        1
     $adffe_9                       18
     $and_32                         1
     $eq_2                           1
     $eq_32                          1
     $eq_4                          17
     $gt_32                          2
     $gt_9                           2
     $le_32                          1
     $logic_and_1                   16
     $logic_not_3                    1
     $logic_not_32                   1
     $logic_not_4                    1
     $logic_or_1                     2
     $lt_32                          2
     $mux_16                         1
     $mux_2                          1
     $mux_3                          5
     $mux_32                         4
     $mux_4                         16
     $mux_5                          5
     $mux_9                         56
     $ne_2                           1
     $ne_3                          46
     $ne_4                          14
     $neg_32                         1
     $neg_9                          1
     $pmux_9                        15
     $reduce_and_2                   1
     $reduce_and_3                   1
     $reduce_and_4                   1
     $reduce_and_5                  14
     $reduce_bool_2                  1
     $reduce_bool_5                  1
     $shl_32                         1
     $shl_9                          1
     $shr_6                          1
     $sub_3                          2
     $sub_32                         4

=== cavlc_read_run_befores ===

   Number of wires:                286
   Number of wire bits:           1571
   Number of public wires:          46
   Number of public wire bits:     338
   Number of memories:               0
   Number of memory bits:            0
   Number of processes:              0
   Number of cells:                261
     $add_32                         1
     $adffe_4                        1
     $adffe_9                       16
     $eq_2                           1
     $eq_3                           4
     $eq_32                         14
     $eq_4                          21
     $ge_32                         15
     $gt_32                          2
     $logic_and_1                    4
     $logic_not_3                    1
     $logic_not_4                    2
     $mux_32                         5
     $mux_4                         34
     $mux_9                         80
     $ne_2                           1
     $ne_3                          15
     $ne_4                          16
     $pmux_4                         3
     $pmux_9                         1
     $reduce_and_3                  16
     $reduce_bool_2                  1
     $reduce_bool_3                  3
     $reduce_or_14                   1
     $sub_32                         2
     $sub_4                          1

=== cavlc_read_total_coeffs ===

   Number of wires:                557
   Number of wire bits:           1592
   Number of public wires:          32
   Number of public wire bits:     160
   Number of memories:               0
   Number of memory bits:            0
   Number of processes:              0
   Number of cells:                549
     $add_5                          1
     $adffe_10                       1
     $adffe_14                       1
     $adffe_16                       1
     $adffe_2                        1
     $adffe_5                        1
     $adffe_6                        1
     $adffe_8                        1
     $eq_2                          38
     $eq_3                          94
     $eq_32                          1
     $eq_5                           1
     $logic_and_1                    2
     $logic_not_2                    5
     $logic_not_3                    8
     $logic_or_1                     1
     $mux_2                        146
     $mux_5                        193
     $not_1                          4
     $or_1                           1
     $pmux_2                         7
     $pmux_5                         7
     $reduce_and_2                   1
     $reduce_and_3                   1
     $reduce_and_4                   1
     $reduce_and_5                   2
     $reduce_or_2                   20
     $reduce_or_3                    5
     $reduce_or_4                    2
     $reduce_or_5                    1

=== cavlc_read_total_zeros ===

   Number of wires:                222
   Number of wire bits:            715
   Number of public wires:          16
   Number of public wire bits:      61
   Number of memories:               0
   Number of memory bits:            0
   Number of processes:              0
   Number of cells:                217
     $eq_2                          15
     $eq_4                          14
     $logic_and_1                    8
     $logic_not_2                    5
     $mux_2                         15
     $mux_3                         28
     $mux_4                        116
     $mux_6                          3
     $mux_9                          2
     $pmux_3                         1
     $pmux_4                        10

=== cavlc_top ===

   Number of wires:                 54
   Number of wire bits:            378
   Number of public wires:          54
   Number of public wire bits:     378
   Number of memories:               0
   Number of memory bits:            0
   Number of processes:              0
   Number of cells:                  6
     cavlc_fsm                       1
     cavlc_len_gen                   1
     cavlc_read_levels               1
     cavlc_read_run_befores          1
     cavlc_read_total_coeffs         1
     cavlc_read_total_zeros          1

=== design hierarchy ===

   cavlc_top                         1
     cavlc_fsm                       1
     cavlc_len_gen                   1
     cavlc_read_levels               1
     cavlc_read_run_befores          1
     cavlc_read_total_coeffs         1
     cavlc_read_total_zeros          1

   Number of wires:               1473
   Number of wire bits:           6218
   Number of public wires:         207
   Number of public wire bits:    1260
   Number of memories:               0
   Number of memory bits:            0
   Number of processes:              0
   Number of cells:               1353
     $add_3                          1
     $add_32                         6
     $add_5                          1
     $adffe_1                        1
     $adffe_10                       1
     $adffe_14                       1
     $adffe_16                       1
     $adffe_2                        1
     $adffe_3                        1
     $adffe_4                        3
     $adffe_5                        1
     $adffe_6                        1
     $adffe_8                        2
     $adffe_9                       34
     $and_32                         1
     $eq_2                          55
     $eq_3                          98
     $eq_32                         16
     $eq_4                          52
     $eq_5                           2
     $eq_8                           8
     $ge_32                         15
     $gt_32                          6
     $gt_9                           2
     $le_32                          1
     $logic_and_1                   32
     $logic_not_2                   10
     $logic_not_3                   10
     $logic_not_32                   1
     $logic_not_4                    5
     $logic_or_1                     4
     $lt_32                          2
     $lt_5                           1
     $mux_1                          4
     $mux_16                         1
     $mux_2                        162
     $mux_3                         33
     $mux_32                         9
     $mux_4                        170
     $mux_5                        198
     $mux_6                          3
     $mux_8                          7
     $mux_9                        138
     $ne_2                           8
     $ne_3                          62
     $ne_4                          30
     $neg_32                         1
     $neg_9                          1
     $not_1                          4
     $or_1                           1
     $pmux_1                         1
     $pmux_2                         7
     $pmux_3                         1
     $pmux_4                        14
     $pmux_5                         8
     $pmux_8                         1
     $pmux_9                        16
     $reduce_and_2                   3
     $reduce_and_3                  18
     $reduce_and_4                   2
     $reduce_and_5                  17
     $reduce_and_6                   1
     $reduce_bool_2                  2
     $reduce_bool_3                  4
     $reduce_bool_5                  2
     $reduce_bool_8                  1
     $reduce_or_14                   1
     $reduce_or_2                   21
     $reduce_or_3                    6
     $reduce_or_4                    2
     $reduce_or_5                    1
     $shl_32                         1
     $shl_9                          1
     $shr_6                          1
     $sub_3                          2
     $sub_32                         9
     $sub_4                          2

