
5. Printing statistics.

=== Log2pipelined ===

   Number of wires:                 74
   Number of wire bits:            182
   Number of public wires:          11
   Number of public wire bits:     110
   Number of memories:               0
   Number of memory bits:            0
   Number of processes:              0
   Number of cells:                 70
     $dff_20                         1
     $dff_4                          4
     $dff_5                          1
     $eq_10                          1
     $eq_11                          1
     $eq_12                          1
     $eq_13                          1
     $eq_14                          1
     $eq_15                          1
     $eq_2                           1
     $eq_3                           1
     $eq_4                           1
     $eq_5                          32
     $eq_6                           1
     $eq_7                           1
     $eq_8                           1
     $eq_9                           1
     $logic_not_15                   1
     $logic_not_5                    1
     $not_4                          1
     $pmux_4                         2
     $reduce_or_2                   10
     $reduce_or_3                    3
     $shl_20                         1

