
5. Printing statistics.

=== $paramod$089939ac0423498be06deb29cd3b3826a64addfd\mesi_isc_broad_cntl ===

   Number of wires:                 65
   Number of wire bits:            147
   Number of public wires:          18
   Number of public wire bits:      55
   Number of memories:               0
   Number of memory bits:            0
   Number of processes:              0
   Number of cells:                 56
     $adff_1                         1
     $adffe_1                        1
     $adffe_4                        2
     $and_1                          9
     $and_4                          2
     $eq_2                           4
     $logic_not_1                    2
     $logic_not_2                    1
     $mux_1                          7
     $mux_3                         10
     $mux_4                          7
     $ne_2                           1
     $not_1                          2
     $not_4                          1
     $pmux_4                         2
     $reduce_and_2                   1
     $reduce_bool_3                  1
     $reduce_or_4                    2

=== $paramod$4e5c328ff2bdb2a4c6016eb98ccc18c59ee01246\mesi_isc_breq_fifos ===

   Number of wires:                 22
   Number of wire bits:            405
   Number of public wires:          22
   Number of public wire bits:     405
   Number of memories:               0
   Number of memory bits:            0
   Number of processes:              0
   Number of cells:                  5
     $paramod$d4ae6c2b4eeb60731e7c68a77cdcc338f295cc21\mesi_isc_basic_fifo      4
     $paramod$fb80c288aca372e4a5e7798364fc4a720db0b97e\mesi_isc_breq_fifos_cntl      1

=== $paramod$99bf206c2597982ef9448cb8fcf80a42902f18e5\mesi_isc_basic_fifo ===

   Number of wires:                 60
   Number of wire bits:            557
   Number of public wires:          21
   Number of public wire bits:     296
   Number of memories:               0
   Number of memory bits:            0
   Number of processes:              0
   Number of cells:                 51
     $add_32                         2
     $adff_41                        1
     $adffe_1                        2
     $adffe_2                        2
     $adffe_41                       4
     $and_1                          8
     $eq_2                          11
     $logic_not_1                    2
     $logic_not_2                    4
     $mux_1                          4
     $mux_41                         2
     $pmux_41                        2
     $reduce_and_2                   4
     $reduce_bool_2                  2
     $sub_2                          1

=== $paramod$b828cc30611bdce469c40d8785b1e3c45ce51919\mesi_isc_broad ===

   Number of wires:                 18
   Number of wire bits:            137
   Number of public wires:          18
   Number of public wire bits:     137
   Number of memories:               0
   Number of memory bits:            0
   Number of processes:              0
   Number of cells:                  2
     $paramod$089939ac0423498be06deb29cd3b3826a64addfd\mesi_isc_broad_cntl      1
     $paramod$99bf206c2597982ef9448cb8fcf80a42902f18e5\mesi_isc_basic_fifo      1

=== $paramod$d4ae6c2b4eeb60731e7c68a77cdcc338f295cc21\mesi_isc_basic_fifo ===

   Number of wires:                 45
   Number of wire bits:            458
   Number of public wires:          19
   Number of public wire bits:     210
   Number of memories:               0
   Number of memory bits:            0
   Number of processes:              0
   Number of cells:                 36
     $add_32                         2
     $adff_41                        1
     $adffe_1                        4
     $adffe_41                       2
     $and_1                          8
     $logic_not_1                    2
     $mux_1                          4
     $mux_41                         2
     $not_1                          4
     $pmux_41                        2
     $reduce_and_2                   2
     $reduce_bool_2                  2
     $sub_1                          1

=== $paramod$fb80c288aca372e4a5e7798364fc4a720db0b97e\mesi_isc_breq_fifos_cntl ===

   Number of wires:                100
   Number of wire bits:            668
   Number of public wires:          31
   Number of public wire bits:     308
   Number of memories:               0
   Number of memory bits:            0
   Number of processes:              0
   Number of cells:                 86
     $add_32                         1
     $adff_4                         1
     $adff_8                         1
     $adffe_3                        1
     $adffe_4                        1
     $and_1                          8
     $and_2                          8
     $and_32                         4
     $and_4                          5
     $and_5                          4
     $eq_3                           8
     $mux_2                          8
     $mux_4                          4
     $not_1                          9
     $not_4                          1
     $or_1                           4
     $or_2                           6
     $or_32                          3
     $or_5                           3
     $reduce_or_4                    6

=== mesi_isc ===

   Number of wires:                 29
   Number of wire bits:            237
   Number of public wires:          29
   Number of public wire bits:     237
   Number of memories:               0
   Number of memory bits:            0
   Number of processes:              0
   Number of cells:                  2
     $paramod$4e5c328ff2bdb2a4c6016eb98ccc18c59ee01246\mesi_isc_breq_fifos      1
     $paramod$b828cc30611bdce469c40d8785b1e3c45ce51919\mesi_isc_broad      1

=== design hierarchy ===

   mesi_isc                          1
     $paramod$4e5c328ff2bdb2a4c6016eb98ccc18c59ee01246\mesi_isc_breq_fifos      1
       $paramod$d4ae6c2b4eeb60731e7c68a77cdcc338f295cc21\mesi_isc_basic_fifo      4
       $paramod$fb80c288aca372e4a5e7798364fc4a720db0b97e\mesi_isc_breq_fifos_cntl      1
     $paramod$b828cc30611bdce469c40d8785b1e3c45ce51919\mesi_isc_broad      1
       $paramod$089939ac0423498be06deb29cd3b3826a64addfd\mesi_isc_broad_cntl      1
       $paramod$99bf206c2597982ef9448cb8fcf80a42902f18e5\mesi_isc_basic_fifo      1

   Number of wires:                474
   Number of wire bits:           3983
   Number of public wires:         215
   Number of public wire bits:    2278
   Number of memories:               0
   Number of memory bits:            0
   Number of processes:              0
   Number of cells:                337
     $add_32                        11
     $adff_1                         1
     $adff_4                         1
     $adff_41                        5
     $adff_8                         1
     $adffe_1                       19
     $adffe_2                        2
     $adffe_3                        1
     $adffe_4                        3
     $adffe_41                      12
     $and_1                         57
     $and_2                          8
     $and_32                         4
     $and_4                          7
     $and_5                          4
     $eq_2                          15
     $eq_3                           8
     $logic_not_1                   12
     $logic_not_2                    5
     $mux_1                         27
     $mux_2                          8
     $mux_3                         10
     $mux_4                         11
     $mux_41                        10
     $ne_2                           1
     $not_1                         27
     $not_4                          2
     $or_1                           4
     $or_2                           6
     $or_32                          3
     $or_5                           3
     $pmux_4                         2
     $pmux_41                       10
     $reduce_and_2                  13
     $reduce_bool_2                 10
     $reduce_bool_3                  1
     $reduce_or_4                    8
     $sub_1                          4
     $sub_2                          1

