
5. Printing statistics.

=== dff ===

   Number of wires:                  5
   Number of wire bits:              5
   Number of public wires:           5
   Number of public wire bits:       5
   Number of memories:               0
   Number of memory bits:            0
   Number of processes:              0
   Number of cells:                  1
     $adff_1                         1

=== nlprg8 ===

   Number of wires:                 38
   Number of wire bits:             38
   Number of public wires:          22
   Number of public wire bits:      22
   Number of memories:               0
   Number of memory bits:            0
   Number of processes:              0
   Number of cells:                 28
     $and_1                          5
     $not_1                          6
     $or_1                           1
     $xor_1                          8
     dff                             8

=== design hierarchy ===

   nlprg8                            1
     dff                             8

   Number of wires:                 78
   Number of wire bits:             78
   Number of public wires:          62
   Number of public wire bits:      62
   Number of memories:               0
   Number of memory bits:            0
   Number of processes:              0
   Number of cells:                 28
     $adff_1                         8
     $and_1                          5
     $not_1                          6
     $or_1                           1
     $xor_1                          8

