
5. Printing statistics.

=== lp_fltr_v1 ===

   Number of wires:                 14
   Number of wire bits:            106
   Number of public wires:          12
   Number of public wire bits:      86
   Number of memories:               0
   Number of memory bits:            0
   Number of processes:              0
   Number of cells:                 10
     $add                            2
     $dff                            2
     $dffe                           4
     my_fifo_359                     2

=== my_fifo_359 ===

   Number of wires:                  6
   Number of wire bits:             34
   Number of public wires:           6
   Number of public wire bits:      34
   Number of memories:               0
   Number of memory bits:            0
   Number of processes:              0
   Number of cells:                  3
     $dffe                           3

=== design hierarchy ===

   lp_fltr_v1                        1
     my_fifo_359                     2

   Number of wires:                 26
   Number of wire bits:            174
   Number of public wires:          24
   Number of public wire bits:     154
   Number of memories:               0
   Number of memory bits:            0
   Number of processes:              0
   Number of cells:                 14
     $add                            2
     $dff                            2
     $dffe                          10

