
5. Printing statistics.

=== my_fifo_496 ===

   Number of wires:                  6
   Number of wire bits:             34
   Number of public wires:           6
   Number of public wire bits:      34
   Number of memories:               0
   Number of memory bits:            0
   Number of processes:              0
   Number of cells:                  3
     $dffe                           3

=== v_fltr_496 ===

   Number of wires:                 16
   Number of wire bits:            114
   Number of public wires:          16
   Number of public wire bits:     114
   Number of memories:               0
   Number of memory bits:            0
   Number of processes:              0
   Number of cells:                 12
     my_fifo_496                    12

=== design hierarchy ===

   v_fltr_496                        1
     my_fifo_496                    12

   Number of wires:                 88
   Number of wire bits:            522
   Number of public wires:          88
   Number of public wire bits:     522
   Number of memories:               0
   Number of memory bits:            0
   Number of processes:              0
   Number of cells:                 36
     $dffe                          36

