
5. Printing statistics.

=== quadintr_10_20 ===

   Number of wires:                145
   Number of wire bits:           1365
   Number of public wires:         106
   Number of public wire bits:    1033
   Number of memories:               0
   Number of memory bits:            0
   Number of processes:              0
   Number of cells:                130
     $add                           29
     $dff                           59
     $dffe                          32
     $sub                           10

=== wrapper_qs_intr_10_20 ===

   Number of wires:                100
   Number of wire bits:           1462
   Number of public wires:         100
   Number of public wire bits:    1462
   Number of memories:               0
   Number of memory bits:            0
   Number of processes:              0
   Number of cells:                 43
     $dffe                          42
     quadintr_10_20                  1

=== design hierarchy ===

   wrapper_qs_intr_10_20             1
     quadintr_10_20                  1

   Number of wires:                245
   Number of wire bits:           2827
   Number of public wires:         206
   Number of public wire bits:    2495
   Number of memories:               0
   Number of memory bits:            0
   Number of processes:              0
   Number of cells:                172
     $add                           29
     $dff                           59
     $dffe                          74
     $sub                           10

