
5. Printing statistics.

=== quadintr_5_20 ===

   Number of wires:                185
   Number of wire bits:           1760
   Number of public wires:         127
   Number of public wire bits:    1247
   Number of memories:               0
   Number of memory bits:            0
   Number of processes:              0
   Number of cells:                173
     $add                           43
     $dff                           88
     $dffe                          27
     $sub                           15

=== wrapper_qs_intr_5_20 ===

   Number of wires:                 95
   Number of wire bits:           1422
   Number of public wires:          95
   Number of public wire bits:    1422
   Number of memories:               0
   Number of memory bits:            0
   Number of processes:              0
   Number of cells:                 43
     $dffe                          42
     quadintr_5_20                   1

=== design hierarchy ===

   wrapper_qs_intr_5_20              1
     quadintr_5_20                   1

   Number of wires:                280
   Number of wire bits:           3182
   Number of public wires:         222
   Number of public wire bits:    2669
   Number of memories:               0
   Number of memory bits:            0
   Number of processes:              0
   Number of cells:                215
     $add                           43
     $dff                           88
     $dffe                          69
     $sub                           15

