
5. Printing statistics.

=== $paramod$3ba363c57e18702ead9096ac82e02dd89f68084a\processing_element ===

   Number of wires:                 12
   Number of wire bits:            146
   Number of public wires:           7
   Number of public wire bits:     122
   Number of memories:               0
   Number of memory bits:            0
   Number of processes:              0
   Number of cells:                  9
     $add                            1
     $eq                             1
     $gt                             1
     $logic_not                      1
     $lt                             1
     $mux                            4

=== $paramod$ab59b465056463fc04d10aed504d582ed3f913f6\processing_element ===

   Number of wires:                 12
   Number of wire bits:            138
   Number of public wires:           7
   Number of public wire bits:     114
   Number of memories:               0
   Number of memory bits:            0
   Number of processes:              0
   Number of cells:                  9
     $add                            1
     $eq                             1
     $gt                             1
     $logic_not                      1
     $lt                             1
     $mux                            4

=== reduction_unit ===

   Number of wires:                387
   Number of wire bits:           7172
   Number of public wires:         387
   Number of public wire bits:    7172
   Number of memories:               0
   Number of memory bits:            0
   Number of processes:              0
   Number of cells:                256
     $paramod$3ba363c57e18702ead9096ac82e02dd89f68084a\processing_element     64
     $paramod$ab59b465056463fc04d10aed504d582ed3f913f6\processing_element     64
     $sdff                         128

=== design hierarchy ===

   reduction_unit                    1
     $paramod$3ba363c57e18702ead9096ac82e02dd89f68084a\processing_element     64
     $paramod$ab59b465056463fc04d10aed504d582ed3f913f6\processing_element     64

   Number of wires:               1923
   Number of wire bits:          25348
   Number of public wires:        1283
   Number of public wire bits:   22276
   Number of memories:               0
   Number of memory bits:            0
   Number of processes:              0
   Number of cells:               1280
     $add                          128
     $eq                           128
     $gt                           128
     $logic_not                    128
     $lt                           128
     $mux                          512
     $sdff                         128

