
5. Printing statistics.

=== b_left_shifter ===

   Number of wires:                150
   Number of wire bits:            296
   Number of public wires:           3
   Number of public wire bits:     102
   Number of memories:               0
   Number of memory bits:            0
   Number of processes:              0
   Number of cells:                148
     $and_1                         48
     $dlatch_48                      1
     $eq_6                          48
     $logic_not_6                    1
     $not_1                         49
     $pmux_48                        1

=== b_left_shifter_new ===

   Number of wires:                174
   Number of wire bits:            344
   Number of public wires:           3
   Number of public wire bits:     118
   Number of memories:               0
   Number of memory bits:            0
   Number of processes:              0
   Number of cells:                172
     $and_1                         56
     $dlatch_56                      1
     $eq_6                          56
     $logic_not_6                    1
     $not_1                         57
     $pmux_56                        1

=== b_right_shifter ===

   Number of wires:                150
   Number of wire bits:            296
   Number of public wires:           3
   Number of public wire bits:     102
   Number of memories:               0
   Number of memory bits:            0
   Number of processes:              0
   Number of cells:                148
     $and_1                         48
     $dlatch_48                      1
     $eq_6                          48
     $logic_not_6                    1
     $not_1                         49
     $pmux_48                        1

=== except ===

   Number of wires:                 61
   Number of wire bits:            179
   Number of public wires:          31
   Number of public wire bits:     149
   Number of memories:               0
   Number of memory bits:            0
   Number of processes:              0
   Number of cells:                 52
     $and_1                         13
     $dff_1                         22
     $logic_not_1                    6
     $or_1                           3
     $reduce_and_8                   2
     $reduce_or_22                   2
     $reduce_or_23                   2
     $reduce_or_8                    2

=== fpu_mul ===

   Number of wires:                151
   Number of wire bits:            696
   Number of public wires:          91
   Number of public wire bits:     606
   Number of memories:               0
   Number of memory bits:            0
   Number of processes:              0
   Number of cells:                105
     $and_1                         21
     $dff_1                         21
     $dff_2                          1
     $dff_3                          1
     $dff_31                         1
     $dff_32                         3
     $dff_8                          1
     $eq_8                           1
     $logic_not_1                   13
     $logic_not_23                   1
     $logic_not_8                    1
     $mux_1                          1
     $mux_31                         2
     $or_1                          29
     $reduce_and_8                   1
     $reduce_bool_48                 1
     $reduce_or_23                   1
     $reduce_or_31                   1
     except                          1
     mul_r2                          1
     post_norm                       1
     pre_norm_fmul                   1

=== mul_r2 ===

   Number of wires:                  6
   Number of wire bits:            193
   Number of public wires:           5
   Number of public wire bits:     145
   Number of memories:               0
   Number of memory bits:            0
   Number of processes:              0
   Number of cells:                  3
     $dff_48                         2
     $mul_48                         1

=== post_norm ===

   Number of wires:                458
   Number of wire bits:           1475
   Number of public wires:         133
   Number of public wire bits:     995
   Number of memories:               0
   Number of memory bits:            0
   Number of processes:              0
   Number of cells:                435
     $add_24                         1
     $add_7                          1
     $add_8                          4
     $add_9                          2
     $and_1                        169
     $eq_1                           1
     $eq_2                           3
     $eq_3                           4
     $eq_7                           1
     $eq_8                           1
     $gt_6                           1
     $gt_8                           5
     $gt_9                           1
     $logic_not_1                   36
     $logic_not_2                    1
     $lt_5                           1
     $lt_6                           1
     $lt_7                           1
     $lt_8                           6
     $mux_1                         21
     $mux_23                         4
     $mux_24                         2
     $mux_48                         3
     $mux_8                         37
     $mux_9                          3
     $ne_8                           4
     $or_1                          83
     $pmux_23                        1
     $pmux_8                         1
     $reduce_and_23                  1
     $reduce_and_7                   1
     $reduce_and_8                   3
     $reduce_or_2                    3
     $reduce_or_23                   1
     $reduce_or_24                   3
     $reduce_or_25                   1
     $reduce_or_48                   1
     $reduce_or_7                    1
     $reduce_or_8                    2
     $sub_6                          2
     $sub_7                          1
     $sub_8                          9
     $sub_9                          3
     b_left_shifter                  1
     b_left_shifter_new              1
     b_right_shifter                 1
     pri_encoder                     1

=== pre_norm_fmul ===

   Number of wires:                 82
   Number of wire bits:            349
   Number of public wires:          34
   Number of public wire bits:     227
   Number of memories:               0
   Number of memory bits:            0
   Number of processes:              0
   Number of cells:                 75
     $add_8                          2
     $add_9                          2
     $and_1                         15
     $dff_1                          3
     $dff_2                          1
     $dff_3                          1
     $dff_8                          1
     $eq_2                           3
     $eq_3                           1
     $eq_8                           1
     $gt_9                           1
     $logic_not_1                    8
     $logic_not_2                    1
     $lt_8                           1
     $mux_1                          3
     $mux_8                          8
     $mux_9                          2
     $or_1                           8
     $pmux_1                         1
     $reduce_or_2                    2
     $reduce_or_23                   2
     $reduce_or_31                   2
     $reduce_or_8                    2
     $sub_8                          2
     $sub_9                          2

=== pri_encoder ===

   Number of wires:               1371
   Number of wire bits:           1663
   Number of public wires:           3
   Number of public wire bits:      60
   Number of memories:               0
   Number of memory bits:            0
   Number of processes:              0
   Number of cells:               1369
     $and_1                       1224
     $dlatch_6                       1
     $eq_10                          1
     $eq_11                          1
     $eq_12                          1
     $eq_13                          1
     $eq_14                          1
     $eq_15                          1
     $eq_16                          1
     $eq_17                          1
     $eq_18                          1
     $eq_19                          1
     $eq_2                           1
     $eq_20                          1
     $eq_21                          1
     $eq_22                          1
     $eq_23                          1
     $eq_24                          1
     $eq_25                          1
     $eq_26                          1
     $eq_27                          1
     $eq_28                          1
     $eq_29                          1
     $eq_3                           1
     $eq_30                          1
     $eq_31                          1
     $eq_32                          1
     $eq_33                          1
     $eq_34                          1
     $eq_35                          1
     $eq_36                          1
     $eq_37                          1
     $eq_38                          1
     $eq_39                          1
     $eq_4                           1
     $eq_40                          1
     $eq_41                          1
     $eq_42                          1
     $eq_43                          1
     $eq_44                          1
     $eq_45                          1
     $eq_46                          1
     $eq_47                          1
     $eq_48                          1
     $eq_5                           1
     $eq_6                           1
     $eq_7                           1
     $eq_8                           1
     $eq_9                           1
     $logic_not_48                   1
     $mux_6                         47
     $not_1                         49

=== design hierarchy ===

   fpu_mul                           1
     except                          1
     mul_r2                          1
     post_norm                       1
       b_left_shifter                1
       b_left_shifter_new            1
       b_right_shifter               1
       pri_encoder                   1
     pre_norm_fmul                   1

   Number of wires:               2603
   Number of wire bits:           5491
   Number of public wires:         306
   Number of public wire bits:    2504
   Number of memories:               0
   Number of memory bits:            0
   Number of processes:              0
   Number of cells:               2499
     $add_24                         1
     $add_7                          1
     $add_8                          6
     $add_9                          4
     $and_1                       1594
     $dff_1                         46
     $dff_2                          2
     $dff_3                          2
     $dff_31                         1
     $dff_32                         3
     $dff_48                         2
     $dff_8                          2
     $dlatch_48                      2
     $dlatch_56                      1
     $dlatch_6                       1
     $eq_1                           1
     $eq_10                          1
     $eq_11                          1
     $eq_12                          1
     $eq_13                          1
     $eq_14                          1
     $eq_15                          1
     $eq_16                          1
     $eq_17                          1
     $eq_18                          1
     $eq_19                          1
     $eq_2                           7
     $eq_20                          1
     $eq_21                          1
     $eq_22                          1
     $eq_23                          1
     $eq_24                          1
     $eq_25                          1
     $eq_26                          1
     $eq_27                          1
     $eq_28                          1
     $eq_29                          1
     $eq_3                           6
     $eq_30                          1
     $eq_31                          1
     $eq_32                          1
     $eq_33                          1
     $eq_34                          1
     $eq_35                          1
     $eq_36                          1
     $eq_37                          1
     $eq_38                          1
     $eq_39                          1
     $eq_4                           1
     $eq_40                          1
     $eq_41                          1
     $eq_42                          1
     $eq_43                          1
     $eq_44                          1
     $eq_45                          1
     $eq_46                          1
     $eq_47                          1
     $eq_48                          1
     $eq_5                           1
     $eq_6                         153
     $eq_7                           2
     $eq_8                           4
     $eq_9                           1
     $gt_6                           1
     $gt_8                           5
     $gt_9                           2
     $logic_not_1                   63
     $logic_not_2                    2
     $logic_not_23                   1
     $logic_not_48                   1
     $logic_not_6                    3
     $logic_not_8                    1
     $lt_5                           1
     $lt_6                           1
     $lt_7                           1
     $lt_8                           7
     $mul_48                         1
     $mux_1                         25
     $mux_23                         4
     $mux_24                         2
     $mux_31                         2
     $mux_48                         3
     $mux_6                         47
     $mux_8                         45
     $mux_9                          5
     $ne_8                           4
     $not_1                        204
     $or_1                         123
     $pmux_1                         1
     $pmux_23                        1
     $pmux_48                        2
     $pmux_56                        1
     $pmux_8                         1
     $reduce_and_23                  1
     $reduce_and_7                   1
     $reduce_and_8                   6
     $reduce_bool_48                 1
     $reduce_or_2                    5
     $reduce_or_22                   2
     $reduce_or_23                   6
     $reduce_or_24                   3
     $reduce_or_25                   1
     $reduce_or_31                   3
     $reduce_or_48                   1
     $reduce_or_7                    1
     $reduce_or_8                    6
     $sub_6                          2
     $sub_7                          1
     $sub_8                         11
     $sub_9                          5

