
5. Printing statistics.

=== buffer_16_12100_buffer_init_13 ===

   Number of wires:                 12
   Number of wire bits:            156
   Number of public wires:          12
   Number of public wire bits:     156
   Number of memories:               0
   Number of memory bits:            0
   Number of processes:              0
   Number of cells:                  4
     $dff                            3
     dual_port_ram                   1

=== dual_port_ram ===

   Number of wires:                 17
   Number of wire bits:            219
   Number of public wires:           9
   Number of public wire bits:      95
   Number of memories:               1
   Number of memory bits:          224
   Number of processes:              0
   Number of cells:                 12
     $dffe                           2
     $memrd                          2
     $memwr_v2                       2
     $mux                            6

=== design hierarchy ===

   buffer_16_12100_buffer_init_13      1
     dual_port_ram                   1

   Number of wires:                 29
   Number of wire bits:            375
   Number of public wires:          21
   Number of public wire bits:     251
   Number of memories:               1
   Number of memory bits:          224
   Number of processes:              0
   Number of cells:                 15
     $dff                            3
     $dffe                           2
     $memrd                          2
     $memwr_v2                       2
     $mux                            6

