
5. Printing statistics.

=== inverse_winograd_2 ===

   Number of wires:                366
   Number of wire bits:           9318
   Number of public wires:         213
   Number of public wire bits:    5326
   Number of memories:               0
   Number of memory bits:            0
   Number of processes:              0
   Number of cells:                350
     $add                            1
     $dff                          131
     $dffe                          44
     $eq                             3
     $logic_not                      1
     $lt                             1
     $mux                          142
     $ne                             2
     $neg                            7
     $not                            3
     $reduce_and                     3
     $reduce_bool                    2
     $sdffe                          2
     inverse_winograd_adder_30_3      8

=== inverse_winograd_adder_30_3 ===

   Number of wires:                 19
   Number of wire bits:            574
   Number of public wires:          14
   Number of public wire bits:     409
   Number of memories:               0
   Number of memory bits:            0
   Number of processes:              0
   Number of cells:                 11
     $add                            5
     $dff                            6

=== design hierarchy ===

   inverse_winograd_2                1
     inverse_winograd_adder_30_3      8

   Number of wires:                518
   Number of wire bits:          13910
   Number of public wires:         325
   Number of public wire bits:    8598
   Number of memories:               0
   Number of memory bits:            0
   Number of processes:              0
   Number of cells:                430
     $add                           41
     $dff                          179
     $dffe                          44
     $eq                             3
     $logic_not                      1
     $lt                             1
     $mux                          142
     $ne                             2
     $neg                            7
     $not                            3
     $reduce_and                     3
     $reduce_bool                    2
     $sdffe                          2

