
5. Printing statistics.

=== inverse_winograd_6 ===

   Number of wires:                346
   Number of wire bits:           8834
   Number of public wires:         193
   Number of public wire bits:    4842
   Number of memories:               0
   Number of memory bits:            0
   Number of processes:              0
   Number of cells:                330
     $add                            1
     $dff                          111
     $dffe                          44
     $eq                             3
     $logic_not                      1
     $lt                             1
     $mux                          142
     $ne                             2
     $neg                            7
     $not                            3
     $reduce_and                     3
     $reduce_bool                    2
     $sdffe                          2
     inverse_winograd_adder_30_3      8

=== inverse_winograd_adder_30_3 ===

   Number of wires:                 19
   Number of wire bits:            574
   Number of public wires:          14
   Number of public wire bits:     409
   Number of memories:               0
   Number of memory bits:            0
   Number of processes:              0
   Number of cells:                 11
     $add                            5
     $dff                            6

=== design hierarchy ===

   inverse_winograd_6                1
     inverse_winograd_adder_30_3      8

   Number of wires:                498
   Number of wire bits:          13426
   Number of public wires:         305
   Number of public wire bits:    8114
   Number of memories:               0
   Number of memory bits:            0
   Number of processes:              0
   Number of cells:                410
     $add                           41
     $dff                          159
     $dffe                          44
     $eq                             3
     $logic_not                      1
     $lt                             1
     $mux                          142
     $ne                             2
     $neg                            7
     $not                            3
     $reduce_and                     3
     $reduce_bool                    2
     $sdffe                          2

