
5. Printing statistics.

=== inverse_winograd_21 ===

   Number of wires:                271
   Number of wire bits:           7019
   Number of public wires:         118
   Number of public wire bits:    3027
   Number of memories:               0
   Number of memory bits:            0
   Number of processes:              0
   Number of cells:                255
     $add                            1
     $dff                           36
     $dffe                          44
     $eq                             3
     $logic_not                      1
     $lt                             1
     $mux                          142
     $ne                             2
     $neg                            7
     $not                            3
     $reduce_and                     3
     $reduce_bool                    2
     $sdffe                          2
     inverse_winograd_adder_30_3      8

=== inverse_winograd_adder_30_3 ===

   Number of wires:                 19
   Number of wire bits:            574
   Number of public wires:          14
   Number of public wire bits:     409
   Number of memories:               0
   Number of memory bits:            0
   Number of processes:              0
   Number of cells:                 11
     $add                            5
     $dff                            6

=== design hierarchy ===

   inverse_winograd_21               1
     inverse_winograd_adder_30_3      8

   Number of wires:                423
   Number of wire bits:          11611
   Number of public wires:         230
   Number of public wire bits:    6299
   Number of memories:               0
   Number of memory bits:            0
   Number of processes:              0
   Number of cells:                335
     $add                           41
     $dff                           84
     $dffe                          44
     $eq                             3
     $logic_not                      1
     $lt                             1
     $mux                          142
     $ne                             2
     $neg                            7
     $not                            3
     $reduce_and                     3
     $reduce_bool                    2
     $sdffe                          2

