
5. Printing statistics.

=== inverse_winograd_7 ===

   Number of wires:                341
   Number of wire bits:           8713
   Number of public wires:         188
   Number of public wire bits:    4721
   Number of memories:               0
   Number of memory bits:            0
   Number of processes:              0
   Number of cells:                325
     $add                            1
     $dff                          106
     $dffe                          44
     $eq                             3
     $logic_not                      1
     $lt                             1
     $mux                          142
     $ne                             2
     $neg                            7
     $not                            3
     $reduce_and                     3
     $reduce_bool                    2
     $sdffe                          2
     inverse_winograd_adder_30_3      8

=== inverse_winograd_adder_30_3 ===

   Number of wires:                 19
   Number of wire bits:            574
   Number of public wires:          14
   Number of public wire bits:     409
   Number of memories:               0
   Number of memory bits:            0
   Number of processes:              0
   Number of cells:                 11
     $add                            5
     $dff                            6

=== design hierarchy ===

   inverse_winograd_7                1
     inverse_winograd_adder_30_3      8

   Number of wires:                493
   Number of wire bits:          13305
   Number of public wires:         300
   Number of public wire bits:    7993
   Number of memories:               0
   Number of memory bits:            0
   Number of processes:              0
   Number of cells:                405
     $add                           41
     $dff                          154
     $dffe                          44
     $eq                             3
     $logic_not                      1
     $lt                             1
     $mux                          142
     $ne                             2
     $neg                            7
     $not                            3
     $reduce_and                     3
     $reduce_bool                    2
     $sdffe                          2

