
5. Printing statistics.

=== inverse_winograd_15 ===

   Number of wires:                301
   Number of wire bits:           7745
   Number of public wires:         148
   Number of public wire bits:    3753
   Number of memories:               0
   Number of memory bits:            0
   Number of processes:              0
   Number of cells:                285
     $add                            1
     $dff                           66
     $dffe                          44
     $eq                             3
     $logic_not                      1
     $lt                             1
     $mux                          142
     $ne                             2
     $neg                            7
     $not                            3
     $reduce_and                     3
     $reduce_bool                    2
     $sdffe                          2
     inverse_winograd_adder_30_3      8

=== inverse_winograd_adder_30_3 ===

   Number of wires:                 19
   Number of wire bits:            574
   Number of public wires:          14
   Number of public wire bits:     409
   Number of memories:               0
   Number of memory bits:            0
   Number of processes:              0
   Number of cells:                 11
     $add                            5
     $dff                            6

=== design hierarchy ===

   inverse_winograd_15               1
     inverse_winograd_adder_30_3      8

   Number of wires:                453
   Number of wire bits:          12337
   Number of public wires:         260
   Number of public wire bits:    7025
   Number of memories:               0
   Number of memory bits:            0
   Number of processes:              0
   Number of cells:                365
     $add                           41
     $dff                          114
     $dffe                          44
     $eq                             3
     $logic_not                      1
     $lt                             1
     $mux                          142
     $ne                             2
     $neg                            7
     $not                            3
     $reduce_and                     3
     $reduce_bool                    2
     $sdffe                          2

