
5. Printing statistics.

=== store_output ===

   Number of wires:                161
   Number of wire bits:           1597
   Number of public wires:          97
   Number of public wire bits:    1254
   Number of memories:               0
   Number of memory bits:            0
   Number of processes:              0
   Number of cells:                103
     $add                            6
     $dff                           26
     $eq                             7
     $logic_and                      6
     $logic_not                      1
     $logic_or                       1
     $mux                           31
     $ne                             4
     $reduce_and                     6
     $reduce_bool                    2
     $sdffe                         13

