
5. Printing statistics.

=== a25_alu ===

   Number of wires:                 56
   Number of wire bits:            786
   Number of public wires:          27
   Number of public wire bits:     477
   Number of memories:               0
   Number of memory bits:            0
   Number of processes:              0
   Number of cells:                 41
     $add_33                         2
     $and_32                         1
     $eq_2                           1
     $eq_4                           7
     $logic_and_1                    5
     $logic_not_1                    3
     $logic_not_2                    1
     $logic_not_4                    1
     $logic_or_1                     1
     $mux_1                          3
     $mux_32                        11
     $not_1                          1
     $not_32                         1
     $or_32                          1
     $reduce_or_32                   1
     $xor_32                         1

=== a25_barrel_shift ===

   Number of wires:                 18
   Number of wire bits:            181
   Number of public wires:          16
   Number of public wire bits:     179
   Number of memories:               0
   Number of memory bits:            0
   Number of processes:              0
   Number of cells:                 10
     $and_1                          1
     $dff_1                          2
     $dff_32                         1
     $logic_not_1                    1
     $mux_1                          1
     $mux_32                         1
     $reduce_or_6                    1
     a25_shifter_full                1
     a25_shifter_quick               1

=== a25_coprocessor ===

   Number of wires:                 37
   Number of wire bits:            336
   Number of public wires:          19
   Number of public wire bits:     287
   Number of memories:               0
   Number of memory bits:            0
   Number of processes:              0
   Number of cells:                 26
     $dffe_3                         1
     $dffe_32                        5
     $dffe_8                         1
     $eq_2                           1
     $eq_4                           7
     $logic_and_1                    2
     $logic_not_1                    1
     $logic_not_4                    1
     $not_1                          1
     $pmux_32                        1
     $reduce_and_2                   1
     $reduce_and_3                   4

=== a25_dcache ===

   Number of wires:                260
   Number of wire bits:           4014
   Number of public wires:          76
   Number of public wire bits:    2178
   Number of memories:               0
   Number of memory bits:            0
   Number of processes:              0
   Number of cells:                255
     $add_2                          1
     $add_9                          1
     $dff_1                          1
     $dffe_128                       2
     $dffe_28                        1
     $dffe_32                        1
     $dffe_4                         5
     $dffe_8                         1
     $eq_2                           2
     $eq_20                          4
     $eq_28                          1
     $eq_3                           5
     $eq_32                          1
     $eq_4                          14
     $logic_and_1                   58
     $logic_not_1                    6
     $logic_not_2                    1
     $logic_not_3                    1
     $logic_not_4                    1
     $logic_or_1                    32
     $lt_32                          1
     $mux_1                          3
     $mux_128                       13
     $mux_21                         1
     $mux_32                        20
     $mux_4                         29
     $mux_8                          8
     $ne_2                           6
     $ne_4                           1
     $ne_5                           1
     $not_1                          1
     $or_4                           1
     $pmux_4                         3
     $reduce_and_2                   2
     $reduce_and_3                   2
     $reduce_and_4                   1
     $reduce_and_6                   1
     $reduce_bool_2                  3
     $reduce_bool_4                  1
     $reduce_bool_8                  1
     $reduce_or_2                    2
     $reduce_or_4                    1
     $sdffe_1                        1
     $sdffe_4                        3
     $sdffe_9                        1
     $xor_1                          1
     single_port_ram_128_8           4
     single_port_ram_21_8            4

=== a25_decode ===

   Number of wires:               1092
   Number of wire bits:           5245
   Number of public wires:         207
   Number of public wire bits:    1104
   Number of memories:               0
   Number of memory bits:            0
   Number of processes:              0
   Number of cells:               1063
     $add_5                         15
     $and_16                        16
     $dffe_1                        34
     $dffe_15                        1
     $dffe_2                         5
     $dffe_3                         5
     $dffe_32                        8
     $dffe_4                        10
     $dffe_5                         3
     $dffe_8                         5
     $eq_1                           1
     $eq_10                          1
     $eq_11                          1
     $eq_12                          1
     $eq_13                          1
     $eq_14                          1
     $eq_15                          1
     $eq_16                         15
     $eq_2                           7
     $eq_3                          12
     $eq_4                         115
     $eq_5                          23
     $eq_6                           2
     $eq_7                           1
     $eq_8                           1
     $eq_9                           1
     $gt_5                           2
     $logic_and_1                  181
     $logic_and_16                   1
     $logic_not_1                   20
     $logic_not_2                    2
     $logic_not_4                    8
     $logic_not_5                    2
     $logic_not_6                    1
     $logic_or_1                    77
     $mux_1                         97
     $mux_15                        56
     $mux_16                        16
     $mux_2                         45
     $mux_3                         25
     $mux_32                        43
     $mux_4                         88
     $mux_5                         34
     $mux_8                          5
     $ne_1                           1
     $ne_19                          1
     $ne_2                           2
     $ne_3                           3
     $ne_4                           4
     $ne_5                           3
     $not_1                          3
     $not_16                         1
     $reduce_and_2                   4
     $reduce_and_3                   2
     $reduce_and_5                   1
     $reduce_bool_16                16
     $reduce_bool_19                 1
     $reduce_bool_2                  3
     $reduce_bool_3                  2
     $reduce_bool_5                  2
     $reduce_or_2                    4
     $reduce_or_3                    2
     $reduce_or_4                    1
     $reduce_or_8                    1
     $sdffce_1                       8
     $sdffce_2                       5
     $sdffce_25                      1
     $sdffce_4                       1
     $sdffce_5                       1
     $sdffce_7                       1

=== a25_execute ===

   Number of wires:                316
   Number of wire bits:           2563
   Number of public wires:         140
   Number of public wire bits:    1520
   Number of memories:               0
   Number of memory bits:            0
   Number of processes:              0
   Number of cells:                250
     $add_32                         4
     $and_1                          3
     $and_15                         2
     $and_4                          2
     $dff_32                         1
     $dff_4                          1
     $dffe_1                         8
     $dffe_2                         3
     $dffe_32                        5
     $dffe_7                         1
     $eq_1                           1
     $eq_2                          12
     $eq_3                          16
     $eq_4                          25
     $logic_and_1                   37
     $logic_not_1                    8
     $logic_not_2                    5
     $logic_not_3                    4
     $logic_not_4                    2
     $logic_or_1                    22
     $logic_or_4                     1
     $mux_1                          6
     $mux_15                         1
     $mux_2                          5
     $mux_32                        40
     $mux_4                         17
     $mux_8                          2
     $ne_1                           1
     $not_1                          1
     $not_4                          1
     $reduce_and_2                   1
     $reduce_bool_2                  1
     $reduce_bool_4                  2
     $reduce_or_6                    1
     $sdffce_2                       1
     $sdffce_4                       2
     $sub_32                         1
     a25_alu                         1
     a25_barrel_shift                1
     a25_multiply                    1
     a25_register_bank               1

=== a25_fetch ===

   Number of wires:                119
   Number of wire bits:            745
   Number of public wires:          28
   Number of public wire bits:     499
   Number of memories:               0
   Number of memory bits:            0
   Number of processes:              0
   Number of cells:                103
     $dff_1                          1
     $eq_18                          1
     $eq_2                           2
     $eq_5                          30
     $ge_32                          1
     $logic_and_1                   10
     $logic_not_1                    5
     $logic_not_2                    1
     $logic_not_5                    1
     $logic_or_1                     9
     $lt_32                          2
     $mux_1                         31
     $mux_32                         8
     a25_icache                      1

=== a25_icache ===

   Number of wires:                134
   Number of wire bits:           2151
   Number of public wires:          52
   Number of public wire bits:    1438
   Number of memories:               0
   Number of memory bits:            0
   Number of processes:              0
   Number of cells:                136
     $add_2                          1
     $add_9                          1
     $dff_1                          1
     $dff_32                         1
     $dffe_128                       1
     $dffe_28                        1
     $dffe_32                        2
     $dffe_4                         3
     $eq_20                          4
     $eq_28                          1
     $eq_3                           5
     $eq_32                          1
     $eq_4                           4
     $logic_and_1                   28
     $logic_not_1                    4
     $logic_not_3                    1
     $logic_not_4                    1
     $logic_or_1                     7
     $lt_32                          1
     $mux_1                          6
     $mux_128                        6
     $mux_21                         1
     $mux_32                         3
     $mux_4                         13
     $mux_8                          3
     $ne_2                           4
     $ne_32                          1
     $not_1                          1
     $pmux_4                         2
     $reduce_and_2                   5
     $reduce_and_3                   1
     $reduce_and_4                   1
     $reduce_bool_2                  2
     $reduce_bool_5                  1
     $reduce_or_2                    1
     $reduce_or_4                    1
     $sdffce_1                       2
     $sdffce_2                       1
     $sdffe_1                        1
     $sdffe_4                        2
     $sdffe_9                        1
     $xor_1                          1
     single_port_ram_128_8           4
     single_port_ram_21_8            4

=== a25_mem ===

   Number of wires:                166
   Number of wire bits:           1036
   Number of public wires:          55
   Number of public wire bits:     802
   Number of memories:               0
   Number of memory bits:            0
   Number of processes:              0
   Number of cells:                142
     $dff_1                          6
     $dffe_1                         1
     $dffe_11                        1
     $dffe_32                        1
     $eq_18                          1
     $eq_2                           2
     $eq_5                          30
     $ge_32                          1
     $logic_and_1                   28
     $logic_not_1                   13
     $logic_not_2                    1
     $logic_not_5                    1
     $logic_or_1                    11
     $lt_32                          2
     $mux_1                         32
     $mux_11                         1
     $mux_16                         3
     $mux_32                         6
     a25_dcache                      1

=== a25_multiply ===

   Number of wires:                 46
   Number of wire bits:            665
   Number of public wires:          21
   Number of public wire bits:     425
   Number of memories:               0
   Number of memory bits:            0
   Number of processes:              0
   Number of cells:                 37
     $add_33                         1
     $add_34                         2
     $add_6                          1
     $dffe_1                         1
     $dffe_32                        1
     $dffe_6                         1
     $eq_2                           2
     $eq_6                           3
     $le_6                           1
     $logic_and_1                    3
     $logic_not_1                    1
     $logic_not_32                   1
     $logic_not_6                    1
     $logic_or_1                     1
     $mux_34                         2
     $mux_6                          3
     $mux_68                         3
     $ne_3                           1
     $not_1                          1
     $not_34                         1
     $reduce_and_2                   1
     $reduce_and_3                   1
     $reduce_and_4                   1
     $reduce_bool_3                  1
     $sdffce_32                      1
     $sdffce_4                       1

=== a25_register_bank ===

   Number of wires:                314
   Number of wire bits:           5009
   Number of public wires:          91
   Number of public wire bits:    2012
   Number of memories:               0
   Number of memory bits:            0
   Number of processes:              0
   Number of cells:                280
     $and_1                          3
     $and_15                         2
     $dffe_24                        1
     $dffe_32                       26
     $eq_2                           8
     $eq_4                          57
     $logic_and_1                   36
     $logic_not_1                    1
     $logic_not_2                    3
     $logic_not_4                    4
     $mux_24                         2
     $mux_32                       104
     $ne_2                           1
     $not_1                          2
     $pmux_15                        1
     $pmux_32                        2
     $reduce_bool_2                 27

=== a25_shifter_full ===

   Number of wires:                210
   Number of wire bits:           4632
   Number of public wires:          11
   Number of public wire bits:     209
   Number of memories:               0
   Number of memory bits:            0
   Number of processes:              0
   Number of cells:                204
     $eq_2                           2
     $eq_5                          30
     $eq_8                          32
     $logic_not_2                    1
     $logic_not_5                    1
     $logic_not_8                    1
     $mux_33                       137

=== a25_shifter_quick ===

   Number of wires:                 34
   Number of wire bits:            680
   Number of public wires:          11
   Number of public wire bits:     209
   Number of memories:               0
   Number of memory bits:            0
   Number of processes:              0
   Number of cells:                 28
     $eq_2                           4
     $eq_8                           2
     $logic_not_2                    2
     $logic_not_8                    1
     $mux_33                        19

=== a25_wishbone ===

   Number of wires:                 70
   Number of wire bits:           2322
   Number of public wires:          45
   Number of public wire bits:    1774
   Number of memories:               0
   Number of memory bits:            0
   Number of processes:              0
   Number of cells:                 40
     $and_1                          1
     $and_3                          1
     $dffe_1                         1
     $dffe_128                       1
     $dffe_16                        1
     $dffe_32                        1
     $logic_and_1                    5
     $logic_not_1                    3
     $logic_or_1                     1
     $mux_1                          4
     $mux_128                        3
     $mux_16                         3
     $mux_3                          2
     $mux_32                         3
     $not_1                          1
     $reduce_and_2                   1
     $reduce_bool_3                  1
     $reduce_or_2                    1
     $sdffce_1                       2
     $sdffce_2                       1
     a25_wishbone_buf                3

=== a25_wishbone_buf ===

   Number of wires:                 71
   Number of wire bits:           1211
   Number of public wires:          32
   Number of public wire bits:     980
   Number of memories:               0
   Number of memory bits:            0
   Number of processes:              0
   Number of cells:                 62
     $add_2                          1
     $dffe_1                         4
     $dffe_128                       2
     $dffe_16                        2
     $dffe_2                         1
     $dffe_32                        2
     $eq_2                           1
     $logic_and_1                   14
     $logic_not_1                    8
     $logic_not_2                    1
     $logic_or_1                     3
     $mux_1                          3
     $mux_128                        2
     $mux_16                         3
     $mux_2                          2
     $mux_32                         2
     $not_1                          2
     $reduce_and_2                   3
     $reduce_bool_2                  2
     $sdffe_1                        3
     $sub_2                          1

=== a25_write_back ===

   Number of wires:                 12
   Number of wire bits:            166
   Number of public wires:          12
   Number of public wire bits:     166
   Number of memories:               0
   Number of memory bits:            0
   Number of processes:              0
   Number of cells:                  3
     $dffe_1                         1
     $dffe_11                        1
     $dffe_32                        1

=== arm_core ===

   Number of wires:                116
   Number of wire bits:           1628
   Number of public wires:         115
   Number of public wire bits:    1627
   Number of memories:               0
   Number of memory bits:            0
   Number of processes:              0
   Number of cells:                 12
     $logic_or_1                     2
     $mux_32                         1
     $mux_8                          1
     $or_1                           1
     a25_coprocessor                 1
     a25_decode                      1
     a25_execute                     1
     a25_fetch                       1
     a25_mem                         1
     a25_wishbone                    1
     a25_write_back                  1

=== single_port_ram_128_8 ===

   Number of wires:                  9
   Number of wire bits:            658
   Number of public wires:           5
   Number of public wire bits:     266
   Number of memories:               1
   Number of memory bits:        32768
   Number of processes:              0
   Number of cells:                  6
     $dffe_128                       1
     $memrd                          1
     $memwr_v2                       1
     $mux_1                          1
     $mux_128                        1
     $mux_8                          1

=== single_port_ram_21_8 ===

   Number of wires:                  9
   Number of wire bits:            123
   Number of public wires:           5
   Number of public wire bits:      52
   Number of memories:               1
   Number of memory bits:         5376
   Number of processes:              0
   Number of cells:                  6
     $dffe_21                        1
     $memrd                          1
     $memwr_v2                       1
     $mux_1                          1
     $mux_21                         1
     $mux_8                          1

=== design hierarchy ===

   arm_core                          1
     a25_coprocessor                 1
     a25_decode                      1
     a25_execute                     1
       a25_alu                       1
       a25_barrel_shift              1
         a25_shifter_full            1
         a25_shifter_quick           1
       a25_multiply                  1
       a25_register_bank             1
     a25_fetch                       1
       a25_icache                    1
         single_port_ram_128_8       4
         single_port_ram_21_8        4
     a25_mem                         1
       a25_dcache                    1
         single_port_ram_128_8       4
         single_port_ram_21_8        4
     a25_wishbone                    1
       a25_wishbone_buf              3
     a25_write_back                  1

   Number of wires:               3357
   Number of wire bits:          42040
   Number of public wires:        1102
   Number of public wire bits:   20390
   Number of memories:              16
   Number of memory bits:       305152
   Number of processes:              0
   Number of cells:               2878
     $add_2                          5
     $add_32                         4
     $add_33                         3
     $add_34                         2
     $add_5                         15
     $add_6                          1
     $add_9                          2
     $and_1                          8
     $and_15                         4
     $and_16                        16
     $and_3                          1
     $and_32                         1
     $and_4                          2
     $dff_1                         11
     $dff_32                         3
     $dff_4                          1
     $dffe_1                        58
     $dffe_11                        2
     $dffe_128                      18
     $dffe_15                        1
     $dffe_16                        7
     $dffe_2                        11
     $dffe_21                        8
     $dffe_24                        1
     $dffe_28                        2
     $dffe_3                         6
     $dffe_32                       57
     $dffe_4                        18
     $dffe_5                         3
     $dffe_6                         1
     $dffe_7                         1
     $dffe_8                         7
     $eq_1                           2
     $eq_10                          1
     $eq_11                          1
     $eq_12                          1
     $eq_13                          1
     $eq_14                          1
     $eq_15                          1
     $eq_16                         15
     $eq_18                          2
     $eq_2                          46
     $eq_20                          8
     $eq_28                          2
     $eq_3                          38
     $eq_32                          2
     $eq_4                         229
     $eq_5                         113
     $eq_6                           5
     $eq_7                           1
     $eq_8                          35
     $eq_9                           1
     $ge_32                          2
     $gt_5                           2
     $le_6                           1
     $logic_and_1                  435
     $logic_and_16                   1
     $logic_not_1                   90
     $logic_not_2                   20
     $logic_not_3                    6
     $logic_not_32                   1
     $logic_not_4                   18
     $logic_not_5                    5
     $logic_not_6                    2
     $logic_not_8                    2
     $logic_or_1                   172
     $logic_or_4                     1
     $lt_32                          6
     $memrd                         16
     $memwr_v2                      16
     $mux_1                        208
     $mux_11                         1
     $mux_128                       36
     $mux_15                        57
     $mux_16                        31
     $mux_2                         56
     $mux_21                        10
     $mux_24                         2
     $mux_3                         27
     $mux_32                       246
     $mux_33                       156
     $mux_34                         2
     $mux_4                        147
     $mux_5                         34
     $mux_6                          3
     $mux_68                         3
     $mux_8                         35
     $ne_1                           2
     $ne_19                          1
     $ne_2                          13
     $ne_3                           4
     $ne_32                          1
     $ne_4                           5
     $ne_5                           4
     $not_1                         18
     $not_16                         1
     $not_32                         1
     $not_34                         1
     $not_4                          1
     $or_1                           1
     $or_32                          1
     $or_4                           1
     $pmux_15                        1
     $pmux_32                        3
     $pmux_4                         5
     $reduce_and_2                  24
     $reduce_and_3                  10
     $reduce_and_4                   3
     $reduce_and_5                   1
     $reduce_and_6                   1
     $reduce_bool_16                16
     $reduce_bool_19                 1
     $reduce_bool_2                 42
     $reduce_bool_3                  4
     $reduce_bool_4                  3
     $reduce_bool_5                  3
     $reduce_bool_8                  1
     $reduce_or_2                    8
     $reduce_or_3                    2
     $reduce_or_32                   1
     $reduce_or_4                    3
     $reduce_or_6                    2
     $reduce_or_8                    1
     $sdffce_1                      12
     $sdffce_2                       8
     $sdffce_25                      1
     $sdffce_32                      1
     $sdffce_4                       4
     $sdffce_5                       1
     $sdffce_7                       1
     $sdffe_1                       11
     $sdffe_4                        5
     $sdffe_9                        2
     $sub_2                          3
     $sub_32                         1
     $xor_1                          2
     $xor_32                         1

