
5. Printing statistics.

=== diffeq_paj_convert ===

   Number of wires:                 36
   Number of wire bits:            842
   Number of public wires:          15
   Number of public wire bits:     387
   Number of memories:               0
   Number of memory bits:            0
   Number of processes:              0
   Number of cells:                 29
     $add_32                         2
     $dffe_32                        3
     $lt_32                          1
     $mul_32                         5
     $mux_1                          2
     $mux_32                         6
     $ne_2                           1
     $not_1                          2
     $reduce_and_3                   1
     $sdff_1                         1
     $sdffe_32                       3
     $sub_32                         2

