
5. Printing statistics.

=== $paramod$1562f140864cc7fdf547927d88f1d7d4344d72f7\dual_port_ram ===

   Number of wires:                 17
   Number of wire bits:           2583
   Number of public wires:           9
   Number of public wire bits:    1037
   Number of memories:               1
   Number of memory bits:         1280
   Number of processes:              0
   Number of cells:                 12
     $dffe_256                       2
     $memrd                          2
     $memwr_v2                       2
     $mux_1                          2
     $mux_256                        2
     $mux_5                          2

=== $paramod$4fd442b091a108698966967405a6589cbf6b5b5d\dual_port_ram ===

   Number of wires:                 17
   Number of wire bits:            299
   Number of public wires:           9
   Number of public wire bits:     123
   Number of memories:               1
   Number of memory bits:          112
   Number of processes:              0
   Number of cells:                 12
     $dffe_28                        2
     $memrd                          2
     $memwr_v2                       2
     $mux_1                          2
     $mux_28                         2
     $mux_4                          2

=== $paramod$ce0c38940747abe9a6fc0e1739aaf602f7b0afe8\dual_port_ram ===

   Number of wires:                 17
   Number of wire bits:            355
   Number of public wires:           9
   Number of public wire bits:     147
   Number of memories:               1
   Number of memory bits:          256
   Number of processes:              0
   Number of cells:                 12
     $dffe_32                        2
     $memrd                          2
     $memwr_v2                       2
     $mux_1                          2
     $mux_32                         2
     $mux_8                          2

=== $paramod$ef0515f863cb1da1c6fa3654d4ff4adbb9145d5b\dual_port_ram ===

   Number of wires:                 17
   Number of wire bits:            659
   Number of public wires:           9
   Number of public wire bits:     267
   Number of memories:               1
   Number of memory bits:          256
   Number of processes:              0
   Number of cells:                 12
     $dffe_64                        2
     $memrd                          2
     $memwr_v2                       2
     $mux_1                          2
     $mux_4                          2
     $mux_64                         2

=== $paramod\dual_port_ram\DATA_WIDTH=10'0100000000\ADDR_WIDTH=4'0100 ===

   Number of wires:                 17
   Number of wire bits:           2579
   Number of public wires:           9
   Number of public wire bits:    1035
   Number of memories:               1
   Number of memory bits:         1024
   Number of processes:              0
   Number of cells:                 12
     $dffe_256                       2
     $memrd                          2
     $memwr_v2                       2
     $mux_1                          2
     $mux_256                        2
     $mux_4                          2

=== $paramod\dual_port_ram\DATA_WIDTH=4'0101\ADDR_WIDTH=4'0100 ===

   Number of wires:                 17
   Number of wire bits:             69
   Number of public wires:           9
   Number of public wire bits:      31
   Number of memories:               1
   Number of memory bits:           20
   Number of processes:              0
   Number of cells:                 12
     $dffe_5                         2
     $memrd                          2
     $memwr_v2                       2
     $mux_1                          2
     $mux_4                          2
     $mux_5                          2

=== DataTransferUnit ===

   Number of wires:                149
   Number of wire bits:           2495
   Number of public wires:          69
   Number of public wire bits:    2057
   Number of memories:               0
   Number of memory bits:            0
   Number of processes:              0
   Number of cells:                113
     $add_24                         1
     $add_32                         1
     $add_4                          1
     $dff_1                          1
     $eq_2                           2
     $ge_3                           1
     $logic_and_1                   10
     $logic_not_1                    1
     $logic_not_2                    1
     $logic_not_3                    1
     $logic_not_5                    1
     $logic_or_1                     2
     $lt_3                           1
     $lt_32                          1
     $mux_1                          8
     $mux_2                          8
     $mux_24                         5
     $mux_3                          4
     $mux_32                         3
     $mux_5                         10
     $ne_2                           2
     $ne_3                           2
     $ne_4                           1
     $not_1                          4
     $pmux_2                         1
     $reduce_and_3                   3
     $reduce_and_4                   1
     $reduce_bool_4                  2
     $reduce_bool_5                  1
     $reduce_or_2                    1
     $reduce_or_5                    1
     $reduce_or_6                    1
     $sdff_1                         1
     $sdff_2                         1
     $sdff_4                         1
     $sdffe_1                        3
     $sdffe_2                        5
     $sdffe_24                       6
     $sdffe_3                        1
     $sdffe_4                        2
     $sdffe_5                        3
     $sub_3                          1
     $sub_32                         1
     $sub_4                          1
     addr_fifo                       1
     memcmd_fifo                     1
     rfifo                           1
     wfifo                           1

=== LU ===

   Number of wires:                194
   Number of wire bits:          10633
   Number of public wires:         165
   Number of public wire bits:    9343
   Number of memories:               0
   Number of memory bits:            0
   Number of processes:              0
   Number of cells:                114
     $dff_1                         11
     $dff_256                       12
     $dff_32                        12
     $dff_5                         14
     $dff_8                          6
     $dffe_32                        1
     $eq_3                           7
     $logic_not_3                    1
     $mux_1                          4
     $mux_256                        8
     $mux_32                        14
     $mux_5                          6
     $pmux_32                        2
     $sdffe_32                       1
     LUControl                       1
     fpu_div                         1
     mult_add                        8
     ram                             1
     ram1                            1
     ram2                            1
     ram3                            1
     top_ram                         1

=== LU8PEEng ===

   Number of wires:                 50
   Number of wire bits:           1681
   Number of public wires:          49
   Number of public wire bits:    1680
   Number of memories:               0
   Number of memory bits:            0
   Number of processes:              0
   Number of cells:                  6
     $logic_and_1                    2
     $not_1                          1
     DataTransferUnit                1
     LU                              1
     MarshallerController            1

=== LUControl ===

   Number of wires:                450
   Number of wire bits:           3829
   Number of public wires:         214
   Number of public wire bits:    2097
   Number of memories:               0
   Number of memory bits:            0
   Number of processes:              0
   Number of cells:                433
     $add_2                          1
     $add_3                          2
     $add_32                        25
     $add_5                          1
     $add_8                          1
     $dff_1                         10
     $dff_16                         2
     $dff_2                          2
     $dff_3                         33
     $dff_30                         1
     $dff_31                         2
     $dff_32                        33
     $dff_4                          1
     $dff_5                         42
     $dff_6                          2
     $dff_8                         35
     $dffe_2                         1
     $dffe_5                         3
     $dffe_8                         1
     $eq_2                           6
     $eq_3                           8
     $eq_32                          7
     $eq_4                          17
     $eq_5                           9
     $eq_6                           1
     $ge_32                          3
     $gt_5                           1
     $logic_and_1                   23
     $logic_not_2                    1
     $logic_not_3                    1
     $logic_not_4                    1
     $logic_not_5                    1
     $logic_or_1                    11
     $lt_32                          3
     $mux_1                         17
     $mux_2                          5
     $mux_3                          3
     $mux_32                         2
     $mux_4                         24
     $mux_5                         28
     $mux_8                         10
     $ne_4                           2
     $ne_5                           2
     $not_1                          2
     $pmux_1                         1
     $pmux_2                         1
     $pmux_32                        1
     $pmux_4                         1
     $reduce_and_2                   1
     $reduce_bool_2                  5
     $reduce_bool_3                  1
     $reduce_or_2                    1
     $reduce_or_3                    1
     $reduce_or_4                    2
     $sdff_1                         5
     $sdff_2                         1
     $sdff_32                        2
     $sdff_4                         1
     $sdff_5                         1
     $sdffe_1                        2
     $sdffe_2                        1
     $sdffe_3                        2
     $sdffe_4                        1
     $sdffe_5                        6
     $sdffe_6                        1
     $sdffe_8                        2
     $sub_32                         7

=== MarshallerController ===

   Number of wires:                232
   Number of wire bits:           1660
   Number of public wires:          49
   Number of public wire bits:     457
   Number of memories:               0
   Number of memory bits:            0
   Number of processes:              0
   Number of cells:                217
     $add_20                         4
     $add_24                         6
     $add_32                         1
     $add_5                          2
     $dff_13                         1
     $dff_17                         1
     $dff_4                          1
     $dff_5                          1
     $dffe_2                         1
     $dffe_20                        2
     $dffe_24                        5
     $dffe_5                         3
     $eq_2                           2
     $eq_4                           9
     $eq_5                          39
     $le_20                          1
     $logic_and_1                    5
     $logic_not_1                    2
     $logic_not_2                    1
     $logic_not_4                    1
     $logic_not_5                    1
     $logic_or_1                    28
     $lt_20                          2
     $mux_1                          2
     $mux_2                          4
     $mux_20                         2
     $mux_24                        20
     $mux_4                          9
     $mux_5                         21
     $ne_3                           1
     $ne_4                           1
     $not_1                          2
     $pmux_2                         1
     $pmux_4                         1
     $pmux_5                         1
     $reduce_and_2                   2
     $reduce_and_3                   1
     $reduce_bool_2                  5
     $reduce_bool_3                  1
     $reduce_bool_5                  1
     $reduce_or_2                    3
     $sdff_4                         1
     $sdff_5                         3
     $sdffe_1                        3
     $sdffe_20                       2
     $sdffe_24                       2
     $sdffe_5                        3
     $sub_2                          1
     $sub_20                         3
     $sub_32                         1
     $sub_9                          1

=== addr_fifo ===

   Number of wires:                 28
   Number of wire bits:            107
   Number of public wires:          13
   Number of public wire bits:      43
   Number of memories:               0
   Number of memory bits:            0
   Number of processes:              0
   Number of cells:                 22
     $add_32                         1
     $add_4                          2
     $dffe_4                         2
     $dffe_5                         2
     $eq_5                           1
     $logic_and_1                    4
     $logic_not_1                    2
     $logic_not_5                    1
     $mux_5                          2
     $ne_5                           1
     $paramod\dual_port_ram\DATA_WIDTH=4'0101\ADDR_WIDTH=4'0100      1
     $reduce_bool_2                  1
     $reduce_bool_5                  1
     $sub_5                          1

=== assemble ===

   Number of wires:                 16
   Number of wire bits:            257
   Number of public wires:          12
   Number of public wire bits:     163
   Number of memories:               0
   Number of memory bits:            0
   Number of processes:              0
   Number of cells:                  7
     $mux_1                          1
     $mux_31                         5
     $xor_1                          1

=== div_24b ===

   Number of wires:                 75
   Number of wire bits:           2076
   Number of public wires:          28
   Number of public wire bits:    1247
   Number of memories:               0
   Number of memory bits:            0
   Number of processes:              0
   Number of cells:                 94
     $le_24                          1
     $le_25                          1
     $le_26                          1
     $le_27                          1
     $le_28                          1
     $le_29                          1
     $le_30                          1
     $le_31                          1
     $le_32                          1
     $le_33                          1
     $le_34                          1
     $le_35                          1
     $le_36                          1
     $le_37                          1
     $le_38                          1
     $le_39                          1
     $le_40                          1
     $le_41                          1
     $le_42                          1
     $le_43                          1
     $le_44                          1
     $le_45                          1
     $le_46                          1
     $le_47                          1
     $mux_1                         24
     $mux_47                        23
     $sub_24                         1
     $sub_25                         1
     $sub_26                         1
     $sub_27                         1
     $sub_28                         1
     $sub_29                         1
     $sub_30                         1
     $sub_31                         1
     $sub_32                         1
     $sub_33                         1
     $sub_34                         1
     $sub_35                         1
     $sub_36                         1
     $sub_37                         1
     $sub_38                         1
     $sub_39                         1
     $sub_40                         1
     $sub_41                         1
     $sub_42                         1
     $sub_43                         1
     $sub_44                         1
     $sub_45                         1
     $sub_46                         1

=== exponent ===

   Number of wires:                 10
   Number of wire bits:            130
   Number of public wires:           5
   Number of public wire bits:      32
   Number of memories:               0
   Number of memory bits:            0
   Number of processes:              0
   Number of cells:                  6
     $add_32                         2
     $logic_not_1                    1
     $or_1                           1
     $reduce_or_9                    1
     $sub_32                         1

=== flag ===

   Number of wires:                 10
   Number of wire bits:             14
   Number of public wires:           7
   Number of public wire bits:      11
   Number of memories:               0
   Number of memory bits:            0
   Number of processes:              0
   Number of cells:                  5
     $and_1                          2
     $not_1                          1
     $or_1                           2

=== fpmul ===

   Number of wires:                 41
   Number of wire bits:            501
   Number of public wires:          41
   Number of public wire bits:     501
   Number of memories:               0
   Number of memory bits:            0
   Number of processes:              0
   Number of cells:                 12
     $dff_32                         1
     $or_1                           1
     assemble                        1
     exponent                        1
     flag                            1
     multiply_a                      1
     normalize                       1
     prenorm                         1
     preprocess                      1
     round                           1
     shift                           1
     special                         1

=== fpu_add ===

   Number of wires:                126
   Number of wire bits:           1419
   Number of public wires:          11
   Number of public wire bits:     243
   Number of memories:               0
   Number of memory bits:            0
   Number of processes:              0
   Number of cells:                148
     $add_25                         1
     $add_8                          1
     $dff_32                         2
     $eq_8                          46
     $gt_8                           1
     $logic_and_1                    3
     $lt_24                          1
     $lt_8                           1
     $mux_1                          6
     $mux_23                        24
     $mux_24                         3
     $mux_25                         3
     $mux_8                         25
     $not_1                          2
     $pmux_24                        2
     $sub_25                         2
     $sub_8                         25

=== fpu_div ===

   Number of wires:                 62
   Number of wire bits:           1094
   Number of public wires:          12
   Number of public wire bits:     195
   Number of memories:               0
   Number of memory bits:            0
   Number of processes:              0
   Number of cells:                 83
     $add_8                          1
     $dff_1                          2
     $dff_23                         2
     $dff_8                          2
     $ge_8                           1
     $mux_23                        23
     $mux_8                         24
     $sub_8                         26
     $xor_1                          1
     div_24b                         1

=== memcmd_fifo ===

   Number of wires:                 28
   Number of wire bits:            195
   Number of public wires:          13
   Number of public wire bits:     158
   Number of memories:               0
   Number of memory bits:            0
   Number of processes:              0
   Number of cells:                 22
     $add_4                          2
     $add_5                          1
     $dffe_28                        1
     $dffe_4                         2
     $dffe_5                         1
     $eq_5                           1
     $logic_and_1                    4
     $logic_not_1                    2
     $logic_not_5                    1
     $mux_5                          2
     $ne_5                           1
     $paramod$4fd442b091a108698966967405a6589cbf6b5b5d\dual_port_ram      1
     $reduce_bool_2                  1
     $reduce_bool_5                  1
     $sub_5                          1

=== mult_add ===

   Number of wires:                 10
   Number of wire bits:            262
   Number of public wires:          10
   Number of public wire bits:     262
   Number of memories:               0
   Number of memory bits:            0
   Number of processes:              0
   Number of cells:                  4
     $dff_32                         2
     fpmul                           1
     fpu_add                         1

=== multiply_a ===

   Number of wires:                  4
   Number of wire bits:             97
   Number of public wires:           4
   Number of public wire bits:      97
   Number of memories:               0
   Number of memory bits:            0
   Number of processes:              0
   Number of cells:                  1
     $mul_48                         1

=== normalize ===

   Number of wires:                  7
   Number of wire bits:            148
   Number of public wires:           4
   Number of public wire bits:      98
   Number of memories:               0
   Number of memory bits:            0
   Number of processes:              0
   Number of cells:                  4
     $and_1                          1
     $mux_48                         2
     $xor_1                          1

=== prenorm ===

   Number of wires:                108
   Number of wire bits:           1792
   Number of public wires:          14
   Number of public wire bits:     210
   Number of memories:               0
   Number of memory bits:            0
   Number of processes:              0
   Number of cells:                 98
     $eq_5                          46
     $mux_24                         2
     $mux_32                        46
     $pmux_24                        2
     $sub_32                         2

=== preprocess ===

   Number of wires:                 31
   Number of wire bits:            153
   Number of public wires:          23
   Number of public wire bits:     145
   Number of memories:               0
   Number of memory bits:            0
   Number of processes:              0
   Number of cells:                 21
     $and_1                          8
     $logic_not_1                    4
     $or_1                           2
     $reduce_and_8                   2
     $reduce_or_23                   2
     $reduce_or_8                    2
     $xor_1                          1

=== ram ===

   Number of wires:                 11
   Number of wire bits:           1580
   Number of public wires:          11
   Number of public wire bits:    1580
   Number of memories:               0
   Number of memory bits:            0
   Number of processes:              0
   Number of cells:                  3
     $and_256                        1
     $or_256                         1
     $paramod$1562f140864cc7fdf547927d88f1d7d4344d72f7\dual_port_ram      1

=== ram1 ===

   Number of wires:                 11
   Number of wire bits:           1580
   Number of public wires:          11
   Number of public wire bits:    1580
   Number of memories:               0
   Number of memory bits:            0
   Number of processes:              0
   Number of cells:                  3
     $and_256                        1
     $or_256                         1
     $paramod$1562f140864cc7fdf547927d88f1d7d4344d72f7\dual_port_ram      1

=== ram2 ===

   Number of wires:                 11
   Number of wire bits:           1580
   Number of public wires:          11
   Number of public wire bits:    1580
   Number of memories:               0
   Number of memory bits:            0
   Number of processes:              0
   Number of cells:                  3
     $and_256                        1
     $or_256                         1
     $paramod$1562f140864cc7fdf547927d88f1d7d4344d72f7\dual_port_ram      1

=== ram3 ===

   Number of wires:                 11
   Number of wire bits:           1580
   Number of public wires:          11
   Number of public wire bits:    1580
   Number of memories:               0
   Number of memory bits:            0
   Number of processes:              0
   Number of cells:                  3
     $and_256                        1
     $or_256                         1
     $paramod$1562f140864cc7fdf547927d88f1d7d4344d72f7\dual_port_ram      1

=== rfifo ===

   Number of wires:                 37
   Number of wire bits:            578
   Number of public wires:          13
   Number of public wire bits:     531
   Number of memories:               0
   Number of memory bits:            0
   Number of processes:              0
   Number of cells:                 34
     $add_2                          1
     $add_4                          2
     $add_5                          1
     $dffe_4                         2
     $dffe_5                         1
     $dffe_64                        4
     $eq_2                           3
     $logic_and_1                    3
     $logic_not_1                    2
     $logic_not_2                    1
     $logic_not_5                    1
     $mux_5                          2
     $not_1                          3
     $paramod$ef0515f863cb1da1c6fa3654d4ff4adbb9145d5b\dual_port_ram      1
     $reduce_and_2                   1
     $reduce_and_3                   1
     $reduce_and_4                   1
     $reduce_bool_2                  1
     $reduce_bool_5                  1
     $sdff_2                         1
     $sub_5                          1

=== round ===

   Number of wires:                 45
   Number of wire bits:            327
   Number of public wires:          22
   Number of public wire bits:     211
   Number of memories:               0
   Number of memory bits:            0
   Number of processes:              0
   Number of cells:                 34
     $add_10                         1
     $add_32                         1
     $and_1                         10
     $logic_not_1                    1
     $mux_32                         2
     $not_1                          4
     $or_1                           9
     $reduce_and_8                   1
     $reduce_or_2                    1
     $reduce_or_71                   1
     $reduce_or_72                   1
     $reduce_or_8                    1
     $xor_1                          1

=== shift ===

   Number of wires:                 47
   Number of wire bits:            472
   Number of public wires:          11
   Number of public wire bits:     374
   Number of memories:               0
   Number of memory bits:            0
   Number of processes:              0
   Number of cells:                 42
     $and_1                          2
     $eq_5                          31
     $gt_32                          1
     $mux_32                         2
     $mux_96                         1
     $neg_10                         1
     $not_1                          1
     $or_1                           1
     $pmux_96                        1
     $reduce_or_48                   1

=== special ===

   Number of wires:                 24
   Number of wire bits:            206
   Number of public wires:          14
   Number of public wire bits:     136
   Number of memories:               0
   Number of memory bits:            0
   Number of processes:              0
   Number of cells:                 17
     $and_1                          2
     $ge_23                          1
     $mux_1                          2
     $mux_31                         4
     $not_1                          1
     $or_1                           7

=== top_ram ===

   Number of wires:                  9
   Number of wire bits:            178
   Number of public wires:           9
   Number of public wire bits:     178
   Number of memories:               0
   Number of memory bits:            0
   Number of processes:              0
   Number of cells:                  3
     $and_32                         1
     $or_32                          1
     $paramod$ce0c38940747abe9a6fc0e1739aaf602f7b0afe8\dual_port_ram      1

=== wfifo ===

   Number of wires:                 39
   Number of wire bits:           1411
   Number of public wires:          14
   Number of public wire bits:    1111
   Number of memories:               0
   Number of memory bits:            0
   Number of processes:              0
   Number of cells:                 32
     $add_2                          1
     $add_4                          2
     $add_5                          1
     $dffe_4                         2
     $dffe_5                         1
     $dffe_64                        1
     $eq_2                           3
     $logic_and_1                    4
     $logic_not_1                    2
     $logic_not_2                    1
     $logic_not_5                    1
     $mux_5                          2
     $mux_64                         4
     $ne_5                           1
     $paramod\dual_port_ram\DATA_WIDTH=10'0100000000\ADDR_WIDTH=4'0100      1
     $reduce_bool_2                  1
     $reduce_bool_4                  1
     $reduce_bool_5                  1
     $sdff_2                         1
     $sub_5                          1

=== design hierarchy ===

   LU8PEEng                          1
     DataTransferUnit                1
       addr_fifo                     1
         $paramod\dual_port_ram\DATA_WIDTH=4'0101\ADDR_WIDTH=4'0100      1
       memcmd_fifo                   1
         $paramod$4fd442b091a108698966967405a6589cbf6b5b5d\dual_port_ram      1
       rfifo                         1
         $paramod$ef0515f863cb1da1c6fa3654d4ff4adbb9145d5b\dual_port_ram      1
       wfifo                         1
         $paramod\dual_port_ram\DATA_WIDTH=10'0100000000\ADDR_WIDTH=4'0100      1
     LU                              1
       LUControl                     1
       fpu_div                       1
         div_24b                     1
       mult_add                      8
         fpmul                       1
           assemble                  1
           exponent                  1
           flag                      1
           multiply_a                1
           normalize                 1
           prenorm                   1
           preprocess                1
           round                     1
           shift                     1
           special                   1
         fpu_add                     1
       ram                           1
         $paramod$1562f140864cc7fdf547927d88f1d7d4344d72f7\dual_port_ram      1
       ram1                          1
         $paramod$1562f140864cc7fdf547927d88f1d7d4344d72f7\dual_port_ram      1
       ram2                          1
         $paramod$1562f140864cc7fdf547927d88f1d7d4344d72f7\dual_port_ram      1
       ram3                          1
         $paramod$1562f140864cc7fdf547927d88f1d7d4344d72f7\dual_port_ram      1
       top_ram                       1
         $paramod$ce0c38940747abe9a6fc0e1739aaf602f7b0afe8\dual_port_ram      1
     MarshallerController            1

   Number of wires:               5382
   Number of wire bits:          92774
   Number of public wires:        2197
   Number of public wire bits:   51032
   Number of memories:               9
   Number of memory bits:         6788
   Number of processes:              0
   Number of cells:               4357
     $add_10                         8
     $add_2                          3
     $add_20                         4
     $add_24                         7
     $add_25                         8
     $add_3                          2
     $add_32                        52
     $add_4                          9
     $add_5                          6
     $add_8                         10
     $and_1                        200
     $and_256                        4
     $and_32                         1
     $dff_1                         24
     $dff_13                         1
     $dff_16                         2
     $dff_17                         1
     $dff_2                          2
     $dff_23                         2
     $dff_256                       12
     $dff_3                         33
     $dff_30                         1
     $dff_31                         2
     $dff_32                        85
     $dff_4                          2
     $dff_5                         57
     $dff_6                          2
     $dff_8                         43
     $dffe_2                         2
     $dffe_20                        2
     $dffe_24                        5
     $dffe_256                      10
     $dffe_28                        3
     $dffe_32                        3
     $dffe_4                         8
     $dffe_5                        13
     $dffe_64                        7
     $dffe_8                         1
     $eq_2                          16
     $eq_3                          15
     $eq_32                          7
     $eq_4                          26
     $eq_5                         666
     $eq_6                           1
     $eq_8                         368
     $ge_23                          8
     $ge_3                           1
     $ge_32                          3
     $ge_8                           1
     $gt_32                          8
     $gt_5                           1
     $gt_8                           8
     $le_20                          1
     $le_24                          1
     $le_25                          1
     $le_26                          1
     $le_27                          1
     $le_28                          1
     $le_29                          1
     $le_30                          1
     $le_31                          1
     $le_32                          1
     $le_33                          1
     $le_34                          1
     $le_35                          1
     $le_36                          1
     $le_37                          1
     $le_38                          1
     $le_39                          1
     $le_40                          1
     $le_41                          1
     $le_42                          1
     $le_43                          1
     $le_44                          1
     $le_45                          1
     $le_46                          1
     $le_47                          1
     $logic_and_1                   79
     $logic_not_1                   59
     $logic_not_2                    5
     $logic_not_3                    3
     $logic_not_4                    2
     $logic_not_5                    7
     $logic_or_1                    41
     $lt_20                          2
     $lt_24                          8
     $lt_3                           1
     $lt_32                          4
     $lt_8                           8
     $memrd                         18
     $memwr_v2                      18
     $mul_48                         8
     $mux_1                        145
     $mux_2                         17
     $mux_20                         2
     $mux_23                       215
     $mux_24                        65
     $mux_25                        24
     $mux_256                       18
     $mux_28                         2
     $mux_3                          7
     $mux_31                        72
     $mux_32                       421
     $mux_4                         41
     $mux_47                        23
     $mux_48                        16
     $mux_5                         83
     $mux_64                         6
     $mux_8                        236
     $mux_96                         8
     $ne_2                           2
     $ne_3                           3
     $ne_4                           4
     $ne_5                           5
     $neg_10                         8
     $not_1                         84
     $or_1                         184
     $or_256                         4
     $or_32                          1
     $pmux_1                         1
     $pmux_2                         3
     $pmux_24                       32
     $pmux_32                        3
     $pmux_4                         2
     $pmux_5                         1
     $pmux_96                        8
     $reduce_and_2                   4
     $reduce_and_3                   5
     $reduce_and_4                   2
     $reduce_and_8                  24
     $reduce_bool_2                 14
     $reduce_bool_3                  2
     $reduce_bool_4                  3
     $reduce_bool_5                  6
     $reduce_or_2                   13
     $reduce_or_23                  16
     $reduce_or_3                    1
     $reduce_or_4                    2
     $reduce_or_48                   8
     $reduce_or_5                    1
     $reduce_or_6                    1
     $reduce_or_71                   8
     $reduce_or_72                   8
     $reduce_or_8                   24
     $reduce_or_9                    8
     $sdff_1                         6
     $sdff_2                         4
     $sdff_32                        2
     $sdff_4                         3
     $sdff_5                         4
     $sdffe_1                        8
     $sdffe_2                        6
     $sdffe_20                       2
     $sdffe_24                       8
     $sdffe_3                        3
     $sdffe_32                       1
     $sdffe_4                        3
     $sdffe_5                       12
     $sdffe_6                        1
     $sdffe_8                        2
     $sub_2                          1
     $sub_20                         3
     $sub_24                         1
     $sub_25                        17
     $sub_26                         1
     $sub_27                         1
     $sub_28                         1
     $sub_29                         1
     $sub_3                          1
     $sub_30                         1
     $sub_31                         1
     $sub_32                        34
     $sub_33                         1
     $sub_34                         1
     $sub_35                         1
     $sub_36                         1
     $sub_37                         1
     $sub_38                         1
     $sub_39                         1
     $sub_4                          1
     $sub_40                         1
     $sub_41                         1
     $sub_42                         1
     $sub_43                         1
     $sub_44                         1
     $sub_45                         1
     $sub_46                         1
     $sub_5                          4
     $sub_8                        226
     $sub_9                          1
     $xor_1                         33

