
5. Printing statistics.

=== $paramod$9b20c7c7990eeca2a248be4fd72c1393416d670c\single_port_ram ===

   Number of wires:                  9
   Number of wire bits:            172
   Number of public wires:           5
   Number of public wire bits:      71
   Number of memories:               1
   Number of memory bits:          160
   Number of processes:              0
   Number of cells:                  6
     $dffe_32                        1
     $memrd                          1
     $memwr_v2                       1
     $mux_1                          1
     $mux_32                         1
     $mux_5                          1

=== $paramod$f2486c22f8156b191d4f2958486e3c6079702f1e\dual_port_ram ===

   Number of wires:                 17
   Number of wire bits:            363
   Number of public wires:           9
   Number of public wire bits:     151
   Number of memories:               1
   Number of memory bits:          320
   Number of processes:              0
   Number of cells:                 12
     $dffe_32                        2
     $memrd                          2
     $memwr_v2                       2
     $mux_1                          2
     $mux_10                         2
     $mux_32                         2

=== $paramod$f2486c22f8156b191d4f2958486e3c6079702f1e\single_port_ram ===

   Number of wires:                  9
   Number of wire bits:            182
   Number of public wires:           5
   Number of public wire bits:      76
   Number of memories:               1
   Number of memory bits:          320
   Number of processes:              0
   Number of cells:                  6
     $dffe_32                        1
     $memrd                          1
     $memwr_v2                       1
     $mux_1                          1
     $mux_10                         1
     $mux_32                         1

=== addersub ===

   Number of wires:                  8
   Number of wire bits:            135
   Number of public wires:           8
   Number of public wire bits:     135
   Number of memories:               0
   Number of memory bits:            0
   Number of processes:              0
   Number of cells:                  2
     $not_1                          1
     dummy_add_sub                   1

=== branchresolve ===

   Number of wires:                 16
   Number of wire bits:             78
   Number of public wires:          10
   Number of public wire bits:      72
   Number of memories:               0
   Number of memory bits:            0
   Number of processes:              0
   Number of cells:                 13
     $and_1                          6
     $eq_32                          1
     $not_1                          4
     $or_1                           1
     $reduce_or_32                   1

=== data_mem ===

   Number of wires:                 20
   Number of wire bits:            193
   Number of public wires:          20
   Number of public wire bits:     193
   Number of memories:               0
   Number of memory bits:            0
   Number of processes:              0
   Number of cells:                  7
     $and_1                          1
     $not_1                          2
     $paramod$f2486c22f8156b191d4f2958486e3c6079702f1e\single_port_ram      1
     load_data_translator            1
     onecyclestall                   1
     store_data_translator           1

=== dummy_add_sub ===

   Number of wires:                  6
   Number of wire bits:            162
   Number of public wires:           6
   Number of public wire bits:     162
   Number of memories:               0
   Number of memory bits:            0
   Number of processes:              0
   Number of cells:                 32
     full_adder                     32

=== dummy_counter ===

   Number of wires:                 23
   Number of wire bits:            172
   Number of public wires:           8
   Number of public wire bits:      68
   Number of memories:               0
   Number of memory bits:            0
   Number of processes:              0
   Number of cells:                 16
     $add_32                         1
     $dffe_30                        1
     $eq_3                           7
     $logic_not_3                    1
     $mux_30                         1
     $ne_2                           1
     $not_1                          1
     $pmux_30                        1
     $reduce_and_2                   1
     $reduce_or_5                    1

=== dummy_mult ===

   Number of wires:                  6
   Number of wire bits:            130
   Number of public wires:           5
   Number of public wire bits:      98
   Number of memories:               0
   Number of memory bits:            0
   Number of processes:              0
   Number of cells:                  2
     $mul_32                         1
     $sdff_32                        1

=== fakedelay ===

   Number of wires:                  4
   Number of wire bits:             66
   Number of public wires:           4
   Number of public wire bits:      66
   Number of memories:               0
   Number of memory bits:            0
   Number of processes:              0
   Number of cells:                  0

=== full_adder ===

   Number of wires:                 10
   Number of wire bits:             10
   Number of public wires:           5
   Number of public wire bits:       5
   Number of memories:               0
   Number of memory bits:            0
   Number of processes:              0
   Number of cells:                  7
     $and_1                          3
     $or_1                           2
     $xor_1                          2

=== hi_reg ===

   Number of wires:                  5
   Number of wire bits:             67
   Number of public wires:           5
   Number of public wire bits:      67
   Number of memories:               0
   Number of memory bits:            0
   Number of processes:              0
   Number of cells:                  1
     $sdffe_32                       1

=== ifetch ===

   Number of wires:                 42
   Number of wire bits:            451
   Number of public wires:          36
   Number of public wire bits:     445
   Number of memories:               0
   Number of memory bits:            0
   Number of processes:              0
   Number of cells:                 15
     $and_1                          4
     $mux_30                         1
     $not_1                          5
     $or_1                           2
     $paramod$f2486c22f8156b191d4f2958486e3c6079702f1e\dual_port_ram      1
     dummy_counter                   1
     register_1bit                   1

=== lo_reg ===

   Number of wires:                  5
   Number of wire bits:             67
   Number of public wires:           5
   Number of public wire bits:      67
   Number of memories:               0
   Number of memory bits:            0
   Number of processes:              0
   Number of cells:                  1
     $sdffe_32                       1

=== load_data_translator ===

   Number of wires:                  4
   Number of wire bits:             67
   Number of public wires:           4
   Number of public wire bits:      67
   Number of memories:               0
   Number of memory bits:            0
   Number of processes:              0
   Number of cells:                  0

=== logic_unit ===

   Number of wires:                 13
   Number of wire bits:            262
   Number of public wires:           5
   Number of public wire bits:     130
   Number of memories:               0
   Number of memory bits:            0
   Number of processes:              0
   Number of cells:                  9
     $and_32                         1
     $eq_2                           3
     $logic_not_2                    1
     $not_32                         1
     $or_32                          1
     $pmux_32                        1
     $xor_32                         1

=== merge26lo ===

   Number of wires:                  3
   Number of wire bits:             90
   Number of public wires:           3
   Number of public wire bits:      90
   Number of memories:               0
   Number of memory bits:            0
   Number of processes:              0
   Number of cells:                  0

=== mul ===

   Number of wires:                 25
   Number of wire bits:            253
   Number of public wires:          20
   Number of public wire bits:     248
   Number of memories:               0
   Number of memory bits:            0
   Number of processes:              0
   Number of cells:                 11
     $and_1                          4
     $mux_32                         1
     $not_1                          1
     $or_1                           1
     $reduce_or_5                    2
     dummy_mult                      1
     onecyclestall                   1

=== nop ===

   Number of wires:                  2
   Number of wire bits:             64
   Number of public wires:           2
   Number of public wire bits:      64
   Number of memories:               0
   Number of memory bits:            0
   Number of processes:              0
   Number of cells:                  0

=== onecyclestall ===

   Number of wires:                  7
   Number of wire bits:              7
   Number of public wires:           6
   Number of public wire bits:       6
   Number of memories:               0
   Number of memory bits:            0
   Number of processes:              0
   Number of cells:                  4
     $and_1                          1
     $not_1                          1
     $pmux_1                         1
     $sdff_1                         1

=== pcadder ===

   Number of wires:                  5
   Number of wire bits:            131
   Number of public wires:           4
   Number of public wire bits:      97
   Number of memories:               0
   Number of memory bits:            0
   Number of processes:              0
   Number of cells:                  1
     $add_34                         1

=== pipereg_w1 ===

   Number of wires:                  9
   Number of wire bits:              9
   Number of public wires:           6
   Number of public wire bits:       6
   Number of memories:               0
   Number of memory bits:            0
   Number of processes:              0
   Number of cells:                  4
     $logic_or_1                     1
     $not_1                          2
     $sdffe_1                        1

=== pipereg_w26 ===

   Number of wires:                  9
   Number of wire bits:             59
   Number of public wires:           6
   Number of public wire bits:      56
   Number of memories:               0
   Number of memory bits:            0
   Number of processes:              0
   Number of cells:                  4
     $logic_or_1                     1
     $not_1                          2
     $sdffe_26                       1

=== pipereg_w32 ===

   Number of wires:                  9
   Number of wire bits:             71
   Number of public wires:           6
   Number of public wire bits:      68
   Number of memories:               0
   Number of memory bits:            0
   Number of processes:              0
   Number of cells:                  4
     $logic_or_1                     1
     $not_1                          2
     $sdffe_32                       1

=== pipereg_w5 ===

   Number of wires:                  9
   Number of wire bits:             71
   Number of public wires:           6
   Number of public wire bits:      68
   Number of memories:               0
   Number of memory bits:            0
   Number of processes:              0
   Number of cells:                  4
     $logic_or_1                     1
     $not_1                          2
     $sdffe_5                        1

=== pipereg_w6 ===

   Number of wires:                  9
   Number of wire bits:             71
   Number of public wires:           6
   Number of public wire bits:      68
   Number of memories:               0
   Number of memory bits:            0
   Number of processes:              0
   Number of cells:                  4
     $logic_or_1                     1
     $not_1                          2
     $sdffe_6                        1

=== reg_file ===

   Number of wires:                 15
   Number of wire bits:            263
   Number of public wires:          14
   Number of public wire bits:     262
   Number of memories:               0
   Number of memory bits:            0
   Number of processes:              0
   Number of cells:                  4
     $and_1                          1
     $paramod$9b20c7c7990eeca2a248be4fd72c1393416d670c\single_port_ram      2
     $reduce_or_32                   1

=== register_1bit ===

   Number of wires:                  5
   Number of wire bits:              5
   Number of public wires:           5
   Number of public wire bits:       5
   Number of memories:               0
   Number of memory bits:            0
   Number of processes:              0
   Number of cells:                  1
     $sdffe_1                        1

=== signext16 ===

   Number of wires:                  2
   Number of wire bits:             48
   Number of public wires:           2
   Number of public wire bits:      48
   Number of memories:               0
   Number of memory bits:            0
   Number of processes:              0
   Number of cells:                  0

=== store_data_translator ===

   Number of wires:                 14
   Number of wire bits:            149
   Number of public wires:           5
   Number of public wire bits:      72
   Number of memories:               0
   Number of memory bits:            0
   Number of processes:              0
   Number of cells:                 11
     $eq_2                           4
     $logic_not_2                    1
     $mux_32                         1
     $mux_4                          1
     $pmux_32                        2
     $pmux_4                         2

=== system ===

   Number of wires:                398
   Number of wire bits:           2301
   Number of public wires:         141
   Number of public wire bits:    1603
   Number of memories:               0
   Number of memory bits:            0
   Number of processes:              0
   Number of cells:                318
     $and_1                          1
     $dff_1                          1
     $dffe_1                        11
     $dffe_2                         5
     $dffe_3                         4
     $dffe_4                         1
     $eq_2                           8
     $eq_3                          11
     $eq_32                          2
     $eq_6                          87
     $logic_and_1                    2
     $logic_not_6                    4
     $mux_1                         13
     $mux_2                          3
     $mux_32                        18
     $ne_2                           7
     $ne_3                           3
     $ne_5                           1
     $ne_6                           1
     $ne_7                           2
     $not_1                          4
     $or_1                           1
     $pmux_1                        11
     $pmux_2                         7
     $pmux_3                         8
     $pmux_4                         1
     $reduce_and_2                  16
     $reduce_bool_2                  6
     $reduce_bool_3                  3
     $reduce_bool_4                  2
     $reduce_bool_5                  2
     $reduce_bool_6                  1
     $reduce_bool_7                  1
     $reduce_or_12                   1
     $reduce_or_14                   2
     $reduce_or_16                   2
     $reduce_or_17                   1
     $reduce_or_18                   1
     $reduce_or_19                   3
     $reduce_or_2                   11
     $reduce_or_20                   1
     $reduce_or_3                    4
     $reduce_or_32                   2
     $reduce_or_4                    2
     $reduce_or_5                    4
     $reduce_or_6                    3
     $reduce_or_7                    1
     $reduce_or_8                    1
     $reduce_or_9                    1
     addersub                        1
     branchresolve                   1
     data_mem                        1
     fakedelay                       1
     hi_reg                          1
     ifetch                          1
     lo_reg                          1
     logic_unit                      1
     merge26lo                       1
     mul                             1
     nop                             4
     pcadder                         1
     pipereg_w1                      2
     pipereg_w26                     1
     pipereg_w32                     3
     pipereg_w5                      3
     pipereg_w6                      2
     reg_file                        1
     zeroer                          3

=== zeroer ===

   Number of wires:                  4
   Number of wire bits:             70
   Number of public wires:           3
   Number of public wire bits:      38
   Number of memories:               0
   Number of memory bits:            0
   Number of processes:              0
   Number of cells:                  1
     $mux_32                         1

=== design hierarchy ===

   system                            1
     addersub                        1
       dummy_add_sub                 1
         full_adder                 32
     branchresolve                   1
     data_mem                        1
       $paramod$f2486c22f8156b191d4f2958486e3c6079702f1e\single_port_ram      1
       load_data_translator          1
       onecyclestall                 1
       store_data_translator         1
     fakedelay                       1
     hi_reg                          1
     ifetch                          1
       $paramod$f2486c22f8156b191d4f2958486e3c6079702f1e\dual_port_ram      1
       dummy_counter                 1
       register_1bit                 1
     lo_reg                          1
     logic_unit                      1
     merge26lo                       1
     mul                             1
       dummy_mult                    1
       onecyclestall                 1
     nop                             4
     pcadder                         1
     pipereg_w1                      2
     pipereg_w26                     1
     pipereg_w32                     3
     pipereg_w5                      3
     pipereg_w6                      2
     reg_file                        1
       $paramod$9b20c7c7990eeca2a248be4fd72c1393416d670c\single_port_ram      2
     zeroer                          3

   Number of wires:               1114
   Number of wire bits:           7376
   Number of public wires:         587
   Number of public wire bits:    5470
   Number of memories:               4
   Number of memory bits:          960
   Number of processes:              0
   Number of cells:                679
     $add_32                         1
     $add_34                         1
     $and_1                        115
     $and_32                         1
     $dff_1                          1
     $dffe_1                        11
     $dffe_2                         5
     $dffe_3                         4
     $dffe_30                        1
     $dffe_32                        5
     $dffe_4                         1
     $eq_2                          15
     $eq_3                          18
     $eq_32                          3
     $eq_6                          87
     $logic_and_1                    2
     $logic_not_2                    2
     $logic_not_3                    1
     $logic_not_6                    4
     $logic_or_1                    11
     $memrd                          5
     $memwr_v2                       5
     $mul_32                         1
     $mux_1                         18
     $mux_10                         3
     $mux_2                          3
     $mux_30                         2
     $mux_32                        28
     $mux_4                          1
     $mux_5                          2
     $ne_2                           8
     $ne_3                           3
     $ne_5                           1
     $ne_6                           1
     $ne_7                           2
     $not_1                         42
     $not_32                         1
     $or_1                          69
     $or_32                          1
     $pmux_1                        13
     $pmux_2                         7
     $pmux_3                         8
     $pmux_30                        1
     $pmux_32                        3
     $pmux_4                         3
     $reduce_and_2                  17
     $reduce_bool_2                  6
     $reduce_bool_3                  3
     $reduce_bool_4                  2
     $reduce_bool_5                  2
     $reduce_bool_6                  1
     $reduce_bool_7                  1
     $reduce_or_12                   1
     $reduce_or_14                   2
     $reduce_or_16                   2
     $reduce_or_17                   1
     $reduce_or_18                   1
     $reduce_or_19                   3
     $reduce_or_2                   11
     $reduce_or_20                   1
     $reduce_or_3                    4
     $reduce_or_32                   4
     $reduce_or_4                    2
     $reduce_or_5                    7
     $reduce_or_6                    3
     $reduce_or_7                    1
     $reduce_or_8                    1
     $reduce_or_9                    1
     $sdff_1                         2
     $sdff_32                        1
     $sdffe_1                        3
     $sdffe_26                       1
     $sdffe_32                       5
     $sdffe_5                        3
     $sdffe_6                        2
     $xor_1                         64
     $xor_32                         1

