
5. Printing statistics.

=== combine_res ===

   Number of wires:                 13
   Number of wire bits:            110
   Number of public wires:          11
   Number of public wire bits:      88
   Number of memories:               0
   Number of memory bits:            0
   Number of processes:              0
   Number of cells:                  8
     $add_11                         2
     $dff_11                         2
     $dffe_11                        1
     $dffe_9                         3

=== find_max ===

   Number of wires:                130
   Number of wire bits:            949
   Number of public wires:          71
   Number of public wire bits:     614
   Number of memories:               0
   Number of memory bits:            0
   Number of processes:              0
   Number of cells:                105
     $dff_11                        23
     $dff_5                         20
     $dffe_5                         1
     $dffe_8                         1
     $gt_11                         20
     $mux_11                        20
     $mux_5                         19
     $sdff_5                         1

=== lp_fltr ===

   Number of wires:                 14
   Number of wire bits:            112
   Number of public wires:          12
   Number of public wire bits:      92
   Number of memories:               0
   Number of memory bits:            0
   Number of processes:              0
   Number of cells:                 11
     $add_10                         2
     $dff_10                         4
     $dff_9                          1
     $dffe_8                         4

=== lp_fltr_v1 ===

   Number of wires:                 14
   Number of wire bits:            106
   Number of public wires:          12
   Number of public wire bits:      86
   Number of memories:               0
   Number of memory bits:            0
   Number of processes:              0
   Number of cells:                 10
     $add_10                         2
     $dff_10                         2
     $dffe_8                         4
     my_fifo_359                     2

=== lp_fltr_v2 ===

   Number of wires:                 14
   Number of wire bits:            106
   Number of public wires:          12
   Number of public wire bits:      86
   Number of memories:               0
   Number of memory bits:            0
   Number of processes:              0
   Number of cells:                 10
     $add_10                         2
     $dff_10                         2
     $dffe_8                         4
     my_fifo_179                     2

=== lp_fltr_v4 ===

   Number of wires:                 14
   Number of wire bits:            106
   Number of public wires:          12
   Number of public wire bits:      86
   Number of memories:               0
   Number of memory bits:            0
   Number of processes:              0
   Number of cells:                 10
     $add_10                         2
     $dff_10                         2
     $dffe_8                         4
     my_fifo_89                      2

=== my_fifo_1 ===

   Number of wires:                  6
   Number of wire bits:             34
   Number of public wires:           6
   Number of public wire bits:      34
   Number of memories:               0
   Number of memory bits:            0
   Number of processes:              0
   Number of cells:                  3
     $dffe_8                         3

=== my_fifo_179 ===

   Number of wires:                  6
   Number of wire bits:             34
   Number of public wires:           6
   Number of public wire bits:      34
   Number of memories:               0
   Number of memory bits:            0
   Number of processes:              0
   Number of cells:                  3
     $dffe_8                         3

=== my_fifo_2 ===

   Number of wires:                  6
   Number of wire bits:             38
   Number of public wires:           6
   Number of public wire bits:      38
   Number of memories:               0
   Number of memory bits:            0
   Number of processes:              0
   Number of cells:                  3
     $dffe_9                         3

=== my_fifo_316 ===

   Number of wires:                  6
   Number of wire bits:             34
   Number of public wires:           6
   Number of public wire bits:      34
   Number of memories:               0
   Number of memory bits:            0
   Number of processes:              0
   Number of cells:                  3
     $dffe_8                         3

=== my_fifo_359 ===

   Number of wires:                  6
   Number of wire bits:             34
   Number of public wires:           6
   Number of public wire bits:      34
   Number of memories:               0
   Number of memory bits:            0
   Number of processes:              0
   Number of cells:                  3
     $dffe_8                         3

=== my_fifo_496 ===

   Number of wires:                  6
   Number of wire bits:             34
   Number of public wires:           6
   Number of public wire bits:      34
   Number of memories:               0
   Number of memory bits:            0
   Number of processes:              0
   Number of cells:                  3
     $dffe_8                         3

=== my_fifo_89 ===

   Number of wires:                  6
   Number of wire bits:             34
   Number of public wires:           6
   Number of public wire bits:      34
   Number of memories:               0
   Number of memory bits:            0
   Number of processes:              0
   Number of cells:                  3
     $dffe_8                         3

=== port_bus_1to0_1 ===

   Number of wires:                117
   Number of wire bits:            773
   Number of public wires:          98
   Number of public wire bits:     754
   Number of memories:               0
   Number of memory bits:            0
   Number of processes:              0
   Number of cells:                109
     $and_1                          2
     $dff_3                          1
     $dff_8                          6
     $dffe_1                         2
     $dffe_19                        2
     $dffe_8                        76
     $eq_3                           6
     $mux_1                          3
     $not_1                          4
     $reduce_and_2                   1
     $reduce_and_3                   1
     $reduce_bool_9                  1
     $reduce_or_6                    1
     $sdff_1                         3

=== quadintr_10_20 ===

   Number of wires:                145
   Number of wire bits:           1365
   Number of public wires:         106
   Number of public wire bits:    1033
   Number of memories:               0
   Number of memory bits:            0
   Number of processes:              0
   Number of cells:                130
     $add_8                         19
     $add_9                         10
     $dff_8                         28
     $dff_9                         31
     $dffe_16                       21
     $dffe_8                        11
     $sub_9                         10

=== quadintr_5_20 ===

   Number of wires:                185
   Number of wire bits:           1760
   Number of public wires:         127
   Number of public wire bits:    1247
   Number of memories:               0
   Number of memory bits:            0
   Number of processes:              0
   Number of cells:                173
     $add_8                          9
     $add_9                         34
     $dff_8                         13
     $dff_9                         75
     $dffe_16                       21
     $dffe_8                         6
     $sub_9                         15

=== scaler ===

   Number of wires:                 26
   Number of wire bits:             99
   Number of public wires:          16
   Number of public wire bits:      89
   Number of memories:               0
   Number of memory bits:            0
   Number of processes:              0
   Number of cells:                 18
     $and_1                          2
     $dff_1                          1
     $dffe_8                         3
     $mux_1                          2
     $not_1                          4
     $reduce_and_2                   1
     $reduce_and_3                   1
     $sdff_1                         2
     scl_h_fltr                      1
     scl_v_fltr                      1

=== scl_h_fltr ===

   Number of wires:                 52
   Number of wire bits:            480
   Number of public wires:          42
   Number of public wire bits:     364
   Number of memories:               0
   Number of memory bits:            0
   Number of processes:              0
   Number of cells:                 45
     $add_10                         2
     $add_12                         8
     $dff_10                         2
     $dff_12                         8
     $dff_8                          2
     $dffe_8                        13
     sh_reg_1                       10

=== scl_v_fltr ===

   Number of wires:                 43
   Number of wire bits:            408
   Number of public wires:          33
   Number of public wire bits:     292
   Number of memories:               0
   Number of memory bits:            0
   Number of processes:              0
   Number of cells:                 39
     $add_10                         2
     $add_12                         8
     $dff_10                         2
     $dff_12                         8
     $dff_8                          2
     $dffe_8                        10
     my_fifo_496                     7

=== sh_reg_1 ===

   Number of wires:                  4
   Number of wire bits:             18
   Number of public wires:           4
   Number of public wire bits:      18
   Number of memories:               0
   Number of memory bits:            0
   Number of processes:              0
   Number of cells:                  1
     $dffe_8                         1

=== sv_chip0_hierarchy_no_mem ===

   Number of wires:                497
   Number of wire bits:           4831
   Number of public wires:         355
   Number of public wire bits:    3831
   Number of memories:               0
   Number of memory bits:            0
   Number of processes:              0
   Number of cells:                354
     $add_19                         1
     $add_32                         4
     $and_1                          6
     $dff_1                          8
     $dff_16                         4
     $dff_19                         1
     $dff_5                          1
     $dff_8                          6
     $dffe_1                         3
     $dffe_10                        2
     $dffe_15                        1
     $dffe_19                        1
     $dffe_64                        4
     $dffe_8                        28
     $eq_10                          2
     $eq_3                           7
     $eq_4                          15
     $ge_16                          2
     $ge_32                          2
     $ge_9                           1
     $le_16                          2
     $le_32                          2
     $logic_not_3                    1
     $logic_not_4                    1
     $lt_32                          2
     $mux_1                          3
     $mux_10                        16
     $mux_19                         1
     $mux_8                          9
     $ne_2                           8
     $not_1                          1
     $pmux_10                        2
     $pmux_19                        1
     $pmux_2                         1
     $pmux_64                        4
     $pmux_8                        22
     $reduce_and_10                  1
     $reduce_and_2                  11
     $reduce_bool_2                  8
     $reduce_bool_8                  1
     $reduce_or_2                    1
     $reduce_or_3                    1
     $reduce_or_7                    1
     $sdff_2                         1
     $sdff_64                        1
     $sdff_8                         1
     $sdffce_10                      2
     $sub_19                         1
     combine_res                    21
     find_max                        1
     lp_fltr                        38
     lp_fltr_v1                     21
     lp_fltr_v2                     11
     lp_fltr_v4                      6
     my_fifo_1                      21
     my_fifo_2                      21
     port_bus_1to0_1                 1
     scaler                          2
     v_fltr_316                      2
     v_fltr_496                      2
     wrapper_qs_intr_10_20           1
     wrapper_qs_intr_5_20            1

=== v_fltr_316 ===

   Number of wires:                  8
   Number of wire bits:             50
   Number of public wires:           8
   Number of public wire bits:      50
   Number of memories:               0
   Number of memory bits:            0
   Number of processes:              0
   Number of cells:                  4
     my_fifo_316                     4

=== v_fltr_496 ===

   Number of wires:                 16
   Number of wire bits:            114
   Number of public wires:          16
   Number of public wire bits:     114
   Number of memories:               0
   Number of memory bits:            0
   Number of processes:              0
   Number of cells:                 12
     my_fifo_496                    12

=== wrapper_qs_intr_10_20 ===

   Number of wires:                100
   Number of wire bits:           1462
   Number of public wires:         100
   Number of public wire bits:    1462
   Number of memories:               0
   Number of memory bits:            0
   Number of processes:              0
   Number of cells:                 43
     $dffe_16                       42
     quadintr_10_20                  1

=== wrapper_qs_intr_5_20 ===

   Number of wires:                 95
   Number of wire bits:           1422
   Number of public wires:          95
   Number of public wire bits:    1422
   Number of memories:               0
   Number of memory bits:            0
   Number of processes:              0
   Number of cells:                 43
     $dffe_16                       42
     quadintr_5_20                   1

=== design hierarchy ===

   sv_chip0_hierarchy_no_mem         1
     combine_res                    21
     find_max                        1
     lp_fltr                        38
     lp_fltr_v1                     21
       my_fifo_359                   2
     lp_fltr_v2                     11
       my_fifo_179                   2
     lp_fltr_v4                      6
       my_fifo_89                    2
     my_fifo_1                      21
     my_fifo_2                      21
     port_bus_1to0_1                 1
     scaler                          2
       scl_h_fltr                    1
         sh_reg_1                   10
       scl_v_fltr                    1
         my_fifo_496                 7
     v_fltr_316                      2
       my_fifo_316                   4
     v_fltr_496                      2
       my_fifo_496                  12
     wrapper_qs_intr_10_20           1
       quadintr_10_20                1
     wrapper_qs_intr_5_20            1
       quadintr_5_20                 1

   Number of wires:               3960
   Number of wire bits:          31478
   Number of public wires:        3389
   Number of public wire bits:   26813
   Number of memories:               0
   Number of memory bits:            0
   Number of processes:              0
   Number of cells:               2374
     $add_10                       160
     $add_11                        42
     $add_12                        32
     $add_19                         1
     $add_32                         4
     $add_8                         28
     $add_9                         44
     $and_1                         12
     $dff_1                         10
     $dff_10                       236
     $dff_11                        65
     $dff_12                        32
     $dff_16                         4
     $dff_19                         1
     $dff_3                          1
     $dff_5                         21
     $dff_8                         61
     $dff_9                        144
     $dffe_1                         5
     $dffe_10                        2
     $dffe_11                       21
     $dffe_15                        1
     $dffe_16                      126
     $dffe_19                        3
     $dffe_5                         1
     $dffe_64                        4
     $dffe_8                       927
     $dffe_9                       126
     $eq_10                          2
     $eq_3                          13
     $eq_4                          15
     $ge_16                          2
     $ge_32                          2
     $ge_9                           1
     $gt_11                         20
     $le_16                          2
     $le_32                          2
     $logic_not_3                    1
     $logic_not_4                    1
     $lt_32                          2
     $mux_1                         10
     $mux_10                        16
     $mux_11                        20
     $mux_19                         1
     $mux_5                         19
     $mux_8                          9
     $ne_2                           8
     $not_1                         13
     $pmux_10                        2
     $pmux_19                        1
     $pmux_2                         1
     $pmux_64                        4
     $pmux_8                        22
     $reduce_and_10                  1
     $reduce_and_2                  14
     $reduce_and_3                   3
     $reduce_bool_2                  8
     $reduce_bool_8                  1
     $reduce_bool_9                  1
     $reduce_or_2                    1
     $reduce_or_3                    1
     $reduce_or_6                    1
     $reduce_or_7                    1
     $sdff_1                         7
     $sdff_2                         1
     $sdff_5                         1
     $sdff_64                        1
     $sdff_8                         1
     $sdffce_10                      2
     $sub_19                         1
     $sub_9                         25

