
5. Printing statistics.

=== sv_chip3_hierarchy_no_mem ===

   Number of wires:                266
   Number of wire bits:            641
   Number of public wires:          33
   Number of public wire bits:     181
   Number of memories:               0
   Number of memory bits:            0
   Number of processes:              0
   Number of cells:                256
     $add_32                         3
     $and_1                         31
     $dff_1                          9
     $dffe_16                        1
     $dffe_17                        1
     $dffe_19                        1
     $dffe_24                        1
     $dffe_7                         1
     $dffe_8                         2
     $dlatch_1                       1
     $dlatch_5                       1
     $dlatch_8                       2
     $eq_5                          27
     $eq_7                          79
     $logic_not_7                    1
     $mux_1                          4
     $mux_5                         26
     $mux_7                          2
     $ne_2                           1
     $not_1                         32
     $pmux_1                         1
     $pmux_5                         1
     $pmux_8                         2
     $reduce_bool_10                 1
     $reduce_or_14                   1
     $reduce_or_2                    2
     $reduce_or_25                   1
     $reduce_or_3                   16
     $reduce_or_50                   1
     $reduce_or_80                   1
     $sdff_5                         1
     $sdffe_10                       1
     $sdffe_8                        1

