
5. Printing statistics.

=== ldpc_cn ===

   Number of wires:                175
   Number of wire bits:           1166
   Number of public wires:         100
   Number of public wire bits:     629
   Number of memories:               0
   Number of memory bits:            0
   Number of processes:              0
   Number of cells:                139
     $add_32                         2
     $add_6                          1
     $adff_1                        21
     $adff_30                        3
     $adff_5                        21
     $adff_6                         5
     $adff_8                         5
     $adffe_1                        1
     $and_1                          6
     $and_30                         1
     $eq_5                           2
     $eq_8                           1
     $le_5                           1
     $logic_and_1                    4
     $logic_not_1                    1
     $logic_or_1                     1
     $lt_5                           2
     $mux_1                          6
     $mux_30                         2
     $mux_32                         3
     $mux_4                          3
     $mux_5                         17
     $mux_6                          2
     $mux_8                          2
     $ne_1                           2
     $ne_2                           1
     $not_1                          6
     $not_30                         1
     $or_1                           5
     $or_30                          1
     $reduce_bool_2                  1
     $shiftx_30                      1
     $shl_30                         2
     $sub_5                          2
     $xor_1                          4

