
5. Printing statistics.

=== ldpc_vn ===

   Number of wires:                107
   Number of wire bits:            625
   Number of public wires:          79
   Number of public wire bits:     462
   Number of memories:               0
   Number of memory bits:            0
   Number of processes:              0
   Number of cells:                 57
     $add_9                          1
     $adff_1                        12
     $adff_10                        3
     $adff_6                         7
     $adff_8                         5
     $and_1                          5
     $eq_1                           1
     $eq_8                           1
     $logic_or_1                     1
     $lt_9                           1
     $mux_1                          1
     $mux_10                         3
     $mux_32                         2
     $mux_5                          1
     $mux_6                          2
     $mux_8                          2
     $ne_1                           1
     $not_1                          3
     $or_1                           2
     $reduce_bool_4                  1
     $sub_9                          2

