
5. Printing statistics.

=== fifo3 ===

   Number of wires:                 48
   Number of wire bits:            453
   Number of public wires:          10
   Number of public wire bits:      96
   Number of memories:               0
   Number of memory bits:            0
   Number of processes:              0
   Number of cells:                 42
     $add                            1
     $and                            1
     $eq                             3
     $logic_not                      1
     $mux                           14
     $ne                             4
     $not                            1
     $pmux                           3
     $reduce_and                     4
     $reduce_bool                    2
     $reduce_or                      3
     $sdffe                          4
     $sub                            1

