
5. Printing statistics.

=== raygencont ===

   Number of wires:                245
   Number of wire bits:            707
   Number of public wires:          46
   Number of public wire bits:     354
   Number of memories:               0
   Number of memory bits:            0
   Number of processes:              0
   Number of cells:                227
     $add                            2
     $and                          111
     $dffe                           1
     $dlatch                        17
     $eq                             5
     $gt                             1
     $logic_not                      2
     $mux                           25
     $ne                             2
     $not                           17
     $pmux                           4
     $reduce_or                     29
     $sdff                          10
     $sub                            1

