
5. Printing statistics.

=== comparator ===

   Number of wires:                 63
   Number of wire bits:            247
   Number of public wires:          14
   Number of public wire bits:      74
   Number of memories:               0
   Number of memory bits:            0
   Number of processes:              0
   Number of cells:                 55
     $add_32                         2
     $and_1                          9
     $dlatch_1                       3
     $gt_16                          2
     $logic_and_1                    4
     $lt_16                          2
     $mux_1                         21
     $ne_16                          1
     $not_1                          7
     $not_32                         2
     $or_1                           2

