
5. Printing statistics.

=== ExpLUT ===

   Number of wires:                131
   Number of wire bits:            168
   Number of public wires:           2
   Number of public wire bits:      39
   Number of memories:               0
   Number of memory bits:            0
   Number of processes:              0
   Number of cells:                130
     $eq_7                         127
     $logic_not_7                    1
     $pmux_32                        1
     $reduce_or_2                    1

=== expunit ===

   Number of wires:                 21
   Number of wire bits:            365
   Number of public wires:          17
   Number of public wire bits:     284
   Number of memories:               0
   Number of memory bits:            0
   Number of processes:              0
   Number of cells:                 15
     $add_16                         2
     $add_32                         1
     $eq_4                           1
     $mul_32                         1
     $mux_16                         1
     $not_16                         1
     $not_32                         1
     $sdffe_16                       3
     $sdffe_32                       3
     ExpLUT                          1

=== design hierarchy ===

   expunit                           1
     ExpLUT                          1

   Number of wires:                152
   Number of wire bits:            533
   Number of public wires:          19
   Number of public wire bits:     323
   Number of memories:               0
   Number of memory bits:            0
   Number of processes:              0
   Number of cells:                144
     $add_16                         2
     $add_32                         1
     $eq_4                           1
     $eq_7                         127
     $logic_not_7                    1
     $mul_32                         1
     $mux_16                         1
     $not_16                         1
     $not_32                         1
     $pmux_32                        1
     $reduce_or_2                    1
     $sdffe_16                       3
     $sdffe_32                       3

