
5. Printing statistics.

=== FPAddSub_NormalizeShift1 ===

   Number of wires:                 26
   Number of wire bits:            175
   Number of public wires:           7
   Number of public wire bits:     140
   Number of memories:               0
   Number of memory bits:            0
   Number of processes:              0
   Number of cells:                 41
     $and_1                          3
     $dlatch_4                       2
     $dlatch_5                       1
     $eq_2                           6
     $logic_not_2                    2
     $mux_4                          2
     $not_1                          3
     $pmux_1                        17
     $pmux_4                         1
     $reduce_or_2                    2
     $reduce_or_3                    2

