
5. Printing statistics.

=== comparator ===

   Number of wires:                 63
   Number of wire bits:            247
   Number of public wires:          14
   Number of public wire bits:      74
   Number of memories:               0
   Number of memory bits:            0
   Number of processes:              0
   Number of cells:                 55
     $add_32                         2
     $and_1                          9
     $dlatch_1                       3
     $gt_16                          2
     $logic_and_1                    4
     $lt_16                          2
     $mux_1                         21
     $ne_16                          1
     $not_1                          7
     $not_32                         2
     $or_1                           2

=== mode1_max_tree ===

   Number of wires:                 50
   Number of wire bits:            215
   Number of public wires:          44
   Number of public wire bits:     209
   Number of memories:               0
   Number of memory bits:            0
   Number of processes:              0
   Number of cells:                 17
     $logic_and_1                    3
     $mux_16                         3
     $not_1                          2
     $reduce_and_2                   1
     $sdffe_16                       4
     comparator                      4

=== design hierarchy ===

   mode1_max_tree                    1
     comparator                      4

   Number of wires:                302
   Number of wire bits:           1203
   Number of public wires:         100
   Number of public wire bits:     505
   Number of memories:               0
   Number of memory bits:            0
   Number of processes:              0
   Number of cells:                233
     $add_32                         8
     $and_1                         36
     $dlatch_1                      12
     $gt_16                          8
     $logic_and_1                   19
     $lt_16                          8
     $mux_1                         84
     $mux_16                         3
     $ne_16                          4
     $not_1                         30
     $not_32                         8
     $or_1                           8
     $reduce_and_2                   1
     $sdffe_16                       4

