
5. Printing statistics.

=== fixed_point_addsub ===

   Number of wires:                 17
   Number of wire bits:            206
   Number of public wires:           9
   Number of public wire bits:      89
   Number of memories:               0
   Number of memory bits:            0
   Number of processes:              0
   Number of cells:                 10
     $add_17                         2
     $add_32                         1
     $logic_and_1                    2
     $mux_16                         2
     $mux_17                         1
     $not_1                          1
     $not_32                         1

=== mode4_adder_tree ===

   Number of wires:                 35
   Number of wire bits:            306
   Number of public wires:          23
   Number of public wire bits:     219
   Number of memories:               0
   Number of memory bits:            0
   Number of processes:              0
   Number of cells:                 20
     $dffe_16                        4
     $logic_and_1                    3
     $mux_16                         5
     $not_1                          1
     $reduce_bool_2                  3
     fixed_point_addsub              4

=== design hierarchy ===

   mode4_adder_tree                  1
     fixed_point_addsub              4

   Number of wires:                103
   Number of wire bits:           1130
   Number of public wires:          59
   Number of public wire bits:     575
   Number of memories:               0
   Number of memory bits:            0
   Number of processes:              0
   Number of cells:                 56
     $add_17                         8
     $add_32                         4
     $dffe_16                        4
     $logic_and_1                   11
     $mux_16                        13
     $mux_17                         4
     $not_1                          5
     $not_32                         4
     $reduce_bool_2                  3

