
5. Printing statistics.

=== td_fused_top_tdf4_filters_1 ===

   Number of wires:                  5
   Number of wire bits:             78
   Number of public wires:           5
   Number of public wire bits:      78
   Number of memories:               0
   Number of memory bits:            0
   Number of processes:              0
   Number of cells:                  1
     td_fused_top_tdf4_filters_1_rom      1

=== td_fused_top_tdf4_filters_1_rom ===

   Number of wires:                  5
   Number of wire bits:            141
   Number of public wires:           4
   Number of public wire bits:      77
   Number of memories:               1
   Number of memory bits:        73728
   Number of processes:              0
   Number of cells:                  2
     $dffe_64                        1
     $memrd                          1

=== design hierarchy ===

   td_fused_top_tdf4_filters_1       1
     td_fused_top_tdf4_filters_1_rom      1

   Number of wires:                 10
   Number of wire bits:            219
   Number of public wires:           9
   Number of public wire bits:     155
   Number of memories:               1
   Number of memory bits:        73728
   Number of processes:              0
   Number of cells:                  2
     $dffe_64                        1
     $memrd                          1

