
5. Printing statistics.

=== $paramod$ab94746a42091e92ea832e1dab14e57f925e29d9\td_fused_top_mux_416_64_1_1 ===

   Number of wires:                 24
   Number of wire bits:           1440
   Number of public wires:          24
   Number of public wire bits:    1440
   Number of memories:               0
   Number of memory bits:            0
   Number of processes:              0
   Number of cells:                  3
     $mux_64                         3

=== td_fused_top_tdf4_readFilters36 ===

   Number of wires:                225
   Number of wire bits:           1969
   Number of public wires:         178
   Number of public wire bits:    1891
   Number of memories:               0
   Number of memory bits:            0
   Number of processes:              0
   Number of cells:                103
     $add_2                          2
     $add_5                          2
     $add_6                          2
     $add_62                         1
     $add_9                          1
     $and_1                         14
     $dffe_1                         2
     $dffe_2                         6
     $dffe_5                         2
     $dffe_6                         2
     $dffe_8                         1
     $dffe_9                         1
     $eq_3                           3
     $eq_5                           1
     $eq_6                           1
     $mux_1                         11
     $mux_2                          8
     $mux_3                          3
     $mux_5                          6
     $mux_6                          2
     $not_1                         11
     $or_1                           4
     $paramod$ab94746a42091e92ea832e1dab14e57f925e29d9\td_fused_top_mux_416_64_1_1      4
     $pmux_3                         1
     $reduce_bool_2                  2
     $reduce_or_2                    2
     $sdff_1                         3
     $sdff_3                         1
     $sdffe_1                        1
     $sub_5                          1
     $sub_62                         1
     $sub_8                          1

=== design hierarchy ===

   td_fused_top_tdf4_readFilters36      1
     $paramod$ab94746a42091e92ea832e1dab14e57f925e29d9\td_fused_top_mux_416_64_1_1      4

   Number of wires:                321
   Number of wire bits:           7729
   Number of public wires:         274
   Number of public wire bits:    7651
   Number of memories:               0
   Number of memory bits:            0
   Number of processes:              0
   Number of cells:                111
     $add_2                          2
     $add_5                          2
     $add_6                          2
     $add_62                         1
     $add_9                          1
     $and_1                         14
     $dffe_1                         2
     $dffe_2                         6
     $dffe_5                         2
     $dffe_6                         2
     $dffe_8                         1
     $dffe_9                         1
     $eq_3                           3
     $eq_5                           1
     $eq_6                           1
     $mux_1                         11
     $mux_2                          8
     $mux_3                          3
     $mux_5                          6
     $mux_6                          2
     $mux_64                        12
     $not_1                         11
     $or_1                           4
     $pmux_3                         1
     $reduce_bool_2                  2
     $reduce_or_2                    2
     $sdff_1                         3
     $sdff_3                         1
     $sdffe_1                        1
     $sub_5                          1
     $sub_62                         1
     $sub_8                          1

