
5. Printing statistics.

=== td_fused_top_tdf3_writeOutputs_unaligned ===

   Number of wires:                 84
   Number of wire bits:            621
   Number of public wires:          58
   Number of public wire bits:     593
   Number of memories:               0
   Number of memory bits:            0
   Number of processes:              0
   Number of cells:                 53
     $add_14                         2
     $add_16                         2
     $and_1                          8
     $dffe_1                         1
     $dffe_12                        2
     $dffe_16                        4
     $dffe_6                         1
     $eq_16                          2
     $eq_2                           3
     $eq_3                           3
     $logic_not_2                    1
     $mux_1                          7
     $mux_3                          1
     $not_1                          5
     $or_1                           3
     $pmux_3                         1
     $reduce_or_2                    1
     $sdff_1                         1
     $sdff_3                         1
     $sdffce_16                      2
     $sdffe_16                       1
     $sub_13                         1

