
5. Printing statistics.

=== td_fused_top_regslice_both ===

   Number of wires:                 59
   Number of wire bits:            249
   Number of public wires:          24
   Number of public wire bits:     211
   Number of memories:               0
   Number of memory bits:            0
   Number of processes:              0
   Number of cells:                 46
     $and_1                         16
     $dffe_32                        2
     $eq_2                           5
     $logic_and_1                    1
     $mux_1                          1
     $mux_2                          3
     $mux_32                         1
     $ne_2                           1
     $not_1                          6
     $or_1                           5
     $reduce_or_2                    1
     $sdff_1                         2
     $sdffe_1                        2

