
5. Printing statistics.

=== td_fused_top_tdf8_writeOutputs_aligned ===

   Number of wires:                 42
   Number of wire bits:            399
   Number of public wires:          35
   Number of public wire bits:     391
   Number of memories:               0
   Number of memory bits:            0
   Number of processes:              0
   Number of cells:                 16
     $add_14                         1
     $add_8                          1
     $and_1                          2
     $dffe_8                         1
     $eq_2                           2
     $mux_1                          3
     $mux_2                          1
     $not_1                          1
     $or_1                           1
     $pmux_2                         1
     $sdff_2                         1
     $sub_8                          1

