
5. Printing statistics.

=== td_fused_top_tdf2_get_next_ijk ===

   Number of wires:                111
   Number of wire bits:            378
   Number of public wires:          72
   Number of public wire bits:     339
   Number of memories:               0
   Number of memory bits:            0
   Number of processes:              0
   Number of cells:                 82
     $add_16                         7
     $add_2                          2
     $and_1                         14
     $eq_16                          3
     $eq_2                           4
     $logic_not_2                    1
     $mux_1                         15
     $not_1                         14
     $or_1                           8
     $or_2                           1
     $reduce_bool_2                  1
     $reduce_or_2                    3
     $sdff_1                         1
     $sdffce_16                      5
     $sdffce_2                       2
     $sdffe_1                        1

