
5. Printing statistics.

=== $paramod$ab94746a42091e92ea832e1dab14e57f925e29d9\td_fused_top_mux_416_64_1_1 ===

   Number of wires:                 24
   Number of wire bits:           1440
   Number of public wires:          24
   Number of public wire bits:    1440
   Number of memories:               0
   Number of memory bits:            0
   Number of processes:              0
   Number of cells:                  3
     $mux_64                         3

=== td_fused_top_tdf7_readFilters53 ===

   Number of wires:                235
   Number of wire bits:           2285
   Number of public wires:         187
   Number of public wire bits:    2201
   Number of memories:               0
   Number of memory bits:            0
   Number of processes:              0
   Number of cells:                112
     $add_10                         1
     $add_2                          2
     $add_6                          3
     $add_61                         1
     $add_7                          1
     $and_1                         14
     $dff_1                          1
     $dff_3                          1
     $dff_6                          1
     $dffe_1                         2
     $dffe_10                        1
     $dffe_2                         4
     $dffe_3                         2
     $dffe_6                         3
     $dffe_64                        4
     $dffe_7                         1
     $dffe_9                         1
     $eq_3                           3
     $eq_6                           1
     $eq_7                           1
     $mux_1                         11
     $mux_2                          8
     $mux_3                          3
     $mux_6                          6
     $mux_7                          2
     $not_1                         12
     $or_1                           4
     $paramod$ab94746a42091e92ea832e1dab14e57f925e29d9\td_fused_top_mux_416_64_1_1      4
     $pmux_3                         1
     $reduce_bool_2                  2
     $reduce_or_2                    2
     $sdff_1                         4
     $sdff_3                         1
     $sdffe_1                        1
     $sub_5                          1
     $sub_61                         1
     $sub_9                          1

=== design hierarchy ===

   td_fused_top_tdf7_readFilters53      1
     $paramod$ab94746a42091e92ea832e1dab14e57f925e29d9\td_fused_top_mux_416_64_1_1      4

   Number of wires:                331
   Number of wire bits:           8045
   Number of public wires:         283
   Number of public wire bits:    7961
   Number of memories:               0
   Number of memory bits:            0
   Number of processes:              0
   Number of cells:                120
     $add_10                         1
     $add_2                          2
     $add_6                          3
     $add_61                         1
     $add_7                          1
     $and_1                         14
     $dff_1                          1
     $dff_3                          1
     $dff_6                          1
     $dffe_1                         2
     $dffe_10                        1
     $dffe_2                         4
     $dffe_3                         2
     $dffe_6                         3
     $dffe_64                        4
     $dffe_7                         1
     $dffe_9                         1
     $eq_3                           3
     $eq_6                           1
     $eq_7                           1
     $mux_1                         11
     $mux_2                          8
     $mux_3                          3
     $mux_6                          6
     $mux_64                        12
     $mux_7                          2
     $not_1                         12
     $or_1                           4
     $pmux_3                         1
     $reduce_bool_2                  2
     $reduce_or_2                    2
     $sdff_1                         4
     $sdff_3                         1
     $sdffe_1                        1
     $sub_5                          1
     $sub_61                         1
     $sub_9                          1

