
5. Printing statistics.

=== $paramod$0a798cbc7902f454b0a3ef99e2a42f7441f71b19\td_fused_top_mux_416_32_1_1 ===

   Number of wires:                 24
   Number of wire bits:            736
   Number of public wires:          24
   Number of public wire bits:     736
   Number of memories:               0
   Number of memory bits:            0
   Number of processes:              0
   Number of cells:                  3
     $mux_32                         3

=== $paramod$20ed575d3a8c8a8136d29b2d7ca09626e45a2e9e\td_fused_top_hcmp_16ns_16ns_1_2_no_dsp_1 ===

   Number of wires:                 27
   Number of wire bits:            139
   Number of public wires:          21
   Number of public wire bits:     133
   Number of memories:               0
   Number of memory bits:            0
   Number of processes:              0
   Number of cells:                 14
     $dff_1                          2
     $dffe_16                        2
     $dffe_5                         1
     $eq_5                           6
     $mux_1                          1
     $pmux_8                         1
     td_fused_top_ap_hcmp_0_no_dsp_16      1

=== $paramod$39fc8c2259eea60ebd1699530f5152003b944440\td_fused_top_mux_42_1_1_1 ===

   Number of wires:                 10
   Number of wire bits:             12
   Number of public wires:          10
   Number of public wire bits:      12
   Number of memories:               0
   Number of memory bits:            0
   Number of processes:              0
   Number of cells:                  3
     $mux_1                          3

=== $paramod$3c0377098b222d6572752d08e873f7489758dceb\td_fused_top_hmul_16ns_16ns_16_5_max_dsp_1 ===

   Number of wires:                 19
   Number of wire bits:            169
   Number of public wires:          19
   Number of public wire bits:     169
   Number of memories:               0
   Number of memory bits:            0
   Number of processes:              0
   Number of cells:                  6
     $dff_1                          1
     $dff_16                         1
     $dffe_16                        2
     $mux_16                         1
     td_fused_top_ap_hmul_3_max_dsp_16      1

=== $paramod$8dea2db416463a8f312819906908d61ee1133101\td_fused_top_dataflow_in_loop_TOP_LOOP47956_ifmap_vec_0 ===

   Number of wires:                 55
   Number of wire bits:            150
   Number of public wires:          28
   Number of public wire bits:     119
   Number of memories:               0
   Number of memory bits:            0
   Number of processes:              0
   Number of cells:                 36
     $add_1                          2
     $add_2                          1
     $and_1                          4
     $eq_2                           1
     $logic_and_1                    7
     $logic_not_1                    3
     $logic_not_2                    1
     $logic_or_1                     1
     $mux_1                          4
     $mux_2                          2
     $reduce_bool_2                  2
     $reduce_or_2                    1
     $sdffe_1                        4
     $sdffe_2                        1
     $sub_2                          1
     td_fused_top_dataflow_in_loop_TOP_LOOP47956_ifmap_vec_0_memcore      1

=== $paramod$8dea2db416463a8f312819906908d61ee1133101\td_fused_top_dataflow_in_loop_TOP_LOOP47956_products_0_0 ===

   Number of wires:                101
   Number of wire bits:            405
   Number of public wires:          51
   Number of public wire bits:     321
   Number of memories:               0
   Number of memory bits:            0
   Number of processes:              0
   Number of cells:                 82
     $add_1                          2
     $add_2                          1
     $and_1                          4
     $eq_2                           1
     $logic_and_1                   11
     $logic_not_1                    7
     $logic_not_2                    1
     $logic_or_1                     1
     $mux_1                         20
     $mux_16                         8
     $mux_2                          2
     $mux_8                          4
     $not_1                          1
     $reduce_bool_2                  4
     $reduce_or_2                    1
     $sdff_1                         2
     $sdffe_1                        6
     $sdffe_16                       2
     $sdffe_2                        1
     $sub_2                          1
     td_fused_top_dataflow_in_loop_TOP_LOOP47956_products_0_0_memcore      2

=== $paramod$912b74f0497673b69e86cc7c82dae9d480ead345\td_fused_top_hsub_16ns_16ns_16_7_full_dsp_1 ===

   Number of wires:                 19
   Number of wire bits:            169
   Number of public wires:          19
   Number of public wire bits:     169
   Number of memories:               0
   Number of memory bits:            0
   Number of processes:              0
   Number of cells:                  6
     $dff_1                          1
     $dff_16                         1
     $dffe_16                        2
     $mux_16                         1
     td_fused_top_ap_hadd_6_full_dsp_16      1

=== $paramod$91996938bf55391da83956fb5d59b8cc0957c6c9\td_fused_top_mux_42_16_1_1 ===

   Number of wires:                 10
   Number of wire bits:            132
   Number of public wires:          10
   Number of public wire bits:     132
   Number of memories:               0
   Number of memory bits:            0
   Number of processes:              0
   Number of cells:                  3
     $mux_16                         3

=== $paramod$bd98ea72159fe26174e7b3ed5baca9c91958ef6f\td_fused_top_hadd_16ns_16ns_16_8_full_dsp_1 ===

   Number of wires:                 19
   Number of wire bits:            169
   Number of public wires:          19
   Number of public wire bits:     169
   Number of memories:               0
   Number of memory bits:            0
   Number of processes:              0
   Number of cells:                  6
     $dff_1                          1
     $dff_16                         1
     $dffe_16                        2
     $mux_16                         1
     td_fused_top_ap_hadd_6_full_dsp_16      1

=== $paramod$e36eaf216809172bdd5f22425c51e5fbd0273c5d\td_fused_top_dataflow_in_loop_TOP_LOOP47956_accum1_out_0 ===

   Number of wires:                 99
   Number of wire bits:            357
   Number of public wires:          54
   Number of public wire bits:     293
   Number of memories:               0
   Number of memory bits:            0
   Number of processes:              0
   Number of cells:                 77
     $add_1                          2
     $add_2                          1
     $and_1                          4
     $eq_2                           1
     $logic_and_1                   10
     $logic_not_1                    5
     $logic_not_2                    1
     $logic_or_1                     1
     $mux_1                         22
     $mux_16                         7
     $mux_2                          2
     $mux_4                          4
     $not_1                          1
     $reduce_bool_2                  3
     $reduce_or_2                    1
     $sdff_1                         2
     $sdffe_1                        5
     $sdffe_16                       1
     $sdffe_2                        1
     $sub_2                          1
     td_fused_top_dataflow_in_loop_TOP_LOOP47956_accum1_out_0_memcore      2

=== FPAddSub ===

   Number of wires:                 45
   Number of wire bits:            591
   Number of public wires:          45
   Number of public wire bits:     591
   Number of memories:               0
   Number of memory bits:            0
   Number of processes:              0
   Number of cells:                 19
     $mux_25                         1
     $mux_33                         1
     $mux_36                         1
     $mux_38                         2
     $mux_39                         1
     $mux_40                         1
     $mux_41                         1
     $mux_48                         1
     FPAddSub_AlignModule            1
     FPAddSub_AlignShift1            1
     FPAddSub_AlignShift2            1
     FPAddSub_ExceptionModule        1
     FPAddSub_ExecutionModule        1
     FPAddSub_NormalizeModule        1
     FPAddSub_NormalizeShift1        1
     FPAddSub_NormalizeShift2        1
     FPAddSub_PrealignModule         1
     FPAddSub_RoundModule            1

=== FPAddSub_AlignModule ===

   Number of wires:                  8
   Number of wire bits:             71
   Number of public wires:           8
   Number of public wire bits:      71
   Number of memories:               0
   Number of memory bits:            0
   Number of processes:              0
   Number of cells:                  5
     $lt_15                          1
     $mux_10                         2
     $mux_5                          2

=== FPAddSub_AlignShift1 ===

   Number of wires:                 12
   Number of wire bits:             74
   Number of public wires:           6
   Number of public wire bits:      68
   Number of memories:               0
   Number of memory bits:            0
   Number of processes:              0
   Number of cells:                 18
     $eq_2                           3
     $logic_not_2                    1
     $mux_11                         1
     $pmux_1                        11
     $reduce_or_2                    1
     $reduce_or_3                    1

=== FPAddSub_AlignShift2 ===

   Number of wires:                 11
   Number of wire bits:             63
   Number of public wires:           5
   Number of public wire bits:      57
   Number of memories:               0
   Number of memory bits:            0
   Number of processes:              0
   Number of cells:                 17
     $eq_2                           3
     $logic_not_2                    1
     $pmux_1                        11
     $reduce_or_2                    1
     $reduce_or_3                    1

=== FPAddSub_ExceptionModule ===

   Number of wires:                 23
   Number of wire bits:             61
   Number of public wires:          13
   Number of public wire bits:      51
   Number of memories:               0
   Number of memory bits:            0
   Number of processes:              0
   Number of cells:                 15
     $and_1                          4
     $logic_not_1                    1
     $not_1                          2
     $or_1                           5
     $reduce_and_5                   1
     $reduce_or_3                    1
     $reduce_or_5                    1

=== FPAddSub_ExecutionModule ===

   Number of wires:                 12
   Number of wire bits:             79
   Number of public wires:           9
   Number of public wire bits:      44
   Number of memories:               0
   Number of memory bits:            0
   Number of processes:              0
   Number of cells:                  6
     $add_17                         1
     $mux_1                          1
     $mux_17                         1
     $sub_17                         1
     $xor_1                          2

=== FPAddSub_NormalizeModule ===

   Number of wires:                 16
   Number of wire bits:            116
   Number of public wires:           4
   Number of public wire bits:      56
   Number of memories:               0
   Number of memory bits:            0
   Number of processes:              0
   Number of cells:                 14
     $mux_17                         1
     $mux_5                         13

=== FPAddSub_NormalizeShift1 ===

   Number of wires:                 19
   Number of wire bits:            152
   Number of public wires:           7
   Number of public wire bits:     140
   Number of memories:               0
   Number of memory bits:            0
   Number of processes:              0
   Number of cells:                 20
     $eq_2                           6
     $logic_not_2                    2
     $pmux_1                         2
     $pmux_13                        1
     $pmux_2                         1
     $pmux_4                         3
     $pmux_5                         1
     $reduce_or_2                    4

=== FPAddSub_NormalizeShift2 ===

   Number of wires:                 14
   Number of wire bits:             62
   Number of public wires:          13
   Number of public wire bits:      61
   Number of memories:               0
   Number of memory bits:            0
   Number of processes:              0
   Number of cells:                  6
     $add_6                          1
     $logic_not_1                    1
     $mux_6                          1
     $reduce_or_17                   1
     $reduce_or_4                    1
     $sub_6                          1

=== FPAddSub_PrealignModule ===

   Number of wires:                 30
   Number of wire bits:            295
   Number of public wires:          16
   Number of public wire bits:      95
   Number of memories:               0
   Number of memory bits:            0
   Number of processes:              0
   Number of cells:                 19
     $add_32                         4
     $and_1                          4
     $logic_not_1                    2
     $not_32                         2
     $or_1                           3
     $reduce_and_5                   2
     $reduce_or_10                   2

=== FPAddSub_RoundModule ===

   Number of wires:                 35
   Number of wire bits:            124
   Number of public wires:          19
   Number of public wire bits:      72
   Number of memories:               0
   Number of memory bits:            0
   Number of processes:              0
   Number of cells:                 22
     $add_32                         1
     $add_6                          1
     $and_1                          7
     $mux_1                          2
     $mux_10                         1
     $mux_6                          1
     $not_1                          2
     $or_1                           5
     $xor_1                          2

=== FPMult_16 ===

   Number of wires:                 27
   Number of wire bits:            348
   Number of public wires:          27
   Number of public wire bits:     348
   Number of memories:               0
   Number of memory bits:            0
   Number of processes:              0
   Number of cells:                  9
     $mux_21                         1
     $mux_23                         1
     $mux_32                         1
     $mux_41                         1
     $mux_48                         1
     FPMult_ExecuteModule            1
     FPMult_NormalizeModule          1
     FPMult_PrepModule               1
     FPMult_RoundModule              1

=== FPMult_ExecuteModule ===

   Number of wires:                 15
   Number of wire bits:            103
   Number of public wires:          12
   Number of public wire bits:      95
   Number of memories:               0
   Number of memory bits:            0
   Number of processes:              0
   Number of cells:                  7
     $add_6                          2
     $and_1                          1
     $mux_10                         1
     $or_1                           1
     $reduce_or_10                   1
     $xor_1                          1

=== FPMult_NormalizeModule ===

   Number of wires:                  8
   Number of wire bits:            114
   Number of public wires:           6
   Number of public wire bits:      50
   Number of memories:               0
   Number of memory bits:            0
   Number of processes:              0
   Number of cells:                  2
     $sub_32                         2

=== FPMult_PrepModule ===

   Number of wires:                 23
   Number of wire bits:             86
   Number of public wires:          14
   Number of public wire bits:      77
   Number of memories:               0
   Number of memory bits:            0
   Number of processes:              0
   Number of cells:                 15
     $and_1                          4
     $logic_not_1                    2
     $mul_22                         1
     $or_1                           3
     $reduce_and_5                   2
     $reduce_or_10                   1
     $reduce_or_5                    2

=== FPMult_RoundModule ===

   Number of wires:                 12
   Number of wire bits:             90
   Number of public wires:          12
   Number of public wire bits:      90
   Number of memories:               0
   Number of memory bits:            0
   Number of processes:              0
   Number of cells:                  3
     $mux_11                         2
     $mux_6                          1

=== td_fused_top_Block_entry_proc_proc542 ===

   Number of wires:                 16
   Number of wire bits:             61
   Number of public wires:          14
   Number of public wire bits:      59
   Number of memories:               0
   Number of memory bits:            0
   Number of processes:              0
   Number of cells:                  9
     $mux_1                          3
     $mux_16                         1
     $not_1                          1
     $or_1                           1
     $reduce_or_2                    1
     $sdff_1                         1
     $sdff_16                        1

=== td_fused_top_Block_entry_proc_proc543 ===

   Number of wires:                 16
   Number of wire bits:             61
   Number of public wires:          14
   Number of public wire bits:      59
   Number of memories:               0
   Number of memory bits:            0
   Number of processes:              0
   Number of cells:                  9
     $mux_1                          3
     $mux_16                         1
     $not_1                          1
     $or_1                           1
     $reduce_or_2                    1
     $sdff_1                         1
     $sdff_16                        1

=== td_fused_top_Block_entry_proc_proc544 ===

   Number of wires:                 16
   Number of wire bits:             61
   Number of public wires:          14
   Number of public wire bits:      59
   Number of memories:               0
   Number of memory bits:            0
   Number of processes:              0
   Number of cells:                  9
     $mux_1                          3
     $mux_16                         1
     $not_1                          1
     $or_1                           1
     $reduce_or_2                    1
     $sdff_1                         1
     $sdff_16                        1

=== td_fused_top_Block_entry_proc_proc545 ===

   Number of wires:                 16
   Number of wire bits:             61
   Number of public wires:          14
   Number of public wire bits:      59
   Number of memories:               0
   Number of memory bits:            0
   Number of processes:              0
   Number of cells:                  9
     $mux_1                          3
     $mux_16                         1
     $not_1                          1
     $or_1                           1
     $reduce_or_2                    1
     $sdff_1                         1
     $sdff_16                        1

=== td_fused_top_ap_hadd_6_full_dsp_16 ===

   Number of wires:                 12
   Number of wire bits:            117
   Number of public wires:          12
   Number of public wire bits:     117
   Number of memories:               0
   Number of memory bits:            0
   Number of processes:              0
   Number of cells:                  4
     $dffe_16                        3
     FPAddSub                        1

=== td_fused_top_ap_hcmp_0_no_dsp_16 ===

   Number of wires:                 10
   Number of wire bits:             84
   Number of public wires:          10
   Number of public wire bits:      84
   Number of memories:               0
   Number of memory bits:            0
   Number of processes:              0
   Number of cells:                  2
     $not_1                          1
     FPAddSub                        1

=== td_fused_top_ap_hmul_3_max_dsp_16 ===

   Number of wires:                 12
   Number of wire bits:            117
   Number of public wires:          12
   Number of public wire bits:     117
   Number of memories:               0
   Number of memory bits:            0
   Number of processes:              0
   Number of cells:                  4
     $dffe_16                        3
     FPMult_16                       1

=== td_fused_top_dataflow_in_loop_TOP_LOOP47956 ===

   Number of wires:                910
   Number of wire bits:           4645
   Number of public wires:         732
   Number of public wire bits:    4467
   Number of memories:               0
   Number of memory bits:            0
   Number of processes:              0
   Number of cells:                332
     $and_1                        150
     $not_1                         62
     $or_1                          26
     $paramod$8dea2db416463a8f312819906908d61ee1133101\td_fused_top_dataflow_in_loop_TOP_LOOP47956_ifmap_vec_0     10
     $paramod$8dea2db416463a8f312819906908d61ee1133101\td_fused_top_dataflow_in_loop_TOP_LOOP47956_products_0_0      8
     $paramod$e36eaf216809172bdd5f22425c51e5fbd0273c5d\td_fused_top_dataflow_in_loop_TOP_LOOP47956_accum1_out_0      4
     $reduce_or_2                    6
     $sdff_1                        26
     td_fused_top_Block_entry_proc_proc542      1
     td_fused_top_Block_entry_proc_proc543      1
     td_fused_top_Block_entry_proc_proc544      1
     td_fused_top_Block_entry_proc_proc545      1
     td_fused_top_fifo_w16_d2_S_x5     14
     td_fused_top_fifo_w1_d8_S       2
     td_fused_top_fifo_w4_d8_S_x      1
     td_fused_top_fifo_w6_d2_S_x      1
     td_fused_top_fifo_w8_d2_S       1
     td_fused_top_fifo_w8_d7_S       1
     td_fused_top_fifo_w8_d8_S       1
     td_fused_top_start_for_tdf8_readFilters58_U0      1
     td_fused_top_tdf8_accum_1       4
     td_fused_top_tdf8_accum_2       1
     td_fused_top_tdf8_accum_2_1      1
     td_fused_top_tdf8_accum_2_2      1
     td_fused_top_tdf8_accum_2_3      1
     td_fused_top_tdf8_adjust        1
     td_fused_top_tdf8_dot_product      1
     td_fused_top_tdf8_get_next_ijk      1
     td_fused_top_tdf8_poolOutputs      1
     td_fused_top_tdf8_readFilters58      1
     td_fused_top_tdf8_readInputs59      1

=== td_fused_top_dataflow_in_loop_TOP_LOOP47956_accum1_out_0_memcore ===

   Number of wires:                 11
   Number of wire bits:             62
   Number of public wires:          11
   Number of public wire bits:      62
   Number of memories:               0
   Number of memory bits:            0
   Number of processes:              0
   Number of cells:                  1
     td_fused_top_dataflow_in_loop_TOP_LOOP47956_accum1_out_0_memcore_ram      1

=== td_fused_top_dataflow_in_loop_TOP_LOOP47956_accum1_out_0_memcore_ram ===

   Number of wires:                 23
   Number of wire bits:            221
   Number of public wires:          10
   Number of public wire bits:      61
   Number of memories:               1
   Number of memory bits:          256
   Number of processes:              0
   Number of cells:                 16
     $dffe_16                        1
     $memrd                          1
     $memwr_v2                       2
     $mux_1                          4
     $mux_16                         4
     $mux_4                          4

=== td_fused_top_dataflow_in_loop_TOP_LOOP47956_ifmap_vec_0_memcore ===

   Number of wires:                 12
   Number of wire bits:             88
   Number of public wires:          12
   Number of public wire bits:      88
   Number of memories:               0
   Number of memory bits:            0
   Number of processes:              0
   Number of cells:                  1
     td_fused_top_dataflow_in_loop_TOP_LOOP47956_ifmap_vec_0_memcore_ram      1

=== td_fused_top_dataflow_in_loop_TOP_LOOP47956_ifmap_vec_0_memcore_ram ===

   Number of wires:                 25
   Number of wire bits:            283
   Number of public wires:          11
   Number of public wire bits:      87
   Number of memories:               1
   Number of memory bits:         4608
   Number of processes:              0
   Number of cells:                 18
     $dffe_16                        2
     $memrd                          2
     $memwr_v2                       2
     $mux_1                          4
     $mux_16                         4
     $mux_9                          4

=== td_fused_top_dataflow_in_loop_TOP_LOOP47956_products_0_0_memcore ===

   Number of wires:                 10
   Number of wire bits:             69
   Number of public wires:          10
   Number of public wire bits:      69
   Number of memories:               0
   Number of memory bits:            0
   Number of processes:              0
   Number of cells:                  1
     td_fused_top_dataflow_in_loop_TOP_LOOP47956_products_0_0_memcore_ram      1

=== td_fused_top_dataflow_in_loop_TOP_LOOP47956_products_0_0_memcore_ram ===

   Number of wires:                 17
   Number of wire bits:            180
   Number of public wires:           9
   Number of public wire bits:      68
   Number of memories:               1
   Number of memory bits:         2304
   Number of processes:              0
   Number of cells:                 11
     $dffe_16                        2
     $memrd                          2
     $memwr_v2                       1
     $mux_1                          2
     $mux_16                         2
     $mux_8                          2

=== td_fused_top_fifo_w16_d2_S_x5 ===

   Number of wires:                 45
   Number of wire bits:            172
   Number of public wires:          17
   Number of public wire bits:      78
   Number of memories:               0
   Number of memory bits:            0
   Number of processes:              0
   Number of cells:                 34
     $add_2                          1
     $and_1                          4
     $and_32                         2
     $eq_32                          2
     $logic_and_1                    2
     $logic_not_2                    1
     $logic_not_32                   2
     $mux_1                          4
     $mux_2                          2
     $ne_2                           1
     $not_1                          2
     $or_1                           2
     $reduce_and_2                   2
     $reduce_bool_2                  1
     $reduce_or_2                    1
     $sdffe_1                        2
     $sdffe_2                        1
     $sub_2                          1
     td_fused_top_fifo_w16_d2_S_x5_shiftReg      1

=== td_fused_top_fifo_w16_d2_S_x5_shiftReg ===

   Number of wires:                  8
   Number of wire bits:             68
   Number of public wires:           7
   Number of public wire bits:      67
   Number of memories:               0
   Number of memory bits:            0
   Number of processes:              0
   Number of cells:                  4
     $dffe_16                        2
     $not_1                          1
     $pmux_16                        1

=== td_fused_top_fifo_w1_d8_S ===

   Number of wires:                 46
   Number of wire bits:            125
   Number of public wires:          17
   Number of public wire bits:      22
   Number of memories:               0
   Number of memory bits:            0
   Number of processes:              0
   Number of cells:                 35
     $add_4                          1
     $and_1                          4
     $and_32                         2
     $eq_32                          2
     $eq_4                           1
     $logic_and_1                    2
     $logic_not_32                   2
     $logic_not_4                    1
     $mux_1                          3
     $mux_3                          1
     $mux_4                          2
     $ne_2                           1
     $not_1                          2
     $or_1                           2
     $reduce_and_2                   2
     $reduce_bool_2                  1
     $reduce_or_2                    1
     $sdffe_1                        2
     $sdffe_4                        1
     $sub_4                          1
     td_fused_top_fifo_w1_d8_S_shiftReg      1

=== td_fused_top_fifo_w1_d8_S_shiftReg ===

   Number of wires:                 21
   Number of wire bits:             23
   Number of public wires:          13
   Number of public wire bits:      15
   Number of memories:               0
   Number of memory bits:            0
   Number of processes:              0
   Number of cells:                 17
     $dffe_1                         8
     $eq_3                           7
     $logic_not_3                    1
     $pmux_1                         1

=== td_fused_top_fifo_w4_d8_S_x ===

   Number of wires:                 46
   Number of wire bits:            137
   Number of public wires:          17
   Number of public wire bits:      34
   Number of memories:               0
   Number of memory bits:            0
   Number of processes:              0
   Number of cells:                 35
     $add_4                          1
     $and_1                          4
     $and_32                         2
     $eq_32                          2
     $eq_4                           1
     $logic_and_1                    2
     $logic_not_32                   2
     $logic_not_4                    1
     $mux_1                          3
     $mux_3                          1
     $mux_4                          2
     $ne_2                           1
     $not_1                          2
     $or_1                           2
     $reduce_and_2                   2
     $reduce_bool_2                  1
     $reduce_or_2                    1
     $sdffe_1                        2
     $sdffe_4                        1
     $sub_4                          1
     td_fused_top_fifo_w4_d8_S_x_shiftReg      1

=== td_fused_top_fifo_w4_d8_S_x_shiftReg ===

   Number of wires:                 21
   Number of wire bits:             53
   Number of public wires:          13
   Number of public wire bits:      45
   Number of memories:               0
   Number of memory bits:            0
   Number of processes:              0
   Number of cells:                 17
     $dffe_4                         8
     $eq_3                           7
     $logic_not_3                    1
     $pmux_4                         1

=== td_fused_top_fifo_w6_d2_S_x ===

   Number of wires:                 45
   Number of wire bits:            132
   Number of public wires:          17
   Number of public wire bits:      38
   Number of memories:               0
   Number of memory bits:            0
   Number of processes:              0
   Number of cells:                 34
     $add_2                          1
     $and_1                          4
     $and_32                         2
     $eq_32                          2
     $logic_and_1                    2
     $logic_not_2                    1
     $logic_not_32                   2
     $mux_1                          4
     $mux_2                          2
     $ne_2                           1
     $not_1                          2
     $or_1                           2
     $reduce_and_2                   2
     $reduce_bool_2                  1
     $reduce_or_2                    1
     $sdffe_1                        2
     $sdffe_2                        1
     $sub_2                          1
     td_fused_top_fifo_w6_d2_S_x_shiftReg      1

=== td_fused_top_fifo_w6_d2_S_x_shiftReg ===

   Number of wires:                  8
   Number of wire bits:             28
   Number of public wires:           7
   Number of public wire bits:      27
   Number of memories:               0
   Number of memory bits:            0
   Number of processes:              0
   Number of cells:                  4
     $dffe_6                         2
     $not_1                          1
     $pmux_6                         1

=== td_fused_top_fifo_w8_d2_S ===

   Number of wires:                 45
   Number of wire bits:            140
   Number of public wires:          17
   Number of public wire bits:      46
   Number of memories:               0
   Number of memory bits:            0
   Number of processes:              0
   Number of cells:                 34
     $add_2                          1
     $and_1                          4
     $and_32                         2
     $eq_32                          2
     $logic_and_1                    2
     $logic_not_2                    1
     $logic_not_32                   2
     $mux_1                          4
     $mux_2                          2
     $ne_2                           1
     $not_1                          2
     $or_1                           2
     $reduce_and_2                   2
     $reduce_bool_2                  1
     $reduce_or_2                    1
     $sdffe_1                        2
     $sdffe_2                        1
     $sub_2                          1
     td_fused_top_fifo_w8_d2_S_shiftReg      1

=== td_fused_top_fifo_w8_d2_S_shiftReg ===

   Number of wires:                  8
   Number of wire bits:             36
   Number of public wires:           7
   Number of public wire bits:      35
   Number of memories:               0
   Number of memory bits:            0
   Number of processes:              0
   Number of cells:                  4
     $dffe_8                         2
     $not_1                          1
     $pmux_8                         1

=== td_fused_top_fifo_w8_d7_S ===

   Number of wires:                 46
   Number of wire bits:            153
   Number of public wires:          17
   Number of public wire bits:      50
   Number of memories:               0
   Number of memory bits:            0
   Number of processes:              0
   Number of cells:                 35
     $add_4                          1
     $and_1                          4
     $and_32                         2
     $eq_32                          2
     $eq_4                           1
     $logic_and_1                    2
     $logic_not_32                   2
     $logic_not_4                    1
     $mux_1                          3
     $mux_3                          1
     $mux_4                          2
     $ne_2                           1
     $not_1                          2
     $or_1                           2
     $reduce_and_2                   2
     $reduce_bool_2                  1
     $reduce_or_2                    1
     $sdffe_1                        2
     $sdffe_4                        1
     $sub_4                          1
     td_fused_top_fifo_w8_d7_S_shiftReg      1

=== td_fused_top_fifo_w8_d7_S_shiftReg ===

   Number of wires:                 18
   Number of wire bits:             83
   Number of public wires:          12
   Number of public wire bits:      77
   Number of memories:               0
   Number of memory bits:            0
   Number of processes:              0
   Number of cells:                 14
     $dffe_8                         7
     $eq_3                           5
     $logic_not_3                    1
     $pmux_8                         1

=== td_fused_top_fifo_w8_d8_S ===

   Number of wires:                 46
   Number of wire bits:            153
   Number of public wires:          17
   Number of public wire bits:      50
   Number of memories:               0
   Number of memory bits:            0
   Number of processes:              0
   Number of cells:                 35
     $add_4                          1
     $and_1                          4
     $and_32                         2
     $eq_32                          2
     $eq_4                           1
     $logic_and_1                    2
     $logic_not_32                   2
     $logic_not_4                    1
     $mux_1                          3
     $mux_3                          1
     $mux_4                          2
     $ne_2                           1
     $not_1                          2
     $or_1                           2
     $reduce_and_2                   2
     $reduce_bool_2                  1
     $reduce_or_2                    1
     $sdffe_1                        2
     $sdffe_4                        1
     $sub_4                          1
     td_fused_top_fifo_w8_d8_S_shiftReg      1

=== td_fused_top_fifo_w8_d8_S_shiftReg ===

   Number of wires:                 21
   Number of wire bits:             93
   Number of public wires:          13
   Number of public wire bits:      85
   Number of memories:               0
   Number of memory bits:            0
   Number of processes:              0
   Number of cells:                 17
     $dffe_8                         8
     $eq_3                           7
     $logic_not_3                    1
     $pmux_8                         1

=== td_fused_top_start_for_tdf8_readFilters58_U0 ===

   Number of wires:                 45
   Number of wire bits:            112
   Number of public wires:          17
   Number of public wire bits:      18
   Number of memories:               0
   Number of memory bits:            0
   Number of processes:              0
   Number of cells:                 34
     $add_2                          1
     $and_1                          4
     $and_32                         2
     $eq_32                          2
     $logic_and_1                    2
     $logic_not_2                    1
     $logic_not_32                   2
     $mux_1                          4
     $mux_2                          2
     $ne_2                           1
     $not_1                          2
     $or_1                           2
     $reduce_and_2                   2
     $reduce_bool_2                  1
     $reduce_or_2                    1
     $sdffe_1                        2
     $sdffe_2                        1
     $sub_2                          1
     td_fused_top_start_for_tdf8_readFilters58_U0_shiftReg      1

=== td_fused_top_start_for_tdf8_readFilters58_U0_shiftReg ===

   Number of wires:                  8
   Number of wire bits:              8
   Number of public wires:           7
   Number of public wire bits:       7
   Number of memories:               0
   Number of memory bits:            0
   Number of processes:              0
   Number of cells:                  4
     $dffe_1                         2
     $not_1                          1
     $pmux_1                         1

=== td_fused_top_tdf8_accum_1 ===

   Number of wires:                329
   Number of wire bits:           2809
   Number of public wires:         182
   Number of public wire bits:    1980
   Number of memories:               0
   Number of memory bits:            0
   Number of processes:              0
   Number of cells:                238
     $add_5                          1
     $add_9                          1
     $and_1                         48
     $dffe_1                         2
     $dffe_16                       32
     $dffe_8                         1
     $dffe_9                         2
     $eq_11                         11
     $eq_4                          13
     $logic_not_4                    1
     $lt_9                           1
     $mux_1                         17
     $mux_11                         4
     $mux_16                        52
     $mux_8                         10
     $mux_9                          3
     $not_1                         12
     $or_1                           5
     $or_4                           1
     $or_8                           7
     $paramod$bd98ea72159fe26174e7b3ed5baca9c91958ef6f\td_fused_top_hadd_16ns_16ns_16_8_full_dsp_1      3
     $pmux_11                        1
     $reduce_bool_2                  2
     $reduce_or_2                    2
     $sdff_1                         1
     $sdff_11                        1
     $sdffe_1                        3
     $sdffe_5                        1

=== td_fused_top_tdf8_accum_2 ===

   Number of wires:                 50
   Number of wire bits:            258
   Number of public wires:          30
   Number of public wire bits:     218
   Number of memories:               0
   Number of memory bits:            0
   Number of processes:              0
   Number of cells:                 37
     $add_5                          1
     $and_1                          3
     $dffe_16                        1
     $dffe_5                         1
     $eq_11                         11
     $eq_5                           1
     $mux_1                          5
     $mux_11                         2
     $mux_16                         1
     $not_1                          2
     $or_1                           1
     $paramod$bd98ea72159fe26174e7b3ed5baca9c91958ef6f\td_fused_top_hadd_16ns_16ns_16_8_full_dsp_1      1
     $pmux_11                        1
     $reduce_or_2                    1
     $sdff_1                         1
     $sdff_11                        1
     $sdff_16                        1
     $sdffe_16                       1
     $sdffe_5                        1

=== td_fused_top_tdf8_accum_2_1 ===

   Number of wires:                 50
   Number of wire bits:            258
   Number of public wires:          30
   Number of public wire bits:     218
   Number of memories:               0
   Number of memory bits:            0
   Number of processes:              0
   Number of cells:                 37
     $add_5                          1
     $and_1                          3
     $dffe_16                        1
     $dffe_5                         1
     $eq_11                         11
     $eq_5                           1
     $mux_1                          5
     $mux_11                         2
     $mux_16                         1
     $not_1                          2
     $or_1                           1
     $paramod$bd98ea72159fe26174e7b3ed5baca9c91958ef6f\td_fused_top_hadd_16ns_16ns_16_8_full_dsp_1      1
     $pmux_11                        1
     $reduce_or_2                    1
     $sdff_1                         1
     $sdff_11                        1
     $sdff_16                        1
     $sdffe_16                       1
     $sdffe_5                        1

=== td_fused_top_tdf8_accum_2_2 ===

   Number of wires:                 50
   Number of wire bits:            258
   Number of public wires:          30
   Number of public wire bits:     218
   Number of memories:               0
   Number of memory bits:            0
   Number of processes:              0
   Number of cells:                 37
     $add_5                          1
     $and_1                          3
     $dffe_16                        1
     $dffe_5                         1
     $eq_11                         11
     $eq_5                           1
     $mux_1                          5
     $mux_11                         2
     $mux_16                         1
     $not_1                          2
     $or_1                           1
     $paramod$bd98ea72159fe26174e7b3ed5baca9c91958ef6f\td_fused_top_hadd_16ns_16ns_16_8_full_dsp_1      1
     $pmux_11                        1
     $reduce_or_2                    1
     $sdff_1                         1
     $sdff_11                        1
     $sdff_16                        1
     $sdffe_16                       1
     $sdffe_5                        1

=== td_fused_top_tdf8_accum_2_3 ===

   Number of wires:                 50
   Number of wire bits:            258
   Number of public wires:          30
   Number of public wire bits:     218
   Number of memories:               0
   Number of memory bits:            0
   Number of processes:              0
   Number of cells:                 37
     $add_5                          1
     $and_1                          3
     $dffe_16                        1
     $dffe_5                         1
     $eq_11                         11
     $eq_5                           1
     $mux_1                          5
     $mux_11                         2
     $mux_16                         1
     $not_1                          2
     $or_1                           1
     $paramod$bd98ea72159fe26174e7b3ed5baca9c91958ef6f\td_fused_top_hadd_16ns_16ns_16_8_full_dsp_1      1
     $pmux_11                        1
     $reduce_or_2                    1
     $sdff_1                         1
     $sdff_11                        1
     $sdff_16                        1
     $sdffe_16                       1
     $sdffe_5                        1

=== td_fused_top_tdf8_adjust ===

   Number of wires:                219
   Number of wire bits:           1126
   Number of public wires:         178
   Number of public wire bits:    1077
   Number of memories:               0
   Number of memory bits:            0
   Number of processes:              0
   Number of cells:                161
     $add_3                          1
     $and_1                          9
     $dff_1                         20
     $dff_16                        19
     $dff_2                         20
     $dffe_1                         2
     $dffe_16                       11
     $dffe_2                         2
     $dffe_3                         1
     $dffe_6                         1
     $eq_2                           2
     $eq_3                           4
     $logic_not_2                    1
     $mux_1                         12
     $mux_16                         1
     $mux_3                          4
     $not_1                         11
     $or_1                           3
     $paramod$3c0377098b222d6572752d08e873f7489758dceb\td_fused_top_hmul_16ns_16ns_16_5_max_dsp_1      1
     $paramod$912b74f0497673b69e86cc7c82dae9d480ead345\td_fused_top_hsub_16ns_16ns_16_7_full_dsp_1      1
     $paramod$91996938bf55391da83956fb5d59b8cc0957c6c9\td_fused_top_mux_42_16_1_1      1
     $paramod$bd98ea72159fe26174e7b3ed5baca9c91958ef6f\td_fused_top_hadd_16ns_16ns_16_8_full_dsp_1      1
     $pmux_3                         1
     $reduce_and_2                   1
     $reduce_and_3                   1
     $reduce_and_4                   2
     $reduce_bool_2                  1
     $reduce_or_2                    2
     $sdff_1                        23
     $sdff_3                         1
     $sdffe_1                        1

=== td_fused_top_tdf8_dot_product ===

   Number of wires:                255
   Number of wire bits:           1519
   Number of public wires:         210
   Number of public wire bits:    1429
   Number of memories:               0
   Number of memory bits:            0
   Number of processes:              0
   Number of cells:                158
     $add_2                          2
     $add_4                          2
     $add_6                          2
     $add_7                          1
     $add_8                          1
     $and_1                         12
     $dff_1                          6
     $dff_4                         18
     $dffe_1                         2
     $dffe_16                       18
     $dffe_2                         4
     $dffe_4                         6
     $dffe_6                         2
     $dffe_7                         1
     $dffe_8                         1
     $eq_3                           3
     $eq_7                           1
     $eq_8                           1
     $mux_1                         10
     $mux_2                          8
     $mux_3                          3
     $mux_4                          3
     $mux_6                          4
     $mux_7                          3
     $mux_8                          2
     $not_1                         11
     $or_1                           3
     $or_5                           1
     $paramod$3c0377098b222d6572752d08e873f7489758dceb\td_fused_top_hmul_16ns_16ns_16_5_max_dsp_1      8
     $pmux_3                         1
     $reduce_bool_2                  2
     $reduce_or_2                    2
     $sdff_1                         9
     $sdff_3                         1
     $sdffe_1                        1
     $sub_4                          2
     $sub_5                          1

=== td_fused_top_tdf8_get_next_ijk ===

   Number of wires:                111
   Number of wire bits:            378
   Number of public wires:          72
   Number of public wire bits:     339
   Number of memories:               0
   Number of memory bits:            0
   Number of processes:              0
   Number of cells:                 82
     $add_16                         7
     $add_2                          2
     $and_1                         14
     $eq_16                          3
     $eq_2                           4
     $logic_not_2                    1
     $mux_1                         15
     $not_1                         14
     $or_1                           8
     $or_2                           1
     $reduce_bool_2                  1
     $reduce_or_2                    3
     $sdff_1                         1
     $sdffce_16                      5
     $sdffce_2                       2
     $sdffe_1                        1

=== td_fused_top_tdf8_poolOutputs ===

   Number of wires:                109
   Number of wire bits:            433
   Number of public wires:          70
   Number of public wire bits:     382
   Number of memories:               0
   Number of memory bits:            0
   Number of processes:              0
   Number of cells:                 68
     $and_1                          9
     $dffe_1                         1
     $dffe_16                        4
     $dffe_4                         1
     $dffe_8                         2
     $eq_4                           4
     $mux_1                          7
     $mux_4                          4
     $not_1                         11
     $or_1                          10
     $paramod$20ed575d3a8c8a8136d29b2d7ca09626e45a2e9e\td_fused_top_hcmp_16ns_16ns_1_2_no_dsp_1      4
     $pmux_4                         1
     $reduce_and_2                   4
     $reduce_bool_2                  1
     $reduce_or_2                    1
     $sdff_1                         1
     $sdff_4                         1
     $sdffe_1                        1
     td_fused_top_tdf8_writeOutputs_aligned      1

=== td_fused_top_tdf8_readFilters58 ===

   Number of wires:                195
   Number of wire bits:           1598
   Number of public wires:         147
   Number of public wire bits:    1505
   Number of memories:               0
   Number of memory bits:            0
   Number of processes:              0
   Number of cells:                112
     $add_10                         1
     $add_2                          2
     $add_6                          2
     $add_60                         1
     $add_7                          1
     $add_8                          1
     $and_1                         13
     $dff_1                          1
     $dff_4                          1
     $dff_6                          1
     $dffe_1                         2
     $dffe_10                        1
     $dffe_2                         4
     $dffe_32                        4
     $dffe_4                         2
     $dffe_6                         2
     $dffe_7                         1
     $dffe_8                         1
     $dffe_9                         1
     $eq_3                           3
     $eq_7                           1
     $eq_8                           1
     $mux_1                         11
     $mux_2                          8
     $mux_3                          3
     $mux_6                          4
     $mux_7                          3
     $mux_8                          2
     $not_1                         12
     $or_1                           4
     $paramod$0a798cbc7902f454b0a3ef99e2a42f7441f71b19\td_fused_top_mux_416_32_1_1      4
     $pmux_3                         1
     $reduce_bool_2                  2
     $reduce_or_2                    2
     $sdff_1                         4
     $sdff_3                         1
     $sdffe_1                        1
     $sub_5                          1
     $sub_60                         1
     $sub_9                          1

=== td_fused_top_tdf8_readInputs59 ===

   Number of wires:                297
   Number of wire bits:           2610
   Number of public wires:         235
   Number of public wire bits:    2503
   Number of memories:               0
   Number of memory bits:            0
   Number of processes:              0
   Number of cells:                220
     $add_10                         3
     $add_12                         1
     $add_17                         2
     $add_18                         4
     $add_2                          2
     $add_3                          2
     $add_5                          3
     $add_6                          2
     $add_7                          1
     $add_8                          1
     $and_1                         19
     $and_64                         2
     $dff_1                          4
     $dff_2                          3
     $dff_4                          2
     $dff_6                          1
     $dffe_1                        11
     $dffe_10                        4
     $dffe_17                        2
     $dffe_18                        1
     $dffe_2                        10
     $dffe_3                         2
     $dffe_4                         2
     $dffe_5                         1
     $dffe_6                         6
     $dffe_64                        2
     $dffe_7                         1
     $dffe_8                         1
     $dffe_9                         1
     $eq_3                           3
     $eq_7                           1
     $eq_8                           1
     $gt_17                          1
     $gt_18                          4
     $gt_6                           2
     $mux_1                         21
     $mux_10                         5
     $mux_16                         2
     $mux_2                          8
     $mux_3                          3
     $mux_5                          6
     $mux_6                          4
     $mux_64                         2
     $mux_7                          7
     $mux_8                          2
     $not_1                         14
     $or_1                           9
     $or_2                           1
     $or_6                           2
     $pmux_3                         1
     $reduce_bool_2                  2
     $reduce_or_2                    2
     $sdff_1                         5
     $sdff_3                         1
     $sdffe_1                        1
     $shr_64                         4
     $sub_11                         1
     $sub_5                          1
     $sub_7                          6
     $xor_7                          2

=== td_fused_top_tdf8_writeOutputs_aligned ===

   Number of wires:                 42
   Number of wire bits:            399
   Number of public wires:          35
   Number of public wire bits:     391
   Number of memories:               0
   Number of memory bits:            0
   Number of processes:              0
   Number of cells:                 16
     $add_14                         1
     $add_8                          1
     $and_1                          2
     $dffe_8                         1
     $eq_2                           2
     $mux_1                          3
     $mux_2                          1
     $not_1                          1
     $or_1                           1
     $pmux_2                         1
     $sdff_2                         1
     $sub_8                          1

=== design hierarchy ===

   td_fused_top_dataflow_in_loop_TOP_LOOP47956      1
     $paramod$8dea2db416463a8f312819906908d61ee1133101\td_fused_top_dataflow_in_loop_TOP_LOOP47956_ifmap_vec_0     10
       td_fused_top_dataflow_in_loop_TOP_LOOP47956_ifmap_vec_0_memcore      1
         td_fused_top_dataflow_in_loop_TOP_LOOP47956_ifmap_vec_0_memcore_ram      1
     $paramod$8dea2db416463a8f312819906908d61ee1133101\td_fused_top_dataflow_in_loop_TOP_LOOP47956_products_0_0      8
       td_fused_top_dataflow_in_loop_TOP_LOOP47956_products_0_0_memcore      2
         td_fused_top_dataflow_in_loop_TOP_LOOP47956_products_0_0_memcore_ram      1
     $paramod$e36eaf216809172bdd5f22425c51e5fbd0273c5d\td_fused_top_dataflow_in_loop_TOP_LOOP47956_accum1_out_0      4
       td_fused_top_dataflow_in_loop_TOP_LOOP47956_accum1_out_0_memcore      2
         td_fused_top_dataflow_in_loop_TOP_LOOP47956_accum1_out_0_memcore_ram      1
     td_fused_top_Block_entry_proc_proc542      1
     td_fused_top_Block_entry_proc_proc543      1
     td_fused_top_Block_entry_proc_proc544      1
     td_fused_top_Block_entry_proc_proc545      1
     td_fused_top_fifo_w16_d2_S_x5     14
       td_fused_top_fifo_w16_d2_S_x5_shiftReg      1
     td_fused_top_fifo_w1_d8_S       2
       td_fused_top_fifo_w1_d8_S_shiftReg      1
     td_fused_top_fifo_w4_d8_S_x      1
       td_fused_top_fifo_w4_d8_S_x_shiftReg      1
     td_fused_top_fifo_w6_d2_S_x      1
       td_fused_top_fifo_w6_d2_S_x_shiftReg      1
     td_fused_top_fifo_w8_d2_S       1
       td_fused_top_fifo_w8_d2_S_shiftReg      1
     td_fused_top_fifo_w8_d7_S       1
       td_fused_top_fifo_w8_d7_S_shiftReg      1
     td_fused_top_fifo_w8_d8_S       1
       td_fused_top_fifo_w8_d8_S_shiftReg      1
     td_fused_top_start_for_tdf8_readFilters58_U0      1
       td_fused_top_start_for_tdf8_readFilters58_U0_shiftReg      1
     td_fused_top_tdf8_accum_1       4
       $paramod$bd98ea72159fe26174e7b3ed5baca9c91958ef6f\td_fused_top_hadd_16ns_16ns_16_8_full_dsp_1      3
         td_fused_top_ap_hadd_6_full_dsp_16      1
           FPAddSub                  1
             FPAddSub_AlignModule      1
             FPAddSub_AlignShift1      1
             FPAddSub_AlignShift2      1
             FPAddSub_ExceptionModule      1
             FPAddSub_ExecutionModule      1
             FPAddSub_NormalizeModule      1
             FPAddSub_NormalizeShift1      1
             FPAddSub_NormalizeShift2      1
             FPAddSub_PrealignModule      1
             FPAddSub_RoundModule      1
     td_fused_top_tdf8_accum_2       1
       $paramod$bd98ea72159fe26174e7b3ed5baca9c91958ef6f\td_fused_top_hadd_16ns_16ns_16_8_full_dsp_1      1
         td_fused_top_ap_hadd_6_full_dsp_16      1
           FPAddSub                  1
             FPAddSub_AlignModule      1
             FPAddSub_AlignShift1      1
             FPAddSub_AlignShift2      1
             FPAddSub_ExceptionModule      1
             FPAddSub_ExecutionModule      1
             FPAddSub_NormalizeModule      1
             FPAddSub_NormalizeShift1      1
             FPAddSub_NormalizeShift2      1
             FPAddSub_PrealignModule      1
             FPAddSub_RoundModule      1
     td_fused_top_tdf8_accum_2_1      1
       $paramod$bd98ea72159fe26174e7b3ed5baca9c91958ef6f\td_fused_top_hadd_16ns_16ns_16_8_full_dsp_1      1
         td_fused_top_ap_hadd_6_full_dsp_16      1
           FPAddSub                  1
             FPAddSub_AlignModule      1
             FPAddSub_AlignShift1      1
             FPAddSub_AlignShift2      1
             FPAddSub_ExceptionModule      1
             FPAddSub_ExecutionModule      1
             FPAddSub_NormalizeModule      1
             FPAddSub_NormalizeShift1      1
             FPAddSub_NormalizeShift2      1
             FPAddSub_PrealignModule      1
             FPAddSub_RoundModule      1
     td_fused_top_tdf8_accum_2_2      1
       $paramod$bd98ea72159fe26174e7b3ed5baca9c91958ef6f\td_fused_top_hadd_16ns_16ns_16_8_full_dsp_1      1
         td_fused_top_ap_hadd_6_full_dsp_16      1
           FPAddSub                  1
             FPAddSub_AlignModule      1
             FPAddSub_AlignShift1      1
             FPAddSub_AlignShift2      1
             FPAddSub_ExceptionModule      1
             FPAddSub_ExecutionModule      1
             FPAddSub_NormalizeModule      1
             FPAddSub_NormalizeShift1      1
             FPAddSub_NormalizeShift2      1
             FPAddSub_PrealignModule      1
             FPAddSub_RoundModule      1
     td_fused_top_tdf8_accum_2_3      1
       $paramod$bd98ea72159fe26174e7b3ed5baca9c91958ef6f\td_fused_top_hadd_16ns_16ns_16_8_full_dsp_1      1
         td_fused_top_ap_hadd_6_full_dsp_16      1
           FPAddSub                  1
             FPAddSub_AlignModule      1
             FPAddSub_AlignShift1      1
             FPAddSub_AlignShift2      1
             FPAddSub_ExceptionModule      1
             FPAddSub_ExecutionModule      1
             FPAddSub_NormalizeModule      1
             FPAddSub_NormalizeShift1      1
             FPAddSub_NormalizeShift2      1
             FPAddSub_PrealignModule      1
             FPAddSub_RoundModule      1
     td_fused_top_tdf8_adjust        1
       $paramod$3c0377098b222d6572752d08e873f7489758dceb\td_fused_top_hmul_16ns_16ns_16_5_max_dsp_1      1
         td_fused_top_ap_hmul_3_max_dsp_16      1
           FPMult_16                 1
             FPMult_ExecuteModule      1
             FPMult_NormalizeModule      1
             FPMult_PrepModule       1
             FPMult_RoundModule      1
       $paramod$912b74f0497673b69e86cc7c82dae9d480ead345\td_fused_top_hsub_16ns_16ns_16_7_full_dsp_1      1
         td_fused_top_ap_hadd_6_full_dsp_16      1
           FPAddSub                  1
             FPAddSub_AlignModule      1
             FPAddSub_AlignShift1      1
             FPAddSub_AlignShift2      1
             FPAddSub_ExceptionModule      1
             FPAddSub_ExecutionModule      1
             FPAddSub_NormalizeModule      1
             FPAddSub_NormalizeShift1      1
             FPAddSub_NormalizeShift2      1
             FPAddSub_PrealignModule      1
             FPAddSub_RoundModule      1
       $paramod$91996938bf55391da83956fb5d59b8cc0957c6c9\td_fused_top_mux_42_16_1_1      1
       $paramod$bd98ea72159fe26174e7b3ed5baca9c91958ef6f\td_fused_top_hadd_16ns_16ns_16_8_full_dsp_1      1
         td_fused_top_ap_hadd_6_full_dsp_16      1
           FPAddSub                  1
             FPAddSub_AlignModule      1
             FPAddSub_AlignShift1      1
             FPAddSub_AlignShift2      1
             FPAddSub_ExceptionModule      1
             FPAddSub_ExecutionModule      1
             FPAddSub_NormalizeModule      1
             FPAddSub_NormalizeShift1      1
             FPAddSub_NormalizeShift2      1
             FPAddSub_PrealignModule      1
             FPAddSub_RoundModule      1
     td_fused_top_tdf8_dot_product      1
       $paramod$3c0377098b222d6572752d08e873f7489758dceb\td_fused_top_hmul_16ns_16ns_16_5_max_dsp_1      8
         td_fused_top_ap_hmul_3_max_dsp_16      1
           FPMult_16                 1
             FPMult_ExecuteModule      1
             FPMult_NormalizeModule      1
             FPMult_PrepModule       1
             FPMult_RoundModule      1
     td_fused_top_tdf8_get_next_ijk      1
     td_fused_top_tdf8_poolOutputs      1
       $paramod$20ed575d3a8c8a8136d29b2d7ca09626e45a2e9e\td_fused_top_hcmp_16ns_16ns_1_2_no_dsp_1      4
         td_fused_top_ap_hcmp_0_no_dsp_16      1
           FPAddSub                  1
             FPAddSub_AlignModule      1
             FPAddSub_AlignShift1      1
             FPAddSub_AlignShift2      1
             FPAddSub_ExceptionModule      1
             FPAddSub_ExecutionModule      1
             FPAddSub_NormalizeModule      1
             FPAddSub_NormalizeShift1      1
             FPAddSub_NormalizeShift2      1
             FPAddSub_PrealignModule      1
             FPAddSub_RoundModule      1
       td_fused_top_tdf8_writeOutputs_aligned      1
     td_fused_top_tdf8_readFilters58      1
       $paramod$0a798cbc7902f454b0a3ef99e2a42f7441f71b19\td_fused_top_mux_416_32_1_1      4
     td_fused_top_tdf8_readInputs59      1

   Number of wires:              14585
   Number of wire bits:         101625
   Number of public wires:        9642
   Number of public wire bits:   79931
   Number of memories:              34
   Number of memory bits:        84992
   Number of processes:              0
   Number of cells:               8738
     $add_1                         44
     $add_10                         4
     $add_12                         1
     $add_14                         1
     $add_16                         7
     $add_17                        24
     $add_18                         4
     $add_2                         47
     $add_3                          3
     $add_32                       110
     $add_4                          7
     $add_5                         11
     $add_6                         68
     $add_60                         1
     $add_7                          3
     $add_8                          4
     $add_9                          4
     $and_1                        983
     $and_32                        44
     $and_64                         2
     $dff_1                         66
     $dff_16                        46
     $dff_2                         23
     $dff_4                         21
     $dff_6                          2
     $dffe_1                        44
     $dffe_10                        5
     $dffe_16                      396
     $dffe_17                        2
     $dffe_18                        1
     $dffe_2                        20
     $dffe_3                         3
     $dffe_32                        4
     $dffe_4                        19
     $dffe_5                         9
     $dffe_6                        13
     $dffe_64                        2
     $dffe_7                         3
     $dffe_8                        27
     $dffe_9                        10
     $eq_11                         88
     $eq_16                          3
     $eq_2                         294
     $eq_3                          46
     $eq_32                         44
     $eq_4                          61
     $eq_5                          28
     $eq_7                           3
     $eq_8                           3
     $gt_17                          1
     $gt_18                          4
     $gt_6                           2
     $logic_and_1                  242
     $logic_not_1                  212
     $logic_not_2                  129
     $logic_not_3                    5
     $logic_not_32                  44
     $logic_not_4                    9
     $logic_or_1                    22
     $lt_15                         22
     $lt_9                           4
     $memrd                         60
     $memwr_v2                      52
     $mul_22                         9
     $mux_1                        724
     $mux_10                        80
     $mux_11                        64
     $mux_16                       445
     $mux_17                        44
     $mux_2                        103
     $mux_21                         9
     $mux_23                         9
     $mux_25                        22
     $mux_3                         18
     $mux_32                        21
     $mux_33                        22
     $mux_36                        22
     $mux_38                        44
     $mux_39                        22
     $mux_4                         65
     $mux_40                        22
     $mux_41                        31
     $mux_48                        31
     $mux_5                        336
     $mux_6                         65
     $mux_64                         2
     $mux_7                         13
     $mux_8                        110
     $mux_9                         52
     $ne_2                          22
     $not_1                        361
     $not_32                        44
     $or_1                         458
     $or_2                           2
     $or_4                           4
     $or_5                           1
     $or_6                           2
     $or_8                          28
     $pmux_1                       531
     $pmux_11                        8
     $pmux_13                       22
     $pmux_16                       14
     $pmux_2                        23
     $pmux_3                         4
     $pmux_4                        68
     $pmux_5                        22
     $pmux_6                         1
     $pmux_8                         7
     $reduce_and_2                  49
     $reduce_and_3                   1
     $reduce_and_4                   2
     $reduce_and_5                  84
     $reduce_bool_2                103
     $reduce_or_10                  62
     $reduce_or_17                  22
     $reduce_or_2                  210
     $reduce_or_3                   66
     $reduce_or_4                   22
     $reduce_or_5                   40
     $sdff_1                       105
     $sdff_11                        8
     $sdff_16                        8
     $sdff_2                         1
     $sdff_3                         4
     $sdff_4                         1
     $sdffce_16                      5
     $sdffce_2                       2
     $sdffe_1                      170
     $sdffe_16                      24
     $sdffe_2                       39
     $sdffe_4                        5
     $sdffe_5                        8
     $shr_64                         4
     $sub_11                         1
     $sub_17                        22
     $sub_2                         39
     $sub_32                        18
     $sub_4                          7
     $sub_5                          3
     $sub_6                         22
     $sub_60                         1
     $sub_7                          6
     $sub_8                          1
     $sub_9                          1
     $xor_1                         97
     $xor_7                          2

