
5. Printing statistics.

=== td_fused_top_tdf8_readInputs59 ===

   Number of wires:                297
   Number of wire bits:           2610
   Number of public wires:         235
   Number of public wire bits:    2503
   Number of memories:               0
   Number of memory bits:            0
   Number of processes:              0
   Number of cells:                220
     $add_10                         3
     $add_12                         1
     $add_17                         2
     $add_18                         4
     $add_2                          2
     $add_3                          2
     $add_5                          3
     $add_6                          2
     $add_7                          1
     $add_8                          1
     $and_1                         19
     $and_64                         2
     $dff_1                          4
     $dff_2                          3
     $dff_4                          2
     $dff_6                          1
     $dffe_1                        11
     $dffe_10                        4
     $dffe_17                        2
     $dffe_18                        1
     $dffe_2                        10
     $dffe_3                         2
     $dffe_4                         2
     $dffe_5                         1
     $dffe_6                         6
     $dffe_64                        2
     $dffe_7                         1
     $dffe_8                         1
     $dffe_9                         1
     $eq_3                           3
     $eq_7                           1
     $eq_8                           1
     $gt_17                          1
     $gt_18                          4
     $gt_6                           2
     $mux_1                         21
     $mux_10                         5
     $mux_16                         2
     $mux_2                          8
     $mux_3                          3
     $mux_5                          6
     $mux_6                          4
     $mux_64                         2
     $mux_7                          7
     $mux_8                          2
     $not_1                         14
     $or_1                           9
     $or_2                           1
     $or_6                           2
     $pmux_3                         1
     $reduce_bool_2                  2
     $reduce_or_2                    2
     $sdff_1                         5
     $sdff_3                         1
     $sdffe_1                        1
     $shr_64                         4
     $sub_11                         1
     $sub_5                          1
     $sub_7                          6
     $xor_7                          2

