
5. Printing statistics.

=== td_fused_top_tdf10_readInputs71 ===

   Number of wires:                276
   Number of wire bits:           1522
   Number of public wires:         210
   Number of public wire bits:    1412
   Number of memories:               0
   Number of memory bits:            0
   Number of processes:              0
   Number of cells:                190
     $add_10                         1
     $add_17                         2
     $add_18                         4
     $add_2                          2
     $add_3                          2
     $add_4                          3
     $add_6                          1
     $add_7                          2
     $add_8                          4
     $and_1                         19
     $dff_1                          3
     $dff_4                          2
     $dff_6                          2
     $dffe_1                        11
     $dffe_16                        2
     $dffe_17                        2
     $dffe_18                        1
     $dffe_2                         6
     $dffe_4                         4
     $dffe_6                         1
     $dffe_7                         2
     $dffe_8                         6
     $eq_4                           4
     $eq_7                           1
     $eq_8                           1
     $gt_17                          1
     $gt_18                          4
     $mux_1                         20
     $mux_2                          8
     $mux_4                          9
     $mux_7                          6
     $mux_8                          7
     $not_1                         16
     $or_1                          13
     $pmux_4                         1
     $reduce_bool_2                  2
     $reduce_or_2                    2
     $sdff_1                         5
     $sdff_4                         1
     $sdffce_16                      4
     $sdffe_1                        1
     $sub_5                          1
     $sub_9                          1

