
5. Printing statistics.

=== $paramod$39fc8c2259eea60ebd1699530f5152003b944440\td_fused_top_mux_42_1_1_1 ===

   Number of wires:                 10
   Number of wire bits:             12
   Number of public wires:          10
   Number of public wire bits:      12
   Number of memories:               0
   Number of memory bits:            0
   Number of processes:              0
   Number of cells:                  3
     $mux_1                          3

=== $paramod$3c0377098b222d6572752d08e873f7489758dceb\td_fused_top_hmul_16ns_16ns_16_5_max_dsp_1 ===

   Number of wires:                 19
   Number of wire bits:            169
   Number of public wires:          19
   Number of public wire bits:     169
   Number of memories:               0
   Number of memory bits:            0
   Number of processes:              0
   Number of cells:                  6
     $dff_1                          1
     $dff_16                         1
     $dffe_16                        2
     $mux_16                         1
     td_fused_top_ap_hmul_3_max_dsp_16      1

=== $paramod$444f4f35aae1753c454375fdcc6a89a96e0bb6d9\td_fused_top_dataflow_in_loop_TOP_LOOP48049_accum2_out_0 ===

   Number of wires:                 99
   Number of wire bits:            349
   Number of public wires:          54
   Number of public wire bits:     285
   Number of memories:               0
   Number of memory bits:            0
   Number of processes:              0
   Number of cells:                 77
     $add_1                          2
     $add_2                          1
     $and_1                          4
     $eq_2                           1
     $logic_and_1                   10
     $logic_not_1                    5
     $logic_not_2                    1
     $logic_or_1                     1
     $mux_1                         22
     $mux_16                         7
     $mux_2                          2
     $mux_3                          4
     $not_1                          1
     $reduce_bool_2                  3
     $reduce_or_2                    1
     $sdff_1                         2
     $sdffe_1                        5
     $sdffe_16                       1
     $sdffe_2                        1
     $sub_2                          1
     td_fused_top_dataflow_in_loop_TOP_LOOP48049_accum2_out_0_memcore      2

=== $paramod$444f4f35aae1753c454375fdcc6a89a96e0bb6d9\td_fused_top_dataflow_in_loop_TOP_LOOP48049_l2_partial_sums_0 ===

   Number of wires:                 99
   Number of wire bits:            349
   Number of public wires:          54
   Number of public wire bits:     285
   Number of memories:               0
   Number of memory bits:            0
   Number of processes:              0
   Number of cells:                 77
     $add_1                          2
     $add_2                          1
     $and_1                          4
     $eq_2                           1
     $logic_and_1                   10
     $logic_not_1                    5
     $logic_not_2                    1
     $logic_or_1                     1
     $mux_1                         22
     $mux_16                         7
     $mux_2                          2
     $mux_3                          4
     $not_1                          1
     $reduce_bool_2                  3
     $reduce_or_2                    1
     $sdff_1                         2
     $sdffe_1                        5
     $sdffe_16                       1
     $sdffe_2                        1
     $sub_2                          1
     td_fused_top_dataflow_in_loop_TOP_LOOP48049_l2_partial_sums_0_memcore      2

=== $paramod$60c6820698acd06bb9a0b739a1738ac741e28ac5\td_fused_top_mux_464_16_1_1 ===

   Number of wires:                 72
   Number of wire bits:           1248
   Number of public wires:          72
   Number of public wire bits:    1248
   Number of memories:               0
   Number of memory bits:            0
   Number of processes:              0
   Number of cells:                  3
     $mux_16                         3

=== $paramod$6bff93eabfebbae18e929d83bb04875ab4f82a7f\td_fused_top_dataflow_in_loop_TOP_LOOP48049_ifmap_vec_0 ===

   Number of wires:                 55
   Number of wire bits:            146
   Number of public wires:          28
   Number of public wire bits:     115
   Number of memories:               0
   Number of memory bits:            0
   Number of processes:              0
   Number of cells:                 36
     $add_1                          2
     $add_2                          1
     $and_1                          4
     $eq_2                           1
     $logic_and_1                    7
     $logic_not_1                    3
     $logic_not_2                    1
     $logic_or_1                     1
     $mux_1                          4
     $mux_2                          2
     $reduce_bool_2                  2
     $reduce_or_2                    1
     $sdffe_1                        4
     $sdffe_2                        1
     $sub_2                          1
     td_fused_top_dataflow_in_loop_TOP_LOOP48049_ifmap_vec_0_memcore      1

=== $paramod$6bff93eabfebbae18e929d83bb04875ab4f82a7f\td_fused_top_dataflow_in_loop_TOP_LOOP48049_products_0_0 ===

   Number of wires:                101
   Number of wire bits:            397
   Number of public wires:          51
   Number of public wire bits:     313
   Number of memories:               0
   Number of memory bits:            0
   Number of processes:              0
   Number of cells:                 82
     $add_1                          2
     $add_2                          1
     $and_1                          4
     $eq_2                           1
     $logic_and_1                   11
     $logic_not_1                    7
     $logic_not_2                    1
     $logic_or_1                     1
     $mux_1                         20
     $mux_16                         8
     $mux_2                          2
     $mux_7                          4
     $not_1                          1
     $reduce_bool_2                  4
     $reduce_or_2                    1
     $sdff_1                         2
     $sdffe_1                        6
     $sdffe_16                       2
     $sdffe_2                        1
     $sub_2                          1
     td_fused_top_dataflow_in_loop_TOP_LOOP48049_products_0_0_memcore      2

=== $paramod$912b74f0497673b69e86cc7c82dae9d480ead345\td_fused_top_hsub_16ns_16ns_16_7_full_dsp_1 ===

   Number of wires:                 19
   Number of wire bits:            169
   Number of public wires:          19
   Number of public wire bits:     169
   Number of memories:               0
   Number of memory bits:            0
   Number of processes:              0
   Number of cells:                  6
     $dff_1                          1
     $dff_16                         1
     $dffe_16                        2
     $mux_16                         1
     td_fused_top_ap_hadd_6_full_dsp_16      1

=== $paramod$91996938bf55391da83956fb5d59b8cc0957c6c9\td_fused_top_mux_42_16_1_1 ===

   Number of wires:                 10
   Number of wire bits:            132
   Number of public wires:          10
   Number of public wire bits:     132
   Number of memories:               0
   Number of memory bits:            0
   Number of processes:              0
   Number of cells:                  3
     $mux_16                         3

=== $paramod$ab94746a42091e92ea832e1dab14e57f925e29d9\td_fused_top_mux_416_64_1_1 ===

   Number of wires:                 24
   Number of wire bits:           1440
   Number of public wires:          24
   Number of public wire bits:    1440
   Number of memories:               0
   Number of memory bits:            0
   Number of processes:              0
   Number of cells:                  3
     $mux_64                         3

=== $paramod$bd98ea72159fe26174e7b3ed5baca9c91958ef6f\td_fused_top_hadd_16ns_16ns_16_8_full_dsp_1 ===

   Number of wires:                 19
   Number of wire bits:            169
   Number of public wires:          19
   Number of public wire bits:     169
   Number of memories:               0
   Number of memory bits:            0
   Number of processes:              0
   Number of cells:                  6
     $dff_1                          1
     $dff_16                         1
     $dffe_16                        2
     $mux_16                         1
     td_fused_top_ap_hadd_6_full_dsp_16      1

=== $paramod$d21e5f6e694f4e12d1f46ee6f235df73967f95ea\td_fused_top_dataflow_in_loop_TOP_LOOP48049_accum1_out_0 ===

   Number of wires:                110
   Number of wire bits:            451
   Number of public wires:          58
   Number of public wire bits:     365
   Number of memories:               0
   Number of memory bits:            0
   Number of processes:              0
   Number of cells:                 88
     $add_1                          2
     $add_2                          1
     $and_1                          4
     $eq_2                           1
     $logic_and_1                   11
     $logic_not_1                    7
     $logic_not_2                    1
     $logic_or_1                     1
     $mux_1                         24
     $mux_16                        10
     $mux_2                          2
     $mux_5                          4
     $not_1                          1
     $reduce_bool_2                  4
     $reduce_or_2                    1
     $sdff_1                         2
     $sdffe_1                        6
     $sdffe_16                       2
     $sdffe_2                        1
     $sub_2                          1
     td_fused_top_dataflow_in_loop_TOP_LOOP48049_accum1_out_0_memcore      2

=== $paramod$d21e5f6e694f4e12d1f46ee6f235df73967f95ea\td_fused_top_dataflow_in_loop_TOP_LOOP48049_l2_products_0 ===

   Number of wires:                101
   Number of wire bits:            381
   Number of public wires:          51
   Number of public wire bits:     297
   Number of memories:               0
   Number of memory bits:            0
   Number of processes:              0
   Number of cells:                 82
     $add_1                          2
     $add_2                          1
     $and_1                          4
     $eq_2                           1
     $logic_and_1                   11
     $logic_not_1                    7
     $logic_not_2                    1
     $logic_or_1                     1
     $mux_1                         20
     $mux_16                         8
     $mux_2                          2
     $mux_5                          4
     $not_1                          1
     $reduce_bool_2                  4
     $reduce_or_2                    1
     $sdff_1                         2
     $sdffe_1                        6
     $sdffe_16                       2
     $sdffe_2                        1
     $sub_2                          1
     td_fused_top_dataflow_in_loop_TOP_LOOP48049_l2_products_0_memcore      2

=== $paramod$d21e5f6e694f4e12d1f46ee6f235df73967f95ea\td_fused_top_tdf7_l2_writeOutputs_1_running_sums ===

   Number of wires:                  9
   Number of wire bits:             47
   Number of public wires:           9
   Number of public wire bits:      47
   Number of memories:               0
   Number of memory bits:            0
   Number of processes:              0
   Number of cells:                  1
     td_fused_top_tdf7_l2_writeOutputs_1_running_sums_ram      1

=== FPAddSub ===

   Number of wires:                 45
   Number of wire bits:            591
   Number of public wires:          45
   Number of public wire bits:     591
   Number of memories:               0
   Number of memory bits:            0
   Number of processes:              0
   Number of cells:                 19
     $mux_25                         1
     $mux_33                         1
     $mux_36                         1
     $mux_38                         2
     $mux_39                         1
     $mux_40                         1
     $mux_41                         1
     $mux_48                         1
     FPAddSub_AlignModule            1
     FPAddSub_AlignShift1            1
     FPAddSub_AlignShift2            1
     FPAddSub_ExceptionModule        1
     FPAddSub_ExecutionModule        1
     FPAddSub_NormalizeModule        1
     FPAddSub_NormalizeShift1        1
     FPAddSub_NormalizeShift2        1
     FPAddSub_PrealignModule         1
     FPAddSub_RoundModule            1

=== FPAddSub_AlignModule ===

   Number of wires:                  8
   Number of wire bits:             71
   Number of public wires:           8
   Number of public wire bits:      71
   Number of memories:               0
   Number of memory bits:            0
   Number of processes:              0
   Number of cells:                  5
     $lt_15                          1
     $mux_10                         2
     $mux_5                          2

=== FPAddSub_AlignShift1 ===

   Number of wires:                 12
   Number of wire bits:             74
   Number of public wires:           6
   Number of public wire bits:      68
   Number of memories:               0
   Number of memory bits:            0
   Number of processes:              0
   Number of cells:                 18
     $eq_2                           3
     $logic_not_2                    1
     $mux_11                         1
     $pmux_1                        11
     $reduce_or_2                    1
     $reduce_or_3                    1

=== FPAddSub_AlignShift2 ===

   Number of wires:                 11
   Number of wire bits:             63
   Number of public wires:           5
   Number of public wire bits:      57
   Number of memories:               0
   Number of memory bits:            0
   Number of processes:              0
   Number of cells:                 17
     $eq_2                           3
     $logic_not_2                    1
     $pmux_1                        11
     $reduce_or_2                    1
     $reduce_or_3                    1

=== FPAddSub_ExceptionModule ===

   Number of wires:                 23
   Number of wire bits:             61
   Number of public wires:          13
   Number of public wire bits:      51
   Number of memories:               0
   Number of memory bits:            0
   Number of processes:              0
   Number of cells:                 15
     $and_1                          4
     $logic_not_1                    1
     $not_1                          2
     $or_1                           5
     $reduce_and_5                   1
     $reduce_or_3                    1
     $reduce_or_5                    1

=== FPAddSub_ExecutionModule ===

   Number of wires:                 12
   Number of wire bits:             79
   Number of public wires:           9
   Number of public wire bits:      44
   Number of memories:               0
   Number of memory bits:            0
   Number of processes:              0
   Number of cells:                  6
     $add_17                         1
     $mux_1                          1
     $mux_17                         1
     $sub_17                         1
     $xor_1                          2

=== FPAddSub_NormalizeModule ===

   Number of wires:                 16
   Number of wire bits:            116
   Number of public wires:           4
   Number of public wire bits:      56
   Number of memories:               0
   Number of memory bits:            0
   Number of processes:              0
   Number of cells:                 14
     $mux_17                         1
     $mux_5                         13

=== FPAddSub_NormalizeShift1 ===

   Number of wires:                 19
   Number of wire bits:            152
   Number of public wires:           7
   Number of public wire bits:     140
   Number of memories:               0
   Number of memory bits:            0
   Number of processes:              0
   Number of cells:                 20
     $eq_2                           6
     $logic_not_2                    2
     $pmux_1                         2
     $pmux_13                        1
     $pmux_2                         1
     $pmux_4                         3
     $pmux_5                         1
     $reduce_or_2                    4

=== FPAddSub_NormalizeShift2 ===

   Number of wires:                 14
   Number of wire bits:             62
   Number of public wires:          13
   Number of public wire bits:      61
   Number of memories:               0
   Number of memory bits:            0
   Number of processes:              0
   Number of cells:                  6
     $add_6                          1
     $logic_not_1                    1
     $mux_6                          1
     $reduce_or_17                   1
     $reduce_or_4                    1
     $sub_6                          1

=== FPAddSub_PrealignModule ===

   Number of wires:                 30
   Number of wire bits:            295
   Number of public wires:          16
   Number of public wire bits:      95
   Number of memories:               0
   Number of memory bits:            0
   Number of processes:              0
   Number of cells:                 19
     $add_32                         4
     $and_1                          4
     $logic_not_1                    2
     $not_32                         2
     $or_1                           3
     $reduce_and_5                   2
     $reduce_or_10                   2

=== FPAddSub_RoundModule ===

   Number of wires:                 35
   Number of wire bits:            124
   Number of public wires:          19
   Number of public wire bits:      72
   Number of memories:               0
   Number of memory bits:            0
   Number of processes:              0
   Number of cells:                 22
     $add_32                         1
     $add_6                          1
     $and_1                          7
     $mux_1                          2
     $mux_10                         1
     $mux_6                          1
     $not_1                          2
     $or_1                           5
     $xor_1                          2

=== FPMult_16 ===

   Number of wires:                 27
   Number of wire bits:            348
   Number of public wires:          27
   Number of public wire bits:     348
   Number of memories:               0
   Number of memory bits:            0
   Number of processes:              0
   Number of cells:                  9
     $mux_21                         1
     $mux_23                         1
     $mux_32                         1
     $mux_41                         1
     $mux_48                         1
     FPMult_ExecuteModule            1
     FPMult_NormalizeModule          1
     FPMult_PrepModule               1
     FPMult_RoundModule              1

=== FPMult_ExecuteModule ===

   Number of wires:                 15
   Number of wire bits:            103
   Number of public wires:          12
   Number of public wire bits:      95
   Number of memories:               0
   Number of memory bits:            0
   Number of processes:              0
   Number of cells:                  7
     $add_6                          2
     $and_1                          1
     $mux_10                         1
     $or_1                           1
     $reduce_or_10                   1
     $xor_1                          1

=== FPMult_NormalizeModule ===

   Number of wires:                  8
   Number of wire bits:            114
   Number of public wires:           6
   Number of public wire bits:      50
   Number of memories:               0
   Number of memory bits:            0
   Number of processes:              0
   Number of cells:                  2
     $sub_32                         2

=== FPMult_PrepModule ===

   Number of wires:                 23
   Number of wire bits:             86
   Number of public wires:          14
   Number of public wire bits:      77
   Number of memories:               0
   Number of memory bits:            0
   Number of processes:              0
   Number of cells:                 15
     $and_1                          4
     $logic_not_1                    2
     $mul_22                         1
     $or_1                           3
     $reduce_and_5                   2
     $reduce_or_10                   1
     $reduce_or_5                    2

=== FPMult_RoundModule ===

   Number of wires:                 12
   Number of wire bits:             90
   Number of public wires:          12
   Number of public wire bits:      90
   Number of memories:               0
   Number of memory bits:            0
   Number of processes:              0
   Number of cells:                  3
     $mux_11                         2
     $mux_6                          1

=== td_fused_top_Block_entry_proc_proc534 ===

   Number of wires:                 16
   Number of wire bits:             61
   Number of public wires:          14
   Number of public wire bits:      59
   Number of memories:               0
   Number of memory bits:            0
   Number of processes:              0
   Number of cells:                  9
     $mux_1                          3
     $mux_16                         1
     $not_1                          1
     $or_1                           1
     $reduce_or_2                    1
     $sdff_1                         1
     $sdff_16                        1

=== td_fused_top_Block_entry_proc_proc535 ===

   Number of wires:                 16
   Number of wire bits:             61
   Number of public wires:          14
   Number of public wire bits:      59
   Number of memories:               0
   Number of memory bits:            0
   Number of processes:              0
   Number of cells:                  9
     $mux_1                          3
     $mux_16                         1
     $not_1                          1
     $or_1                           1
     $reduce_or_2                    1
     $sdff_1                         1
     $sdff_16                        1

=== td_fused_top_Block_entry_proc_proc536 ===

   Number of wires:                 16
   Number of wire bits:             61
   Number of public wires:          14
   Number of public wire bits:      59
   Number of memories:               0
   Number of memory bits:            0
   Number of processes:              0
   Number of cells:                  9
     $mux_1                          3
     $mux_16                         1
     $not_1                          1
     $or_1                           1
     $reduce_or_2                    1
     $sdff_1                         1
     $sdff_16                        1

=== td_fused_top_Block_entry_proc_proc537 ===

   Number of wires:                 16
   Number of wire bits:             61
   Number of public wires:          14
   Number of public wire bits:      59
   Number of memories:               0
   Number of memory bits:            0
   Number of processes:              0
   Number of cells:                  9
     $mux_1                          3
     $mux_16                         1
     $not_1                          1
     $or_1                           1
     $reduce_or_2                    1
     $sdff_1                         1
     $sdff_16                        1

=== td_fused_top_ap_hadd_6_full_dsp_16 ===

   Number of wires:                 12
   Number of wire bits:            117
   Number of public wires:          12
   Number of public wire bits:     117
   Number of memories:               0
   Number of memory bits:            0
   Number of processes:              0
   Number of cells:                  4
     $dffe_16                        3
     FPAddSub                        1

=== td_fused_top_ap_hmul_3_max_dsp_16 ===

   Number of wires:                 12
   Number of wire bits:            117
   Number of public wires:          12
   Number of public wire bits:     117
   Number of memories:               0
   Number of memory bits:            0
   Number of processes:              0
   Number of cells:                  4
     $dffe_16                        3
     FPMult_16                       1

=== td_fused_top_dataflow_in_loop_TOP_LOOP48049 ===

   Number of wires:               1669
   Number of wire bits:           8781
   Number of public wires:        1337
   Number of public wire bits:    8449
   Number of memories:               0
   Number of memory bits:            0
   Number of processes:              0
   Number of cells:                596
     $and_1                        278
     $not_1                        114
     $or_1                          50
     $paramod$444f4f35aae1753c454375fdcc6a89a96e0bb6d9\td_fused_top_dataflow_in_loop_TOP_LOOP48049_accum2_out_0      4
     $paramod$444f4f35aae1753c454375fdcc6a89a96e0bb6d9\td_fused_top_dataflow_in_loop_TOP_LOOP48049_l2_partial_sums_0      4
     $paramod$6bff93eabfebbae18e929d83bb04875ab4f82a7f\td_fused_top_dataflow_in_loop_TOP_LOOP48049_ifmap_vec_0     20
     $paramod$6bff93eabfebbae18e929d83bb04875ab4f82a7f\td_fused_top_dataflow_in_loop_TOP_LOOP48049_products_0_0     16
     $paramod$d21e5f6e694f4e12d1f46ee6f235df73967f95ea\td_fused_top_dataflow_in_loop_TOP_LOOP48049_accum1_out_0      4
     $paramod$d21e5f6e694f4e12d1f46ee6f235df73967f95ea\td_fused_top_dataflow_in_loop_TOP_LOOP48049_l2_products_0      4
     $reduce_or_2                    7
     $sdff_1                        50
     td_fused_top_Block_entry_proc_proc534      1
     td_fused_top_Block_entry_proc_proc535      1
     td_fused_top_Block_entry_proc_proc536      1
     td_fused_top_Block_entry_proc_proc537      1
     td_fused_top_fifo_w10_d10_S      1
     td_fused_top_fifo_w16_d2_S_x4     14
     td_fused_top_fifo_w1_d11_S      1
     td_fused_top_fifo_w5_d10_S      1
     td_fused_top_fifo_w6_d2_S       2
     td_fused_top_fifo_w6_d8_S_x      1
     td_fused_top_start_for_tdf7_readFilters53_U0      1
     td_fused_top_tdf7_accum_1       4
     td_fused_top_tdf7_accum_2       4
     td_fused_top_tdf7_accum_3       1
     td_fused_top_tdf7_accum_3_1      1
     td_fused_top_tdf7_accum_3_2      1
     td_fused_top_tdf7_accum_3_3      1
     td_fused_top_tdf7_adjust        1
     td_fused_top_tdf7_dot_product      1
     td_fused_top_tdf7_get_next_ijk      1
     td_fused_top_tdf7_l2_accum      1
     td_fused_top_tdf7_l2_multiply51      1
     td_fused_top_tdf7_l2_writeOutputs_1      1
     td_fused_top_tdf7_readFilters53      1
     td_fused_top_tdf7_readInputs54      1

=== td_fused_top_dataflow_in_loop_TOP_LOOP48049_accum1_out_0_memcore ===

   Number of wires:                 12
   Number of wire bits:             80
   Number of public wires:          12
   Number of public wire bits:      80
   Number of memories:               0
   Number of memory bits:            0
   Number of processes:              0
   Number of cells:                  1
     td_fused_top_dataflow_in_loop_TOP_LOOP48049_accum1_out_0_memcore_ram      1

=== td_fused_top_dataflow_in_loop_TOP_LOOP48049_accum1_out_0_memcore_ram ===

   Number of wires:                 25
   Number of wire bits:            259
   Number of public wires:          11
   Number of public wire bits:      79
   Number of memories:               1
   Number of memory bits:          512
   Number of processes:              0
   Number of cells:                 18
     $dffe_16                        2
     $memrd                          2
     $memwr_v2                       2
     $mux_1                          4
     $mux_16                         4
     $mux_5                          4

=== td_fused_top_dataflow_in_loop_TOP_LOOP48049_accum2_out_0_memcore ===

   Number of wires:                 11
   Number of wire bits:             60
   Number of public wires:          11
   Number of public wire bits:      60
   Number of memories:               0
   Number of memory bits:            0
   Number of processes:              0
   Number of cells:                  1
     td_fused_top_dataflow_in_loop_TOP_LOOP48049_accum2_out_0_memcore_ram      1

=== td_fused_top_dataflow_in_loop_TOP_LOOP48049_accum2_out_0_memcore_ram ===

   Number of wires:                 23
   Number of wire bits:            215
   Number of public wires:          10
   Number of public wire bits:      59
   Number of memories:               1
   Number of memory bits:          128
   Number of processes:              0
   Number of cells:                 16
     $dffe_16                        1
     $memrd                          1
     $memwr_v2                       2
     $mux_1                          4
     $mux_16                         4
     $mux_3                          4

=== td_fused_top_dataflow_in_loop_TOP_LOOP48049_ifmap_vec_0_memcore ===

   Number of wires:                 12
   Number of wire bits:             86
   Number of public wires:          12
   Number of public wire bits:      86
   Number of memories:               0
   Number of memory bits:            0
   Number of processes:              0
   Number of cells:                  1
     td_fused_top_dataflow_in_loop_TOP_LOOP48049_ifmap_vec_0_memcore_ram      1

=== td_fused_top_dataflow_in_loop_TOP_LOOP48049_ifmap_vec_0_memcore_ram ===

   Number of wires:                 25
   Number of wire bits:            277
   Number of public wires:          11
   Number of public wire bits:      85
   Number of memories:               1
   Number of memory bits:         2304
   Number of processes:              0
   Number of cells:                 18
     $dffe_16                        2
     $memrd                          2
     $memwr_v2                       2
     $mux_1                          4
     $mux_16                         4
     $mux_8                          4

=== td_fused_top_dataflow_in_loop_TOP_LOOP48049_l2_partial_sums_0_memcore ===

   Number of wires:                 11
   Number of wire bits:             60
   Number of public wires:          11
   Number of public wire bits:      60
   Number of memories:               0
   Number of memory bits:            0
   Number of processes:              0
   Number of cells:                  1
     td_fused_top_dataflow_in_loop_TOP_LOOP48049_l2_partial_sums_0_memcore_ram      1

=== td_fused_top_dataflow_in_loop_TOP_LOOP48049_l2_partial_sums_0_memcore_ram ===

   Number of wires:                 23
   Number of wire bits:            215
   Number of public wires:          10
   Number of public wire bits:      59
   Number of memories:               1
   Number of memory bits:          128
   Number of processes:              0
   Number of cells:                 16
     $dffe_16                        1
     $memrd                          1
     $memwr_v2                       2
     $mux_1                          4
     $mux_16                         4
     $mux_3                          4

=== td_fused_top_dataflow_in_loop_TOP_LOOP48049_l2_products_0_memcore ===

   Number of wires:                 10
   Number of wire bits:             63
   Number of public wires:          10
   Number of public wire bits:      63
   Number of memories:               0
   Number of memory bits:            0
   Number of processes:              0
   Number of cells:                  1
     td_fused_top_dataflow_in_loop_TOP_LOOP48049_l2_products_0_memcore_ram      1

=== td_fused_top_dataflow_in_loop_TOP_LOOP48049_l2_products_0_memcore_ram ===

   Number of wires:                 17
   Number of wire bits:            168
   Number of public wires:           9
   Number of public wire bits:      62
   Number of memories:               1
   Number of memory bits:          512
   Number of processes:              0
   Number of cells:                 11
     $dffe_16                        2
     $memrd                          2
     $memwr_v2                       1
     $mux_1                          2
     $mux_16                         2
     $mux_5                          2

=== td_fused_top_dataflow_in_loop_TOP_LOOP48049_products_0_0_memcore ===

   Number of wires:                 10
   Number of wire bits:             67
   Number of public wires:          10
   Number of public wire bits:      67
   Number of memories:               0
   Number of memory bits:            0
   Number of processes:              0
   Number of cells:                  1
     td_fused_top_dataflow_in_loop_TOP_LOOP48049_products_0_0_memcore_ram      1

=== td_fused_top_dataflow_in_loop_TOP_LOOP48049_products_0_0_memcore_ram ===

   Number of wires:                 17
   Number of wire bits:            176
   Number of public wires:           9
   Number of public wire bits:      66
   Number of memories:               1
   Number of memory bits:         1152
   Number of processes:              0
   Number of cells:                 11
     $dffe_16                        2
     $memrd                          2
     $memwr_v2                       1
     $mux_1                          2
     $mux_16                         2
     $mux_7                          2

=== td_fused_top_fifo_w10_d10_S ===

   Number of wires:                 46
   Number of wire bits:            167
   Number of public wires:          17
   Number of public wire bits:      60
   Number of memories:               0
   Number of memory bits:            0
   Number of processes:              0
   Number of cells:                 35
     $add_5                          1
     $and_1                          4
     $and_32                         2
     $eq_32                          2
     $eq_5                           1
     $logic_and_1                    2
     $logic_not_32                   2
     $logic_not_5                    1
     $mux_1                          3
     $mux_4                          1
     $mux_5                          2
     $ne_2                           1
     $not_1                          2
     $or_1                           2
     $reduce_and_2                   2
     $reduce_bool_2                  1
     $reduce_or_2                    1
     $sdffe_1                        2
     $sdffe_5                        1
     $sub_5                          1
     td_fused_top_fifo_w10_d10_S_shiftReg      1

=== td_fused_top_fifo_w10_d10_S_shiftReg ===

   Number of wires:                 24
   Number of wire bits:            135
   Number of public wires:          15
   Number of public wire bits:     126
   Number of memories:               0
   Number of memory bits:            0
   Number of processes:              0
   Number of cells:                 20
     $dffe_10                       10
     $eq_4                           8
     $logic_not_4                    1
     $pmux_10                        1

=== td_fused_top_fifo_w16_d2_S_x4 ===

   Number of wires:                 45
   Number of wire bits:            172
   Number of public wires:          17
   Number of public wire bits:      78
   Number of memories:               0
   Number of memory bits:            0
   Number of processes:              0
   Number of cells:                 34
     $add_2                          1
     $and_1                          4
     $and_32                         2
     $eq_32                          2
     $logic_and_1                    2
     $logic_not_2                    1
     $logic_not_32                   2
     $mux_1                          4
     $mux_2                          2
     $ne_2                           1
     $not_1                          2
     $or_1                           2
     $reduce_and_2                   2
     $reduce_bool_2                  1
     $reduce_or_2                    1
     $sdffe_1                        2
     $sdffe_2                        1
     $sub_2                          1
     td_fused_top_fifo_w16_d2_S_x4_shiftReg      1

=== td_fused_top_fifo_w16_d2_S_x4_shiftReg ===

   Number of wires:                  8
   Number of wire bits:             68
   Number of public wires:           7
   Number of public wire bits:      67
   Number of memories:               0
   Number of memory bits:            0
   Number of processes:              0
   Number of cells:                  4
     $dffe_16                        2
     $not_1                          1
     $pmux_16                        1

=== td_fused_top_fifo_w1_d11_S ===

   Number of wires:                 46
   Number of wire bits:            131
   Number of public wires:          17
   Number of public wire bits:      24
   Number of memories:               0
   Number of memory bits:            0
   Number of processes:              0
   Number of cells:                 35
     $add_5                          1
     $and_1                          4
     $and_32                         2
     $eq_32                          2
     $eq_5                           1
     $logic_and_1                    2
     $logic_not_32                   2
     $logic_not_5                    1
     $mux_1                          3
     $mux_4                          1
     $mux_5                          2
     $ne_2                           1
     $not_1                          2
     $or_1                           2
     $reduce_and_2                   2
     $reduce_bool_2                  1
     $reduce_or_2                    1
     $sdffe_1                        2
     $sdffe_5                        1
     $sub_5                          1
     td_fused_top_fifo_w1_d11_S_shiftReg      1

=== td_fused_top_fifo_w1_d11_S_shiftReg ===

   Number of wires:                 26
   Number of wire bits:             29
   Number of public wires:          16
   Number of public wire bits:      19
   Number of memories:               0
   Number of memory bits:            0
   Number of processes:              0
   Number of cells:                 22
     $dffe_1                        11
     $eq_4                           9
     $logic_not_4                    1
     $pmux_1                         1

=== td_fused_top_fifo_w5_d10_S ===

   Number of wires:                 46
   Number of wire bits:            147
   Number of public wires:          17
   Number of public wire bits:      40
   Number of memories:               0
   Number of memory bits:            0
   Number of processes:              0
   Number of cells:                 35
     $add_5                          1
     $and_1                          4
     $and_32                         2
     $eq_32                          2
     $eq_5                           1
     $logic_and_1                    2
     $logic_not_32                   2
     $logic_not_5                    1
     $mux_1                          3
     $mux_4                          1
     $mux_5                          2
     $ne_2                           1
     $not_1                          2
     $or_1                           2
     $reduce_and_2                   2
     $reduce_bool_2                  1
     $reduce_or_2                    1
     $sdffe_1                        2
     $sdffe_5                        1
     $sub_5                          1
     td_fused_top_fifo_w5_d10_S_shiftReg      1

=== td_fused_top_fifo_w5_d10_S_shiftReg ===

   Number of wires:                 24
   Number of wire bits:             75
   Number of public wires:          15
   Number of public wire bits:      66
   Number of memories:               0
   Number of memory bits:            0
   Number of processes:              0
   Number of cells:                 20
     $dffe_5                        10
     $eq_4                           8
     $logic_not_4                    1
     $pmux_5                         1

=== td_fused_top_fifo_w6_d2_S ===

   Number of wires:                 45
   Number of wire bits:            132
   Number of public wires:          17
   Number of public wire bits:      38
   Number of memories:               0
   Number of memory bits:            0
   Number of processes:              0
   Number of cells:                 34
     $add_2                          1
     $and_1                          4
     $and_32                         2
     $eq_32                          2
     $logic_and_1                    2
     $logic_not_2                    1
     $logic_not_32                   2
     $mux_1                          4
     $mux_2                          2
     $ne_2                           1
     $not_1                          2
     $or_1                           2
     $reduce_and_2                   2
     $reduce_bool_2                  1
     $reduce_or_2                    1
     $sdffe_1                        2
     $sdffe_2                        1
     $sub_2                          1
     td_fused_top_fifo_w6_d2_S_shiftReg      1

=== td_fused_top_fifo_w6_d2_S_shiftReg ===

   Number of wires:                  8
   Number of wire bits:             28
   Number of public wires:           7
   Number of public wire bits:      27
   Number of memories:               0
   Number of memory bits:            0
   Number of processes:              0
   Number of cells:                  4
     $dffe_6                         2
     $not_1                          1
     $pmux_6                         1

=== td_fused_top_fifo_w6_d8_S_x ===

   Number of wires:                 46
   Number of wire bits:            145
   Number of public wires:          17
   Number of public wire bits:      42
   Number of memories:               0
   Number of memory bits:            0
   Number of processes:              0
   Number of cells:                 35
     $add_4                          1
     $and_1                          4
     $and_32                         2
     $eq_32                          2
     $eq_4                           1
     $logic_and_1                    2
     $logic_not_32                   2
     $logic_not_4                    1
     $mux_1                          3
     $mux_3                          1
     $mux_4                          2
     $ne_2                           1
     $not_1                          2
     $or_1                           2
     $reduce_and_2                   2
     $reduce_bool_2                  1
     $reduce_or_2                    1
     $sdffe_1                        2
     $sdffe_4                        1
     $sub_4                          1
     td_fused_top_fifo_w6_d8_S_x_shiftReg      1

=== td_fused_top_fifo_w6_d8_S_x_shiftReg ===

   Number of wires:                 21
   Number of wire bits:             73
   Number of public wires:          13
   Number of public wire bits:      65
   Number of memories:               0
   Number of memory bits:            0
   Number of processes:              0
   Number of cells:                 17
     $dffe_6                         8
     $eq_3                           7
     $logic_not_3                    1
     $pmux_6                         1

=== td_fused_top_start_for_tdf7_readFilters53_U0 ===

   Number of wires:                 45
   Number of wire bits:            112
   Number of public wires:          17
   Number of public wire bits:      18
   Number of memories:               0
   Number of memory bits:            0
   Number of processes:              0
   Number of cells:                 34
     $add_2                          1
     $and_1                          4
     $and_32                         2
     $eq_32                          2
     $logic_and_1                    2
     $logic_not_2                    1
     $logic_not_32                   2
     $mux_1                          4
     $mux_2                          2
     $ne_2                           1
     $not_1                          2
     $or_1                           2
     $reduce_and_2                   2
     $reduce_bool_2                  1
     $reduce_or_2                    1
     $sdffe_1                        2
     $sdffe_2                        1
     $sub_2                          1
     td_fused_top_start_for_tdf7_readFilters53_U0_shiftReg      1

=== td_fused_top_start_for_tdf7_readFilters53_U0_shiftReg ===

   Number of wires:                  8
   Number of wire bits:              8
   Number of public wires:           7
   Number of public wire bits:       7
   Number of memories:               0
   Number of memory bits:            0
   Number of processes:              0
   Number of cells:                  4
     $dffe_1                         2
     $not_1                          1
     $pmux_1                         1

=== td_fused_top_tdf7_accum_1 ===

   Number of wires:                496
   Number of wire bits:           4459
   Number of public wires:         276
   Number of public wire bits:    3085
   Number of memories:               0
   Number of memory bits:            0
   Number of processes:              0
   Number of cells:                374
     $add_6                          1
     $add_9                          1
     $and_1                         61
     $dffe_1                         4
     $dffe_16                       65
     $dffe_4                         1
     $dffe_7                         1
     $dffe_9                         2
     $eq_11                         11
     $eq_4                           3
     $eq_5                          26
     $logic_not_5                    1
     $lt_9                           1
     $mux_1                         29
     $mux_11                         4
     $mux_16                        96
     $mux_7                         10
     $mux_9                          3
     $not_1                         22
     $or_1                           5
     $or_5                           1
     $or_7                           7
     $paramod$bd98ea72159fe26174e7b3ed5baca9c91958ef6f\td_fused_top_hadd_16ns_16ns_16_8_full_dsp_1      5
     $pmux_11                        1
     $reduce_bool_2                  2
     $reduce_or_2                    3
     $sdff_1                         2
     $sdff_11                        1
     $sdffe_1                        4
     $sdffe_6                        1

=== td_fused_top_tdf7_accum_2 ===

   Number of wires:                243
   Number of wire bits:           1878
   Number of public wires:         139
   Number of public wire bits:    1392
   Number of memories:               0
   Number of memory bits:            0
   Number of processes:              0
   Number of cells:                166
     $add_4                          1
     $add_6                          1
     $and_1                         33
     $dffe_1                         2
     $dffe_16                       16
     $dffe_5                         1
     $dffe_6                         2
     $eq_11                         11
     $eq_3                           5
     $logic_not_3                    1
     $mux_1                         12
     $mux_11                         4
     $mux_16                        28
     $mux_5                         10
     $mux_6                          3
     $not_1                         11
     $or_1                           5
     $or_3                           1
     $or_5                           7
     $paramod$bd98ea72159fe26174e7b3ed5baca9c91958ef6f\td_fused_top_hadd_16ns_16ns_16_8_full_dsp_1      2
     $pmux_11                        1
     $reduce_bool_2                  2
     $reduce_or_2                    2
     $sdff_1                         1
     $sdff_11                        1
     $sdffe_1                        2
     $sdffe_4                        1

=== td_fused_top_tdf7_accum_3 ===

   Number of wires:                 50
   Number of wire bits:            254
   Number of public wires:          30
   Number of public wire bits:     214
   Number of memories:               0
   Number of memory bits:            0
   Number of processes:              0
   Number of cells:                 37
     $add_4                          1
     $and_1                          3
     $dffe_16                        1
     $dffe_4                         1
     $eq_11                         11
     $eq_4                           1
     $mux_1                          5
     $mux_11                         2
     $mux_16                         1
     $not_1                          2
     $or_1                           1
     $paramod$bd98ea72159fe26174e7b3ed5baca9c91958ef6f\td_fused_top_hadd_16ns_16ns_16_8_full_dsp_1      1
     $pmux_11                        1
     $reduce_or_2                    1
     $sdff_1                         1
     $sdff_11                        1
     $sdff_16                        1
     $sdffe_16                       1
     $sdffe_4                        1

=== td_fused_top_tdf7_accum_3_1 ===

   Number of wires:                 50
   Number of wire bits:            254
   Number of public wires:          30
   Number of public wire bits:     214
   Number of memories:               0
   Number of memory bits:            0
   Number of processes:              0
   Number of cells:                 37
     $add_4                          1
     $and_1                          3
     $dffe_16                        1
     $dffe_4                         1
     $eq_11                         11
     $eq_4                           1
     $mux_1                          5
     $mux_11                         2
     $mux_16                         1
     $not_1                          2
     $or_1                           1
     $paramod$bd98ea72159fe26174e7b3ed5baca9c91958ef6f\td_fused_top_hadd_16ns_16ns_16_8_full_dsp_1      1
     $pmux_11                        1
     $reduce_or_2                    1
     $sdff_1                         1
     $sdff_11                        1
     $sdff_16                        1
     $sdffe_16                       1
     $sdffe_4                        1

=== td_fused_top_tdf7_accum_3_2 ===

   Number of wires:                 50
   Number of wire bits:            254
   Number of public wires:          30
   Number of public wire bits:     214
   Number of memories:               0
   Number of memory bits:            0
   Number of processes:              0
   Number of cells:                 37
     $add_4                          1
     $and_1                          3
     $dffe_16                        1
     $dffe_4                         1
     $eq_11                         11
     $eq_4                           1
     $mux_1                          5
     $mux_11                         2
     $mux_16                         1
     $not_1                          2
     $or_1                           1
     $paramod$bd98ea72159fe26174e7b3ed5baca9c91958ef6f\td_fused_top_hadd_16ns_16ns_16_8_full_dsp_1      1
     $pmux_11                        1
     $reduce_or_2                    1
     $sdff_1                         1
     $sdff_11                        1
     $sdff_16                        1
     $sdffe_16                       1
     $sdffe_4                        1

=== td_fused_top_tdf7_accum_3_3 ===

   Number of wires:                 50
   Number of wire bits:            254
   Number of public wires:          30
   Number of public wire bits:     214
   Number of memories:               0
   Number of memory bits:            0
   Number of processes:              0
   Number of cells:                 37
     $add_4                          1
     $and_1                          3
     $dffe_16                        1
     $dffe_4                         1
     $eq_11                         11
     $eq_4                           1
     $mux_1                          5
     $mux_11                         2
     $mux_16                         1
     $not_1                          2
     $or_1                           1
     $paramod$bd98ea72159fe26174e7b3ed5baca9c91958ef6f\td_fused_top_hadd_16ns_16ns_16_8_full_dsp_1      1
     $pmux_11                        1
     $reduce_or_2                    1
     $sdff_1                         1
     $sdff_11                        1
     $sdff_16                        1
     $sdffe_16                       1
     $sdffe_4                        1

=== td_fused_top_tdf7_adjust ===

   Number of wires:                218
   Number of wire bits:           1116
   Number of public wires:         177
   Number of public wire bits:    1067
   Number of memories:               0
   Number of memory bits:            0
   Number of processes:              0
   Number of cells:                161
     $add_3                          1
     $and_1                          9
     $dff_1                         20
     $dff_16                        19
     $dff_2                         20
     $dffe_1                         2
     $dffe_16                       11
     $dffe_2                         2
     $dffe_3                         1
     $dffe_6                         1
     $eq_2                           2
     $eq_3                           4
     $logic_not_2                    1
     $mux_1                         12
     $mux_16                         1
     $mux_3                          4
     $not_1                         11
     $or_1                           3
     $paramod$3c0377098b222d6572752d08e873f7489758dceb\td_fused_top_hmul_16ns_16ns_16_5_max_dsp_1      1
     $paramod$912b74f0497673b69e86cc7c82dae9d480ead345\td_fused_top_hsub_16ns_16ns_16_7_full_dsp_1      1
     $paramod$91996938bf55391da83956fb5d59b8cc0957c6c9\td_fused_top_mux_42_16_1_1      1
     $paramod$bd98ea72159fe26174e7b3ed5baca9c91958ef6f\td_fused_top_hadd_16ns_16ns_16_8_full_dsp_1      1
     $pmux_3                         1
     $reduce_and_2                   1
     $reduce_and_3                   1
     $reduce_and_4                   2
     $reduce_bool_2                  1
     $reduce_or_2                    2
     $sdff_1                        23
     $sdff_3                         1
     $sdffe_1                        1

=== td_fused_top_tdf7_dot_product ===

   Number of wires:                353
   Number of wire bits:           2502
   Number of public wires:         307
   Number of public wire bits:    2420
   Number of memories:               0
   Number of memory bits:            0
   Number of processes:              0
   Number of cells:                187
     $add_2                          2
     $add_4                          2
     $add_6                          3
     $add_7                          1
     $and_1                         14
     $dff_1                          6
     $dff_3                          6
     $dff_4                          6
     $dff_5                          6
     $dffe_1                         2
     $dffe_16                       36
     $dffe_2                         4
     $dffe_3                         2
     $dffe_4                         2
     $dffe_5                         2
     $dffe_6                         3
     $dffe_7                         1
     $eq_3                           3
     $eq_6                           1
     $eq_7                           1
     $mux_1                         10
     $mux_2                          8
     $mux_3                          3
     $mux_4                          3
     $mux_6                          6
     $mux_7                          2
     $not_1                         11
     $or_1                           3
     $or_5                           3
     $paramod$3c0377098b222d6572752d08e873f7489758dceb\td_fused_top_hmul_16ns_16ns_16_5_max_dsp_1     16
     $pmux_3                         1
     $reduce_bool_2                  2
     $reduce_or_2                    2
     $sdff_1                         9
     $sdff_3                         1
     $sdffe_1                        1
     $sub_4                          2
     $sub_5                          1

=== td_fused_top_tdf7_get_next_ijk ===

   Number of wires:                 80
   Number of wire bits:            275
   Number of public wires:          45
   Number of public wire bits:     210
   Number of memories:               0
   Number of memory bits:            0
   Number of processes:              0
   Number of cells:                 56
     $add_16                         3
     $and_1                          8
     $dffe_16                        2
     $eq_16                          4
     $mux_1                         13
     $mux_16                         4
     $not_1                         10
     $or_1                           7
     $reduce_bool_2                  1
     $reduce_or_2                    1
     $sdff_1                         1
     $sdffce_16                      1
     $sdffe_1                        1

=== td_fused_top_tdf7_l2_accum ===

   Number of wires:                147
   Number of wire bits:           1262
   Number of public wires:         118
   Number of public wire bits:    1196
   Number of memories:               0
   Number of memory bits:            0
   Number of processes:              0
   Number of cells:                 73
     $add_3                          2
     $and_1                          5
     $dffe_16                       16
     $dffe_2                         2
     $dffe_3                         3
     $eq_12                         12
     $eq_3                           2
     $mux_1                          7
     $mux_12                         3
     $mux_3                          2
     $not_1                          3
     $or_1                           1
     $or_3                           1
     $paramod$bd98ea72159fe26174e7b3ed5baca9c91958ef6f\td_fused_top_hadd_16ns_16ns_16_8_full_dsp_1      8
     $pmux_12                        1
     $reduce_bool_2                  1
     $reduce_or_2                    1
     $sdff_1                         1
     $sdff_12                        1
     $sdffe_3                        1

=== td_fused_top_tdf7_l2_multiply51 ===

   Number of wires:                152
   Number of wire bits:            928
   Number of public wires:         113
   Number of public wire bits:     869
   Number of memories:               0
   Number of memory bits:            0
   Number of processes:              0
   Number of cells:                 94
     $add_8                          2
     $and_1                         13
     $dff_1                          5
     $dff_6                          5
     $dffe_1                         2
     $dffe_16                        9
     $dffe_2                         1
     $dffe_6                         3
     $dffe_8                         1
     $eq_3                           3
     $eq_8                           1
     $mux_1                         10
     $mux_3                          3
     $mux_8                          2
     $not_1                         11
     $or_1                           3
     $or_4                           1
     $paramod$3c0377098b222d6572752d08e873f7489758dceb\td_fused_top_hmul_16ns_16ns_16_5_max_dsp_1      4
     $paramod$91996938bf55391da83956fb5d59b8cc0957c6c9\td_fused_top_mux_42_16_1_1      1
     $pmux_3                         1
     $reduce_bool_2                  1
     $reduce_or_2                    2
     $sdff_1                         8
     $sdff_3                         1
     $sdffe_1                        1

=== td_fused_top_tdf7_l2_writeOutputs_1 ===

   Number of wires:                352
   Number of wire bits:           2473
   Number of public wires:         307
   Number of public wire bits:    2409
   Number of memories:               0
   Number of memory bits:            0
   Number of processes:              0
   Number of cells:                261
     $add_12                         1
     $add_6                          1
     $and_1                         13
     $dff_1                         28
     $dff_16                        26
     $dff_2                         28
     $dff_3                         28
     $dff_5                          8
     $dff_6                          6
     $dffe_1                         3
     $dffe_10                        1
     $dffe_12                        1
     $dffe_16                        6
     $dffe_2                         2
     $dffe_3                         2
     $dffe_5                         3
     $dffe_6                         3
     $eq_2                           3
     $eq_4                           4
     $eq_6                           1
     $logic_not_2                    1
     $mux_1                         16
     $mux_16                        11
     $mux_4                          3
     $mux_6                          2
     $not_1                         11
     $or_1                           5
     $paramod$3c0377098b222d6572752d08e873f7489758dceb\td_fused_top_hmul_16ns_16ns_16_5_max_dsp_1      1
     $paramod$60c6820698acd06bb9a0b739a1738ac741e28ac5\td_fused_top_mux_464_16_1_1      1
     $paramod$912b74f0497673b69e86cc7c82dae9d480ead345\td_fused_top_hsub_16ns_16ns_16_7_full_dsp_1      1
     $paramod$bd98ea72159fe26174e7b3ed5baca9c91958ef6f\td_fused_top_hadd_16ns_16ns_16_8_full_dsp_1      2
     $paramod$d21e5f6e694f4e12d1f46ee6f235df73967f95ea\td_fused_top_tdf7_l2_writeOutputs_1_running_sums      1
     $pmux_4                         1
     $reduce_bool_2                  1
     $reduce_or_2                    2
     $sdff_1                        31
     $sdff_4                         1
     $sdffe_1                        1
     $sub_11                         1

=== td_fused_top_tdf7_l2_writeOutputs_1_running_sums_ram ===

   Number of wires:                 15
   Number of wire bits:            136
   Number of public wires:           8
   Number of public wire bits:      46
   Number of memories:               1
   Number of memory bits:          512
   Number of processes:              0
   Number of cells:                  9
     $dffe_16                        1
     $memrd                          1
     $memwr_v2                       1
     $mux_1                          2
     $mux_16                         2
     $mux_5                          2

=== td_fused_top_tdf7_readFilters53 ===

   Number of wires:                235
   Number of wire bits:           2285
   Number of public wires:         187
   Number of public wire bits:    2201
   Number of memories:               0
   Number of memory bits:            0
   Number of processes:              0
   Number of cells:                112
     $add_10                         1
     $add_2                          2
     $add_6                          3
     $add_61                         1
     $add_7                          1
     $and_1                         14
     $dff_1                          1
     $dff_3                          1
     $dff_6                          1
     $dffe_1                         2
     $dffe_10                        1
     $dffe_2                         4
     $dffe_3                         2
     $dffe_6                         3
     $dffe_64                        4
     $dffe_7                         1
     $dffe_9                         1
     $eq_3                           3
     $eq_6                           1
     $eq_7                           1
     $mux_1                         11
     $mux_2                          8
     $mux_3                          3
     $mux_6                          6
     $mux_7                          2
     $not_1                         12
     $or_1                           4
     $paramod$ab94746a42091e92ea832e1dab14e57f925e29d9\td_fused_top_mux_416_64_1_1      4
     $pmux_3                         1
     $reduce_bool_2                  2
     $reduce_or_2                    2
     $sdff_1                         4
     $sdff_3                         1
     $sdffe_1                        1
     $sub_5                          1
     $sub_61                         1
     $sub_9                          1

=== td_fused_top_tdf7_readInputs54 ===

   Number of wires:                276
   Number of wire bits:           1566
   Number of public wires:         210
   Number of public wire bits:    1461
   Number of memories:               0
   Number of memory bits:            0
   Number of processes:              0
   Number of cells:                190
     $add_10                         3
     $add_12                         1
     $add_17                         2
     $add_18                         4
     $add_2                          2
     $add_3                          2
     $add_5                          3
     $add_6                          3
     $add_7                          1
     $and_1                         19
     $dff_1                          3
     $dff_3                          2
     $dff_6                          2
     $dffe_1                        11
     $dffe_10                        4
     $dffe_16                        2
     $dffe_17                        2
     $dffe_18                        1
     $dffe_2                         6
     $dffe_3                         2
     $dffe_5                         2
     $dffe_6                         3
     $dffe_7                         1
     $dffe_9                         1
     $eq_4                           4
     $eq_6                           1
     $eq_7                           1
     $gt_17                          1
     $gt_18                          4
     $mux_1                         20
     $mux_10                         5
     $mux_2                          8
     $mux_4                          3
     $mux_5                          6
     $mux_6                          6
     $mux_7                          2
     $not_1                         16
     $or_1                          13
     $pmux_4                         1
     $reduce_bool_2                  2
     $reduce_or_2                    2
     $sdff_1                         5
     $sdff_4                         1
     $sdffce_16                      4
     $sdffe_1                        1
     $sub_11                         1
     $sub_5                          1

=== design hierarchy ===

   td_fused_top_dataflow_in_loop_TOP_LOOP48049      1
     $paramod$444f4f35aae1753c454375fdcc6a89a96e0bb6d9\td_fused_top_dataflow_in_loop_TOP_LOOP48049_accum2_out_0      4
       td_fused_top_dataflow_in_loop_TOP_LOOP48049_accum2_out_0_memcore      2
         td_fused_top_dataflow_in_loop_TOP_LOOP48049_accum2_out_0_memcore_ram      1
     $paramod$444f4f35aae1753c454375fdcc6a89a96e0bb6d9\td_fused_top_dataflow_in_loop_TOP_LOOP48049_l2_partial_sums_0      4
       td_fused_top_dataflow_in_loop_TOP_LOOP48049_l2_partial_sums_0_memcore      2
         td_fused_top_dataflow_in_loop_TOP_LOOP48049_l2_partial_sums_0_memcore_ram      1
     $paramod$6bff93eabfebbae18e929d83bb04875ab4f82a7f\td_fused_top_dataflow_in_loop_TOP_LOOP48049_ifmap_vec_0     20
       td_fused_top_dataflow_in_loop_TOP_LOOP48049_ifmap_vec_0_memcore      1
         td_fused_top_dataflow_in_loop_TOP_LOOP48049_ifmap_vec_0_memcore_ram      1
     $paramod$6bff93eabfebbae18e929d83bb04875ab4f82a7f\td_fused_top_dataflow_in_loop_TOP_LOOP48049_products_0_0     16
       td_fused_top_dataflow_in_loop_TOP_LOOP48049_products_0_0_memcore      2
         td_fused_top_dataflow_in_loop_TOP_LOOP48049_products_0_0_memcore_ram      1
     $paramod$d21e5f6e694f4e12d1f46ee6f235df73967f95ea\td_fused_top_dataflow_in_loop_TOP_LOOP48049_accum1_out_0      4
       td_fused_top_dataflow_in_loop_TOP_LOOP48049_accum1_out_0_memcore      2
         td_fused_top_dataflow_in_loop_TOP_LOOP48049_accum1_out_0_memcore_ram      1
     $paramod$d21e5f6e694f4e12d1f46ee6f235df73967f95ea\td_fused_top_dataflow_in_loop_TOP_LOOP48049_l2_products_0      4
       td_fused_top_dataflow_in_loop_TOP_LOOP48049_l2_products_0_memcore      2
         td_fused_top_dataflow_in_loop_TOP_LOOP48049_l2_products_0_memcore_ram      1
     td_fused_top_Block_entry_proc_proc534      1
     td_fused_top_Block_entry_proc_proc535      1
     td_fused_top_Block_entry_proc_proc536      1
     td_fused_top_Block_entry_proc_proc537      1
     td_fused_top_fifo_w10_d10_S      1
       td_fused_top_fifo_w10_d10_S_shiftReg      1
     td_fused_top_fifo_w16_d2_S_x4     14
       td_fused_top_fifo_w16_d2_S_x4_shiftReg      1
     td_fused_top_fifo_w1_d11_S      1
       td_fused_top_fifo_w1_d11_S_shiftReg      1
     td_fused_top_fifo_w5_d10_S      1
       td_fused_top_fifo_w5_d10_S_shiftReg      1
     td_fused_top_fifo_w6_d2_S       2
       td_fused_top_fifo_w6_d2_S_shiftReg      1
     td_fused_top_fifo_w6_d8_S_x      1
       td_fused_top_fifo_w6_d8_S_x_shiftReg      1
     td_fused_top_start_for_tdf7_readFilters53_U0      1
       td_fused_top_start_for_tdf7_readFilters53_U0_shiftReg      1
     td_fused_top_tdf7_accum_1       4
       $paramod$bd98ea72159fe26174e7b3ed5baca9c91958ef6f\td_fused_top_hadd_16ns_16ns_16_8_full_dsp_1      5
         td_fused_top_ap_hadd_6_full_dsp_16      1
           FPAddSub                  1
             FPAddSub_AlignModule      1
             FPAddSub_AlignShift1      1
             FPAddSub_AlignShift2      1
             FPAddSub_ExceptionModule      1
             FPAddSub_ExecutionModule      1
             FPAddSub_NormalizeModule      1
             FPAddSub_NormalizeShift1      1
             FPAddSub_NormalizeShift2      1
             FPAddSub_PrealignModule      1
             FPAddSub_RoundModule      1
     td_fused_top_tdf7_accum_2       4
       $paramod$bd98ea72159fe26174e7b3ed5baca9c91958ef6f\td_fused_top_hadd_16ns_16ns_16_8_full_dsp_1      2
         td_fused_top_ap_hadd_6_full_dsp_16      1
           FPAddSub                  1
             FPAddSub_AlignModule      1
             FPAddSub_AlignShift1      1
             FPAddSub_AlignShift2      1
             FPAddSub_ExceptionModule      1
             FPAddSub_ExecutionModule      1
             FPAddSub_NormalizeModule      1
             FPAddSub_NormalizeShift1      1
             FPAddSub_NormalizeShift2      1
             FPAddSub_PrealignModule      1
             FPAddSub_RoundModule      1
     td_fused_top_tdf7_accum_3       1
       $paramod$bd98ea72159fe26174e7b3ed5baca9c91958ef6f\td_fused_top_hadd_16ns_16ns_16_8_full_dsp_1      1
         td_fused_top_ap_hadd_6_full_dsp_16      1
           FPAddSub                  1
             FPAddSub_AlignModule      1
             FPAddSub_AlignShift1      1
             FPAddSub_AlignShift2      1
             FPAddSub_ExceptionModule      1
             FPAddSub_ExecutionModule      1
             FPAddSub_NormalizeModule      1
             FPAddSub_NormalizeShift1      1
             FPAddSub_NormalizeShift2      1
             FPAddSub_PrealignModule      1
             FPAddSub_RoundModule      1
     td_fused_top_tdf7_accum_3_1      1
       $paramod$bd98ea72159fe26174e7b3ed5baca9c91958ef6f\td_fused_top_hadd_16ns_16ns_16_8_full_dsp_1      1
         td_fused_top_ap_hadd_6_full_dsp_16      1
           FPAddSub                  1
             FPAddSub_AlignModule      1
             FPAddSub_AlignShift1      1
             FPAddSub_AlignShift2      1
             FPAddSub_ExceptionModule      1
             FPAddSub_ExecutionModule      1
             FPAddSub_NormalizeModule      1
             FPAddSub_NormalizeShift1      1
             FPAddSub_NormalizeShift2      1
             FPAddSub_PrealignModule      1
             FPAddSub_RoundModule      1
     td_fused_top_tdf7_accum_3_2      1
       $paramod$bd98ea72159fe26174e7b3ed5baca9c91958ef6f\td_fused_top_hadd_16ns_16ns_16_8_full_dsp_1      1
         td_fused_top_ap_hadd_6_full_dsp_16      1
           FPAddSub                  1
             FPAddSub_AlignModule      1
             FPAddSub_AlignShift1      1
             FPAddSub_AlignShift2      1
             FPAddSub_ExceptionModule      1
             FPAddSub_ExecutionModule      1
             FPAddSub_NormalizeModule      1
             FPAddSub_NormalizeShift1      1
             FPAddSub_NormalizeShift2      1
             FPAddSub_PrealignModule      1
             FPAddSub_RoundModule      1
     td_fused_top_tdf7_accum_3_3      1
       $paramod$bd98ea72159fe26174e7b3ed5baca9c91958ef6f\td_fused_top_hadd_16ns_16ns_16_8_full_dsp_1      1
         td_fused_top_ap_hadd_6_full_dsp_16      1
           FPAddSub                  1
             FPAddSub_AlignModule      1
             FPAddSub_AlignShift1      1
             FPAddSub_AlignShift2      1
             FPAddSub_ExceptionModule      1
             FPAddSub_ExecutionModule      1
             FPAddSub_NormalizeModule      1
             FPAddSub_NormalizeShift1      1
             FPAddSub_NormalizeShift2      1
             FPAddSub_PrealignModule      1
             FPAddSub_RoundModule      1
     td_fused_top_tdf7_adjust        1
       $paramod$3c0377098b222d6572752d08e873f7489758dceb\td_fused_top_hmul_16ns_16ns_16_5_max_dsp_1      1
         td_fused_top_ap_hmul_3_max_dsp_16      1
           FPMult_16                 1
             FPMult_ExecuteModule      1
             FPMult_NormalizeModule      1
             FPMult_PrepModule       1
             FPMult_RoundModule      1
       $paramod$912b74f0497673b69e86cc7c82dae9d480ead345\td_fused_top_hsub_16ns_16ns_16_7_full_dsp_1      1
         td_fused_top_ap_hadd_6_full_dsp_16      1
           FPAddSub                  1
             FPAddSub_AlignModule      1
             FPAddSub_AlignShift1      1
             FPAddSub_AlignShift2      1
             FPAddSub_ExceptionModule      1
             FPAddSub_ExecutionModule      1
             FPAddSub_NormalizeModule      1
             FPAddSub_NormalizeShift1      1
             FPAddSub_NormalizeShift2      1
             FPAddSub_PrealignModule      1
             FPAddSub_RoundModule      1
       $paramod$91996938bf55391da83956fb5d59b8cc0957c6c9\td_fused_top_mux_42_16_1_1      1
       $paramod$bd98ea72159fe26174e7b3ed5baca9c91958ef6f\td_fused_top_hadd_16ns_16ns_16_8_full_dsp_1      1
         td_fused_top_ap_hadd_6_full_dsp_16      1
           FPAddSub                  1
             FPAddSub_AlignModule      1
             FPAddSub_AlignShift1      1
             FPAddSub_AlignShift2      1
             FPAddSub_ExceptionModule      1
             FPAddSub_ExecutionModule      1
             FPAddSub_NormalizeModule      1
             FPAddSub_NormalizeShift1      1
             FPAddSub_NormalizeShift2      1
             FPAddSub_PrealignModule      1
             FPAddSub_RoundModule      1
     td_fused_top_tdf7_dot_product      1
       $paramod$3c0377098b222d6572752d08e873f7489758dceb\td_fused_top_hmul_16ns_16ns_16_5_max_dsp_1     16
         td_fused_top_ap_hmul_3_max_dsp_16      1
           FPMult_16                 1
             FPMult_ExecuteModule      1
             FPMult_NormalizeModule      1
             FPMult_PrepModule       1
             FPMult_RoundModule      1
     td_fused_top_tdf7_get_next_ijk      1
     td_fused_top_tdf7_l2_accum      1
       $paramod$bd98ea72159fe26174e7b3ed5baca9c91958ef6f\td_fused_top_hadd_16ns_16ns_16_8_full_dsp_1      8
         td_fused_top_ap_hadd_6_full_dsp_16      1
           FPAddSub                  1
             FPAddSub_AlignModule      1
             FPAddSub_AlignShift1      1
             FPAddSub_AlignShift2      1
             FPAddSub_ExceptionModule      1
             FPAddSub_ExecutionModule      1
             FPAddSub_NormalizeModule      1
             FPAddSub_NormalizeShift1      1
             FPAddSub_NormalizeShift2      1
             FPAddSub_PrealignModule      1
             FPAddSub_RoundModule      1
     td_fused_top_tdf7_l2_multiply51      1
       $paramod$3c0377098b222d6572752d08e873f7489758dceb\td_fused_top_hmul_16ns_16ns_16_5_max_dsp_1      4
         td_fused_top_ap_hmul_3_max_dsp_16      1
           FPMult_16                 1
             FPMult_ExecuteModule      1
             FPMult_NormalizeModule      1
             FPMult_PrepModule       1
             FPMult_RoundModule      1
       $paramod$91996938bf55391da83956fb5d59b8cc0957c6c9\td_fused_top_mux_42_16_1_1      1
     td_fused_top_tdf7_l2_writeOutputs_1      1
       $paramod$3c0377098b222d6572752d08e873f7489758dceb\td_fused_top_hmul_16ns_16ns_16_5_max_dsp_1      1
         td_fused_top_ap_hmul_3_max_dsp_16      1
           FPMult_16                 1
             FPMult_ExecuteModule      1
             FPMult_NormalizeModule      1
             FPMult_PrepModule       1
             FPMult_RoundModule      1
       $paramod$60c6820698acd06bb9a0b739a1738ac741e28ac5\td_fused_top_mux_464_16_1_1      1
       $paramod$912b74f0497673b69e86cc7c82dae9d480ead345\td_fused_top_hsub_16ns_16ns_16_7_full_dsp_1      1
         td_fused_top_ap_hadd_6_full_dsp_16      1
           FPAddSub                  1
             FPAddSub_AlignModule      1
             FPAddSub_AlignShift1      1
             FPAddSub_AlignShift2      1
             FPAddSub_ExceptionModule      1
             FPAddSub_ExecutionModule      1
             FPAddSub_NormalizeModule      1
             FPAddSub_NormalizeShift1      1
             FPAddSub_NormalizeShift2      1
             FPAddSub_PrealignModule      1
             FPAddSub_RoundModule      1
       $paramod$bd98ea72159fe26174e7b3ed5baca9c91958ef6f\td_fused_top_hadd_16ns_16ns_16_8_full_dsp_1      2
         td_fused_top_ap_hadd_6_full_dsp_16      1
           FPAddSub                  1
             FPAddSub_AlignModule      1
             FPAddSub_AlignShift1      1
             FPAddSub_AlignShift2      1
             FPAddSub_ExceptionModule      1
             FPAddSub_ExecutionModule      1
             FPAddSub_NormalizeModule      1
             FPAddSub_NormalizeShift1      1
             FPAddSub_NormalizeShift2      1
             FPAddSub_PrealignModule      1
             FPAddSub_RoundModule      1
       $paramod$d21e5f6e694f4e12d1f46ee6f235df73967f95ea\td_fused_top_tdf7_l2_writeOutputs_1_running_sums      1
         td_fused_top_tdf7_l2_writeOutputs_1_running_sums_ram      1
     td_fused_top_tdf7_readFilters53      1
       $paramod$ab94746a42091e92ea832e1dab14e57f925e29d9\td_fused_top_mux_416_64_1_1      4
     td_fused_top_tdf7_readInputs54      1

   Number of wires:              29178
   Number of wire bits:         210765
   Number of public wires:       19525
   Number of public wire bits:  165814
   Number of memories:              85
   Number of memory bits:        93696
   Number of processes:              0
   Number of cells:              17255
     $add_1                        104
     $add_10                         4
     $add_12                         2
     $add_16                         3
     $add_17                        47
     $add_18                         4
     $add_2                         75
     $add_3                          5
     $add_32                       225
     $add_4                         11
     $add_5                          6
     $add_6                        152
     $add_61                         1
     $add_7                          3
     $add_8                          2
     $add_9                          4
     $and_1                       1838
     $and_32                        42
     $dff_1                        130
     $dff_16                       112
     $dff_2                         48
     $dff_3                         37
     $dff_4                          6
     $dff_5                         14
     $dff_6                         14
     $dffe_1                        59
     $dffe_10                       16
     $dffe_12                        1
     $dffe_16                      926
     $dffe_17                        2
     $dffe_18                        1
     $dffe_2                        21
     $dffe_3                        12
     $dffe_4                        10
     $dffe_5                        21
     $dffe_6                        36
     $dffe_64                        4
     $dffe_7                         7
     $dffe_8                         1
     $dffe_9                        10
     $eq_11                        132
     $eq_12                         12
     $eq_16                          4
     $eq_2                         597
     $eq_3                          42
     $eq_32                         42
     $eq_4                          50
     $eq_5                         107
     $eq_6                           4
     $eq_7                           3
     $eq_8                           1
     $gt_17                          1
     $gt_18                          4
     $logic_and_1                  526
     $logic_not_1                  492
     $logic_not_2                  251
     $logic_not_3                    5
     $logic_not_32                  42
     $logic_not_4                    4
     $logic_not_5                    7
     $logic_or_1                    52
     $lt_15                         45
     $lt_9                           4
     $memrd                        153
     $memwr_v2                     129
     $mul_22                        22
     $mux_1                       1520
     $mux_10                       162
     $mux_11                       129
     $mux_12                         3
     $mux_16                      1110
     $mux_17                        90
     $mux_2                        162
     $mux_21                        22
     $mux_23                        22
     $mux_25                        45
     $mux_3                        112
     $mux_32                        22
     $mux_33                        45
     $mux_36                        45
     $mux_38                        90
     $mux_39                        45
     $mux_4                         14
     $mux_40                        45
     $mux_41                        67
     $mux_48                        67
     $mux_5                        809
     $mux_6                        144
     $mux_64                        12
     $mux_7                        174
     $mux_8                         82
     $mux_9                         12
     $ne_2                          21
     $not_1                        614
     $not_32                        90
     $or_1                         852
     $or_3                           5
     $or_4                           1
     $or_5                          35
     $or_7                          28
     $pmux_1                      1082
     $pmux_10                        1
     $pmux_11                       12
     $pmux_12                        1
     $pmux_13                       45
     $pmux_16                       14
     $pmux_2                        45
     $pmux_3                         4
     $pmux_4                       137
     $pmux_5                        46
     $pmux_6                         3
     $reduce_and_2                  43
     $reduce_and_3                   1
     $reduce_and_4                   2
     $reduce_and_5                 179
     $reduce_bool_2                208
     $reduce_or_10                 134
     $reduce_or_17                  45
     $reduce_or_2                  392
     $reduce_or_3                  135
     $reduce_or_4                   45
     $reduce_or_5                   89
     $sdff_1                       216
     $sdff_11                       12
     $sdff_12                        1
     $sdff_16                        8
     $sdff_3                         4
     $sdff_4                         2
     $sdffce_16                      5
     $sdffe_1                      337
     $sdffe_16                      60
     $sdffe_2                       69
     $sdffe_3                        1
     $sdffe_4                        9
     $sdffe_5                        3
     $sdffe_6                        4
     $sub_11                         2
     $sub_17                        45
     $sub_2                         69
     $sub_32                        44
     $sub_4                          3
     $sub_5                          6
     $sub_6                         45
     $sub_61                         1
     $sub_9                          1
     $xor_1                        202

