
5. Printing statistics.

=== td_fused_top_tdf10_l2_filters_0 ===

   Number of wires:                 10
   Number of wire bits:             81
   Number of public wires:          10
   Number of public wire bits:      81
   Number of memories:               0
   Number of memory bits:            0
   Number of processes:              0
   Number of cells:                  1
     td_fused_top_tdf10_l2_filters_0_ram      1

=== td_fused_top_tdf10_l2_filters_0_ram ===

   Number of wires:                 17
   Number of wire bits:            204
   Number of public wires:           9
   Number of public wire bits:      80
   Number of memories:               1
   Number of memory bits:       262144
   Number of processes:              0
   Number of cells:                 11
     $dffe_16                        2
     $memrd                          2
     $memwr_v2                       1
     $mux_1                          2
     $mux_14                         2
     $mux_16                         2

=== design hierarchy ===

   td_fused_top_tdf10_l2_filters_0      1
     td_fused_top_tdf10_l2_filters_0_ram      1

   Number of wires:                 27
   Number of wire bits:            285
   Number of public wires:          19
   Number of public wire bits:     161
   Number of memories:               1
   Number of memory bits:       262144
   Number of processes:              0
   Number of cells:                 11
     $dffe_16                        2
     $memrd                          2
     $memwr_v2                       1
     $mux_1                          2
     $mux_14                         2
     $mux_16                         2

