
5. Printing statistics.

=== td_fused_top_tdf12_readInputs ===

   Number of wires:                176
   Number of wire bits:           1889
   Number of public wires:         126
   Number of public wire bits:    1816
   Number of memories:               0
   Number of memory bits:            0
   Number of processes:              0
   Number of cells:                115
     $add_10                         1
     $add_8                          1
     $and_1                         13
     $and_64                         2
     $dffe_1                         3
     $dffe_10                        1
     $dffe_16                        1
     $dffe_2                         1
     $dffe_4                         1
     $dffe_6                         4
     $dffe_64                        2
     $dffe_8                         1
     $eq_4                           4
     $eq_8                           1
     $gt_16                          2
     $gt_6                           2
     $mux_1                         14
     $mux_16                         2
     $mux_4                          5
     $mux_64                         2
     $mux_7                          4
     $mux_8                          2
     $not_1                         14
     $or_1                           7
     $or_6                           3
     $pmux_4                         1
     $reduce_bool_2                  1
     $reduce_or_2                    2
     $sdff_1                         3
     $sdff_4                         1
     $sdffe_1                        1
     $shr_64                         4
     $sub_7                          6
     $sub_9                          1
     $xor_7                          2

