
5. Printing statistics.

=== td_fused_top_tdf6_get_next_ijk ===

   Number of wires:                 74
   Number of wire bits:            266
   Number of public wires:          42
   Number of public wire bits:     204
   Number of memories:               0
   Number of memory bits:            0
   Number of processes:              0
   Number of cells:                 52
     $add_16                         3
     $and_1                          8
     $dffe_16                        2
     $eq_16                          3
     $mux_1                         12
     $mux_16                         4
     $not_1                          9
     $or_1                           6
     $reduce_bool_2                  1
     $reduce_or_2                    1
     $sdff_1                         1
     $sdffce_16                      1
     $sdffe_1                        1

