
5. Printing statistics.

=== td_fused_top_tdf11_l2_writeOutputs_1_running_sums_2 ===

   Number of wires:                  9
   Number of wire bits:             51
   Number of public wires:           9
   Number of public wire bits:      51
   Number of memories:               0
   Number of memory bits:            0
   Number of processes:              0
   Number of cells:                  1
     td_fused_top_tdf11_l2_writeOutputs_1_running_sums_2_ram      1

=== td_fused_top_tdf11_l2_writeOutputs_1_running_sums_2_ram ===

   Number of wires:                 15
   Number of wire bits:            144
   Number of public wires:           8
   Number of public wire bits:      50
   Number of memories:               1
   Number of memory bits:         2048
   Number of processes:              0
   Number of cells:                  9
     $dffe_16                        1
     $memrd                          1
     $memwr_v2                       1
     $mux_1                          2
     $mux_16                         2
     $mux_7                          2

=== design hierarchy ===

   td_fused_top_tdf11_l2_writeOutputs_1_running_sums_2      1
     td_fused_top_tdf11_l2_writeOutputs_1_running_sums_2_ram      1

   Number of wires:                 24
   Number of wire bits:            195
   Number of public wires:          17
   Number of public wire bits:     101
   Number of memories:               1
   Number of memory bits:         2048
   Number of processes:              0
   Number of cells:                  9
     $dffe_16                        1
     $memrd                          1
     $memwr_v2                       1
     $mux_1                          2
     $mux_16                         2
     $mux_7                          2

