
5. Printing statistics.

=== td_fused_top_tdf9_writeOutputs_unaligned ===

   Number of wires:                 82
   Number of wire bits:            524
   Number of public wires:          52
   Number of public wire bits:     493
   Number of memories:               0
   Number of memory bits:            0
   Number of processes:              0
   Number of cells:                 55
     $add_12                         1
     $add_16                         2
     $add_8                          1
     $and_1                         13
     $dffe_1                         1
     $dffe_16                        4
     $dffe_8                         1
     $eq_16                          2
     $eq_2                           5
     $logic_not_2                    1
     $mux_1                          7
     $mux_2                          1
     $not_1                          5
     $or_1                           3
     $pmux_2                         1
     $reduce_or_2                    1
     $sdff_1                         1
     $sdff_2                         1
     $sdffce_16                      2
     $sdffe_16                       1
     $sub_8                          1

