
5. Printing statistics.

=== $paramod$3c0377098b222d6572752d08e873f7489758dceb\td_fused_top_hmul_16ns_16ns_16_5_max_dsp_1 ===

   Number of wires:                 19
   Number of wire bits:            169
   Number of public wires:          19
   Number of public wire bits:     169
   Number of memories:               0
   Number of memory bits:            0
   Number of processes:              0
   Number of cells:                  6
     $dff_1                          1
     $dff_16                         1
     $dffe_16                        2
     $mux_16                         1
     td_fused_top_ap_hmul_3_max_dsp_16      1

=== $paramod$444f4f35aae1753c454375fdcc6a89a96e0bb6d9\td_fused_top_dataflow_in_loop_TOP_LOOP48545_accum1_out_0 ===

   Number of wires:                 99
   Number of wire bits:            349
   Number of public wires:          54
   Number of public wire bits:     285
   Number of memories:               0
   Number of memory bits:            0
   Number of processes:              0
   Number of cells:                 77
     $add_1                          2
     $add_2                          1
     $and_1                          4
     $eq_2                           1
     $logic_and_1                   10
     $logic_not_1                    5
     $logic_not_2                    1
     $logic_or_1                     1
     $mux_1                         22
     $mux_16                         7
     $mux_2                          2
     $mux_3                          4
     $not_1                          1
     $reduce_bool_2                  3
     $reduce_or_2                    1
     $sdff_1                         2
     $sdffe_1                        5
     $sdffe_16                       1
     $sdffe_2                        1
     $sub_2                          1
     td_fused_top_dataflow_in_loop_TOP_LOOP48545_accum1_out_0_memcore      2

=== $paramod$68fdee95fd7d91e09535cc4b3d209e7dbf47473a\td_fused_top_dataflow_in_loop_TOP_LOOP48545_ifmap_vec_0_0 ===

   Number of wires:                 99
   Number of wire bits:            381
   Number of public wires:          54
   Number of public wire bits:     317
   Number of memories:               0
   Number of memory bits:            0
   Number of processes:              0
   Number of cells:                 77
     $add_1                          2
     $add_2                          1
     $and_1                          4
     $eq_2                           1
     $logic_and_1                   10
     $logic_not_1                    5
     $logic_not_2                    1
     $logic_or_1                     1
     $mux_1                         22
     $mux_16                         7
     $mux_2                          2
     $mux_7                          4
     $not_1                          1
     $reduce_bool_2                  3
     $reduce_or_2                    1
     $sdff_1                         2
     $sdffe_1                        5
     $sdffe_16                       1
     $sdffe_2                        1
     $sub_2                          1
     td_fused_top_dataflow_in_loop_TOP_LOOP48545_ifmap_vec_0_0_memcore      2

=== $paramod$68fdee95fd7d91e09535cc4b3d209e7dbf47473a\td_fused_top_dataflow_in_loop_TOP_LOOP48545_products_0 ===

   Number of wires:                101
   Number of wire bits:            397
   Number of public wires:          51
   Number of public wire bits:     313
   Number of memories:               0
   Number of memory bits:            0
   Number of processes:              0
   Number of cells:                 82
     $add_1                          2
     $add_2                          1
     $and_1                          4
     $eq_2                           1
     $logic_and_1                   11
     $logic_not_1                    7
     $logic_not_2                    1
     $logic_or_1                     1
     $mux_1                         20
     $mux_16                         8
     $mux_2                          2
     $mux_7                          4
     $not_1                          1
     $reduce_bool_2                  4
     $reduce_or_2                    1
     $sdff_1                         2
     $sdffe_1                        6
     $sdffe_16                       2
     $sdffe_2                        1
     $sub_2                          1
     td_fused_top_dataflow_in_loop_TOP_LOOP48545_products_0_memcore      2

=== $paramod$68fdee95fd7d91e09535cc4b3d209e7dbf47473a\td_fused_top_dataflow_in_loop_TOP_LOOP48545_weight_vecs_0_0_0 ===

   Number of wires:                 55
   Number of wire bits:            146
   Number of public wires:          28
   Number of public wire bits:     115
   Number of memories:               0
   Number of memory bits:            0
   Number of processes:              0
   Number of cells:                 36
     $add_1                          2
     $add_2                          1
     $and_1                          4
     $eq_2                           1
     $logic_and_1                    7
     $logic_not_1                    3
     $logic_not_2                    1
     $logic_or_1                     1
     $mux_1                          4
     $mux_2                          2
     $reduce_bool_2                  2
     $reduce_or_2                    1
     $sdffe_1                        4
     $sdffe_2                        1
     $sub_2                          1
     td_fused_top_dataflow_in_loop_TOP_LOOP48545_weight_vecs_0_0_0_memcore      1

=== $paramod$912b74f0497673b69e86cc7c82dae9d480ead345\td_fused_top_hsub_16ns_16ns_16_7_full_dsp_1 ===

   Number of wires:                 19
   Number of wire bits:            169
   Number of public wires:          19
   Number of public wire bits:     169
   Number of memories:               0
   Number of memory bits:            0
   Number of processes:              0
   Number of cells:                  6
     $dff_1                          1
     $dff_16                         1
     $dffe_16                        2
     $mux_16                         1
     td_fused_top_ap_hadd_6_full_dsp_16      1

=== $paramod$bd98ea72159fe26174e7b3ed5baca9c91958ef6f\td_fused_top_hadd_16ns_16ns_16_8_full_dsp_1 ===

   Number of wires:                 19
   Number of wire bits:            169
   Number of public wires:          19
   Number of public wire bits:     169
   Number of memories:               0
   Number of memory bits:            0
   Number of processes:              0
   Number of cells:                  6
     $dff_1                          1
     $dff_16                         1
     $dffe_16                        2
     $mux_16                         1
     td_fused_top_ap_hadd_6_full_dsp_16      1

=== FPAddSub ===

   Number of wires:                 45
   Number of wire bits:            591
   Number of public wires:          45
   Number of public wire bits:     591
   Number of memories:               0
   Number of memory bits:            0
   Number of processes:              0
   Number of cells:                 19
     $mux_25                         1
     $mux_33                         1
     $mux_36                         1
     $mux_38                         2
     $mux_39                         1
     $mux_40                         1
     $mux_41                         1
     $mux_48                         1
     FPAddSub_AlignModule            1
     FPAddSub_AlignShift1            1
     FPAddSub_AlignShift2            1
     FPAddSub_ExceptionModule        1
     FPAddSub_ExecutionModule        1
     FPAddSub_NormalizeModule        1
     FPAddSub_NormalizeShift1        1
     FPAddSub_NormalizeShift2        1
     FPAddSub_PrealignModule         1
     FPAddSub_RoundModule            1

=== FPAddSub_AlignModule ===

   Number of wires:                  8
   Number of wire bits:             71
   Number of public wires:           8
   Number of public wire bits:      71
   Number of memories:               0
   Number of memory bits:            0
   Number of processes:              0
   Number of cells:                  5
     $lt_15                          1
     $mux_10                         2
     $mux_5                          2

=== FPAddSub_AlignShift1 ===

   Number of wires:                 12
   Number of wire bits:             74
   Number of public wires:           6
   Number of public wire bits:      68
   Number of memories:               0
   Number of memory bits:            0
   Number of processes:              0
   Number of cells:                 18
     $eq_2                           3
     $logic_not_2                    1
     $mux_11                         1
     $pmux_1                        11
     $reduce_or_2                    1
     $reduce_or_3                    1

=== FPAddSub_AlignShift2 ===

   Number of wires:                 11
   Number of wire bits:             63
   Number of public wires:           5
   Number of public wire bits:      57
   Number of memories:               0
   Number of memory bits:            0
   Number of processes:              0
   Number of cells:                 17
     $eq_2                           3
     $logic_not_2                    1
     $pmux_1                        11
     $reduce_or_2                    1
     $reduce_or_3                    1

=== FPAddSub_ExceptionModule ===

   Number of wires:                 23
   Number of wire bits:             61
   Number of public wires:          13
   Number of public wire bits:      51
   Number of memories:               0
   Number of memory bits:            0
   Number of processes:              0
   Number of cells:                 15
     $and_1                          4
     $logic_not_1                    1
     $not_1                          2
     $or_1                           5
     $reduce_and_5                   1
     $reduce_or_3                    1
     $reduce_or_5                    1

=== FPAddSub_ExecutionModule ===

   Number of wires:                 12
   Number of wire bits:             79
   Number of public wires:           9
   Number of public wire bits:      44
   Number of memories:               0
   Number of memory bits:            0
   Number of processes:              0
   Number of cells:                  6
     $add_17                         1
     $mux_1                          1
     $mux_17                         1
     $sub_17                         1
     $xor_1                          2

=== FPAddSub_NormalizeModule ===

   Number of wires:                 16
   Number of wire bits:            116
   Number of public wires:           4
   Number of public wire bits:      56
   Number of memories:               0
   Number of memory bits:            0
   Number of processes:              0
   Number of cells:                 14
     $mux_17                         1
     $mux_5                         13

=== FPAddSub_NormalizeShift1 ===

   Number of wires:                 19
   Number of wire bits:            152
   Number of public wires:           7
   Number of public wire bits:     140
   Number of memories:               0
   Number of memory bits:            0
   Number of processes:              0
   Number of cells:                 20
     $eq_2                           6
     $logic_not_2                    2
     $pmux_1                         2
     $pmux_13                        1
     $pmux_2                         1
     $pmux_4                         3
     $pmux_5                         1
     $reduce_or_2                    4

=== FPAddSub_NormalizeShift2 ===

   Number of wires:                 14
   Number of wire bits:             62
   Number of public wires:          13
   Number of public wire bits:      61
   Number of memories:               0
   Number of memory bits:            0
   Number of processes:              0
   Number of cells:                  6
     $add_6                          1
     $logic_not_1                    1
     $mux_6                          1
     $reduce_or_17                   1
     $reduce_or_4                    1
     $sub_6                          1

=== FPAddSub_PrealignModule ===

   Number of wires:                 30
   Number of wire bits:            295
   Number of public wires:          16
   Number of public wire bits:      95
   Number of memories:               0
   Number of memory bits:            0
   Number of processes:              0
   Number of cells:                 19
     $add_32                         4
     $and_1                          4
     $logic_not_1                    2
     $not_32                         2
     $or_1                           3
     $reduce_and_5                   2
     $reduce_or_10                   2

=== FPAddSub_RoundModule ===

   Number of wires:                 35
   Number of wire bits:            124
   Number of public wires:          19
   Number of public wire bits:      72
   Number of memories:               0
   Number of memory bits:            0
   Number of processes:              0
   Number of cells:                 22
     $add_32                         1
     $add_6                          1
     $and_1                          7
     $mux_1                          2
     $mux_10                         1
     $mux_6                          1
     $not_1                          2
     $or_1                           5
     $xor_1                          2

=== FPMult_16 ===

   Number of wires:                 27
   Number of wire bits:            348
   Number of public wires:          27
   Number of public wire bits:     348
   Number of memories:               0
   Number of memory bits:            0
   Number of processes:              0
   Number of cells:                  9
     $mux_21                         1
     $mux_23                         1
     $mux_32                         1
     $mux_41                         1
     $mux_48                         1
     FPMult_ExecuteModule            1
     FPMult_NormalizeModule          1
     FPMult_PrepModule               1
     FPMult_RoundModule              1

=== FPMult_ExecuteModule ===

   Number of wires:                 15
   Number of wire bits:            103
   Number of public wires:          12
   Number of public wire bits:      95
   Number of memories:               0
   Number of memory bits:            0
   Number of processes:              0
   Number of cells:                  7
     $add_6                          2
     $and_1                          1
     $mux_10                         1
     $or_1                           1
     $reduce_or_10                   1
     $xor_1                          1

=== FPMult_NormalizeModule ===

   Number of wires:                  8
   Number of wire bits:            114
   Number of public wires:           6
   Number of public wire bits:      50
   Number of memories:               0
   Number of memory bits:            0
   Number of processes:              0
   Number of cells:                  2
     $sub_32                         2

=== FPMult_PrepModule ===

   Number of wires:                 23
   Number of wire bits:             86
   Number of public wires:          14
   Number of public wire bits:      77
   Number of memories:               0
   Number of memory bits:            0
   Number of processes:              0
   Number of cells:                 15
     $and_1                          4
     $logic_not_1                    2
     $mul_22                         1
     $or_1                           3
     $reduce_and_5                   2
     $reduce_or_10                   1
     $reduce_or_5                    2

=== FPMult_RoundModule ===

   Number of wires:                 12
   Number of wire bits:             90
   Number of public wires:          12
   Number of public wire bits:      90
   Number of memories:               0
   Number of memory bits:            0
   Number of processes:              0
   Number of cells:                  3
     $mux_11                         2
     $mux_6                          1

=== td_fused_top_Block_entry_proc_proc528 ===

   Number of wires:                 16
   Number of wire bits:             61
   Number of public wires:          14
   Number of public wire bits:      59
   Number of memories:               0
   Number of memory bits:            0
   Number of processes:              0
   Number of cells:                  9
     $mux_1                          3
     $mux_16                         1
     $not_1                          1
     $or_1                           1
     $reduce_or_2                    1
     $sdff_1                         1
     $sdff_16                        1

=== td_fused_top_ap_hadd_6_full_dsp_16 ===

   Number of wires:                 12
   Number of wire bits:            117
   Number of public wires:          12
   Number of public wire bits:     117
   Number of memories:               0
   Number of memory bits:            0
   Number of processes:              0
   Number of cells:                  4
     $dffe_16                        3
     FPAddSub                        1

=== td_fused_top_ap_hmul_3_max_dsp_16 ===

   Number of wires:                 12
   Number of wire bits:            117
   Number of public wires:          12
   Number of public wire bits:     117
   Number of memories:               0
   Number of memory bits:            0
   Number of processes:              0
   Number of cells:                  4
     $dffe_16                        3
     FPMult_16                       1

=== td_fused_top_dataflow_in_loop_TOP_LOOP48545 ===

   Number of wires:                278
   Number of wire bits:           1717
   Number of public wires:         253
   Number of public wire bits:    1692
   Number of memories:               0
   Number of memory bits:            0
   Number of processes:              0
   Number of cells:                 57
     $and_1                         20
     $not_1                          9
     $or_1                           2
     $paramod$444f4f35aae1753c454375fdcc6a89a96e0bb6d9\td_fused_top_dataflow_in_loop_TOP_LOOP48545_accum1_out_0      1
     $paramod$68fdee95fd7d91e09535cc4b3d209e7dbf47473a\td_fused_top_dataflow_in_loop_TOP_LOOP48545_ifmap_vec_0_0      1
     $paramod$68fdee95fd7d91e09535cc4b3d209e7dbf47473a\td_fused_top_dataflow_in_loop_TOP_LOOP48545_products_0      1
     $paramod$68fdee95fd7d91e09535cc4b3d209e7dbf47473a\td_fused_top_dataflow_in_loop_TOP_LOOP48545_weight_vecs_0_0_0      1
     $reduce_or_2                    1
     $sdff_1                         2
     td_fused_top_Block_entry_proc_proc528      1
     td_fused_top_fifo_w10_d7_S      1
     td_fused_top_fifo_w16_d2_S_x3      5
     td_fused_top_fifo_w5_d2_S_x1      1
     td_fused_top_fifo_w5_d7_S       2
     td_fused_top_start_for_tdf6_readFilters47_U0      1
     td_fused_top_tdf6_accum_1       1
     td_fused_top_tdf6_accum_2       1
     td_fused_top_tdf6_adjust        1
     td_fused_top_tdf6_dot_product      1
     td_fused_top_tdf6_get_next_ijk      1
     td_fused_top_tdf6_readFilters47      1
     td_fused_top_tdf6_readInputs      1
     td_fused_top_tdf6_writeOutputs_unaligned      1

=== td_fused_top_dataflow_in_loop_TOP_LOOP48545_accum1_out_0_memcore ===

   Number of wires:                 11
   Number of wire bits:             60
   Number of public wires:          11
   Number of public wire bits:      60
   Number of memories:               0
   Number of memory bits:            0
   Number of processes:              0
   Number of cells:                  1
     td_fused_top_dataflow_in_loop_TOP_LOOP48545_accum1_out_0_memcore_ram      1

=== td_fused_top_dataflow_in_loop_TOP_LOOP48545_accum1_out_0_memcore_ram ===

   Number of wires:                 23
   Number of wire bits:            215
   Number of public wires:          10
   Number of public wire bits:      59
   Number of memories:               1
   Number of memory bits:          128
   Number of processes:              0
   Number of cells:                 16
     $dffe_16                        1
     $memrd                          1
     $memwr_v2                       2
     $mux_1                          4
     $mux_16                         4
     $mux_3                          4

=== td_fused_top_dataflow_in_loop_TOP_LOOP48545_ifmap_vec_0_0_memcore ===

   Number of wires:                 11
   Number of wire bits:             68
   Number of public wires:          11
   Number of public wire bits:      68
   Number of memories:               0
   Number of memory bits:            0
   Number of processes:              0
   Number of cells:                  1
     td_fused_top_dataflow_in_loop_TOP_LOOP48545_ifmap_vec_0_0_memcore_ram      1

=== td_fused_top_dataflow_in_loop_TOP_LOOP48545_ifmap_vec_0_0_memcore_ram ===

   Number of wires:                 23
   Number of wire bits:            239
   Number of public wires:          10
   Number of public wire bits:      67
   Number of memories:               1
   Number of memory bits:         2048
   Number of processes:              0
   Number of cells:                 16
     $dffe_16                        1
     $memrd                          1
     $memwr_v2                       2
     $mux_1                          4
     $mux_16                         4
     $mux_7                          4

=== td_fused_top_dataflow_in_loop_TOP_LOOP48545_products_0_memcore ===

   Number of wires:                 10
   Number of wire bits:             67
   Number of public wires:          10
   Number of public wire bits:      67
   Number of memories:               0
   Number of memory bits:            0
   Number of processes:              0
   Number of cells:                  1
     td_fused_top_dataflow_in_loop_TOP_LOOP48545_products_0_memcore_ram      1

=== td_fused_top_dataflow_in_loop_TOP_LOOP48545_products_0_memcore_ram ===

   Number of wires:                 17
   Number of wire bits:            176
   Number of public wires:           9
   Number of public wire bits:      66
   Number of memories:               1
   Number of memory bits:         2048
   Number of processes:              0
   Number of cells:                 11
     $dffe_16                        2
     $memrd                          2
     $memwr_v2                       1
     $mux_1                          2
     $mux_16                         2
     $mux_7                          2

=== td_fused_top_dataflow_in_loop_TOP_LOOP48545_weight_vecs_0_0_0_memcore ===

   Number of wires:                 12
   Number of wire bits:             86
   Number of public wires:          12
   Number of public wire bits:      86
   Number of memories:               0
   Number of memory bits:            0
   Number of processes:              0
   Number of cells:                  1
     td_fused_top_dataflow_in_loop_TOP_LOOP48545_weight_vecs_0_0_0_memcore_ram      1

=== td_fused_top_dataflow_in_loop_TOP_LOOP48545_weight_vecs_0_0_0_memcore_ram ===

   Number of wires:                 25
   Number of wire bits:            277
   Number of public wires:          11
   Number of public wire bits:      85
   Number of memories:               1
   Number of memory bits:         4096
   Number of processes:              0
   Number of cells:                 18
     $dffe_16                        2
     $memrd                          2
     $memwr_v2                       2
     $mux_1                          4
     $mux_16                         4
     $mux_8                          4

=== td_fused_top_fifo_w10_d7_S ===

   Number of wires:                 46
   Number of wire bits:            161
   Number of public wires:          17
   Number of public wire bits:      58
   Number of memories:               0
   Number of memory bits:            0
   Number of processes:              0
   Number of cells:                 35
     $add_4                          1
     $and_1                          4
     $and_32                         2
     $eq_32                          2
     $eq_4                           1
     $logic_and_1                    2
     $logic_not_32                   2
     $logic_not_4                    1
     $mux_1                          3
     $mux_3                          1
     $mux_4                          2
     $ne_2                           1
     $not_1                          2
     $or_1                           2
     $reduce_and_2                   2
     $reduce_bool_2                  1
     $reduce_or_2                    1
     $sdffe_1                        2
     $sdffe_4                        1
     $sub_4                          1
     td_fused_top_fifo_w10_d7_S_shiftReg      1

=== td_fused_top_fifo_w10_d7_S_shiftReg ===

   Number of wires:                 18
   Number of wire bits:            101
   Number of public wires:          12
   Number of public wire bits:      95
   Number of memories:               0
   Number of memory bits:            0
   Number of processes:              0
   Number of cells:                 14
     $dffe_10                        7
     $eq_3                           5
     $logic_not_3                    1
     $pmux_10                        1

=== td_fused_top_fifo_w16_d2_S_x3 ===

   Number of wires:                 45
   Number of wire bits:            172
   Number of public wires:          17
   Number of public wire bits:      78
   Number of memories:               0
   Number of memory bits:            0
   Number of processes:              0
   Number of cells:                 34
     $add_2                          1
     $and_1                          4
     $and_32                         2
     $eq_32                          2
     $logic_and_1                    2
     $logic_not_2                    1
     $logic_not_32                   2
     $mux_1                          4
     $mux_2                          2
     $ne_2                           1
     $not_1                          2
     $or_1                           2
     $reduce_and_2                   2
     $reduce_bool_2                  1
     $reduce_or_2                    1
     $sdffe_1                        2
     $sdffe_2                        1
     $sub_2                          1
     td_fused_top_fifo_w16_d2_S_x3_shiftReg      1

=== td_fused_top_fifo_w16_d2_S_x3_shiftReg ===

   Number of wires:                  8
   Number of wire bits:             68
   Number of public wires:           7
   Number of public wire bits:      67
   Number of memories:               0
   Number of memory bits:            0
   Number of processes:              0
   Number of cells:                  4
     $dffe_16                        2
     $not_1                          1
     $pmux_16                        1

=== td_fused_top_fifo_w5_d2_S_x1 ===

   Number of wires:                 45
   Number of wire bits:            128
   Number of public wires:          17
   Number of public wire bits:      34
   Number of memories:               0
   Number of memory bits:            0
   Number of processes:              0
   Number of cells:                 34
     $add_2                          1
     $and_1                          4
     $and_32                         2
     $eq_32                          2
     $logic_and_1                    2
     $logic_not_2                    1
     $logic_not_32                   2
     $mux_1                          4
     $mux_2                          2
     $ne_2                           1
     $not_1                          2
     $or_1                           2
     $reduce_and_2                   2
     $reduce_bool_2                  1
     $reduce_or_2                    1
     $sdffe_1                        2
     $sdffe_2                        1
     $sub_2                          1
     td_fused_top_fifo_w5_d2_S_x1_shiftReg      1

=== td_fused_top_fifo_w5_d2_S_x1_shiftReg ===

   Number of wires:                  8
   Number of wire bits:             24
   Number of public wires:           7
   Number of public wire bits:      23
   Number of memories:               0
   Number of memory bits:            0
   Number of processes:              0
   Number of cells:                  4
     $dffe_5                         2
     $not_1                          1
     $pmux_5                         1

=== td_fused_top_fifo_w5_d7_S ===

   Number of wires:                 46
   Number of wire bits:            141
   Number of public wires:          17
   Number of public wire bits:      38
   Number of memories:               0
   Number of memory bits:            0
   Number of processes:              0
   Number of cells:                 35
     $add_4                          1
     $and_1                          4
     $and_32                         2
     $eq_32                          2
     $eq_4                           1
     $logic_and_1                    2
     $logic_not_32                   2
     $logic_not_4                    1
     $mux_1                          3
     $mux_3                          1
     $mux_4                          2
     $ne_2                           1
     $not_1                          2
     $or_1                           2
     $reduce_and_2                   2
     $reduce_bool_2                  1
     $reduce_or_2                    1
     $sdffe_1                        2
     $sdffe_4                        1
     $sub_4                          1
     td_fused_top_fifo_w5_d7_S_shiftReg      1

=== td_fused_top_fifo_w5_d7_S_shiftReg ===

   Number of wires:                 18
   Number of wire bits:             56
   Number of public wires:          12
   Number of public wire bits:      50
   Number of memories:               0
   Number of memory bits:            0
   Number of processes:              0
   Number of cells:                 14
     $dffe_5                         7
     $eq_3                           5
     $logic_not_3                    1
     $pmux_5                         1

=== td_fused_top_start_for_tdf6_readFilters47_U0 ===

   Number of wires:                 45
   Number of wire bits:            112
   Number of public wires:          17
   Number of public wire bits:      18
   Number of memories:               0
   Number of memory bits:            0
   Number of processes:              0
   Number of cells:                 34
     $add_2                          1
     $and_1                          4
     $and_32                         2
     $eq_32                          2
     $logic_and_1                    2
     $logic_not_2                    1
     $logic_not_32                   2
     $mux_1                          4
     $mux_2                          2
     $ne_2                           1
     $not_1                          2
     $or_1                           2
     $reduce_and_2                   2
     $reduce_bool_2                  1
     $reduce_or_2                    1
     $sdffe_1                        2
     $sdffe_2                        1
     $sub_2                          1
     td_fused_top_start_for_tdf6_readFilters47_U0_shiftReg      1

=== td_fused_top_start_for_tdf6_readFilters47_U0_shiftReg ===

   Number of wires:                  8
   Number of wire bits:              8
   Number of public wires:           7
   Number of public wire bits:       7
   Number of memories:               0
   Number of memory bits:            0
   Number of processes:              0
   Number of cells:                  4
     $dffe_1                         2
     $not_1                          1
     $pmux_1                         1

=== td_fused_top_tdf6_accum_1 ===

   Number of wires:                243
   Number of wire bits:           1928
   Number of public wires:         139
   Number of public wire bits:    1422
   Number of memories:               0
   Number of memory bits:            0
   Number of processes:              0
   Number of cells:                166
     $add_4                          1
     $add_8                          1
     $and_1                         33
     $dffe_1                         2
     $dffe_16                       16
     $dffe_7                         1
     $dffe_8                         2
     $eq_11                         11
     $eq_3                           5
     $logic_not_3                    1
     $mux_1                         12
     $mux_11                         4
     $mux_16                        28
     $mux_7                         10
     $mux_8                          3
     $not_1                         11
     $or_1                           5
     $or_3                           1
     $or_7                           7
     $paramod$bd98ea72159fe26174e7b3ed5baca9c91958ef6f\td_fused_top_hadd_16ns_16ns_16_8_full_dsp_1      2
     $pmux_11                        1
     $reduce_bool_2                  2
     $reduce_or_2                    2
     $sdff_1                         1
     $sdff_11                        1
     $sdffe_1                        2
     $sdffe_4                        1

=== td_fused_top_tdf6_accum_2 ===

   Number of wires:                 50
   Number of wire bits:            254
   Number of public wires:          30
   Number of public wire bits:     214
   Number of memories:               0
   Number of memory bits:            0
   Number of processes:              0
   Number of cells:                 37
     $add_4                          1
     $and_1                          3
     $dffe_16                        1
     $dffe_4                         1
     $eq_11                         11
     $eq_4                           1
     $mux_1                          5
     $mux_11                         2
     $mux_16                         1
     $not_1                          2
     $or_1                           1
     $paramod$bd98ea72159fe26174e7b3ed5baca9c91958ef6f\td_fused_top_hadd_16ns_16ns_16_8_full_dsp_1      1
     $pmux_11                        1
     $reduce_or_2                    1
     $sdff_1                         1
     $sdff_11                        1
     $sdff_16                        1
     $sdffe_16                       1
     $sdffe_4                        1

=== td_fused_top_tdf6_adjust ===

   Number of wires:                 75
   Number of wire bits:            499
   Number of public wires:          44
   Number of public wire bits:     446
   Number of memories:               0
   Number of memory bits:            0
   Number of processes:              0
   Number of cells:                 49
     $and_1                          2
     $dffe_16                        6
     $eq_23                         23
     $mux_1                          4
     $mux_16                         1
     $mux_23                         1
     $not_1                          3
     $or_1                           2
     $paramod$3c0377098b222d6572752d08e873f7489758dceb\td_fused_top_hmul_16ns_16ns_16_5_max_dsp_1      1
     $paramod$912b74f0497673b69e86cc7c82dae9d480ead345\td_fused_top_hsub_16ns_16ns_16_7_full_dsp_1      1
     $paramod$bd98ea72159fe26174e7b3ed5baca9c91958ef6f\td_fused_top_hadd_16ns_16ns_16_8_full_dsp_1      1
     $pmux_23                        1
     $reduce_or_2                    1
     $sdff_1                         1
     $sdff_23                        1

=== td_fused_top_tdf6_dot_product ===

   Number of wires:                103
   Number of wire bits:            768
   Number of public wires:          66
   Number of public wire bits:     711
   Number of memories:               0
   Number of memory bits:            0
   Number of processes:              0
   Number of cells:                 77
     $add_8                          1
     $and_1                         13
     $dff_1                          5
     $dff_8                          5
     $dffe_1                         2
     $dffe_16                        3
     $dffe_8                         3
     $eq_3                           3
     $eq_8                           1
     $mux_1                          9
     $mux_3                          3
     $mux_8                          2
     $not_1                         10
     $or_1                           2
     $paramod$3c0377098b222d6572752d08e873f7489758dceb\td_fused_top_hmul_16ns_16ns_16_5_max_dsp_1      1
     $pmux_3                         1
     $reduce_bool_2                  1
     $reduce_or_2                    2
     $sdff_1                         8
     $sdff_3                         1
     $sdffe_1                        1

=== td_fused_top_tdf6_get_next_ijk ===

   Number of wires:                 74
   Number of wire bits:            266
   Number of public wires:          42
   Number of public wire bits:     204
   Number of memories:               0
   Number of memory bits:            0
   Number of processes:              0
   Number of cells:                 52
     $add_16                         3
     $and_1                          8
     $dffe_16                        2
     $eq_16                          3
     $mux_1                         12
     $mux_16                         4
     $not_1                          9
     $or_1                           6
     $reduce_bool_2                  1
     $reduce_or_2                    1
     $sdff_1                         1
     $sdffce_16                      1
     $sdffe_1                        1

=== td_fused_top_tdf6_readFilters47 ===

   Number of wires:                 70
   Number of wire bits:            341
   Number of public wires:          44
   Number of public wire bits:     297
   Number of memories:               0
   Number of memory bits:            0
   Number of processes:              0
   Number of cells:                 48
     $add_12                         1
     $add_8                          1
     $and_1                          8
     $dffe_1                         1
     $dffe_5                         1
     $dffe_8                         2
     $eq_3                           3
     $eq_8                           1
     $mux_1                         10
     $mux_3                          2
     $mux_8                          3
     $not_1                          5
     $or_1                           2
     $pmux_3                         1
     $reduce_bool_2                  1
     $reduce_or_2                    2
     $sdff_1                         2
     $sdff_3                         1
     $sdffe_1                        1

=== td_fused_top_tdf6_readInputs ===

   Number of wires:                160
   Number of wire bits:           1137
   Number of public wires:         102
   Number of public wire bits:     969
   Number of memories:               0
   Number of memory bits:            0
   Number of processes:              0
   Number of cells:                102
     $add_12                         1
     $add_8                          1
     $and_1                         15
     $dffe_1                         3
     $dffe_12                        1
     $dffe_16                        1
     $dffe_5                         1
     $dffe_7                         1
     $dffe_8                         2
     $eq_5                           5
     $eq_8                           1
     $gt_16                          2
     $mux_1                         13
     $mux_16                         6
     $mux_5                          5
     $mux_7                          6
     $mux_8                          3
     $not_1                         10
     $or_1                           8
     $or_7                           3
     $pmux_5                         1
     $reduce_bool_2                  2
     $reduce_or_2                    2
     $sdff_1                         1
     $sdff_5                         1
     $sdffce_16                      4
     $sdffe_1                        2
     $sub_11                         1

=== td_fused_top_tdf6_writeOutputs_unaligned ===

   Number of wires:                 82
   Number of wire bits:            541
   Number of public wires:          52
   Number of public wire bits:     510
   Number of memories:               0
   Number of memory bits:            0
   Number of processes:              0
   Number of cells:                 55
     $add_10                         1
     $add_13                         1
     $add_16                         2
     $and_1                         13
     $dffe_1                         1
     $dffe_10                        1
     $dffe_16                        4
     $eq_16                          2
     $eq_2                           5
     $logic_not_2                    1
     $mux_1                          7
     $mux_2                          1
     $not_1                          5
     $or_1                           3
     $pmux_2                         1
     $reduce_or_2                    1
     $sdff_1                         1
     $sdff_2                         1
     $sdffce_16                      2
     $sdffe_16                       1
     $sub_10                         1

=== design hierarchy ===

   td_fused_top_dataflow_in_loop_TOP_LOOP48545      1
     $paramod$444f4f35aae1753c454375fdcc6a89a96e0bb6d9\td_fused_top_dataflow_in_loop_TOP_LOOP48545_accum1_out_0      1
       td_fused_top_dataflow_in_loop_TOP_LOOP48545_accum1_out_0_memcore      2
         td_fused_top_dataflow_in_loop_TOP_LOOP48545_accum1_out_0_memcore_ram      1
     $paramod$68fdee95fd7d91e09535cc4b3d209e7dbf47473a\td_fused_top_dataflow_in_loop_TOP_LOOP48545_ifmap_vec_0_0      1
       td_fused_top_dataflow_in_loop_TOP_LOOP48545_ifmap_vec_0_0_memcore      2
         td_fused_top_dataflow_in_loop_TOP_LOOP48545_ifmap_vec_0_0_memcore_ram      1
     $paramod$68fdee95fd7d91e09535cc4b3d209e7dbf47473a\td_fused_top_dataflow_in_loop_TOP_LOOP48545_products_0      1
       td_fused_top_dataflow_in_loop_TOP_LOOP48545_products_0_memcore      2
         td_fused_top_dataflow_in_loop_TOP_LOOP48545_products_0_memcore_ram      1
     $paramod$68fdee95fd7d91e09535cc4b3d209e7dbf47473a\td_fused_top_dataflow_in_loop_TOP_LOOP48545_weight_vecs_0_0_0      1
       td_fused_top_dataflow_in_loop_TOP_LOOP48545_weight_vecs_0_0_0_memcore      1
         td_fused_top_dataflow_in_loop_TOP_LOOP48545_weight_vecs_0_0_0_memcore_ram      1
     td_fused_top_Block_entry_proc_proc528      1
     td_fused_top_fifo_w10_d7_S      1
       td_fused_top_fifo_w10_d7_S_shiftReg      1
     td_fused_top_fifo_w16_d2_S_x3      5
       td_fused_top_fifo_w16_d2_S_x3_shiftReg      1
     td_fused_top_fifo_w5_d2_S_x1      1
       td_fused_top_fifo_w5_d2_S_x1_shiftReg      1
     td_fused_top_fifo_w5_d7_S       2
       td_fused_top_fifo_w5_d7_S_shiftReg      1
     td_fused_top_start_for_tdf6_readFilters47_U0      1
       td_fused_top_start_for_tdf6_readFilters47_U0_shiftReg      1
     td_fused_top_tdf6_accum_1       1
       $paramod$bd98ea72159fe26174e7b3ed5baca9c91958ef6f\td_fused_top_hadd_16ns_16ns_16_8_full_dsp_1      2
         td_fused_top_ap_hadd_6_full_dsp_16      1
           FPAddSub                  1
             FPAddSub_AlignModule      1
             FPAddSub_AlignShift1      1
             FPAddSub_AlignShift2      1
             FPAddSub_ExceptionModule      1
             FPAddSub_ExecutionModule      1
             FPAddSub_NormalizeModule      1
             FPAddSub_NormalizeShift1      1
             FPAddSub_NormalizeShift2      1
             FPAddSub_PrealignModule      1
             FPAddSub_RoundModule      1
     td_fused_top_tdf6_accum_2       1
       $paramod$bd98ea72159fe26174e7b3ed5baca9c91958ef6f\td_fused_top_hadd_16ns_16ns_16_8_full_dsp_1      1
         td_fused_top_ap_hadd_6_full_dsp_16      1
           FPAddSub                  1
             FPAddSub_AlignModule      1
             FPAddSub_AlignShift1      1
             FPAddSub_AlignShift2      1
             FPAddSub_ExceptionModule      1
             FPAddSub_ExecutionModule      1
             FPAddSub_NormalizeModule      1
             FPAddSub_NormalizeShift1      1
             FPAddSub_NormalizeShift2      1
             FPAddSub_PrealignModule      1
             FPAddSub_RoundModule      1
     td_fused_top_tdf6_adjust        1
       $paramod$3c0377098b222d6572752d08e873f7489758dceb\td_fused_top_hmul_16ns_16ns_16_5_max_dsp_1      1
         td_fused_top_ap_hmul_3_max_dsp_16      1
           FPMult_16                 1
             FPMult_ExecuteModule      1
             FPMult_NormalizeModule      1
             FPMult_PrepModule       1
             FPMult_RoundModule      1
       $paramod$912b74f0497673b69e86cc7c82dae9d480ead345\td_fused_top_hsub_16ns_16ns_16_7_full_dsp_1      1
         td_fused_top_ap_hadd_6_full_dsp_16      1
           FPAddSub                  1
             FPAddSub_AlignModule      1
             FPAddSub_AlignShift1      1
             FPAddSub_AlignShift2      1
             FPAddSub_ExceptionModule      1
             FPAddSub_ExecutionModule      1
             FPAddSub_NormalizeModule      1
             FPAddSub_NormalizeShift1      1
             FPAddSub_NormalizeShift2      1
             FPAddSub_PrealignModule      1
             FPAddSub_RoundModule      1
       $paramod$bd98ea72159fe26174e7b3ed5baca9c91958ef6f\td_fused_top_hadd_16ns_16ns_16_8_full_dsp_1      1
         td_fused_top_ap_hadd_6_full_dsp_16      1
           FPAddSub                  1
             FPAddSub_AlignModule      1
             FPAddSub_AlignShift1      1
             FPAddSub_AlignShift2      1
             FPAddSub_ExceptionModule      1
             FPAddSub_ExecutionModule      1
             FPAddSub_NormalizeModule      1
             FPAddSub_NormalizeShift1      1
             FPAddSub_NormalizeShift2      1
             FPAddSub_PrealignModule      1
             FPAddSub_RoundModule      1
     td_fused_top_tdf6_dot_product      1
       $paramod$3c0377098b222d6572752d08e873f7489758dceb\td_fused_top_hmul_16ns_16ns_16_5_max_dsp_1      1
         td_fused_top_ap_hmul_3_max_dsp_16      1
           FPMult_16                 1
             FPMult_ExecuteModule      1
             FPMult_NormalizeModule      1
             FPMult_PrepModule       1
             FPMult_RoundModule      1
     td_fused_top_tdf6_get_next_ijk      1
     td_fused_top_tdf6_readFilters47      1
     td_fused_top_tdf6_readInputs      1
     td_fused_top_tdf6_writeOutputs_unaligned      1

   Number of wires:               3807
   Number of wire bits:          24850
   Number of public wires:        2457
   Number of public wire bits:   19487
   Number of memories:               7
   Number of memory bits:        12544
   Number of processes:              0
   Number of cells:               2269
     $add_1                          8
     $add_10                         1
     $add_12                         2
     $add_13                         1
     $add_16                         5
     $add_17                         5
     $add_2                         11
     $add_32                        25
     $add_4                          5
     $add_6                         14
     $add_8                          4
     $and_1                        256
     $and_32                        20
     $dff_1                         12
     $dff_16                         7
     $dff_8                          5
     $dffe_1                        11
     $dffe_10                        8
     $dffe_12                        1
     $dffe_16                       88
     $dffe_4                         1
     $dffe_5                        18
     $dffe_7                         2
     $dffe_8                         9
     $eq_11                         22
     $eq_16                          5
     $eq_2                          69
     $eq_23                         23
     $eq_3                          26
     $eq_32                         20
     $eq_4                           4
     $eq_5                           5
     $eq_8                           3
     $gt_16                          2
     $logic_and_1                   58
     $logic_not_1                   44
     $logic_not_2                   32
     $logic_not_3                    4
     $logic_not_32                  20
     $logic_not_4                    3
     $logic_or_1                     4
     $lt_15                          5
     $memrd                         10
     $memwr_v2                      12
     $mul_22                         2
     $mux_1                        219
     $mux_10                        17
     $mux_11                        15
     $mux_16                        94
     $mux_17                        10
     $mux_2                         23
     $mux_21                         2
     $mux_23                         3
     $mux_25                         5
     $mux_3                         20
     $mux_32                         2
     $mux_33                         5
     $mux_36                         5
     $mux_38                        10
     $mux_39                         5
     $mux_4                          6
     $mux_40                         5
     $mux_41                         7
     $mux_48                         7
     $mux_5                         80
     $mux_6                         12
     $mux_7                         36
     $mux_8                         15
     $ne_2                          10
     $not_1                        115
     $not_32                        10
     $or_1                         125
     $or_3                           1
     $or_7                          10
     $pmux_1                       121
     $pmux_10                        1
     $pmux_11                        2
     $pmux_13                        5
     $pmux_16                        5
     $pmux_2                         6
     $pmux_23                        1
     $pmux_3                         2
     $pmux_4                        15
     $pmux_5                         9
     $reduce_and_2                  20
     $reduce_and_5                  19
     $reduce_bool_2                 29
     $reduce_or_10                  14
     $reduce_or_17                   5
     $reduce_or_2                   58
     $reduce_or_3                   15
     $reduce_or_4                    5
     $reduce_or_5                    9
     $sdff_1                        25
     $sdff_11                        2
     $sdff_16                        2
     $sdff_2                         1
     $sdff_23                        1
     $sdff_3                         2
     $sdff_5                         1
     $sdffce_16                      7
     $sdffe_1                       47
     $sdffe_16                       6
     $sdffe_2                       11
     $sdffe_4                        5
     $sub_10                         1
     $sub_11                         1
     $sub_17                         5
     $sub_2                         11
     $sub_32                         4
     $sub_4                          3
     $sub_6                          5
     $xor_1                         22

