
5. Printing statistics.

=== td_fused_top_tdf6_readFilters47 ===

   Number of wires:                 70
   Number of wire bits:            341
   Number of public wires:          44
   Number of public wire bits:     297
   Number of memories:               0
   Number of memory bits:            0
   Number of processes:              0
   Number of cells:                 48
     $add_12                         1
     $add_8                          1
     $and_1                          8
     $dffe_1                         1
     $dffe_5                         1
     $dffe_8                         2
     $eq_3                           3
     $eq_8                           1
     $mux_1                         10
     $mux_3                          2
     $mux_8                          3
     $not_1                          5
     $or_1                           2
     $pmux_3                         1
     $reduce_bool_2                  1
     $reduce_or_2                    2
     $sdff_1                         2
     $sdff_3                         1
     $sdffe_1                        1

