
5. Printing statistics.

=== td_fused_top_tdf4_l2_filters_1 ===

   Number of wires:                  8
   Number of wire bits:             56
   Number of public wires:           8
   Number of public wire bits:      56
   Number of memories:               0
   Number of memory bits:            0
   Number of processes:              0
   Number of cells:                  1
     td_fused_top_tdf4_l2_filters_1_rom      1

=== td_fused_top_tdf4_l2_filters_1_rom ===

   Number of wires:                  9
   Number of wire bits:             87
   Number of public wires:           7
   Number of public wire bits:      55
   Number of memories:               1
   Number of memory bits:        16384
   Number of processes:              0
   Number of cells:                  4
     $dffe_16                        2
     $memrd                          2

=== design hierarchy ===

   td_fused_top_tdf4_l2_filters_1      1
     td_fused_top_tdf4_l2_filters_1_rom      1

   Number of wires:                 17
   Number of wire bits:            143
   Number of public wires:          15
   Number of public wire bits:     111
   Number of memories:               1
   Number of memory bits:        16384
   Number of processes:              0
   Number of cells:                  4
     $dffe_16                        2
     $memrd                          2

