
5. Printing statistics.

=== td_fused_top_td_fused_tdf4_fmaps_memcore ===

   Number of wires:                  9
   Number of wire bits:            161
   Number of public wires:           9
   Number of public wire bits:     161
   Number of memories:               0
   Number of memory bits:            0
   Number of processes:              0
   Number of cells:                  1
     td_fused_top_td_fused_tdf4_fmaps_memcore_ram      1

=== td_fused_top_td_fused_tdf4_fmaps_memcore_ram ===

   Number of wires:                 15
   Number of wire bits:            508
   Number of public wires:           8
   Number of public wire bits:     160
   Number of memories:               1
   Number of memory bits:       802816
   Number of processes:              0
   Number of cells:                  9
     $dffe_64                        1
     $memrd                          1
     $memwr_v2                       1
     $mux_1                          2
     $mux_14                         2
     $mux_64                         2

=== design hierarchy ===

   td_fused_top_td_fused_tdf4_fmaps_memcore      1
     td_fused_top_td_fused_tdf4_fmaps_memcore_ram      1

   Number of wires:                 24
   Number of wire bits:            669
   Number of public wires:          17
   Number of public wire bits:     321
   Number of memories:               1
   Number of memory bits:       802816
   Number of processes:              0
   Number of cells:                  9
     $dffe_64                        1
     $memrd                          1
     $memwr_v2                       1
     $mux_1                          2
     $mux_14                         2
     $mux_64                         2

