
5. Printing statistics.

=== td_fused_top_tdf3_filters ===

   Number of wires:                  9
   Number of wire bits:             55
   Number of public wires:           9
   Number of public wire bits:      55
   Number of memories:               0
   Number of memory bits:            0
   Number of processes:              0
   Number of cells:                  1
     td_fused_top_tdf3_filters_ram      1

=== td_fused_top_tdf3_filters_ram ===

   Number of wires:                 15
   Number of wire bits:            152
   Number of public wires:           8
   Number of public wire bits:      54
   Number of memories:               1
   Number of memory bits:         8192
   Number of processes:              0
   Number of cells:                  9
     $dffe_16                        1
     $memrd                          1
     $memwr_v2                       1
     $mux_1                          2
     $mux_16                         2
     $mux_9                          2

=== design hierarchy ===

   td_fused_top_tdf3_filters         1
     td_fused_top_tdf3_filters_ram      1

   Number of wires:                 24
   Number of wire bits:            207
   Number of public wires:          17
   Number of public wire bits:     109
   Number of memories:               1
   Number of memory bits:         8192
   Number of processes:              0
   Number of cells:                  9
     $dffe_16                        1
     $memrd                          1
     $memwr_v2                       1
     $mux_1                          2
     $mux_16                         2
     $mux_9                          2

