
5. Printing statistics.

=== $paramod$39fc8c2259eea60ebd1699530f5152003b944440\td_fused_top_mux_42_1_1_1 ===

   Number of wires:                 10
   Number of wire bits:             12
   Number of public wires:          10
   Number of public wire bits:      12
   Number of memories:               0
   Number of memory bits:            0
   Number of processes:              0
   Number of cells:                  3
     $mux_1                          3

=== $paramod$3c0377098b222d6572752d08e873f7489758dceb\td_fused_top_hmul_16ns_16ns_16_5_max_dsp_1 ===

   Number of wires:                 19
   Number of wire bits:            169
   Number of public wires:          19
   Number of public wire bits:     169
   Number of memories:               0
   Number of memory bits:            0
   Number of processes:              0
   Number of cells:                  6
     $dff_1                          1
     $dff_16                         1
     $dffe_16                        2
     $mux_16                         1
     td_fused_top_ap_hmul_3_max_dsp_16      1

=== $paramod$912b74f0497673b69e86cc7c82dae9d480ead345\td_fused_top_hsub_16ns_16ns_16_7_full_dsp_1 ===

   Number of wires:                 19
   Number of wire bits:            169
   Number of public wires:          19
   Number of public wire bits:     169
   Number of memories:               0
   Number of memory bits:            0
   Number of processes:              0
   Number of cells:                  6
     $dff_1                          1
     $dff_16                         1
     $dffe_16                        2
     $mux_16                         1
     td_fused_top_ap_hadd_6_full_dsp_16      1

=== $paramod$91996938bf55391da83956fb5d59b8cc0957c6c9\td_fused_top_mux_42_16_1_1 ===

   Number of wires:                 10
   Number of wire bits:            132
   Number of public wires:          10
   Number of public wire bits:     132
   Number of memories:               0
   Number of memory bits:            0
   Number of processes:              0
   Number of cells:                  3
     $mux_16                         3

=== $paramod$bd98ea72159fe26174e7b3ed5baca9c91958ef6f\td_fused_top_hadd_16ns_16ns_16_8_full_dsp_1 ===

   Number of wires:                 19
   Number of wire bits:            169
   Number of public wires:          19
   Number of public wire bits:     169
   Number of memories:               0
   Number of memory bits:            0
   Number of processes:              0
   Number of cells:                  6
     $dff_1                          1
     $dff_16                         1
     $dffe_16                        2
     $mux_16                         1
     td_fused_top_ap_hadd_6_full_dsp_16      1

=== FPAddSub ===

   Number of wires:                 45
   Number of wire bits:            591
   Number of public wires:          45
   Number of public wire bits:     591
   Number of memories:               0
   Number of memory bits:            0
   Number of processes:              0
   Number of cells:                 19
     $mux_25                         1
     $mux_33                         1
     $mux_36                         1
     $mux_38                         2
     $mux_39                         1
     $mux_40                         1
     $mux_41                         1
     $mux_48                         1
     FPAddSub_AlignModule            1
     FPAddSub_AlignShift1            1
     FPAddSub_AlignShift2            1
     FPAddSub_ExceptionModule        1
     FPAddSub_ExecutionModule        1
     FPAddSub_NormalizeModule        1
     FPAddSub_NormalizeShift1        1
     FPAddSub_NormalizeShift2        1
     FPAddSub_PrealignModule         1
     FPAddSub_RoundModule            1

=== FPAddSub_AlignModule ===

   Number of wires:                  8
   Number of wire bits:             71
   Number of public wires:           8
   Number of public wire bits:      71
   Number of memories:               0
   Number of memory bits:            0
   Number of processes:              0
   Number of cells:                  5
     $lt_15                          1
     $mux_10                         2
     $mux_5                          2

=== FPAddSub_AlignShift1 ===

   Number of wires:                 12
   Number of wire bits:             74
   Number of public wires:           6
   Number of public wire bits:      68
   Number of memories:               0
   Number of memory bits:            0
   Number of processes:              0
   Number of cells:                 18
     $eq_2                           3
     $logic_not_2                    1
     $mux_11                         1
     $pmux_1                        11
     $reduce_or_2                    1
     $reduce_or_3                    1

=== FPAddSub_AlignShift2 ===

   Number of wires:                 11
   Number of wire bits:             63
   Number of public wires:           5
   Number of public wire bits:      57
   Number of memories:               0
   Number of memory bits:            0
   Number of processes:              0
   Number of cells:                 17
     $eq_2                           3
     $logic_not_2                    1
     $pmux_1                        11
     $reduce_or_2                    1
     $reduce_or_3                    1

=== FPAddSub_ExceptionModule ===

   Number of wires:                 23
   Number of wire bits:             61
   Number of public wires:          13
   Number of public wire bits:      51
   Number of memories:               0
   Number of memory bits:            0
   Number of processes:              0
   Number of cells:                 15
     $and_1                          4
     $logic_not_1                    1
     $not_1                          2
     $or_1                           5
     $reduce_and_5                   1
     $reduce_or_3                    1
     $reduce_or_5                    1

=== FPAddSub_ExecutionModule ===

   Number of wires:                 12
   Number of wire bits:             79
   Number of public wires:           9
   Number of public wire bits:      44
   Number of memories:               0
   Number of memory bits:            0
   Number of processes:              0
   Number of cells:                  6
     $add_17                         1
     $mux_1                          1
     $mux_17                         1
     $sub_17                         1
     $xor_1                          2

=== FPAddSub_NormalizeModule ===

   Number of wires:                 16
   Number of wire bits:            116
   Number of public wires:           4
   Number of public wire bits:      56
   Number of memories:               0
   Number of memory bits:            0
   Number of processes:              0
   Number of cells:                 14
     $mux_17                         1
     $mux_5                         13

=== FPAddSub_NormalizeShift1 ===

   Number of wires:                 19
   Number of wire bits:            152
   Number of public wires:           7
   Number of public wire bits:     140
   Number of memories:               0
   Number of memory bits:            0
   Number of processes:              0
   Number of cells:                 20
     $eq_2                           6
     $logic_not_2                    2
     $pmux_1                         2
     $pmux_13                        1
     $pmux_2                         1
     $pmux_4                         3
     $pmux_5                         1
     $reduce_or_2                    4

=== FPAddSub_NormalizeShift2 ===

   Number of wires:                 14
   Number of wire bits:             62
   Number of public wires:          13
   Number of public wire bits:      61
   Number of memories:               0
   Number of memory bits:            0
   Number of processes:              0
   Number of cells:                  6
     $add_6                          1
     $logic_not_1                    1
     $mux_6                          1
     $reduce_or_17                   1
     $reduce_or_4                    1
     $sub_6                          1

=== FPAddSub_PrealignModule ===

   Number of wires:                 30
   Number of wire bits:            295
   Number of public wires:          16
   Number of public wire bits:      95
   Number of memories:               0
   Number of memory bits:            0
   Number of processes:              0
   Number of cells:                 19
     $add_32                         4
     $and_1                          4
     $logic_not_1                    2
     $not_32                         2
     $or_1                           3
     $reduce_and_5                   2
     $reduce_or_10                   2

=== FPAddSub_RoundModule ===

   Number of wires:                 35
   Number of wire bits:            124
   Number of public wires:          19
   Number of public wire bits:      72
   Number of memories:               0
   Number of memory bits:            0
   Number of processes:              0
   Number of cells:                 22
     $add_32                         1
     $add_6                          1
     $and_1                          7
     $mux_1                          2
     $mux_10                         1
     $mux_6                          1
     $not_1                          2
     $or_1                           5
     $xor_1                          2

=== FPMult_16 ===

   Number of wires:                 27
   Number of wire bits:            348
   Number of public wires:          27
   Number of public wire bits:     348
   Number of memories:               0
   Number of memory bits:            0
   Number of processes:              0
   Number of cells:                  9
     $mux_21                         1
     $mux_23                         1
     $mux_32                         1
     $mux_41                         1
     $mux_48                         1
     FPMult_ExecuteModule            1
     FPMult_NormalizeModule          1
     FPMult_PrepModule               1
     FPMult_RoundModule              1

=== FPMult_ExecuteModule ===

   Number of wires:                 15
   Number of wire bits:            103
   Number of public wires:          12
   Number of public wire bits:      95
   Number of memories:               0
   Number of memory bits:            0
   Number of processes:              0
   Number of cells:                  7
     $add_6                          2
     $and_1                          1
     $mux_10                         1
     $or_1                           1
     $reduce_or_10                   1
     $xor_1                          1

=== FPMult_NormalizeModule ===

   Number of wires:                  8
   Number of wire bits:            114
   Number of public wires:           6
   Number of public wire bits:      50
   Number of memories:               0
   Number of memory bits:            0
   Number of processes:              0
   Number of cells:                  2
     $sub_32                         2

=== FPMult_PrepModule ===

   Number of wires:                 23
   Number of wire bits:             86
   Number of public wires:          14
   Number of public wire bits:      77
   Number of memories:               0
   Number of memory bits:            0
   Number of processes:              0
   Number of cells:                 15
     $and_1                          4
     $logic_not_1                    2
     $mul_22                         1
     $or_1                           3
     $reduce_and_5                   2
     $reduce_or_10                   1
     $reduce_or_5                    2

=== FPMult_RoundModule ===

   Number of wires:                 12
   Number of wire bits:             90
   Number of public wires:          12
   Number of public wire bits:      90
   Number of memories:               0
   Number of memory bits:            0
   Number of processes:              0
   Number of cells:                  3
     $mux_11                         2
     $mux_6                          1

=== td_fused_top_ap_hadd_6_full_dsp_16 ===

   Number of wires:                 12
   Number of wire bits:            117
   Number of public wires:          12
   Number of public wire bits:     117
   Number of memories:               0
   Number of memory bits:            0
   Number of processes:              0
   Number of cells:                  4
     $dffe_16                        3
     FPAddSub                        1

=== td_fused_top_ap_hmul_3_max_dsp_16 ===

   Number of wires:                 12
   Number of wire bits:            117
   Number of public wires:          12
   Number of public wire bits:     117
   Number of memories:               0
   Number of memory bits:            0
   Number of processes:              0
   Number of cells:                  4
     $dffe_16                        3
     FPMult_16                       1

=== td_fused_top_tdf11_adjust ===

   Number of wires:                218
   Number of wire bits:           1121
   Number of public wires:         177
   Number of public wire bits:    1072
   Number of memories:               0
   Number of memory bits:            0
   Number of processes:              0
   Number of cells:                161
     $add_3                          1
     $and_1                          9
     $dff_1                         20
     $dff_16                        19
     $dff_2                         20
     $dffe_1                         2
     $dffe_16                       11
     $dffe_2                         2
     $dffe_3                         1
     $dffe_7                         1
     $eq_2                           2
     $eq_3                           4
     $logic_not_2                    1
     $mux_1                         12
     $mux_16                         1
     $mux_3                          4
     $not_1                         11
     $or_1                           3
     $paramod$3c0377098b222d6572752d08e873f7489758dceb\td_fused_top_hmul_16ns_16ns_16_5_max_dsp_1      1
     $paramod$912b74f0497673b69e86cc7c82dae9d480ead345\td_fused_top_hsub_16ns_16ns_16_7_full_dsp_1      1
     $paramod$91996938bf55391da83956fb5d59b8cc0957c6c9\td_fused_top_mux_42_16_1_1      1
     $paramod$bd98ea72159fe26174e7b3ed5baca9c91958ef6f\td_fused_top_hadd_16ns_16ns_16_8_full_dsp_1      1
     $pmux_3                         1
     $reduce_and_2                   1
     $reduce_and_3                   1
     $reduce_and_4                   2
     $reduce_bool_2                  1
     $reduce_or_2                    2
     $sdff_1                        23
     $sdff_3                         1
     $sdffe_1                        1

=== design hierarchy ===

   td_fused_top_tdf11_adjust         1
     $paramod$3c0377098b222d6572752d08e873f7489758dceb\td_fused_top_hmul_16ns_16ns_16_5_max_dsp_1      1
       td_fused_top_ap_hmul_3_max_dsp_16      1
         FPMult_16                   1
           FPMult_ExecuteModule      1
           FPMult_NormalizeModule      1
           FPMult_PrepModule         1
           FPMult_RoundModule        1
     $paramod$912b74f0497673b69e86cc7c82dae9d480ead345\td_fused_top_hsub_16ns_16ns_16_7_full_dsp_1      1
       td_fused_top_ap_hadd_6_full_dsp_16      1
         FPAddSub                    1
           FPAddSub_AlignModule      1
           FPAddSub_AlignShift1      1
           FPAddSub_AlignShift2      1
           FPAddSub_ExceptionModule      1
           FPAddSub_ExecutionModule      1
           FPAddSub_NormalizeModule      1
           FPAddSub_NormalizeShift1      1
           FPAddSub_NormalizeShift2      1
           FPAddSub_PrealignModule      1
           FPAddSub_RoundModule      1
     $paramod$91996938bf55391da83956fb5d59b8cc0957c6c9\td_fused_top_mux_42_16_1_1      1
     $paramod$bd98ea72159fe26174e7b3ed5baca9c91958ef6f\td_fused_top_hadd_16ns_16ns_16_8_full_dsp_1      1
       td_fused_top_ap_hadd_6_full_dsp_16      1
         FPAddSub                    1
           FPAddSub_AlignModule      1
           FPAddSub_AlignShift1      1
           FPAddSub_AlignShift2      1
           FPAddSub_ExceptionModule      1
           FPAddSub_ExecutionModule      1
           FPAddSub_NormalizeModule      1
           FPAddSub_NormalizeShift1      1
           FPAddSub_NormalizeShift2      1
           FPAddSub_PrealignModule      1
           FPAddSub_RoundModule      1

   Number of wires:                856
   Number of wire bits:           6228
   Number of public wires:         641
   Number of public wire bits:    5334
   Number of memories:               0
   Number of memory bits:            0
   Number of processes:              0
   Number of cells:                518
     $add_17                         2
     $add_3                          1
     $add_32                        10
     $add_6                          6
     $and_1                         44
     $dff_1                         23
     $dff_16                        22
     $dff_2                         20
     $dffe_1                         2
     $dffe_16                       26
     $dffe_2                         2
     $dffe_3                         1
     $dffe_7                         1
     $eq_2                          26
     $eq_3                           4
     $logic_not_1                   10
     $logic_not_2                    9
     $lt_15                          2
     $mul_22                         1
     $mux_1                         18
     $mux_10                         7
     $mux_11                         4
     $mux_16                         7
     $mux_17                         4
     $mux_21                         1
     $mux_23                         1
     $mux_25                         2
     $mux_3                          4
     $mux_32                         1
     $mux_33                         2
     $mux_36                         2
     $mux_38                         4
     $mux_39                         2
     $mux_40                         2
     $mux_41                         3
     $mux_48                         3
     $mux_5                         30
     $mux_6                          5
     $not_1                         19
     $not_32                         4
     $or_1                          33
     $pmux_1                        48
     $pmux_13                        2
     $pmux_2                         2
     $pmux_3                         1
     $pmux_4                         6
     $pmux_5                         2
     $reduce_and_2                   1
     $reduce_and_3                   1
     $reduce_and_4                   2
     $reduce_and_5                   8
     $reduce_bool_2                  1
     $reduce_or_10                   6
     $reduce_or_17                   2
     $reduce_or_2                   14
     $reduce_or_3                    6
     $reduce_or_4                    2
     $reduce_or_5                    4
     $sdff_1                        23
     $sdff_3                         1
     $sdffe_1                        1
     $sub_17                         2
     $sub_32                         2
     $sub_6                          2
     $xor_1                          9

