
5. Printing statistics.

=== td_fused_top_fifo_w4_d10_S_x ===

   Number of wires:                 46
   Number of wire bits:            143
   Number of public wires:          17
   Number of public wire bits:      36
   Number of memories:               0
   Number of memory bits:            0
   Number of processes:              0
   Number of cells:                 35
     $add_5                          1
     $and_1                          4
     $and_32                         2
     $eq_32                          2
     $eq_5                           1
     $logic_and_1                    2
     $logic_not_32                   2
     $logic_not_5                    1
     $mux_1                          3
     $mux_4                          1
     $mux_5                          2
     $ne_2                           1
     $not_1                          2
     $or_1                           2
     $reduce_and_2                   2
     $reduce_bool_2                  1
     $reduce_or_2                    1
     $sdffe_1                        2
     $sdffe_5                        1
     $sub_5                          1
     td_fused_top_fifo_w4_d10_S_x_shiftReg      1

=== td_fused_top_fifo_w4_d10_S_x_shiftReg ===

   Number of wires:                 24
   Number of wire bits:             63
   Number of public wires:          15
   Number of public wire bits:      54
   Number of memories:               0
   Number of memory bits:            0
   Number of processes:              0
   Number of cells:                 20
     $dffe_4                        10
     $eq_4                           8
     $logic_not_4                    1
     $pmux_4                         1

=== design hierarchy ===

   td_fused_top_fifo_w4_d10_S_x      1
     td_fused_top_fifo_w4_d10_S_x_shiftReg      1

   Number of wires:                 70
   Number of wire bits:            206
   Number of public wires:          32
   Number of public wire bits:      90
   Number of memories:               0
   Number of memory bits:            0
   Number of processes:              0
   Number of cells:                 54
     $add_5                          1
     $and_1                          4
     $and_32                         2
     $dffe_4                        10
     $eq_32                          2
     $eq_4                           8
     $eq_5                           1
     $logic_and_1                    2
     $logic_not_32                   2
     $logic_not_4                    1
     $logic_not_5                    1
     $mux_1                          3
     $mux_4                          1
     $mux_5                          2
     $ne_2                           1
     $not_1                          2
     $or_1                           2
     $pmux_4                         1
     $reduce_and_2                   2
     $reduce_bool_2                  1
     $reduce_or_2                    1
     $sdffe_1                        2
     $sdffe_5                        1
     $sub_5                          1

