
5. Printing statistics.

=== td_fused_top_tdf11_get_next_ijk ===

   Number of wires:                 80
   Number of wire bits:            278
   Number of public wires:          45
   Number of public wire bits:     213
   Number of memories:               0
   Number of memory bits:            0
   Number of processes:              0
   Number of cells:                 56
     $add_16                         3
     $and_1                          8
     $dffe_16                        2
     $eq_16                          4
     $mux_1                         13
     $mux_16                         4
     $not_1                         10
     $or_1                           7
     $reduce_bool_2                  1
     $reduce_or_2                    1
     $sdff_1                         1
     $sdffce_16                      1
     $sdffe_1                        1

