
5. Printing statistics.

=== td_fused_top_tdf9_readInputs ===

   Number of wires:                160
   Number of wire bits:           1127
   Number of public wires:         102
   Number of public wire bits:     953
   Number of memories:               0
   Number of memory bits:            0
   Number of processes:              0
   Number of cells:                102
     $add_10                         1
     $add_9                          1
     $and_1                         15
     $dffe_1                         3
     $dffe_10                        1
     $dffe_16                        1
     $dffe_4                         1
     $dffe_8                         1
     $dffe_9                         2
     $eq_5                           5
     $eq_9                           1
     $gt_16                          2
     $mux_1                         13
     $mux_16                         6
     $mux_4                          2
     $mux_5                          3
     $mux_8                          6
     $mux_9                          3
     $not_1                         10
     $or_1                           8
     $or_8                           3
     $pmux_5                         1
     $reduce_bool_2                  2
     $reduce_or_2                    2
     $sdff_1                         1
     $sdff_5                         1
     $sdffce_16                      4
     $sdffe_1                        2
     $sub_9                          1

