
5. Printing statistics.

=== td_fused_top_tdf1_writeOutputs_aligned ===

   Number of wires:                 45
   Number of wire bits:            501
   Number of public wires:          38
   Number of public wire bits:     493
   Number of memories:               0
   Number of memory bits:            0
   Number of processes:              0
   Number of cells:                 16
     $add_16                         2
     $and_1                          2
     $dffe_16                        1
     $eq_2                           2
     $mux_1                          3
     $mux_2                          1
     $not_1                          1
     $or_1                           1
     $pmux_2                         1
     $sdff_2                         1
     $sub_15                         1

