
5. Printing statistics.

=== $paramod$3c0377098b222d6572752d08e873f7489758dceb\td_fused_top_hmul_16ns_16ns_16_5_max_dsp_1 ===

   Number of wires:                 19
   Number of wire bits:            169
   Number of public wires:          19
   Number of public wire bits:     169
   Number of memories:               0
   Number of memory bits:            0
   Number of processes:              0
   Number of cells:                  6
     $dff_1                          1
     $dff_16                         1
     $dffe_16                        2
     $mux_16                         1
     td_fused_top_ap_hmul_3_max_dsp_16      1

=== $paramod$91996938bf55391da83956fb5d59b8cc0957c6c9\td_fused_top_mux_42_16_1_1 ===

   Number of wires:                 10
   Number of wire bits:            132
   Number of public wires:          10
   Number of public wire bits:     132
   Number of memories:               0
   Number of memory bits:            0
   Number of processes:              0
   Number of cells:                  3
     $mux_16                         3

=== FPMult_16 ===

   Number of wires:                 27
   Number of wire bits:            348
   Number of public wires:          27
   Number of public wire bits:     348
   Number of memories:               0
   Number of memory bits:            0
   Number of processes:              0
   Number of cells:                  9
     $mux_21                         1
     $mux_23                         1
     $mux_32                         1
     $mux_41                         1
     $mux_48                         1
     FPMult_ExecuteModule            1
     FPMult_NormalizeModule          1
     FPMult_PrepModule               1
     FPMult_RoundModule              1

=== FPMult_ExecuteModule ===

   Number of wires:                 15
   Number of wire bits:            103
   Number of public wires:          12
   Number of public wire bits:      95
   Number of memories:               0
   Number of memory bits:            0
   Number of processes:              0
   Number of cells:                  7
     $add_6                          2
     $and_1                          1
     $mux_10                         1
     $or_1                           1
     $reduce_or_10                   1
     $xor_1                          1

=== FPMult_NormalizeModule ===

   Number of wires:                  8
   Number of wire bits:            114
   Number of public wires:           6
   Number of public wire bits:      50
   Number of memories:               0
   Number of memory bits:            0
   Number of processes:              0
   Number of cells:                  2
     $sub_32                         2

=== FPMult_PrepModule ===

   Number of wires:                 23
   Number of wire bits:             86
   Number of public wires:          14
   Number of public wire bits:      77
   Number of memories:               0
   Number of memory bits:            0
   Number of processes:              0
   Number of cells:                 15
     $and_1                          4
     $logic_not_1                    2
     $mul_22                         1
     $or_1                           3
     $reduce_and_5                   2
     $reduce_or_10                   1
     $reduce_or_5                    2

=== FPMult_RoundModule ===

   Number of wires:                 12
   Number of wire bits:             90
   Number of public wires:          12
   Number of public wire bits:      90
   Number of memories:               0
   Number of memory bits:            0
   Number of processes:              0
   Number of cells:                  3
     $mux_11                         2
     $mux_6                          1

=== td_fused_top_ap_hmul_3_max_dsp_16 ===

   Number of wires:                 12
   Number of wire bits:            117
   Number of public wires:          12
   Number of public wire bits:     117
   Number of memories:               0
   Number of memory bits:            0
   Number of processes:              0
   Number of cells:                  4
     $dffe_16                        3
     FPMult_16                       1

=== td_fused_top_tdf4_l2_multiply34 ===

   Number of wires:                145
   Number of wire bits:            847
   Number of public wires:         110
   Number of public wire bits:     806
   Number of memories:               0
   Number of memory bits:            0
   Number of processes:              0
   Number of cells:                 88
     $add_7                          1
     $and_1                         13
     $dff_1                          5
     $dff_4                          5
     $dffe_1                         2
     $dffe_16                        9
     $dffe_2                         1
     $dffe_4                         2
     $dffe_5                         1
     $eq_3                           3
     $mux_1                          9
     $mux_3                          3
     $not_1                         11
     $or_1                           3
     $or_3                           1
     $paramod$3c0377098b222d6572752d08e873f7489758dceb\td_fused_top_hmul_16ns_16ns_16_5_max_dsp_1      4
     $paramod$91996938bf55391da83956fb5d59b8cc0957c6c9\td_fused_top_mux_42_16_1_1      1
     $pmux_3                         1
     $reduce_or_2                    2
     $sdff_1                         8
     $sdff_3                         1
     $sdffe_1                        1
     $sdffe_7                        1

=== design hierarchy ===

   td_fused_top_tdf4_l2_multiply34      1
     $paramod$3c0377098b222d6572752d08e873f7489758dceb\td_fused_top_hmul_16ns_16ns_16_5_max_dsp_1      4
       td_fused_top_ap_hmul_3_max_dsp_16      1
         FPMult_16                   1
           FPMult_ExecuteModule      1
           FPMult_NormalizeModule      1
           FPMult_PrepModule         1
           FPMult_RoundModule        1
     $paramod$91996938bf55391da83956fb5d59b8cc0957c6c9\td_fused_top_mux_42_16_1_1      1

   Number of wires:                619
   Number of wire bits:           5087
   Number of public wires:         528
   Number of public wire bits:    4722
   Number of memories:               0
   Number of memory bits:            0
   Number of processes:              0
   Number of cells:                246
     $add_6                          8
     $add_7                          1
     $and_1                         33
     $dff_1                          9
     $dff_16                         4
     $dff_4                          5
     $dffe_1                         2
     $dffe_16                       29
     $dffe_2                         1
     $dffe_4                         2
     $dffe_5                         1
     $eq_3                           3
     $logic_not_1                    8
     $mul_22                         4
     $mux_1                          9
     $mux_10                         4
     $mux_11                         8
     $mux_16                         7
     $mux_21                         4
     $mux_23                         4
     $mux_3                          3
     $mux_32                         4
     $mux_41                         4
     $mux_48                         4
     $mux_6                          4
     $not_1                         11
     $or_1                          19
     $or_3                           1
     $pmux_3                         1
     $reduce_and_5                   8
     $reduce_or_10                   8
     $reduce_or_2                    2
     $reduce_or_5                    8
     $sdff_1                         8
     $sdff_3                         1
     $sdffe_1                        1
     $sdffe_7                        1
     $sub_32                         8
     $xor_1                          4

