
5. Printing statistics.

=== td_fused_top_tdf4_readInputs37 ===

   Number of wires:                266
   Number of wire bits:           1534
   Number of public wires:         201
   Number of public wire bits:    1435
   Number of memories:               0
   Number of memory bits:            0
   Number of processes:              0
   Number of cells:                185
     $add_12                         3
     $add_14                         1
     $add_17                         2
     $add_18                         4
     $add_2                          2
     $add_3                          2
     $add_5                          2
     $add_6                          5
     $and_1                         19
     $dff_1                          2
     $dff_2                          1
     $dff_6                          1
     $dffe_1                        11
     $dffe_10                        1
     $dffe_12                        4
     $dffe_16                        2
     $dffe_17                        2
     $dffe_18                        1
     $dffe_2                         8
     $dffe_5                         2
     $dffe_6                         4
     $eq_4                           4
     $eq_5                           1
     $eq_6                           1
     $gt_17                          1
     $gt_18                          4
     $mux_1                         20
     $mux_12                         5
     $mux_16                         4
     $mux_2                          8
     $mux_4                          3
     $mux_5                          6
     $mux_6                          8
     $not_1                         15
     $or_1                          13
     $pmux_4                         1
     $reduce_bool_2                  2
     $reduce_or_2                    2
     $sdff_1                         4
     $sdff_4                         1
     $sdffe_1                        1
     $sub_13                         1
     $sub_5                          1

