
5. Printing statistics.

=== td_fused_top_dataflow_in_loop_TOP_LOOP48232_ifmap_vec_0_memcore ===

   Number of wires:                 12
   Number of wire bits:             84
   Number of public wires:          12
   Number of public wire bits:      84
   Number of memories:               0
   Number of memory bits:            0
   Number of processes:              0
   Number of cells:                  1
     td_fused_top_dataflow_in_loop_TOP_LOOP48232_ifmap_vec_0_memcore_ram      1

=== td_fused_top_dataflow_in_loop_TOP_LOOP48232_ifmap_vec_0_memcore_ram ===

   Number of wires:                 25
   Number of wire bits:            271
   Number of public wires:          11
   Number of public wire bits:      83
   Number of memories:               1
   Number of memory bits:         1152
   Number of processes:              0
   Number of cells:                 18
     $dffe_16                        2
     $memrd                          2
     $memwr_v2                       2
     $mux_1                          4
     $mux_16                         4
     $mux_7                          4

=== design hierarchy ===

   td_fused_top_dataflow_in_loop_TOP_LOOP48232_ifmap_vec_0_memcore      1
     td_fused_top_dataflow_in_loop_TOP_LOOP48232_ifmap_vec_0_memcore_ram      1

   Number of wires:                 37
   Number of wire bits:            355
   Number of public wires:          23
   Number of public wire bits:     167
   Number of memories:               1
   Number of memory bits:         1152
   Number of processes:              0
   Number of cells:                 18
     $dffe_16                        2
     $memrd                          2
     $memwr_v2                       2
     $mux_1                          4
     $mux_16                         4
     $mux_7                          4

