
5. Printing statistics.

=== td_fused_top_tdf1_readInputs19 ===

   Number of wires:                269
   Number of wire bits:           2051
   Number of public wires:         209
   Number of public wire bits:    1967
   Number of memories:               0
   Number of memory bits:            0
   Number of processes:              0
   Number of cells:                202
     $add_16                         6
     $add_17                         2
     $add_18                         4
     $add_2                          3
     $add_3                          2
     $add_4                          1
     $add_5                          2
     $add_6                          1
     $add_8                          3
     $and_1                         19
     $and_64                         1
     $dff_1                         12
     $dff_2                          3
     $dffe_1                        10
     $dffe_16                        3
     $dffe_17                        2
     $dffe_2                         9
     $dffe_4                         1
     $dffe_5                         2
     $dffe_6                         1
     $dffe_64                        1
     $dffe_8                         3
     $eq_2                           1
     $eq_3                           3
     $eq_4                           1
     $eq_5                           1
     $gt_17                          1
     $gt_18                          4
     $gt_6                           1
     $mux_1                         21
     $mux_16                         6
     $mux_2                         10
     $mux_3                          3
     $mux_4                          3
     $mux_5                          2
     $mux_64                         1
     $mux_7                          2
     $mux_8                          4
     $not_1                         13
     $or_1                           9
     $or_6                           1
     $pmux_3                         1
     $reduce_bool_2                  3
     $reduce_or_2                    2
     $sdff_1                         5
     $sdff_3                         1
     $sdffe_1                        1
     $shr_64                         2
     $sub_16                         3
     $sub_5                          2
     $sub_7                          3
     $xor_7                          1

