
5. Printing statistics.

=== $paramod$650e5406c7bb925b4b57833ac913dfb331d8f672\td_fused_top_mux_416_16_1_1 ===

   Number of wires:                 24
   Number of wire bits:            384
   Number of public wires:          24
   Number of public wire bits:     384
   Number of memories:               0
   Number of memory bits:            0
   Number of processes:              0
   Number of cells:                  3
     $mux_16                         3

=== td_fused_top_tdf1_readFilters18 ===

   Number of wires:                182
   Number of wire bits:           1036
   Number of public wires:         130
   Number of public wire bits:     960
   Number of memories:               0
   Number of memory bits:            0
   Number of processes:              0
   Number of cells:                117
     $add_2                          3
     $add_4                          1
     $add_5                          2
     $add_6                          2
     $add_62                         1
     $add_7                          1
     $and_1                         17
     $dff_1                          1
     $dffe_1                         3
     $dffe_2                         6
     $dffe_4                         1
     $dffe_5                         4
     $dffe_7                         1
     $eq_2                           1
     $eq_3                           3
     $eq_4                           1
     $eq_5                           1
     $mux_1                         13
     $mux_2                         10
     $mux_3                          3
     $mux_4                          3
     $mux_5                          2
     $not_1                         12
     $or_1                           4
     $paramod$650e5406c7bb925b4b57833ac913dfb331d8f672\td_fused_top_mux_416_16_1_1      4
     $pmux_3                         1
     $reduce_bool_2                  3
     $reduce_or_2                    2
     $sdff_1                         4
     $sdff_3                         1
     $sdffe_1                        1
     $sub_5                          3
     $sub_62                         1
     $sub_7                          1

=== design hierarchy ===

   td_fused_top_tdf1_readFilters18      1
     $paramod$650e5406c7bb925b4b57833ac913dfb331d8f672\td_fused_top_mux_416_16_1_1      4

   Number of wires:                278
   Number of wire bits:           2572
   Number of public wires:         226
   Number of public wire bits:    2496
   Number of memories:               0
   Number of memory bits:            0
   Number of processes:              0
   Number of cells:                125
     $add_2                          3
     $add_4                          1
     $add_5                          2
     $add_6                          2
     $add_62                         1
     $add_7                          1
     $and_1                         17
     $dff_1                          1
     $dffe_1                         3
     $dffe_2                         6
     $dffe_4                         1
     $dffe_5                         4
     $dffe_7                         1
     $eq_2                           1
     $eq_3                           3
     $eq_4                           1
     $eq_5                           1
     $mux_1                         13
     $mux_16                        12
     $mux_2                         10
     $mux_3                          3
     $mux_4                          3
     $mux_5                          2
     $not_1                         12
     $or_1                           4
     $pmux_3                         1
     $reduce_bool_2                  3
     $reduce_or_2                    2
     $sdff_1                         4
     $sdff_3                         1
     $sdffe_1                        1
     $sub_5                          3
     $sub_62                         1
     $sub_7                          1

