
5. Printing statistics.

=== $paramod$23a4d4b6db7a04f3eff05d942f259938f4728500\shiftRegFIFO ===

   Number of wires:                  7
   Number of wire bits:             38
   Number of public wires:           7
   Number of public wire bits:      38
   Number of memories:               0
   Number of memory bits:            0
   Number of processes:              0
   Number of cells:                  3
     $dff                            3

=== $paramod$31d8de82dbc50bd5ebd263630d34a7c67c1a3e79\nextReg ===

   Number of wires:                 17
   Number of wire bits:             95
   Number of public wires:           6
   Number of public wire bits:      10
   Number of memories:               0
   Number of memory bits:            0
   Number of processes:              0
   Number of cells:                 14
     $add                            1
     $eq                             1
     $mux                            6
     $reduce_bool                    2
     $reduce_or                      1
     $sdffe                          3

=== $paramod$3e84d9026374aac31c5a0d06d989e5700a39f4aa\nextReg ===

   Number of wires:                 17
   Number of wire bits:             99
   Number of public wires:           6
   Number of public wire bits:      11
   Number of memories:               0
   Number of memory bits:            0
   Number of processes:              0
   Number of cells:                 14
     $add                            1
     $eq                             1
     $mux                            6
     $reduce_bool                    2
     $reduce_or                      1
     $sdffe                          3

=== $paramod$50e9ab938ad9d299feaa2cd809e7e64c8c4ee36c\memMod_dist ===

   Number of wires:                 10
   Number of wire bits:            180
   Number of public wires:           6
   Number of public wire bits:      78
   Number of memories:               1
   Number of memory bits:         1024
   Number of processes:              0
   Number of cells:                  6
     $dff                            1
     $memrd                          1
     $memwr_v2                       1
     $mux                            3

=== $paramod$52063f6dadc20c61dd5d9b6eda3375b844f1158d\memMod_dist ===

   Number of wires:                 10
   Number of wire bits:            180
   Number of public wires:           6
   Number of public wire bits:      78
   Number of memories:               1
   Number of memory bits:         2048
   Number of processes:              0
   Number of cells:                  6
     $dff                            1
     $memrd                          1
     $memwr_v2                       1
     $mux                            3

=== $paramod$5441b8caaa2478b193a13e57424b096ab8ac0222\shiftRegFIFO ===

   Number of wires:                 19
   Number of wire bits:             50
   Number of public wires:          19
   Number of public wire bits:      50
   Number of memories:               0
   Number of memory bits:            0
   Number of processes:              0
   Number of cells:                 15
     $dff                           15

=== $paramod$6a9735a8c2e21b978b2657b6ea490fc7397d14e1\shiftRegFIFO ===

   Number of wires:                  7
   Number of wire bits:             43
   Number of public wires:           7
   Number of public wire bits:      43
   Number of memories:               0
   Number of memory bits:            0
   Number of processes:              0
   Number of cells:                  3
     $dff                            3

=== $paramod$6f5387325bc77bed5db1816f33e2e27f59527ab5\shiftRegFIFO ===

   Number of wires:                  7
   Number of wire bits:             48
   Number of public wires:           7
   Number of public wire bits:      48
   Number of memories:               0
   Number of memory bits:            0
   Number of processes:              0
   Number of cells:                  3
     $dff                            3

=== $paramod$73dfc715c75dcccbf4e70167f9a63351b68b5e38\shiftRegFIFO ===

   Number of wires:                 11
   Number of wire bits:             42
   Number of public wires:          11
   Number of public wire bits:      42
   Number of memories:               0
   Number of memory bits:            0
   Number of processes:              0
   Number of cells:                  7
     $dff                            7

=== $paramod$74358e4ae85102026299603566a966be8a54c5a4\nextReg ===

   Number of wires:                 17
   Number of wire bits:             99
   Number of public wires:           6
   Number of public wire bits:      11
   Number of memories:               0
   Number of memory bits:            0
   Number of processes:              0
   Number of cells:                 14
     $add                            1
     $eq                             1
     $mux                            6
     $reduce_bool                    2
     $reduce_or                      1
     $sdffe                          3

=== $paramod$75a746e31540f4a4fc6cd46fb8d651b37525e435\memMod_dist ===

   Number of wires:                 10
   Number of wire bits:            180
   Number of public wires:           6
   Number of public wire bits:      78
   Number of memories:               1
   Number of memory bits:          256
   Number of processes:              0
   Number of cells:                  6
     $dff                            1
     $memrd                          1
     $memwr_v2                       1
     $mux                            3

=== $paramod$7ec8016247cbfca4ab451454071fd707e93b3217\memMod_dist ===

   Number of wires:                 10
   Number of wire bits:            180
   Number of public wires:           6
   Number of public wire bits:      78
   Number of memories:               1
   Number of memory bits:         1472
   Number of processes:              0
   Number of cells:                  6
     $dff                            1
     $memrd                          1
     $memwr_v2                       1
     $mux                            3

=== $paramod$8860560ede0ccd15d198f18bf8addc6302018f12\shiftRegFIFO ===

   Number of wires:                  7
   Number of wire bits:             58
   Number of public wires:           7
   Number of public wire bits:      58
   Number of memories:               0
   Number of memory bits:            0
   Number of processes:              0
   Number of cells:                  3
     $dff                            3

=== $paramod$8df2a32dbcf49b57f0739d12b9f3fc8a8a368766\nextReg ===

   Number of wires:                 17
   Number of wire bits:             95
   Number of public wires:           6
   Number of public wire bits:      10
   Number of memories:               0
   Number of memory bits:            0
   Number of processes:              0
   Number of cells:                 14
     $add                            1
     $eq                             1
     $mux                            6
     $reduce_bool                    2
     $reduce_or                      1
     $sdffe                          3

=== $paramod$9c17a244b4e19eff091c170d388f53f8a098e37f\shiftRegFIFO ===

   Number of wires:                 35
   Number of wire bits:             66
   Number of public wires:          35
   Number of public wire bits:      66
   Number of memories:               0
   Number of memory bits:            0
   Number of processes:              0
   Number of cells:                 31
     $dff                           31

=== $paramod$9e15bf112b7c2381093a5c983524f95abf9c48c6\shiftRegFIFO ===

   Number of wires:                  5
   Number of wire bits:             36
   Number of public wires:           5
   Number of public wire bits:      36
   Number of memories:               0
   Number of memory bits:            0
   Number of processes:              0
   Number of cells:                  1
     $dff                            1

=== $paramod$a30a566b3ac8be4546f80f13bd6f05a1b02855d2\shiftRegFIFO ===

   Number of wires:                  8
   Number of wire bits:             39
   Number of public wires:           8
   Number of public wire bits:      39
   Number of memories:               0
   Number of memory bits:            0
   Number of processes:              0
   Number of cells:                  4
     $dff                            4

=== $paramod$aa2405d2663f9ba2014b5d4842ca8c7ecc131285\shiftRegFIFO ===

   Number of wires:                  6
   Number of wire bits:             37
   Number of public wires:           6
   Number of public wire bits:      37
   Number of memories:               0
   Number of memory bits:            0
   Number of processes:              0
   Number of cells:                  2
     $dff                            2

=== $paramod$e3f02c9c74f3d5b454bdbe4c3da16fa5b9f4e4b5\shiftRegFIFO ===

   Number of wires:                  7
   Number of wire bits:             53
   Number of public wires:           7
   Number of public wire bits:      53
   Number of memories:               0
   Number of memory bits:            0
   Number of processes:              0
   Number of cells:                  3
     $dff                            3

=== $paramod$ea9933fbdbc107afa595f392f87e97db6cd4bd7e\shiftRegFIFO ===

   Number of wires:                 12
   Number of wire bits:             43
   Number of public wires:          12
   Number of public wire bits:      43
   Number of memories:               0
   Number of memory bits:            0
   Number of processes:              0
   Number of cells:                  8
     $dff                            8

=== $paramod\addfxp\width=s32'00000000000000000000000000010000 ===

   Number of wires:                  7
   Number of wire bits:             82
   Number of public wires:           5
   Number of public wire bits:      65
   Number of memories:               0
   Number of memory bits:            0
   Number of processes:              0
   Number of cells:                  2
     $add                            1
     $dff                            1

=== $paramod\multfix\WIDTH=s32'00000000000000000000000000010000 ===

   Number of wires:                 10
   Number of wire bits:            194
   Number of public wires:           9
   Number of public wire bits:     162
   Number of memories:               0
   Number of memory bits:            0
   Number of processes:              0
   Number of cells:                  3
     $dff                            2
     $mul                            1

=== $paramod\subfxp\width=s32'00000000000000000000000000010000 ===

   Number of wires:                  6
   Number of wire bits:             81
   Number of public wires:           5
   Number of public wire bits:      65
   Number of memories:               0
   Number of memory bits:            0
   Number of processes:              0
   Number of cells:                  2
     $dff                            1
     $sub                            1

=== D10_31450 ===

   Number of wires:                 14
   Number of wire bits:             76
   Number of public wires:           5
   Number of public wire bits:      52
   Number of memories:               0
   Number of memory bits:            0
   Number of processes:              0
   Number of cells:                 12
     $dff                            3
     $eq                             7
     $logic_not                      1
     $pmux                           1

=== D12_31470 ===

   Number of wires:                 17
   Number of wire bits:             79
   Number of public wires:           5
   Number of public wire bits:      52
   Number of memories:               0
   Number of memory bits:            0
   Number of processes:              0
   Number of cells:                 15
     $dff                            3
     $eq                             7
     $logic_not                      1
     $pmux                           1
     $reduce_or                      3

=== D14_31172 ===

   Number of wires:                 10
   Number of wire bits:             71
   Number of public wires:           5
   Number of public wire bits:      51
   Number of memories:               0
   Number of memory bits:            0
   Number of processes:              0
   Number of cells:                  8
     $dff                            3
     $eq                             3
     $logic_not                      1
     $pmux                           1

=== D16_31184 ===

   Number of wires:                 11
   Number of wire bits:             72
   Number of public wires:           5
   Number of public wire bits:      51
   Number of memories:               0
   Number of memory bits:            0
   Number of processes:              0
   Number of cells:                  9
     $dff                            3
     $eq                             3
     $logic_not                      1
     $pmux                           1
     $reduce_or                      1

=== D18_30906 ===

   Number of wires:                  7
   Number of wire bits:             67
   Number of public wires:           5
   Number of public wire bits:      50
   Number of memories:               0
   Number of memory bits:            0
   Number of processes:              0
   Number of cells:                  5
     $dff                            3
     $not                            1
     $pmux                           1

=== D20_30914 ===

   Number of wires:                  7
   Number of wire bits:             67
   Number of public wires:           5
   Number of public wire bits:      50
   Number of memories:               0
   Number of memory bits:            0
   Number of processes:              0
   Number of cells:                  5
     $dff                            3
     $not                            1
     $pmux                           1

=== D2_32101 ===

   Number of wires:                 38
   Number of wire bits:            102
   Number of public wires:           5
   Number of public wire bits:      54
   Number of memories:               0
   Number of memory bits:            0
   Number of processes:              0
   Number of cells:                 36
     $dff                            3
     $eq                            31
     $logic_not                      1
     $pmux                           1

=== D4_32169 ===

   Number of wires:                 53
   Number of wire bits:            117
   Number of public wires:           5
   Number of public wire bits:      54
   Number of memories:               0
   Number of memory bits:            0
   Number of processes:              0
   Number of cells:                 51
     $dff                            3
     $eq                            31
     $logic_not                      1
     $pmux                           1
     $reduce_or                     15

=== D6_31752 ===

   Number of wires:                 22
   Number of wire bits:             85
   Number of public wires:           5
   Number of public wire bits:      53
   Number of memories:               0
   Number of memory bits:            0
   Number of processes:              0
   Number of cells:                 20
     $dff                            3
     $eq                            15
     $logic_not                      1
     $pmux                           1

=== D8_31788 ===

   Number of wires:                 29
   Number of wire bits:             92
   Number of public wires:           5
   Number of public wire bits:      53
   Number of memories:               0
   Number of memory bits:            0
   Number of processes:              0
   Number of cells:                 27
     $dff                            3
     $eq                            15
     $logic_not                      1
     $pmux                           1
     $reduce_or                      7

=== DirSum_30916 ===

   Number of wires:                 15
   Number of wire bits:            166
   Number of public wires:          13
   Number of public wire bits:     133
   Number of memories:               0
   Number of memory bits:            0
   Number of processes:              0
   Number of cells:                  4
     $add                            1
     $reduce_or                      1
     $sdff                           1
     codeBlock30740                  1

=== DirSum_31186 ===

   Number of wires:                 16
   Number of wire bits:            168
   Number of public wires:          13
   Number of public wire bits:     134
   Number of memories:               0
   Number of memory bits:            0
   Number of processes:              0
   Number of cells:                  5
     $add                            1
     $eq                             1
     $reduce_or                      1
     $sdff                           1
     codeBlock31002                  1

=== DirSum_31472 ===

   Number of wires:                 16
   Number of wire bits:            169
   Number of public wires:          13
   Number of public wire bits:     135
   Number of memories:               0
   Number of memory bits:            0
   Number of processes:              0
   Number of cells:                  5
     $add                            1
     $eq                             1
     $reduce_or                      1
     $sdff                           1
     codeBlock31272                  1

=== DirSum_31790 ===

   Number of wires:                 16
   Number of wire bits:            170
   Number of public wires:          13
   Number of public wire bits:     136
   Number of memories:               0
   Number of memory bits:            0
   Number of processes:              0
   Number of cells:                  5
     $add                            1
     $eq                             1
     $reduce_or                      1
     $sdff                           1
     codeBlock31558                  1

=== DirSum_32171 ===

   Number of wires:                 16
   Number of wire bits:            171
   Number of public wires:          13
   Number of public wire bits:     137
   Number of memories:               0
   Number of memory bits:            0
   Number of processes:              0
   Number of cells:                  5
     $add                            1
     $eq                             1
     $reduce_or                      1
     $sdff                           1
     codeBlock31875                  1

=== codeBlock30657 ===

   Number of wires:                 25
   Number of wire bits:            325
   Number of public wires:          25
   Number of public wire bits:     325
   Number of memories:               0
   Number of memory bits:            0
   Number of processes:              0
   Number of cells:                 10
     $dffe                           5
     $paramod$9e15bf112b7c2381093a5c983524f95abf9c48c6\shiftRegFIFO      1
     $paramod\addfxp\width=s32'00000000000000000000000000010000      2
     $paramod\subfxp\width=s32'00000000000000000000000000010000      2

=== codeBlock30740 ===

   Number of wires:                 57
   Number of wire bits:            807
   Number of public wires:          57
   Number of public wire bits:     807
   Number of memories:               0
   Number of memory bits:            0
   Number of processes:              0
   Number of cells:                 39
     $dffe                          26
     $paramod$73dfc715c75dcccbf4e70167f9a63351b68b5e38\shiftRegFIFO      1
     $paramod\addfxp\width=s32'00000000000000000000000000010000      1
     $paramod\multfix\WIDTH=s32'00000000000000000000000000010000      4
     $paramod\subfxp\width=s32'00000000000000000000000000010000      1
     $sdff                           4
     D18_30906                       1
     D20_30914                       1

=== codeBlock30919 ===

   Number of wires:                 25
   Number of wire bits:            325
   Number of public wires:          25
   Number of public wire bits:     325
   Number of memories:               0
   Number of memory bits:            0
   Number of processes:              0
   Number of cells:                 10
     $dffe                           5
     $paramod$9e15bf112b7c2381093a5c983524f95abf9c48c6\shiftRegFIFO      1
     $paramod\addfxp\width=s32'00000000000000000000000000010000      2
     $paramod\subfxp\width=s32'00000000000000000000000000010000      2

=== codeBlock31002 ===

   Number of wires:                 57
   Number of wire bits:            809
   Number of public wires:          57
   Number of public wire bits:     809
   Number of memories:               0
   Number of memory bits:            0
   Number of processes:              0
   Number of cells:                 39
     $dffe                          26
     $paramod$73dfc715c75dcccbf4e70167f9a63351b68b5e38\shiftRegFIFO      1
     $paramod\addfxp\width=s32'00000000000000000000000000010000      1
     $paramod\multfix\WIDTH=s32'00000000000000000000000000010000      4
     $paramod\subfxp\width=s32'00000000000000000000000000010000      1
     $sdff                           4
     D14_31172                       1
     D16_31184                       1

=== codeBlock31189 ===

   Number of wires:                 25
   Number of wire bits:            325
   Number of public wires:          25
   Number of public wire bits:     325
   Number of memories:               0
   Number of memory bits:            0
   Number of processes:              0
   Number of cells:                 10
     $dffe                           5
     $paramod$9e15bf112b7c2381093a5c983524f95abf9c48c6\shiftRegFIFO      1
     $paramod\addfxp\width=s32'00000000000000000000000000010000      2
     $paramod\subfxp\width=s32'00000000000000000000000000010000      2

=== codeBlock31272 ===

   Number of wires:                 57
   Number of wire bits:            811
   Number of public wires:          57
   Number of public wire bits:     811
   Number of memories:               0
   Number of memory bits:            0
   Number of processes:              0
   Number of cells:                 39
     $dffe                          26
     $paramod$73dfc715c75dcccbf4e70167f9a63351b68b5e38\shiftRegFIFO      1
     $paramod\addfxp\width=s32'00000000000000000000000000010000      1
     $paramod\multfix\WIDTH=s32'00000000000000000000000000010000      4
     $paramod\subfxp\width=s32'00000000000000000000000000010000      1
     $sdff                           4
     D10_31450                       1
     D12_31470                       1

=== codeBlock31475 ===

   Number of wires:                 25
   Number of wire bits:            325
   Number of public wires:          25
   Number of public wire bits:     325
   Number of memories:               0
   Number of memory bits:            0
   Number of processes:              0
   Number of cells:                 10
     $dffe                           5
     $paramod$9e15bf112b7c2381093a5c983524f95abf9c48c6\shiftRegFIFO      1
     $paramod\addfxp\width=s32'00000000000000000000000000010000      2
     $paramod\subfxp\width=s32'00000000000000000000000000010000      2

=== codeBlock31558 ===

   Number of wires:                 57
   Number of wire bits:            813
   Number of public wires:          57
   Number of public wire bits:     813
   Number of memories:               0
   Number of memory bits:            0
   Number of processes:              0
   Number of cells:                 39
     $dffe                          26
     $paramod$73dfc715c75dcccbf4e70167f9a63351b68b5e38\shiftRegFIFO      1
     $paramod\addfxp\width=s32'00000000000000000000000000010000      1
     $paramod\multfix\WIDTH=s32'00000000000000000000000000010000      4
     $paramod\subfxp\width=s32'00000000000000000000000000010000      1
     $sdff                           4
     D6_31752                        1
     D8_31788                        1

=== codeBlock31793 ===

   Number of wires:                 25
   Number of wire bits:            325
   Number of public wires:          25
   Number of public wire bits:     325
   Number of memories:               0
   Number of memory bits:            0
   Number of processes:              0
   Number of cells:                 10
     $dffe                           5
     $paramod$9e15bf112b7c2381093a5c983524f95abf9c48c6\shiftRegFIFO      1
     $paramod\addfxp\width=s32'00000000000000000000000000010000      2
     $paramod\subfxp\width=s32'00000000000000000000000000010000      2

=== codeBlock31875 ===

   Number of wires:                 57
   Number of wire bits:            815
   Number of public wires:          57
   Number of public wire bits:     815
   Number of memories:               0
   Number of memory bits:            0
   Number of processes:              0
   Number of cells:                 39
     $dffe                          26
     $paramod$73dfc715c75dcccbf4e70167f9a63351b68b5e38\shiftRegFIFO      1
     $paramod\addfxp\width=s32'00000000000000000000000000010000      1
     $paramod\multfix\WIDTH=s32'00000000000000000000000000010000      4
     $paramod\subfxp\width=s32'00000000000000000000000000010000      1
     $sdff                           4
     D2_32101                        1
     D4_32169                        1

=== codeBlock32174 ===

   Number of wires:                 25
   Number of wire bits:            325
   Number of public wires:          25
   Number of public wire bits:     325
   Number of memories:               0
   Number of memory bits:            0
   Number of processes:              0
   Number of cells:                 10
     $dffe                           5
     $paramod$9e15bf112b7c2381093a5c983524f95abf9c48c6\shiftRegFIFO      1
     $paramod\addfxp\width=s32'00000000000000000000000000010000      2
     $paramod\subfxp\width=s32'00000000000000000000000000010000      2

=== dft_top ===

   Number of wires:                107
   Number of wire bits:           1367
   Number of public wires:         107
   Number of public wire bits:    1367
   Number of memories:               0
   Number of memory bits:            0
   Number of processes:              0
   Number of cells:                 18
     DirSum_30916                    1
     DirSum_31186                    1
     DirSum_31472                    1
     DirSum_31790                    1
     DirSum_32171                    1
     codeBlock30657                  1
     codeBlock30919                  1
     codeBlock31189                  1
     codeBlock31475                  1
     codeBlock31793                  1
     codeBlock32174                  1
     rc30655                         1
     rc30737                         1
     rc30999                         1
     rc31269                         1
     rc31555                         1
     rc31873                         1
     rc32254                         1

=== perm30653 ===

   Number of wires:                144
   Number of wire bits:            642
   Number of public wires:          38
   Number of public wire bits:     322
   Number of memories:               0
   Number of memory bits:            0
   Number of processes:              0
   Number of cells:                135
     $add                            3
     $dffe                           5
     $eq                            65
     $logic_not                      2
     $mux                           15
     $ne                             3
     $not                            6
     $paramod$23a4d4b6db7a04f3eff05d942f259938f4728500\shiftRegFIFO      2
     $paramod$3e84d9026374aac31c5a0d06d989e5700a39f4aa\nextReg      1
     $paramod$74358e4ae85102026299603566a966be8a54c5a4\nextReg      1
     $paramod$7ec8016247cbfca4ab451454071fd707e93b3217\memMod_dist      4
     $paramod$8860560ede0ccd15d198f18bf8addc6302018f12\shiftRegFIFO      1
     $paramod$9c17a244b4e19eff091c170d388f53f8a098e37f\shiftRegFIFO      1
     $paramod$9e15bf112b7c2381093a5c983524f95abf9c48c6\shiftRegFIFO      2
     $paramod$a30a566b3ac8be4546f80f13bd6f05a1b02855d2\shiftRegFIFO      2
     $pmux                          10
     $reduce_bool                    2
     $sdff                           3
     $sdffce                         3
     $sdffe                          3
     swNet30653                      1

=== perm30735 ===

   Number of wires:                 81
   Number of wire bits:            515
   Number of public wires:          38
   Number of public wire bits:     286
   Number of memories:               0
   Number of memory bits:            0
   Number of processes:              0
   Number of cells:                 72
     $add                            3
     $dffe                           5
     $eq                             2
     $logic_not                      2
     $mux                           15
     $ne                             3
     $not                            6
     $paramod$23a4d4b6db7a04f3eff05d942f259938f4728500\shiftRegFIFO      3
     $paramod$75a746e31540f4a4fc6cd46fb8d651b37525e435\memMod_dist      4
     $paramod$9e15bf112b7c2381093a5c983524f95abf9c48c6\shiftRegFIFO      4
     $paramod$a30a566b3ac8be4546f80f13bd6f05a1b02855d2\shiftRegFIFO      2
     $paramod$aa2405d2663f9ba2014b5d4842ca8c7ecc131285\shiftRegFIFO      1
     $pmux                          10
     $reduce_bool                    2
     $sdff                           3
     $sdffce                         3
     $sdffe                          3
     swNet30735                      1

=== perm30997 ===

   Number of wires:                 88
   Number of wire bits:            538
   Number of public wires:          38
   Number of public wire bits:     295
   Number of memories:               0
   Number of memory bits:            0
   Number of processes:              0
   Number of cells:                 79
     $add                            3
     $dffe                           5
     $eq                             9
     $logic_not                      2
     $mux                           15
     $ne                             3
     $not                            6
     $paramod$23a4d4b6db7a04f3eff05d942f259938f4728500\shiftRegFIFO      4
     $paramod$6a9735a8c2e21b978b2657b6ea490fc7397d14e1\shiftRegFIFO      1
     $paramod$75a746e31540f4a4fc6cd46fb8d651b37525e435\memMod_dist      4
     $paramod$9e15bf112b7c2381093a5c983524f95abf9c48c6\shiftRegFIFO      2
     $paramod$a30a566b3ac8be4546f80f13bd6f05a1b02855d2\shiftRegFIFO      3
     $pmux                          10
     $reduce_bool                    2
     $sdff                           3
     $sdffce                         3
     $sdffe                          3
     swNet30997                      1

=== perm31267 ===

   Number of wires:                 96
   Number of wire bits:            562
   Number of public wires:          38
   Number of public wire bits:     304
   Number of memories:               0
   Number of memory bits:            0
   Number of processes:              0
   Number of cells:                 87
     $add                            3
     $dffe                           5
     $eq                            17
     $logic_not                      2
     $mux                           15
     $ne                             3
     $not                            6
     $paramod$23a4d4b6db7a04f3eff05d942f259938f4728500\shiftRegFIFO      2
     $paramod$6f5387325bc77bed5db1816f33e2e27f59527ab5\shiftRegFIFO      1
     $paramod$73dfc715c75dcccbf4e70167f9a63351b68b5e38\shiftRegFIFO      2
     $paramod$75a746e31540f4a4fc6cd46fb8d651b37525e435\memMod_dist      4
     $paramod$9e15bf112b7c2381093a5c983524f95abf9c48c6\shiftRegFIFO      2
     $paramod$a30a566b3ac8be4546f80f13bd6f05a1b02855d2\shiftRegFIFO      2
     $paramod$ea9933fbdbc107afa595f392f87e97db6cd4bd7e\shiftRegFIFO      1
     $pmux                          10
     $reduce_bool                    2
     $sdff                           3
     $sdffce                         3
     $sdffe                          3
     swNet31267                      1

=== perm31553 ===

   Number of wires:                112
   Number of wire bits:            594
   Number of public wires:          38
   Number of public wire bits:     313
   Number of memories:               0
   Number of memory bits:            0
   Number of processes:              0
   Number of cells:                103
     $add                            3
     $dffe                           5
     $eq                            33
     $logic_not                      2
     $mux                           15
     $ne                             3
     $not                            6
     $paramod$23a4d4b6db7a04f3eff05d942f259938f4728500\shiftRegFIFO      2
     $paramod$31d8de82dbc50bd5ebd263630d34a7c67c1a3e79\nextReg      1
     $paramod$50e9ab938ad9d299feaa2cd809e7e64c8c4ee36c\memMod_dist      4
     $paramod$5441b8caaa2478b193a13e57424b096ab8ac0222\shiftRegFIFO      1
     $paramod$8df2a32dbcf49b57f0739d12b9f3fc8a8a368766\nextReg      1
     $paramod$9e15bf112b7c2381093a5c983524f95abf9c48c6\shiftRegFIFO      2
     $paramod$a30a566b3ac8be4546f80f13bd6f05a1b02855d2\shiftRegFIFO      2
     $paramod$e3f02c9c74f3d5b454bdbe4c3da16fa5b9f4e4b5\shiftRegFIFO      1
     $pmux                          10
     $reduce_bool                    2
     $sdff                           3
     $sdffce                         3
     $sdffe                          3
     swNet31553                      1

=== perm31871 ===

   Number of wires:                144
   Number of wire bits:            642
   Number of public wires:          38
   Number of public wire bits:     322
   Number of memories:               0
   Number of memory bits:            0
   Number of processes:              0
   Number of cells:                135
     $add                            3
     $dffe                           5
     $eq                            65
     $logic_not                      2
     $mux                           15
     $ne                             3
     $not                            6
     $paramod$23a4d4b6db7a04f3eff05d942f259938f4728500\shiftRegFIFO      2
     $paramod$3e84d9026374aac31c5a0d06d989e5700a39f4aa\nextReg      1
     $paramod$52063f6dadc20c61dd5d9b6eda3375b844f1158d\memMod_dist      4
     $paramod$74358e4ae85102026299603566a966be8a54c5a4\nextReg      1
     $paramod$8860560ede0ccd15d198f18bf8addc6302018f12\shiftRegFIFO      1
     $paramod$9c17a244b4e19eff091c170d388f53f8a098e37f\shiftRegFIFO      1
     $paramod$9e15bf112b7c2381093a5c983524f95abf9c48c6\shiftRegFIFO      2
     $paramod$a30a566b3ac8be4546f80f13bd6f05a1b02855d2\shiftRegFIFO      2
     $pmux                          10
     $reduce_bool                    2
     $sdff                           3
     $sdffce                         3
     $sdffe                          3
     swNet31871                      1

=== perm32252 ===

   Number of wires:                144
   Number of wire bits:            642
   Number of public wires:          38
   Number of public wire bits:     322
   Number of memories:               0
   Number of memory bits:            0
   Number of processes:              0
   Number of cells:                135
     $add                            3
     $dffe                           5
     $eq                            65
     $logic_not                      2
     $mux                           15
     $ne                             3
     $not                            6
     $paramod$23a4d4b6db7a04f3eff05d942f259938f4728500\shiftRegFIFO      2
     $paramod$3e84d9026374aac31c5a0d06d989e5700a39f4aa\nextReg      1
     $paramod$52063f6dadc20c61dd5d9b6eda3375b844f1158d\memMod_dist      4
     $paramod$74358e4ae85102026299603566a966be8a54c5a4\nextReg      1
     $paramod$8860560ede0ccd15d198f18bf8addc6302018f12\shiftRegFIFO      1
     $paramod$9c17a244b4e19eff091c170d388f53f8a098e37f\shiftRegFIFO      1
     $paramod$9e15bf112b7c2381093a5c983524f95abf9c48c6\shiftRegFIFO      2
     $paramod$a30a566b3ac8be4546f80f13bd6f05a1b02855d2\shiftRegFIFO      2
     $pmux                          10
     $reduce_bool                    2
     $sdff                           3
     $sdffce                         3
     $sdffe                          3
     swNet32252                      1

=== rc30655 ===

   Number of wires:                 16
   Number of wire bits:            260
   Number of public wires:          16
   Number of public wire bits:     260
   Number of memories:               0
   Number of memory bits:            0
   Number of processes:              0
   Number of cells:                  1
     perm30653                       1

=== rc30737 ===

   Number of wires:                 16
   Number of wire bits:            260
   Number of public wires:          16
   Number of public wire bits:     260
   Number of memories:               0
   Number of memory bits:            0
   Number of processes:              0
   Number of cells:                  1
     perm30735                       1

=== rc30999 ===

   Number of wires:                 16
   Number of wire bits:            260
   Number of public wires:          16
   Number of public wire bits:     260
   Number of memories:               0
   Number of memory bits:            0
   Number of processes:              0
   Number of cells:                  1
     perm30997                       1

=== rc31269 ===

   Number of wires:                 16
   Number of wire bits:            260
   Number of public wires:          16
   Number of public wire bits:     260
   Number of memories:               0
   Number of memory bits:            0
   Number of processes:              0
   Number of cells:                  1
     perm31267                       1

=== rc31555 ===

   Number of wires:                 16
   Number of wire bits:            260
   Number of public wires:          16
   Number of public wire bits:     260
   Number of memories:               0
   Number of memory bits:            0
   Number of processes:              0
   Number of cells:                  1
     perm31553                       1

=== rc31873 ===

   Number of wires:                 16
   Number of wire bits:            260
   Number of public wires:          16
   Number of public wire bits:     260
   Number of memories:               0
   Number of memory bits:            0
   Number of processes:              0
   Number of cells:                  1
     perm31871                       1

=== rc32254 ===

   Number of wires:                 16
   Number of wire bits:            260
   Number of public wires:          16
   Number of public wire bits:     260
   Number of memories:               0
   Number of memory bits:            0
   Number of processes:              0
   Number of cells:                  1
     perm32252                       1

=== swNet30653 ===

   Number of wires:                 50
   Number of wire bits:            364
   Number of public wires:          13
   Number of public wire bits:     265
   Number of memories:               0
   Number of memory bits:            0
   Number of processes:              0
   Number of cells:                 43
     $dff                            6
     $eq                            31
     $logic_not                      1
     $mux                            2
     $pmux                           1
     $reduce_or                      2

=== swNet30735 ===

   Number of wires:                 17
   Number of wire bits:            327
   Number of public wires:          13
   Number of public wire bits:     261
   Number of memories:               0
   Number of memory bits:            0
   Number of processes:              0
   Number of cells:                 10
     $dff                            6
     $mux                            2
     $not                            1
     $pmux                           1

=== swNet30997 ===

   Number of wires:                 22
   Number of wire bits:            333
   Number of public wires:          13
   Number of public wire bits:     262
   Number of memories:               0
   Number of memory bits:            0
   Number of processes:              0
   Number of cells:                 15
     $dff                            6
     $eq                             3
     $logic_not                      1
     $mux                            2
     $pmux                           1
     $reduce_or                      2

=== swNet31267 ===

   Number of wires:                 26
   Number of wire bits:            338
   Number of public wires:          13
   Number of public wire bits:     263
   Number of memories:               0
   Number of memory bits:            0
   Number of processes:              0
   Number of cells:                 19
     $dff                            6
     $eq                             7
     $logic_not                      1
     $mux                            2
     $pmux                           1
     $reduce_or                      2

=== swNet31553 ===

   Number of wires:                 34
   Number of wire bits:            347
   Number of public wires:          13
   Number of public wire bits:     264
   Number of memories:               0
   Number of memory bits:            0
   Number of processes:              0
   Number of cells:                 27
     $dff                            6
     $eq                            15
     $logic_not                      1
     $mux                            2
     $pmux                           1
     $reduce_or                      2

=== swNet31871 ===

   Number of wires:                 50
   Number of wire bits:            364
   Number of public wires:          13
   Number of public wire bits:     265
   Number of memories:               0
   Number of memory bits:            0
   Number of processes:              0
   Number of cells:                 43
     $dff                            6
     $eq                            31
     $logic_not                      1
     $mux                            2
     $pmux                           1
     $reduce_or                      2

=== swNet32252 ===

   Number of wires:                 50
   Number of wire bits:            364
   Number of public wires:          13
   Number of public wire bits:     265
   Number of memories:               0
   Number of memory bits:            0
   Number of processes:              0
   Number of cells:                 43
     $dff                            6
     $eq                            31
     $logic_not                      1
     $mux                            2
     $pmux                           1
     $reduce_or                      2

=== design hierarchy ===

   dft_top                           1
     DirSum_30916                    1
       codeBlock30740                1
         $paramod$73dfc715c75dcccbf4e70167f9a63351b68b5e38\shiftRegFIFO      1
         $paramod\addfxp\width=s32'00000000000000000000000000010000      1
         $paramod\multfix\WIDTH=s32'00000000000000000000000000010000      4
         $paramod\subfxp\width=s32'00000000000000000000000000010000      1
         D18_30906                   1
         D20_30914                   1
     DirSum_31186                    1
       codeBlock31002                1
         $paramod$73dfc715c75dcccbf4e70167f9a63351b68b5e38\shiftRegFIFO      1
         $paramod\addfxp\width=s32'00000000000000000000000000010000      1
         $paramod\multfix\WIDTH=s32'00000000000000000000000000010000      4
         $paramod\subfxp\width=s32'00000000000000000000000000010000      1
         D14_31172                   1
         D16_31184                   1
     DirSum_31472                    1
       codeBlock31272                1
         $paramod$73dfc715c75dcccbf4e70167f9a63351b68b5e38\shiftRegFIFO      1
         $paramod\addfxp\width=s32'00000000000000000000000000010000      1
         $paramod\multfix\WIDTH=s32'00000000000000000000000000010000      4
         $paramod\subfxp\width=s32'00000000000000000000000000010000      1
         D10_31450                   1
         D12_31470                   1
     DirSum_31790                    1
       codeBlock31558                1
         $paramod$73dfc715c75dcccbf4e70167f9a63351b68b5e38\shiftRegFIFO      1
         $paramod\addfxp\width=s32'00000000000000000000000000010000      1
         $paramod\multfix\WIDTH=s32'00000000000000000000000000010000      4
         $paramod\subfxp\width=s32'00000000000000000000000000010000      1
         D6_31752                    1
         D8_31788                    1
     DirSum_32171                    1
       codeBlock31875                1
         $paramod$73dfc715c75dcccbf4e70167f9a63351b68b5e38\shiftRegFIFO      1
         $paramod\addfxp\width=s32'00000000000000000000000000010000      1
         $paramod\multfix\WIDTH=s32'00000000000000000000000000010000      4
         $paramod\subfxp\width=s32'00000000000000000000000000010000      1
         D2_32101                    1
         D4_32169                    1
     codeBlock30657                  1
       $paramod$9e15bf112b7c2381093a5c983524f95abf9c48c6\shiftRegFIFO      1
       $paramod\addfxp\width=s32'00000000000000000000000000010000      2
       $paramod\subfxp\width=s32'00000000000000000000000000010000      2
     codeBlock30919                  1
       $paramod$9e15bf112b7c2381093a5c983524f95abf9c48c6\shiftRegFIFO      1
       $paramod\addfxp\width=s32'00000000000000000000000000010000      2
       $paramod\subfxp\width=s32'00000000000000000000000000010000      2
     codeBlock31189                  1
       $paramod$9e15bf112b7c2381093a5c983524f95abf9c48c6\shiftRegFIFO      1
       $paramod\addfxp\width=s32'00000000000000000000000000010000      2
       $paramod\subfxp\width=s32'00000000000000000000000000010000      2
     codeBlock31475                  1
       $paramod$9e15bf112b7c2381093a5c983524f95abf9c48c6\shiftRegFIFO      1
       $paramod\addfxp\width=s32'00000000000000000000000000010000      2
       $paramod\subfxp\width=s32'00000000000000000000000000010000      2
     codeBlock31793                  1
       $paramod$9e15bf112b7c2381093a5c983524f95abf9c48c6\shiftRegFIFO      1
       $paramod\addfxp\width=s32'00000000000000000000000000010000      2
       $paramod\subfxp\width=s32'00000000000000000000000000010000      2
     codeBlock32174                  1
       $paramod$9e15bf112b7c2381093a5c983524f95abf9c48c6\shiftRegFIFO      1
       $paramod\addfxp\width=s32'00000000000000000000000000010000      2
       $paramod\subfxp\width=s32'00000000000000000000000000010000      2
     rc30655                         1
       perm30653                     1
         $paramod$23a4d4b6db7a04f3eff05d942f259938f4728500\shiftRegFIFO      2
         $paramod$3e84d9026374aac31c5a0d06d989e5700a39f4aa\nextReg      1
         $paramod$74358e4ae85102026299603566a966be8a54c5a4\nextReg      1
         $paramod$7ec8016247cbfca4ab451454071fd707e93b3217\memMod_dist      4
         $paramod$8860560ede0ccd15d198f18bf8addc6302018f12\shiftRegFIFO      1
         $paramod$9c17a244b4e19eff091c170d388f53f8a098e37f\shiftRegFIFO      1
         $paramod$9e15bf112b7c2381093a5c983524f95abf9c48c6\shiftRegFIFO      2
         $paramod$a30a566b3ac8be4546f80f13bd6f05a1b02855d2\shiftRegFIFO      2
         swNet30653                  1
     rc30737                         1
       perm30735                     1
         $paramod$23a4d4b6db7a04f3eff05d942f259938f4728500\shiftRegFIFO      3
         $paramod$75a746e31540f4a4fc6cd46fb8d651b37525e435\memMod_dist      4
         $paramod$9e15bf112b7c2381093a5c983524f95abf9c48c6\shiftRegFIFO      4
         $paramod$a30a566b3ac8be4546f80f13bd6f05a1b02855d2\shiftRegFIFO      2
         $paramod$aa2405d2663f9ba2014b5d4842ca8c7ecc131285\shiftRegFIFO      1
         swNet30735                  1
     rc30999                         1
       perm30997                     1
         $paramod$23a4d4b6db7a04f3eff05d942f259938f4728500\shiftRegFIFO      4
         $paramod$6a9735a8c2e21b978b2657b6ea490fc7397d14e1\shiftRegFIFO      1
         $paramod$75a746e31540f4a4fc6cd46fb8d651b37525e435\memMod_dist      4
         $paramod$9e15bf112b7c2381093a5c983524f95abf9c48c6\shiftRegFIFO      2
         $paramod$a30a566b3ac8be4546f80f13bd6f05a1b02855d2\shiftRegFIFO      3
         swNet30997                  1
     rc31269                         1
       perm31267                     1
         $paramod$23a4d4b6db7a04f3eff05d942f259938f4728500\shiftRegFIFO      2
         $paramod$6f5387325bc77bed5db1816f33e2e27f59527ab5\shiftRegFIFO      1
         $paramod$73dfc715c75dcccbf4e70167f9a63351b68b5e38\shiftRegFIFO      2
         $paramod$75a746e31540f4a4fc6cd46fb8d651b37525e435\memMod_dist      4
         $paramod$9e15bf112b7c2381093a5c983524f95abf9c48c6\shiftRegFIFO      2
         $paramod$a30a566b3ac8be4546f80f13bd6f05a1b02855d2\shiftRegFIFO      2
         $paramod$ea9933fbdbc107afa595f392f87e97db6cd4bd7e\shiftRegFIFO      1
         swNet31267                  1
     rc31555                         1
       perm31553                     1
         $paramod$23a4d4b6db7a04f3eff05d942f259938f4728500\shiftRegFIFO      2
         $paramod$31d8de82dbc50bd5ebd263630d34a7c67c1a3e79\nextReg      1
         $paramod$50e9ab938ad9d299feaa2cd809e7e64c8c4ee36c\memMod_dist      4
         $paramod$5441b8caaa2478b193a13e57424b096ab8ac0222\shiftRegFIFO      1
         $paramod$8df2a32dbcf49b57f0739d12b9f3fc8a8a368766\nextReg      1
         $paramod$9e15bf112b7c2381093a5c983524f95abf9c48c6\shiftRegFIFO      2
         $paramod$a30a566b3ac8be4546f80f13bd6f05a1b02855d2\shiftRegFIFO      2
         $paramod$e3f02c9c74f3d5b454bdbe4c3da16fa5b9f4e4b5\shiftRegFIFO      1
         swNet31553                  1
     rc31873                         1
       perm31871                     1
         $paramod$23a4d4b6db7a04f3eff05d942f259938f4728500\shiftRegFIFO      2
         $paramod$3e84d9026374aac31c5a0d06d989e5700a39f4aa\nextReg      1
         $paramod$52063f6dadc20c61dd5d9b6eda3375b844f1158d\memMod_dist      4
         $paramod$74358e4ae85102026299603566a966be8a54c5a4\nextReg      1
         $paramod$8860560ede0ccd15d198f18bf8addc6302018f12\shiftRegFIFO      1
         $paramod$9c17a244b4e19eff091c170d388f53f8a098e37f\shiftRegFIFO      1
         $paramod$9e15bf112b7c2381093a5c983524f95abf9c48c6\shiftRegFIFO      2
         $paramod$a30a566b3ac8be4546f80f13bd6f05a1b02855d2\shiftRegFIFO      2
         swNet31871                  1
     rc32254                         1
       perm32252                     1
         $paramod$23a4d4b6db7a04f3eff05d942f259938f4728500\shiftRegFIFO      2
         $paramod$3e84d9026374aac31c5a0d06d989e5700a39f4aa\nextReg      1
         $paramod$52063f6dadc20c61dd5d9b6eda3375b844f1158d\memMod_dist      4
         $paramod$74358e4ae85102026299603566a966be8a54c5a4\nextReg      1
         $paramod$8860560ede0ccd15d198f18bf8addc6302018f12\shiftRegFIFO      1
         $paramod$9c17a244b4e19eff091c170d388f53f8a098e37f\shiftRegFIFO      1
         $paramod$9e15bf112b7c2381093a5c983524f95abf9c48c6\shiftRegFIFO      2
         $paramod$a30a566b3ac8be4546f80f13bd6f05a1b02855d2\shiftRegFIFO      2
         swNet32252                  1

   Number of wires:               3446
   Number of wire bits:          32874
   Number of public wires:        2302
   Number of public wire bits:   25079
   Number of memories:              28
   Number of memory bits:        29440
   Number of processes:              0
   Number of cells:               1954
     $add                           51
     $dff                          492
     $dffe                         195
     $eq                           498
     $logic_not                     28
     $memrd                         28
     $memwr_v2                      28
     $mul                           20
     $mux                          251
     $ne                            21
     $not                           45
     $pmux                          87
     $reduce_bool                   30
     $reduce_or                     51
     $sdff                          46
     $sdffce                        21
     $sdffe                         45
     $sub                           17

