
5. Printing statistics.

=== Hop ===

   Number of wires:                 56
   Number of wire bits:           1244
   Number of public wires:          41
   Number of public wire bits:    1105
   Number of memories:               0
   Number of memory bits:            0
   Number of processes:              0
   Number of cells:                 39
     $add_33                         3
     $eq_1                           3
     $logic_and_1                    3
     $mux_1                          1
     $mux_32                         7
     $ne_1                           3
     $or_1                           2
     $sdffe_1                        2
     $sdffe_3                        1
     $sdffe_32                      11
     mult_signed_32                  3

=== mult_signed_32 ===

   Number of wires:                 13
   Number of wire bits:            451
   Number of public wires:           8
   Number of public wire bits:     258
   Number of memories:               0
   Number of memory bits:            0
   Number of processes:              0
   Number of cells:                 10
     $mul_64                         1
     $mux_1                          2
     $mux_32                         2
     $mux_64                         1
     $ne_1                           1
     $neg_32                         2
     $neg_64                         1

=== design hierarchy ===

   Hop                               1
     mult_signed_32                  3

   Number of wires:                 95
   Number of wire bits:           2597
   Number of public wires:          65
   Number of public wire bits:    1879
   Number of memories:               0
   Number of memory bits:            0
   Number of processes:              0
   Number of cells:                 66
     $add_33                         3
     $eq_1                           3
     $logic_and_1                    3
     $mul_64                         3
     $mux_1                          7
     $mux_32                        13
     $mux_64                         3
     $ne_1                           6
     $neg_32                         6
     $neg_64                         3
     $or_1                           2
     $sdffe_1                        2
     $sdffe_3                        1
     $sdffe_32                      11

