
5. Printing statistics.

=== Move ===

   Number of wires:                 71
   Number of wire bits:           1844
   Number of public wires:          63
   Number of public wire bits:    1805
   Number of memories:               0
   Number of memory bits:            0
   Number of processes:              0
   Number of cells:                 32
     $eq_3                           5
     $logic_not_3                    1
     $logic_not_32                   1
     $mul_64                         2
     $mux_32                         7
     $pmux_32                        3
     $sdffe_1                        1
     $sdffe_3                        1
     $sdffe_32                      10
     $sub_32                         1

