
5. Printing statistics.

=== Roulette ===

   Number of wires:                 44
   Number of wire bits:            854
   Number of public wires:          32
   Number of public wire bits:     780
   Number of memories:               0
   Number of memory bits:            0
   Number of processes:              0
   Number of cells:                 27
     $logic_and_1                    1
     $logic_not_1                    1
     $logic_not_32                   1
     $lt_32                          2
     $mux_1                          5
     $mux_32                         3
     $or_1                           1
     $sdffe_1                        1
     $sdffe_3                        1
     $sdffe_32                      11

