
5. Printing statistics.

=== $paramod$f2486c22f8156b191d4f2958486e3c6079702f1e\single_port_ram ===

   Number of wires:                  9
   Number of wire bits:            182
   Number of public wires:           5
   Number of public wire bits:      76
   Number of memories:               1
   Number of memory bits:          320
   Number of processes:              0
   Number of cells:                  6
     $dffe_32                        1
     $memrd                          1
     $memwr_v2                       1
     $mux_1                          1
     $mux_10                         1
     $mux_32                         1

=== Div_64b ===

   Number of wires:                 10
   Number of wire bits:            386
   Number of public wires:           7
   Number of public wire bits:     289
   Number of memories:               0
   Number of memory bits:            0
   Number of processes:              0
   Number of cells:                  6
     $mux_32                         1
     $mux_64                         1
     $neg_32                         1
     $neg_64                         1
     $xor_1                          1
     Div_64b_unsigned                1

=== Div_64b_unsigned ===

   Number of wires:                277
   Number of wire bits:          15501
   Number of public wires:         149
   Number of public wire bits:   11373
   Number of memories:               0
   Number of memory bits:            0
   Number of processes:              0
   Number of cells:                315
     $dff_12                         1
     $dff_15                         1
     $dff_18                         1
     $dff_21                         1
     $dff_24                         1
     $dff_27                         1
     $dff_3                          1
     $dff_30                         1
     $dff_32                        20
     $dff_33                         1
     $dff_36                         1
     $dff_40                         1
     $dff_44                         1
     $dff_48                         1
     $dff_52                         1
     $dff_56                         1
     $dff_6                          1
     $dff_60                         1
     $dff_62                         1
     $dff_64                         1
     $dff_9                          1
     $dff_95                        19
     $ge_32                          1
     $ge_33                          1
     $ge_34                          1
     $ge_35                          1
     $ge_36                          1
     $ge_37                          1
     $ge_38                          1
     $ge_39                          1
     $ge_40                          1
     $ge_41                          1
     $ge_42                          1
     $ge_43                          1
     $ge_44                          1
     $ge_45                          1
     $ge_46                          1
     $ge_47                          1
     $ge_48                          1
     $ge_49                          1
     $ge_50                          1
     $ge_51                          1
     $ge_52                          1
     $ge_53                          1
     $ge_54                          1
     $ge_55                          1
     $ge_56                          1
     $ge_57                          1
     $ge_58                          1
     $ge_59                          1
     $ge_60                          1
     $ge_61                          1
     $ge_62                          1
     $ge_63                          1
     $ge_64                          1
     $ge_65                          1
     $ge_66                          1
     $ge_67                          1
     $ge_68                          1
     $ge_69                          1
     $ge_70                          1
     $ge_71                          1
     $ge_72                          1
     $ge_73                          1
     $ge_74                          1
     $ge_75                          1
     $ge_76                          1
     $ge_77                          1
     $ge_78                          1
     $ge_79                          1
     $ge_80                          1
     $ge_81                          1
     $ge_82                          1
     $ge_83                          1
     $ge_84                          1
     $ge_85                          1
     $ge_86                          1
     $ge_87                          1
     $ge_88                          1
     $ge_89                          1
     $ge_90                          1
     $ge_91                          1
     $ge_92                          1
     $ge_93                          1
     $ge_94                          1
     $ge_95                          1
     $mux_1                         64
     $mux_95                        64
     $sub_32                         1
     $sub_33                         1
     $sub_34                         1
     $sub_35                         1
     $sub_36                         1
     $sub_37                         1
     $sub_38                         1
     $sub_39                         1
     $sub_40                         1
     $sub_41                         1
     $sub_42                         1
     $sub_43                         1
     $sub_44                         1
     $sub_45                         1
     $sub_46                         1
     $sub_47                         1
     $sub_48                         1
     $sub_49                         1
     $sub_50                         1
     $sub_51                         1
     $sub_52                         1
     $sub_53                         1
     $sub_54                         1
     $sub_55                         1
     $sub_56                         1
     $sub_57                         1
     $sub_58                         1
     $sub_59                         1
     $sub_60                         1
     $sub_61                         1
     $sub_62                         1
     $sub_63                         1
     $sub_64                         1
     $sub_65                         1
     $sub_66                         1
     $sub_67                         1
     $sub_68                         1
     $sub_69                         1
     $sub_70                         1
     $sub_71                         1
     $sub_72                         1
     $sub_73                         1
     $sub_74                         1
     $sub_75                         1
     $sub_76                         1
     $sub_77                         1
     $sub_78                         1
     $sub_79                         1
     $sub_80                         1
     $sub_81                         1
     $sub_82                         1
     $sub_83                         1
     $sub_84                         1
     $sub_85                         1
     $sub_86                         1
     $sub_87                         1
     $sub_88                         1
     $sub_89                         1
     $sub_90                         1
     $sub_91                         1
     $sub_92                         1
     $sub_93                         1
     $sub_94                         1
     $sub_95                         1

=== InternalsBlock ===

   Number of wires:                 51
   Number of wire bits:           1667
   Number of public wires:          51
   Number of public wire bits:    1667
   Number of memories:               0
   Number of memory bits:            0
   Number of processes:              0
   Number of cells:                 24
     $sdffe_32                      22
     $sdffe_64                       2

=== InternalsBlock_Reflector ===

   Number of wires:                 17
   Number of wire bits:            707
   Number of public wires:          17
   Number of public wire bits:     707
   Number of memories:               0
   Number of memory bits:            0
   Number of processes:              0
   Number of cells:                  7
     $sdffe_32                       3
     $sdffe_64                       4

=== Memory_Wrapper ===

   Number of wires:                  5
   Number of wire bits:            107
   Number of public wires:           5
   Number of public wire bits:     107
   Number of memories:               0
   Number of memory bits:            0
   Number of processes:              0
   Number of cells:                  2
     $paramod$f2486c22f8156b191d4f2958486e3c6079702f1e\single_port_ram      2

=== Mult_32b ===

   Number of wires:                 16
   Number of wire bits:            579
   Number of public wires:          12
   Number of public wire bits:     450
   Number of memories:               0
   Number of memory bits:            0
   Number of processes:              0
   Number of cells:                 10
     $mul_64                         1
     $mux_1                          2
     $mux_32                         2
     $mux_64                         1
     $ne_1                           1
     $neg_32                         2
     $neg_64                         1

=== Reflector ===

   Number of wires:                518
   Number of wire bits:          17931
   Number of public wires:         360
   Number of public wire bits:   16361
   Number of memories:               0
   Number of memory bits:            0
   Number of processes:              0
   Number of cells:                227
     $add_3                          1
     $and_1                         68
     $eq_2                           6
     $eq_3                          13
     $le_32                          4
     $logic_and_1                    4
     $logic_not_2                    2
     $mux_1                          6
     $mux_3                          6
     $mux_32                        12
     $mux_64                         1
     $neg_32                         3
     $not_1                         11
     $or_1                          12
     $or_64                         15
     $pmux_1                         1
     $pmux_10                        3
     $pmux_3                         1
     $pmux_32                       11
     $reduce_or_2                    2
     $sdffe_1                        1
     $sdffe_3                        1
     $sdffe_32                       3
     $sub_3                          1
     InternalsBlock_Reflector       37
     sub_64b                         2

=== Scatterer ===

   Number of wires:               1214
   Number of wire bits:          34748
   Number of public wires:        1010
   Number of public wire bits:   34387
   Number of memories:               0
   Number of memory bits:            0
   Number of processes:              0
   Number of cells:                271
     $and_1                         64
     $eq_2                           6
     $eq_32                          9
     $ge_32                          1
     $logic_not_2                    2
     $logic_or_1                     8
     $mux_1                          1
     $mux_32                         8
     $neg_32                         1
     $not_1                         36
     $or_1                          83
     $or_64                          3
     $pmux_32                        2
     $reduce_or_2                    2
     $sdffe_32                       3
     InternalsBlock                 36
     add_32b                         3
     sub_32b                         2
     sub_64b                         1

=== ScattererReflectorWrapper ===

   Number of wires:                154
   Number of wire bits:           5093
   Number of public wires:         150
   Number of public wire bits:    5089
   Number of memories:               0
   Number of memory bits:            0
   Number of processes:              0
   Number of cells:                 34
     $eq_3                           4
     $mux_32                         8
     $mux_64                         1
     $pmux_3                         1
     Div_64b                         1
     Memory_Wrapper                  1
     Mult_32b                       15
     Reflector                       1
     Scatterer                       1
     Sqrt_64b                        1

=== Sqrt_64b ===

   Number of wires:                410
   Number of wire bits:          17246
   Number of public wires:         131
   Number of public wire bits:    8257
   Number of memories:               0
   Number of memory bits:            0
   Number of processes:              0
   Number of cells:                443
     $add_64                        62
     $and_1                         61
     $dff_11                         1
     $dff_14                         1
     $dff_17                         1
     $dff_2                          1
     $dff_21                         1
     $dff_25                         1
     $dff_29                         1
     $dff_5                          1
     $dff_63                         9
     $dff_64                        10
     $dff_8                          1
     $ge_64                         32
     $logic_not_64                  32
     $mux_32                        32
     $mux_64                        63
     $not_1                         31
     $or_1                          32
     $sdff_1                         9
     $sub_64                        61

=== add_32b ===

   Number of wires:                  5
   Number of wire bits:            130
   Number of public wires:           5
   Number of public wire bits:     130
   Number of memories:               0
   Number of memory bits:            0
   Number of processes:              0
   Number of cells:                  1
     $add_33                         1

=== sub_32b ===

   Number of wires:                  5
   Number of wire bits:            130
   Number of public wires:           5
   Number of public wire bits:     130
   Number of memories:               0
   Number of memory bits:            0
   Number of processes:              0
   Number of cells:                  1
     $sub_33                         1

=== sub_64b ===

   Number of wires:                  3
   Number of wire bits:            192
   Number of public wires:           3
   Number of public wire bits:     192
   Number of memories:               0
   Number of memory bits:            0
   Number of processes:              0
   Number of cells:                  1
     $sub_64                         1

=== design hierarchy ===

   ScattererReflectorWrapper         1
     Div_64b                         1
       Div_64b_unsigned              1
     Memory_Wrapper                  1
       $paramod$f2486c22f8156b191d4f2958486e3c6079702f1e\single_port_ram      2
     Mult_32b                       15
     Reflector                       1
       InternalsBlock_Reflector     37
       sub_64b                       2
     Scatterer                       1
       InternalsBlock               36
       add_32b                       3
       sub_32b                       2
       sub_64b                       1
     Sqrt_64b                        1

   Number of wires:               5345
   Number of wire bits:         187458
   Number of public wires:        4501
   Number of public wire bits:  170162
   Number of memories:               2
   Number of memory bits:          640
   Number of processes:              0
   Number of cells:               2487
     $add_3                          1
     $add_33                         3
     $add_64                        62
     $and_1                        193
     $dff_11                         1
     $dff_12                         1
     $dff_14                         1
     $dff_15                         1
     $dff_17                         1
     $dff_18                         1
     $dff_2                          1
     $dff_21                         2
     $dff_24                         1
     $dff_25                         1
     $dff_27                         1
     $dff_29                         1
     $dff_3                          1
     $dff_30                         1
     $dff_32                        20
     $dff_33                         1
     $dff_36                         1
     $dff_40                         1
     $dff_44                         1
     $dff_48                         1
     $dff_5                          1
     $dff_52                         1
     $dff_56                         1
     $dff_6                          1
     $dff_60                         1
     $dff_62                         1
     $dff_63                         9
     $dff_64                        11
     $dff_8                          1
     $dff_9                          1
     $dff_95                        19
     $dffe_32                        2
     $eq_2                          12
     $eq_3                          17
     $eq_32                          9
     $ge_32                          2
     $ge_33                          1
     $ge_34                          1
     $ge_35                          1
     $ge_36                          1
     $ge_37                          1
     $ge_38                          1
     $ge_39                          1
     $ge_40                          1
     $ge_41                          1
     $ge_42                          1
     $ge_43                          1
     $ge_44                          1
     $ge_45                          1
     $ge_46                          1
     $ge_47                          1
     $ge_48                          1
     $ge_49                          1
     $ge_50                          1
     $ge_51                          1
     $ge_52                          1
     $ge_53                          1
     $ge_54                          1
     $ge_55                          1
     $ge_56                          1
     $ge_57                          1
     $ge_58                          1
     $ge_59                          1
     $ge_60                          1
     $ge_61                          1
     $ge_62                          1
     $ge_63                          1
     $ge_64                         33
     $ge_65                          1
     $ge_66                          1
     $ge_67                          1
     $ge_68                          1
     $ge_69                          1
     $ge_70                          1
     $ge_71                          1
     $ge_72                          1
     $ge_73                          1
     $ge_74                          1
     $ge_75                          1
     $ge_76                          1
     $ge_77                          1
     $ge_78                          1
     $ge_79                          1
     $ge_80                          1
     $ge_81                          1
     $ge_82                          1
     $ge_83                          1
     $ge_84                          1
     $ge_85                          1
     $ge_86                          1
     $ge_87                          1
     $ge_88                          1
     $ge_89                          1
     $ge_90                          1
     $ge_91                          1
     $ge_92                          1
     $ge_93                          1
     $ge_94                          1
     $ge_95                          1
     $le_32                          4
     $logic_and_1                    4
     $logic_not_2                    4
     $logic_not_64                  32
     $logic_or_1                     8
     $memrd                          2
     $memwr_v2                       2
     $mul_64                        15
     $mux_1                        103
     $mux_10                         2
     $mux_3                          6
     $mux_32                        93
     $mux_64                        81
     $mux_95                        64
     $ne_1                          15
     $neg_32                        35
     $neg_64                        16
     $not_1                         78
     $or_1                         127
     $or_64                         18
     $pmux_1                         1
     $pmux_10                        3
     $pmux_3                         2
     $pmux_32                       13
     $reduce_or_2                    4
     $sdff_1                         9
     $sdffe_1                        1
     $sdffe_3                        1
     $sdffe_32                     909
     $sdffe_64                     220
     $sub_3                          1
     $sub_32                         1
     $sub_33                         3
     $sub_34                         1
     $sub_35                         1
     $sub_36                         1
     $sub_37                         1
     $sub_38                         1
     $sub_39                         1
     $sub_40                         1
     $sub_41                         1
     $sub_42                         1
     $sub_43                         1
     $sub_44                         1
     $sub_45                         1
     $sub_46                         1
     $sub_47                         1
     $sub_48                         1
     $sub_49                         1
     $sub_50                         1
     $sub_51                         1
     $sub_52                         1
     $sub_53                         1
     $sub_54                         1
     $sub_55                         1
     $sub_56                         1
     $sub_57                         1
     $sub_58                         1
     $sub_59                         1
     $sub_60                         1
     $sub_61                         1
     $sub_62                         1
     $sub_63                         1
     $sub_64                        65
     $sub_65                         1
     $sub_66                         1
     $sub_67                         1
     $sub_68                         1
     $sub_69                         1
     $sub_70                         1
     $sub_71                         1
     $sub_72                         1
     $sub_73                         1
     $sub_74                         1
     $sub_75                         1
     $sub_76                         1
     $sub_77                         1
     $sub_78                         1
     $sub_79                         1
     $sub_80                         1
     $sub_81                         1
     $sub_82                         1
     $sub_83                         1
     $sub_84                         1
     $sub_85                         1
     $sub_86                         1
     $sub_87                         1
     $sub_88                         1
     $sub_89                         1
     $sub_90                         1
     $sub_91                         1
     $sub_92                         1
     $sub_93                         1
     $sub_94                         1
     $sub_95                         1
     $xor_1                          1

