
5. Printing statistics.

=== listhandler ===

   Number of wires:                436
   Number of wire bits:            872
   Number of public wires:          37
   Number of public wire bits:     210
   Number of memories:               0
   Number of memory bits:            0
   Number of processes:              0
   Number of cells:                422
     $add                            4
     $and                          257
     $dffe                           1
     $dlatch                        13
     $eq                            17
     $logic_not                      4
     $mux                           31
     $not                           28
     $or                             7
     $pmux                           3
     $reduce_or                     48
     $sdff                           8
     spram                           1

=== spram ===

   Number of wires:                  7
   Number of wire bits:             67
   Number of public wires:           7
   Number of public wire bits:      67
   Number of memories:               0
   Number of memory bits:            0
   Number of processes:              0
   Number of cells:                  2
     $dffe                           2

=== design hierarchy ===

   listhandler                       1
     spram                           1

   Number of wires:                443
   Number of wire bits:            939
   Number of public wires:          44
   Number of public wire bits:     277
   Number of memories:               0
   Number of memory bits:            0
   Number of processes:              0
   Number of cells:                423
     $add                            4
     $and                          257
     $dffe                           3
     $dlatch                        13
     $eq                            17
     $logic_not                      4
     $mux                           31
     $not                           28
     $or                             7
     $pmux                           3
     $reduce_or                     48
     $sdff                           8

