
5. Printing statistics.

=== resulttransmit ===

   Number of wires:                 96
   Number of wire bits:            477
   Number of public wires:          46
   Number of public wire bits:     386
   Number of memories:               0
   Number of memory bits:            0
   Number of processes:              0
   Number of cells:                 68
     $and                            8
     $dffe                           8
     $dlatch                         4
     $eq                             8
     $logic_not                      1
     $logic_or                      11
     $mux                            3
     $not                           10
     $pmux                           3
     $reduce_and                     2
     $reduce_or                      4
     $sdff                           4
     $sdffe                          2

