
5. Printing statistics.

=== sramcontroller ===

   Number of wires:                 97
   Number of wire bits:            747
   Number of public wires:          27
   Number of public wire bits:     507
   Number of memories:               0
   Number of memory bits:            0
   Number of processes:              0
   Number of cells:                 86
     $add                            1
     $and                           24
     $dffe                           1
     $dlatch                        12
     $eq                             5
     $logic_not                      1
     $mux                           14
     $not                           10
     $pmux                           3
     $reduce_or                     11
     $sdff                           4

