
5. Printing statistics.

=== td_fused_top_dataflow_in_loop_TOP_LOOP38270_ifmap_vec_memcore ===

   Number of wires:                 11
   Number of wire bits:             74
   Number of public wires:          11
   Number of public wire bits:      74
   Number of memories:               0
   Number of memory bits:            0
   Number of processes:              0
   Number of cells:                  1
     td_fused_top_dataflow_in_loop_TOP_LOOP38270_ifmap_vec_memcore_ram      1

=== td_fused_top_dataflow_in_loop_TOP_LOOP38270_ifmap_vec_memcore_ram ===

   Number of wires:                 23
   Number of wire bits:            257
   Number of public wires:          10
   Number of public wire bits:      73
   Number of memories:               1
   Number of memory bits:         9216
   Number of processes:              0
   Number of cells:                 16
     $dffe                           1
     $memrd                          1
     $memwr_v2                       2
     $mux                           12

=== design hierarchy ===

   td_fused_top_dataflow_in_loop_TOP_LOOP38270_ifmap_vec_memcore      1
     td_fused_top_dataflow_in_loop_TOP_LOOP38270_ifmap_vec_memcore_ram      1

   Number of wires:                 34
   Number of wire bits:            331
   Number of public wires:          21
   Number of public wire bits:     147
   Number of memories:               1
   Number of memory bits:         9216
   Number of processes:              0
   Number of cells:                 16
     $dffe                           1
     $memrd                          1
     $memwr_v2                       2
     $mux                           12

