
5. Printing statistics.

=== td_fused_top_tdf7_readFilters52 ===

   Number of wires:                155
   Number of wire bits:            696
   Number of public wires:          97
   Number of public wire bits:     589
   Number of memories:               0
   Number of memory bits:            0
   Number of processes:              0
   Number of cells:                118
     $add                           10
     $and                           18
     $dff                            4
     $dffe                          12
     $eq                             6
     $mux                           32
     $not                           13
     $or                             7
     $pmux                           1
     $reduce_bool                    3
     $reduce_or                      2
     $sdff                           6
     $sdffe                          1
     $sub                            3

