
5. Printing statistics.

=== td_fused_top_td_fused_tdf4_fmaps_memcore ===

   Number of wires:                  9
   Number of wire bits:            161
   Number of public wires:           9
   Number of public wire bits:     161
   Number of memories:               0
   Number of memory bits:            0
   Number of processes:              0
   Number of cells:                  1
     td_fused_top_td_fused_tdf4_fmaps_memcore_ram      1

=== td_fused_top_td_fused_tdf4_fmaps_memcore_ram ===

   Number of wires:                 25
   Number of wire bits:            822
   Number of public wires:          18
   Number of public wire bits:     474
   Number of memories:               1
   Number of memory bits:       802816
   Number of processes:              0
   Number of cells:                 14
     $dffe                           6
     $memrd                          1
     $memwr_v2                       1
     $mux                            6

=== design hierarchy ===

   td_fused_top_td_fused_tdf4_fmaps_memcore      1
     td_fused_top_td_fused_tdf4_fmaps_memcore_ram      1

   Number of wires:                 34
   Number of wire bits:            983
   Number of public wires:          27
   Number of public wire bits:     635
   Number of memories:               1
   Number of memory bits:       802816
   Number of processes:              0
   Number of cells:                 14
     $dffe                           6
     $memrd                          1
     $memwr_v2                       1
     $mux                            6

