
5. Printing statistics.

=== td_fused_top_tdf1_adjustments ===

   Number of wires:                  9
   Number of wire bits:            109
   Number of public wires:           9
   Number of public wire bits:     109
   Number of memories:               0
   Number of memory bits:            0
   Number of processes:              0
   Number of cells:                  1
     td_fused_top_tdf1_adjustments_ram      1

=== td_fused_top_tdf1_adjustments_ram ===

   Number of wires:                 25
   Number of wire bits:            566
   Number of public wires:          18
   Number of public wire bits:     318
   Number of memories:               1
   Number of memory bits:          768
   Number of processes:              0
   Number of cells:                 14
     $dffe                           6
     $memrd                          1
     $memwr_v2                       1
     $mux                            6

=== design hierarchy ===

   td_fused_top_tdf1_adjustments      1
     td_fused_top_tdf1_adjustments_ram      1

   Number of wires:                 34
   Number of wire bits:            675
   Number of public wires:          27
   Number of public wire bits:     427
   Number of memories:               1
   Number of memory bits:          768
   Number of processes:              0
   Number of cells:                 14
     $dffe                           6
     $memrd                          1
     $memwr_v2                       1
     $mux                            6

