
5. Printing statistics.

=== td_fused_top_tdf2_readInputs25 ===

   Number of wires:                281
   Number of wire bits:           1908
   Number of public wires:         203
   Number of public wire bits:    1708
   Number of memories:               0
   Number of memory bits:            0
   Number of processes:              0
   Number of cells:                204
     $add                           22
     $and                           24
     $dffe                          34
     $eq                             7
     $gt                             5
     $mux                           66
     $not                           11
     $or                            17
     $pmux                           1
     $reduce_bool                    3
     $reduce_or                      2
     $sdff                           2
     $sdffce                         5
     $sdffe                          3
     $sub                            2

