
5. Printing statistics.

=== $paramod$20ed575d3a8c8a8136d29b2d7ca09626e45a2e9e\td_fused_top_hcmp_16ns_16ns_1_2_no_dsp_1 ===

   Number of wires:                 27
   Number of wire bits:            139
   Number of public wires:          21
   Number of public wire bits:     133
   Number of memories:               0
   Number of memory bits:            0
   Number of processes:              0
   Number of cells:                 14
     $dff                            2
     $dffe                           3
     $eq                             6
     $mux                            1
     $pmux                           1
     td_fused_top_ap_hcmp_0_no_dsp_16      1

=== $paramod$3c0377098b222d6572752d08e873f7489758dceb\td_fused_top_hadd_16ns_16ns_16_5_full_dsp_1 ===

   Number of wires:                 19
   Number of wire bits:            169
   Number of public wires:          19
   Number of public wire bits:     169
   Number of memories:               0
   Number of memory bits:            0
   Number of processes:              0
   Number of cells:                  6
     $dff                            2
     $dffe                           2
     $mux                            1
     td_fused_top_ap_hadd_3_full_dsp_16      1

=== $paramod$3c0377098b222d6572752d08e873f7489758dceb\td_fused_top_hsub_16ns_16ns_16_5_full_dsp_1 ===

   Number of wires:                 19
   Number of wire bits:            169
   Number of public wires:          19
   Number of public wire bits:     169
   Number of memories:               0
   Number of memory bits:            0
   Number of processes:              0
   Number of cells:                  6
     $dff                            2
     $dffe                           2
     $mux                            1
     td_fused_top_ap_hadd_3_full_dsp_16      1

=== $paramod$444f4f35aae1753c454375fdcc6a89a96e0bb6d9\td_fused_top_dataflow_in_loop_TOP_LOOP37738_accum1_out_0 ===

   Number of wires:                 99
   Number of wire bits:            349
   Number of public wires:          54
   Number of public wire bits:     285
   Number of memories:               0
   Number of memory bits:            0
   Number of processes:              0
   Number of cells:                 77
     $add                            3
     $and                            4
     $eq                             1
     $logic_and                     10
     $logic_not                      6
     $logic_or                       1
     $mux                           35
     $not                            1
     $reduce_bool                    3
     $reduce_or                      1
     $sdff                           2
     $sdffe                          7
     $sub                            1
     td_fused_top_dataflow_in_loop_TOP_LOOP37738_accum1_out_0_memcore      2

=== $paramod$446b85b08a7a06b40d768e83a34c90ce7206f74e\td_fused_top_hmul_16ns_16ns_16_4_max_dsp_1 ===

   Number of wires:                 19
   Number of wire bits:            169
   Number of public wires:          19
   Number of public wire bits:     169
   Number of memories:               0
   Number of memory bits:            0
   Number of processes:              0
   Number of cells:                  6
     $dff                            2
     $dffe                           2
     $mux                            1
     td_fused_top_ap_hmul_2_max_dsp_16      1

=== $paramod$8dea2db416463a8f312819906908d61ee1133101\td_fused_top_dataflow_in_loop_TOP_LOOP37738_ifmap_vec ===

   Number of wires:                 99
   Number of wire bits:            389
   Number of public wires:          54
   Number of public wire bits:     325
   Number of memories:               0
   Number of memory bits:            0
   Number of processes:              0
   Number of cells:                 77
     $add                            3
     $and                            4
     $eq                             1
     $logic_and                     10
     $logic_not                      6
     $logic_or                       1
     $mux                           35
     $not                            1
     $reduce_bool                    3
     $reduce_or                      1
     $sdff                           2
     $sdffe                          7
     $sub                            1
     td_fused_top_dataflow_in_loop_TOP_LOOP37738_ifmap_vec_memcore      2

=== $paramod$8dea2db416463a8f312819906908d61ee1133101\td_fused_top_dataflow_in_loop_TOP_LOOP37738_products_0 ===

   Number of wires:                101
   Number of wire bits:            405
   Number of public wires:          51
   Number of public wire bits:     321
   Number of memories:               0
   Number of memory bits:            0
   Number of processes:              0
   Number of cells:                 82
     $add                            3
     $and                            4
     $eq                             1
     $logic_and                     11
     $logic_not                      8
     $logic_or                       1
     $mux                           34
     $not                            1
     $reduce_bool                    4
     $reduce_or                      1
     $sdff                           2
     $sdffe                          9
     $sub                            1
     td_fused_top_dataflow_in_loop_TOP_LOOP37738_products_0_memcore      2

=== $paramod$8dea2db416463a8f312819906908d61ee1133101\td_fused_top_dataflow_in_loop_TOP_LOOP37738_weight_vecs_0 ===

   Number of wires:                 55
   Number of wire bits:            150
   Number of public wires:          28
   Number of public wire bits:     119
   Number of memories:               0
   Number of memory bits:            0
   Number of processes:              0
   Number of cells:                 36
     $add                            3
     $and                            4
     $eq                             1
     $logic_and                      7
     $logic_not                      4
     $logic_or                       1
     $mux                            6
     $reduce_bool                    2
     $reduce_or                      1
     $sdffe                          5
     $sub                            1
     td_fused_top_dataflow_in_loop_TOP_LOOP37738_weight_vecs_0_memcore      1

=== FPAddSub ===

   Number of wires:                 45
   Number of wire bits:            591
   Number of public wires:          45
   Number of public wire bits:     591
   Number of memories:               0
   Number of memory bits:            0
   Number of processes:              0
   Number of cells:                 19
     $mux                            9
     FPAddSub_AlignModule            1
     FPAddSub_AlignShift1            1
     FPAddSub_AlignShift2            1
     FPAddSub_ExceptionModule        1
     FPAddSub_ExecutionModule        1
     FPAddSub_NormalizeModule        1
     FPAddSub_NormalizeShift1        1
     FPAddSub_NormalizeShift2        1
     FPAddSub_PrealignModule         1
     FPAddSub_RoundModule            1

=== FPAddSub_AlignModule ===

   Number of wires:                  8
   Number of wire bits:             71
   Number of public wires:           8
   Number of public wire bits:      71
   Number of memories:               0
   Number of memory bits:            0
   Number of processes:              0
   Number of cells:                  5
     $lt                             1
     $mux                            4

=== FPAddSub_AlignShift1 ===

   Number of wires:                 12
   Number of wire bits:             74
   Number of public wires:           6
   Number of public wire bits:      68
   Number of memories:               0
   Number of memory bits:            0
   Number of processes:              0
   Number of cells:                 18
     $eq                             3
     $logic_not                      1
     $mux                            1
     $pmux                          11
     $reduce_or                      2

=== FPAddSub_AlignShift2 ===

   Number of wires:                 11
   Number of wire bits:             63
   Number of public wires:           5
   Number of public wire bits:      57
   Number of memories:               0
   Number of memory bits:            0
   Number of processes:              0
   Number of cells:                 17
     $eq                             3
     $logic_not                      1
     $pmux                          11
     $reduce_or                      2

=== FPAddSub_ExceptionModule ===

   Number of wires:                 23
   Number of wire bits:             61
   Number of public wires:          13
   Number of public wire bits:      51
   Number of memories:               0
   Number of memory bits:            0
   Number of processes:              0
   Number of cells:                 15
     $and                            4
     $logic_not                      1
     $not                            2
     $or                             5
     $reduce_and                     1
     $reduce_or                      2

=== FPAddSub_ExecutionModule ===

   Number of wires:                 12
   Number of wire bits:             79
   Number of public wires:           9
   Number of public wire bits:      44
   Number of memories:               0
   Number of memory bits:            0
   Number of processes:              0
   Number of cells:                  6
     $add                            1
     $mux                            2
     $sub                            1
     $xor                            2

=== FPAddSub_NormalizeModule ===

   Number of wires:                 16
   Number of wire bits:            116
   Number of public wires:           4
   Number of public wire bits:      56
   Number of memories:               0
   Number of memory bits:            0
   Number of processes:              0
   Number of cells:                 14
     $mux                           14

=== FPAddSub_NormalizeShift1 ===

   Number of wires:                 19
   Number of wire bits:            152
   Number of public wires:           7
   Number of public wire bits:     140
   Number of memories:               0
   Number of memory bits:            0
   Number of processes:              0
   Number of cells:                 20
     $eq                             6
     $logic_not                      2
     $pmux                           8
     $reduce_or                      4

=== FPAddSub_NormalizeShift2 ===

   Number of wires:                 14
   Number of wire bits:             62
   Number of public wires:          13
   Number of public wire bits:      61
   Number of memories:               0
   Number of memory bits:            0
   Number of processes:              0
   Number of cells:                  6
     $add                            1
     $logic_not                      1
     $mux                            1
     $reduce_or                      2
     $sub                            1

=== FPAddSub_PrealignModule ===

   Number of wires:                 30
   Number of wire bits:            295
   Number of public wires:          16
   Number of public wire bits:      95
   Number of memories:               0
   Number of memory bits:            0
   Number of processes:              0
   Number of cells:                 19
     $add                            4
     $and                            4
     $logic_not                      2
     $not                            2
     $or                             3
     $reduce_and                     2
     $reduce_or                      2

=== FPAddSub_RoundModule ===

   Number of wires:                 35
   Number of wire bits:            124
   Number of public wires:          19
   Number of public wire bits:      72
   Number of memories:               0
   Number of memory bits:            0
   Number of processes:              0
   Number of cells:                 22
     $add                            2
     $and                            7
     $mux                            4
     $not                            2
     $or                             5
     $xor                            2

=== FPMult_16 ===

   Number of wires:                 27
   Number of wire bits:            348
   Number of public wires:          27
   Number of public wire bits:     348
   Number of memories:               0
   Number of memory bits:            0
   Number of processes:              0
   Number of cells:                  9
     $mux                            5
     FPMult_ExecuteModule            1
     FPMult_NormalizeModule          1
     FPMult_PrepModule               1
     FPMult_RoundModule              1

=== FPMult_ExecuteModule ===

   Number of wires:                 15
   Number of wire bits:            103
   Number of public wires:          12
   Number of public wire bits:      95
   Number of memories:               0
   Number of memory bits:            0
   Number of processes:              0
   Number of cells:                  7
     $add                            2
     $and                            1
     $mux                            1
     $or                             1
     $reduce_or                      1
     $xor                            1

=== FPMult_NormalizeModule ===

   Number of wires:                  8
   Number of wire bits:            114
   Number of public wires:           6
   Number of public wire bits:      50
   Number of memories:               0
   Number of memory bits:            0
   Number of processes:              0
   Number of cells:                  2
     $sub                            2

=== FPMult_PrepModule ===

   Number of wires:                 23
   Number of wire bits:             86
   Number of public wires:          14
   Number of public wire bits:      77
   Number of memories:               0
   Number of memory bits:            0
   Number of processes:              0
   Number of cells:                 15
     $and                            4
     $logic_not                      2
     $mul                            1
     $or                             3
     $reduce_and                     2
     $reduce_or                      3

=== FPMult_RoundModule ===

   Number of wires:                 12
   Number of wire bits:             90
   Number of public wires:          12
   Number of public wire bits:      90
   Number of memories:               0
   Number of memory bits:            0
   Number of processes:              0
   Number of cells:                  3
     $mux                            3

=== td_fused_top_Block_entry_proc_proc408 ===

   Number of wires:                 16
   Number of wire bits:             61
   Number of public wires:          14
   Number of public wire bits:      59
   Number of memories:               0
   Number of memory bits:            0
   Number of processes:              0
   Number of cells:                  9
     $mux                            4
     $not                            1
     $or                             1
     $reduce_or                      1
     $sdff                           2

=== td_fused_top_ap_hadd_3_full_dsp_16 ===

   Number of wires:                 12
   Number of wire bits:            117
   Number of public wires:          12
   Number of public wire bits:     117
   Number of memories:               0
   Number of memory bits:            0
   Number of processes:              0
   Number of cells:                  4
     $dffe                           3
     FPAddSub                        1

=== td_fused_top_ap_hcmp_0_no_dsp_16 ===

   Number of wires:                 10
   Number of wire bits:             84
   Number of public wires:          10
   Number of public wire bits:      84
   Number of memories:               0
   Number of memory bits:            0
   Number of processes:              0
   Number of cells:                  2
     $not                            1
     FPAddSub                        1

=== td_fused_top_ap_hmul_2_max_dsp_16 ===

   Number of wires:                 12
   Number of wire bits:            117
   Number of public wires:          12
   Number of public wire bits:     117
   Number of memories:               0
   Number of memory bits:            0
   Number of processes:              0
   Number of cells:                  4
     $dffe                           3
     FPMult_16                       1

=== td_fused_top_dataflow_in_loop_TOP_LOOP37738 ===

   Number of wires:                306
   Number of wire bits:           1779
   Number of public wires:         269
   Number of public wire bits:    1742
   Number of memories:               0
   Number of memory bits:            0
   Number of processes:              0
   Number of cells:                 78
     $and                           30
     $not                           13
     $or                             4
     $paramod$444f4f35aae1753c454375fdcc6a89a96e0bb6d9\td_fused_top_dataflow_in_loop_TOP_LOOP37738_accum1_out_0      1
     $paramod$8dea2db416463a8f312819906908d61ee1133101\td_fused_top_dataflow_in_loop_TOP_LOOP37738_ifmap_vec      1
     $paramod$8dea2db416463a8f312819906908d61ee1133101\td_fused_top_dataflow_in_loop_TOP_LOOP37738_products_0      1
     $paramod$8dea2db416463a8f312819906908d61ee1133101\td_fused_top_dataflow_in_loop_TOP_LOOP37738_weight_vecs_0      1
     $reduce_or                      2
     $sdff                           4
     td_fused_top_Block_entry_proc_proc408      1
     td_fused_top_fifo_w10_d8_S      1
     td_fused_top_fifo_w16_d2_S_x2      5
     td_fused_top_fifo_w1_d8_S_x      2
     td_fused_top_fifo_w5_d8_S       1
     td_fused_top_fifo_w7_d2_S_x      1
     td_fused_top_fifo_w7_d7_S       1
     td_fused_top_start_for_tdf5_readFilters40_U0      1
     td_fused_top_tdf5_accum_1       1
     td_fused_top_tdf5_accum_2       1
     td_fused_top_tdf5_adjust        1
     td_fused_top_tdf5_dot_product      1
     td_fused_top_tdf5_get_next_ijk      1
     td_fused_top_tdf5_poolOutputs      1
     td_fused_top_tdf5_readFilters40      1
     td_fused_top_tdf5_readInputs41      1

=== td_fused_top_dataflow_in_loop_TOP_LOOP37738_accum1_out_0_memcore ===

   Number of wires:                 11
   Number of wire bits:             60
   Number of public wires:          11
   Number of public wire bits:      60
   Number of memories:               0
   Number of memory bits:            0
   Number of processes:              0
   Number of cells:                  1
     td_fused_top_dataflow_in_loop_TOP_LOOP37738_accum1_out_0_memcore_ram      1

=== td_fused_top_dataflow_in_loop_TOP_LOOP37738_accum1_out_0_memcore_ram ===

   Number of wires:                 23
   Number of wire bits:            215
   Number of public wires:          10
   Number of public wire bits:      59
   Number of memories:               1
   Number of memory bits:          128
   Number of processes:              0
   Number of cells:                 16
     $dffe                           1
     $memrd                          1
     $memwr_v2                       2
     $mux                           12

=== td_fused_top_dataflow_in_loop_TOP_LOOP37738_ifmap_vec_memcore ===

   Number of wires:                 11
   Number of wire bits:             70
   Number of public wires:          11
   Number of public wire bits:      70
   Number of memories:               0
   Number of memory bits:            0
   Number of processes:              0
   Number of cells:                  1
     td_fused_top_dataflow_in_loop_TOP_LOOP37738_ifmap_vec_memcore_ram      1

=== td_fused_top_dataflow_in_loop_TOP_LOOP37738_ifmap_vec_memcore_ram ===

   Number of wires:                 23
   Number of wire bits:            245
   Number of public wires:          10
   Number of public wire bits:      69
   Number of memories:               1
   Number of memory bits:         2304
   Number of processes:              0
   Number of cells:                 16
     $dffe                           1
     $memrd                          1
     $memwr_v2                       2
     $mux                           12

=== td_fused_top_dataflow_in_loop_TOP_LOOP37738_products_0_memcore ===

   Number of wires:                 10
   Number of wire bits:             69
   Number of public wires:          10
   Number of public wire bits:      69
   Number of memories:               0
   Number of memory bits:            0
   Number of processes:              0
   Number of cells:                  1
     td_fused_top_dataflow_in_loop_TOP_LOOP37738_products_0_memcore_ram      1

=== td_fused_top_dataflow_in_loop_TOP_LOOP37738_products_0_memcore_ram ===

   Number of wires:                 17
   Number of wire bits:            180
   Number of public wires:           9
   Number of public wire bits:      68
   Number of memories:               1
   Number of memory bits:         2304
   Number of processes:              0
   Number of cells:                 11
     $dffe                           2
     $memrd                          2
     $memwr_v2                       1
     $mux                            6

=== td_fused_top_dataflow_in_loop_TOP_LOOP37738_weight_vecs_0_memcore ===

   Number of wires:                 12
   Number of wire bits:             88
   Number of public wires:          12
   Number of public wire bits:      88
   Number of memories:               0
   Number of memory bits:            0
   Number of processes:              0
   Number of cells:                  1
     td_fused_top_dataflow_in_loop_TOP_LOOP37738_weight_vecs_0_memcore_ram      1

=== td_fused_top_dataflow_in_loop_TOP_LOOP37738_weight_vecs_0_memcore_ram ===

   Number of wires:                 25
   Number of wire bits:            283
   Number of public wires:          11
   Number of public wire bits:      87
   Number of memories:               1
   Number of memory bits:         4608
   Number of processes:              0
   Number of cells:                 18
     $dffe                           2
     $memrd                          2
     $memwr_v2                       2
     $mux                           12

=== td_fused_top_fifo_w10_d8_S ===

   Number of wires:                 46
   Number of wire bits:            161
   Number of public wires:          17
   Number of public wire bits:      58
   Number of memories:               0
   Number of memory bits:            0
   Number of processes:              0
   Number of cells:                 35
     $add                            1
     $and                            6
     $eq                             3
     $logic_and                      2
     $logic_not                      3
     $mux                            6
     $ne                             1
     $not                            2
     $or                             2
     $reduce_and                     2
     $reduce_bool                    1
     $reduce_or                      1
     $sdffe                          3
     $sub                            1
     td_fused_top_fifo_w10_d8_S_shiftReg      1

=== td_fused_top_fifo_w10_d8_S_shiftReg ===

   Number of wires:                 21
   Number of wire bits:            113
   Number of public wires:          13
   Number of public wire bits:     105
   Number of memories:               0
   Number of memory bits:            0
   Number of processes:              0
   Number of cells:                 17
     $dffe                           8
     $eq                             7
     $logic_not                      1
     $pmux                           1

=== td_fused_top_fifo_w16_d2_S_x2 ===

   Number of wires:                 45
   Number of wire bits:            172
   Number of public wires:          17
   Number of public wire bits:      78
   Number of memories:               0
   Number of memory bits:            0
   Number of processes:              0
   Number of cells:                 34
     $add                            1
     $and                            6
     $eq                             2
     $logic_and                      2
     $logic_not                      3
     $mux                            6
     $ne                             1
     $not                            2
     $or                             2
     $reduce_and                     2
     $reduce_bool                    1
     $reduce_or                      1
     $sdffe                          3
     $sub                            1
     td_fused_top_fifo_w16_d2_S_x2_shiftReg      1

=== td_fused_top_fifo_w16_d2_S_x2_shiftReg ===

   Number of wires:                  8
   Number of wire bits:             68
   Number of public wires:           7
   Number of public wire bits:      67
   Number of memories:               0
   Number of memory bits:            0
   Number of processes:              0
   Number of cells:                  4
     $dffe                           2
     $not                            1
     $pmux                           1

=== td_fused_top_fifo_w1_d8_S_x ===

   Number of wires:                 46
   Number of wire bits:            125
   Number of public wires:          17
   Number of public wire bits:      22
   Number of memories:               0
   Number of memory bits:            0
   Number of processes:              0
   Number of cells:                 35
     $add                            1
     $and                            6
     $eq                             3
     $logic_and                      2
     $logic_not                      3
     $mux                            6
     $ne                             1
     $not                            2
     $or                             2
     $reduce_and                     2
     $reduce_bool                    1
     $reduce_or                      1
     $sdffe                          3
     $sub                            1
     td_fused_top_fifo_w1_d8_S_x_shiftReg      1

=== td_fused_top_fifo_w1_d8_S_x_shiftReg ===

   Number of wires:                 21
   Number of wire bits:             23
   Number of public wires:          13
   Number of public wire bits:      15
   Number of memories:               0
   Number of memory bits:            0
   Number of processes:              0
   Number of cells:                 17
     $dffe                           8
     $eq                             7
     $logic_not                      1
     $pmux                           1

=== td_fused_top_fifo_w5_d8_S ===

   Number of wires:                 46
   Number of wire bits:            141
   Number of public wires:          17
   Number of public wire bits:      38
   Number of memories:               0
   Number of memory bits:            0
   Number of processes:              0
   Number of cells:                 35
     $add                            1
     $and                            6
     $eq                             3
     $logic_and                      2
     $logic_not                      3
     $mux                            6
     $ne                             1
     $not                            2
     $or                             2
     $reduce_and                     2
     $reduce_bool                    1
     $reduce_or                      1
     $sdffe                          3
     $sub                            1
     td_fused_top_fifo_w5_d8_S_shiftReg      1

=== td_fused_top_fifo_w5_d8_S_shiftReg ===

   Number of wires:                 21
   Number of wire bits:             63
   Number of public wires:          13
   Number of public wire bits:      55
   Number of memories:               0
   Number of memory bits:            0
   Number of processes:              0
   Number of cells:                 17
     $dffe                           8
     $eq                             7
     $logic_not                      1
     $pmux                           1

=== td_fused_top_fifo_w7_d2_S_x ===

   Number of wires:                 45
   Number of wire bits:            136
   Number of public wires:          17
   Number of public wire bits:      42
   Number of memories:               0
   Number of memory bits:            0
   Number of processes:              0
   Number of cells:                 34
     $add                            1
     $and                            6
     $eq                             2
     $logic_and                      2
     $logic_not                      3
     $mux                            6
     $ne                             1
     $not                            2
     $or                             2
     $reduce_and                     2
     $reduce_bool                    1
     $reduce_or                      1
     $sdffe                          3
     $sub                            1
     td_fused_top_fifo_w7_d2_S_x_shiftReg      1

=== td_fused_top_fifo_w7_d2_S_x_shiftReg ===

   Number of wires:                  8
   Number of wire bits:             32
   Number of public wires:           7
   Number of public wire bits:      31
   Number of memories:               0
   Number of memory bits:            0
   Number of processes:              0
   Number of cells:                  4
     $dffe                           2
     $not                            1
     $pmux                           1

=== td_fused_top_fifo_w7_d7_S ===

   Number of wires:                 46
   Number of wire bits:            149
   Number of public wires:          17
   Number of public wire bits:      46
   Number of memories:               0
   Number of memory bits:            0
   Number of processes:              0
   Number of cells:                 35
     $add                            1
     $and                            6
     $eq                             3
     $logic_and                      2
     $logic_not                      3
     $mux                            6
     $ne                             1
     $not                            2
     $or                             2
     $reduce_and                     2
     $reduce_bool                    1
     $reduce_or                      1
     $sdffe                          3
     $sub                            1
     td_fused_top_fifo_w7_d7_S_shiftReg      1

=== td_fused_top_fifo_w7_d7_S_shiftReg ===

   Number of wires:                 18
   Number of wire bits:             74
   Number of public wires:          12
   Number of public wire bits:      68
   Number of memories:               0
   Number of memory bits:            0
   Number of processes:              0
   Number of cells:                 14
     $dffe                           7
     $eq                             5
     $logic_not                      1
     $pmux                           1

=== td_fused_top_start_for_tdf5_readFilters40_U0 ===

   Number of wires:                 45
   Number of wire bits:            112
   Number of public wires:          17
   Number of public wire bits:      18
   Number of memories:               0
   Number of memory bits:            0
   Number of processes:              0
   Number of cells:                 34
     $add                            1
     $and                            6
     $eq                             2
     $logic_and                      2
     $logic_not                      3
     $mux                            6
     $ne                             1
     $not                            2
     $or                             2
     $reduce_and                     2
     $reduce_bool                    1
     $reduce_or                      1
     $sdffe                          3
     $sub                            1
     td_fused_top_start_for_tdf5_readFilters40_U0_shiftReg      1

=== td_fused_top_start_for_tdf5_readFilters40_U0_shiftReg ===

   Number of wires:                  8
   Number of wire bits:              8
   Number of public wires:           7
   Number of public wire bits:       7
   Number of memories:               0
   Number of memory bits:            0
   Number of processes:              0
   Number of cells:                  4
     $dffe                           2
     $not                            1
     $pmux                           1

=== td_fused_top_tdf5_110 ===

   Number of wires:                126
   Number of wire bits:           1604
   Number of public wires:         100
   Number of public wire bits:    1470
   Number of memories:               0
   Number of memory bits:            0
   Number of processes:              0
   Number of cells:                 33
     $add                            2
     $and                           11
     $eq                             2
     $logic_not                      1
     $mux                            8
     $not                            3
     $or                             1
     $reduce_bool                    2
     $sdffe                          2
     td_fused_top_dataflow_in_loop_TOP_LOOP37738      1

=== td_fused_top_tdf5_accum_1 ===

   Number of wires:                217
   Number of wire bits:           1829
   Number of public wires:         124
   Number of public wire bits:    1398
   Number of memories:               0
   Number of memory bits:            0
   Number of processes:              0
   Number of cells:                157
     $add                            2
     $and                           31
     $dffe                          21
     $eq                            13
     $logic_not                      1
     $lt                             1
     $mux                           54
     $not                            8
     $or                            13
     $paramod$3c0377098b222d6572752d08e873f7489758dceb\td_fused_top_hadd_16ns_16ns_16_5_full_dsp_1      2
     $pmux                           1
     $reduce_bool                    2
     $reduce_or                      2
     $sdff                           2
     $sdffe                          4

=== td_fused_top_tdf5_accum_2 ===

   Number of wires:                 44
   Number of wire bits:            217
   Number of public wires:          28
   Number of public wire bits:     189
   Number of memories:               0
   Number of memory bits:            0
   Number of processes:              0
   Number of cells:                 32
     $add                            1
     $and                            3
     $dffe                           1
     $eq                             8
     $mux                            8
     $not                            2
     $or                             1
     $paramod$3c0377098b222d6572752d08e873f7489758dceb\td_fused_top_hadd_16ns_16ns_16_5_full_dsp_1      1
     $pmux                           1
     $reduce_or                      1
     $sdff                           3
     $sdffe                          2

=== td_fused_top_tdf5_adjust ===

   Number of wires:                 70
   Number of wire bits:            450
   Number of public wires:          42
   Number of public wire bits:     406
   Number of memories:               0
   Number of memory bits:            0
   Number of processes:              0
   Number of cells:                 45
     $and                            2
     $dffe                           4
     $eq                            17
     $mux                            7
     $not                            3
     $or                             5
     $paramod$3c0377098b222d6572752d08e873f7489758dceb\td_fused_top_hadd_16ns_16ns_16_5_full_dsp_1      1
     $paramod$3c0377098b222d6572752d08e873f7489758dceb\td_fused_top_hsub_16ns_16ns_16_5_full_dsp_1      1
     $paramod$446b85b08a7a06b40d768e83a34c90ce7206f74e\td_fused_top_hmul_16ns_16ns_16_4_max_dsp_1      1
     $pmux                           1
     $reduce_or                      1
     $sdff                           2

=== td_fused_top_tdf5_dot_product ===

   Number of wires:                176
   Number of wire bits:            659
   Number of public wires:         123
   Number of public wire bits:     563
   Number of memories:               0
   Number of memory bits:            0
   Number of processes:              0
   Number of cells:                136
     $add                            9
     $and                           18
     $dff                           15
     $dffe                          19
     $eq                             6
     $mux                           34
     $not                           12
     $or                             3
     $paramod$446b85b08a7a06b40d768e83a34c90ce7206f74e\td_fused_top_hmul_16ns_16ns_16_4_max_dsp_1      1
     $pmux                           1
     $reduce_bool                    3
     $reduce_or                      2
     $sdff                           9
     $sdffe                          1
     $sub                            3

=== td_fused_top_tdf5_get_next_ijk ===

   Number of wires:                112
   Number of wire bits:            388
   Number of public wires:          73
   Number of public wire bits:     349
   Number of memories:               0
   Number of memory bits:            0
   Number of processes:              0
   Number of cells:                 82
     $add                            9
     $and                           14
     $eq                             7
     $logic_not                      1
     $mux                           15
     $not                           14
     $or                             9
     $reduce_bool                    1
     $reduce_or                      3
     $sdff                           1
     $sdffce                         7
     $sdffe                          1

=== td_fused_top_tdf5_poolOutputs ===

   Number of wires:                 85
   Number of wire bits:            313
   Number of public wires:          51
   Number of public wire bits:     267
   Number of memories:               0
   Number of memory bits:            0
   Number of processes:              0
   Number of cells:                 53
     $and                            9
     $dffe                           4
     $eq                             4
     $mux                           11
     $not                           10
     $or                             6
     $paramod$20ed575d3a8c8a8136d29b2d7ca09626e45a2e9e\td_fused_top_hcmp_16ns_16ns_1_2_no_dsp_1      1
     $pmux                           1
     $reduce_and                     1
     $reduce_bool                    1
     $reduce_or                      1
     $sdff                           2
     $sdffe                          1
     td_fused_top_tdf5_writeOutputs_unaligned      1

=== td_fused_top_tdf5_readFilters40 ===

   Number of wires:                155
   Number of wire bits:            654
   Number of public wires:          97
   Number of public wire bits:     553
   Number of memories:               0
   Number of memory bits:            0
   Number of processes:              0
   Number of cells:                118
     $add                           10
     $and                           18
     $dff                            4
     $dffe                          12
     $eq                             6
     $mux                           32
     $not                           13
     $or                             7
     $pmux                           1
     $reduce_bool                    3
     $reduce_or                      2
     $sdff                           6
     $sdffe                          1
     $sub                            3

=== td_fused_top_tdf5_readInputs41 ===

   Number of wires:                281
   Number of wire bits:           1847
   Number of public wires:         203
   Number of public wire bits:    1647
   Number of memories:               0
   Number of memory bits:            0
   Number of processes:              0
   Number of cells:                204
     $add                           22
     $and                           24
     $dffe                          34
     $eq                             7
     $gt                             5
     $mux                           66
     $not                           11
     $or                            17
     $pmux                           1
     $reduce_bool                    3
     $reduce_or                      2
     $sdff                           2
     $sdffce                         5
     $sdffe                          3
     $sub                            2

=== td_fused_top_tdf5_writeOutputs_unaligned ===

   Number of wires:                 80
   Number of wire bits:            597
   Number of public wires:          48
   Number of public wire bits:     564
   Number of memories:               0
   Number of memory bits:            0
   Number of processes:              0
   Number of cells:                 58
     $add                            4
     $and                           19
     $dffe                           5
     $eq                             7
     $logic_not                      1
     $mux                           12
     $not                            2
     $or                             2
     $pmux                           1
     $sdff                           1
     $sdffce                         2
     $sdffe                          1
     $sub                            1

=== design hierarchy ===

   td_fused_top_tdf5_110             1
     td_fused_top_dataflow_in_loop_TOP_LOOP37738      1
       $paramod$444f4f35aae1753c454375fdcc6a89a96e0bb6d9\td_fused_top_dataflow_in_loop_TOP_LOOP37738_accum1_out_0      1
         td_fused_top_dataflow_in_loop_TOP_LOOP37738_accum1_out_0_memcore      2
           td_fused_top_dataflow_in_loop_TOP_LOOP37738_accum1_out_0_memcore_ram      1
       $paramod$8dea2db416463a8f312819906908d61ee1133101\td_fused_top_dataflow_in_loop_TOP_LOOP37738_ifmap_vec      1
         td_fused_top_dataflow_in_loop_TOP_LOOP37738_ifmap_vec_memcore      2
           td_fused_top_dataflow_in_loop_TOP_LOOP37738_ifmap_vec_memcore_ram      1
       $paramod$8dea2db416463a8f312819906908d61ee1133101\td_fused_top_dataflow_in_loop_TOP_LOOP37738_products_0      1
         td_fused_top_dataflow_in_loop_TOP_LOOP37738_products_0_memcore      2
           td_fused_top_dataflow_in_loop_TOP_LOOP37738_products_0_memcore_ram      1
       $paramod$8dea2db416463a8f312819906908d61ee1133101\td_fused_top_dataflow_in_loop_TOP_LOOP37738_weight_vecs_0      1
         td_fused_top_dataflow_in_loop_TOP_LOOP37738_weight_vecs_0_memcore      1
           td_fused_top_dataflow_in_loop_TOP_LOOP37738_weight_vecs_0_memcore_ram      1
       td_fused_top_Block_entry_proc_proc408      1
       td_fused_top_fifo_w10_d8_S      1
         td_fused_top_fifo_w10_d8_S_shiftReg      1
       td_fused_top_fifo_w16_d2_S_x2      5
         td_fused_top_fifo_w16_d2_S_x2_shiftReg      1
       td_fused_top_fifo_w1_d8_S_x      2
         td_fused_top_fifo_w1_d8_S_x_shiftReg      1
       td_fused_top_fifo_w5_d8_S      1
         td_fused_top_fifo_w5_d8_S_shiftReg      1
       td_fused_top_fifo_w7_d2_S_x      1
         td_fused_top_fifo_w7_d2_S_x_shiftReg      1
       td_fused_top_fifo_w7_d7_S      1
         td_fused_top_fifo_w7_d7_S_shiftReg      1
       td_fused_top_start_for_tdf5_readFilters40_U0      1
         td_fused_top_start_for_tdf5_readFilters40_U0_shiftReg      1
       td_fused_top_tdf5_accum_1      1
         $paramod$3c0377098b222d6572752d08e873f7489758dceb\td_fused_top_hadd_16ns_16ns_16_5_full_dsp_1      2
           td_fused_top_ap_hadd_3_full_dsp_16      1
             FPAddSub                1
               FPAddSub_AlignModule      1
               FPAddSub_AlignShift1      1
               FPAddSub_AlignShift2      1
               FPAddSub_ExceptionModule      1
               FPAddSub_ExecutionModule      1
               FPAddSub_NormalizeModule      1
               FPAddSub_NormalizeShift1      1
               FPAddSub_NormalizeShift2      1
               FPAddSub_PrealignModule      1
               FPAddSub_RoundModule      1
       td_fused_top_tdf5_accum_2      1
         $paramod$3c0377098b222d6572752d08e873f7489758dceb\td_fused_top_hadd_16ns_16ns_16_5_full_dsp_1      1
           td_fused_top_ap_hadd_3_full_dsp_16      1
             FPAddSub                1
               FPAddSub_AlignModule      1
               FPAddSub_AlignShift1      1
               FPAddSub_AlignShift2      1
               FPAddSub_ExceptionModule      1
               FPAddSub_ExecutionModule      1
               FPAddSub_NormalizeModule      1
               FPAddSub_NormalizeShift1      1
               FPAddSub_NormalizeShift2      1
               FPAddSub_PrealignModule      1
               FPAddSub_RoundModule      1
       td_fused_top_tdf5_adjust      1
         $paramod$3c0377098b222d6572752d08e873f7489758dceb\td_fused_top_hadd_16ns_16ns_16_5_full_dsp_1      1
           td_fused_top_ap_hadd_3_full_dsp_16      1
             FPAddSub                1
               FPAddSub_AlignModule      1
               FPAddSub_AlignShift1      1
               FPAddSub_AlignShift2      1
               FPAddSub_ExceptionModule      1
               FPAddSub_ExecutionModule      1
               FPAddSub_NormalizeModule      1
               FPAddSub_NormalizeShift1      1
               FPAddSub_NormalizeShift2      1
               FPAddSub_PrealignModule      1
               FPAddSub_RoundModule      1
         $paramod$3c0377098b222d6572752d08e873f7489758dceb\td_fused_top_hsub_16ns_16ns_16_5_full_dsp_1      1
           td_fused_top_ap_hadd_3_full_dsp_16      1
             FPAddSub                1
               FPAddSub_AlignModule      1
               FPAddSub_AlignShift1      1
               FPAddSub_AlignShift2      1
               FPAddSub_ExceptionModule      1
               FPAddSub_ExecutionModule      1
               FPAddSub_NormalizeModule      1
               FPAddSub_NormalizeShift1      1
               FPAddSub_NormalizeShift2      1
               FPAddSub_PrealignModule      1
               FPAddSub_RoundModule      1
         $paramod$446b85b08a7a06b40d768e83a34c90ce7206f74e\td_fused_top_hmul_16ns_16ns_16_4_max_dsp_1      1
           td_fused_top_ap_hmul_2_max_dsp_16      1
             FPMult_16               1
               FPMult_ExecuteModule      1
               FPMult_NormalizeModule      1
               FPMult_PrepModule      1
               FPMult_RoundModule      1
       td_fused_top_tdf5_dot_product      1
         $paramod$446b85b08a7a06b40d768e83a34c90ce7206f74e\td_fused_top_hmul_16ns_16ns_16_4_max_dsp_1      1
           td_fused_top_ap_hmul_2_max_dsp_16      1
             FPMult_16               1
               FPMult_ExecuteModule      1
               FPMult_NormalizeModule      1
               FPMult_PrepModule      1
               FPMult_RoundModule      1
       td_fused_top_tdf5_get_next_ijk      1
       td_fused_top_tdf5_poolOutputs      1
         $paramod$20ed575d3a8c8a8136d29b2d7ca09626e45a2e9e\td_fused_top_hcmp_16ns_16ns_1_2_no_dsp_1      1
           td_fused_top_ap_hcmp_0_no_dsp_16      1
             FPAddSub                1
               FPAddSub_AlignModule      1
               FPAddSub_AlignShift1      1
               FPAddSub_AlignShift2      1
               FPAddSub_ExceptionModule      1
               FPAddSub_ExecutionModule      1
               FPAddSub_NormalizeModule      1
               FPAddSub_NormalizeShift1      1
               FPAddSub_NormalizeShift2      1
               FPAddSub_PrealignModule      1
               FPAddSub_RoundModule      1
         td_fused_top_tdf5_writeOutputs_unaligned      1
       td_fused_top_tdf5_readFilters40      1
       td_fused_top_tdf5_readInputs41      1

   Number of wires:               4726
   Number of wire bits:          30060
   Number of public wires:        3081
   Number of public wire bits:   23864
   Number of memories:               7
   Number of memory bits:        14080
   Number of processes:              0
   Number of cells:               2890
     $add                          135
     $and                          367
     $dff                           35
     $dffe                         201
     $eq                           221
     $gt                             5
     $logic_and                     62
     $logic_not                    121
     $logic_or                       4
     $lt                             7
     $memrd                         10
     $memwr_v2                      12
     $mul                            2
     $mux                          741
     $ne                            12
     $not                          163
     $or                           179
     $pmux                         201
     $reduce_and                    47
     $reduce_bool                   39
     $reduce_or                    125
     $sdff                          40
     $sdffce                        14
     $sdffe                         80
     $sub                           41
     $xor                           26

