
5. Printing statistics.

=== td_fused_top_tdf11_readFilters74 ===

   Number of wires:                198
   Number of wire bits:           1511
   Number of public wires:         129
   Number of public wire bits:    1350
   Number of memories:               0
   Number of memory bits:            0
   Number of processes:              0
   Number of cells:                141
     $add                            9
     $and                           25
     $dffe                          20
     $eq                             7
     $mux                           41
     $not                           10
     $or                            13
     $pmux                           1
     $reduce_bool                    2
     $reduce_or                      2
     $sdff                           2
     $sdffce                         3
     $sdffe                          3
     $sub                            3

