
5. Printing statistics.

=== td_fused_top_fifo_w4_d7_S_x0 ===

   Number of wires:                 46
   Number of wire bits:            137
   Number of public wires:          17
   Number of public wire bits:      34
   Number of memories:               0
   Number of memory bits:            0
   Number of processes:              0
   Number of cells:                 35
     $add                            1
     $and                            6
     $eq                             3
     $logic_and                      2
     $logic_not                      3
     $mux                            6
     $ne                             1
     $not                            2
     $or                             2
     $reduce_and                     2
     $reduce_bool                    1
     $reduce_or                      1
     $sdffe                          3
     $sub                            1
     td_fused_top_fifo_w4_d7_S_x0_shiftReg      1

=== td_fused_top_fifo_w4_d7_S_x0_shiftReg ===

   Number of wires:                 18
   Number of wire bits:             47
   Number of public wires:          12
   Number of public wire bits:      41
   Number of memories:               0
   Number of memory bits:            0
   Number of processes:              0
   Number of cells:                 14
     $dffe                           7
     $eq                             5
     $logic_not                      1
     $pmux                           1

=== design hierarchy ===

   td_fused_top_fifo_w4_d7_S_x0      1
     td_fused_top_fifo_w4_d7_S_x0_shiftReg      1

   Number of wires:                 64
   Number of wire bits:            184
   Number of public wires:          29
   Number of public wire bits:      75
   Number of memories:               0
   Number of memory bits:            0
   Number of processes:              0
   Number of cells:                 48
     $add                            1
     $and                            6
     $dffe                           7
     $eq                             8
     $logic_and                      2
     $logic_not                      4
     $mux                            6
     $ne                             1
     $not                            2
     $or                             2
     $pmux                           1
     $reduce_and                     2
     $reduce_bool                    1
     $reduce_or                      1
     $sdffe                          3
     $sub                            1

