
5. Printing statistics.

=== td_fused_top_tdf12_readFilters78 ===

   Number of wires:                 92
   Number of wire bits:            409
   Number of public wires:          52
   Number of public wire bits:     349
   Number of memories:               0
   Number of memory bits:            0
   Number of processes:              0
   Number of cells:                 68
     $add                            2
     $and                           12
     $dff                            2
     $dffe                           6
     $eq                             4
     $mux                           16
     $not                           10
     $or                             6
     $pmux                           1
     $reduce_bool                    1
     $reduce_or                      2
     $sdff                           5
     $sdffe                          1

