
5. Printing statistics.

=== td_fused_top_tdf7_readInputs53 ===

   Number of wires:                302
   Number of wire bits:           1901
   Number of public wires:         217
   Number of public wire bits:    1682
   Number of memories:               0
   Number of memory bits:            0
   Number of processes:              0
   Number of cells:                215
     $add                           22
     $and                           22
     $dffe                          37
     $eq                             8
     $gt                             5
     $mux                           67
     $not                           15
     $or                            21
     $pmux                           1
     $reduce_bool                    3
     $reduce_or                      2
     $sdff                           2
     $sdffce                         5
     $sdffe                          3
     $sub                            2

