
5. Printing statistics.

=== td_fused_top_tdf1_readInputs19 ===

   Number of wires:                271
   Number of wire bits:           1951
   Number of public wires:         213
   Number of public wire bits:    1869
   Number of memories:               0
   Number of memory bits:            0
   Number of processes:              0
   Number of cells:                204
     $add                           24
     $and                           18
     $dff                           18
     $dffe                          33
     $eq                             6
     $gt                             6
     $mux                           52
     $not                           11
     $or                            13
     $pmux                           1
     $reduce_bool                    2
     $reduce_or                      2
     $sdff                           6
     $sdffe                          1
     $shr                            2
     $sub                            8
     $xor                            1

