
5. Printing statistics.

=== td_fused_top_tdf11_l2_filters ===

   Number of wires:                  9
   Number of wire bits:             69
   Number of public wires:           9
   Number of public wire bits:      69
   Number of memories:               0
   Number of memory bits:            0
   Number of processes:              0
   Number of cells:                  1
     td_fused_top_tdf11_l2_filters_ram      1

=== td_fused_top_tdf11_l2_filters_ram ===

   Number of wires:                 25
   Number of wire bits:            310
   Number of public wires:          18
   Number of public wire bits:     198
   Number of memories:               1
   Number of memory bits:       1048576
   Number of processes:              0
   Number of cells:                 14
     $dffe                           6
     $memrd                          1
     $memwr_v2                       1
     $mux                            6

=== design hierarchy ===

   td_fused_top_tdf11_l2_filters      1
     td_fused_top_tdf11_l2_filters_ram      1

   Number of wires:                 34
   Number of wire bits:            379
   Number of public wires:          27
   Number of public wire bits:     267
   Number of memories:               1
   Number of memory bits:       1048576
   Number of processes:              0
   Number of cells:                 14
     $dffe                           6
     $memrd                          1
     $memwr_v2                       1
     $mux                            6

