
5. Printing statistics.

=== td_fused_top_tdf2_writeOutputs_unaligned ===

   Number of wires:                 80
   Number of wire bits:            608
   Number of public wires:          48
   Number of public wire bits:     575
   Number of memories:               0
   Number of memory bits:            0
   Number of processes:              0
   Number of cells:                 58
     $add                            4
     $and                           19
     $dffe                           5
     $eq                             7
     $logic_not                      1
     $mux                           12
     $not                            2
     $or                             2
     $pmux                           1
     $sdff                           1
     $sdffce                         2
     $sdffe                          1
     $sub                            1

