
5. Printing statistics.

=== td_fused_top_tdf1_get_next_ijk ===

   Number of wires:                112
   Number of wire bits:            385
   Number of public wires:          73
   Number of public wire bits:     346
   Number of memories:               0
   Number of memory bits:            0
   Number of processes:              0
   Number of cells:                 82
     $add                            9
     $and                           14
     $eq                             7
     $logic_not                      1
     $mux                           15
     $not                           14
     $or                             9
     $reduce_bool                    1
     $reduce_or                      3
     $sdff                           1
     $sdffce                         7
     $sdffe                          1

