
5. Printing statistics.

=== $paramod$2cc697b95dae621c23ec527898048e96d6aad65a\td_fused_top_mul_10s_9ns_16_1_1 ===

   Number of wires:                  3
   Number of wire bits:             35
   Number of public wires:           3
   Number of public wire bits:      35
   Number of memories:               0
   Number of memory bits:            0
   Number of processes:              0
   Number of cells:                  1
     td_fused_top_mul_10s_9ns_16_1_1_Multiplier_0      1

=== td_fused_top_mul_10s_9ns_16_1_1_Multiplier_0 ===

   Number of wires:                  3
   Number of wire bits:             35
   Number of public wires:           3
   Number of public wire bits:      35
   Number of memories:               0
   Number of memory bits:            0
   Number of processes:              0
   Number of cells:                  1
     $mul                            1

=== td_fused_top_tdf12_writeOutputs_unaligned ===

   Number of wires:                 92
   Number of wire bits:            670
   Number of public wires:          63
   Number of public wire bits:     638
   Number of memories:               0
   Number of memory bits:            0
   Number of processes:              0
   Number of cells:                 61
     $add                            4
     $and                            9
     $dff                            4
     $dffe                           3
     $eq                             9
     $logic_not                      1
     $mux                           13
     $not                            5
     $or                             4
     $paramod$2cc697b95dae621c23ec527898048e96d6aad65a\td_fused_top_mul_10s_9ns_16_1_1      1
     $pmux                           1
     $reduce_or                      1
     $sdff                           2
     $sdffce                         2
     $sdffe                          1
     $sub                            1

=== design hierarchy ===

   td_fused_top_tdf12_writeOutputs_unaligned      1
     $paramod$2cc697b95dae621c23ec527898048e96d6aad65a\td_fused_top_mul_10s_9ns_16_1_1      1
       td_fused_top_mul_10s_9ns_16_1_1_Multiplier_0      1

   Number of wires:                 98
   Number of wire bits:            740
   Number of public wires:          69
   Number of public wire bits:     708
   Number of memories:               0
   Number of memory bits:            0
   Number of processes:              0
   Number of cells:                 61
     $add                            4
     $and                            9
     $dff                            4
     $dffe                           3
     $eq                             9
     $logic_not                      1
     $mul                            1
     $mux                           13
     $not                            5
     $or                             4
     $pmux                           1
     $reduce_or                      1
     $sdff                           2
     $sdffce                         2
     $sdffe                          1
     $sub                            1

