
5. Printing statistics.

=== td_fused_top_tdf3_writeOutputs_unaligned ===

   Number of wires:                 88
   Number of wire bits:            669
   Number of public wires:          60
   Number of public wire bits:     639
   Number of memories:               0
   Number of memory bits:            0
   Number of processes:              0
   Number of cells:                 58
     $add                            4
     $and                            9
     $dff                            4
     $dffe                           2
     $eq                             8
     $logic_not                      1
     $mux                           13
     $not                            5
     $or                             4
     $pmux                           1
     $reduce_or                      1
     $sdff                           2
     $sdffce                         2
     $sdffe                          1
     $sub                            1

