
5. Printing statistics.

=== td_fused_top_tdf2_adjustments ===

   Number of wires:                  9
   Number of wire bits:            111
   Number of public wires:           9
   Number of public wire bits:     111
   Number of memories:               0
   Number of memory bits:            0
   Number of processes:              0
   Number of cells:                  1
     td_fused_top_tdf2_adjustments_ram      1

=== td_fused_top_tdf2_adjustments_ram ===

   Number of wires:                 25
   Number of wire bits:            574
   Number of public wires:          18
   Number of public wire bits:     324
   Number of memories:               1
   Number of memory bits:         1536
   Number of processes:              0
   Number of cells:                 14
     $dffe                           6
     $memrd                          1
     $memwr_v2                       1
     $mux                            6

=== design hierarchy ===

   td_fused_top_tdf2_adjustments      1
     td_fused_top_tdf2_adjustments_ram      1

   Number of wires:                 34
   Number of wire bits:            685
   Number of public wires:          27
   Number of public wire bits:     435
   Number of memories:               1
   Number of memory bits:         1536
   Number of processes:              0
   Number of cells:                 14
     $dffe                           6
     $memrd                          1
     $memwr_v2                       1
     $mux                            6

