
5. Printing statistics.

=== td_fused_top_tdf2_filters ===

   Number of wires:                  9
   Number of wire bits:             63
   Number of public wires:           9
   Number of public wire bits:      63
   Number of memories:               0
   Number of memory bits:            0
   Number of processes:              0
   Number of cells:                  1
     td_fused_top_tdf2_filters_ram      1

=== td_fused_top_tdf2_filters_ram ===

   Number of wires:                 25
   Number of wire bits:            286
   Number of public wires:          18
   Number of public wire bits:     180
   Number of memories:               1
   Number of memory bits:        73728
   Number of processes:              0
   Number of cells:                 14
     $dffe                           6
     $memrd                          1
     $memwr_v2                       1
     $mux                            6

=== design hierarchy ===

   td_fused_top_tdf2_filters         1
     td_fused_top_tdf2_filters_ram      1

   Number of wires:                 34
   Number of wire bits:            349
   Number of public wires:          27
   Number of public wire bits:     243
   Number of memories:               1
   Number of memory bits:        73728
   Number of processes:              0
   Number of cells:                 14
     $dffe                           6
     $memrd                          1
     $memwr_v2                       1
     $mux                            6

