
5. Printing statistics.

=== td_fused_top_tdf11_readInputs75 ===

   Number of wires:                301
   Number of wire bits:           1874
   Number of public wires:         216
   Number of public wire bits:    1646
   Number of memories:               0
   Number of memory bits:            0
   Number of processes:              0
   Number of cells:                214
     $add                           22
     $and                           22
     $dffe                          36
     $eq                             8
     $gt                             5
     $mux                           67
     $not                           15
     $or                            21
     $pmux                           1
     $reduce_bool                    3
     $reduce_or                      2
     $sdff                           2
     $sdffce                         5
     $sdffe                          3
     $sub                            2

