
5. Printing statistics.

=== a25_dcache ===

   Number of wires:                260
   Number of wire bits:           4014
   Number of public wires:          76
   Number of public wire bits:    2178
   Number of memories:               0
   Number of memory bits:            0
   Number of processes:              0
   Number of cells:                255
     $add_2                          1
     $add_9                          1
     $dff_1                          1
     $dffe_128                       2
     $dffe_28                        1
     $dffe_32                        1
     $dffe_4                         5
     $dffe_8                         1
     $eq_2                           2
     $eq_20                          4
     $eq_28                          1
     $eq_3                           5
     $eq_32                          1
     $eq_4                          14
     $logic_and_1                   58
     $logic_not_1                    6
     $logic_not_2                    1
     $logic_not_3                    1
     $logic_not_4                    1
     $logic_or_1                    32
     $lt_32                          1
     $mux_1                          3
     $mux_128                       13
     $mux_21                         1
     $mux_32                        20
     $mux_4                         29
     $mux_8                          8
     $ne_2                           6
     $ne_4                           1
     $ne_5                           1
     $not_1                          1
     $or_4                           1
     $pmux_4                         3
     $reduce_and_2                   2
     $reduce_and_3                   2
     $reduce_and_4                   1
     $reduce_and_6                   1
     $reduce_bool_2                  3
     $reduce_bool_4                  1
     $reduce_bool_8                  1
     $reduce_or_2                    2
     $reduce_or_4                    1
     $sdffe_1                        1
     $sdffe_4                        3
     $sdffe_9                        1
     $xor_1                          1
     single_port_ram_128_8           4
     single_port_ram_21_8            4

=== single_port_ram_128_8 ===

   Number of wires:                  9
   Number of wire bits:            658
   Number of public wires:           5
   Number of public wire bits:     266
   Number of memories:               1
   Number of memory bits:        32768
   Number of processes:              0
   Number of cells:                  6
     $dffe_128                       1
     $memrd                          1
     $memwr_v2                       1
     $mux_1                          1
     $mux_128                        1
     $mux_8                          1

=== single_port_ram_21_8 ===

   Number of wires:                  9
   Number of wire bits:            123
   Number of public wires:           5
   Number of public wire bits:      52
   Number of memories:               1
   Number of memory bits:         5376
   Number of processes:              0
   Number of cells:                  6
     $dffe_21                        1
     $memrd                          1
     $memwr_v2                       1
     $mux_1                          1
     $mux_21                         1
     $mux_8                          1

=== design hierarchy ===

   a25_dcache                        1
     single_port_ram_128_8           4
     single_port_ram_21_8            4

   Number of wires:                332
   Number of wire bits:           7138
   Number of public wires:         116
   Number of public wire bits:    3450
   Number of memories:               8
   Number of memory bits:       152576
   Number of processes:              0
   Number of cells:                295
     $add_2                          1
     $add_9                          1
     $dff_1                          1
     $dffe_128                       6
     $dffe_21                        4
     $dffe_28                        1
     $dffe_32                        1
     $dffe_4                         5
     $dffe_8                         1
     $eq_2                           2
     $eq_20                          4
     $eq_28                          1
     $eq_3                           5
     $eq_32                          1
     $eq_4                          14
     $logic_and_1                   58
     $logic_not_1                    6
     $logic_not_2                    1
     $logic_not_3                    1
     $logic_not_4                    1
     $logic_or_1                    32
     $lt_32                          1
     $memrd                          8
     $memwr_v2                       8
     $mux_1                         11
     $mux_128                       17
     $mux_21                         5
     $mux_32                        20
     $mux_4                         29
     $mux_8                         16
     $ne_2                           6
     $ne_4                           1
     $ne_5                           1
     $not_1                          1
     $or_4                           1
     $pmux_4                         3
     $reduce_and_2                   2
     $reduce_and_3                   2
     $reduce_and_4                   1
     $reduce_and_6                   1
     $reduce_bool_2                  3
     $reduce_bool_4                  1
     $reduce_bool_8                  1
     $reduce_or_2                    2
     $reduce_or_4                    1
     $sdffe_1                        1
     $sdffe_4                        3
     $sdffe_9                        1
     $xor_1                          1

