
5. Printing statistics.

=== a25_decode ===

   Number of wires:               1092
   Number of wire bits:           5245
   Number of public wires:         207
   Number of public wire bits:    1104
   Number of memories:               0
   Number of memory bits:            0
   Number of processes:              0
   Number of cells:               1063
     $add_5                         15
     $and_16                        16
     $dffe_1                        34
     $dffe_15                        1
     $dffe_2                         5
     $dffe_3                         5
     $dffe_32                        8
     $dffe_4                        10
     $dffe_5                         3
     $dffe_8                         5
     $eq_1                           1
     $eq_10                          1
     $eq_11                          1
     $eq_12                          1
     $eq_13                          1
     $eq_14                          1
     $eq_15                          1
     $eq_16                         15
     $eq_2                           7
     $eq_3                          12
     $eq_4                         115
     $eq_5                          23
     $eq_6                           2
     $eq_7                           1
     $eq_8                           1
     $eq_9                           1
     $gt_5                           2
     $logic_and_1                  181
     $logic_and_16                   1
     $logic_not_1                   20
     $logic_not_2                    2
     $logic_not_4                    8
     $logic_not_5                    2
     $logic_not_6                    1
     $logic_or_1                    77
     $mux_1                         97
     $mux_15                        56
     $mux_16                        16
     $mux_2                         45
     $mux_3                         25
     $mux_32                        43
     $mux_4                         88
     $mux_5                         34
     $mux_8                          5
     $ne_1                           1
     $ne_19                          1
     $ne_2                           2
     $ne_3                           3
     $ne_4                           4
     $ne_5                           3
     $not_1                          3
     $not_16                         1
     $reduce_and_2                   4
     $reduce_and_3                   2
     $reduce_and_5                   1
     $reduce_bool_16                16
     $reduce_bool_19                 1
     $reduce_bool_2                  3
     $reduce_bool_3                  2
     $reduce_bool_5                  2
     $reduce_or_2                    4
     $reduce_or_3                    2
     $reduce_or_4                    1
     $reduce_or_8                    1
     $sdffce_1                       8
     $sdffce_2                       5
     $sdffce_25                      1
     $sdffce_4                       1
     $sdffce_5                       1
     $sdffce_7                       1

