
5. Printing statistics.

=== a25_multiply ===

   Number of wires:                 46
   Number of wire bits:            665
   Number of public wires:          21
   Number of public wire bits:     425
   Number of memories:               0
   Number of memory bits:            0
   Number of processes:              0
   Number of cells:                 37
     $add_33                         1
     $add_34                         2
     $add_6                          1
     $dffe_1                         1
     $dffe_32                        1
     $dffe_6                         1
     $eq_2                           2
     $eq_6                           3
     $le_6                           1
     $logic_and_1                    3
     $logic_not_1                    1
     $logic_not_32                   1
     $logic_not_6                    1
     $logic_or_1                     1
     $mux_34                         2
     $mux_6                          3
     $mux_68                         3
     $ne_3                           1
     $not_1                          1
     $not_34                         1
     $reduce_and_2                   1
     $reduce_and_3                   1
     $reduce_and_4                   1
     $reduce_bool_3                  1
     $sdffce_32                      1
     $sdffce_4                       1

