
5. Printing statistics.

=== a25_wishbone ===

   Number of wires:                 70
   Number of wire bits:           2322
   Number of public wires:          45
   Number of public wire bits:    1774
   Number of memories:               0
   Number of memory bits:            0
   Number of processes:              0
   Number of cells:                 40
     $and_1                          1
     $and_3                          1
     $dffe_1                         1
     $dffe_128                       1
     $dffe_16                        1
     $dffe_32                        1
     $logic_and_1                    5
     $logic_not_1                    3
     $logic_or_1                     1
     $mux_1                          4
     $mux_128                        3
     $mux_16                         3
     $mux_3                          2
     $mux_32                         3
     $not_1                          1
     $reduce_and_2                   1
     $reduce_bool_3                  1
     $reduce_or_2                    1
     $sdffce_1                       2
     $sdffce_2                       1
     a25_wishbone_buf                3

=== a25_wishbone_buf ===

   Number of wires:                 71
   Number of wire bits:           1211
   Number of public wires:          32
   Number of public wire bits:     980
   Number of memories:               0
   Number of memory bits:            0
   Number of processes:              0
   Number of cells:                 62
     $add_2                          1
     $dffe_1                         4
     $dffe_128                       2
     $dffe_16                        2
     $dffe_2                         1
     $dffe_32                        2
     $eq_2                           1
     $logic_and_1                   14
     $logic_not_1                    8
     $logic_not_2                    1
     $logic_or_1                     3
     $mux_1                          3
     $mux_128                        2
     $mux_16                         3
     $mux_2                          2
     $mux_32                         2
     $not_1                          2
     $reduce_and_2                   3
     $reduce_bool_2                  2
     $sdffe_1                        3
     $sub_2                          1

=== design hierarchy ===

   a25_wishbone                      1
     a25_wishbone_buf                3

   Number of wires:                283
   Number of wire bits:           5955
   Number of public wires:         141
   Number of public wire bits:    4714
   Number of memories:               0
   Number of memory bits:            0
   Number of processes:              0
   Number of cells:                223
     $add_2                          3
     $and_1                          1
     $and_3                          1
     $dffe_1                        13
     $dffe_128                       7
     $dffe_16                        7
     $dffe_2                         3
     $dffe_32                        7
     $eq_2                           3
     $logic_and_1                   47
     $logic_not_1                   27
     $logic_not_2                    3
     $logic_or_1                    10
     $mux_1                         13
     $mux_128                        9
     $mux_16                        12
     $mux_2                          6
     $mux_3                          2
     $mux_32                         9
     $not_1                          7
     $reduce_and_2                  10
     $reduce_bool_2                  6
     $reduce_bool_3                  1
     $reduce_or_2                    1
     $sdffce_1                       2
     $sdffce_2                       1
     $sdffe_1                        9
     $sub_2                          3

