
5. Printing statistics.

=== cavlc_read_levels ===

   Number of wires:                280
   Number of wire bits:           1669
   Number of public wires:          39
   Number of public wire bits:     251
   Number of memories:               0
   Number of memory bits:            0
   Number of processes:              0
   Number of cells:                268
     $add_3                          1
     $add_32                         5
     $adffe_3                        1
     $adffe_4                        1
     $adffe_9                       18
     $and_32                         1
     $eq_2                           1
     $eq_32                          1
     $eq_4                          17
     $gt_32                          2
     $gt_9                           2
     $le_32                          1
     $logic_and_1                   16
     $logic_not_3                    1
     $logic_not_32                   1
     $logic_not_4                    1
     $logic_or_1                     2
     $lt_32                          2
     $mux_16                         1
     $mux_2                          1
     $mux_3                          5
     $mux_32                         4
     $mux_4                         16
     $mux_5                          5
     $mux_9                         56
     $ne_2                           1
     $ne_3                          46
     $ne_4                          14
     $neg_32                         1
     $neg_9                          1
     $pmux_9                        15
     $reduce_and_2                   1
     $reduce_and_3                   1
     $reduce_and_4                   1
     $reduce_and_5                  14
     $reduce_bool_2                  1
     $reduce_bool_5                  1
     $shl_32                         1
     $shl_9                          1
     $shr_6                          1
     $sub_3                          2
     $sub_32                         4

