
5. Printing statistics.

=== cavlc_read_total_zeros ===

   Number of wires:                222
   Number of wire bits:            715
   Number of public wires:          16
   Number of public wire bits:      61
   Number of memories:               0
   Number of memory bits:            0
   Number of processes:              0
   Number of cells:                217
     $eq_2                          15
     $eq_4                          14
     $logic_and_1                    8
     $logic_not_2                    5
     $mux_2                         15
     $mux_3                         28
     $mux_4                        116
     $mux_6                          3
     $mux_9                          2
     $pmux_3                         1
     $pmux_4                        10

