
5. Printing statistics.

=== cavlc_fsm ===

   Number of wires:                 66
   Number of wire bits:            260
   Number of public wires:          14
   Number of public wire bits:      41
   Number of memories:               0
   Number of memory bits:            0
   Number of processes:              0
   Number of cells:                 55
     $adffe_1                        1
     $adffe_4                        1
     $adffe_8                        1
     $eq_5                           1
     $eq_8                           8
     $gt_32                          2
     $logic_and_1                    2
     $logic_not_4                    2
     $logic_or_1                     1
     $lt_5                           1
     $mux_1                          4
     $mux_4                          4
     $mux_8                          7
     $ne_2                           6
     $ne_3                           1
     $pmux_1                         1
     $pmux_4                         1
     $pmux_8                         1
     $reduce_and_2                   1
     $reduce_and_5                   1
     $reduce_and_6                   1
     $reduce_bool_3                  1
     $reduce_bool_5                  1
     $reduce_bool_8                  1
     $sub_32                         3
     $sub_4                          1

