
5. Printing statistics.

=== cavlc_read_total_coeffs ===

   Number of wires:                557
   Number of wire bits:           1592
   Number of public wires:          32
   Number of public wire bits:     160
   Number of memories:               0
   Number of memory bits:            0
   Number of processes:              0
   Number of cells:                549
     $add_5                          1
     $adffe_10                       1
     $adffe_14                       1
     $adffe_16                       1
     $adffe_2                        1
     $adffe_5                        1
     $adffe_6                        1
     $adffe_8                        1
     $eq_2                          38
     $eq_3                          94
     $eq_32                          1
     $eq_5                           1
     $logic_and_1                    2
     $logic_not_2                    5
     $logic_not_3                    8
     $logic_or_1                     1
     $mux_2                        146
     $mux_5                        193
     $not_1                          4
     $or_1                           1
     $pmux_2                         7
     $pmux_5                         7
     $reduce_and_2                   1
     $reduce_and_3                   1
     $reduce_and_4                   1
     $reduce_and_5                   2
     $reduce_or_2                   20
     $reduce_or_3                    5
     $reduce_or_4                    2
     $reduce_or_5                    1

