
5. Printing statistics.

=== cavlc_read_run_befores ===

   Number of wires:                286
   Number of wire bits:           1571
   Number of public wires:          46
   Number of public wire bits:     338
   Number of memories:               0
   Number of memory bits:            0
   Number of processes:              0
   Number of cells:                261
     $add_32                         1
     $adffe_4                        1
     $adffe_9                       16
     $eq_2                           1
     $eq_3                           4
     $eq_32                         14
     $eq_4                          21
     $ge_32                         15
     $gt_32                          2
     $logic_and_1                    4
     $logic_not_3                    1
     $logic_not_4                    2
     $mux_32                         5
     $mux_4                         34
     $mux_9                         80
     $ne_2                           1
     $ne_3                          15
     $ne_4                          16
     $pmux_4                         3
     $pmux_9                         1
     $reduce_and_3                  16
     $reduce_bool_2                  1
     $reduce_bool_3                  3
     $reduce_or_14                   1
     $sub_32                         2
     $sub_4                          1

