
5. Printing statistics.

=== $paramod$c34afa4e962990744f0b55670bc44b23c3a5a6d7\crc_comb ===

   Number of wires:                 12
   Number of wire bits:            316
   Number of public wires:           9
   Number of public wire bits:     253
   Number of memories:               0
   Number of memory bits:            0
   Number of processes:              0
   Number of cells:                  6
     $and_31                         2
     $and_32                         1
     $not_31                         1
     $xor_1                          1
     $xor_31                         1

=== $paramod$f4b98323ff6e0cd0e06fc10c3ad329b38eee598e\crc_parallel ===

   Number of wires:                207
   Number of wire bits:           6600
   Number of public wires:         112
   Number of public wire bits:    3560
   Number of memories:               0
   Number of memory bits:            0
   Number of processes:              0
   Number of cells:                198
     $and_32                        95
     $paramod$c34afa4e962990744f0b55670bc44b23c3a5a6d7\crc_comb      8
     $reduce_or_32                  95

=== $paramod\bit_reversal\DATA_SIZE=s32'00000000000000000000000000100000 ===

   Number of wires:                 11
   Number of wire bits:            198
   Number of public wires:           7
   Number of public wire bits:     194
   Number of memories:               0
   Number of memory bits:            0
   Number of processes:              0
   Number of cells:                  5
     $eq_2                           3
     $logic_not_2                    1
     $pmux_32                        1

=== crc_datapath ===

   Number of wires:                 68
   Number of wire bits:            629
   Number of public wires:          48
   Number of public wire bits:     545
   Number of memories:               0
   Number of memory bits:            0
   Number of processes:              0
   Number of cells:                 40
     $eq_2                           6
     $logic_not_2                    2
     $mux_2                          3
     $mux_32                         4
     $mux_8                          1
     $not_1                          1
     $paramod$f4b98323ff6e0cd0e06fc10c3ad329b38eee598e\crc_parallel      1
     $paramod\bit_reversal\DATA_SIZE=s32'00000000000000000000000000100000      1
     $pmux_1                         4
     $pmux_8                         1
     $reduce_bool_2                  2
     $reduce_or_2                    1
     $reduce_or_3                    4
     $sdffe_1                        1
     $sdffe_2                        2
     $sdffe_32                       5
     $sdffe_8                        1

=== design hierarchy ===

   crc_datapath                      1
     $paramod$f4b98323ff6e0cd0e06fc10c3ad329b38eee598e\crc_parallel      1
       $paramod$c34afa4e962990744f0b55670bc44b23c3a5a6d7\crc_comb      8
     $paramod\bit_reversal\DATA_SIZE=s32'00000000000000000000000000100000      1

   Number of wires:                382
   Number of wire bits:           9955
   Number of public wires:         239
   Number of public wire bits:    6323
   Number of memories:               0
   Number of memory bits:            0
   Number of processes:              0
   Number of cells:                281
     $and_31                        16
     $and_32                       103
     $eq_2                           9
     $logic_not_2                    3
     $mux_2                          3
     $mux_32                         4
     $mux_8                          1
     $not_1                          1
     $not_31                         8
     $pmux_1                         4
     $pmux_32                        1
     $pmux_8                         1
     $reduce_bool_2                  2
     $reduce_or_2                    1
     $reduce_or_3                    4
     $reduce_or_32                  95
     $sdffe_1                        1
     $sdffe_2                        2
     $sdffe_32                       5
     $sdffe_8                        1
     $xor_1                          8
     $xor_31                         8

