
5. Printing statistics.

=== $paramod$ad1d096bca2799602bb49a90d22e8449f293c071\crc_comb ===

   Number of wires:                 12
   Number of wire bits:             76
   Number of public wires:           9
   Number of public wire bits:      61
   Number of memories:               0
   Number of memory bits:            0
   Number of processes:              0
   Number of cells:                  6
     $and_7                          2
     $and_8                          1
     $not_7                          1
     $xor_1                          1
     $xor_7                          1

=== crc_parallel ===

   Number of wires:                 63
   Number of wire bits:            504
   Number of public wires:          40
   Number of public wire bits:     320
   Number of memories:               0
   Number of memory bits:            0
   Number of processes:              0
   Number of cells:                 54
     $and_8                         23
     $paramod$ad1d096bca2799602bb49a90d22e8449f293c071\crc_comb      8
     $reduce_or_8                   23

=== design hierarchy ===

   crc_parallel                      1
     $paramod$ad1d096bca2799602bb49a90d22e8449f293c071\crc_comb      8

   Number of wires:                159
   Number of wire bits:           1112
   Number of public wires:         112
   Number of public wire bits:     808
   Number of memories:               0
   Number of memory bits:            0
   Number of processes:              0
   Number of cells:                 94
     $and_7                         16
     $and_8                         31
     $not_7                          8
     $reduce_or_8                   23
     $xor_1                          8
     $xor_7                          8

