
5. Printing statistics.

=== host_interface ===

   Number of wires:                 64
   Number of wire bits:            582
   Number of public wires:          47
   Number of public wire bits:     317
   Number of memories:               0
   Number of memory bits:            0
   Number of processes:              0
   Number of cells:                 41
     $and_32                         5
     $dffe_1                         1
     $dffe_2                         1
     $dffe_3                         2
     $eq_2                           1
     $eq_3                           4
     $logic_and_1                   15
     $logic_not_1                    2
     $logic_not_3                    1
     $logic_or_1                     2
     $or_32                          4
     $reduce_and_2                   1
     $sdffe_1                        1
     $sdffe_5                        1

