
5. Printing statistics.

=== C_LSTM_stage_1_18_10_160_512_1_16_1 ===

   Number of wires:                171
   Number of wire bits:           2755
   Number of public wires:         167
   Number of public wire bits:    2751
   Number of memories:               0
   Number of memory bits:            0
   Number of processes:              0
   Number of cells:                 10
     $and_1                          6
     matrix_times_two_vectors_18_10_1_672_16_1      4

=== addfxp_18_1 ===

   Number of wires:                  6
   Number of wire bits:             91
   Number of public wires:           5
   Number of public wire bits:      73
   Number of memories:               0
   Number of memory bits:            0
   Number of processes:              0
   Number of cells:                  2
     $add_18                         1
     $dff_18                         1

=== c_matrix_vec_mult_core_18_10_16_1_1 ===

   Number of wires:                300
   Number of wire bits:           5009
   Number of public wires:         290
   Number of public wire bits:    4880
   Number of memories:               0
   Number of memory bits:            0
   Number of processes:              0
   Number of cells:                101
     $and_1                          5
     $neg_18                         7
     $not_1                          1
     $sdffe_1                        4
     $sdffe_18                      75
     dft_16_top_18                   1
     elementwise_add_core_18_18_9      1
     elementwise_mult_core_18_1810_9_1      4
     elementwise_sub_core_18_18_9      1
     shift_register_group_18_910      2

=== codeBlock88206_18 ===

   Number of wires:                296
   Number of wire bits:           5355
   Number of public wires:         288
   Number of public wire bits:    5099
   Number of memories:               0
   Number of memory bits:            0
   Number of processes:              0
   Number of cells:                182
     $add_32                         4
     $dffe_18                       80
     $not_32                         4
     $sdff_1                         1
     addfxp_18_1                    40
     multfix_alt_dsp_18             12
     shiftRegFIFO_5_1                1
     subfxp_18_1                    40

=== codeBlock89324_18 ===

   Number of wires:                197
   Number of wire bits:           3461
   Number of public wires:         197
   Number of public wire bits:    3461
   Number of memories:               0
   Number of memory bits:            0
   Number of processes:              0
   Number of cells:                 98
     $dffe_18                       32
     $sdff_1                         1
     addfxp_18_1                    32
     shiftRegFIFO_2_1                1
     subfxp_18_1                    32

=== codeBlock98050_18 ===

   Number of wires:                296
   Number of wire bits:           5355
   Number of public wires:         288
   Number of public wire bits:    5099
   Number of memories:               0
   Number of memory bits:            0
   Number of processes:              0
   Number of cells:                182
     $add_32                         4
     $dffe_18                       80
     $not_32                         4
     $sdff_1                         1
     addfxp_18_1                    40
     multfix_alt_dsp_18             12
     shiftRegFIFO_5_1                1
     subfxp_18_1                    40

=== codeBlock99168_18 ===

   Number of wires:                197
   Number of wire bits:           3461
   Number of public wires:         197
   Number of public wire bits:    3461
   Number of memories:               0
   Number of memory bits:            0
   Number of processes:              0
   Number of cells:                 98
     $dffe_18                       32
     $sdff_1                         1
     addfxp_18_1                    32
     shiftRegFIFO_2_1                1
     subfxp_18_1                    32

=== dft_16_top_18 ===

   Number of wires:                167
   Number of wire bits:           2887
   Number of public wires:         167
   Number of public wire bits:    2887
   Number of memories:               0
   Number of memory bits:            0
   Number of processes:              0
   Number of cells:                  2
     codeBlock88206_18               1
     codeBlock89324_18               1

=== dsp_signed_mult_18x18_unit_18_18_1 ===

   Number of wires:                 22
   Number of wire bits:            374
   Number of public wires:          20
   Number of public wire bits:     300
   Number of memories:               0
   Number of memory bits:            0
   Number of processes:              0
   Number of cells:                 11
     $mul_37                         2
     $sdffe_1                        3
     $sdffe_18                       4
     $sdffe_37                       2

=== dsp_signed_mult_18x18_unit_18_36_0 ===

   Number of wires:                 18
   Number of wire bits:            296
   Number of public wires:          16
   Number of public wire bits:     224
   Number of memories:               0
   Number of memory bits:            0
   Number of processes:              0
   Number of cells:                  7
     $dff_36                         2
     $mul_36                         2
     $sdffe_1                        3

=== elementwise_add_core_18_18_9 ===

   Number of wires:                 72
   Number of wire bits:           1143
   Number of public wires:          63
   Number of public wire bits:     981
   Number of memories:               0
   Number of memory bits:            0
   Number of processes:              0
   Number of cells:                 39
     $add_18                         9
     $and_1                          1
     $sdffe_1                        2
     $sdffe_18                      27

=== elementwise_mult_core_18_1810_9_1 ===

   Number of wires:                 99
   Number of wire bits:           1665
   Number of public wires:          99
   Number of public wire bits:    1665
   Number of memories:               0
   Number of memory bits:            0
   Number of processes:              0
   Number of cells:                 34
     $and_1                          1
     $sdffe_1                        1
     $sdffe_18                      18
     dsp_signed_mult_18x18_unit_18_18_1      5
     fp_rounding_unit_1_37_10        9

=== elementwise_sub_core_18_18_9 ===

   Number of wires:                 72
   Number of wire bits:           1143
   Number of public wires:          63
   Number of public wire bits:     981
   Number of memories:               0
   Number of memory bits:            0
   Number of processes:              0
   Number of cells:                 39
     $and_1                          1
     $sdffe_1                        2
     $sdffe_18                      27
     $sub_18                         9

=== fp_rounding_unit_1_37_10 ===

   Number of wires:                 15
   Number of wire bits:            267
   Number of public wires:          14
   Number of public wire bits:     230
   Number of memories:               0
   Number of memory bits:            0
   Number of processes:              0
   Number of cells:                  8
     $add_37                         1
     $mux_37                         1
     $sdffe_1                        3
     $sdffe_27                       1
     $sdffe_37                       2

=== idft_16_top_18 ===

   Number of wires:                167
   Number of wire bits:           2887
   Number of public wires:         167
   Number of public wire bits:    2887
   Number of memories:               0
   Number of memory bits:            0
   Number of processes:              0
   Number of cells:                  2
     codeBlock98050_18               1
     codeBlock99168_18               1

=== matrix_times_two_vectors_18_10_1_672_16_1 ===

   Number of wires:                 57
   Number of wire bits:            907
   Number of public wires:          57
   Number of public wire bits:     907
   Number of memories:               0
   Number of memory bits:            0
   Number of processes:              0
   Number of cells:                  1
     multiple_c_matrix_vec_mult_and_sum_18_10_16_1_1_42      1

=== multfix_alt_dsp_18 ===

   Number of wires:                 12
   Number of wire bits:            218
   Number of public wires:          12
   Number of public wire bits:     218
   Number of memories:               0
   Number of memory bits:            0
   Number of processes:              0
   Number of cells:                  1
     dsp_signed_mult_18x18_unit_18_36_0      1

=== multiple_c_matrix_vec_mult_and_sum_18_10_16_1_1_42 ===

   Number of wires:                191
   Number of wire bits:           3217
   Number of public wires:         191
   Number of public wire bits:    3217
   Number of memories:               0
   Number of memory bits:            0
   Number of processes:              0
   Number of cells:                 24
     $and_1                          1
     $sdffe_1                        2
     $sdffe_14                      16
     c_matrix_vec_mult_core_18_10_16_1_1      1
     idft_16_top_18                  1
     shift_register_group_18_16_1      2
     sum_complex_vector_unit_18_18_16_42      1

=== shiftRegFIFO_2_1 ===

   Number of wires:                  6
   Number of wire bits:              6
   Number of public wires:           6
   Number of public wire bits:       6
   Number of memories:               0
   Number of memory bits:            0
   Number of processes:              0
   Number of cells:                  2
     $sdff_1                         2

=== shiftRegFIFO_5_1 ===

   Number of wires:                  9
   Number of wire bits:              9
   Number of public wires:           9
   Number of public wire bits:       9
   Number of memories:               0
   Number of memory bits:            0
   Number of processes:              0
   Number of cells:                  5
     $sdff_1                         5

=== shift_register_group_18_16_1 ===

   Number of wires:                 35
   Number of wire bits:            579
   Number of public wires:          35
   Number of public wire bits:     579
   Number of memories:               0
   Number of memory bits:            0
   Number of processes:              0
   Number of cells:                 16
     shift_register_unit_18_1       16

=== shift_register_group_18_910 ===

   Number of wires:                 21
   Number of wire bits:            327
   Number of public wires:          21
   Number of public wire bits:     327
   Number of memories:               0
   Number of memory bits:            0
   Number of processes:              0
   Number of cells:                  9
     shift_register_unit_18_10       9

=== shift_register_unit_18_1 ===

   Number of wires:                  6
   Number of wire bits:             57
   Number of public wires:           6
   Number of public wire bits:      57
   Number of memories:               0
   Number of memory bits:            0
   Number of processes:              0
   Number of cells:                  1
     $sdffe_18                       1

=== shift_register_unit_18_10 ===

   Number of wires:                 15
   Number of wire bits:            219
   Number of public wires:          15
   Number of public wire bits:     219
   Number of memories:               0
   Number of memory bits:            0
   Number of processes:              0
   Number of cells:                 10
     $sdffe_18                      10

=== subfxp_18_1 ===

   Number of wires:                  6
   Number of wire bits:             91
   Number of public wires:           5
   Number of public wire bits:      73
   Number of memories:               0
   Number of memory bits:            0
   Number of processes:              0
   Number of cells:                  2
     $add_18                         1
     $dff_18                         1

=== sum_complex_vector_unit_18_18_16_42 ===

   Number of wires:                171
   Number of wire bits:           2948
   Number of public wires:         104
   Number of public wire bits:    1749
   Number of memories:               0
   Number of memory bits:            0
   Number of processes:              0
   Number of cells:                103
     $add_18                        32
     $add_32                         1
     $and_1                          1
     $eq_14                          1
     $mux_14                         1
     $mux_18                        32
     $reduce_and_2                   1
     $sdffe_1                        1
     $sdffe_14                       1
     $sdffe_18                      32

=== design hierarchy ===

   C_LSTM_stage_1_18_10_160_512_1_16_1      1
     matrix_times_two_vectors_18_10_1_672_16_1      4
       multiple_c_matrix_vec_mult_and_sum_18_10_16_1_1_42      1
         c_matrix_vec_mult_core_18_10_16_1_1      1
           dft_16_top_18             1
             codeBlock88206_18       1
               addfxp_18_1          40
               multfix_alt_dsp_18     12
                 dsp_signed_mult_18x18_unit_18_36_0      1
               shiftRegFIFO_5_1      1
               subfxp_18_1          40
             codeBlock89324_18       1
               addfxp_18_1          32
               shiftRegFIFO_2_1      1
               subfxp_18_1          32
           elementwise_add_core_18_18_9      1
           elementwise_mult_core_18_1810_9_1      4
             dsp_signed_mult_18x18_unit_18_18_1      5
             fp_rounding_unit_1_37_10      9
           elementwise_sub_core_18_18_9      1
           shift_register_group_18_910      2
             shift_register_unit_18_10      9
         idft_16_top_18              1
           codeBlock98050_18         1
             addfxp_18_1            40
             multfix_alt_dsp_18     12
               dsp_signed_mult_18x18_unit_18_36_0      1
             shiftRegFIFO_5_1        1
             subfxp_18_1            40
           codeBlock99168_18         1
             addfxp_18_1            32
             shiftRegFIFO_2_1        1
             subfxp_18_1            32
         shift_register_group_18_16_1      2
           shift_register_unit_18_1     16
         sum_complex_vector_unit_18_18_16_42      1

   Number of wires:              26615
   Number of wire bits:         433463
   Number of public wires:       24519
   Number of public wire bits:  385907
   Number of memories:               0
   Number of memory bits:            0
   Number of processes:              0
   Number of cells:               8382
     $add_18                      1316
     $add_32                        36
     $add_37                       144
     $and_1                         58
     $dff_18                      1152
     $dff_36                       192
     $dffe_18                      896
     $eq_14                          4
     $mul_36                       192
     $mul_37                       160
     $mux_14                         4
     $mux_18                       128
     $mux_37                       144
     $neg_18                        28
     $not_1                          4
     $not_32                        32
     $reduce_and_2                   4
     $sdff_1                        72
     $sdffe_1                     1020
     $sdffe_14                      68
     $sdffe_18                    2100
     $sdffe_27                     144
     $sdffe_37                     448
     $sub_18                        36

