
5. Printing statistics.

=== addfxp_18_1 ===

   Number of wires:                  6
   Number of wire bits:             91
   Number of public wires:           5
   Number of public wire bits:      73
   Number of memories:               0
   Number of memory bits:            0
   Number of processes:              0
   Number of cells:                  2
     $add_18                         1
     $dff_18                         1

=== codeBlock88206_18 ===

   Number of wires:                296
   Number of wire bits:           5355
   Number of public wires:         288
   Number of public wire bits:    5099
   Number of memories:               0
   Number of memory bits:            0
   Number of processes:              0
   Number of cells:                182
     $add_32                         4
     $dffe_18                       80
     $not_32                         4
     $sdff_1                         1
     addfxp_18_1                    40
     multfix_alt_dsp_18             12
     shiftRegFIFO_5_1                1
     subfxp_18_1                    40

=== codeBlock89324_18 ===

   Number of wires:                197
   Number of wire bits:           3461
   Number of public wires:         197
   Number of public wire bits:    3461
   Number of memories:               0
   Number of memory bits:            0
   Number of processes:              0
   Number of cells:                 98
     $dffe_18                       32
     $sdff_1                         1
     addfxp_18_1                    32
     shiftRegFIFO_2_1                1
     subfxp_18_1                    32

=== dft_16_top_18 ===

   Number of wires:                167
   Number of wire bits:           2887
   Number of public wires:         167
   Number of public wire bits:    2887
   Number of memories:               0
   Number of memory bits:            0
   Number of processes:              0
   Number of cells:                  2
     codeBlock88206_18               1
     codeBlock89324_18               1

=== dsp_signed_mult_18x18_unit_18_36_0 ===

   Number of wires:                 18
   Number of wire bits:            296
   Number of public wires:          16
   Number of public wire bits:     224
   Number of memories:               0
   Number of memory bits:            0
   Number of processes:              0
   Number of cells:                  7
     $dff_36                         2
     $mul_36                         2
     $sdffe_1                        3

=== multfix_alt_dsp_18 ===

   Number of wires:                 12
   Number of wire bits:            218
   Number of public wires:          12
   Number of public wire bits:     218
   Number of memories:               0
   Number of memory bits:            0
   Number of processes:              0
   Number of cells:                  1
     dsp_signed_mult_18x18_unit_18_36_0      1

=== shiftRegFIFO_2_1 ===

   Number of wires:                  6
   Number of wire bits:              6
   Number of public wires:           6
   Number of public wire bits:       6
   Number of memories:               0
   Number of memory bits:            0
   Number of processes:              0
   Number of cells:                  2
     $sdff_1                         2

=== shiftRegFIFO_5_1 ===

   Number of wires:                  9
   Number of wire bits:              9
   Number of public wires:           9
   Number of public wire bits:       9
   Number of memories:               0
   Number of memory bits:            0
   Number of processes:              0
   Number of cells:                  5
     $sdff_1                         5

=== subfxp_18_1 ===

   Number of wires:                  6
   Number of wire bits:             91
   Number of public wires:           5
   Number of public wire bits:      73
   Number of memories:               0
   Number of memory bits:            0
   Number of processes:              0
   Number of cells:                  2
     $add_18                         1
     $dff_18                         1

=== design hierarchy ===

   dft_16_top_18                     1
     codeBlock88206_18               1
       addfxp_18_1                  40
       multfix_alt_dsp_18           12
         dsp_signed_mult_18x18_unit_18_36_0      1
       shiftRegFIFO_5_1              1
       subfxp_18_1                  40
     codeBlock89324_18               1
       addfxp_18_1                  32
       shiftRegFIFO_2_1              1
       subfxp_18_1                  32

   Number of wires:               1899
   Number of wire bits:          30990
   Number of public wires:        1723
   Number of public wire bits:   27278
   Number of memories:               0
   Number of memory bits:            0
   Number of processes:              0
   Number of cells:                501
     $add_18                       144
     $add_32                         4
     $dff_18                       144
     $dff_36                        24
     $dffe_18                      112
     $mul_36                        24
     $not_32                         4
     $sdff_1                         9
     $sdffe_1                       36

