
5. Printing statistics.

=== dsp_signed_mult_18x18_unit_18_18_1 ===

   Number of wires:                 22
   Number of wire bits:            374
   Number of public wires:          20
   Number of public wire bits:     300
   Number of memories:               0
   Number of memory bits:            0
   Number of processes:              0
   Number of cells:                 11
     $mul_37                         2
     $sdffe_1                        3
     $sdffe_18                       4
     $sdffe_37                       2

=== elementwise_mult_core_18_1810_9_1 ===

   Number of wires:                 99
   Number of wire bits:           1665
   Number of public wires:          99
   Number of public wire bits:    1665
   Number of memories:               0
   Number of memory bits:            0
   Number of processes:              0
   Number of cells:                 34
     $and_1                          1
     $sdffe_1                        1
     $sdffe_18                      18
     dsp_signed_mult_18x18_unit_18_18_1      5
     fp_rounding_unit_1_37_10        9

=== fp_rounding_unit_1_37_10 ===

   Number of wires:                 15
   Number of wire bits:            267
   Number of public wires:          14
   Number of public wire bits:     230
   Number of memories:               0
   Number of memory bits:            0
   Number of processes:              0
   Number of cells:                  8
     $add_37                         1
     $mux_37                         1
     $sdffe_1                        3
     $sdffe_27                       1
     $sdffe_37                       2

=== design hierarchy ===

   elementwise_mult_core_18_1810_9_1      1
     dsp_signed_mult_18x18_unit_18_18_1      5
     fp_rounding_unit_1_37_10        9

   Number of wires:                344
   Number of wire bits:           5938
   Number of public wires:         325
   Number of public wire bits:    5235
   Number of memories:               0
   Number of memory bits:            0
   Number of processes:              0
   Number of cells:                147
     $add_37                         9
     $and_1                          1
     $mul_37                        10
     $mux_37                         9
     $sdffe_1                       43
     $sdffe_18                      38
     $sdffe_27                       9
     $sdffe_37                      28

