
5. Printing statistics.

=== dsp_signed_mult_18x18_unit_18_18_1 ===

   Number of wires:                 22
   Number of wire bits:            374
   Number of public wires:          20
   Number of public wire bits:     300
   Number of memories:               0
   Number of memory bits:            0
   Number of processes:              0
   Number of cells:                 11
     $mul_37                         2
     $sdffe_1                        3
     $sdffe_18                       4
     $sdffe_37                       2

=== elementwise_mult_core_18_18_10_16_1 ===

   Number of wires:                169
   Number of wire bits:           2953
   Number of public wires:         169
   Number of public wire bits:    2953
   Number of memories:               0
   Number of memory bits:            0
   Number of processes:              0
   Number of cells:                 58
     $and_1                          1
     $sdffe_1                        1
     $sdffe_18                      32
     dsp_signed_mult_18x18_unit_18_18_1      8
     fp_rounding_unit_1_37_10       16

=== fp_rounding_unit_1_37_10 ===

   Number of wires:                 15
   Number of wire bits:            267
   Number of public wires:          14
   Number of public wire bits:     230
   Number of memories:               0
   Number of memory bits:            0
   Number of processes:              0
   Number of cells:                  8
     $add_37                         1
     $mux_37                         1
     $sdffe_1                        3
     $sdffe_27                       1
     $sdffe_37                       2

=== design hierarchy ===

   elementwise_mult_core_18_18_10_16_1      1
     dsp_signed_mult_18x18_unit_18_18_1      8
     fp_rounding_unit_1_37_10       16

   Number of wires:                585
   Number of wire bits:          10217
   Number of public wires:         553
   Number of public wire bits:    9033
   Number of memories:               0
   Number of memory bits:            0
   Number of processes:              0
   Number of cells:                250
     $add_37                        16
     $and_1                          1
     $mul_37                        16
     $mux_37                        16
     $sdffe_1                       73
     $sdffe_18                      64
     $sdffe_27                      16
     $sdffe_37                      48

