
5. Printing statistics.

=== counter_63_1 ===

   Number of wires:                  7
   Number of wire bits:             64
   Number of public wires:           4
   Number of public wire bits:      17
   Number of memories:               0
   Number of memory bits:            0
   Number of processes:              0
   Number of cells:                  4
     $add_32                         1
     $le_32                          1
     $mux_14                         1
     $sdffe_14                       1

=== single_port_ram ===

   Number of wires:                  9
   Number of wire bits:           1454
   Number of public wires:           5
   Number of public wire bits:     584
   Number of memories:               1
   Number of memory bits:         1728
   Number of processes:              0
   Number of cells:                  6
     $dffe_288                       1
     $memrd                          1
     $memwr_v2                       1
     $mux_1                          1
     $mux_288                        1
     $mux_6                          1

=== stage2_parameter_buffer_18_1_16_64 ===

   Number of wires:                228
   Number of wire bits:           4049
   Number of public wires:         228
   Number of public wire bits:    4049
   Number of memories:               0
   Number of memory bits:            0
   Number of processes:              0
   Number of cells:                  8
     counter_63_1                    1
     weight_buffer_18_16_1_64_Wfc_0      1
     weight_buffer_18_16_1_64_Wic_0      1
     weight_buffer_18_16_1_64_Woc_0      1
     weight_buffer_18_16_1_64_bc_0      1
     weight_buffer_18_16_1_64_bf_0      1
     weight_buffer_18_16_1_64_bi_0      1
     weight_buffer_18_16_1_64_bo_0      1

=== weight_buffer_18_16_1_64_Wfc_0 ===

   Number of wires:                 22
   Number of wire bits:            596
   Number of public wires:          22
   Number of public wire bits:     596
   Number of memories:               0
   Number of memory bits:            0
   Number of processes:              0
   Number of cells:                  2
     $dff_6                          1
     single_port_ram                 1

=== weight_buffer_18_16_1_64_Wic_0 ===

   Number of wires:                 22
   Number of wire bits:            596
   Number of public wires:          22
   Number of public wire bits:     596
   Number of memories:               0
   Number of memory bits:            0
   Number of processes:              0
   Number of cells:                  2
     $dff_6                          1
     single_port_ram                 1

=== weight_buffer_18_16_1_64_Woc_0 ===

   Number of wires:                 22
   Number of wire bits:            596
   Number of public wires:          22
   Number of public wire bits:     596
   Number of memories:               0
   Number of memory bits:            0
   Number of processes:              0
   Number of cells:                  2
     $dff_6                          1
     single_port_ram                 1

=== weight_buffer_18_16_1_64_bc_0 ===

   Number of wires:                 22
   Number of wire bits:            596
   Number of public wires:          22
   Number of public wire bits:     596
   Number of memories:               0
   Number of memory bits:            0
   Number of processes:              0
   Number of cells:                  2
     $dff_6                          1
     single_port_ram                 1

=== weight_buffer_18_16_1_64_bf_0 ===

   Number of wires:                 22
   Number of wire bits:            596
   Number of public wires:          22
   Number of public wire bits:     596
   Number of memories:               0
   Number of memory bits:            0
   Number of processes:              0
   Number of cells:                  2
     $dff_6                          1
     single_port_ram                 1

=== weight_buffer_18_16_1_64_bi_0 ===

   Number of wires:                 22
   Number of wire bits:            596
   Number of public wires:          22
   Number of public wire bits:     596
   Number of memories:               0
   Number of memory bits:            0
   Number of processes:              0
   Number of cells:                  2
     $dff_6                          1
     single_port_ram                 1

=== weight_buffer_18_16_1_64_bo_0 ===

   Number of wires:                 22
   Number of wire bits:            596
   Number of public wires:          22
   Number of public wire bits:     596
   Number of memories:               0
   Number of memory bits:            0
   Number of processes:              0
   Number of cells:                  2
     $dff_6                          1
     single_port_ram                 1

=== design hierarchy ===

   stage2_parameter_buffer_18_1_16_64      1
     counter_63_1                    1
     weight_buffer_18_16_1_64_Wfc_0      1
       single_port_ram               1
     weight_buffer_18_16_1_64_Wic_0      1
       single_port_ram               1
     weight_buffer_18_16_1_64_Woc_0      1
       single_port_ram               1
     weight_buffer_18_16_1_64_bc_0      1
       single_port_ram               1
     weight_buffer_18_16_1_64_bf_0      1
       single_port_ram               1
     weight_buffer_18_16_1_64_bi_0      1
       single_port_ram               1
     weight_buffer_18_16_1_64_bo_0      1
       single_port_ram               1

   Number of wires:                452
   Number of wire bits:          18463
   Number of public wires:         421
   Number of public wire bits:   12326
   Number of memories:               7
   Number of memory bits:        12096
   Number of processes:              0
   Number of cells:                 53
     $add_32                         1
     $dff_6                          7
     $dffe_288                       7
     $le_32                          1
     $memrd                          7
     $memwr_v2                       7
     $mux_1                          7
     $mux_14                         1
     $mux_288                        7
     $mux_6                          7
     $sdffe_14                       1

