
5. Printing statistics.

=== $paramod$d00916e4dfc2c0e171972116a153dab27e988efb\single_port_ram ===

   Number of wires:                  9
   Number of wire bits:            836
   Number of public wires:           5
   Number of public wire bits:     338
   Number of memories:               1
   Number of memory bits:         1944
   Number of processes:              0
   Number of cells:                  6
     $dffe_162                       1
     $memrd                          1
     $memwr_v2                       1
     $mux_1                          1
     $mux_12                         1
     $mux_162                        1

=== counter_41_1 ===

   Number of wires:                  7
   Number of wire bits:             64
   Number of public wires:           4
   Number of public wire bits:      17
   Number of memories:               0
   Number of memory bits:            0
   Number of processes:              0
   Number of cells:                  4
     $add_32                         1
     $le_32                          1
     $mux_14                         1
     $sdffe_14                       1

=== counter_63_1 ===

   Number of wires:                  7
   Number of wire bits:             64
   Number of public wires:           4
   Number of public wire bits:      17
   Number of memories:               0
   Number of memory bits:            0
   Number of processes:              0
   Number of cells:                  4
     $add_32                         1
     $le_32                          1
     $mux_14                         1
     $sdffe_14                       1

=== stage1_parameter_buffer_18_1_16_42_2688 ===

   Number of wires:                 82
   Number of wire bits:           1407
   Number of public wires:          80
   Number of public wire bits:    1343
   Number of memories:               0
   Number of memory bits:            0
   Number of processes:              0
   Number of cells:                 14
     $add_32                         1
     $and_1                          1
     $eq_14                          1
     $mul_31                         1
     counter_41_1                    1
     counter_63_1                    1
     weight_buffer_18_9_42_1_2688Wcxr_imag_half_0      1
     weight_buffer_18_9_42_1_2688Wcxr_real_half_0      1
     weight_buffer_18_9_42_1_2688Wfxr_imag_half_0      1
     weight_buffer_18_9_42_1_2688Wfxr_real_half_0      1
     weight_buffer_18_9_42_1_2688Wixr_imag_half_0      1
     weight_buffer_18_9_42_1_2688Wixr_real_half_0      1
     weight_buffer_18_9_42_1_2688Woxr_imag_half_0      1
     weight_buffer_18_9_42_1_2688Woxr_real_half_0      1

=== weight_buffer_18_9_42_1_2688Wcxr_imag_half_0 ===

   Number of wires:                 15
   Number of wire bits:            362
   Number of public wires:          15
   Number of public wire bits:     362
   Number of memories:               0
   Number of memory bits:            0
   Number of processes:              0
   Number of cells:                  2
     $dff_12                         1
     $paramod$d00916e4dfc2c0e171972116a153dab27e988efb\single_port_ram      1

=== weight_buffer_18_9_42_1_2688Wcxr_real_half_0 ===

   Number of wires:                 15
   Number of wire bits:            362
   Number of public wires:          15
   Number of public wire bits:     362
   Number of memories:               0
   Number of memory bits:            0
   Number of processes:              0
   Number of cells:                  2
     $dff_12                         1
     $paramod$d00916e4dfc2c0e171972116a153dab27e988efb\single_port_ram      1

=== weight_buffer_18_9_42_1_2688Wfxr_imag_half_0 ===

   Number of wires:                 15
   Number of wire bits:            362
   Number of public wires:          15
   Number of public wire bits:     362
   Number of memories:               0
   Number of memory bits:            0
   Number of processes:              0
   Number of cells:                  2
     $dff_12                         1
     $paramod$d00916e4dfc2c0e171972116a153dab27e988efb\single_port_ram      1

=== weight_buffer_18_9_42_1_2688Wfxr_real_half_0 ===

   Number of wires:                 15
   Number of wire bits:            362
   Number of public wires:          15
   Number of public wire bits:     362
   Number of memories:               0
   Number of memory bits:            0
   Number of processes:              0
   Number of cells:                  2
     $dff_12                         1
     $paramod$d00916e4dfc2c0e171972116a153dab27e988efb\single_port_ram      1

=== weight_buffer_18_9_42_1_2688Wixr_imag_half_0 ===

   Number of wires:                 15
   Number of wire bits:            362
   Number of public wires:          15
   Number of public wire bits:     362
   Number of memories:               0
   Number of memory bits:            0
   Number of processes:              0
   Number of cells:                  2
     $dff_12                         1
     $paramod$d00916e4dfc2c0e171972116a153dab27e988efb\single_port_ram      1

=== weight_buffer_18_9_42_1_2688Wixr_real_half_0 ===

   Number of wires:                 15
   Number of wire bits:            362
   Number of public wires:          15
   Number of public wire bits:     362
   Number of memories:               0
   Number of memory bits:            0
   Number of processes:              0
   Number of cells:                  2
     $dff_12                         1
     $paramod$d00916e4dfc2c0e171972116a153dab27e988efb\single_port_ram      1

=== weight_buffer_18_9_42_1_2688Woxr_imag_half_0 ===

   Number of wires:                 15
   Number of wire bits:            362
   Number of public wires:          15
   Number of public wire bits:     362
   Number of memories:               0
   Number of memory bits:            0
   Number of processes:              0
   Number of cells:                  2
     $dff_12                         1
     $paramod$d00916e4dfc2c0e171972116a153dab27e988efb\single_port_ram      1

=== weight_buffer_18_9_42_1_2688Woxr_real_half_0 ===

   Number of wires:                 15
   Number of wire bits:            362
   Number of public wires:          15
   Number of public wire bits:     362
   Number of memories:               0
   Number of memory bits:            0
   Number of processes:              0
   Number of cells:                  2
     $dff_12                         1
     $paramod$d00916e4dfc2c0e171972116a153dab27e988efb\single_port_ram      1

=== design hierarchy ===

   stage1_parameter_buffer_18_1_16_42_2688      1
     counter_41_1                    1
     counter_63_1                    1
     weight_buffer_18_9_42_1_2688Wcxr_imag_half_0      1
       $paramod$d00916e4dfc2c0e171972116a153dab27e988efb\single_port_ram      1
     weight_buffer_18_9_42_1_2688Wcxr_real_half_0      1
       $paramod$d00916e4dfc2c0e171972116a153dab27e988efb\single_port_ram      1
     weight_buffer_18_9_42_1_2688Wfxr_imag_half_0      1
       $paramod$d00916e4dfc2c0e171972116a153dab27e988efb\single_port_ram      1
     weight_buffer_18_9_42_1_2688Wfxr_real_half_0      1
       $paramod$d00916e4dfc2c0e171972116a153dab27e988efb\single_port_ram      1
     weight_buffer_18_9_42_1_2688Wixr_imag_half_0      1
       $paramod$d00916e4dfc2c0e171972116a153dab27e988efb\single_port_ram      1
     weight_buffer_18_9_42_1_2688Wixr_real_half_0      1
       $paramod$d00916e4dfc2c0e171972116a153dab27e988efb\single_port_ram      1
     weight_buffer_18_9_42_1_2688Woxr_imag_half_0      1
       $paramod$d00916e4dfc2c0e171972116a153dab27e988efb\single_port_ram      1
     weight_buffer_18_9_42_1_2688Woxr_real_half_0      1
       $paramod$d00916e4dfc2c0e171972116a153dab27e988efb\single_port_ram      1

   Number of wires:                288
   Number of wire bits:          11119
   Number of public wires:         248
   Number of public wire bits:    6977
   Number of memories:               8
   Number of memory bits:        15552
   Number of processes:              0
   Number of cells:                 68
     $add_32                         3
     $and_1                          1
     $dff_12                         8
     $dffe_162                       8
     $eq_14                          1
     $le_32                          2
     $memrd                          8
     $memwr_v2                       8
     $mul_31                         1
     $mux_1                          8
     $mux_12                         8
     $mux_14                         2
     $mux_162                        8
     $sdffe_14                       2

