
5. Printing statistics.

=== sum_complex_vector_unit_18_18_16_64 ===

   Number of wires:                171
   Number of wire bits:           2948
   Number of public wires:         104
   Number of public wire bits:    1749
   Number of memories:               0
   Number of memory bits:            0
   Number of processes:              0
   Number of cells:                103
     $add_18                        32
     $add_32                         1
     $and_1                          1
     $eq_14                          1
     $mux_14                         1
     $mux_18                        32
     $reduce_and_2                   1
     $sdffe_1                        1
     $sdffe_14                       1
     $sdffe_18                      32

