
5. Printing statistics.

=== activation ===

   Number of wires:                901
   Number of wire bits:           3427
   Number of public wires:          28
   Number of public wire bits:    1707
   Number of memories:               0
   Number of memory bits:            0
   Number of processes:              0
   Number of cells:                937
     $add_32                         1
     $add_8                         16
     $dffe_1                         1
     $eq_32                          4
     $eq_4                         144
     $ge_32                         80
     $gt_32                         64
     $le_32                         80
     $logic_and_1                  128
     $logic_not_4                   16
     $logic_not_8                   16
     $logic_or_1                     2
     $lt_32                         64
     $mul_8                         16
     $mux_1                         11
     $mux_128                        2
     $mux_4                        176
     $mux_8                         16
     $ne_2                           2
     $not_1                          2
     $pmux_8                        32
     $reduce_and_2                   2
     $reduce_bool_2                  2
     $reduce_or_2                   49
     $sdff_1                         1
     $sdff_128                       2
     $sdff_32                        1
     $sdffe_1                        2
     $sdffe_128                      5

