
5. Printing statistics.

=== cfg ===

   Number of wires:                125
   Number of wire bits:            613
   Number of public wires:          50
   Number of public wire bits:     444
   Number of memories:               0
   Number of memory bits:            0
   Number of processes:              0
   Number of cells:                117
     $eq_2                           2
     $eq_8                          21
     $logic_and_1                    4
     $logic_not_1                    1
     $logic_not_2                    1
     $logic_not_8                    1
     $mux_1                          4
     $mux_2                          1
     $mux_32                         1
     $ne_2                           2
     $ne_3                           1
     $not_1                          1
     $pmux_1                         2
     $pmux_32                        2
     $reduce_and_2                   2
     $reduce_and_3                  25
     $reduce_bool_2                  2
     $reduce_bool_3                  1
     $reduce_or_22                   1
     $sdffe_1                       11
     $sdffe_10                       3
     $sdffe_16                      13
     $sdffe_2                        1
     $sdffe_3                        1
     $sdffe_32                       3
     $sdffe_4                        8
     $sdffe_8                        2

