
5. Printing statistics.

=== control ===

   Number of wires:                 51
   Number of wire bits:             90
   Number of public wires:          15
   Number of public wire bits:      18
   Number of memories:               0
   Number of memory bits:            0
   Number of processes:              0
   Number of cells:                 39
     $eq_4                           5
     $logic_and_1                    1
     $logic_not_4                    1
     $mux_1                          4
     $mux_4                         11
     $ne_2                           6
     $ne_3                           1
     $not_1                          1
     $pmux_1                         1
     $pmux_4                         1
     $reduce_and_3                   1
     $reduce_and_8                   1
     $reduce_bool_2                  1
     $reduce_bool_6                  1
     $sdffe_1                        2
     $sdffe_4                        1

