
5. Printing statistics.

=== norm ===

   Number of wires:                 93
   Number of wire bits:           1394
   Number of public wires:          20
   Number of public wire bits:     842
   Number of memories:               0
   Number of memory bits:            0
   Number of processes:              0
   Number of cells:                 84
     $add_32                         1
     $dffe_1                         1
     $dffe_128                       1
     $eq_32                          2
     $logic_or_1                     2
     $mul_8                         16
     $mux_1                          3
     $mux_128                        1
     $mux_8                         32
     $not_1                          2
     $reduce_or_2                    1
     $sdff_1                         1
     $sdff_128                       2
     $sdff_32                        1
     $sdffe_1                        2
     $sub_8                         16

