
5. Printing statistics.

=== processing_element ===

   Number of wires:                  8
   Number of wire bits:             50
   Number of public wires:           8
   Number of public wire bits:      50
   Number of memories:               0
   Number of memory bits:            0
   Number of processes:              0
   Number of cells:                  3
     $sdff_8                         2
     seq_mac                         1

=== qadd ===

   Number of wires:                  3
   Number of wire bits:             48
   Number of public wires:           3
   Number of public wire bits:      48
   Number of memories:               0
   Number of memory bits:            0
   Number of processes:              0
   Number of cells:                  1
     $add_16                         1

=== qmult ===

   Number of wires:                  3
   Number of wire bits:             32
   Number of public wires:           3
   Number of public wire bits:      32
   Number of memories:               0
   Number of memory bits:            0
   Number of processes:              0
   Number of cells:                  1
     $mul_16                         1

=== seq_mac ===

   Number of wires:                 14
   Number of wire bits:            123
   Number of public wires:          11
   Number of public wire bits:     106
   Number of memories:               0
   Number of memory bits:            0
   Number of processes:              0
   Number of cells:                 10
     $dff_16                         2
     $dff_8                          2
     $mux_8                          3
     $reduce_or_8                    1
     qadd                            1
     qmult                           1

=== design hierarchy ===

   processing_element                1
     seq_mac                         1
       qadd                          1
       qmult                         1

   Number of wires:                 28
   Number of wire bits:            253
   Number of public wires:          25
   Number of public wire bits:     236
   Number of memories:               0
   Number of memory bits:            0
   Number of processes:              0
   Number of cells:                 12
     $add_16                         1
     $dff_16                         2
     $dff_8                          2
     $mul_16                         1
     $mux_8                          3
     $reduce_or_8                    1
     $sdff_8                         2

