
5. Printing statistics.

=== sBox_8 ===

   Number of wires:                244
   Number of wire bits:            490
   Number of public wires:         130
   Number of public wire bits:     340
   Number of memories:               0
   Number of memory bits:            0
   Number of processes:              0
   Number of cells:                163
     $and_1                         18
     $and_2                          8
     $dff_4                          1
     $dff_8                          1
     $mux_8                          1
     $not_1                         26
     $not_2                          8
     $not_8                          3
     $or_1                           6
     $reduce_xor_2                   8
     $reduce_xor_4                   2
     $xnor_1                        13
     $xor_1                         55
     $xor_2                         13

