
5. Printing statistics.

=== sBox ===

   Number of wires:                  5
   Number of wire bits:             98
   Number of public wires:           5
   Number of public wire bits:      98
   Number of memories:               0
   Number of memory bits:            0
   Number of processes:              0
   Number of cells:                  4
     sBox_8                          4

=== sBox_8 ===

   Number of wires:                244
   Number of wire bits:            490
   Number of public wires:         130
   Number of public wire bits:     340
   Number of memories:               0
   Number of memory bits:            0
   Number of processes:              0
   Number of cells:                163
     $and_1                         18
     $and_2                          8
     $dff_4                          1
     $dff_8                          1
     $mux_8                          1
     $not_1                         26
     $not_2                          8
     $not_8                          3
     $or_1                           6
     $reduce_xor_2                   8
     $reduce_xor_4                   2
     $xnor_1                        13
     $xor_1                         55
     $xor_2                         13

=== design hierarchy ===

   sBox                              1
     sBox_8                          4

   Number of wires:                981
   Number of wire bits:           2058
   Number of public wires:         525
   Number of public wire bits:    1458
   Number of memories:               0
   Number of memory bits:            0
   Number of processes:              0
   Number of cells:                652
     $and_1                         72
     $and_2                         32
     $dff_4                          4
     $dff_8                          4
     $mux_8                          4
     $not_1                        104
     $not_2                         32
     $not_8                         12
     $or_1                          24
     $reduce_xor_2                  32
     $reduce_xor_4                   8
     $xnor_1                        52
     $xor_1                        220
     $xor_2                         52

