
5. Printing statistics.

=== $paramod\adder_tree_branch\EXTRA_BITS=s32'00000000000000000000000000000000 ===

   Number of wires:                  3
   Number of wire bits:             55
   Number of public wires:           3
   Number of public wire bits:      55
   Number of memories:               0
   Number of memory bits:            0
   Number of processes:              0
   Number of cells:                  1
     $add                            1

=== $paramod\adder_tree_branch\EXTRA_BITS=s32'00000000000000000000000000000001 ===

   Number of wires:                  3
   Number of wire bits:             58
   Number of public wires:           3
   Number of public wire bits:      58
   Number of memories:               0
   Number of memory bits:            0
   Number of processes:              0
   Number of cells:                  1
     $add                            1

=== $paramod\adder_tree_branch\EXTRA_BITS=s32'00000000000000000000000000000010 ===

   Number of wires:                  3
   Number of wire bits:             61
   Number of public wires:           3
   Number of public wire bits:      61
   Number of memories:               0
   Number of memory bits:            0
   Number of processes:              0
   Number of cells:                  1
     $add                            1

=== adder_tree_top ===

   Number of wires:                 25
   Number of wire bits:            445
   Number of public wires:          25
   Number of public wire bits:     445
   Number of memories:               0
   Number of memory bits:            0
   Number of processes:              0
   Number of cells:                 16
     $dff                            9
     $paramod\adder_tree_branch\EXTRA_BITS=s32'00000000000000000000000000000000      4
     $paramod\adder_tree_branch\EXTRA_BITS=s32'00000000000000000000000000000001      2
     $paramod\adder_tree_branch\EXTRA_BITS=s32'00000000000000000000000000000010      1

=== design hierarchy ===

   adder_tree_top                    1
     $paramod\adder_tree_branch\EXTRA_BITS=s32'00000000000000000000000000000000      4
     $paramod\adder_tree_branch\EXTRA_BITS=s32'00000000000000000000000000000001      2
     $paramod\adder_tree_branch\EXTRA_BITS=s32'00000000000000000000000000000010      1

   Number of wires:                 46
   Number of wire bits:            842
   Number of public wires:          46
   Number of public wire bits:     842
   Number of memories:               0
   Number of memory bits:            0
   Number of processes:              0
   Number of cells:                 16
     $add                            7
     $dff                            9

