
5. Printing statistics.

=== $paramod\adder_tree_branch\EXTRA_BITS=s32'00000000000000000000000000000000 ===

   Number of wires:                  3
   Number of wire bits:             67
   Number of public wires:           3
   Number of public wire bits:      67
   Number of memories:               0
   Number of memory bits:            0
   Number of processes:              0
   Number of cells:                  1
     $add                            1

=== $paramod\adder_tree_branch\EXTRA_BITS=s32'00000000000000000000000000000001 ===

   Number of wires:                  3
   Number of wire bits:             70
   Number of public wires:           3
   Number of public wire bits:      70
   Number of memories:               0
   Number of memory bits:            0
   Number of processes:              0
   Number of cells:                  1
     $add                            1

=== $paramod\adder_tree_branch\EXTRA_BITS=s32'00000000000000000000000000000010 ===

   Number of wires:                  3
   Number of wire bits:             73
   Number of public wires:           3
   Number of public wire bits:      73
   Number of memories:               0
   Number of memory bits:            0
   Number of processes:              0
   Number of cells:                  1
     $add                            1

=== adder_tree_top ===

   Number of wires:                 17
   Number of wire bits:            358
   Number of public wires:          17
   Number of public wire bits:     358
   Number of memories:               0
   Number of memory bits:            0
   Number of processes:              0
   Number of cells:                  8
     $dff                            5
     $paramod\adder_tree_branch\EXTRA_BITS=s32'00000000000000000000000000000000      2
     $paramod\adder_tree_branch\EXTRA_BITS=s32'00000000000000000000000000000001      1

=== design hierarchy ===

   adder_tree_top                    1
     $paramod\adder_tree_branch\EXTRA_BITS=s32'00000000000000000000000000000000      2
     $paramod\adder_tree_branch\EXTRA_BITS=s32'00000000000000000000000000000001      1

   Number of wires:                 26
   Number of wire bits:            562
   Number of public wires:          26
   Number of public wire bits:     562
   Number of memories:               0
   Number of memory bits:            0
   Number of processes:              0
   Number of cells:                  8
     $add                            3
     $dff                            5

