
5. Printing statistics.

=== or1200_genpc ===

   Number of wires:                 69
   Number of wire bits:            649
   Number of public wires:          26
   Number of public wire bits:     310
   Number of memories:               0
   Number of memory bits:            0
   Number of processes:              0
   Number of cells:                 47
     $add_30                         2
     $and_1                          5
     $dffe_30                        1
     $eq_5                          14
     $logic_not_1                    6
     $logic_not_5                    1
     $mux_1                          2
     $mux_20                         1
     $mux_30                         3
     $mux_32                         3
     $or_1                           3
     $pmux_1                         1
     $pmux_32                        1
     $reduce_bool_3                  1
     $reduce_or_12                   1
     $reduce_or_8                    1
     $sub_36                         1

