
5. Printing statistics.

=== or1200_mult_mac ===

   Number of wires:                 94
   Number of wire bits:           1494
   Number of public wires:          31
   Number of public wire bits:     511
   Number of memories:               0
   Number of memory bits:            0
   Number of processes:              0
   Number of cells:                 82
     $add_32                         3
     $add_64                         1
     $and_1                          7
     $eq_2                           2
     $eq_4                           3
     $logic_and_1                    1
     $logic_not_1                    2
     $mul_64                         1
     $mux_1                          2
     $mux_32                        14
     $mux_6                          2
     $mux_64                         4
     $ne_2                           1
     $not_1                          2
     $not_32                         3
     $or_1                           7
     $pmux_32                        1
     $reduce_and_2                   3
     $reduce_bool_2                  2
     $reduce_bool_3                  1
     $reduce_bool_4                  1
     $reduce_bool_5                  1
     $reduce_or_2                    4
     $reduce_or_6                    1
     $sdff_1                         1
     $sdff_2                         3
     $sdffe_1                        1
     $sdffe_32                       2
     $sdffe_6                        1
     $sdffe_64                       1
     $sub_32                         1
     $sub_6                          1
     $sub_64                         1
     $xor_1                          1

