
5. Printing statistics.

=== or1200_ctrl ===

   Number of wires:                147
   Number of wire bits:            455
   Number of public wires:          48
   Number of public wire bits:     323
   Number of memories:               0
   Number of memory bits:            0
   Number of processes:              0
   Number of cells:                129
     $and_1                          6
     $eq_3                           4
     $eq_4                           3
     $eq_5                           4
     $eq_6                          45
     $eq_9                           2
     $logic_and_1                    4
     $logic_not_1                    2
     $logic_not_6                    2
     $mux_1                          2
     $mux_16                         1
     $mux_2                          5
     $mux_21                         1
     $mux_32                         1
     $mux_5                          1
     $or_1                           4
     $pmux_2                         2
     $pmux_3                         2
     $pmux_4                         2
     $reduce_or_10                   1
     $reduce_or_14                   1
     $reduce_or_2                    9
     $reduce_or_3                    3
     $reduce_or_5                    1
     $reduce_or_6                    1
     $reduce_or_8                    1
     $sdff_2                         1
     $sdffe_1                        5
     $sdffe_16                       1
     $sdffe_2                        1
     $sdffe_3                        3
     $sdffe_32                       3
     $sdffe_4                        3
     $sdffe_5                        2

