
5. Printing statistics.

=== or1200_sprs ===

   Number of wires:                142
   Number of wire bits:           1496
   Number of public wires:          59
   Number of public wire bits:     871
   Number of memories:               0
   Number of memory bits:            0
   Number of processes:              0
   Number of cells:                114
     $and_1                          8
     $and_32                         9
     $eq_11                          6
     $eq_3                           1
     $eq_4                           2
     $eq_5                          31
     $eq_6                           1
     $logic_and_1                   13
     $logic_not_5                    1
     $logic_not_7                    1
     $mux_1                          8
     $mux_32                         5
     $mux_4                          2
     $mux_5                          2
     $mux_9                          2
     $not_1                          1
     $or_1                           7
     $or_32                          8
     $pmux_32                        2
     $reduce_and_2                   1
     $reduce_or_2                    1
     $sdffe_11                       1
     $sdffe_5                        1

