
5. Printing statistics.

=== or1200_alu ===

   Number of wires:                109
   Number of wire bits:           1801
   Number of public wires:          28
   Number of public wire bits:     385
   Number of memories:               0
   Number of memory bits:            0
   Number of processes:              0
   Number of cells:                 95
     $add_32                         1
     $add_33                         2
     $and_32                         2
     $eq_2                           4
     $eq_3                           5
     $eq_32                          1
     $eq_4                          13
     $eq_5                           3
     $logic_not_2                    2
     $logic_not_3                    1
     $logic_not_32                   3
     $logic_not_4                    1
     $lt_32                          1
     $mux_1                          2
     $mux_32                        34
     $not_1                          3
     $or_1                           1
     $or_32                          2
     $pmux_1                         3
     $pmux_32                        4
     $reduce_or_2                    1
     $reduce_or_4                    1
     $sub_32                         1
     $xor_29                         2
     $xor_32                         2

