
5. Printing statistics.

=== tanh ===

   Number of wires:                254
   Number of wire bits:            465
   Number of public wires:           5
   Number of public wire bits:      69
   Number of memories:               0
   Number of memory bits:            0
   Number of processes:              0
   Number of cells:                253
     $add_16                         2
     $and_1                        145
     $dlatch_5                       1
     $eq_4                           2
     $eq_5                          23
     $ge_16                         13
     $logic_and_1                   11
     $logic_not_4                    1
     $logic_not_5                    1
     $lt_16                         11
     $mux_16                         2
     $mux_5                         21
     $not_1                         14
     $not_15                         1
     $not_16                         1
     $pmux_16                        1
     $pmux_5                         1
     $reduce_or_2                    1
     $reduce_or_3                    1

