
 /----------------------------------------------------------------------------\
 |                                                                            |
 |  yosys -- Yosys Open SYnthesis Suite                                       |
 |                                                                            |
 |  Copyright (C) 2012 - 2020  Claire Xenia Wolf <claire@yosyshq.com>         |
 |                                                                            |
 |  Permission to use, copy, modify, and/or distribute this software for any  |
 |  purpose with or without fee is hereby granted, provided that the above    |
 |  copyright notice and this permission notice appear in all copies.         |
 |                                                                            |
 |  THE SOFTWARE IS PROVIDED "AS IS" AND THE AUTHOR DISCLAIMS ALL WARRANTIES  |
 |  WITH REGARD TO THIS SOFTWARE INCLUDING ALL IMPLIED WARRANTIES OF          |
 |  MERCHANTABILITY AND FITNESS. IN NO EVENT SHALL THE AUTHOR BE LIABLE FOR   |
 |  ANY SPECIAL, DIRECT, INDIRECT, OR CONSEQUENTIAL DAMAGES OR ANY DAMAGES    |
 |  WHATSOEVER RESULTING FROM LOSS OF USE, DATA OR PROFITS, WHETHER IN AN     |
 |  ACTION OF CONTRACT, NEGLIGENCE OR OTHER TORTIOUS ACTION, ARISING OUT OF   |
 |  OR IN CONNECTION WITH THE USE OR PERFORMANCE OF THIS SOFTWARE.            |
 |                                                                            |
 \----------------------------------------------------------------------------/

 Yosys 0.10+12 (git sha1 4d87019, gcc 7.4.0-1ubuntu1~16.04~ppa1 -fPIC -Os)


-- Executing script file `out.ys' --

1. Executing Verilog-2005 frontend: /home/zhigang/DATA/raw_designs/yosys_designs/svinterfaces/ondemand.sv
Parsing SystemVerilog input from `/home/zhigang/DATA/raw_designs/yosys_designs/svinterfaces/ondemand.sv' to AST representation.
Storing AST representation for module `$abstract\ondemand'.
Successfully finished Verilog frontend.

2. Executing HIERARCHY pass (managing design hierarchy).

2.1. Finding top of design hierarchy..
root of   0 design levels: $abstract\ondemand  
Automatically selected $abstract\ondemand as design top module.

2.2. Analyzing design hierarchy..
Top module:  $abstract\ondemand

2.3. Analyzing design hierarchy..
Top module:  $abstract\ondemand
Removed 0 unused modules.

3. Executing HIERARCHY pass (managing design hierarchy).

3.1. Executing AST frontend in derive mode using pre-parsed AST for module `\ondemand'.
Generating RTLIL representation for module `\ondemand'.
/home/zhigang/DATA/raw_designs/yosys_designs/svinterfaces/ondemand.sv:4: Warning: Identifier `\intf.y' is implicitly declared.
/home/zhigang/DATA/raw_designs/yosys_designs/svinterfaces/ondemand.sv:4: Warning: Identifier `\intf.x' is implicitly declared.

3.2. Analyzing design hierarchy..
Top module:  \ondemand
Generating RTLIL representation for module `\ondemand'.
/home/zhigang/DATA/raw_designs/yosys_designs/svinterfaces/ondemand.sv:4: Warning: Identifier `\intf.y' is implicitly declared.
/home/zhigang/DATA/raw_designs/yosys_designs/svinterfaces/ondemand.sv:4: Warning: Identifier `\intf.x' is implicitly declared.

3.3. Analyzing design hierarchy..
Top module:  \ondemand

3.4. Analyzing design hierarchy..
Top module:  \ondemand
Removing unused module `$abstract\ondemand'.
Removed 1 unused modules.

4. Executing PROC pass (convert processes to netlists).

4.1. Executing PROC_CLEAN pass (remove empty switches from decision trees).
Cleaned up 0 empty switches.

4.2. Executing PROC_RMDEAD pass (remove dead branches from decision trees).
Removed a total of 0 dead cases.

4.3. Executing PROC_PRUNE pass (remove redundant assignments in processes).
Removed 0 redundant assignments.
Promoted 0 assignments to connections.

4.4. Executing PROC_INIT pass (extract init attributes).

4.5. Executing PROC_ARST pass (detect async resets in processes).

4.6. Executing PROC_MUX pass (convert decision trees to multiplexers).

4.7. Executing PROC_DLATCH pass (convert process syncs to latches).

4.8. Executing PROC_DFF pass (convert process syncs to FFs).

4.9. Executing PROC_MEMWR pass (convert process memory writes to cells).

4.10. Executing PROC_CLEAN pass (remove empty switches from decision trees).
Cleaned up 0 empty switches.

4.11. Executing OPT_EXPR pass (perform const folding).
Optimizing module ondemand.

5. Executing OPT pass (performing simple optimizations).

5.1. Executing OPT_EXPR pass (perform const folding).
Optimizing module ondemand.

5.2. Executing OPT_MERGE pass (detect identical cells).
Finding identical cells in module `\ondemand'.
Removed a total of 0 cells.

5.3. Executing OPT_MUXTREE pass (detect dead branches in mux trees).
Running muxtree optimizer on module \ondemand..
  Creating internal representation of mux trees.
  No muxes found in this module.
Removed 0 multiplexer ports.

5.4. Executing OPT_REDUCE pass (consolidate $*mux and $reduce_* inputs).
  Optimizing cells in module \ondemand.
Performed a total of 0 changes.

5.5. Executing OPT_MERGE pass (detect identical cells).
Finding identical cells in module `\ondemand'.
Removed a total of 0 cells.

5.6. Executing OPT_DFF pass (perform DFF optimizations).

5.7. Executing OPT_CLEAN pass (remove unused cells and wires).
Finding unused cells or wires in module \ondemand..
Removed 1 unused cells and 3 unused wires.
<suppressed ~4 debug messages>

5.8. Executing OPT_EXPR pass (perform const folding).
Optimizing module ondemand.

5.9. Rerunning OPT passes. (Maybe there is more to do..)

5.10. Executing OPT_MUXTREE pass (detect dead branches in mux trees).
Running muxtree optimizer on module \ondemand..
  Creating internal representation of mux trees.
  No muxes found in this module.
Removed 0 multiplexer ports.

5.11. Executing OPT_REDUCE pass (consolidate $*mux and $reduce_* inputs).
  Optimizing cells in module \ondemand.
Performed a total of 0 changes.

5.12. Executing OPT_MERGE pass (detect identical cells).
Finding identical cells in module `\ondemand'.
Removed a total of 0 cells.

5.13. Executing OPT_DFF pass (perform DFF optimizations).

5.14. Executing OPT_CLEAN pass (remove unused cells and wires).
Finding unused cells or wires in module \ondemand..

5.15. Executing OPT_EXPR pass (perform const folding).
Optimizing module ondemand.

5.16. Finished OPT passes. (There is nothing left to do.)

6. Printing statistics.

=== ondemand ===

   Number of wires:                  0
   Number of wire bits:              0
   Number of public wires:           0
   Number of public wire bits:       0
   Number of memories:               0
   Number of memory bits:            0
   Number of processes:              0
   Number of cells:                  0

Warnings: 2 unique messages, 4 total
End of script. Logfile hash: 4a33b82db8, CPU: user 0.02s system 0.00s, MEM: 11.14 MB peak
Yosys 0.10+12 (git sha1 4d87019, gcc 7.4.0-1ubuntu1~16.04~ppa1 -fPIC -Os)
Time spent: 74% 4x opt_expr (0 sec), 24% 3x opt_merge (0 sec), ...
