
5. Printing statistics.

=== counter_63_1 ===

   Number of wires:                  7
   Number of wire bits:             64
   Number of public wires:           4
   Number of public wire bits:      17
   Number of memories:               0
   Number of memory bits:            0
   Number of processes:              0
   Number of cells:                  4
     $add                            1
     $le                             1
     $mux                            1
     $sdffe                          1

=== dual_port_ram ===

   Number of wires:                 17
   Number of wire bits:           2907
   Number of public wires:           9
   Number of public wire bits:    1167
   Number of memories:               1
   Number of memory bits:         1728
   Number of processes:              0
   Number of cells:                 12
     $dffe                           2
     $memrd                          2
     $memwr_v2                       2
     $mux                            6

=== ram_288_0_64 ===

   Number of wires:                  8
   Number of wire bits:           1166
   Number of public wires:           8
   Number of public wire bits:    1166
   Number of memories:               0
   Number of memory bits:            0
   Number of processes:              0
   Number of cells:                  1
     dual_port_ram                   1

=== stage2_Ct_buffer_18_3_16_64 ===

   Number of wires:                 82
   Number of wire bits:           2408
   Number of public wires:          77
   Number of public wire bits:    2341
   Number of memories:               0
   Number of memory bits:            0
   Number of processes:              0
   Number of cells:                 12
     $add                            2
     $lt                             3
     $sdff                           3
     counter_63_1                    1
     ram_288_0_64                    3

=== design hierarchy ===

   stage2_Ct_buffer_18_3_16_64       1
     counter_63_1                    1
     ram_288_0_64                    3
       dual_port_ram                 1

   Number of wires:                164
   Number of wire bits:          14691
   Number of public wires:         132
   Number of public wire bits:    9357
   Number of memories:               3
   Number of memory bits:         5184
   Number of processes:              0
   Number of cells:                 48
     $add                            3
     $dffe                           6
     $le                             1
     $lt                             3
     $memrd                          6
     $memwr_v2                       6
     $mux                           19
     $sdff                           3
     $sdffe                          1

