
5. Printing statistics.

=== $paramod$d00916e4dfc2c0e171972116a153dab27e988efb\single_port_ram ===

   Number of wires:                  9
   Number of wire bits:            836
   Number of public wires:           5
   Number of public wire bits:     338
   Number of memories:               1
   Number of memory bits:         1944
   Number of processes:              0
   Number of cells:                  6
     $dffe                           1
     $memrd                          1
     $memwr_v2                       1
     $mux                            3

=== weight_buffer_18_9_42_3_2688Wixr_imag_half_0 ===

   Number of wires:                 41
   Number of wire bits:           1082
   Number of public wires:          39
   Number of public wire bits:    1058
   Number of memories:               0
   Number of memory bits:            0
   Number of processes:              0
   Number of cells:                  8
     $add                            2
     $dff                            3
     $paramod$d00916e4dfc2c0e171972116a153dab27e988efb\single_port_ram      3

=== design hierarchy ===

   weight_buffer_18_9_42_3_2688Wixr_imag_half_0      1
     $paramod$d00916e4dfc2c0e171972116a153dab27e988efb\single_port_ram      3

   Number of wires:                 68
   Number of wire bits:           3590
   Number of public wires:          54
   Number of public wire bits:    2072
   Number of memories:               3
   Number of memory bits:         5832
   Number of processes:              0
   Number of cells:                 23
     $add                            2
     $dff                            3
     $dffe                           3
     $memrd                          3
     $memwr_v2                       3
     $mux                            9

