
5. Printing statistics.

=== cavlc_read_run_befores ===

   Number of wires:                286
   Number of wire bits:           1571
   Number of public wires:          46
   Number of public wire bits:     338
   Number of memories:               0
   Number of memory bits:            0
   Number of processes:              0
   Number of cells:                261
     $add                            1
     $adffe                         17
     $eq                            40
     $ge                            15
     $gt                             2
     $logic_and                      4
     $logic_not                      3
     $mux                          119
     $ne                            32
     $pmux                           4
     $reduce_and                    16
     $reduce_bool                    4
     $reduce_or                      1
     $sub                            3

