
5. Printing statistics.

=== cavlc_fsm ===

   Number of wires:                 66
   Number of wire bits:            260
   Number of public wires:          14
   Number of public wire bits:      41
   Number of memories:               0
   Number of memory bits:            0
   Number of processes:              0
   Number of cells:                 55
     $adffe                          3
     $eq                             9
     $gt                             2
     $logic_and                      2
     $logic_not                      2
     $logic_or                       1
     $lt                             1
     $mux                           15
     $ne                             7
     $pmux                           3
     $reduce_and                     3
     $reduce_bool                    3
     $sub                            4

