
5. Printing statistics.

=== cavlc_read_total_coeffs ===

   Number of wires:                557
   Number of wire bits:           1592
   Number of public wires:          32
   Number of public wire bits:     160
   Number of memories:               0
   Number of memory bits:            0
   Number of processes:              0
   Number of cells:                549
     $add                            1
     $adffe                          7
     $eq                           134
     $logic_and                      2
     $logic_not                     13
     $logic_or                       1
     $mux                          339
     $not                            4
     $or                             1
     $pmux                          14
     $reduce_and                     5
     $reduce_or                     28

