
5. Printing statistics.

=== tanh ===

   Number of wires:                254
   Number of wire bits:            465
   Number of public wires:           5
   Number of public wire bits:      69
   Number of memories:               0
   Number of memory bits:            0
   Number of processes:              0
   Number of cells:                253
     $add                            2
     $and                          145
     $dlatch                         1
     $eq                            25
     $ge                            13
     $logic_and                     11
     $logic_not                      2
     $lt                            11
     $mux                           23
     $not                           16
     $pmux                           2
     $reduce_or                      2

