
5. Printing statistics.

=== qadd2 ===

   Number of wires:                  3
   Number of wire bits:             48
   Number of public wires:           3
   Number of public wire bits:      48
   Number of memories:               0
   Number of memory bits:            0
   Number of processes:              0
   Number of cells:                  1
     $add                            1

=== vecmat_add_h ===

   Number of wires:                 83
   Number of wire bits:           2306
   Number of public wires:          83
   Number of public wire bits:    2306
   Number of memories:               0
   Number of memory bits:            0
   Number of processes:              0
   Number of cells:                 80
     $dffe                          17
     qadd2                          63

=== design hierarchy ===

   vecmat_add_h                      1
     qadd2                          63

   Number of wires:                272
   Number of wire bits:           5330
   Number of public wires:         272
   Number of public wire bits:    5330
   Number of memories:               0
   Number of memory bits:            0
   Number of processes:              0
   Number of cells:                 80
     $add                           63
     $dffe                          17

