
5. Printing statistics.

=== f3_add ===

   Number of wires:                 29
   Number of wire bits:             32
   Number of public wires:           9
   Number of public wire bits:      12
   Number of memories:               0
   Number of memory bits:            0
   Number of processes:              0
   Number of cells:                 22
     $and_1                         14
     $not_1                          4
     $or_1                           4

=== f3_sub ===

   Number of wires:                  3
   Number of wire bits:              6
   Number of public wires:           3
   Number of public wire bits:       6
   Number of memories:               0
   Number of memory bits:            0
   Number of processes:              0
   Number of cells:                  1
     f3_add                          1

=== f3m_sub ===

   Number of wires:                  3
   Number of wire bits:            582
   Number of public wires:           3
   Number of public wire bits:     582
   Number of memories:               0
   Number of memory bits:            0
   Number of processes:              0
   Number of cells:                 97
     f3_sub                         97

=== design hierarchy ===

   f3m_sub                           1
     f3_sub                         97
       f3_add                        1

   Number of wires:               3107
   Number of wire bits:           4268
   Number of public wires:        1167
   Number of public wire bits:    2328
   Number of memories:               0
   Number of memory bits:            0
   Number of processes:              0
   Number of cells:               2134
     $and_1                       1358
     $not_1                        388
     $or_1                         388

