
5. Printing statistics.

=== f3_add ===

   Number of wires:                 29
   Number of wire bits:             32
   Number of public wires:           9
   Number of public wire bits:      12
   Number of memories:               0
   Number of memory bits:            0
   Number of processes:              0
   Number of cells:                 22
     $and_1                         14
     $not_1                          4
     $or_1                           4

=== f3_mult ===

   Number of wires:                 21
   Number of wire bits:             24
   Number of public wires:           7
   Number of public wire bits:      10
   Number of memories:               0
   Number of memory bits:            0
   Number of processes:              0
   Number of cells:                 16
     $and_1                         10
     $not_1                          4
     $or_1                           2

=== f3_sub ===

   Number of wires:                  3
   Number of wire bits:              6
   Number of public wires:           3
   Number of public wire bits:       6
   Number of memories:               0
   Number of memory bits:            0
   Number of processes:              0
   Number of cells:                  1
     f3_add                          1

=== f3m_add ===

   Number of wires:                  3
   Number of wire bits:            582
   Number of public wires:           3
   Number of public wire bits:     582
   Number of memories:               0
   Number of memory bits:            0
   Number of processes:              0
   Number of cells:                 97
     f3_add                         97

=== f3m_cubic ===

   Number of wires:                 90
   Number of wire bits:            564
   Number of public wires:          90
   Number of public wire bits:     564
   Number of memories:               0
   Number of memory bits:            0
   Number of processes:              0
   Number of cells:                 88
     f3_add                         88

=== f3m_inv ===

   Number of wires:                 37
   Number of wire bits:           5298
   Number of public wires:          23
   Number of public wire bits:    3529
   Number of memories:               0
   Number of memory bits:            0
   Number of processes:              0
   Number of cells:                 32
     $dffe_194                       2
     $logic_not_2                    1
     $mux_196                        9
     $ne_2                           1
     $ne_3                           1
     $not_1                          1
     $reduce_and_2                   1
     $sdff_195                       1
     $sdff_196                       2
     $sdffe_1                        1
     $sdffe_196                      2
     $sdffe_2                        1
     f3_mult                         1
     func1                           2
     func2                           2
     func3                           2
     func4                           1
     func5                           1

=== f3m_mult ===

   Number of wires:                 17
   Number of wire bits:           2366
   Number of public wires:          15
   Number of public wire bits:    1978
   Number of memories:               0
   Number of memory bits:            0
   Number of processes:              0
   Number of cells:                 12
     $dff_188                        1
     $dff_194                        1
     $dffe_194                       1
     $mux_194                        2
     $sdff_194                       1
     $sdff_34                        1
     $sdff_6                         1
     $sdffe_1                        1
     f3m_add                         1
     func7                           1
     func8                           1

=== f3m_neg ===

   Number of wires:                  2
   Number of wire bits:            388
   Number of public wires:           2
   Number of public wire bits:     388
   Number of memories:               0
   Number of memory bits:            0
   Number of processes:              0
   Number of cells:                  0

=== func1 ===

   Number of wires:                  5
   Number of wire bits:            786
   Number of public wires:           5
   Number of public wire bits:     786
   Number of memories:               0
   Number of memory bits:            0
   Number of processes:              0
   Number of cells:                 99
     f3_sub                         98
     func4                           1

=== func10 ===

   Number of wires:                 21
   Number of wire bits:           1953
   Number of public wires:          17
   Number of public wire bits:    1949
   Number of memories:               0
   Number of memory bits:            0
   Number of processes:              0
   Number of cells:                 15
     $and_1                          2
     $or_1                           2
     $sdffe_1                        1
     $sdffe_194                      2
     $sdffe_3                        1
     f3m_add                         2
     f3m_cubic                       1
     f3m_inv                         1
     f3m_mult                        1
     f3m_neg                         1
     func6                           1

=== func2 ===

   Number of wires:                  2
   Number of wire bits:            392
   Number of public wires:           2
   Number of public wire bits:     392
   Number of memories:               0
   Number of memory bits:            0
   Number of processes:              0
   Number of cells:                  0

=== func3 ===

   Number of wires:                  5
   Number of wire bits:            592
   Number of public wires:           5
   Number of public wire bits:     592
   Number of memories:               0
   Number of memory bits:            0
   Number of processes:              0
   Number of cells:                  4
     f3_mult                         2
     f3_sub                          2

=== func4 ===

   Number of wires:                  3
   Number of wire bits:            394
   Number of public wires:           3
   Number of public wire bits:     394
   Number of memories:               0
   Number of memory bits:            0
   Number of processes:              0
   Number of cells:                 98
     f3_mult                        98

=== func5 ===

   Number of wires:                  2
   Number of wire bits:            392
   Number of public wires:           2
   Number of public wire bits:     392
   Number of memories:               0
   Number of memory bits:            0
   Number of processes:              0
   Number of cells:                  1
     f3_add                          1

=== func6 ===

   Number of wires:                  8
   Number of wire bits:             39
   Number of public wires:           6
   Number of public wire bits:       6
   Number of memories:               0
   Number of memory bits:            0
   Number of processes:              0
   Number of cells:                  4
     $eq_2                           1
     $mux_32                         1
     $sdff_1                         2

=== func7 ===

   Number of wires:                  5
   Number of wire bits:            394
   Number of public wires:           5
   Number of public wire bits:     394
   Number of memories:               0
   Number of memory bits:            0
   Number of processes:              0
   Number of cells:                  3
     f3_add                          3

=== func8 ===

   Number of wires:                491
   Number of wire bits:           1370
   Number of public wires:         491
   Number of public wire bits:    1370
   Number of memories:               0
   Number of memory bits:            0
   Number of processes:              0
   Number of cells:                488
     f3_add                        197
     f3_mult                       291

=== design hierarchy ===

   func10                            1
     f3m_add                         2
       f3_add                       97
     f3m_cubic                       1
       f3_add                       88
     f3m_inv                         1
       f3_mult                       1
       func1                         2
         f3_sub                     98
           f3_add                    1
         func4                       1
           f3_mult                  98
       func2                         2
       func3                         2
         f3_mult                     2
         f3_sub                      2
           f3_add                    1
       func4                         1
         f3_mult                    98
       func5                         1
         f3_add                      1
     f3m_mult                        1
       f3m_add                       1
         f3_add                     97
       func7                         1
         f3_add                      3
       func8                         1
         f3_add                    197
         f3_mult                   291
     f3m_neg                         1
     func6                           1

   Number of wires:              36325
   Number of wire bits:          59552
   Number of public wires:       12443
   Number of public wire bits:   33498
   Number of memories:               0
   Number of memory bits:            0
   Number of processes:              0
   Number of cells:              26644
     $and_1                      16822
     $dff_188                        1
     $dff_194                        1
     $dffe_194                       3
     $eq_2                           1
     $logic_not_2                    1
     $mux_194                        2
     $mux_196                        9
     $mux_32                         1
     $ne_2                           1
     $ne_3                           1
     $not_1                       5481
     $or_1                        4302
     $reduce_and_2                   1
     $sdff_1                         2
     $sdff_194                       1
     $sdff_195                       1
     $sdff_196                       2
     $sdff_34                        1
     $sdff_6                         1
     $sdffe_1                        3
     $sdffe_194                      2
     $sdffe_196                      2
     $sdffe_2                        1
     $sdffe_3                        1

