
5. Printing statistics.

=== ldpc_cn ===

   Number of wires:                175
   Number of wire bits:           1166
   Number of public wires:         100
   Number of public wire bits:     629
   Number of memories:               0
   Number of memory bits:            0
   Number of processes:              0
   Number of cells:                139
     $add                            3
     $adff                          55
     $adffe                          1
     $and                            7
     $eq                             3
     $le                             1
     $logic_and                      4
     $logic_not                      1
     $logic_or                       1
     $lt                             2
     $mux                           35
     $ne                             3
     $not                            7
     $or                             6
     $reduce_bool                    1
     $shiftx                         1
     $shl                            2
     $sub                            2
     $xor                            4

