
5. Printing statistics.

=== $paramod$05c8fffe832d3ad9cd67fde8bd0e8c7fec3dd69e\ldpc_ram_behav ===

   Number of wires:                 12
   Number of wire bits:            136
   Number of public wires:           8
   Number of public wire bits:      77
   Number of memories:               1
   Number of memory bits:         4352
   Number of processes:              0
   Number of cells:                  7
     $dff                            2
     $memrd                          1
     $memwr_v2                       1
     $mux                            3

=== $paramod$15f2135f1cf1ff921bc82d687b6eb61508a42638\ldpc_ram_behav ===

   Number of wires:                 12
   Number of wire bits:            238
   Number of public wires:           8
   Number of public wire bits:     128
   Number of memories:               1
   Number of memory bits:         8704
   Number of processes:              0
   Number of cells:                  7
     $dff                            2
     $memrd                          1
     $memwr_v2                       1
     $mux                            3

=== $paramod$8c1ce3194e684cb4d6f1da1d7eb7f84d0a1c0224\ldpc_vn ===

   Number of wires:                107
   Number of wire bits:            625
   Number of public wires:          79
   Number of public wire bits:     462
   Number of memories:               0
   Number of memory bits:            0
   Number of processes:              0
   Number of cells:                 57
     $add                            1
     $adff                          27
     $and                            5
     $eq                             2
     $logic_or                       1
     $lt                             1
     $mux                           11
     $ne                             1
     $not                            3
     $or                             2
     $reduce_bool                    1
     $sub                            2

=== ldpc_vncluster ===

   Number of wires:                 40
   Number of wire bits:            392
   Number of public wires:          40
   Number of public wire bits:     392
   Number of memories:               0
   Number of memory bits:            0
   Number of processes:              0
   Number of cells:                  5
     $paramod$05c8fffe832d3ad9cd67fde8bd0e8c7fec3dd69e\ldpc_ram_behav      1
     $paramod$15f2135f1cf1ff921bc82d687b6eb61508a42638\ldpc_ram_behav      1
     $paramod$8c1ce3194e684cb4d6f1da1d7eb7f84d0a1c0224\ldpc_vn      3

=== design hierarchy ===

   ldpc_vncluster                    1
     $paramod$05c8fffe832d3ad9cd67fde8bd0e8c7fec3dd69e\ldpc_ram_behav      1
     $paramod$15f2135f1cf1ff921bc82d687b6eb61508a42638\ldpc_ram_behav      1
     $paramod$8c1ce3194e684cb4d6f1da1d7eb7f84d0a1c0224\ldpc_vn      3

   Number of wires:                385
   Number of wire bits:           2641
   Number of public wires:         293
   Number of public wire bits:    1983
   Number of memories:               2
   Number of memory bits:        13056
   Number of processes:              0
   Number of cells:                185
     $add                            3
     $adff                          81
     $and                           15
     $dff                            4
     $eq                             6
     $logic_or                       3
     $lt                             3
     $memrd                          2
     $memwr_v2                       2
     $mux                           39
     $ne                             3
     $not                            9
     $or                             6
     $reduce_bool                    3
     $sub                            6

