
5. Printing statistics.

=== my_divider ===

   Number of wires:                 53
   Number of wire bits:            373
   Number of public wires:          26
   Number of public wire bits:     122
   Number of memories:               0
   Number of memory bits:            0
   Number of processes:              0
   Number of cells:                 42
     $add_32                         3
     $eq_2                           2
     $logic_not_2                    1
     $logic_not_4                    1
     $mux_1                          9
     $mux_16                         2
     $mux_2                          3
     $mux_32                         1
     $mux_8                          2
     $not_1                          1
     $not_32                         1
     $or_16                          1
     $or_8                           1
     $pmux_1                         2
     $pmux_2                         1
     $reduce_bool_2                  2
     $reduce_or_2                    3
     $sdff_1                         1
     $sdff_2                         1
     $sdffe_16                       1
     $sdffe_17                       1
     $sdffe_4                        1
     $sdffe_8                        1

