
5. Printing statistics.

=== port_bus_1to0 ===

   Number of wires:                120
   Number of wire bits:            860
   Number of public wires:          98
   Number of public wire bits:     757
   Number of memories:               0
   Number of memory bits:            0
   Number of processes:              0
   Number of cells:                 79
     $add_32                         1
     $eq_3                           7
     $eq_4                           1
     $logic_not_3                    1
     $mux_4                          2
     $pmux_3                         1
     $pmux_8                         6
     $reduce_or_2                    2
     $reduce_or_3                    1
     $sdff_1                         2
     $sdff_2                         1
     $sdff_3                         2
     $sdff_8                        12
     $sdffe_1                        1
     $sdffe_19                       1
     $sdffe_8                       38

