
5. Printing statistics.

=== dsp_signed_mult_18x18_unit_18_18_1 ===

   Number of wires:                 22
   Number of wire bits:            374
   Number of public wires:          20
   Number of public wire bits:     300
   Number of memories:               0
   Number of memory bits:            0
   Number of processes:              0
   Number of cells:                 11
     $mul_37                         2
     $sdffe_1                        3
     $sdffe_18                       4
     $sdffe_37                       2

=== elementwise_mult_core_18_18_10_32_1 ===

   Number of wires:                329
   Number of wire bits:           5897
   Number of public wires:         329
   Number of public wire bits:    5897
   Number of memories:               0
   Number of memory bits:            0
   Number of processes:              0
   Number of cells:                114
     $and_1                          1
     $sdffe_1                        1
     $sdffe_18                      64
     dsp_signed_mult_18x18_unit_18_18_1     16
     fp_rounding_unit_1_37_10       32

=== fp_rounding_unit_1_37_10 ===

   Number of wires:                 15
   Number of wire bits:            267
   Number of public wires:          14
   Number of public wire bits:     230
   Number of memories:               0
   Number of memory bits:            0
   Number of processes:              0
   Number of cells:                  8
     $add_37                         1
     $mux_37                         1
     $sdffe_1                        3
     $sdffe_27                       1
     $sdffe_37                       2

=== design hierarchy ===

   elementwise_mult_core_18_18_10_32_1      1
     dsp_signed_mult_18x18_unit_18_18_1     16
     fp_rounding_unit_1_37_10       32

   Number of wires:               1161
   Number of wire bits:          20425
   Number of public wires:        1097
   Number of public wire bits:   18057
   Number of memories:               0
   Number of memory bits:            0
   Number of processes:              0
   Number of cells:                498
     $add_37                        32
     $and_1                          1
     $mul_37                        32
     $mux_37                        32
     $sdffe_1                      145
     $sdffe_18                     128
     $sdffe_27                      32
     $sdffe_37                      96

