
5. Printing statistics.

=== abs_unit_18 ===

   Number of wires:                 11
   Number of wire bits:             96
   Number of public wires:          10
   Number of public wire bits:      78
   Number of memories:               0
   Number of memory bits:            0
   Number of processes:              0
   Number of cells:                  4
     $mux_18                         1
     $neg_18                         1
     $sdffe_1                        1
     $sdffe_18                       1

=== dsp_signed_mac_18_13_23_32 ===

   Number of wires:                 18
   Number of wire bits:            244
   Number of public wires:          16
   Number of public wire bits:     180
   Number of memories:               0
   Number of memory bits:            0
   Number of processes:              0
   Number of cells:                  9
     $add_32                         1
     $mul_32                         1
     $sdff_13                        1
     $sdff_18                        1
     $sdff_23                        1
     $sdff_32                        1
     $sdffe_1                        3

=== fp_rounding_unit_1_32_11 ===

   Number of wires:                 15
   Number of wire bits:            232
   Number of public wires:          14
   Number of public wire bits:     200
   Number of memories:               0
   Number of memory bits:            0
   Number of processes:              0
   Number of cells:                  8
     $add_32                         1
     $mux_32                         1
     $sdffe_1                        3
     $sdffe_21                       1
     $sdffe_32                       2

=== shift_register_unit_1_3 ===

   Number of wires:                  8
   Number of wire bits:              8
   Number of public wires:           8
   Number of public wire bits:       8
   Number of memories:               0
   Number of memory bits:            0
   Number of processes:              0
   Number of cells:                  3
     $sdffe_1                        3

=== tanh_core_18_18_10_32_1 ===

   Number of wires:                191
   Number of wire bits:           1991
   Number of public wires:          92
   Number of public wire bits:    1117
   Number of memories:               0
   Number of memory bits:            0
   Number of processes:              0
   Number of cells:                114
     $and_1                          1
     $dffe_1                         1
     $eq_5                          31
     $ge_32                          1
     $logic_not_5                    1
     $mux_1                          1
     $mux_13                        65
     $mux_23                         1
     $mux_32                         1
     $not_1                          1
     $reduce_and_2                   1
     $sdffe_1                        2
     $sdffe_18                       2
     $sub_32                         1
     abs_unit_18                     1
     dsp_signed_mac_18_13_23_32      1
     fp_rounding_unit_1_32_11        1
     shift_register_unit_1_3         1

=== design hierarchy ===

   tanh_core_18_18_10_32_1           1
     abs_unit_18                     1
     dsp_signed_mac_18_13_23_32      1
     fp_rounding_unit_1_32_11        1
     shift_register_unit_1_3         1

   Number of wires:                243
   Number of wire bits:           2571
   Number of public wires:         140
   Number of public wire bits:    1583
   Number of memories:               0
   Number of memory bits:            0
   Number of processes:              0
   Number of cells:                134
     $add_32                         2
     $and_1                          1
     $dffe_1                         1
     $eq_5                          31
     $ge_32                          1
     $logic_not_5                    1
     $mul_32                         1
     $mux_1                          1
     $mux_13                        65
     $mux_18                         1
     $mux_23                         1
     $mux_32                         2
     $neg_18                         1
     $not_1                          1
     $reduce_and_2                   1
     $sdff_13                        1
     $sdff_18                        1
     $sdff_23                        1
     $sdff_32                        1
     $sdffe_1                       12
     $sdffe_18                       3
     $sdffe_21                       1
     $sdffe_32                       2
     $sub_32                         1

