
5. Printing statistics.

=== C_LSTM_stage_1_18_10_160_512_2_16_1 ===

   Number of wires:                307
   Number of wire bits:           5203
   Number of public wires:         303
   Number of public wire bits:    5199
   Number of memories:               0
   Number of memory bits:            0
   Number of processes:              0
   Number of cells:                 10
     $and                            6
     matrix_times_two_vectors_18_10_2_672_16_1      4

=== addfxp_18_1 ===

   Number of wires:                  6
   Number of wire bits:             91
   Number of public wires:           5
   Number of public wire bits:      73
   Number of memories:               0
   Number of memory bits:            0
   Number of processes:              0
   Number of cells:                  2
     $add                            1
     $dff                            1

=== c_matrix_vec_mult_core_18_10_16_2_1 ===

   Number of wires:                505
   Number of wire bits:           8563
   Number of public wires:         488
   Number of public wire bits:    8308
   Number of memories:               0
   Number of memory bits:            0
   Number of processes:              0
   Number of cells:                161
     $and                            7
     $neg                           14
     $not                            1
     $sdffe                        122
     dft_16_top_18                   1
     elementwise_add_core_18_18_9      2
     elementwise_mult_core_18_1810_9_1      8
     elementwise_sub_core_18_18_9      2
     shift_register_group_18_910      4

=== codeBlock88206_18 ===

   Number of wires:                296
   Number of wire bits:           5355
   Number of public wires:         288
   Number of public wire bits:    5099
   Number of memories:               0
   Number of memory bits:            0
   Number of processes:              0
   Number of cells:                182
     $add                            4
     $dffe                          80
     $not                            4
     $sdff                           1
     addfxp_18_1                    40
     multfix_alt_dsp_18             12
     shiftRegFIFO_5_1                1
     subfxp_18_1                    40

=== codeBlock89324_18 ===

   Number of wires:                197
   Number of wire bits:           3461
   Number of public wires:         197
   Number of public wire bits:    3461
   Number of memories:               0
   Number of memory bits:            0
   Number of processes:              0
   Number of cells:                 98
     $dffe                          32
     $sdff                           1
     addfxp_18_1                    32
     shiftRegFIFO_2_1                1
     subfxp_18_1                    32

=== codeBlock98050_18 ===

   Number of wires:                296
   Number of wire bits:           5355
   Number of public wires:         288
   Number of public wire bits:    5099
   Number of memories:               0
   Number of memory bits:            0
   Number of processes:              0
   Number of cells:                182
     $add                            4
     $dffe                          80
     $not                            4
     $sdff                           1
     addfxp_18_1                    40
     multfix_alt_dsp_18             12
     shiftRegFIFO_5_1                1
     subfxp_18_1                    40

=== codeBlock99168_18 ===

   Number of wires:                197
   Number of wire bits:           3461
   Number of public wires:         197
   Number of public wire bits:    3461
   Number of memories:               0
   Number of memory bits:            0
   Number of processes:              0
   Number of cells:                 98
     $dffe                          32
     $sdff                           1
     addfxp_18_1                    32
     shiftRegFIFO_2_1                1
     subfxp_18_1                    32

=== dft_16_top_18 ===

   Number of wires:                167
   Number of wire bits:           2887
   Number of public wires:         167
   Number of public wire bits:    2887
   Number of memories:               0
   Number of memory bits:            0
   Number of processes:              0
   Number of cells:                  2
     codeBlock88206_18               1
     codeBlock89324_18               1

=== dsp_signed_mult_18x18_unit_18_18_1 ===

   Number of wires:                 22
   Number of wire bits:            374
   Number of public wires:          20
   Number of public wire bits:     300
   Number of memories:               0
   Number of memory bits:            0
   Number of processes:              0
   Number of cells:                 11
     $mul                            2
     $sdffe                          9

=== dsp_signed_mult_18x18_unit_18_36_0 ===

   Number of wires:                 18
   Number of wire bits:            296
   Number of public wires:          16
   Number of public wire bits:     224
   Number of memories:               0
   Number of memory bits:            0
   Number of processes:              0
   Number of cells:                  7
     $dff                            2
     $mul                            2
     $sdffe                          3

=== elementwise_add_core_18_18_9 ===

   Number of wires:                 72
   Number of wire bits:           1143
   Number of public wires:          63
   Number of public wire bits:     981
   Number of memories:               0
   Number of memory bits:            0
   Number of processes:              0
   Number of cells:                 39
     $add                            9
     $and                            1
     $sdffe                         29

=== elementwise_mult_core_18_1810_9_1 ===

   Number of wires:                 99
   Number of wire bits:           1665
   Number of public wires:          99
   Number of public wire bits:    1665
   Number of memories:               0
   Number of memory bits:            0
   Number of processes:              0
   Number of cells:                 34
     $and                            1
     $sdffe                         19
     dsp_signed_mult_18x18_unit_18_18_1      5
     fp_rounding_unit_1_37_10        9

=== elementwise_sub_core_18_18_9 ===

   Number of wires:                 72
   Number of wire bits:           1143
   Number of public wires:          63
   Number of public wire bits:     981
   Number of memories:               0
   Number of memory bits:            0
   Number of processes:              0
   Number of cells:                 39
     $and                            1
     $sdffe                         29
     $sub                            9

=== fp_rounding_unit_1_37_10 ===

   Number of wires:                 15
   Number of wire bits:            267
   Number of public wires:          14
   Number of public wire bits:     230
   Number of memories:               0
   Number of memory bits:            0
   Number of processes:              0
   Number of cells:                  8
     $add                            1
     $mux                            1
     $sdffe                          6

=== idft_16_top_18 ===

   Number of wires:                167
   Number of wire bits:           2887
   Number of public wires:         167
   Number of public wire bits:    2887
   Number of memories:               0
   Number of memory bits:            0
   Number of processes:              0
   Number of cells:                  2
     codeBlock98050_18               1
     codeBlock99168_18               1

=== matrix_times_two_vectors_18_10_2_672_16_1 ===

   Number of wires:                 91
   Number of wire bits:           1519
   Number of public wires:          91
   Number of public wire bits:    1519
   Number of memories:               0
   Number of memory bits:            0
   Number of processes:              0
   Number of cells:                  1
     multiple_c_matrix_vec_mult_and_sum_18_10_16_1_2_42      1

=== multfix_alt_dsp_18 ===

   Number of wires:                 12
   Number of wire bits:            218
   Number of public wires:          12
   Number of public wire bits:     218
   Number of memories:               0
   Number of memory bits:            0
   Number of processes:              0
   Number of cells:                  1
     dsp_signed_mult_18x18_unit_18_36_0      1

=== multiple_c_matrix_vec_mult_and_sum_18_10_16_1_2_42 ===

   Number of wires:                355
   Number of wire bits:           6135
   Number of public wires:         355
   Number of public wire bits:    6135
   Number of memories:               0
   Number of memory bits:            0
   Number of processes:              0
   Number of cells:                 44
     $and                            1
     $sdffe                         34
     c_matrix_vec_mult_core_18_10_16_2_1      1
     idft_16_top_18                  2
     shift_register_group_18_16_1      4
     sum_complex_vector_unit_18_18_16_42      2

=== shiftRegFIFO_2_1 ===

   Number of wires:                  6
   Number of wire bits:              6
   Number of public wires:           6
   Number of public wire bits:       6
   Number of memories:               0
   Number of memory bits:            0
   Number of processes:              0
   Number of cells:                  2
     $sdff                           2

=== shiftRegFIFO_5_1 ===

   Number of wires:                  9
   Number of wire bits:              9
   Number of public wires:           9
   Number of public wire bits:       9
   Number of memories:               0
   Number of memory bits:            0
   Number of processes:              0
   Number of cells:                  5
     $sdff                           5

=== shift_register_group_18_16_1 ===

   Number of wires:                 35
   Number of wire bits:            579
   Number of public wires:          35
   Number of public wire bits:     579
   Number of memories:               0
   Number of memory bits:            0
   Number of processes:              0
   Number of cells:                 16
     shift_register_unit_18_1       16

=== shift_register_group_18_910 ===

   Number of wires:                 21
   Number of wire bits:            327
   Number of public wires:          21
   Number of public wire bits:     327
   Number of memories:               0
   Number of memory bits:            0
   Number of processes:              0
   Number of cells:                  9
     shift_register_unit_18_10       9

=== shift_register_unit_18_1 ===

   Number of wires:                  6
   Number of wire bits:             57
   Number of public wires:           6
   Number of public wire bits:      57
   Number of memories:               0
   Number of memory bits:            0
   Number of processes:              0
   Number of cells:                  1
     $sdffe                          1

=== shift_register_unit_18_10 ===

   Number of wires:                 15
   Number of wire bits:            219
   Number of public wires:          15
   Number of public wire bits:     219
   Number of memories:               0
   Number of memory bits:            0
   Number of processes:              0
   Number of cells:                 10
     $sdffe                         10

=== subfxp_18_1 ===

   Number of wires:                  6
   Number of wire bits:             91
   Number of public wires:           5
   Number of public wire bits:      73
   Number of memories:               0
   Number of memory bits:            0
   Number of processes:              0
   Number of cells:                  2
     $add                            1
     $dff                            1

=== sum_complex_vector_unit_18_18_16_42 ===

   Number of wires:                171
   Number of wire bits:           2948
   Number of public wires:         104
   Number of public wire bits:    1749
   Number of memories:               0
   Number of memory bits:            0
   Number of processes:              0
   Number of cells:                103
     $add                           33
     $and                            1
     $eq                             1
     $mux                           33
     $reduce_and                     1
     $sdffe                         34

=== design hierarchy ===

   C_LSTM_stage_1_18_10_160_512_2_16_1      1
     matrix_times_two_vectors_18_10_2_672_16_1      4
       multiple_c_matrix_vec_mult_and_sum_18_10_16_1_2_42      1
         c_matrix_vec_mult_core_18_10_16_2_1      1
           dft_16_top_18             1
             codeBlock88206_18       1
               addfxp_18_1          40
               multfix_alt_dsp_18     12
                 dsp_signed_mult_18x18_unit_18_36_0      1
               shiftRegFIFO_5_1      1
               subfxp_18_1          40
             codeBlock89324_18       1
               addfxp_18_1          32
               shiftRegFIFO_2_1      1
               subfxp_18_1          32
           elementwise_add_core_18_18_9      2
           elementwise_mult_core_18_1810_9_1      8
             dsp_signed_mult_18x18_unit_18_18_1      5
             fp_rounding_unit_1_37_10      9
           elementwise_sub_core_18_18_9      2
           shift_register_group_18_910      4
             shift_register_unit_18_10      9
         idft_16_top_18              2
           codeBlock98050_18         1
             addfxp_18_1            40
             multfix_alt_dsp_18     12
               dsp_signed_mult_18x18_unit_18_36_0      1
             shiftRegFIFO_5_1        1
             subfxp_18_1            40
           codeBlock99168_18         1
             addfxp_18_1            32
             shiftRegFIFO_2_1        1
             subfxp_18_1            32
         shift_register_group_18_16_1      4
           shift_register_unit_18_1     16
         sum_complex_vector_unit_18_18_16_42      2

   Number of wires:              45019
   Number of wire bits:         734463
   Number of public wires:       41547
   Number of public wire bits:  654215
   Number of memories:               0
   Number of memory bits:            0
   Number of processes:              0
   Number of cells:              14582
     $add                         2400
     $and                           94
     $dff                         2016
     $dffe                        1344
     $eq                             8
     $mul                          608
     $mux                          552
     $neg                           56
     $not                           52
     $reduce_and                     8
     $sdff                         108
     $sdffe                       7264
     $sub                           72

