
5. Printing statistics.

=== dsp_signed_mult_18x18_unit_18_18_1 ===

   Number of wires:                 22
   Number of wire bits:            374
   Number of public wires:          20
   Number of public wire bits:     300
   Number of memories:               0
   Number of memory bits:            0
   Number of processes:              0
   Number of cells:                 11
     $mul                            2
     $sdffe                          9

=== elementwise_mult_core_18_18_10_32_1 ===

   Number of wires:                329
   Number of wire bits:           5897
   Number of public wires:         329
   Number of public wire bits:    5897
   Number of memories:               0
   Number of memory bits:            0
   Number of processes:              0
   Number of cells:                114
     $and                            1
     $sdffe                         65
     dsp_signed_mult_18x18_unit_18_18_1     16
     fp_rounding_unit_1_37_10       32

=== fp_rounding_unit_1_37_10 ===

   Number of wires:                 15
   Number of wire bits:            267
   Number of public wires:          14
   Number of public wire bits:     230
   Number of memories:               0
   Number of memory bits:            0
   Number of processes:              0
   Number of cells:                  8
     $add                            1
     $mux                            1
     $sdffe                          6

=== design hierarchy ===

   elementwise_mult_core_18_18_10_32_1      1
     dsp_signed_mult_18x18_unit_18_18_1     16
     fp_rounding_unit_1_37_10       32

   Number of wires:               1161
   Number of wire bits:          20425
   Number of public wires:        1097
   Number of public wire bits:   18057
   Number of memories:               0
   Number of memory bits:            0
   Number of processes:              0
   Number of cells:                498
     $add                           32
     $and                            1
     $mul                           32
     $mux                           32
     $sdffe                        401

