
5. Printing statistics.

=== dsp_signed_mult_18x18_unit_18_18_1 ===

   Number of wires:                 22
   Number of wire bits:            374
   Number of public wires:          20
   Number of public wire bits:     300
   Number of memories:               0
   Number of memory bits:            0
   Number of processes:              0
   Number of cells:                 11
     $mul                            2
     $sdffe                          9

=== elementwise_mult_core_18_1810_9_1 ===

   Number of wires:                 99
   Number of wire bits:           1665
   Number of public wires:          99
   Number of public wire bits:    1665
   Number of memories:               0
   Number of memory bits:            0
   Number of processes:              0
   Number of cells:                 34
     $and                            1
     $sdffe                         19
     dsp_signed_mult_18x18_unit_18_18_1      5
     fp_rounding_unit_1_37_10        9

=== fp_rounding_unit_1_37_10 ===

   Number of wires:                 15
   Number of wire bits:            267
   Number of public wires:          14
   Number of public wire bits:     230
   Number of memories:               0
   Number of memory bits:            0
   Number of processes:              0
   Number of cells:                  8
     $add                            1
     $mux                            1
     $sdffe                          6

=== design hierarchy ===

   elementwise_mult_core_18_1810_9_1      1
     dsp_signed_mult_18x18_unit_18_18_1      5
     fp_rounding_unit_1_37_10        9

   Number of wires:                344
   Number of wire bits:           5938
   Number of public wires:         325
   Number of public wire bits:    5235
   Number of memories:               0
   Number of memory bits:            0
   Number of processes:              0
   Number of cells:                147
     $add                            9
     $and                            1
     $mul                           10
     $mux                            9
     $sdffe                        118

