
5. Printing statistics.

=== abs_unit_18 ===

   Number of wires:                 11
   Number of wire bits:             96
   Number of public wires:          10
   Number of public wire bits:      78
   Number of memories:               0
   Number of memory bits:            0
   Number of processes:              0
   Number of cells:                  4
     $mux                            1
     $neg                            1
     $sdffe                          2

=== dsp_signed_mac_18_13_23_32 ===

   Number of wires:                 18
   Number of wire bits:            244
   Number of public wires:          16
   Number of public wire bits:     180
   Number of memories:               0
   Number of memory bits:            0
   Number of processes:              0
   Number of cells:                  9
     $add                            1
     $mul                            1
     $sdff                           4
     $sdffe                          3

=== fp_rounding_unit_1_32_11 ===

   Number of wires:                 15
   Number of wire bits:            232
   Number of public wires:          14
   Number of public wire bits:     200
   Number of memories:               0
   Number of memory bits:            0
   Number of processes:              0
   Number of cells:                  8
     $add                            1
     $mux                            1
     $sdffe                          6

=== shift_register_unit_1_3 ===

   Number of wires:                  8
   Number of wire bits:              8
   Number of public wires:           8
   Number of public wire bits:       8
   Number of memories:               0
   Number of memory bits:            0
   Number of processes:              0
   Number of cells:                  3
     $sdffe                          3

=== tanh_core_18_18_10_32_1 ===

   Number of wires:                191
   Number of wire bits:           1991
   Number of public wires:          92
   Number of public wire bits:    1117
   Number of memories:               0
   Number of memory bits:            0
   Number of processes:              0
   Number of cells:                114
     $and                            1
     $dffe                           1
     $eq                            31
     $ge                             1
     $logic_not                      1
     $mux                           68
     $not                            1
     $reduce_and                     1
     $sdffe                          4
     $sub                            1
     abs_unit_18                     1
     dsp_signed_mac_18_13_23_32      1
     fp_rounding_unit_1_32_11        1
     shift_register_unit_1_3         1

=== design hierarchy ===

   tanh_core_18_18_10_32_1           1
     abs_unit_18                     1
     dsp_signed_mac_18_13_23_32      1
     fp_rounding_unit_1_32_11        1
     shift_register_unit_1_3         1

   Number of wires:                243
   Number of wire bits:           2571
   Number of public wires:         140
   Number of public wire bits:    1583
   Number of memories:               0
   Number of memory bits:            0
   Number of processes:              0
   Number of cells:                134
     $add                            2
     $and                            1
     $dffe                           1
     $eq                            31
     $ge                             1
     $logic_not                      1
     $mul                            1
     $mux                           70
     $neg                            1
     $not                            1
     $reduce_and                     1
     $sdff                           4
     $sdffe                         18
     $sub                            1

