
5. Printing statistics.

=== $paramod$4f6fbf01c70e70becc70c24cf01c3102aeeb79b9\dual_port_ram ===

   Number of wires:                 17
   Number of wire bits:            627
   Number of public wires:           9
   Number of public wire bits:     255
   Number of memories:               1
   Number of memory bits:          360
   Number of processes:              0
   Number of cells:                 12
     $dffe_60                        2
     $memrd                          2
     $memwr_v2                       2
     $mux_1                          2
     $mux_6                          2
     $mux_60                         2

=== generic_fifo_sc_a ===

   Number of wires:                 93
   Number of wire bits:            385
   Number of public wires:          27
   Number of public wire bits:     295
   Number of memories:               0
   Number of memory bits:            0
   Number of processes:              0
   Number of cells:                 84
     $add_6                          3
     $add_7                          2
     $and_1                         25
     $eq_6                           4
     $ge_32                          2
     $le_32                          2
     $logic_not_1                    5
     $lt_32                          2
     $mux_1                         12
     $mux_7                          2
     $ne_6                           3
     $not_1                          1
     $or_1                           2
     $or_2                           1
     $paramod$4f6fbf01c70e70becc70c24cf01c3102aeeb79b9\dual_port_ram      1
     $reduce_bool_2                  7
     $reduce_or_2                    1
     $sdffe_1                        6
     $sdffe_6                        2
     $sdffe_7                        1

=== design hierarchy ===

   generic_fifo_sc_a                 1
     $paramod$4f6fbf01c70e70becc70c24cf01c3102aeeb79b9\dual_port_ram      1

   Number of wires:                110
   Number of wire bits:           1012
   Number of public wires:          36
   Number of public wire bits:     550
   Number of memories:               1
   Number of memory bits:          360
   Number of processes:              0
   Number of cells:                 95
     $add_6                          3
     $add_7                          2
     $and_1                         25
     $dffe_60                        2
     $eq_6                           4
     $ge_32                          2
     $le_32                          2
     $logic_not_1                    5
     $lt_32                          2
     $memrd                          2
     $memwr_v2                       2
     $mux_1                         14
     $mux_6                          2
     $mux_60                         2
     $mux_7                          2
     $ne_6                           3
     $not_1                          1
     $or_1                           2
     $or_2                           1
     $reduce_bool_2                  7
     $reduce_or_2                    1
     $sdffe_1                        6
     $sdffe_6                        2
     $sdffe_7                        1

