
5. Printing statistics.

=== $paramod$97bca1cfe2f6b17529eb5ca2ef48690d8700ec43\dual_port_ram ===

   Number of wires:                 17
   Number of wire bits:            331
   Number of public wires:           9
   Number of public wire bits:     135
   Number of memories:               1
   Number of memory bits:           64
   Number of processes:              0
   Number of cells:                 12
     $dffe_32                        2
     $memrd                          2
     $memwr_v2                       2
     $mux_1                          2
     $mux_2                          2
     $mux_32                         2

=== generic_fifo_sc_b ===

   Number of wires:                 93
   Number of wire bits:            233
   Number of public wires:          27
   Number of public wire bits:     159
   Number of memories:               0
   Number of memory bits:            0
   Number of processes:              0
   Number of cells:                 84
     $add_2                          3
     $add_3                          2
     $and_1                         25
     $eq_2                           4
     $ge_32                          2
     $le_32                          2
     $logic_not_1                    5
     $lt_32                          2
     $mux_1                         12
     $mux_3                          2
     $ne_2                           3
     $not_1                          1
     $or_1                           2
     $or_2                           1
     $paramod$97bca1cfe2f6b17529eb5ca2ef48690d8700ec43\dual_port_ram      1
     $reduce_bool_2                  7
     $reduce_or_2                    1
     $sdffe_1                        6
     $sdffe_2                        2
     $sdffe_3                        1

=== design hierarchy ===

   generic_fifo_sc_b                 1
     $paramod$97bca1cfe2f6b17529eb5ca2ef48690d8700ec43\dual_port_ram      1

   Number of wires:                110
   Number of wire bits:            564
   Number of public wires:          36
   Number of public wire bits:     294
   Number of memories:               1
   Number of memory bits:           64
   Number of processes:              0
   Number of cells:                 95
     $add_2                          3
     $add_3                          2
     $and_1                         25
     $dffe_32                        2
     $eq_2                           4
     $ge_32                          2
     $le_32                          2
     $logic_not_1                    5
     $lt_32                          2
     $memrd                          2
     $memwr_v2                       2
     $mux_1                         14
     $mux_2                          2
     $mux_3                          2
     $mux_32                         2
     $ne_2                           3
     $not_1                          1
     $or_1                           2
     $or_2                           1
     $reduce_bool_2                  7
     $reduce_or_2                    1
     $sdffe_1                        6
     $sdffe_2                        2
     $sdffe_3                        1

