
5. Printing statistics.

=== MarshallerController ===

   Number of wires:                232
   Number of wire bits:           1700
   Number of public wires:          49
   Number of public wire bits:     483
   Number of memories:               0
   Number of memory bits:            0
   Number of processes:              0
   Number of cells:                217
     $add_20                         4
     $add_24                         6
     $add_32                         1
     $add_7                          2
     $dff_15                         1
     $dff_4                          1
     $dff_5                          1
     $dff_9                          1
     $dffe_2                         1
     $dffe_20                        2
     $dffe_24                        5
     $dffe_7                         3
     $eq_2                           2
     $eq_4                           9
     $eq_5                          37
     $eq_7                           2
     $le_20                          1
     $logic_and_1                    5
     $logic_not_1                    2
     $logic_not_2                    1
     $logic_not_4                    1
     $logic_not_5                    1
     $logic_or_1                    28
     $lt_20                          2
     $mux_1                          2
     $mux_2                          4
     $mux_20                         2
     $mux_24                        20
     $mux_4                          9
     $mux_5                         16
     $mux_7                          5
     $ne_3                           1
     $ne_4                           1
     $not_1                          2
     $pmux_2                         1
     $pmux_4                         1
     $pmux_5                         1
     $reduce_and_2                   2
     $reduce_and_3                   1
     $reduce_bool_2                  5
     $reduce_bool_3                  1
     $reduce_bool_5                  1
     $reduce_or_2                    3
     $sdff_4                         1
     $sdff_5                         1
     $sdff_7                         2
     $sdffe_1                        3
     $sdffe_20                       2
     $sdffe_24                       2
     $sdffe_7                        3
     $sub_2                          1
     $sub_20                         3
     $sub_32                         1
     $sub_9                          1

