
5. Printing statistics.

=== $paramod$574338b2e1533e2e13d387bf5f7cae352f51ea95\dual_port_ram ===

   Number of wires:                 17
   Number of wire bits:          10271
   Number of public wires:           9
   Number of public wire bits:    4113
   Number of memories:               1
   Number of memory bits:         7168
   Number of processes:              0
   Number of cells:                 12
     $dffe_1024                      2
     $memrd                          2
     $memwr_v2                       2
     $mux_1                          2
     $mux_1024                       2
     $mux_7                          2

=== ram3 ===

   Number of wires:                 11
   Number of wire bits:           6288
   Number of public wires:          11
   Number of public wire bits:    6288
   Number of memories:               0
   Number of memory bits:            0
   Number of processes:              0
   Number of cells:                  3
     $and_1024                       1
     $or_1024                        1
     $paramod$574338b2e1533e2e13d387bf5f7cae352f51ea95\dual_port_ram      1

=== design hierarchy ===

   ram3                              1
     $paramod$574338b2e1533e2e13d387bf5f7cae352f51ea95\dual_port_ram      1

   Number of wires:                 28
   Number of wire bits:          16559
   Number of public wires:          20
   Number of public wire bits:   10401
   Number of memories:               1
   Number of memory bits:         7168
   Number of processes:              0
   Number of cells:                 14
     $and_1024                       1
     $dffe_1024                      2
     $memrd                          2
     $memwr_v2                       2
     $mux_1                          2
     $mux_1024                       2
     $mux_7                          2
     $or_1024                        1

