
5. Printing statistics.

=== $paramod$ef0515f863cb1da1c6fa3654d4ff4adbb9145d5b\dual_port_ram ===

   Number of wires:                 17
   Number of wire bits:            659
   Number of public wires:           9
   Number of public wire bits:     267
   Number of memories:               1
   Number of memory bits:          256
   Number of processes:              0
   Number of cells:                 12
     $dffe_64                        2
     $memrd                          2
     $memwr_v2                       2
     $mux_1                          2
     $mux_4                          2
     $mux_64                         2

=== rfifo ===

   Number of wires:                 73
   Number of wire bits:           1386
   Number of public wires:          13
   Number of public wire bits:    1301
   Number of memories:               0
   Number of memory bits:            0
   Number of processes:              0
   Number of cells:                 82
     $add_4                          3
     $add_5                          1
     $dffe_4                         2
     $dffe_5                         1
     $dffe_64                       16
     $eq_4                          15
     $logic_and_1                    3
     $logic_not_1                    2
     $logic_not_4                    1
     $logic_not_5                    1
     $mux_5                          2
     $not_1                         15
     $paramod$ef0515f863cb1da1c6fa3654d4ff4adbb9145d5b\dual_port_ram      1
     $reduce_and_10                  1
     $reduce_and_11                  1
     $reduce_and_12                  1
     $reduce_and_13                  1
     $reduce_and_14                  1
     $reduce_and_15                  1
     $reduce_and_16                  1
     $reduce_and_2                   1
     $reduce_and_3                   1
     $reduce_and_4                   1
     $reduce_and_5                   1
     $reduce_and_6                   1
     $reduce_and_7                   1
     $reduce_and_8                   1
     $reduce_and_9                   1
     $reduce_bool_2                  1
     $reduce_bool_5                  1
     $sdff_4                         1
     $sub_5                          1

=== design hierarchy ===

   rfifo                             1
     $paramod$ef0515f863cb1da1c6fa3654d4ff4adbb9145d5b\dual_port_ram      1

   Number of wires:                 90
   Number of wire bits:           2045
   Number of public wires:          22
   Number of public wire bits:    1568
   Number of memories:               1
   Number of memory bits:          256
   Number of processes:              0
   Number of cells:                 93
     $add_4                          3
     $add_5                          1
     $dffe_4                         2
     $dffe_5                         1
     $dffe_64                       18
     $eq_4                          15
     $logic_and_1                    3
     $logic_not_1                    2
     $logic_not_4                    1
     $logic_not_5                    1
     $memrd                          2
     $memwr_v2                       2
     $mux_1                          2
     $mux_4                          2
     $mux_5                          2
     $mux_64                         2
     $not_1                         15
     $reduce_and_10                  1
     $reduce_and_11                  1
     $reduce_and_12                  1
     $reduce_and_13                  1
     $reduce_and_14                  1
     $reduce_and_15                  1
     $reduce_and_16                  1
     $reduce_and_2                   1
     $reduce_and_3                   1
     $reduce_and_4                   1
     $reduce_and_5                   1
     $reduce_and_6                   1
     $reduce_and_7                   1
     $reduce_and_8                   1
     $reduce_and_9                   1
     $reduce_bool_2                  1
     $reduce_bool_5                  1
     $sdff_4                         1
     $sub_5                          1

