
5. Printing statistics.

=== myproject_mul_16s_12ns_26_2_0 ===

   Number of wires:                  7
   Number of wire bits:             31
   Number of public wires:           6
   Number of public wire bits:       6
   Number of memories:               0
   Number of memory bits:            0
   Number of processes:              0
   Number of cells:                  1
     myproject_mul_16s_12ns_26_2_0_MulnS_0      1

=== myproject_mul_16s_12ns_26_2_0_MulnS_0 ===

   Number of wires:                  6
   Number of wire bits:             82
   Number of public wires:           6
   Number of public wire bits:      82
   Number of memories:               0
   Number of memory bits:            0
   Number of processes:              0
   Number of cells:                  2
     $dffe_26                        1
     $mul_26                         1

=== design hierarchy ===

   myproject_mul_16s_12ns_26_2_0      1
     myproject_mul_16s_12ns_26_2_0_MulnS_0      1

   Number of wires:                 13
   Number of wire bits:            113
   Number of public wires:          12
   Number of public wire bits:      88
   Number of memories:               0
   Number of memory bits:            0
   Number of processes:              0
   Number of cells:                  2
     $dffe_26                        1
     $mul_26                         1

