
5. Printing statistics.

=== activation ===

   Number of wires:               1749
   Number of wire bits:           6723
   Number of public wires:          28
   Number of public wire bits:    3339
   Number of memories:               0
   Number of memory bits:            0
   Number of processes:              0
   Number of cells:               1833
     $add                           33
     $dffe                           1
     $eq                           292
     $ge                           160
     $gt                           128
     $le                           160
     $logic_and                    256
     $logic_not                     64
     $logic_or                       2
     $lt                           128
     $mul                           32
     $mux                          397
     $ne                             2
     $not                            2
     $pmux                          64
     $reduce_and                     2
     $reduce_bool                    2
     $reduce_or                     97
     $sdff                           4
     $sdffe                          7

