
5. Printing statistics.

=== control ===

   Number of wires:                 51
   Number of wire bits:             90
   Number of public wires:          15
   Number of public wire bits:      18
   Number of memories:               0
   Number of memory bits:            0
   Number of processes:              0
   Number of cells:                 39
     $eq                             5
     $logic_and                      1
     $logic_not                      1
     $mux                           15
     $ne                             7
     $not                            1
     $pmux                           2
     $reduce_and                     2
     $reduce_bool                    2
     $sdffe                          3

