
5. Printing statistics.

=== norm ===

   Number of wires:                157
   Number of wire bits:           2690
   Number of public wires:          20
   Number of public wire bits:    1626
   Number of memories:               0
   Number of memory bits:            0
   Number of processes:              0
   Number of cells:                148
     $add                            1
     $dffe                           2
     $eq                             2
     $logic_or                       2
     $mul                           32
     $mux                           68
     $not                            2
     $reduce_or                      1
     $sdff                           4
     $sdffe                          2
     $sub                           32

