
5. Printing statistics.

=== $paramod\input_pipeline\WIDTH=s32'00000000000000000000000000010010 ===

   Number of wires:                 24
   Number of wire bits:            381
   Number of public wires:          24
   Number of public wire bits:     381
   Number of memories:               0
   Number of memory bits:            0
   Number of processes:              0
   Number of cells:                 20
     $adffe                         20

=== adder_with_1_reg ===

   Number of wires:                  6
   Number of wire bits:             74
   Number of public wires:           5
   Number of public wire bits:      56
   Number of memories:               0
   Number of memory bits:            0
   Number of processes:              0
   Number of cells:                  2
     $add                            1
     $dffe                           1

=== fir ===

   Number of wires:                 69
   Number of wire bits:           1165
   Number of public wires:          69
   Number of public wire bits:    1165
   Number of memories:               0
   Number of memory bits:            0
   Number of processes:              0
   Number of cells:                 33
     $adffe                          1
     $paramod\input_pipeline\WIDTH=s32'00000000000000000000000000010010      1
     adder_with_1_reg               19
     multiplier_with_reg            10
     one_register                    2

=== multiplier_with_reg ===

   Number of wires:                  6
   Number of wire bits:             74
   Number of public wires:           5
   Number of public wire bits:      56
   Number of memories:               0
   Number of memory bits:            0
   Number of processes:              0
   Number of cells:                  2
     $dffe                           1
     $mul                            1

=== one_register ===

   Number of wires:                  4
   Number of wire bits:             38
   Number of public wires:           4
   Number of public wire bits:      38
   Number of memories:               0
   Number of memory bits:            0
   Number of processes:              0
   Number of cells:                  1
     $dffe                           1

=== design hierarchy ===

   fir                               1
     $paramod\input_pipeline\WIDTH=s32'00000000000000000000000000010010      1
     adder_with_1_reg               19
     multiplier_with_reg            10
     one_register                    2

   Number of wires:                275
   Number of wire bits:           3768
   Number of public wires:         246
   Number of public wire bits:    3246
   Number of memories:               0
   Number of memory bits:            0
   Number of processes:              0
   Number of cells:                 81
     $add                           19
     $adffe                         21
     $dffe                          31
     $mul                           10

