
5. Printing statistics.

=== $paramod\input_pipeline\WIDTH=s32'00000000000000000000000000010010 ===

   Number of wires:                 36
   Number of wire bits:            597
   Number of public wires:          36
   Number of public wire bits:     597
   Number of memories:               0
   Number of memory bits:            0
   Number of processes:              0
   Number of cells:                 32
     $adffe                         32

=== adder_with_1_reg ===

   Number of wires:                  6
   Number of wire bits:             74
   Number of public wires:           5
   Number of public wire bits:      56
   Number of memories:               0
   Number of memory bits:            0
   Number of processes:              0
   Number of cells:                  2
     $add                            1
     $dffe                           1

=== fir ===

   Number of wires:                103
   Number of wire bits:           1789
   Number of public wires:         103
   Number of public wire bits:    1789
   Number of memories:               0
   Number of memory bits:            0
   Number of processes:              0
   Number of cells:                 49
     $adffe                          1
     $paramod\input_pipeline\WIDTH=s32'00000000000000000000000000010010      1
     adder_with_1_reg               31
     multiplier_with_reg            16

=== multiplier_with_reg ===

   Number of wires:                  6
   Number of wire bits:             74
   Number of public wires:           5
   Number of public wire bits:      56
   Number of memories:               0
   Number of memory bits:            0
   Number of processes:              0
   Number of cells:                  2
     $dffe                           1
     $mul                            1

=== design hierarchy ===

   fir                               1
     $paramod\input_pipeline\WIDTH=s32'00000000000000000000000000010010      1
     adder_with_1_reg               31
     multiplier_with_reg            16

   Number of wires:                421
   Number of wire bits:           5864
   Number of public wires:         374
   Number of public wire bits:    5018
   Number of memories:               0
   Number of memory bits:            0
   Number of processes:              0
   Number of cells:                127
     $add                           31
     $adffe                         33
     $dffe                          47
     $mul                           16

