
5. Printing statistics.

=== $paramod\input_pipeline\WIDTH=s32'00000000000000000000000000010010 ===

   Number of wires:                 25
   Number of wire bits:            399
   Number of public wires:          25
   Number of public wire bits:     399
   Number of memories:               0
   Number of memory bits:            0
   Number of processes:              0
   Number of cells:                 21
     $adffe                         21

=== adder_with_1_reg ===

   Number of wires:                  6
   Number of wire bits:             74
   Number of public wires:           5
   Number of public wire bits:      56
   Number of memories:               0
   Number of memory bits:            0
   Number of processes:              0
   Number of cells:                  2
     $add                            1
     $dffe                           1

=== fir ===

   Number of wires:                 74
   Number of wire bits:           1256
   Number of public wires:          74
   Number of public wire bits:    1256
   Number of memories:               0
   Number of memory bits:            0
   Number of processes:              0
   Number of cells:                 36
     $adffe                          1
     $paramod\input_pipeline\WIDTH=s32'00000000000000000000000000010010      1
     adder_with_1_reg               20
     multiplier_with_reg            11
     one_register                    3

=== multiplier_with_reg ===

   Number of wires:                  6
   Number of wire bits:             74
   Number of public wires:           5
   Number of public wire bits:      56
   Number of memories:               0
   Number of memory bits:            0
   Number of processes:              0
   Number of cells:                  2
     $dffe                           1
     $mul                            1

=== one_register ===

   Number of wires:                  4
   Number of wire bits:             38
   Number of public wires:           4
   Number of public wire bits:      38
   Number of memories:               0
   Number of memory bits:            0
   Number of processes:              0
   Number of cells:                  1
     $dffe                           1

=== design hierarchy ===

   fir                               1
     $paramod\input_pipeline\WIDTH=s32'00000000000000000000000000010010      1
     adder_with_1_reg               20
     multiplier_with_reg            11
     one_register                    3

   Number of wires:                297
   Number of wire bits:           4063
   Number of public wires:         266
   Number of public wire bits:    3505
   Number of memories:               0
   Number of memory bits:            0
   Number of processes:              0
   Number of cells:                 87
     $add                           20
     $adffe                         22
     $dffe                          34
     $mul                           11

