
5. Printing statistics.

=== $paramod\input_pipeline\WIDTH=s32'00000000000000000000000000010010 ===

   Number of wires:                 56
   Number of wire bits:            957
   Number of public wires:          56
   Number of public wire bits:     957
   Number of memories:               0
   Number of memory bits:            0
   Number of processes:              0
   Number of cells:                 52
     $adffe                         52

=== adder_with_1_reg ===

   Number of wires:                  6
   Number of wire bits:             74
   Number of public wires:           5
   Number of public wire bits:      56
   Number of memories:               0
   Number of memory bits:            0
   Number of processes:              0
   Number of cells:                  2
     $add                            1
     $dffe                           1

=== fir ===

   Number of wires:                165
   Number of wire bits:           2926
   Number of public wires:         165
   Number of public wire bits:    2926
   Number of memories:               0
   Number of memory bits:            0
   Number of processes:              0
   Number of cells:                 81
     $adffe                          1
     $paramod\input_pipeline\WIDTH=s32'00000000000000000000000000010010      1
     adder_with_1_reg               51
     multiplier_with_reg            26
     one_register                    2

=== multiplier_with_reg ===

   Number of wires:                  6
   Number of wire bits:             74
   Number of public wires:           5
   Number of public wire bits:      56
   Number of memories:               0
   Number of memory bits:            0
   Number of processes:              0
   Number of cells:                  2
     $dffe                           1
     $mul                            1

=== one_register ===

   Number of wires:                  4
   Number of wire bits:             38
   Number of public wires:           4
   Number of public wire bits:      38
   Number of memories:               0
   Number of memory bits:            0
   Number of processes:              0
   Number of cells:                  1
     $dffe                           1

=== design hierarchy ===

   fir                               1
     $paramod\input_pipeline\WIDTH=s32'00000000000000000000000000010010      1
     adder_with_1_reg               51
     multiplier_with_reg            26
     one_register                    2

   Number of wires:                691
   Number of wire bits:           9657
   Number of public wires:         614
   Number of public wire bits:    8271
   Number of memories:               0
   Number of memory bits:            0
   Number of processes:              0
   Number of cells:                209
     $add                           51
     $adffe                         53
     $dffe                          79
     $mul                           26

