
5. Printing statistics.

=== $paramod\input_pipeline\WIDTH=s32'00000000000000000000000000010010 ===

   Number of wires:                 35
   Number of wire bits:            579
   Number of public wires:          35
   Number of public wire bits:     579
   Number of memories:               0
   Number of memory bits:            0
   Number of processes:              0
   Number of cells:                 31
     $adffe                         31

=== adder_with_1_reg ===

   Number of wires:                  6
   Number of wire bits:             74
   Number of public wires:           5
   Number of public wire bits:      56
   Number of memories:               0
   Number of memory bits:            0
   Number of processes:              0
   Number of cells:                  2
     $add                            1
     $dffe                           1

=== fir ===

   Number of wires:                102
   Number of wire bits:           1770
   Number of public wires:         102
   Number of public wire bits:    1770
   Number of memories:               0
   Number of memory bits:            0
   Number of processes:              0
   Number of cells:                 49
     $adffe                          1
     $paramod\input_pipeline\WIDTH=s32'00000000000000000000000000010010      1
     adder_with_1_reg               30
     multiplier_with_reg            16
     one_register                    1

=== multiplier_with_reg ===

   Number of wires:                  6
   Number of wire bits:             74
   Number of public wires:           5
   Number of public wire bits:      56
   Number of memories:               0
   Number of memory bits:            0
   Number of processes:              0
   Number of cells:                  2
     $dffe                           1
     $mul                            1

=== one_register ===

   Number of wires:                  4
   Number of wire bits:             38
   Number of public wires:           4
   Number of public wire bits:      38
   Number of memories:               0
   Number of memory bits:            0
   Number of processes:              0
   Number of cells:                  1
     $dffe                           1

=== design hierarchy ===

   fir                               1
     $paramod\input_pipeline\WIDTH=s32'00000000000000000000000000010010      1
     adder_with_1_reg               30
     multiplier_with_reg            16
     one_register                    1

   Number of wires:                417
   Number of wire bits:           5791
   Number of public wires:         371
   Number of public wire bits:    4963
   Number of memories:               0
   Number of memory bits:            0
   Number of processes:              0
   Number of cells:                125
     $add                           30
     $adffe                         32
     $dffe                          47
     $mul                           16

