
5. Printing statistics.

=== $paramod\input_pipeline\WIDTH=s32'00000000000000000000000000010010 ===

   Number of wires:                 20
   Number of wire bits:            309
   Number of public wires:          20
   Number of public wire bits:     309
   Number of memories:               0
   Number of memory bits:            0
   Number of processes:              0
   Number of cells:                 16
     $adffe                         16

=== adder_with_1_reg ===

   Number of wires:                  6
   Number of wire bits:             74
   Number of public wires:           5
   Number of public wire bits:      56
   Number of memories:               0
   Number of memory bits:            0
   Number of processes:              0
   Number of cells:                  2
     $add                            1
     $dffe                           1

=== fir ===

   Number of wires:                 55
   Number of wire bits:            908
   Number of public wires:          55
   Number of public wire bits:     908
   Number of memories:               0
   Number of memory bits:            0
   Number of processes:              0
   Number of cells:                 25
     $adffe                          1
     $paramod\input_pipeline\WIDTH=s32'00000000000000000000000000010010      1
     adder_with_1_reg               15
     multiplier_with_reg             8

=== multiplier_with_reg ===

   Number of wires:                  6
   Number of wire bits:             74
   Number of public wires:           5
   Number of public wire bits:      56
   Number of memories:               0
   Number of memory bits:            0
   Number of processes:              0
   Number of cells:                  2
     $dffe                           1
     $mul                            1

=== design hierarchy ===

   fir                               1
     $paramod\input_pipeline\WIDTH=s32'00000000000000000000000000010010      1
     adder_with_1_reg               15
     multiplier_with_reg             8

   Number of wires:                213
   Number of wire bits:           2919
   Number of public wires:         190
   Number of public wire bits:    2505
   Number of memories:               0
   Number of memory bits:            0
   Number of processes:              0
   Number of cells:                 63
     $add                           15
     $adffe                         17
     $dffe                          23
     $mul                            8

