
5. Printing statistics.

=== $paramod\input_pipeline\WIDTH=s32'00000000000000000000000000010010 ===

   Number of wires:                 46
   Number of wire bits:            777
   Number of public wires:          46
   Number of public wire bits:     777
   Number of memories:               0
   Number of memory bits:            0
   Number of processes:              0
   Number of cells:                 42
     $adffe                         42

=== adder_with_1_reg ===

   Number of wires:                  6
   Number of wire bits:             74
   Number of public wires:           5
   Number of public wire bits:      56
   Number of memories:               0
   Number of memory bits:            0
   Number of processes:              0
   Number of cells:                  2
     $add                            1
     $dffe                           1

=== fir ===

   Number of wires:                136
   Number of wire bits:           2394
   Number of public wires:         136
   Number of public wire bits:    2394
   Number of memories:               0
   Number of memory bits:            0
   Number of processes:              0
   Number of cells:                 67
     $adffe                          1
     $paramod\input_pipeline\WIDTH=s32'00000000000000000000000000010010      1
     adder_with_1_reg               41
     multiplier_with_reg            21
     one_register                    3

=== multiplier_with_reg ===

   Number of wires:                  6
   Number of wire bits:             74
   Number of public wires:           5
   Number of public wire bits:      56
   Number of memories:               0
   Number of memory bits:            0
   Number of processes:              0
   Number of cells:                  2
     $dffe                           1
     $mul                            1

=== one_register ===

   Number of wires:                  4
   Number of wire bits:             38
   Number of public wires:           4
   Number of public wire bits:      38
   Number of memories:               0
   Number of memory bits:            0
   Number of processes:              0
   Number of cells:                  1
     $dffe                           1

=== design hierarchy ===

   fir                               1
     $paramod\input_pipeline\WIDTH=s32'00000000000000000000000000010010      1
     adder_with_1_reg               41
     multiplier_with_reg            21
     one_register                    3

   Number of wires:                566
   Number of wire bits:           7873
   Number of public wires:         504
   Number of public wire bits:    6757
   Number of memories:               0
   Number of memory bits:            0
   Number of processes:              0
   Number of cells:                170
     $add                           41
     $adffe                         43
     $dffe                          65
     $mul                           21

