
5. Printing statistics.

=== fp16_to_fp32 ===

   Number of wires:                 73
   Number of wire bits:            343
   Number of public wires:           5
   Number of public wire bits:      88
   Number of memories:               0
   Number of memory bits:            0
   Number of processes:              0
   Number of cells:                 70
     $add_4                          1
     $add_8                          1
     $and_1                         32
     $and_23                         1
     $dlatch_4                       1
     $eq_5                           1
     $logic_not_15                   1
     $logic_not_5                    1
     $mux_23                         1
     $mux_31                         1
     $mux_4                         10
     $mux_8                          2
     $not_1                         12
     $reduce_or_2                    2
     $shl_23                         1
     $sub_32                         1
     $sub_8                          1

