
5. Printing statistics.

=== fp32_to_fp16 ===

   Number of wires:                 14
   Number of wire bits:            136
   Number of public wires:           3
   Number of public wire bits:      64
   Number of memories:               0
   Number of memory bits:            0
   Number of processes:              0
   Number of cells:                 14
     $add_8                          2
     $eq_8                           1
     $ge_8                           1
     $le_8                           1
     $logic_and_1                    1
     $logic_not_31                   1
     $mux_1                          1
     $mux_10                         1
     $mux_15                         1
     $mux_5                          2
     $shr_11                         1
     $sub_8                          1

