
5. Printing statistics.

=== FPAddSub_c ===

   Number of wires:                 32
   Number of wire bits:            350
   Number of public wires:          19
   Number of public wire bits:     337
   Number of memories:               0
   Number of memory bits:            0
   Number of processes:              0
   Number of cells:                 81
     $add_9                          1
     $eq_2                           6
     $logic_not_1                    1
     $logic_not_2                    2
     $mux_9                          1
     $pmux_1                        62
     $pmux_4                         1
     $reduce_or_2                    2
     $reduce_or_3                    2
     $reduce_or_33                   1
     $reduce_or_7                    1
     $sub_9                          1

