
5. Printing statistics.

=== FPAddSub_a ===

   Number of wires:                 56
   Number of wire bits:            658
   Number of public wires:          30
   Number of public wire bits:     446
   Number of memories:               0
   Number of memory bits:            0
   Number of processes:              0
   Number of cells:                 81
     $add_32                         4
     $and_1                          4
     $eq_2                           6
     $logic_not_1                    2
     $logic_not_2                    2
     $lt_31                          1
     $mux_23                         2
     $mux_24                         1
     $mux_5                          1
     $mux_8                          1
     $not_32                         2
     $or_1                           3
     $pmux_1                        43
     $pmux_5                         1
     $reduce_and_8                   2
     $reduce_or_2                    2
     $reduce_or_23                   2
     $reduce_or_3                    2

