
5. Printing statistics.

=== FPAddSub_d ===

   Number of wires:                 53
   Number of wire bits:            245
   Number of public wires:          28
   Number of public wire bits:     181
   Number of memories:               0
   Number of memory bits:            0
   Number of processes:              0
   Number of cells:                 36
     $add_32                         1
     $add_9                          1
     $and_1                         11
     $logic_not_1                    1
     $mux_1                          2
     $mux_23                         1
     $mux_9                          1
     $not_1                          4
     $or_1                           9
     $reduce_and_8                   1
     $reduce_or_3                    1
     $reduce_or_8                    1
     $xor_1                          2

