
5. Printing statistics.

=== output_logic ===

   Number of wires:                542
   Number of wire bits:          39024
   Number of public wires:         434
   Number of public wire bits:   13192
   Number of memories:               0
   Number of memory bits:            0
   Number of processes:              0
   Number of cells:                133
     $add_32                         1
     $add_8                          1
     $dffe_8                         1
     $eq_8                           1
     $ge_32                          1
     $mux_1                          6
     $mux_32                         4
     $mux_320                       80
     $mux_8                          5
     $ne_2                           1
     $ne_3                           1
     $not_1                          1
     $or_1                           1
     $reduce_and_2                   1
     $reduce_and_3                   1
     $reduce_bool_2                  1
     $reduce_bool_4                  1
     $reduce_bool_5                  1
     $sdffe_1                        2
     $sdffe_32                       1
     $sdffe_320                     20
     $sub_8                          1

