
5. Printing statistics.

=== FPAddSub_a ===

   Number of wires:                 56
   Number of wire bits:            658
   Number of public wires:          30
   Number of public wire bits:     446
   Number of memories:               0
   Number of memory bits:            0
   Number of processes:              0
   Number of cells:                 81
     $add_32                         4
     $and_1                          4
     $eq_2                           6
     $logic_not_1                    2
     $logic_not_2                    2
     $lt_31                          1
     $mux_23                         2
     $mux_24                         1
     $mux_5                          1
     $mux_8                          1
     $not_32                         2
     $or_1                           3
     $pmux_1                        43
     $pmux_5                         1
     $reduce_and_8                   2
     $reduce_or_2                    2
     $reduce_or_23                   2
     $reduce_or_3                    2

=== FPAddSub_c ===

   Number of wires:                 32
   Number of wire bits:            350
   Number of public wires:          19
   Number of public wire bits:     337
   Number of memories:               0
   Number of memory bits:            0
   Number of processes:              0
   Number of cells:                 81
     $add_9                          1
     $eq_2                           6
     $logic_not_1                    1
     $logic_not_2                    2
     $mux_9                          1
     $pmux_1                        62
     $pmux_4                         1
     $reduce_or_2                    2
     $reduce_or_3                    2
     $reduce_or_33                   1
     $reduce_or_7                    1
     $sub_9                          1

=== FPAddSub_d ===

   Number of wires:                 53
   Number of wire bits:            245
   Number of public wires:          28
   Number of public wire bits:     181
   Number of memories:               0
   Number of memory bits:            0
   Number of processes:              0
   Number of cells:                 36
     $add_32                         1
     $add_9                          1
     $and_1                         11
     $logic_not_1                    1
     $mux_1                          2
     $mux_23                         1
     $mux_9                          1
     $not_1                          4
     $or_1                           9
     $reduce_and_8                   1
     $reduce_or_3                    1
     $reduce_or_8                    1
     $xor_1                          2

=== FPAddSub_single ===

   Number of wires:                 30
   Number of wire bits:            420
   Number of public wires:          30
   Number of public wire bits:     420
   Number of memories:               0
   Number of memory bits:            0
   Number of processes:              0
   Number of cells:                  7
     $sdff_46                        1
     $sdff_55                        1
     $sdff_69                        1
     FPAddSub_a                      1
     FPAddSub_c                      1
     FPAddSub_d                      1
     FpAddSub_b                      1

=== FpAddSub_b ===

   Number of wires:                 40
   Number of wire bits:            349
   Number of public wires:          12
   Number of public wire bits:     157
   Number of memories:               0
   Number of memory bits:            0
   Number of processes:              0
   Number of cells:                 33
     $add_33                         1
     $mux_1                          1
     $mux_33                         2
     $mux_5                         26
     $sub_33                         1
     $xor_1                          2

=== qadd ===

   Number of wires:                  6
   Number of wire bits:            103
   Number of public wires:           6
   Number of public wire bits:     103
   Number of memories:               0
   Number of memory bits:            0
   Number of processes:              0
   Number of cells:                  1
     FPAddSub_single                 1

=== design hierarchy ===

   qadd                              1
     FPAddSub_single                 1
       FPAddSub_a                    1
       FPAddSub_c                    1
       FPAddSub_d                    1
       FpAddSub_b                    1

   Number of wires:                217
   Number of wire bits:           2125
   Number of public wires:         125
   Number of public wire bits:    1644
   Number of memories:               0
   Number of memory bits:            0
   Number of processes:              0
   Number of cells:                234
     $add_32                         5
     $add_33                         1
     $add_9                          2
     $and_1                         15
     $eq_2                          12
     $logic_not_1                    4
     $logic_not_2                    4
     $lt_31                          1
     $mux_1                          3
     $mux_23                         3
     $mux_24                         1
     $mux_33                         2
     $mux_5                         27
     $mux_8                          1
     $mux_9                          2
     $not_1                          4
     $not_32                         2
     $or_1                          12
     $pmux_1                       105
     $pmux_4                         1
     $pmux_5                         1
     $reduce_and_8                   3
     $reduce_or_2                    4
     $reduce_or_23                   2
     $reduce_or_3                    5
     $reduce_or_33                   1
     $reduce_or_7                    1
     $reduce_or_8                    1
     $sdff_46                        1
     $sdff_55                        1
     $sdff_69                        1
     $sub_33                         1
     $sub_9                          1
     $xor_1                          4

