
 /----------------------------------------------------------------------------\
 |                                                                            |
 |  yosys -- Yosys Open SYnthesis Suite                                       |
 |                                                                            |
 |  Copyright (C) 2012 - 2020  Claire Xenia Wolf <claire@yosyshq.com>         |
 |                                                                            |
 |  Permission to use, copy, modify, and/or distribute this software for any  |
 |  purpose with or without fee is hereby granted, provided that the above    |
 |  copyright notice and this permission notice appear in all copies.         |
 |                                                                            |
 |  THE SOFTWARE IS PROVIDED "AS IS" AND THE AUTHOR DISCLAIMS ALL WARRANTIES  |
 |  WITH REGARD TO THIS SOFTWARE INCLUDING ALL IMPLIED WARRANTIES OF          |
 |  MERCHANTABILITY AND FITNESS. IN NO EVENT SHALL THE AUTHOR BE LIABLE FOR   |
 |  ANY SPECIAL, DIRECT, INDIRECT, OR CONSEQUENTIAL DAMAGES OR ANY DAMAGES    |
 |  WHATSOEVER RESULTING FROM LOSS OF USE, DATA OR PROFITS, WHETHER IN AN     |
 |  ACTION OF CONTRACT, NEGLIGENCE OR OTHER TORTIOUS ACTION, ARISING OUT OF   |
 |  OR IN CONNECTION WITH THE USE OR PERFORMANCE OF THIS SOFTWARE.            |
 |                                                                            |
 \----------------------------------------------------------------------------/

 Yosys 0.10+12 (git sha1 4d87019, gcc 7.4.0-1ubuntu1~16.04~ppa1 -fPIC -Os)


-- Executing script file `out.ys' --

1. Executing Verilog-2005 frontend: /home/zhigang/DATA/raw_designs/vtr_designs/arithmetic/generated_circuits/figure_8/verilog/adder_085bits.v
Parsing SystemVerilog input from `/home/zhigang/DATA/raw_designs/vtr_designs/arithmetic/generated_circuits/figure_8/verilog/adder_085bits.v' to AST representation.
Generating RTLIL representation for module `\adder_top'.
Successfully finished Verilog frontend.

2. Executing HIERARCHY pass (managing design hierarchy).

2.1. Finding top of design hierarchy..
root of   0 design levels: adder_top           
Automatically selected adder_top as design top module.

2.2. Analyzing design hierarchy..
Top module:  \adder_top

2.3. Analyzing design hierarchy..
Top module:  \adder_top
Removed 0 unused modules.

3. Executing PROC pass (convert processes to netlists).

3.1. Executing PROC_CLEAN pass (remove empty switches from decision trees).
Cleaned up 0 empty switches.

3.2. Executing PROC_RMDEAD pass (remove dead branches from decision trees).
Removed a total of 0 dead cases.

3.3. Executing PROC_PRUNE pass (remove redundant assignments in processes).
Removed 0 redundant assignments.
Promoted 3 assignments to connections.

3.4. Executing PROC_INIT pass (extract init attributes).

3.5. Executing PROC_ARST pass (detect async resets in processes).

3.6. Executing PROC_MUX pass (convert decision trees to multiplexers).
Creating decoders for process `\adder_top.$proc$/home/zhigang/DATA/raw_designs/vtr_designs/arithmetic/generated_circuits/figure_8/verilog/adder_085bits.v:22$1'.

3.7. Executing PROC_DLATCH pass (convert process syncs to latches).

3.8. Executing PROC_DFF pass (convert process syncs to FFs).
Creating register for signal `\adder_top.\sum' using process `\adder_top.$proc$/home/zhigang/DATA/raw_designs/vtr_designs/arithmetic/generated_circuits/figure_8/verilog/adder_085bits.v:22$1'.
  created $dff cell `$procdff$3' with positive edge clock.
Creating register for signal `\adder_top.\a_reg' using process `\adder_top.$proc$/home/zhigang/DATA/raw_designs/vtr_designs/arithmetic/generated_circuits/figure_8/verilog/adder_085bits.v:22$1'.
  created $dff cell `$procdff$4' with positive edge clock.
Creating register for signal `\adder_top.\b_reg' using process `\adder_top.$proc$/home/zhigang/DATA/raw_designs/vtr_designs/arithmetic/generated_circuits/figure_8/verilog/adder_085bits.v:22$1'.
  created $dff cell `$procdff$5' with positive edge clock.

3.9. Executing PROC_MEMWR pass (convert process memory writes to cells).

3.10. Executing PROC_CLEAN pass (remove empty switches from decision trees).
Removing empty process `adder_top.$proc$/home/zhigang/DATA/raw_designs/vtr_designs/arithmetic/generated_circuits/figure_8/verilog/adder_085bits.v:22$1'.
Cleaned up 0 empty switches.

3.11. Executing OPT_EXPR pass (perform const folding).
Optimizing module adder_top.

4. Executing OPT pass (performing simple optimizations).

4.1. Executing OPT_EXPR pass (perform const folding).
Optimizing module adder_top.

4.2. Executing OPT_MERGE pass (detect identical cells).
Finding identical cells in module `\adder_top'.
Removed a total of 0 cells.

4.3. Executing OPT_MUXTREE pass (detect dead branches in mux trees).
Running muxtree optimizer on module \adder_top..
  Creating internal representation of mux trees.
  No muxes found in this module.
Removed 0 multiplexer ports.

4.4. Executing OPT_REDUCE pass (consolidate $*mux and $reduce_* inputs).
  Optimizing cells in module \adder_top.
Performed a total of 0 changes.

4.5. Executing OPT_MERGE pass (detect identical cells).
Finding identical cells in module `\adder_top'.
Removed a total of 0 cells.

4.6. Executing OPT_DFF pass (perform DFF optimizations).

4.7. Executing OPT_CLEAN pass (remove unused cells and wires).
Finding unused cells or wires in module \adder_top..
Removed 0 unused cells and 3 unused wires.
<suppressed ~1 debug messages>

4.8. Executing OPT_EXPR pass (perform const folding).
Optimizing module adder_top.

4.9. Rerunning OPT passes. (Maybe there is more to do..)

4.10. Executing OPT_MUXTREE pass (detect dead branches in mux trees).
Running muxtree optimizer on module \adder_top..
  Creating internal representation of mux trees.
  No muxes found in this module.
Removed 0 multiplexer ports.

4.11. Executing OPT_REDUCE pass (consolidate $*mux and $reduce_* inputs).
  Optimizing cells in module \adder_top.
Performed a total of 0 changes.

4.12. Executing OPT_MERGE pass (detect identical cells).
Finding identical cells in module `\adder_top'.
Removed a total of 0 cells.

4.13. Executing OPT_DFF pass (perform DFF optimizations).

4.14. Executing OPT_CLEAN pass (remove unused cells and wires).
Finding unused cells or wires in module \adder_top..

4.15. Executing OPT_EXPR pass (perform const folding).
Optimizing module adder_top.

4.16. Finished OPT passes. (There is nothing left to do.)

5. Printing statistics.

=== adder_top ===

   Number of wires:                  7
   Number of wire bits:            513
   Number of public wires:           6
   Number of public wire bits:     427
   Number of memories:               0
   Number of memory bits:            0
   Number of processes:              0
   Number of cells:                  4
     $add                            1
     $dff                            3

End of script. Logfile hash: 3bb7fbcb79, CPU: user 0.01s system 0.00s, MEM: 11.53 MB peak
Yosys 0.10+12 (git sha1 4d87019, gcc 7.4.0-1ubuntu1~16.04~ppa1 -fPIC -Os)
Time spent: 49% 4x opt_expr (0 sec), 24% 3x opt_merge (0 sec), ...
