
5. Printing statistics.

=== my_divider ===

   Number of wires:                 53
   Number of wire bits:            373
   Number of public wires:          26
   Number of public wire bits:     122
   Number of memories:               0
   Number of memory bits:            0
   Number of processes:              0
   Number of cells:                 42
     $add                            3
     $eq                             2
     $logic_not                      2
     $mux                           17
     $not                            2
     $or                             2
     $pmux                           3
     $reduce_bool                    2
     $reduce_or                      3
     $sdff                           2
     $sdffe                          4

