
5. Printing statistics.

=== corr ===

   Number of wires:                 13
   Number of wire bits:            146
   Number of public wires:          10
   Number of public wire bits:      98
   Number of memories:               0
   Number of memory bits:            0
   Number of processes:              0
   Number of cells:                  7
     $add                            1
     $dff                            3
     $dffe                           1
     $mul                            2

=== sh_reg ===

   Number of wires:                  6
   Number of wire bits:             34
   Number of public wires:           6
   Number of public wire bits:      34
   Number of memories:               0
   Number of memory bits:            0
   Number of processes:              0
   Number of cells:                  2
     $dffe                           2

=== wrapper_corr_20 ===

   Number of wires:                 92
   Number of wire bits:           1058
   Number of public wires:          92
   Number of public wire bits:    1058
   Number of memories:               0
   Number of memory bits:            0
   Number of processes:              0
   Number of cells:                 64
     $dffe                          21
     corr                           21
     sh_reg                         22

=== design hierarchy ===

   wrapper_corr_20                   1
     corr                           21
     sh_reg                         22

   Number of wires:                497
   Number of wire bits:           4872
   Number of public wires:         434
   Number of public wire bits:    3864
   Number of memories:               0
   Number of memory bits:            0
   Number of processes:              0
   Number of cells:                212
     $add                           21
     $dff                           63
     $dffe                          86
     $mul                           42

