
5. Printing statistics.

=== wrapper_corr_20 ===

   Number of wires:                 92
   Number of wire bits:           1058
   Number of public wires:          92
   Number of public wire bits:    1058
   Number of memories:               0
   Number of memory bits:            0
   Number of processes:              0
   Number of cells:                 64
     $dffe                          21
     corr                           21
     sh_reg                         22

=== wrapper_norm_corr_20 ===

   Number of wires:                 31
   Number of wire bits:            434
   Number of public wires:          31
   Number of public wire bits:     434
   Number of memories:               0
   Number of memory bits:            0
   Number of processes:              0
   Number of cells:                  3
     wrapper_corr_20                 1
     wrapper_norm                    2

=== design hierarchy ===

   wrapper_norm_corr_20              1
     wrapper_corr_20                 1

   Number of wires:                123
   Number of wire bits:           1492
   Number of public wires:         123
   Number of public wire bits:    1492
   Number of memories:               0
   Number of memory bits:            0
   Number of processes:              0
   Number of cells:                 66
     $dffe                          21
     corr                           21
     sh_reg                         22
     wrapper_norm                    2

