
5. Printing statistics.

=== state_machine ===

   Number of wires:                 37
   Number of wire bits:            229
   Number of public wires:          10
   Number of public wire bits:      65
   Number of memories:               0
   Number of memory bits:            0
   Number of processes:              0
   Number of cells:                 33
     $add                            6
     $adff                           5
     $adffe                          1
     $eq                             2
     $logic_not                      1
     $mux                            4
     $ne                             1
     $not                            1
     $pmux                           4
     $reduce_and                     1
     $reduce_bool                    1
     $reduce_or                      3
     $sub                            3

