
5. Printing statistics.

=== output_logic ===

   Number of wires:                 90
   Number of wire bits:           2337
   Number of public wires:          40
   Number of public wire bits:     925
   Number of memories:               0
   Number of memory bits:            0
   Number of processes:              0
   Number of cells:                 59
     $add                            4
     $dffe                           1
     $eq                             2
     $ge                             1
     $mux                           32
     $ne                             2
     $not                            1
     $or                             1
     $reduce_and                     2
     $reduce_bool                    3
     $sdffe                          7
     $sub                            3

