
5. Printing statistics.

=== processing_element ===

   Number of wires:                 20
   Number of wire bits:            114
   Number of public wires:          14
   Number of public wire bits:     108
   Number of memories:               0
   Number of memory bits:            0
   Number of processes:              0
   Number of cells:                 12
     $and                            2
     $logic_and                      1
     $logic_or                       2
     $not                            3
     $or                             1
     $sdffe                          2
     seq_mac                         1

=== qadd ===

   Number of wires:                  3
   Number of wire bits:             96
   Number of public wires:           3
   Number of public wire bits:      96
   Number of memories:               0
   Number of memory bits:            0
   Number of processes:              0
   Number of cells:                  1
     $add                            1

=== seq_mac ===

   Number of wires:                 23
   Number of wire bits:            400
   Number of public wires:          18
   Number of public wire bits:     334
   Number of memories:               0
   Number of memory bits:            0
   Number of processes:              0
   Number of cells:                 12
     $and                            1
     $mux                            4
     $reduce_or                      1
     $sdff                           4
     mac_int                         1
     qadd                            1

=== design hierarchy ===

   processing_element                1
     seq_mac                         1
       qadd                          1

   Number of wires:                 46
   Number of wire bits:            610
   Number of public wires:          35
   Number of public wire bits:     538
   Number of memories:               0
   Number of memory bits:            0
   Number of processes:              0
   Number of cells:                 23
     $add                            1
     $and                            3
     $logic_and                      1
     $logic_or                       2
     $mux                            4
     $not                            3
     $or                             1
     $reduce_or                      1
     $sdff                           4
     $sdffe                          2
     mac_int                         1

