
5. Printing statistics.

=== $paramod$9d532e1247fd046db4594eb5930a19efcf851bc8\dual_port_ram ===

   Number of wires:                 17
   Number of wire bits:           1299
   Number of public wires:           9
   Number of public wire bits:     523
   Number of memories:               1
   Number of memory bits:          512
   Number of processes:              0
   Number of cells:                 12
     $dffe                           2
     $memrd                          2
     $memwr_v2                       2
     $mux                            6

=== arSRLFIFO_d ===

   Number of wires:                 18
   Number of wire bits:            273
   Number of public wires:          18
   Number of public wire bits:     273
   Number of memories:               0
   Number of memory bits:            0
   Number of processes:              0
   Number of cells:                  1
     generic_fifo_sc_d               1

=== generic_fifo_sc_d ===

   Number of wires:                 93
   Number of wire bits:            637
   Number of public wires:          27
   Number of public wire bits:     555
   Number of memories:               0
   Number of memory bits:            0
   Number of processes:              0
   Number of cells:                 84
     $add                            5
     $and                           25
     $eq                             4
     $ge                             2
     $le                             2
     $logic_not                      5
     $lt                             2
     $mux                           14
     $ne                             3
     $not                            1
     $or                             3
     $paramod$9d532e1247fd046db4594eb5930a19efcf851bc8\dual_port_ram      1
     $reduce_bool                    7
     $reduce_or                      1
     $sdffe                          9

=== design hierarchy ===

   arSRLFIFO_d                       1
     generic_fifo_sc_d               1
       $paramod$9d532e1247fd046db4594eb5930a19efcf851bc8\dual_port_ram      1

   Number of wires:                128
   Number of wire bits:           2209
   Number of public wires:          54
   Number of public wire bits:    1351
   Number of memories:               1
   Number of memory bits:          512
   Number of processes:              0
   Number of cells:                 95
     $add                            5
     $and                           25
     $dffe                           2
     $eq                             4
     $ge                             2
     $le                             2
     $logic_not                      5
     $lt                             2
     $memrd                          2
     $memwr_v2                       2
     $mux                           20
     $ne                             3
     $not                            1
     $or                             3
     $reduce_bool                    7
     $reduce_or                      1
     $sdffe                          9

