
5. Printing statistics.

=== bgm ===

   Number of wires:                 63
   Number of wire bits:           1474
   Number of public wires:          63
   Number of public wire bits:    1474
   Number of memories:               0
   Number of memory bits:            0
   Number of processes:              0
   Number of cells:                 32
     delay5                         12
     fpu_add                         9
     fpu_mul                        11

=== delay5 ===

   Number of wires:                  4
   Number of wire bits:             97
   Number of public wires:           4
   Number of public wire bits:      97
   Number of memories:               0
   Number of memory bits:            0
   Number of processes:              0
   Number of cells:                  1
     $dff                            1

=== design hierarchy ===

   bgm                               1
     delay5                         12

   Number of wires:                111
   Number of wire bits:           2638
   Number of public wires:         111
   Number of public wire bits:    2638
   Number of memories:               0
   Number of memory bits:            0
   Number of processes:              0
   Number of cells:                 32
     $dff                           12
     fpu_add                         9
     fpu_mul                        11

