
 /----------------------------------------------------------------------------\
 |                                                                            |
 |  yosys -- Yosys Open SYnthesis Suite                                       |
 |                                                                            |
 |  Copyright (C) 2012 - 2020  Claire Xenia Wolf <claire@yosyshq.com>         |
 |                                                                            |
 |  Permission to use, copy, modify, and/or distribute this software for any  |
 |  purpose with or without fee is hereby granted, provided that the above    |
 |  copyright notice and this permission notice appear in all copies.         |
 |                                                                            |
 |  THE SOFTWARE IS PROVIDED "AS IS" AND THE AUTHOR DISCLAIMS ALL WARRANTIES  |
 |  WITH REGARD TO THIS SOFTWARE INCLUDING ALL IMPLIED WARRANTIES OF          |
 |  MERCHANTABILITY AND FITNESS. IN NO EVENT SHALL THE AUTHOR BE LIABLE FOR   |
 |  ANY SPECIAL, DIRECT, INDIRECT, OR CONSEQUENTIAL DAMAGES OR ANY DAMAGES    |
 |  WHATSOEVER RESULTING FROM LOSS OF USE, DATA OR PROFITS, WHETHER IN AN     |
 |  ACTION OF CONTRACT, NEGLIGENCE OR OTHER TORTIOUS ACTION, ARISING OUT OF   |
 |  OR IN CONNECTION WITH THE USE OR PERFORMANCE OF THIS SOFTWARE.            |
 |                                                                            |
 \----------------------------------------------------------------------------/

 Yosys 0.10+12 (git sha1 72fac04, gcc 7.4.0-1ubuntu1~16.04~ppa1 -fPIC -Os)


-- Executing script file `out.ys' --

1. Executing Verilog-2005 frontend: /home/zhigang/DATA/raw_designs/vtr_designs/verilog/koios/attention_layer_submodules/mode4_adder_tree.v
Parsing SystemVerilog input from `/home/zhigang/DATA/raw_designs/vtr_designs/verilog/koios/attention_layer_submodules/mode4_adder_tree.v' to AST representation.
Generating RTLIL representation for module `\mode4_adder_tree'.
Successfully finished Verilog frontend.

2. Executing HIERARCHY pass (managing design hierarchy).

2.1. Finding top of design hierarchy..
root of   0 design levels: mode4_adder_tree    
Automatically selected mode4_adder_tree as design top module.

2.2. Analyzing design hierarchy..
Top module:  \mode4_adder_tree

2.3. Analyzing design hierarchy..
Top module:  \mode4_adder_tree
Removed 0 unused modules.

3. Executing PROC pass (convert processes to netlists).

3.1. Executing PROC_CLEAN pass (remove empty switches from decision trees).
Cleaned up 0 empty switches.

3.2. Executing PROC_RMDEAD pass (remove dead branches from decision trees).
Marked 1 switch rules as full_case in process $proc$/home/zhigang/DATA/raw_designs/vtr_designs/verilog/koios/attention_layer_submodules/mode4_adder_tree.v:101$7 in module mode4_adder_tree.
Marked 1 switch rules as full_case in process $proc$/home/zhigang/DATA/raw_designs/vtr_designs/verilog/koios/attention_layer_submodules/mode4_adder_tree.v:92$4 in module mode4_adder_tree.
Marked 1 switch rules as full_case in process $proc$/home/zhigang/DATA/raw_designs/vtr_designs/verilog/koios/attention_layer_submodules/mode4_adder_tree.v:80$1 in module mode4_adder_tree.
Removed a total of 0 dead cases.

3.3. Executing PROC_PRUNE pass (remove redundant assignments in processes).
Removed 0 redundant assignments.
Promoted 0 assignments to connections.

3.4. Executing PROC_INIT pass (extract init attributes).

3.5. Executing PROC_ARST pass (detect async resets in processes).

3.6. Executing PROC_MUX pass (convert decision trees to multiplexers).
Creating decoders for process `\mode4_adder_tree.$proc$/home/zhigang/DATA/raw_designs/vtr_designs/verilog/koios/attention_layer_submodules/mode4_adder_tree.v:101$7'.
     1/1: $0\outp[15:0]
Creating decoders for process `\mode4_adder_tree.$proc$/home/zhigang/DATA/raw_designs/vtr_designs/verilog/koios/attention_layer_submodules/mode4_adder_tree.v:92$4'.
     1/1: $0\add0_out_stage1_reg[15:0]
Creating decoders for process `\mode4_adder_tree.$proc$/home/zhigang/DATA/raw_designs/vtr_designs/verilog/koios/attention_layer_submodules/mode4_adder_tree.v:80$1'.
     1/2: $0\add1_out_stage2_reg[15:0]
     2/2: $0\add0_out_stage2_reg[15:0]

3.7. Executing PROC_DLATCH pass (convert process syncs to latches).

3.8. Executing PROC_DFF pass (convert process syncs to FFs).
Creating register for signal `\mode4_adder_tree.\outp' using process `\mode4_adder_tree.$proc$/home/zhigang/DATA/raw_designs/vtr_designs/verilog/koios/attention_layer_submodules/mode4_adder_tree.v:101$7'.
  created $dff cell `$procdff$30' with positive edge clock.
Creating register for signal `\mode4_adder_tree.\add0_out_stage1_reg' using process `\mode4_adder_tree.$proc$/home/zhigang/DATA/raw_designs/vtr_designs/verilog/koios/attention_layer_submodules/mode4_adder_tree.v:92$4'.
  created $dff cell `$procdff$31' with positive edge clock.
Creating register for signal `\mode4_adder_tree.\add0_out_stage2_reg' using process `\mode4_adder_tree.$proc$/home/zhigang/DATA/raw_designs/vtr_designs/verilog/koios/attention_layer_submodules/mode4_adder_tree.v:80$1'.
  created $dff cell `$procdff$32' with positive edge clock.
Creating register for signal `\mode4_adder_tree.\add1_out_stage2_reg' using process `\mode4_adder_tree.$proc$/home/zhigang/DATA/raw_designs/vtr_designs/verilog/koios/attention_layer_submodules/mode4_adder_tree.v:80$1'.
  created $dff cell `$procdff$33' with positive edge clock.

3.9. Executing PROC_MEMWR pass (convert process memory writes to cells).

3.10. Executing PROC_CLEAN pass (remove empty switches from decision trees).
Found and cleaned up 2 empty switches in `\mode4_adder_tree.$proc$/home/zhigang/DATA/raw_designs/vtr_designs/verilog/koios/attention_layer_submodules/mode4_adder_tree.v:101$7'.
Removing empty process `mode4_adder_tree.$proc$/home/zhigang/DATA/raw_designs/vtr_designs/verilog/koios/attention_layer_submodules/mode4_adder_tree.v:101$7'.
Found and cleaned up 2 empty switches in `\mode4_adder_tree.$proc$/home/zhigang/DATA/raw_designs/vtr_designs/verilog/koios/attention_layer_submodules/mode4_adder_tree.v:92$4'.
Removing empty process `mode4_adder_tree.$proc$/home/zhigang/DATA/raw_designs/vtr_designs/verilog/koios/attention_layer_submodules/mode4_adder_tree.v:92$4'.
Found and cleaned up 2 empty switches in `\mode4_adder_tree.$proc$/home/zhigang/DATA/raw_designs/vtr_designs/verilog/koios/attention_layer_submodules/mode4_adder_tree.v:80$1'.
Removing empty process `mode4_adder_tree.$proc$/home/zhigang/DATA/raw_designs/vtr_designs/verilog/koios/attention_layer_submodules/mode4_adder_tree.v:80$1'.
Cleaned up 6 empty switches.

3.11. Executing OPT_EXPR pass (perform const folding).
Optimizing module mode4_adder_tree.

4. Executing OPT pass (performing simple optimizations).

4.1. Executing OPT_EXPR pass (perform const folding).
Optimizing module mode4_adder_tree.

4.2. Executing OPT_MERGE pass (detect identical cells).
Finding identical cells in module `\mode4_adder_tree'.
<suppressed ~6 debug messages>
Removed a total of 2 cells.

4.3. Executing OPT_MUXTREE pass (detect dead branches in mux trees).
Running muxtree optimizer on module \mode4_adder_tree..
  Creating internal representation of mux trees.
  Evaluating internal representation of mux trees.
  Analyzing evaluation results.
Removed 0 multiplexer ports.
<suppressed ~4 debug messages>

4.4. Executing OPT_REDUCE pass (consolidate $*mux and $reduce_* inputs).
  Optimizing cells in module \mode4_adder_tree.
Performed a total of 0 changes.

4.5. Executing OPT_MERGE pass (detect identical cells).
Finding identical cells in module `\mode4_adder_tree'.
Removed a total of 0 cells.

4.6. Executing OPT_DFF pass (perform DFF optimizations).
Adding EN signal on $procdff$32 ($dff) from module mode4_adder_tree (D = $procmux$28_Y, Q = \add0_out_stage2_reg).
Adding EN signal on $procdff$33 ($dff) from module mode4_adder_tree (D = $procmux$23_Y, Q = \add1_out_stage2_reg).
Adding EN signal on $procdff$30 ($dff) from module mode4_adder_tree (D = $procmux$13_Y, Q = \outp).
Adding EN signal on $procdff$31 ($dff) from module mode4_adder_tree (D = $procmux$18_Y, Q = \add0_out_stage1_reg).

4.7. Executing OPT_CLEAN pass (remove unused cells and wires).
Finding unused cells or wires in module \mode4_adder_tree..
Removed 0 unused cells and 14 unused wires.
<suppressed ~1 debug messages>

4.8. Executing OPT_EXPR pass (perform const folding).
Optimizing module mode4_adder_tree.
<suppressed ~4 debug messages>

4.9. Rerunning OPT passes. (Maybe there is more to do..)

4.10. Executing OPT_MUXTREE pass (detect dead branches in mux trees).
Running muxtree optimizer on module \mode4_adder_tree..
  Creating internal representation of mux trees.
  Evaluating internal representation of mux trees.
  Analyzing evaluation results.
Removed 0 multiplexer ports.
<suppressed ~4 debug messages>

4.11. Executing OPT_REDUCE pass (consolidate $*mux and $reduce_* inputs).
  Optimizing cells in module \mode4_adder_tree.
Performed a total of 0 changes.

4.12. Executing OPT_MERGE pass (detect identical cells).
Finding identical cells in module `\mode4_adder_tree'.
<suppressed ~12 debug messages>
Removed a total of 4 cells.

4.13. Executing OPT_DFF pass (perform DFF optimizations).

4.14. Executing OPT_CLEAN pass (remove unused cells and wires).
Finding unused cells or wires in module \mode4_adder_tree..
Removed 0 unused cells and 4 unused wires.
<suppressed ~1 debug messages>

4.15. Executing OPT_EXPR pass (perform const folding).
Optimizing module mode4_adder_tree.

4.16. Rerunning OPT passes. (Maybe there is more to do..)

4.17. Executing OPT_MUXTREE pass (detect dead branches in mux trees).
Running muxtree optimizer on module \mode4_adder_tree..
  Creating internal representation of mux trees.
  Evaluating internal representation of mux trees.
  Analyzing evaluation results.
Removed 0 multiplexer ports.
<suppressed ~5 debug messages>

4.18. Executing OPT_REDUCE pass (consolidate $*mux and $reduce_* inputs).
  Optimizing cells in module \mode4_adder_tree.
Performed a total of 0 changes.

4.19. Executing OPT_MERGE pass (detect identical cells).
Finding identical cells in module `\mode4_adder_tree'.
Removed a total of 0 cells.

4.20. Executing OPT_DFF pass (perform DFF optimizations).

4.21. Executing OPT_CLEAN pass (remove unused cells and wires).
Finding unused cells or wires in module \mode4_adder_tree..

4.22. Executing OPT_EXPR pass (perform const folding).
Optimizing module mode4_adder_tree.

4.23. Finished OPT passes. (There is nothing left to do.)

5. Printing statistics.

=== mode4_adder_tree ===

   Number of wires:                 35
   Number of wire bits:            306
   Number of public wires:          23
   Number of public wire bits:     219
   Number of memories:               0
   Number of memory bits:            0
   Number of processes:              0
   Number of cells:                 20
     $dffe                           4
     $logic_and                      3
     $mux                            5
     $not                            1
     $reduce_bool                    3
     fixed_point_addsub              4

End of script. Logfile hash: 5755ea832d, CPU: user 0.02s system 0.00s, MEM: 11.55 MB peak
Yosys 0.10+12 (git sha1 72fac04, gcc 7.4.0-1ubuntu1~16.04~ppa1 -fPIC -Os)
Time spent: 42% 5x opt_expr (0 sec), 28% 3x opt_dff (0 sec), ...
