
5. Printing statistics.

=== fixed_point_addsub ===

   Number of wires:                 17
   Number of wire bits:            206
   Number of public wires:           9
   Number of public wire bits:      89
   Number of memories:               0
   Number of memory bits:            0
   Number of processes:              0
   Number of cells:                 10
     $add                            3
     $logic_and                      2
     $mux                            3
     $not                            2

=== mode4_adder_tree ===

   Number of wires:                 35
   Number of wire bits:            306
   Number of public wires:          23
   Number of public wire bits:     219
   Number of memories:               0
   Number of memory bits:            0
   Number of processes:              0
   Number of cells:                 20
     $dffe                           4
     $logic_and                      3
     $mux                            5
     $not                            1
     $reduce_bool                    3
     fixed_point_addsub              4

=== design hierarchy ===

   mode4_adder_tree                  1
     fixed_point_addsub              4

   Number of wires:                103
   Number of wire bits:           1130
   Number of public wires:          59
   Number of public wire bits:     575
   Number of memories:               0
   Number of memory bits:            0
   Number of processes:              0
   Number of cells:                 56
     $add                           12
     $dffe                           4
     $logic_and                     11
     $mux                           17
     $not                            9
     $reduce_bool                    3

