
5. Printing statistics.

=== ExpLUT ===

   Number of wires:                131
   Number of wire bits:            168
   Number of public wires:           2
   Number of public wire bits:      39
   Number of memories:               0
   Number of memory bits:            0
   Number of processes:              0
   Number of cells:                130
     $eq                           127
     $logic_not                      1
     $pmux                           1
     $reduce_or                      1

=== FP8LUT2 ===

   Number of wires:                258
   Number of wire bits:            280
   Number of public wires:           2
   Number of public wire bits:      24
   Number of memories:               0
   Number of memory bits:            0
   Number of processes:              0
   Number of cells:                257
     $eq                           255
     $logic_not                      1
     $pmux                           1

=== FPAddSub ===

   Number of wires:                 45
   Number of wire bits:            590
   Number of public wires:          45
   Number of public wire bits:     590
   Number of memories:               0
   Number of memory bits:            0
   Number of processes:              0
   Number of cells:                 14
     $sdff                           4
     FPAddSub_AlignModule            1
     FPAddSub_AlignShift1            1
     FPAddSub_AlignShift2            1
     FPAddSub_ExceptionModule        1
     FPAddSub_ExecutionModule        1
     FPAddSub_NormalizeModule        1
     FPAddSub_NormalizeShift1        1
     FPAddSub_NormalizeShift2        1
     FPAddSub_PrealignModule         1
     FPAddSub_RoundModule            1

=== FPAddSub_AlignModule ===

   Number of wires:                  8
   Number of wire bits:             71
   Number of public wires:           8
   Number of public wire bits:      71
   Number of memories:               0
   Number of memory bits:            0
   Number of processes:              0
   Number of cells:                  5
     $lt                             1
     $mux                            4

=== FPAddSub_AlignShift1 ===

   Number of wires:                 11
   Number of wire bits:            114
   Number of public wires:           9
   Number of public wire bits:     112
   Number of memories:               0
   Number of memory bits:            0
   Number of processes:              0
   Number of cells:                 11
     $mux                            1
     $not                            1
     $pmux                           8
     $reduce_or                      1

=== FPAddSub_AlignShift2 ===

   Number of wires:                 11
   Number of wire bits:             63
   Number of public wires:           5
   Number of public wire bits:      57
   Number of memories:               0
   Number of memory bits:            0
   Number of processes:              0
   Number of cells:                 17
     $eq                             3
     $logic_not                      1
     $pmux                          11
     $reduce_or                      2

=== FPAddSub_ExceptionModule ===

   Number of wires:                 23
   Number of wire bits:             61
   Number of public wires:          13
   Number of public wire bits:      51
   Number of memories:               0
   Number of memory bits:            0
   Number of processes:              0
   Number of cells:                 15
     $and                            4
     $logic_not                      1
     $not                            2
     $or                             5
     $reduce_and                     1
     $reduce_or                      2

=== FPAddSub_ExecutionModule ===

   Number of wires:                 13
   Number of wire bits:             84
   Number of public wires:          10
   Number of public wire bits:      49
   Number of memories:               0
   Number of memory bits:            0
   Number of processes:              0
   Number of cells:                  6
     $add                            1
     $mux                            2
     $sub                            1
     $xor                            2

=== FPAddSub_NormalizeModule ===

   Number of wires:                 16
   Number of wire bits:            116
   Number of public wires:           4
   Number of public wire bits:      56
   Number of memories:               0
   Number of memory bits:            0
   Number of processes:              0
   Number of cells:                 14
     $mux                           14

=== FPAddSub_NormalizeShift1 ===

   Number of wires:                 26
   Number of wire bits:            175
   Number of public wires:           7
   Number of public wire bits:     140
   Number of memories:               0
   Number of memory bits:            0
   Number of processes:              0
   Number of cells:                 41
     $and                            3
     $dlatch                         3
     $eq                             6
     $logic_not                      2
     $mux                            2
     $not                            3
     $pmux                          18
     $reduce_or                      4

=== FPAddSub_NormalizeShift2 ===

   Number of wires:                 14
   Number of wire bits:             62
   Number of public wires:          13
   Number of public wire bits:      61
   Number of memories:               0
   Number of memory bits:            0
   Number of processes:              0
   Number of cells:                  6
     $add                            1
     $logic_not                      1
     $mux                            1
     $reduce_or                      2
     $sub                            1

=== FPAddSub_PrealignModule ===

   Number of wires:                 30
   Number of wire bits:            295
   Number of public wires:          16
   Number of public wire bits:      95
   Number of memories:               0
   Number of memory bits:            0
   Number of processes:              0
   Number of cells:                 19
     $add                            4
     $and                            4
     $logic_not                      2
     $not                            2
     $or                             3
     $reduce_and                     2
     $reduce_or                      2

=== FPAddSub_RoundModule ===

   Number of wires:                 36
   Number of wire bits:            130
   Number of public wires:          20
   Number of public wire bits:      78
   Number of memories:               0
   Number of memory bits:            0
   Number of processes:              0
   Number of cells:                 22
     $add                            2
     $and                            7
     $mux                            4
     $not                            2
     $or                             5
     $xor                            2

=== FPLUT1 ===

   Number of wires:                 34
   Number of wire bits:             53
   Number of public wires:           2
   Number of public wire bits:      21
   Number of memories:               0
   Number of memory bits:            0
   Number of processes:              0
   Number of cells:                 33
     $eq                            31
     $logic_not                      1
     $pmux                           1

=== align ===

   Number of wires:                  4
   Number of wire bits:             49
   Number of public wires:           3
   Number of public wire bits:      33
   Number of memories:               0
   Number of memory bits:            0
   Number of processes:              0
   Number of cells:                  2
     $mux                            1
     $neg                            1

=== align_t ===

   Number of wires:                  6
   Number of wire bits:             87
   Number of public wires:           5
   Number of public wire bits:      55
   Number of memories:               0
   Number of memory bits:            0
   Number of processes:              0
   Number of cells:                  1
     $sub                            1

=== am_shift ===

   Number of wires:                  3
   Number of wire bits:             37
   Number of public wires:           3
   Number of public wire bits:      37
   Number of memories:               0
   Number of memory bits:            0
   Number of processes:              0
   Number of cells:                  1
     $shl                            1

=== am_shift_t ===

   Number of wires:                  8
   Number of wire bits:             87
   Number of public wires:           4
   Number of public wire bits:      56
   Number of memories:               0
   Number of memory bits:            0
   Number of processes:              0
   Number of cells:                  5
     $ge                             1
     $le                             1
     $logic_and                      1
     $mux                            1
     $shr                            1

=== comparator ===

   Number of wires:                 63
   Number of wire bits:            247
   Number of public wires:          14
   Number of public wire bits:      74
   Number of memories:               0
   Number of memory bits:            0
   Number of processes:              0
   Number of cells:                 55
     $add                            2
     $and                            9
     $dlatch                         3
     $gt                             2
     $logic_and                      4
     $lt                             2
     $mux                           21
     $ne                             1
     $not                            9
     $or                             2

=== exception ===

   Number of wires:                 15
   Number of wire bits:            124
   Number of public wires:           8
   Number of public wire bits:      51
   Number of memories:               0
   Number of memory bits:            0
   Number of processes:              0
   Number of cells:                 10
     $add                            2
     $eq                             1
     $logic_and                      1
     $logic_or                       2
     $mux                            3
     $reduce_bool                    1

=== expunit ===

   Number of wires:                 21
   Number of wire bits:            365
   Number of public wires:          17
   Number of public wire bits:     284
   Number of memories:               0
   Number of memory bits:            0
   Number of processes:              0
   Number of cells:                 15
     $add                            3
     $eq                             1
     $mul                            1
     $mux                            1
     $not                            2
     $sdffe                          6
     ExpLUT                          1

=== final_out ===

   Number of wires:                  7
   Number of wire bits:             58
   Number of public wires:           5
   Number of public wire bits:      49
   Number of memories:               0
   Number of memory bits:            0
   Number of processes:              0
   Number of cells:                  5
     $add                            1
     $logic_not                      1
     $mux                            3

=== final_out_t ===

   Number of wires:                 10
   Number of wire bits:            111
   Number of public wires:           4
   Number of public wire bits:      78
   Number of memories:               0
   Number of memory bits:            0
   Number of processes:              0
   Number of cells:                  7
     $eq                             1
     $gt                             1
     $logic_and                      2
     $mux                            2
     $not                            1

=== fixed_point_addsub ===

   Number of wires:                 17
   Number of wire bits:            206
   Number of public wires:           9
   Number of public wire bits:      89
   Number of memories:               0
   Number of memory bits:            0
   Number of processes:              0
   Number of cells:                 10
     $add                            3
     $logic_and                      2
     $mux                            3
     $not                            2

=== float_to_int_fp16 ===

   Number of wires:                  8
   Number of wire bits:            117
   Number of public wires:           8
   Number of public wire bits:     117
   Number of memories:               0
   Number of memory bits:            0
   Number of processes:              0
   Number of cells:                  5
     align_t                         1
     am_shift_t                      1
     final_out_t                     1
     sub_t                           1
     two_comp_t                      1

=== int_to_float_fp16 ===

   Number of wires:                 10
   Number of wire bits:             96
   Number of public wires:          10
   Number of public wire bits:      96
   Number of memories:               0
   Number of memory bits:            0
   Number of processes:              0
   Number of cells:                  7
     align                           1
     am_shift                        1
     exception                       1
     final_out                       1
     lzc                             1
     sub                             1
     sub2                            1

=== logunit ===

   Number of wires:                 16
   Number of wire bits:            173
   Number of public wires:          16
   Number of public wire bits:     173
   Number of memories:               0
   Number of memory bits:            0
   Number of processes:              0
   Number of cells:                  9
     $dffe                           4
     FP8LUT2                         1
     FPAddSub                        1
     FPLUT1                          1
     float_to_int_fp16               1
     int_to_float_fp16               1

=== lzc ===

   Number of wires:                  9
   Number of wire bits:             57
   Number of public wires:           6
   Number of public wire bits:      54
   Number of memories:               0
   Number of memory bits:            0
   Number of processes:              0
   Number of cells:                 10
     $logic_not                      4
     $mux                            4
     $not                            2

=== mode1_max_tree ===

   Number of wires:                 50
   Number of wire bits:            215
   Number of public wires:          44
   Number of public wire bits:     209
   Number of memories:               0
   Number of memory bits:            0
   Number of processes:              0
   Number of cells:                 17
     $logic_and                      3
     $mux                            3
     $not                            2
     $reduce_and                     1
     $sdffe                          4
     comparator                      4

=== mode2_sub ===

   Number of wires:                 15
   Number of wire bits:            166
   Number of public wires:          15
   Number of public wire bits:     166
   Number of memories:               0
   Number of memory bits:            0
   Number of processes:              0
   Number of cells:                  4
     fixed_point_addsub              4

=== mode3_exp ===

   Number of wires:                 12
   Number of wire bits:            132
   Number of public wires:          12
   Number of public wire bits:     132
   Number of memories:               0
   Number of memory bits:            0
   Number of processes:              0
   Number of cells:                  4
     expunit                         4

=== mode4_adder_tree ===

   Number of wires:                 35
   Number of wire bits:            306
   Number of public wires:          23
   Number of public wire bits:     219
   Number of memories:               0
   Number of memory bits:            0
   Number of processes:              0
   Number of cells:                 20
     $dffe                           4
     $logic_and                      3
     $mux                            5
     $not                            1
     $reduce_bool                    3
     fixed_point_addsub              4

=== mode5_ln ===

   Number of wires:                  7
   Number of wire bits:             37
   Number of public wires:           7
   Number of public wire bits:      37
   Number of memories:               0
   Number of memory bits:            0
   Number of processes:              0
   Number of cells:                  1
     logunit                         1

=== mode6_sub ===

   Number of wires:                 15
   Number of wire bits:            166
   Number of public wires:          15
   Number of public wire bits:     166
   Number of memories:               0
   Number of memory bits:            0
   Number of processes:              0
   Number of cells:                  4
     fixed_point_addsub              4

=== mode7_exp ===

   Number of wires:                 12
   Number of wire bits:            132
   Number of public wires:          12
   Number of public wire bits:     132
   Number of memories:               0
   Number of memory bits:            0
   Number of processes:              0
   Number of cells:                  4
     expunit                         4

=== softmax ===

   Number of wires:                191
   Number of wire bits:           1799
   Number of public wires:         101
   Number of public wire bits:    1271
   Number of memories:               0
   Number of memory bits:            0
   Number of processes:              0
   Number of cells:                165
     $add                            3
     $and                            3
     $dff                            3
     $eq                             3
     $logic_and                      4
     $lt                             3
     $mux                           48
     $ne                             5
     $not                            8
     $reduce_and                     7
     $reduce_bool                    6
     $sdff                          19
     $sdffe                         45
     mode1_max_tree                  1
     mode2_sub                       1
     mode3_exp                       1
     mode4_adder_tree                1
     mode5_ln                        1
     mode6_sub                       2
     mode7_exp                       1

=== sub ===

   Number of wires:                  2
   Number of wire bits:             10
   Number of public wires:           2
   Number of public wire bits:      10
   Number of memories:               0
   Number of memory bits:            0
   Number of processes:              0
   Number of cells:                  0

=== sub2 ===

   Number of wires:                  3
   Number of wire bits:             42
   Number of public wires:           2
   Number of public wire bits:      10
   Number of memories:               0
   Number of memory bits:            0
   Number of processes:              0
   Number of cells:                  1
     $sub                            1

=== sub_t ===

   Number of wires:                  3
   Number of wire bits:             44
   Number of public wires:           2
   Number of public wire bits:      12
   Number of memories:               0
   Number of memory bits:            0
   Number of processes:              0
   Number of cells:                  1
     $sub                            1

=== two_comp_t ===

   Number of wires:                  4
   Number of wire bits:             85
   Number of public wires:           3
   Number of public wire bits:      57
   Number of memories:               0
   Number of memory bits:            0
   Number of processes:              0
   Number of cells:                  2
     $mux                            1
     $neg                            1

=== design hierarchy ===

   softmax                           1
     mode1_max_tree                  1
       comparator                    4
     mode2_sub                       1
       fixed_point_addsub            4
     mode3_exp                       1
       expunit                       4
         ExpLUT                      1
     mode4_adder_tree                1
       fixed_point_addsub            4
     mode5_ln                        1
       logunit                       1
         FP8LUT2                     1
         FPAddSub                    1
           FPAddSub_AlignModule      1
           FPAddSub_AlignShift1      1
           FPAddSub_AlignShift2      1
           FPAddSub_ExceptionModule      1
           FPAddSub_ExecutionModule      1
           FPAddSub_NormalizeModule      1
           FPAddSub_NormalizeShift1      1
           FPAddSub_NormalizeShift2      1
           FPAddSub_PrealignModule      1
           FPAddSub_RoundModule      1
         FPLUT1                      1
         float_to_int_fp16           1
           align_t                   1
           am_shift_t                1
           final_out_t               1
           sub_t                     1
           two_comp_t                1
         int_to_float_fp16           1
           align                     1
           am_shift                  1
           exception                 1
           final_out                 1
           lzc                       1
           sub                       1
           sub2                      1
     mode6_sub                       2
       fixed_point_addsub            4
     mode7_exp                       1
       expunit                       4
         ExpLUT                      1

   Number of wires:               2725
   Number of wire bits:          14938
   Number of public wires:         831
   Number of public wire bits:    9095
   Number of memories:               0
   Number of memory bits:            0
   Number of processes:              0
   Number of cells:               2217
     $add                           94
     $and                           57
     $dff                            3
     $dffe                           8
     $dlatch                        15
     $eq                          1324
     $ge                             1
     $gt                             9
     $le                             1
     $logic_and                     62
     $logic_not                     22
     $logic_or                       2
     $lt                            12
     $mul                            8
     $mux                          239
     $ne                             9
     $neg                            2
     $not                          108
     $or                            21
     $pmux                          47
     $reduce_and                    11
     $reduce_bool                   10
     $reduce_or                     21
     $sdff                          23
     $sdffe                         97
     $shl                            1
     $shr                            1
     $sub                            5
     $xor                            4

