
5. Printing statistics.

=== buffer_16_12100_buffer_init_34 ===

   Number of wires:                 12
   Number of wire bits:            156
   Number of public wires:          12
   Number of public wire bits:     156
   Number of memories:               0
   Number of memory bits:            0
   Number of processes:              0
   Number of cells:                  4
     $dff_14                         1
     $dff_16                         2
     dual_port_ram                   1

=== dual_port_ram ===

   Number of wires:                 17
   Number of wire bits:            219
   Number of public wires:           9
   Number of public wire bits:      95
   Number of memories:               1
   Number of memory bits:          224
   Number of processes:              0
   Number of cells:                 12
     $dffe_16                        2
     $memrd                          2
     $memwr_v2                       2
     $mux_1                          2
     $mux_14                         2
     $mux_16                         2

=== design hierarchy ===

   buffer_16_12100_buffer_init_34      1
     dual_port_ram                   1

   Number of wires:                 29
   Number of wire bits:            375
   Number of public wires:          21
   Number of public wire bits:     251
   Number of memories:               1
   Number of memory bits:          224
   Number of processes:              0
   Number of cells:                 15
     $dff_14                         1
     $dff_16                         2
     $dffe_16                        2
     $memrd                          2
     $memwr_v2                       2
     $mux_1                          2
     $mux_14                         2
     $mux_16                         2

