
5. Printing statistics.

=== $paramod$058c6f8c26a499fadb7bf4f0083f81a0616d373e\dual_port_ram ===

   Number of wires:                 17
   Number of wire bits:            127
   Number of public wires:           9
   Number of public wire bits:      57
   Number of memories:               1
   Number of memory bits:           88
   Number of processes:              0
   Number of cells:                 12
     $dffe_8                         2
     $memrd                          2
     $memwr_v2                       2
     $mux_1                          2
     $mux_11                         2
     $mux_8                          2

=== accumulator_24_30_4 ===

   Number of wires:                 14
   Number of wire bits:            298
   Number of public wires:          11
   Number of public wire bits:     237
   Number of memories:               0
   Number of memory bits:            0
   Number of processes:              0
   Number of cells:                  9
     $add_30                         1
     $mux_30                         1
     $reduce_or_2                    1
     $sdff_30                        5
     $sdffe_30                       1

=== dot_product_16_8_30_4 ===

   Number of wires:                 29
   Number of wire bits:            444
   Number of public wires:          29
   Number of public wire bits:     444
   Number of memories:               0
   Number of memory bits:            0
   Number of processes:              0
   Number of cells:                 16
     $dff_1                          1
     $sdff_1                         1
     $sdff_16                        6
     $sdff_8                         6
     dsp_block_16_8_false            1
     dsp_block_16_8_true             1

=== dsp_block_16_8_false ===

   Number of wires:                 19
   Number of wire bits:            518
   Number of public wires:          15
   Number of public wire bits:     262
   Number of memories:               0
   Number of memory bits:            0
   Number of processes:              0
   Number of cells:                  9
     $add_64                         2
     $mul_64                         2
     $sdff_16                        2
     $sdff_24                        1
     $sdff_8                         2

=== dsp_block_16_8_true ===

   Number of wires:                 19
   Number of wire bits:            518
   Number of public wires:          15
   Number of public wire bits:     262
   Number of memories:               0
   Number of memory bits:            0
   Number of processes:              0
   Number of cells:                  9
     $add_64                         2
     $mul_64                         2
     $sdff_16                        2
     $sdff_24                        1
     $sdff_8                         2

=== processing_element ===

   Number of wires:                227
   Number of wire bits:           2385
   Number of public wires:         168
   Number of public wire bits:    2135
   Number of memories:               0
   Number of memory bits:            0
   Number of processes:              0
   Number of cells:                137
     $add_11                         2
     $add_16                         1
     $add_2                          2
     $add_32                         1
     $dff_1                          5
     $dffe_16                       24
     $eq_2                           1
     $le_32                          1
     $logic_and_1                    2
     $logic_not_2                    1
     $logic_or_1                     1
     $mux_1                         16
     $mux_11                         8
     $mux_16                         3
     $mux_2                          8
     $ne_3                           1
     $ne_4                           1
     $ne_5                           1
     $not_1                          5
     $reduce_and_2                   1
     $reduce_and_3                   1
     $reduce_and_4                   2
     $reduce_bool_2                  1
     $sdffce_1                       7
     $sdffce_11                      2
     $sdffce_16                      1
     $sdffce_2                       2
     $sdffe_1                       12
     accumulator_24_30_4             6
     dot_product_16_8_30_4           6
     weight_cache_2048_8_0_weight_init_00      1
     weight_cache_2048_8_0_weight_init_01      1
     weight_cache_2048_8_0_weight_init_02      1
     weight_cache_2048_8_0_weight_init_03      1
     weight_cache_2048_8_0_weight_init_04      1
     weight_cache_2048_8_0_weight_init_05      1
     weight_cache_2048_8_0_weight_init_20      1
     weight_cache_2048_8_0_weight_init_21      1
     weight_cache_2048_8_0_weight_init_22      1
     weight_cache_2048_8_0_weight_init_23      1
     weight_cache_2048_8_0_weight_init_24      1
     weight_cache_2048_8_0_weight_init_25      1

=== weight_cache_2048_8_0_weight_init_00 ===

   Number of wires:                 15
   Number of wire bits:            111
   Number of public wires:          15
   Number of public wire bits:     111
   Number of memories:               0
   Number of memory bits:            0
   Number of processes:              0
   Number of cells:                  5
     $dff_11                         2
     $dff_8                          2
     $paramod$058c6f8c26a499fadb7bf4f0083f81a0616d373e\dual_port_ram      1

=== weight_cache_2048_8_0_weight_init_01 ===

   Number of wires:                 15
   Number of wire bits:            111
   Number of public wires:          15
   Number of public wire bits:     111
   Number of memories:               0
   Number of memory bits:            0
   Number of processes:              0
   Number of cells:                  5
     $dff_11                         2
     $dff_8                          2
     $paramod$058c6f8c26a499fadb7bf4f0083f81a0616d373e\dual_port_ram      1

=== weight_cache_2048_8_0_weight_init_02 ===

   Number of wires:                 15
   Number of wire bits:            111
   Number of public wires:          15
   Number of public wire bits:     111
   Number of memories:               0
   Number of memory bits:            0
   Number of processes:              0
   Number of cells:                  5
     $dff_11                         2
     $dff_8                          2
     $paramod$058c6f8c26a499fadb7bf4f0083f81a0616d373e\dual_port_ram      1

=== weight_cache_2048_8_0_weight_init_03 ===

   Number of wires:                 15
   Number of wire bits:            111
   Number of public wires:          15
   Number of public wire bits:     111
   Number of memories:               0
   Number of memory bits:            0
   Number of processes:              0
   Number of cells:                  5
     $dff_11                         2
     $dff_8                          2
     $paramod$058c6f8c26a499fadb7bf4f0083f81a0616d373e\dual_port_ram      1

=== weight_cache_2048_8_0_weight_init_04 ===

   Number of wires:                 15
   Number of wire bits:            111
   Number of public wires:          15
   Number of public wire bits:     111
   Number of memories:               0
   Number of memory bits:            0
   Number of processes:              0
   Number of cells:                  5
     $dff_11                         2
     $dff_8                          2
     $paramod$058c6f8c26a499fadb7bf4f0083f81a0616d373e\dual_port_ram      1

=== weight_cache_2048_8_0_weight_init_05 ===

   Number of wires:                 15
   Number of wire bits:            111
   Number of public wires:          15
   Number of public wire bits:     111
   Number of memories:               0
   Number of memory bits:            0
   Number of processes:              0
   Number of cells:                  5
     $dff_11                         2
     $dff_8                          2
     $paramod$058c6f8c26a499fadb7bf4f0083f81a0616d373e\dual_port_ram      1

=== weight_cache_2048_8_0_weight_init_20 ===

   Number of wires:                 15
   Number of wire bits:            111
   Number of public wires:          15
   Number of public wire bits:     111
   Number of memories:               0
   Number of memory bits:            0
   Number of processes:              0
   Number of cells:                  5
     $dff_11                         2
     $dff_8                          2
     $paramod$058c6f8c26a499fadb7bf4f0083f81a0616d373e\dual_port_ram      1

=== weight_cache_2048_8_0_weight_init_21 ===

   Number of wires:                 15
   Number of wire bits:            111
   Number of public wires:          15
   Number of public wire bits:     111
   Number of memories:               0
   Number of memory bits:            0
   Number of processes:              0
   Number of cells:                  5
     $dff_11                         2
     $dff_8                          2
     $paramod$058c6f8c26a499fadb7bf4f0083f81a0616d373e\dual_port_ram      1

=== weight_cache_2048_8_0_weight_init_22 ===

   Number of wires:                 15
   Number of wire bits:            111
   Number of public wires:          15
   Number of public wire bits:     111
   Number of memories:               0
   Number of memory bits:            0
   Number of processes:              0
   Number of cells:                  5
     $dff_11                         2
     $dff_8                          2
     $paramod$058c6f8c26a499fadb7bf4f0083f81a0616d373e\dual_port_ram      1

=== weight_cache_2048_8_0_weight_init_23 ===

   Number of wires:                 15
   Number of wire bits:            111
   Number of public wires:          15
   Number of public wire bits:     111
   Number of memories:               0
   Number of memory bits:            0
   Number of processes:              0
   Number of cells:                  5
     $dff_11                         2
     $dff_8                          2
     $paramod$058c6f8c26a499fadb7bf4f0083f81a0616d373e\dual_port_ram      1

=== weight_cache_2048_8_0_weight_init_24 ===

   Number of wires:                 15
   Number of wire bits:            111
   Number of public wires:          15
   Number of public wire bits:     111
   Number of memories:               0
   Number of memory bits:            0
   Number of processes:              0
   Number of cells:                  5
     $dff_11                         2
     $dff_8                          2
     $paramod$058c6f8c26a499fadb7bf4f0083f81a0616d373e\dual_port_ram      1

=== weight_cache_2048_8_0_weight_init_25 ===

   Number of wires:                 15
   Number of wire bits:            111
   Number of public wires:          15
   Number of public wire bits:     111
   Number of memories:               0
   Number of memory bits:            0
   Number of processes:              0
   Number of cells:                  5
     $dff_11                         2
     $dff_8                          2
     $paramod$058c6f8c26a499fadb7bf4f0083f81a0616d373e\dual_port_ram      1

=== design hierarchy ===

   processing_element                1
     accumulator_24_30_4             6
     dot_product_16_8_30_4           6
       dsp_block_16_8_false          1
       dsp_block_16_8_true           1
     weight_cache_2048_8_0_weight_init_00      1
       $paramod$058c6f8c26a499fadb7bf4f0083f81a0616d373e\dual_port_ram      1
     weight_cache_2048_8_0_weight_init_01      1
       $paramod$058c6f8c26a499fadb7bf4f0083f81a0616d373e\dual_port_ram      1
     weight_cache_2048_8_0_weight_init_02      1
       $paramod$058c6f8c26a499fadb7bf4f0083f81a0616d373e\dual_port_ram      1
     weight_cache_2048_8_0_weight_init_03      1
       $paramod$058c6f8c26a499fadb7bf4f0083f81a0616d373e\dual_port_ram      1
     weight_cache_2048_8_0_weight_init_04      1
       $paramod$058c6f8c26a499fadb7bf4f0083f81a0616d373e\dual_port_ram      1
     weight_cache_2048_8_0_weight_init_05      1
       $paramod$058c6f8c26a499fadb7bf4f0083f81a0616d373e\dual_port_ram      1
     weight_cache_2048_8_0_weight_init_20      1
       $paramod$058c6f8c26a499fadb7bf4f0083f81a0616d373e\dual_port_ram      1
     weight_cache_2048_8_0_weight_init_21      1
       $paramod$058c6f8c26a499fadb7bf4f0083f81a0616d373e\dual_port_ram      1
     weight_cache_2048_8_0_weight_init_22      1
       $paramod$058c6f8c26a499fadb7bf4f0083f81a0616d373e\dual_port_ram      1
     weight_cache_2048_8_0_weight_init_23      1
       $paramod$058c6f8c26a499fadb7bf4f0083f81a0616d373e\dual_port_ram      1
     weight_cache_2048_8_0_weight_init_24      1
       $paramod$058c6f8c26a499fadb7bf4f0083f81a0616d373e\dual_port_ram      1
     weight_cache_2048_8_0_weight_init_25      1
       $paramod$058c6f8c26a499fadb7bf4f0083f81a0616d373e\dual_port_ram      1

   Number of wires:               1097
   Number of wire bits:          15909
   Number of public wires:         876
   Number of public wire bits:   11381
   Number of memories:              12
   Number of memory bits:         1056
   Number of processes:              0
   Number of cells:                551
     $add_11                         2
     $add_16                         1
     $add_2                          2
     $add_30                         6
     $add_32                         1
     $add_64                        24
     $dff_1                         11
     $dff_11                        24
     $dff_8                         24
     $dffe_16                       24
     $dffe_8                        24
     $eq_2                           1
     $le_32                          1
     $logic_and_1                    2
     $logic_not_2                    1
     $logic_or_1                     1
     $memrd                         24
     $memwr_v2                      24
     $mul_64                        24
     $mux_1                         40
     $mux_11                        32
     $mux_16                         3
     $mux_2                          8
     $mux_30                         6
     $mux_8                         24
     $ne_3                           1
     $ne_4                           1
     $ne_5                           1
     $not_1                          5
     $reduce_and_2                   1
     $reduce_and_3                   1
     $reduce_and_4                   2
     $reduce_bool_2                  1
     $reduce_or_2                    6
     $sdff_1                         6
     $sdff_16                       60
     $sdff_24                       12
     $sdff_30                       30
     $sdff_8                        60
     $sdffce_1                       7
     $sdffce_11                      2
     $sdffce_16                      1
     $sdffce_2                       2
     $sdffe_1                       12
     $sdffe_30                       6

