
5. Printing statistics.

=== pipelined_xor_tree_16 ===

   Number of wires:                 67
   Number of wire bits:             82
   Number of public wires:          52
   Number of public wire bits:      67
   Number of memories:               0
   Number of memory bits:            0
   Number of processes:              0
   Number of cells:                 36
     $sdff_1                        21
     $xor_1                         15

=== signal_width_reducer ===

   Number of wires:                 50
   Number of wire bits:            410
   Number of public wires:          50
   Number of public wire bits:     410
   Number of memories:               0
   Number of memory bits:            0
   Number of processes:              0
   Number of cells:                 24
     pipelined_xor_tree_16          24

=== design hierarchy ===

   signal_width_reducer              1
     pipelined_xor_tree_16          24

   Number of wires:               1658
   Number of wire bits:           2378
   Number of public wires:        1298
   Number of public wire bits:    2018
   Number of memories:               0
   Number of memory bits:            0
   Number of processes:              0
   Number of cells:                864
     $sdff_1                       504
     $xor_1                        360

