
5. Printing statistics.

=== mesi_isc_basic_fifo ===

   Number of wires:                 60
   Number of wire bits:            467
   Number of public wires:          21
   Number of public wire bits:     242
   Number of memories:               0
   Number of memory bits:            0
   Number of processes:              0
   Number of cells:                 51
     $add_32                         2
     $adff_32                        1
     $adffe_1                        2
     $adffe_2                        2
     $adffe_32                       4
     $and_1                          8
     $eq_2                          11
     $logic_not_1                    2
     $logic_not_2                    4
     $mux_1                          4
     $mux_32                         2
     $pmux_32                        2
     $reduce_and_2                   4
     $reduce_bool_2                  2
     $sub_2                          1

