
5. Printing statistics.

=== mesi_isc_breq_fifos_cntl ===

   Number of wires:                100
   Number of wire bits:            700
   Number of public wires:          31
   Number of public wire bits:     328
   Number of memories:               0
   Number of memory bits:            0
   Number of processes:              0
   Number of cells:                 86
     $add_32                         1
     $adff_4                         1
     $adff_8                         1
     $adffe_4                        1
     $adffe_5                        1
     $and_1                          8
     $and_2                          8
     $and_32                         4
     $and_4                          5
     $and_7                          4
     $eq_3                           8
     $mux_2                          8
     $mux_4                          4
     $not_1                          9
     $not_4                          1
     $or_1                           4
     $or_2                           6
     $or_32                          3
     $or_7                           3
     $reduce_or_4                    6

