
5. Printing statistics.

=== mesi_isc_broad_cntl ===

   Number of wires:                 65
   Number of wire bits:            147
   Number of public wires:          18
   Number of public wire bits:      55
   Number of memories:               0
   Number of memory bits:            0
   Number of processes:              0
   Number of cells:                 56
     $adff_1                         1
     $adffe_1                        1
     $adffe_4                        2
     $and_1                          9
     $and_4                          2
     $eq_2                           4
     $logic_not_1                    2
     $logic_not_2                    1
     $mux_1                          7
     $mux_3                         10
     $mux_4                          7
     $ne_2                           1
     $not_1                          2
     $not_4                          1
     $pmux_4                         2
     $reduce_and_2                   1
     $reduce_bool_3                  1
     $reduce_or_4                    2

