
5. Printing statistics.

=== $paramod$984ecd35e0f89596ee5f02ee0100f9125a86007a\myproject_mul_16s_9ns_25_2_0 ===

   Number of wires:                  6
   Number of wire bits:             53
   Number of public wires:           6
   Number of public wire bits:      53
   Number of memories:               0
   Number of memory bits:            0
   Number of processes:              0
   Number of cells:                  1
     myproject_mul_16s_9ns_25_2_0_MulnS_3      1

=== myproject_mul_16s_9ns_25_2_0_MulnS_3 ===

   Number of wires:                  6
   Number of wire bits:             77
   Number of public wires:           6
   Number of public wire bits:      77
   Number of memories:               0
   Number of memory bits:            0
   Number of processes:              0
   Number of cells:                  2
     $dffe                           1
     $mul                            1

=== normalize_ap_fixed_ap_fixed_config16_0_0_0_0_0_0_0_0_0_0 ===

   Number of wires:                 58
   Number of wire bits:            727
   Number of public wires:          58
   Number of public wire bits:     727
   Number of memories:               0
   Number of memory bits:            0
   Number of processes:              0
   Number of cells:                 32
     $add                            5
     $dff                            6
     $dffe                          11
     $mux                            6
     $paramod$984ecd35e0f89596ee5f02ee0100f9125a86007a\myproject_mul_16s_9ns_25_2_0      4

=== design hierarchy ===

   normalize_ap_fixed_ap_fixed_config16_0_0_0_0_0_0_0_0_0_0      1
     $paramod$984ecd35e0f89596ee5f02ee0100f9125a86007a\myproject_mul_16s_9ns_25_2_0      4
       myproject_mul_16s_9ns_25_2_0_MulnS_3      1

   Number of wires:                106
   Number of wire bits:           1247
   Number of public wires:         106
   Number of public wire bits:    1247
   Number of memories:               0
   Number of memory bits:            0
   Number of processes:              0
   Number of cells:                 36
     $add                            5
     $dff                            6
     $dffe                          15
     $mul                            4
     $mux                            6

