
5. Printing statistics.

=== $paramod$06d1378780a49be520a2b3a2c4922119883641e2\dpram ===

   Number of wires:                 17
   Number of wire bits:            175
   Number of public wires:           9
   Number of public wire bits:      73
   Number of memories:               1
   Number of memory bits:          128
   Number of processes:              0
   Number of cells:                 12
     $dffe                           2
     $memrd                          2
     $memwr_v2                       2
     $mux                            6

=== td_fused_top_dataflow_in_loop_TOP_LOOP49028_accum1_out_0 ===

   Number of wires:                 99
   Number of wire bits:            349
   Number of public wires:          54
   Number of public wire bits:     285
   Number of memories:               0
   Number of memory bits:            0
   Number of processes:              0
   Number of cells:                 77
     $add                            3
     $and                            4
     $eq                             1
     $logic_and                     10
     $logic_not                      6
     $logic_or                       1
     $mux                           35
     $not                            1
     $reduce_bool                    3
     $reduce_or                      1
     $sdff                           2
     $sdffe                          7
     $sub                            1
     td_fused_top_dataflow_in_loop_TOP_LOOP49028_accum1_out_0_memcore      2

=== td_fused_top_dataflow_in_loop_TOP_LOOP49028_accum1_out_0_memcore ===

   Number of wires:                 14
   Number of wire bits:             78
   Number of public wires:          14
   Number of public wire bits:      78
   Number of memories:               0
   Number of memory bits:            0
   Number of processes:              0
   Number of cells:                  3
     $and                            2
     $paramod$06d1378780a49be520a2b3a2c4922119883641e2\dpram      1

=== design hierarchy ===

   td_fused_top_dataflow_in_loop_TOP_LOOP49028_accum1_out_0      1
     td_fused_top_dataflow_in_loop_TOP_LOOP49028_accum1_out_0_memcore      2
       $paramod$06d1378780a49be520a2b3a2c4922119883641e2\dpram      1

   Number of wires:                161
   Number of wire bits:            855
   Number of public wires:         100
   Number of public wire bits:     587
   Number of memories:               2
   Number of memory bits:          256
   Number of processes:              0
   Number of cells:                103
     $add                            3
     $and                            8
     $dffe                           4
     $eq                             1
     $logic_and                     10
     $logic_not                      6
     $logic_or                       1
     $memrd                          4
     $memwr_v2                       4
     $mux                           47
     $not                            1
     $reduce_bool                    3
     $reduce_or                      1
     $sdff                           2
     $sdffe                          7
     $sub                            1

