
5. Printing statistics.

=== td_fused_top_tdf3_readFilters30 ===

   Number of wires:                 66
   Number of wire bits:            307
   Number of public wires:          42
   Number of public wire bits:     269
   Number of memories:               0
   Number of memory bits:            0
   Number of processes:              0
   Number of cells:                 45
     $add                            2
     $and                            8
     $dffe                           4
     $eq                             4
     $mux                           14
     $not                            4
     $or                             1
     $pmux                           1
     $reduce_bool                    1
     $reduce_or                      2
     $sdff                           3
     $sdffe                          1

