
5. Printing statistics.

=== $paramod$d469e4afe47aade94905ad9cf27ab37f760587d2\dpram ===

   Number of wires:                 17
   Number of wire bits:            187
   Number of public wires:           9
   Number of public wire bits:      79
   Number of memories:               1
   Number of memory bits:         1024
   Number of processes:              0
   Number of cells:                 12
     $dffe                           2
     $memrd                          2
     $memwr_v2                       2
     $mux                            6

=== td_fused_top_dataflow_in_loop_TOP_LOOP49028_weight_vecs_0_0_0 ===

   Number of wires:                 55
   Number of wire bits:            138
   Number of public wires:          28
   Number of public wire bits:     107
   Number of memories:               0
   Number of memory bits:            0
   Number of processes:              0
   Number of cells:                 36
     $add                            3
     $and                            4
     $eq                             1
     $logic_and                      7
     $logic_not                      4
     $logic_or                       1
     $mux                            6
     $reduce_bool                    2
     $reduce_or                      1
     $sdffe                          5
     $sub                            1
     td_fused_top_dataflow_in_loop_TOP_LOOP49028_weight_vecs_0_0_0_memcore      1

=== td_fused_top_dataflow_in_loop_TOP_LOOP49028_weight_vecs_0_0_0_memcore ===

   Number of wires:                 14
   Number of wire bits:             84
   Number of public wires:          14
   Number of public wire bits:      84
   Number of memories:               0
   Number of memory bits:            0
   Number of processes:              0
   Number of cells:                  3
     $and                            2
     $paramod$d469e4afe47aade94905ad9cf27ab37f760587d2\dpram      1

=== design hierarchy ===

   td_fused_top_dataflow_in_loop_TOP_LOOP49028_weight_vecs_0_0_0      1
     td_fused_top_dataflow_in_loop_TOP_LOOP49028_weight_vecs_0_0_0_memcore      1
       $paramod$d469e4afe47aade94905ad9cf27ab37f760587d2\dpram      1

   Number of wires:                 86
   Number of wire bits:            409
   Number of public wires:          51
   Number of public wire bits:     270
   Number of memories:               1
   Number of memory bits:         1024
   Number of processes:              0
   Number of cells:                 49
     $add                            3
     $and                            6
     $dffe                           2
     $eq                             1
     $logic_and                      7
     $logic_not                      4
     $logic_or                       1
     $memrd                          2
     $memwr_v2                       2
     $mux                           12
     $reduce_bool                    2
     $reduce_or                      1
     $sdffe                          5
     $sub                            1

