
5. Printing statistics.

=== td_fused_top_tdf3_writeOutputs_unaligned ===

   Number of wires:                189
   Number of wire bits:          15519
   Number of public wires:         155
   Number of public wire bits:   15484
   Number of memories:               0
   Number of memory bits:            0
   Number of processes:              0
   Number of cells:                125
     $add                            3
     $and                           25
     $dffe                           6
     $eq                             7
     $gt                             4
     $logic_not                      1
     $mux                           28
     $not                            5
     $or                            14
     $pmux                           1
     $reduce_or                      1
     $sdff                           2
     $sdffce                         2
     $sdffe                          1
     $shl                            8
     $shr                            4
     $sub                            1
     $xor                           12

