
5. Printing statistics.

=== port_bus_1to0_1 ===

   Number of wires:                117
   Number of wire bits:            773
   Number of public wires:          98
   Number of public wire bits:     754
   Number of memories:               0
   Number of memory bits:            0
   Number of processes:              0
   Number of cells:                109
     $and_1                          2
     $dff_3                          1
     $dff_8                          6
     $dffe_1                         2
     $dffe_19                        2
     $dffe_8                        76
     $eq_3                           6
     $mux_1                          3
     $not_1                          4
     $reduce_and_2                   1
     $reduce_and_3                   1
     $reduce_bool_9                  1
     $reduce_or_6                    1
     $sdff_1                         3

