
5. Printing statistics.

=== quadintr_5_20 ===

   Number of wires:                185
   Number of wire bits:           1760
   Number of public wires:         127
   Number of public wire bits:    1247
   Number of memories:               0
   Number of memory bits:            0
   Number of processes:              0
   Number of cells:                173
     $add_8                          9
     $add_9                         34
     $dff_8                         13
     $dff_9                         75
     $dffe_16                       21
     $dffe_8                         6
     $sub_9                         15

=== wrapper_qs_intr_5_20 ===

   Number of wires:                 95
   Number of wire bits:           1422
   Number of public wires:          95
   Number of public wire bits:    1422
   Number of memories:               0
   Number of memory bits:            0
   Number of processes:              0
   Number of cells:                 43
     $dffe_16                       42
     quadintr_5_20                   1

=== design hierarchy ===

   wrapper_qs_intr_5_20              1
     quadintr_5_20                   1

   Number of wires:                280
   Number of wire bits:           3182
   Number of public wires:         222
   Number of public wire bits:    2669
   Number of memories:               0
   Number of memory bits:            0
   Number of processes:              0
   Number of cells:                215
     $add_8                          9
     $add_9                         34
     $dff_8                         13
     $dff_9                         75
     $dffe_16                       63
     $dffe_8                         6
     $sub_9                         15

