
5. Printing statistics.

=== state_machine ===

   Number of wires:                 37
   Number of wire bits:            229
   Number of public wires:          10
   Number of public wire bits:      65
   Number of memories:               0
   Number of memory bits:            0
   Number of processes:              0
   Number of cells:                 33
     $add_10                         5
     $add_2                          1
     $adff_10                        5
     $adffe_2                        1
     $eq_2                           2
     $logic_not_2                    1
     $mux_10                         4
     $ne_10                          1
     $not_1                          1
     $pmux_10                        3
     $pmux_2                         1
     $reduce_and_2                   1
     $reduce_bool_2                  1
     $reduce_or_2                    3
     $sub_10                         3

