
5. Printing statistics.

=== control_unit ===

   Number of wires:                122
   Number of wire bits:            250
   Number of public wires:          34
   Number of public wire bits:      60
   Number of memories:               0
   Number of memory bits:            0
   Number of processes:              0
   Number of cells:                113
     $add                            1
     $adff                           1
     $adffe                          1
     $eq                            22
     $logic_and                      5
     $logic_not                      4
     $logic_or                       8
     $mux                           49
     $or                             1
     $pmux                           8
     $reduce_bool                    1
     $reduce_or                     12

