
5. Printing statistics.

=== host_interface ===

   Number of wires:                157
   Number of wire bits:            518
   Number of public wires:          61
   Number of public wire bits:     293
   Number of memories:               0
   Number of memory bits:            0
   Number of processes:              0
   Number of cells:                137
     $add                            1
     $adff                           2
     $adffe                          7
     $and                           22
     $eq                            19
     $logic_and                     20
     $logic_not                      4
     $logic_or                       3
     $mux                           33
     $ne                             4
     $not                            6
     $or                             1
     $pmux                           3
     $reduce_and                     1
     $reduce_bool                    6
     $reduce_or                      3
     $shr                            1
     $xor                            1

