
5. Printing statistics.

=== sBox ===

   Number of wires:                  5
   Number of wire bits:             98
   Number of public wires:           5
   Number of public wire bits:      98
   Number of memories:               0
   Number of memory bits:            0
   Number of processes:              0
   Number of cells:                  4
     sBox_8                          4

=== sBox_8 ===

   Number of wires:                244
   Number of wire bits:            490
   Number of public wires:         130
   Number of public wire bits:     340
   Number of memories:               0
   Number of memory bits:            0
   Number of processes:              0
   Number of cells:                163
     $and                           26
     $dff                            2
     $mux                            1
     $not                           37
     $or                             6
     $reduce_xor                    10
     $xnor                          13
     $xor                           68

=== design hierarchy ===

   sBox                              1
     sBox_8                          4

   Number of wires:                981
   Number of wire bits:           2058
   Number of public wires:         525
   Number of public wire bits:    1458
   Number of memories:               0
   Number of memory bits:            0
   Number of processes:              0
   Number of cells:                652
     $and                          104
     $dff                            8
     $mux                            4
     $not                          148
     $or                            24
     $reduce_xor                    40
     $xnor                          52
     $xor                          272

