
5. Printing statistics.

=== td_fused_top_tdf4_readInputs37 ===

   Number of wires:                302
   Number of wire bits:           1924
   Number of public wires:         217
   Number of public wire bits:    1714
   Number of memories:               0
   Number of memory bits:            0
   Number of processes:              0
   Number of cells:                215
     $add_12                         3
     $add_14                         1
     $add_17                         2
     $add_18                         4
     $add_2                          2
     $add_3                          2
     $add_5                          2
     $add_6                          5
     $add_8                          1
     $and_1                         22
     $dffe_1                        10
     $dffe_12                        2
     $dffe_16                        2
     $dffe_17                        2
     $dffe_2                         8
     $dffe_4                         1
     $dffe_5                         4
     $dffe_6                         7
     $dffe_8                         1
     $eq_5                           7
     $eq_6                           1
     $gt_17                          1
     $gt_18                          4
     $mux_1                         22
     $mux_12                         5
     $mux_16                         8
     $mux_2                          8
     $mux_5                          9
     $mux_6                          9
     $mux_8                          6
     $not_1                         15
     $or_1                          18
     $or_4                           3
     $pmux_5                         1
     $reduce_bool_2                  3
     $reduce_or_2                    2
     $sdff_1                         1
     $sdff_5                         1
     $sdffce_1                       1
     $sdffce_16                      2
     $sdffce_2                       1
     $sdffce_5                       1
     $sdffe_1                        3
     $sub_13                         1
     $sub_5                          1

