
5. Printing statistics.

=== td_fused_top_tdf2_readFilters24 ===

   Number of wires:                155
   Number of wire bits:            620
   Number of public wires:          97
   Number of public wire bits:     519
   Number of memories:               0
   Number of memory bits:            0
   Number of processes:              0
   Number of cells:                118
     $add_13                         1
     $add_2                          2
     $add_4                          1
     $add_5                          1
     $add_7                          1
     $add_8                          2
     $add_9                          2
     $and_1                         18
     $dff_1                          2
     $dff_8                          2
     $dffe_1                         3
     $dffe_2                         4
     $dffe_5                         1
     $dffe_7                         1
     $dffe_8                         3
     $eq_3                           3
     $eq_5                           1
     $eq_7                           1
     $eq_8                           1
     $mux_1                         13
     $mux_2                          8
     $mux_3                          3
     $mux_5                          3
     $mux_7                          3
     $mux_8                          2
     $not_1                         13
     $or_1                           7
     $pmux_3                         1
     $reduce_bool_2                  3
     $reduce_or_2                    2
     $sdff_1                         5
     $sdff_3                         1
     $sdffe_1                        1
     $sub_4                          1
     $sub_8                          1
     $sub_9                          1

