
5. Printing statistics.

=== td_fused_top_tdf6_writeOutputs_unaligned ===

   Number of wires:                 85
   Number of wire bits:            604
   Number of public wires:          57
   Number of public wire bits:     574
   Number of memories:               0
   Number of memory bits:            0
   Number of processes:              0
   Number of cells:                 58
     $add_10                         1
     $add_13                         1
     $add_16                         2
     $and_1                          9
     $dff_16                         4
     $dffe_1                         1
     $dffe_10                        1
     $eq_16                          2
     $eq_2                           3
     $eq_3                           3
     $logic_not_2                    1
     $mux_1                          8
     $mux_16                         4
     $mux_3                          1
     $not_1                          5
     $or_1                           4
     $pmux_3                         1
     $reduce_or_2                    1
     $sdff_1                         1
     $sdff_3                         1
     $sdffce_16                      2
     $sdffe_16                       1
     $sub_10                         1

