
5. Printing statistics.

=== td_fused_top_fifo_w4_d7_S ===

   Number of wires:                 46
   Number of wire bits:            137
   Number of public wires:          17
   Number of public wire bits:      34
   Number of memories:               0
   Number of memory bits:            0
   Number of processes:              0
   Number of cells:                 35
     $add_4                          1
     $and_1                          4
     $and_32                         2
     $eq_32                          2
     $eq_4                           1
     $logic_and_1                    2
     $logic_not_32                   2
     $logic_not_4                    1
     $mux_1                          3
     $mux_3                          1
     $mux_4                          2
     $ne_2                           1
     $not_1                          2
     $or_1                           2
     $reduce_and_2                   2
     $reduce_bool_2                  1
     $reduce_or_2                    1
     $sdffe_1                        2
     $sdffe_4                        1
     $sub_4                          1
     td_fused_top_fifo_w4_d7_S_shiftReg      1

=== td_fused_top_fifo_w4_d7_S_shiftReg ===

   Number of wires:                 18
   Number of wire bits:             47
   Number of public wires:          12
   Number of public wire bits:      41
   Number of memories:               0
   Number of memory bits:            0
   Number of processes:              0
   Number of cells:                 14
     $dffe_4                         7
     $eq_3                           5
     $logic_not_3                    1
     $pmux_4                         1

=== design hierarchy ===

   td_fused_top_fifo_w4_d7_S         1
     td_fused_top_fifo_w4_d7_S_shiftReg      1

   Number of wires:                 64
   Number of wire bits:            184
   Number of public wires:          29
   Number of public wire bits:      75
   Number of memories:               0
   Number of memory bits:            0
   Number of processes:              0
   Number of cells:                 48
     $add_4                          1
     $and_1                          4
     $and_32                         2
     $dffe_4                         7
     $eq_3                           5
     $eq_32                          2
     $eq_4                           1
     $logic_and_1                    2
     $logic_not_3                    1
     $logic_not_32                   2
     $logic_not_4                    1
     $mux_1                          3
     $mux_3                          1
     $mux_4                          2
     $ne_2                           1
     $not_1                          2
     $or_1                           2
     $pmux_4                         1
     $reduce_and_2                   2
     $reduce_bool_2                  1
     $reduce_or_2                    1
     $sdffe_1                        2
     $sdffe_4                        1
     $sub_4                          1

