
5. Printing statistics.

=== td_fused_top_tdf4_l2_filters ===

   Number of wires:                  9
   Number of wire bits:             59
   Number of public wires:           9
   Number of public wire bits:      59
   Number of memories:               0
   Number of memory bits:            0
   Number of processes:              0
   Number of cells:                  1
     td_fused_top_tdf4_l2_filters_ram      1

=== td_fused_top_tdf4_l2_filters_ram ===

   Number of wires:                 25
   Number of wire bits:            270
   Number of public wires:          18
   Number of public wire bits:     168
   Number of memories:               1
   Number of memory bits:        32768
   Number of processes:              0
   Number of cells:                 14
     $dffe_1                         1
     $dffe_11                        2
     $dffe_16                        3
     $memrd                          1
     $memwr_v2                       1
     $mux_1                          2
     $mux_11                         2
     $mux_16                         2

=== design hierarchy ===

   td_fused_top_tdf4_l2_filters      1
     td_fused_top_tdf4_l2_filters_ram      1

   Number of wires:                 34
   Number of wire bits:            329
   Number of public wires:          27
   Number of public wire bits:     227
   Number of memories:               1
   Number of memory bits:        32768
   Number of processes:              0
   Number of cells:                 14
     $dffe_1                         1
     $dffe_11                        2
     $dffe_16                        3
     $memrd                          1
     $memwr_v2                       1
     $mux_1                          2
     $mux_11                         2
     $mux_16                         2

