
5. Printing statistics.

=== $paramod$0bae7f6edaddfcdc003e2341a28a48533213493c\td_fused_top_dataflow_in_loop_TOP_LOOP37454_ifmap_vec ===

   Number of wires:                 99
   Number of wire bits:            397
   Number of public wires:          54
   Number of public wire bits:     333
   Number of memories:               0
   Number of memory bits:            0
   Number of processes:              0
   Number of cells:                 77
     $add_1                          2
     $add_2                          1
     $and_1                          4
     $eq_2                           1
     $logic_and_1                   10
     $logic_not_1                    5
     $logic_not_2                    1
     $logic_or_1                     1
     $mux_1                         22
     $mux_16                         7
     $mux_2                          2
     $mux_9                          4
     $not_1                          1
     $reduce_bool_2                  3
     $reduce_or_2                    1
     $sdff_1                         2
     $sdffe_1                        5
     $sdffe_16                       1
     $sdffe_2                        1
     $sub_2                          1
     td_fused_top_dataflow_in_loop_TOP_LOOP37454_ifmap_vec_memcore      2

=== $paramod$0bae7f6edaddfcdc003e2341a28a48533213493c\td_fused_top_dataflow_in_loop_TOP_LOOP37454_products_0 ===

   Number of wires:                101
   Number of wire bits:            413
   Number of public wires:          51
   Number of public wire bits:     329
   Number of memories:               0
   Number of memory bits:            0
   Number of processes:              0
   Number of cells:                 82
     $add_1                          2
     $add_2                          1
     $and_1                          4
     $eq_2                           1
     $logic_and_1                   11
     $logic_not_1                    7
     $logic_not_2                    1
     $logic_or_1                     1
     $mux_1                         20
     $mux_16                         8
     $mux_2                          2
     $mux_9                          4
     $not_1                          1
     $reduce_bool_2                  4
     $reduce_or_2                    1
     $sdff_1                         2
     $sdffe_1                        6
     $sdffe_16                       2
     $sdffe_2                        1
     $sub_2                          1
     td_fused_top_dataflow_in_loop_TOP_LOOP37454_products_0_memcore      2

=== $paramod$0bae7f6edaddfcdc003e2341a28a48533213493c\td_fused_top_dataflow_in_loop_TOP_LOOP37454_weight_vecs_0 ===

   Number of wires:                 55
   Number of wire bits:            154
   Number of public wires:          28
   Number of public wire bits:     123
   Number of memories:               0
   Number of memory bits:            0
   Number of processes:              0
   Number of cells:                 36
     $add_1                          2
     $add_2                          1
     $and_1                          4
     $eq_2                           1
     $logic_and_1                    7
     $logic_not_1                    3
     $logic_not_2                    1
     $logic_or_1                     1
     $mux_1                          4
     $mux_2                          2
     $reduce_bool_2                  2
     $reduce_or_2                    1
     $sdffe_1                        4
     $sdffe_2                        1
     $sub_2                          1
     td_fused_top_dataflow_in_loop_TOP_LOOP37454_weight_vecs_0_memcore      1

=== $paramod$20ed575d3a8c8a8136d29b2d7ca09626e45a2e9e\td_fused_top_hcmp_16ns_16ns_1_2_no_dsp_1 ===

   Number of wires:                 27
   Number of wire bits:            139
   Number of public wires:          21
   Number of public wire bits:     133
   Number of memories:               0
   Number of memory bits:            0
   Number of processes:              0
   Number of cells:                 14
     $dff_1                          2
     $dffe_16                        2
     $dffe_5                         1
     $eq_5                           6
     $mux_1                          1
     $pmux_8                         1
     td_fused_top_ap_hcmp_0_no_dsp_16      1

=== $paramod$3c0377098b222d6572752d08e873f7489758dceb\td_fused_top_hadd_16ns_16ns_16_5_full_dsp_1 ===

   Number of wires:                 19
   Number of wire bits:            169
   Number of public wires:          19
   Number of public wire bits:     169
   Number of memories:               0
   Number of memory bits:            0
   Number of processes:              0
   Number of cells:                  6
     $dff_1                          1
     $dff_16                         1
     $dffe_16                        2
     $mux_16                         1
     td_fused_top_ap_hadd_3_full_dsp_16      1

=== $paramod$3c0377098b222d6572752d08e873f7489758dceb\td_fused_top_hsub_16ns_16ns_16_5_full_dsp_1 ===

   Number of wires:                 19
   Number of wire bits:            169
   Number of public wires:          19
   Number of public wire bits:     169
   Number of memories:               0
   Number of memory bits:            0
   Number of processes:              0
   Number of cells:                  6
     $dff_1                          1
     $dff_16                         1
     $dffe_16                        2
     $mux_16                         1
     td_fused_top_ap_hadd_3_full_dsp_16      1

=== $paramod$444f4f35aae1753c454375fdcc6a89a96e0bb6d9\td_fused_top_dataflow_in_loop_TOP_LOOP37454_accum1_out_0 ===

   Number of wires:                 99
   Number of wire bits:            349
   Number of public wires:          54
   Number of public wire bits:     285
   Number of memories:               0
   Number of memory bits:            0
   Number of processes:              0
   Number of cells:                 77
     $add_1                          2
     $add_2                          1
     $and_1                          4
     $eq_2                           1
     $logic_and_1                   10
     $logic_not_1                    5
     $logic_not_2                    1
     $logic_or_1                     1
     $mux_1                         22
     $mux_16                         7
     $mux_2                          2
     $mux_3                          4
     $not_1                          1
     $reduce_bool_2                  3
     $reduce_or_2                    1
     $sdff_1                         2
     $sdffe_1                        5
     $sdffe_16                       1
     $sdffe_2                        1
     $sub_2                          1
     td_fused_top_dataflow_in_loop_TOP_LOOP37454_accum1_out_0_memcore      2

=== $paramod$446b85b08a7a06b40d768e83a34c90ce7206f74e\td_fused_top_hmul_16ns_16ns_16_4_max_dsp_1 ===

   Number of wires:                 19
   Number of wire bits:            169
   Number of public wires:          19
   Number of public wire bits:     169
   Number of memories:               0
   Number of memory bits:            0
   Number of processes:              0
   Number of cells:                  6
     $dff_1                          1
     $dff_16                         1
     $dffe_16                        2
     $mux_16                         1
     td_fused_top_ap_hmul_2_max_dsp_16      1

=== FPAddSub ===

   Number of wires:                 45
   Number of wire bits:            591
   Number of public wires:          45
   Number of public wire bits:     591
   Number of memories:               0
   Number of memory bits:            0
   Number of processes:              0
   Number of cells:                 19
     $mux_25                         1
     $mux_33                         1
     $mux_36                         1
     $mux_38                         2
     $mux_39                         1
     $mux_40                         1
     $mux_41                         1
     $mux_48                         1
     FPAddSub_AlignModule            1
     FPAddSub_AlignShift1            1
     FPAddSub_AlignShift2            1
     FPAddSub_ExceptionModule        1
     FPAddSub_ExecutionModule        1
     FPAddSub_NormalizeModule        1
     FPAddSub_NormalizeShift1        1
     FPAddSub_NormalizeShift2        1
     FPAddSub_PrealignModule         1
     FPAddSub_RoundModule            1

=== FPAddSub_AlignModule ===

   Number of wires:                  8
   Number of wire bits:             71
   Number of public wires:           8
   Number of public wire bits:      71
   Number of memories:               0
   Number of memory bits:            0
   Number of processes:              0
   Number of cells:                  5
     $lt_15                          1
     $mux_10                         2
     $mux_5                          2

=== FPAddSub_AlignShift1 ===

   Number of wires:                 12
   Number of wire bits:             74
   Number of public wires:           6
   Number of public wire bits:      68
   Number of memories:               0
   Number of memory bits:            0
   Number of processes:              0
   Number of cells:                 18
     $eq_2                           3
     $logic_not_2                    1
     $mux_11                         1
     $pmux_1                        11
     $reduce_or_2                    1
     $reduce_or_3                    1

=== FPAddSub_AlignShift2 ===

   Number of wires:                 11
   Number of wire bits:             63
   Number of public wires:           5
   Number of public wire bits:      57
   Number of memories:               0
   Number of memory bits:            0
   Number of processes:              0
   Number of cells:                 17
     $eq_2                           3
     $logic_not_2                    1
     $pmux_1                        11
     $reduce_or_2                    1
     $reduce_or_3                    1

=== FPAddSub_ExceptionModule ===

   Number of wires:                 23
   Number of wire bits:             61
   Number of public wires:          13
   Number of public wire bits:      51
   Number of memories:               0
   Number of memory bits:            0
   Number of processes:              0
   Number of cells:                 15
     $and_1                          4
     $logic_not_1                    1
     $not_1                          2
     $or_1                           5
     $reduce_and_5                   1
     $reduce_or_3                    1
     $reduce_or_5                    1

=== FPAddSub_ExecutionModule ===

   Number of wires:                 12
   Number of wire bits:             79
   Number of public wires:           9
   Number of public wire bits:      44
   Number of memories:               0
   Number of memory bits:            0
   Number of processes:              0
   Number of cells:                  6
     $add_17                         1
     $mux_1                          1
     $mux_17                         1
     $sub_17                         1
     $xor_1                          2

=== FPAddSub_NormalizeModule ===

   Number of wires:                 16
   Number of wire bits:            116
   Number of public wires:           4
   Number of public wire bits:      56
   Number of memories:               0
   Number of memory bits:            0
   Number of processes:              0
   Number of cells:                 14
     $mux_17                         1
     $mux_5                         13

=== FPAddSub_NormalizeShift1 ===

   Number of wires:                 19
   Number of wire bits:            152
   Number of public wires:           7
   Number of public wire bits:     140
   Number of memories:               0
   Number of memory bits:            0
   Number of processes:              0
   Number of cells:                 20
     $eq_2                           6
     $logic_not_2                    2
     $pmux_1                         2
     $pmux_13                        1
     $pmux_2                         1
     $pmux_4                         3
     $pmux_5                         1
     $reduce_or_2                    4

=== FPAddSub_NormalizeShift2 ===

   Number of wires:                 14
   Number of wire bits:             62
   Number of public wires:          13
   Number of public wire bits:      61
   Number of memories:               0
   Number of memory bits:            0
   Number of processes:              0
   Number of cells:                  6
     $add_6                          1
     $logic_not_1                    1
     $mux_6                          1
     $reduce_or_17                   1
     $reduce_or_4                    1
     $sub_6                          1

=== FPAddSub_PrealignModule ===

   Number of wires:                 30
   Number of wire bits:            295
   Number of public wires:          16
   Number of public wire bits:      95
   Number of memories:               0
   Number of memory bits:            0
   Number of processes:              0
   Number of cells:                 19
     $add_32                         4
     $and_1                          4
     $logic_not_1                    2
     $not_32                         2
     $or_1                           3
     $reduce_and_5                   2
     $reduce_or_10                   2

=== FPAddSub_RoundModule ===

   Number of wires:                 35
   Number of wire bits:            124
   Number of public wires:          19
   Number of public wire bits:      72
   Number of memories:               0
   Number of memory bits:            0
   Number of processes:              0
   Number of cells:                 22
     $add_32                         1
     $add_6                          1
     $and_1                          7
     $mux_1                          2
     $mux_10                         1
     $mux_6                          1
     $not_1                          2
     $or_1                           5
     $xor_1                          2

=== FPMult_16 ===

   Number of wires:                 27
   Number of wire bits:            348
   Number of public wires:          27
   Number of public wire bits:     348
   Number of memories:               0
   Number of memory bits:            0
   Number of processes:              0
   Number of cells:                  9
     $mux_21                         1
     $mux_23                         1
     $mux_32                         1
     $mux_41                         1
     $mux_48                         1
     FPMult_ExecuteModule            1
     FPMult_NormalizeModule          1
     FPMult_PrepModule               1
     FPMult_RoundModule              1

=== FPMult_ExecuteModule ===

   Number of wires:                 15
   Number of wire bits:            103
   Number of public wires:          12
   Number of public wire bits:      95
   Number of memories:               0
   Number of memory bits:            0
   Number of processes:              0
   Number of cells:                  7
     $add_6                          2
     $and_1                          1
     $mux_10                         1
     $or_1                           1
     $reduce_or_10                   1
     $xor_1                          1

=== FPMult_NormalizeModule ===

   Number of wires:                  8
   Number of wire bits:            114
   Number of public wires:           6
   Number of public wire bits:      50
   Number of memories:               0
   Number of memory bits:            0
   Number of processes:              0
   Number of cells:                  2
     $sub_32                         2

=== FPMult_PrepModule ===

   Number of wires:                 23
   Number of wire bits:             86
   Number of public wires:          14
   Number of public wire bits:      77
   Number of memories:               0
   Number of memory bits:            0
   Number of processes:              0
   Number of cells:                 15
     $and_1                          4
     $logic_not_1                    2
     $mul_22                         1
     $or_1                           3
     $reduce_and_5                   2
     $reduce_or_10                   1
     $reduce_or_5                    2

=== FPMult_RoundModule ===

   Number of wires:                 12
   Number of wire bits:             90
   Number of public wires:          12
   Number of public wire bits:      90
   Number of memories:               0
   Number of memory bits:            0
   Number of processes:              0
   Number of cells:                  3
     $mux_11                         2
     $mux_6                          1

=== td_fused_top_Block_entry_proc_proc424 ===

   Number of wires:                 16
   Number of wire bits:             61
   Number of public wires:          14
   Number of public wire bits:      59
   Number of memories:               0
   Number of memory bits:            0
   Number of processes:              0
   Number of cells:                  9
     $mux_1                          3
     $mux_16                         1
     $not_1                          1
     $or_1                           1
     $reduce_or_2                    1
     $sdff_1                         1
     $sdff_16                        1

=== td_fused_top_ap_hadd_3_full_dsp_16 ===

   Number of wires:                 12
   Number of wire bits:            117
   Number of public wires:          12
   Number of public wire bits:     117
   Number of memories:               0
   Number of memory bits:            0
   Number of processes:              0
   Number of cells:                  4
     $dffe_16                        3
     FPAddSub                        1

=== td_fused_top_ap_hcmp_0_no_dsp_16 ===

   Number of wires:                 10
   Number of wire bits:             84
   Number of public wires:          10
   Number of public wire bits:      84
   Number of memories:               0
   Number of memory bits:            0
   Number of processes:              0
   Number of cells:                  2
     $not_1                          1
     FPAddSub                        1

=== td_fused_top_ap_hmul_2_max_dsp_16 ===

   Number of wires:                 12
   Number of wire bits:            117
   Number of public wires:          12
   Number of public wire bits:     117
   Number of memories:               0
   Number of memory bits:            0
   Number of processes:              0
   Number of cells:                  4
     $dffe_16                        3
     FPMult_16                       1

=== td_fused_top_dataflow_in_loop_TOP_LOOP37454 ===

   Number of wires:                306
   Number of wire bits:           1788
   Number of public wires:         269
   Number of public wire bits:    1751
   Number of memories:               0
   Number of memory bits:            0
   Number of processes:              0
   Number of cells:                 78
     $and_1                         30
     $not_1                         13
     $or_1                           4
     $paramod$0bae7f6edaddfcdc003e2341a28a48533213493c\td_fused_top_dataflow_in_loop_TOP_LOOP37454_ifmap_vec      1
     $paramod$0bae7f6edaddfcdc003e2341a28a48533213493c\td_fused_top_dataflow_in_loop_TOP_LOOP37454_products_0      1
     $paramod$0bae7f6edaddfcdc003e2341a28a48533213493c\td_fused_top_dataflow_in_loop_TOP_LOOP37454_weight_vecs_0      1
     $paramod$444f4f35aae1753c454375fdcc6a89a96e0bb6d9\td_fused_top_dataflow_in_loop_TOP_LOOP37454_accum1_out_0      1
     $reduce_or_2                    2
     $sdff_1                         4
     td_fused_top_Block_entry_proc_proc424      1
     td_fused_top_fifo_w16_d2_S_x5      5
     td_fused_top_fifo_w1_d8_S_x0      2
     td_fused_top_fifo_w4_d8_S_x      1
     td_fused_top_fifo_w8_d2_S_x      1
     td_fused_top_fifo_w8_d7_S       1
     td_fused_top_fifo_w8_d8_S       1
     td_fused_top_start_for_tdf8_readFilters56_U0      1
     td_fused_top_tdf8_accum_1       1
     td_fused_top_tdf8_accum_2       1
     td_fused_top_tdf8_adjust        1
     td_fused_top_tdf8_dot_product      1
     td_fused_top_tdf8_get_next_ijk      1
     td_fused_top_tdf8_poolOutputs      1
     td_fused_top_tdf8_readFilters56      1
     td_fused_top_tdf8_readInputs57      1

=== td_fused_top_dataflow_in_loop_TOP_LOOP37454_accum1_out_0_memcore ===

   Number of wires:                 11
   Number of wire bits:             60
   Number of public wires:          11
   Number of public wire bits:      60
   Number of memories:               0
   Number of memory bits:            0
   Number of processes:              0
   Number of cells:                  1
     td_fused_top_dataflow_in_loop_TOP_LOOP37454_accum1_out_0_memcore_ram      1

=== td_fused_top_dataflow_in_loop_TOP_LOOP37454_accum1_out_0_memcore_ram ===

   Number of wires:                 23
   Number of wire bits:            215
   Number of public wires:          10
   Number of public wire bits:      59
   Number of memories:               1
   Number of memory bits:          128
   Number of processes:              0
   Number of cells:                 16
     $dffe_16                        1
     $memrd                          1
     $memwr_v2                       2
     $mux_1                          4
     $mux_16                         4
     $mux_3                          4

=== td_fused_top_dataflow_in_loop_TOP_LOOP37454_ifmap_vec_memcore ===

   Number of wires:                 11
   Number of wire bits:             72
   Number of public wires:          11
   Number of public wire bits:      72
   Number of memories:               0
   Number of memory bits:            0
   Number of processes:              0
   Number of cells:                  1
     td_fused_top_dataflow_in_loop_TOP_LOOP37454_ifmap_vec_memcore_ram      1

=== td_fused_top_dataflow_in_loop_TOP_LOOP37454_ifmap_vec_memcore_ram ===

   Number of wires:                 23
   Number of wire bits:            251
   Number of public wires:          10
   Number of public wire bits:      71
   Number of memories:               1
   Number of memory bits:         4608
   Number of processes:              0
   Number of cells:                 16
     $dffe_16                        1
     $memrd                          1
     $memwr_v2                       2
     $mux_1                          4
     $mux_16                         4
     $mux_9                          4

=== td_fused_top_dataflow_in_loop_TOP_LOOP37454_products_0_memcore ===

   Number of wires:                 10
   Number of wire bits:             71
   Number of public wires:          10
   Number of public wire bits:      71
   Number of memories:               0
   Number of memory bits:            0
   Number of processes:              0
   Number of cells:                  1
     td_fused_top_dataflow_in_loop_TOP_LOOP37454_products_0_memcore_ram      1

=== td_fused_top_dataflow_in_loop_TOP_LOOP37454_products_0_memcore_ram ===

   Number of wires:                 17
   Number of wire bits:            184
   Number of public wires:           9
   Number of public wire bits:      70
   Number of memories:               1
   Number of memory bits:         4608
   Number of processes:              0
   Number of cells:                 11
     $dffe_16                        2
     $memrd                          2
     $memwr_v2                       1
     $mux_1                          2
     $mux_16                         2
     $mux_9                          2

=== td_fused_top_dataflow_in_loop_TOP_LOOP37454_weight_vecs_0_memcore ===

   Number of wires:                 12
   Number of wire bits:             90
   Number of public wires:          12
   Number of public wire bits:      90
   Number of memories:               0
   Number of memory bits:            0
   Number of processes:              0
   Number of cells:                  1
     td_fused_top_dataflow_in_loop_TOP_LOOP37454_weight_vecs_0_memcore_ram      1

=== td_fused_top_dataflow_in_loop_TOP_LOOP37454_weight_vecs_0_memcore_ram ===

   Number of wires:                 25
   Number of wire bits:            289
   Number of public wires:          11
   Number of public wire bits:      89
   Number of memories:               1
   Number of memory bits:         9216
   Number of processes:              0
   Number of cells:                 18
     $dffe_16                        2
     $memrd                          2
     $memwr_v2                       2
     $mux_1                          4
     $mux_10                         4
     $mux_16                         4

=== td_fused_top_fifo_w16_d2_S_x5 ===

   Number of wires:                 45
   Number of wire bits:            172
   Number of public wires:          17
   Number of public wire bits:      78
   Number of memories:               0
   Number of memory bits:            0
   Number of processes:              0
   Number of cells:                 34
     $add_2                          1
     $and_1                          4
     $and_32                         2
     $eq_32                          2
     $logic_and_1                    2
     $logic_not_2                    1
     $logic_not_32                   2
     $mux_1                          4
     $mux_2                          2
     $ne_2                           1
     $not_1                          2
     $or_1                           2
     $reduce_and_2                   2
     $reduce_bool_2                  1
     $reduce_or_2                    1
     $sdffe_1                        2
     $sdffe_2                        1
     $sub_2                          1
     td_fused_top_fifo_w16_d2_S_x5_shiftReg      1

=== td_fused_top_fifo_w16_d2_S_x5_shiftReg ===

   Number of wires:                  8
   Number of wire bits:             68
   Number of public wires:           7
   Number of public wire bits:      67
   Number of memories:               0
   Number of memory bits:            0
   Number of processes:              0
   Number of cells:                  4
     $dffe_16                        2
     $not_1                          1
     $pmux_16                        1

=== td_fused_top_fifo_w1_d8_S_x0 ===

   Number of wires:                 46
   Number of wire bits:            125
   Number of public wires:          17
   Number of public wire bits:      22
   Number of memories:               0
   Number of memory bits:            0
   Number of processes:              0
   Number of cells:                 35
     $add_4                          1
     $and_1                          4
     $and_32                         2
     $eq_32                          2
     $eq_4                           1
     $logic_and_1                    2
     $logic_not_32                   2
     $logic_not_4                    1
     $mux_1                          3
     $mux_3                          1
     $mux_4                          2
     $ne_2                           1
     $not_1                          2
     $or_1                           2
     $reduce_and_2                   2
     $reduce_bool_2                  1
     $reduce_or_2                    1
     $sdffe_1                        2
     $sdffe_4                        1
     $sub_4                          1
     td_fused_top_fifo_w1_d8_S_x0_shiftReg      1

=== td_fused_top_fifo_w1_d8_S_x0_shiftReg ===

   Number of wires:                 21
   Number of wire bits:             23
   Number of public wires:          13
   Number of public wire bits:      15
   Number of memories:               0
   Number of memory bits:            0
   Number of processes:              0
   Number of cells:                 17
     $dffe_1                         8
     $eq_3                           7
     $logic_not_3                    1
     $pmux_1                         1

=== td_fused_top_fifo_w4_d8_S_x ===

   Number of wires:                 46
   Number of wire bits:            137
   Number of public wires:          17
   Number of public wire bits:      34
   Number of memories:               0
   Number of memory bits:            0
   Number of processes:              0
   Number of cells:                 35
     $add_4                          1
     $and_1                          4
     $and_32                         2
     $eq_32                          2
     $eq_4                           1
     $logic_and_1                    2
     $logic_not_32                   2
     $logic_not_4                    1
     $mux_1                          3
     $mux_3                          1
     $mux_4                          2
     $ne_2                           1
     $not_1                          2
     $or_1                           2
     $reduce_and_2                   2
     $reduce_bool_2                  1
     $reduce_or_2                    1
     $sdffe_1                        2
     $sdffe_4                        1
     $sub_4                          1
     td_fused_top_fifo_w4_d8_S_x_shiftReg      1

=== td_fused_top_fifo_w4_d8_S_x_shiftReg ===

   Number of wires:                 21
   Number of wire bits:             53
   Number of public wires:          13
   Number of public wire bits:      45
   Number of memories:               0
   Number of memory bits:            0
   Number of processes:              0
   Number of cells:                 17
     $dffe_4                         8
     $eq_3                           7
     $logic_not_3                    1
     $pmux_4                         1

=== td_fused_top_fifo_w8_d2_S_x ===

   Number of wires:                 45
   Number of wire bits:            140
   Number of public wires:          17
   Number of public wire bits:      46
   Number of memories:               0
   Number of memory bits:            0
   Number of processes:              0
   Number of cells:                 34
     $add_2                          1
     $and_1                          4
     $and_32                         2
     $eq_32                          2
     $logic_and_1                    2
     $logic_not_2                    1
     $logic_not_32                   2
     $mux_1                          4
     $mux_2                          2
     $ne_2                           1
     $not_1                          2
     $or_1                           2
     $reduce_and_2                   2
     $reduce_bool_2                  1
     $reduce_or_2                    1
     $sdffe_1                        2
     $sdffe_2                        1
     $sub_2                          1
     td_fused_top_fifo_w8_d2_S_x_shiftReg      1

=== td_fused_top_fifo_w8_d2_S_x_shiftReg ===

   Number of wires:                  8
   Number of wire bits:             36
   Number of public wires:           7
   Number of public wire bits:      35
   Number of memories:               0
   Number of memory bits:            0
   Number of processes:              0
   Number of cells:                  4
     $dffe_8                         2
     $not_1                          1
     $pmux_8                         1

=== td_fused_top_fifo_w8_d7_S ===

   Number of wires:                 46
   Number of wire bits:            153
   Number of public wires:          17
   Number of public wire bits:      50
   Number of memories:               0
   Number of memory bits:            0
   Number of processes:              0
   Number of cells:                 35
     $add_4                          1
     $and_1                          4
     $and_32                         2
     $eq_32                          2
     $eq_4                           1
     $logic_and_1                    2
     $logic_not_32                   2
     $logic_not_4                    1
     $mux_1                          3
     $mux_3                          1
     $mux_4                          2
     $ne_2                           1
     $not_1                          2
     $or_1                           2
     $reduce_and_2                   2
     $reduce_bool_2                  1
     $reduce_or_2                    1
     $sdffe_1                        2
     $sdffe_4                        1
     $sub_4                          1
     td_fused_top_fifo_w8_d7_S_shiftReg      1

=== td_fused_top_fifo_w8_d7_S_shiftReg ===

   Number of wires:                 18
   Number of wire bits:             83
   Number of public wires:          12
   Number of public wire bits:      77
   Number of memories:               0
   Number of memory bits:            0
   Number of processes:              0
   Number of cells:                 14
     $dffe_8                         7
     $eq_3                           5
     $logic_not_3                    1
     $pmux_8                         1

=== td_fused_top_fifo_w8_d8_S ===

   Number of wires:                 46
   Number of wire bits:            153
   Number of public wires:          17
   Number of public wire bits:      50
   Number of memories:               0
   Number of memory bits:            0
   Number of processes:              0
   Number of cells:                 35
     $add_4                          1
     $and_1                          4
     $and_32                         2
     $eq_32                          2
     $eq_4                           1
     $logic_and_1                    2
     $logic_not_32                   2
     $logic_not_4                    1
     $mux_1                          3
     $mux_3                          1
     $mux_4                          2
     $ne_2                           1
     $not_1                          2
     $or_1                           2
     $reduce_and_2                   2
     $reduce_bool_2                  1
     $reduce_or_2                    1
     $sdffe_1                        2
     $sdffe_4                        1
     $sub_4                          1
     td_fused_top_fifo_w8_d8_S_shiftReg      1

=== td_fused_top_fifo_w8_d8_S_shiftReg ===

   Number of wires:                 21
   Number of wire bits:             93
   Number of public wires:          13
   Number of public wire bits:      85
   Number of memories:               0
   Number of memory bits:            0
   Number of processes:              0
   Number of cells:                 17
     $dffe_8                         8
     $eq_3                           7
     $logic_not_3                    1
     $pmux_8                         1

=== td_fused_top_start_for_tdf8_readFilters56_U0 ===

   Number of wires:                 45
   Number of wire bits:            112
   Number of public wires:          17
   Number of public wire bits:      18
   Number of memories:               0
   Number of memory bits:            0
   Number of processes:              0
   Number of cells:                 34
     $add_2                          1
     $and_1                          4
     $and_32                         2
     $eq_32                          2
     $logic_and_1                    2
     $logic_not_2                    1
     $logic_not_32                   2
     $mux_1                          4
     $mux_2                          2
     $ne_2                           1
     $not_1                          2
     $or_1                           2
     $reduce_and_2                   2
     $reduce_bool_2                  1
     $reduce_or_2                    1
     $sdffe_1                        2
     $sdffe_2                        1
     $sub_2                          1
     td_fused_top_start_for_tdf8_readFilters56_U0_shiftReg      1

=== td_fused_top_start_for_tdf8_readFilters56_U0_shiftReg ===

   Number of wires:                  8
   Number of wire bits:              8
   Number of public wires:           7
   Number of public wire bits:       7
   Number of memories:               0
   Number of memory bits:            0
   Number of processes:              0
   Number of cells:                  4
     $dffe_1                         2
     $not_1                          1
     $pmux_1                         1

=== td_fused_top_tdf8_17 ===

   Number of wires:                125
   Number of wire bits:           1598
   Number of public wires:         100
   Number of public wire bits:    1471
   Number of memories:               0
   Number of memory bits:            0
   Number of processes:              0
   Number of cells:                 32
     $add_18                         2
     $and_1                         10
     $eq_18                          2
     $logic_not_18                   1
     $mux_1                          4
     $mux_18                         4
     $not_1                          3
     $or_1                           1
     $reduce_bool_2                  2
     $sdffe_18                       2
     td_fused_top_dataflow_in_loop_TOP_LOOP37454      1

=== td_fused_top_tdf8_accum_1 ===

   Number of wires:                217
   Number of wire bits:           1852
   Number of public wires:         124
   Number of public wire bits:    1411
   Number of memories:               0
   Number of memory bits:            0
   Number of processes:              0
   Number of cells:                157
     $add_4                          1
     $add_9                          1
     $and_1                         31
     $dffe_1                         3
     $dffe_16                       16
     $dffe_9                         2
     $eq_3                           5
     $eq_8                           8
     $logic_not_3                    1
     $lt_9                           1
     $mux_1                         13
     $mux_16                        24
     $mux_8                          4
     $mux_9                         13
     $not_1                          8
     $or_1                           5
     $or_3                           1
     $or_9                           7
     $paramod$3c0377098b222d6572752d08e873f7489758dceb\td_fused_top_hadd_16ns_16ns_16_5_full_dsp_1      2
     $pmux_8                         1
     $reduce_bool_2                  2
     $reduce_or_2                    2
     $sdff_1                         1
     $sdff_8                         1
     $sdffe_1                        3
     $sdffe_4                        1

=== td_fused_top_tdf8_accum_2 ===

   Number of wires:                 44
   Number of wire bits:            217
   Number of public wires:          28
   Number of public wire bits:     189
   Number of memories:               0
   Number of memory bits:            0
   Number of processes:              0
   Number of cells:                 32
     $add_4                          1
     $and_1                          3
     $dffe_4                         1
     $eq_4                           1
     $eq_7                           7
     $mux_1                          5
     $mux_16                         1
     $mux_7                          2
     $not_1                          2
     $or_1                           1
     $paramod$3c0377098b222d6572752d08e873f7489758dceb\td_fused_top_hadd_16ns_16ns_16_5_full_dsp_1      1
     $pmux_7                         1
     $reduce_or_2                    1
     $sdff_1                         1
     $sdff_16                        1
     $sdff_7                         1
     $sdffe_16                       1
     $sdffe_4                        1

=== td_fused_top_tdf8_adjust ===

   Number of wires:                 70
   Number of wire bits:            452
   Number of public wires:          42
   Number of public wire bits:     408
   Number of memories:               0
   Number of memory bits:            0
   Number of processes:              0
   Number of cells:                 45
     $and_1                          2
     $dffe_16                        4
     $eq_17                         17
     $mux_1                          5
     $mux_16                         1
     $mux_17                         1
     $not_1                          3
     $or_1                           5
     $paramod$3c0377098b222d6572752d08e873f7489758dceb\td_fused_top_hadd_16ns_16ns_16_5_full_dsp_1      1
     $paramod$3c0377098b222d6572752d08e873f7489758dceb\td_fused_top_hsub_16ns_16ns_16_5_full_dsp_1      1
     $paramod$446b85b08a7a06b40d768e83a34c90ce7206f74e\td_fused_top_hmul_16ns_16ns_16_4_max_dsp_1      1
     $pmux_17                        1
     $reduce_or_2                    1
     $sdff_1                         1
     $sdff_17                        1

=== td_fused_top_tdf8_dot_product ===

   Number of wires:                176
   Number of wire bits:            689
   Number of public wires:         123
   Number of public wire bits:     587
   Number of memories:               0
   Number of memory bits:            0
   Number of processes:              0
   Number of cells:                136
     $add_2                          2
     $add_4                          3
     $add_6                          1
     $add_8                          1
     $add_9                          2
     $and_1                         18
     $dff_1                          5
     $dff_4                          5
     $dff_5                          5
     $dffe_1                         4
     $dffe_16                        3
     $dffe_2                         5
     $dffe_4                         1
     $dffe_5                         2
     $dffe_6                         2
     $dffe_8                         1
     $dffe_9                         1
     $eq_3                           3
     $eq_6                           1
     $eq_8                           1
     $eq_9                           1
     $mux_1                         12
     $mux_2                          8
     $mux_3                          3
     $mux_4                          3
     $mux_6                          3
     $mux_8                          3
     $mux_9                          2
     $not_1                         12
     $or_1                           3
     $paramod$446b85b08a7a06b40d768e83a34c90ce7206f74e\td_fused_top_hmul_16ns_16ns_16_4_max_dsp_1      1
     $pmux_3                         1
     $reduce_bool_2                  3
     $reduce_or_2                    2
     $sdff_1                         8
     $sdff_3                         1
     $sdffe_1                        1
     $sub_4                          3

=== td_fused_top_tdf8_get_next_ijk ===

   Number of wires:                112
   Number of wire bits:            388
   Number of public wires:          73
   Number of public wire bits:     349
   Number of memories:               0
   Number of memory bits:            0
   Number of processes:              0
   Number of cells:                 82
     $add_16                         7
     $add_2                          2
     $and_1                         14
     $eq_16                          3
     $eq_2                           4
     $logic_not_2                    1
     $mux_1                         15
     $not_1                         14
     $or_1                           8
     $or_2                           1
     $reduce_bool_2                  1
     $reduce_or_2                    3
     $sdff_1                         1
     $sdffce_16                      5
     $sdffce_2                       2
     $sdffe_1                        1

=== td_fused_top_tdf8_poolOutputs ===

   Number of wires:                 85
   Number of wire bits:            305
   Number of public wires:          51
   Number of public wire bits:     259
   Number of memories:               0
   Number of memory bits:            0
   Number of processes:              0
   Number of cells:                 53
     $and_1                          9
     $dffe_1                         1
     $dffe_16                        1
     $dffe_4                         1
     $dffe_8                         1
     $eq_4                           4
     $mux_1                          7
     $mux_4                          4
     $not_1                         10
     $or_1                           6
     $paramod$20ed575d3a8c8a8136d29b2d7ca09626e45a2e9e\td_fused_top_hcmp_16ns_16ns_1_2_no_dsp_1      1
     $pmux_4                         1
     $reduce_and_2                   1
     $reduce_bool_2                  1
     $reduce_or_2                    1
     $sdff_1                         1
     $sdff_4                         1
     $sdffe_1                        1
     td_fused_top_tdf8_writeOutputs_unaligned      1

=== td_fused_top_tdf8_readFilters56 ===

   Number of wires:                155
   Number of wire bits:            696
   Number of public wires:          97
   Number of public wire bits:     589
   Number of memories:               0
   Number of memory bits:            0
   Number of processes:              0
   Number of cells:                118
     $add_12                         2
     $add_17                         1
     $add_2                          2
     $add_4                          1
     $add_6                          1
     $add_8                          1
     $add_9                          2
     $and_1                         18
     $dff_1                          2
     $dff_9                          2
     $dffe_1                         3
     $dffe_11                        1
     $dffe_2                         4
     $dffe_6                         1
     $dffe_8                         1
     $dffe_9                         2
     $eq_3                           3
     $eq_6                           1
     $eq_8                           1
     $eq_9                           1
     $mux_1                         13
     $mux_2                          8
     $mux_3                          3
     $mux_6                          3
     $mux_8                          3
     $mux_9                          2
     $not_1                         13
     $or_1                           7
     $pmux_3                         1
     $reduce_bool_2                  3
     $reduce_or_2                    2
     $sdff_1                         5
     $sdff_3                         1
     $sdffe_1                        1
     $sub_11                         1
     $sub_12                         1
     $sub_4                          1

=== td_fused_top_tdf8_readInputs57 ===

   Number of wires:                281
   Number of wire bits:           1828
   Number of public wires:         203
   Number of public wire bits:    1619
   Number of memories:               0
   Number of memory bits:            0
   Number of processes:              0
   Number of cells:                204
     $add_10                         3
     $add_12                         1
     $add_17                         2
     $add_18                         4
     $add_2                          2
     $add_3                          2
     $add_5                          3
     $add_6                          3
     $add_7                          1
     $add_9                          1
     $and_1                         24
     $dffe_1                        10
     $dffe_10                        2
     $dffe_17                        2
     $dffe_2                         7
     $dffe_3                         1
     $dffe_5                         4
     $dffe_6                         5
     $dffe_7                         2
     $dffe_9                         1
     $eq_4                           4
     $eq_6                           2
     $eq_7                           1
     $gt_17                          1
     $gt_18                          4
     $mux_1                         21
     $mux_10                         5
     $mux_16                         8
     $mux_2                          8
     $mux_4                          3
     $mux_5                          6
     $mux_6                          6
     $mux_7                          3
     $mux_9                          6
     $not_1                         11
     $or_1                          14
     $or_5                           3
     $pmux_4                         1
     $reduce_bool_2                  3
     $reduce_or_2                    2
     $sdff_1                         1
     $sdff_4                         1
     $sdffce_1                       1
     $sdffce_16                      2
     $sdffce_2                       1
     $sdffce_6                       1
     $sdffe_1                        3
     $sub_11                         1
     $sub_5                          1

=== td_fused_top_tdf8_writeOutputs_unaligned ===

   Number of wires:                 80
   Number of wire bits:            581
   Number of public wires:          48
   Number of public wire bits:     548
   Number of memories:               0
   Number of memory bits:            0
   Number of processes:              0
   Number of cells:                 58
     $add_14                         1
     $add_16                         2
     $add_8                          1
     $and_1                         19
     $dffe_1                         1
     $dffe_16                        4
     $eq_16                          2
     $eq_2                           5
     $logic_not_2                    1
     $mux_1                          7
     $mux_16                         4
     $mux_2                          1
     $not_1                          2
     $or_1                           2
     $pmux_2                         1
     $sdff_2                         1
     $sdffce_16                      2
     $sdffe_16                       1
     $sub_8                          1

=== design hierarchy ===

   td_fused_top_tdf8_17              1
     td_fused_top_dataflow_in_loop_TOP_LOOP37454      1
       $paramod$0bae7f6edaddfcdc003e2341a28a48533213493c\td_fused_top_dataflow_in_loop_TOP_LOOP37454_ifmap_vec      1
         td_fused_top_dataflow_in_loop_TOP_LOOP37454_ifmap_vec_memcore      2
           td_fused_top_dataflow_in_loop_TOP_LOOP37454_ifmap_vec_memcore_ram      1
       $paramod$0bae7f6edaddfcdc003e2341a28a48533213493c\td_fused_top_dataflow_in_loop_TOP_LOOP37454_products_0      1
         td_fused_top_dataflow_in_loop_TOP_LOOP37454_products_0_memcore      2
           td_fused_top_dataflow_in_loop_TOP_LOOP37454_products_0_memcore_ram      1
       $paramod$0bae7f6edaddfcdc003e2341a28a48533213493c\td_fused_top_dataflow_in_loop_TOP_LOOP37454_weight_vecs_0      1
         td_fused_top_dataflow_in_loop_TOP_LOOP37454_weight_vecs_0_memcore      1
           td_fused_top_dataflow_in_loop_TOP_LOOP37454_weight_vecs_0_memcore_ram      1
       $paramod$444f4f35aae1753c454375fdcc6a89a96e0bb6d9\td_fused_top_dataflow_in_loop_TOP_LOOP37454_accum1_out_0      1
         td_fused_top_dataflow_in_loop_TOP_LOOP37454_accum1_out_0_memcore      2
           td_fused_top_dataflow_in_loop_TOP_LOOP37454_accum1_out_0_memcore_ram      1
       td_fused_top_Block_entry_proc_proc424      1
       td_fused_top_fifo_w16_d2_S_x5      5
         td_fused_top_fifo_w16_d2_S_x5_shiftReg      1
       td_fused_top_fifo_w1_d8_S_x0      2
         td_fused_top_fifo_w1_d8_S_x0_shiftReg      1
       td_fused_top_fifo_w4_d8_S_x      1
         td_fused_top_fifo_w4_d8_S_x_shiftReg      1
       td_fused_top_fifo_w8_d2_S_x      1
         td_fused_top_fifo_w8_d2_S_x_shiftReg      1
       td_fused_top_fifo_w8_d7_S      1
         td_fused_top_fifo_w8_d7_S_shiftReg      1
       td_fused_top_fifo_w8_d8_S      1
         td_fused_top_fifo_w8_d8_S_shiftReg      1
       td_fused_top_start_for_tdf8_readFilters56_U0      1
         td_fused_top_start_for_tdf8_readFilters56_U0_shiftReg      1
       td_fused_top_tdf8_accum_1      1
         $paramod$3c0377098b222d6572752d08e873f7489758dceb\td_fused_top_hadd_16ns_16ns_16_5_full_dsp_1      2
           td_fused_top_ap_hadd_3_full_dsp_16      1
             FPAddSub                1
               FPAddSub_AlignModule      1
               FPAddSub_AlignShift1      1
               FPAddSub_AlignShift2      1
               FPAddSub_ExceptionModule      1
               FPAddSub_ExecutionModule      1
               FPAddSub_NormalizeModule      1
               FPAddSub_NormalizeShift1      1
               FPAddSub_NormalizeShift2      1
               FPAddSub_PrealignModule      1
               FPAddSub_RoundModule      1
       td_fused_top_tdf8_accum_2      1
         $paramod$3c0377098b222d6572752d08e873f7489758dceb\td_fused_top_hadd_16ns_16ns_16_5_full_dsp_1      1
           td_fused_top_ap_hadd_3_full_dsp_16      1
             FPAddSub                1
               FPAddSub_AlignModule      1
               FPAddSub_AlignShift1      1
               FPAddSub_AlignShift2      1
               FPAddSub_ExceptionModule      1
               FPAddSub_ExecutionModule      1
               FPAddSub_NormalizeModule      1
               FPAddSub_NormalizeShift1      1
               FPAddSub_NormalizeShift2      1
               FPAddSub_PrealignModule      1
               FPAddSub_RoundModule      1
       td_fused_top_tdf8_adjust      1
         $paramod$3c0377098b222d6572752d08e873f7489758dceb\td_fused_top_hadd_16ns_16ns_16_5_full_dsp_1      1
           td_fused_top_ap_hadd_3_full_dsp_16      1
             FPAddSub                1
               FPAddSub_AlignModule      1
               FPAddSub_AlignShift1      1
               FPAddSub_AlignShift2      1
               FPAddSub_ExceptionModule      1
               FPAddSub_ExecutionModule      1
               FPAddSub_NormalizeModule      1
               FPAddSub_NormalizeShift1      1
               FPAddSub_NormalizeShift2      1
               FPAddSub_PrealignModule      1
               FPAddSub_RoundModule      1
         $paramod$3c0377098b222d6572752d08e873f7489758dceb\td_fused_top_hsub_16ns_16ns_16_5_full_dsp_1      1
           td_fused_top_ap_hadd_3_full_dsp_16      1
             FPAddSub                1
               FPAddSub_AlignModule      1
               FPAddSub_AlignShift1      1
               FPAddSub_AlignShift2      1
               FPAddSub_ExceptionModule      1
               FPAddSub_ExecutionModule      1
               FPAddSub_NormalizeModule      1
               FPAddSub_NormalizeShift1      1
               FPAddSub_NormalizeShift2      1
               FPAddSub_PrealignModule      1
               FPAddSub_RoundModule      1
         $paramod$446b85b08a7a06b40d768e83a34c90ce7206f74e\td_fused_top_hmul_16ns_16ns_16_4_max_dsp_1      1
           td_fused_top_ap_hmul_2_max_dsp_16      1
             FPMult_16               1
               FPMult_ExecuteModule      1
               FPMult_NormalizeModule      1
               FPMult_PrepModule      1
               FPMult_RoundModule      1
       td_fused_top_tdf8_dot_product      1
         $paramod$446b85b08a7a06b40d768e83a34c90ce7206f74e\td_fused_top_hmul_16ns_16ns_16_4_max_dsp_1      1
           td_fused_top_ap_hmul_2_max_dsp_16      1
             FPMult_16               1
               FPMult_ExecuteModule      1
               FPMult_NormalizeModule      1
               FPMult_PrepModule      1
               FPMult_RoundModule      1
       td_fused_top_tdf8_get_next_ijk      1
       td_fused_top_tdf8_poolOutputs      1
         $paramod$20ed575d3a8c8a8136d29b2d7ca09626e45a2e9e\td_fused_top_hcmp_16ns_16ns_1_2_no_dsp_1      1
           td_fused_top_ap_hcmp_0_no_dsp_16      1
             FPAddSub                1
               FPAddSub_AlignModule      1
               FPAddSub_AlignShift1      1
               FPAddSub_AlignShift2      1
               FPAddSub_ExceptionModule      1
               FPAddSub_ExecutionModule      1
               FPAddSub_NormalizeModule      1
               FPAddSub_NormalizeShift1      1
               FPAddSub_NormalizeShift2      1
               FPAddSub_PrealignModule      1
               FPAddSub_RoundModule      1
         td_fused_top_tdf8_writeOutputs_unaligned      1
       td_fused_top_tdf8_readFilters56      1
       td_fused_top_tdf8_readInputs57      1

   Number of wires:               4725
   Number of wire bits:          30152
   Number of public wires:        3081
   Number of public wire bits:   23916
   Number of memories:               7
   Number of memory bits:        27904
   Number of processes:              0
   Number of cells:               2889
     $add_1                          8
     $add_10                         3
     $add_12                         3
     $add_14                         1
     $add_16                         9
     $add_17                         9
     $add_18                         6
     $add_2                         19
     $add_3                          2
     $add_32                        30
     $add_4                         11
     $add_5                          3
     $add_6                         21
     $add_7                          1
     $add_8                          3
     $add_9                          6
     $and_1                        342
     $and_32                        24
     $dff_1                         16
     $dff_16                         7
     $dff_4                          5
     $dff_5                          5
     $dff_9                          2
     $dffe_1                        40
     $dffe_10                        2
     $dffe_11                        1
     $dffe_16                       85
     $dffe_17                        2
     $dffe_2                        16
     $dffe_3                         1
     $dffe_4                        11
     $dffe_5                         7
     $dffe_6                         8
     $dffe_7                         2
     $dffe_8                        20
     $dffe_9                         6
     $eq_16                          5
     $eq_17                         17
     $eq_18                          2
     $eq_2                          85
     $eq_3                          44
     $eq_32                         24
     $eq_4                          14
     $eq_5                           6
     $eq_6                           4
     $eq_7                           8
     $eq_8                          10
     $eq_9                           2
     $gt_17                          1
     $gt_18                          4
     $logic_and_1                   62
     $logic_not_1                   48
     $logic_not_18                   1
     $logic_not_2                   37
     $logic_not_3                    6
     $logic_not_32                  24
     $logic_not_4                    5
     $logic_or_1                     4
     $lt_15                          6
     $lt_9                           1
     $memrd                         10
     $memwr_v2                      12
     $mul_22                         2
     $mux_1                        259
     $mux_10                        29
     $mux_11                        10
     $mux_16                        92
     $mux_17                        13
     $mux_18                         4
     $mux_2                         47
     $mux_21                         2
     $mux_23                         2
     $mux_25                         6
     $mux_3                         23
     $mux_32                         2
     $mux_33                         6
     $mux_36                         6
     $mux_38                        12
     $mux_39                         6
     $mux_4                         20
     $mux_40                         6
     $mux_41                         8
     $mux_48                         8
     $mux_5                         96
     $mux_6                         26
     $mux_7                          5
     $mux_8                         10
     $mux_9                         43
     $ne_2                          12
     $not_1                        151
     $not_32                        12
     $or_1                         167
     $or_2                           1
     $or_3                           1
     $or_5                           3
     $or_9                           7
     $pmux_1                       147
     $pmux_13                        6
     $pmux_16                        5
     $pmux_17                        1
     $pmux_2                         7
     $pmux_3                         2
     $pmux_4                        21
     $pmux_5                         6
     $pmux_7                         1
     $pmux_8                         5
     $reduce_and_2                  25
     $reduce_and_5                  22
     $reduce_bool_2                 39
     $reduce_or_10                  16
     $reduce_or_17                   6
     $reduce_or_2                   69
     $reduce_or_3                   18
     $reduce_or_4                    6
     $reduce_or_5                   10
     $sdff_1                        30
     $sdff_16                        2
     $sdff_17                        1
     $sdff_2                         1
     $sdff_3                         2
     $sdff_4                         2
     $sdff_7                         1
     $sdff_8                         1
     $sdffce_1                       1
     $sdffce_16                      9
     $sdffce_2                       3
     $sdffce_6                       1
     $sdffe_1                       54
     $sdffe_16                       6
     $sdffe_18                       2
     $sdffe_2                       11
     $sdffe_4                        7
     $sub_11                         2
     $sub_12                         1
     $sub_17                         6
     $sub_2                         11
     $sub_32                         4
     $sub_4                          9
     $sub_5                          1
     $sub_6                          6
     $sub_8                          1
     $xor_1                         26

