
5. Printing statistics.

=== td_fused_top_tdf2_writeOutputs_unaligned ===

   Number of wires:                 80
   Number of wire bits:            608
   Number of public wires:          48
   Number of public wire bits:     575
   Number of memories:               0
   Number of memory bits:            0
   Number of processes:              0
   Number of cells:                 58
     $add_12                         1
     $add_15                         1
     $add_16                         2
     $and_1                         19
     $dffe_1                         1
     $dffe_16                        4
     $eq_16                          2
     $eq_2                           5
     $logic_not_2                    1
     $mux_1                          7
     $mux_16                         4
     $mux_2                          1
     $not_1                          2
     $or_1                           2
     $pmux_2                         1
     $sdff_2                         1
     $sdffce_16                      2
     $sdffe_16                       1
     $sub_12                         1

