
5. Printing statistics.

=== td_fused_top_tdf1_filters ===

   Number of wires:                  9
   Number of wire bits:             55
   Number of public wires:           9
   Number of public wire bits:      55
   Number of memories:               0
   Number of memory bits:            0
   Number of processes:              0
   Number of cells:                  1
     td_fused_top_tdf1_filters_ram      1

=== td_fused_top_tdf1_filters_ram ===

   Number of wires:                 25
   Number of wire bits:            254
   Number of public wires:          18
   Number of public wire bits:     156
   Number of memories:               1
   Number of memory bits:         6912
   Number of processes:              0
   Number of cells:                 14
     $dffe_1                         1
     $dffe_16                        3
     $dffe_9                         2
     $memrd                          1
     $memwr_v2                       1
     $mux_1                          2
     $mux_16                         2
     $mux_9                          2

=== design hierarchy ===

   td_fused_top_tdf1_filters         1
     td_fused_top_tdf1_filters_ram      1

   Number of wires:                 34
   Number of wire bits:            309
   Number of public wires:          27
   Number of public wire bits:     211
   Number of memories:               1
   Number of memory bits:         6912
   Number of processes:              0
   Number of cells:                 14
     $dffe_1                         1
     $dffe_16                        3
     $dffe_9                         2
     $memrd                          1
     $memwr_v2                       1
     $mux_1                          2
     $mux_16                         2
     $mux_9                          2

