
5. Printing statistics.

=== td_fused_top_tdf12_readInputs ===

   Number of wires:                171
   Number of wire bits:           1083
   Number of public wires:         105
   Number of public wire bits:     949
   Number of memories:               0
   Number of memory bits:            0
   Number of processes:              0
   Number of cells:                112
     $add_10                         1
     $add_8                          1
     $and_1                         20
     $dffe_1                         3
     $dffe_10                        1
     $dffe_16                        1
     $dffe_4                         1
     $dffe_7                         1
     $dffe_8                         3
     $eq_5                           5
     $eq_8                           1
     $gt_16                          2
     $mux_1                         13
     $mux_16                         6
     $mux_4                          2
     $mux_5                          3
     $mux_7                          4
     $mux_8                          3
     $not_1                         11
     $or_1                          13
     $or_7                           3
     $pmux_5                         1
     $reduce_bool_2                  2
     $reduce_or_2                    3
     $sdff_1                         1
     $sdff_5                         1
     $sdffce_16                      2
     $sdffe_1                        3
     $sub_9                          1

