
5. Printing statistics.

=== td_fused_top_td_fused_tdf1_fmaps_memcore ===

   Number of wires:                  9
   Number of wire bits:            165
   Number of public wires:           9
   Number of public wire bits:     165
   Number of memories:               0
   Number of memory bits:            0
   Number of processes:              0
   Number of cells:                  1
     td_fused_top_td_fused_tdf1_fmaps_memcore_ram      1

=== td_fused_top_td_fused_tdf1_fmaps_memcore_ram ===

   Number of wires:                 25
   Number of wire bits:            838
   Number of public wires:          18
   Number of public wire bits:     486
   Number of memories:               1
   Number of memory bits:       3211264
   Number of processes:              0
   Number of cells:                 14
     $dffe_1                         1
     $dffe_16                        2
     $dffe_64                        3
     $memrd                          1
     $memwr_v2                       1
     $mux_1                          2
     $mux_16                         2
     $mux_64                         2

=== design hierarchy ===

   td_fused_top_td_fused_tdf1_fmaps_memcore      1
     td_fused_top_td_fused_tdf1_fmaps_memcore_ram      1

   Number of wires:                 34
   Number of wire bits:           1003
   Number of public wires:          27
   Number of public wire bits:     651
   Number of memories:               1
   Number of memory bits:       3211264
   Number of processes:              0
   Number of cells:                 14
     $dffe_1                         1
     $dffe_16                        2
     $dffe_64                        3
     $memrd                          1
     $memwr_v2                       1
     $mux_1                          2
     $mux_16                         2
     $mux_64                         2

