
5. Printing statistics.

=== $paramod$3c0377098b222d6572752d08e873f7489758dceb\td_fused_top_hadd_16ns_16ns_16_5_full_dsp_1 ===

   Number of wires:                 19
   Number of wire bits:            169
   Number of public wires:          19
   Number of public wire bits:     169
   Number of memories:               0
   Number of memory bits:            0
   Number of processes:              0
   Number of cells:                  6
     $dff_1                          1
     $dff_16                         1
     $dffe_16                        2
     $mux_16                         1
     td_fused_top_ap_hadd_3_full_dsp_16      1

=== $paramod$3c0377098b222d6572752d08e873f7489758dceb\td_fused_top_hsub_16ns_16ns_16_5_full_dsp_1 ===

   Number of wires:                 19
   Number of wire bits:            169
   Number of public wires:          19
   Number of public wire bits:     169
   Number of memories:               0
   Number of memory bits:            0
   Number of processes:              0
   Number of cells:                  6
     $dff_1                          1
     $dff_16                         1
     $dffe_16                        2
     $mux_16                         1
     td_fused_top_ap_hadd_3_full_dsp_16      1

=== $paramod$444f4f35aae1753c454375fdcc6a89a96e0bb6d9\td_fused_top_dataflow_in_loop_TOP_LOOP37832_accum1_out_0 ===

   Number of wires:                 99
   Number of wire bits:            349
   Number of public wires:          54
   Number of public wire bits:     285
   Number of memories:               0
   Number of memory bits:            0
   Number of processes:              0
   Number of cells:                 77
     $add_1                          2
     $add_2                          1
     $and_1                          4
     $eq_2                           1
     $logic_and_1                   10
     $logic_not_1                    5
     $logic_not_2                    1
     $logic_or_1                     1
     $mux_1                         22
     $mux_16                         7
     $mux_2                          2
     $mux_3                          4
     $not_1                          1
     $reduce_bool_2                  3
     $reduce_or_2                    1
     $sdff_1                         2
     $sdffe_1                        5
     $sdffe_16                       1
     $sdffe_2                        1
     $sub_2                          1
     td_fused_top_dataflow_in_loop_TOP_LOOP37832_accum1_out_0_memcore      2

=== $paramod$446b85b08a7a06b40d768e83a34c90ce7206f74e\td_fused_top_hmul_16ns_16ns_16_4_max_dsp_1 ===

   Number of wires:                 19
   Number of wire bits:            169
   Number of public wires:          19
   Number of public wire bits:     169
   Number of memories:               0
   Number of memory bits:            0
   Number of processes:              0
   Number of cells:                  6
     $dff_1                          1
     $dff_16                         1
     $dffe_16                        2
     $mux_16                         1
     td_fused_top_ap_hmul_2_max_dsp_16      1

=== $paramod$8dea2db416463a8f312819906908d61ee1133101\td_fused_top_dataflow_in_loop_TOP_LOOP37832_ifmap_vec ===

   Number of wires:                 99
   Number of wire bits:            389
   Number of public wires:          54
   Number of public wire bits:     325
   Number of memories:               0
   Number of memory bits:            0
   Number of processes:              0
   Number of cells:                 77
     $add_1                          2
     $add_2                          1
     $and_1                          4
     $eq_2                           1
     $logic_and_1                   10
     $logic_not_1                    5
     $logic_not_2                    1
     $logic_or_1                     1
     $mux_1                         22
     $mux_16                         7
     $mux_2                          2
     $mux_8                          4
     $not_1                          1
     $reduce_bool_2                  3
     $reduce_or_2                    1
     $sdff_1                         2
     $sdffe_1                        5
     $sdffe_16                       1
     $sdffe_2                        1
     $sub_2                          1
     td_fused_top_dataflow_in_loop_TOP_LOOP37832_ifmap_vec_memcore      2

=== $paramod$8dea2db416463a8f312819906908d61ee1133101\td_fused_top_dataflow_in_loop_TOP_LOOP37832_products_0 ===

   Number of wires:                101
   Number of wire bits:            405
   Number of public wires:          51
   Number of public wire bits:     321
   Number of memories:               0
   Number of memory bits:            0
   Number of processes:              0
   Number of cells:                 82
     $add_1                          2
     $add_2                          1
     $and_1                          4
     $eq_2                           1
     $logic_and_1                   11
     $logic_not_1                    7
     $logic_not_2                    1
     $logic_or_1                     1
     $mux_1                         20
     $mux_16                         8
     $mux_2                          2
     $mux_8                          4
     $not_1                          1
     $reduce_bool_2                  4
     $reduce_or_2                    1
     $sdff_1                         2
     $sdffe_1                        6
     $sdffe_16                       2
     $sdffe_2                        1
     $sub_2                          1
     td_fused_top_dataflow_in_loop_TOP_LOOP37832_products_0_memcore      2

=== $paramod$8dea2db416463a8f312819906908d61ee1133101\td_fused_top_dataflow_in_loop_TOP_LOOP37832_weight_vecs_0 ===

   Number of wires:                 55
   Number of wire bits:            150
   Number of public wires:          28
   Number of public wire bits:     119
   Number of memories:               0
   Number of memory bits:            0
   Number of processes:              0
   Number of cells:                 36
     $add_1                          2
     $add_2                          1
     $and_1                          4
     $eq_2                           1
     $logic_and_1                    7
     $logic_not_1                    3
     $logic_not_2                    1
     $logic_or_1                     1
     $mux_1                          4
     $mux_2                          2
     $reduce_bool_2                  2
     $reduce_or_2                    1
     $sdffe_1                        4
     $sdffe_2                        1
     $sub_2                          1
     td_fused_top_dataflow_in_loop_TOP_LOOP37832_weight_vecs_0_memcore      1

=== $paramod$e36eaf216809172bdd5f22425c51e5fbd0273c5d\td_fused_top_dataflow_in_loop_TOP_LOOP37832_l2_products ===

   Number of wires:                 55
   Number of wire bits:            134
   Number of public wires:          28
   Number of public wire bits:     103
   Number of memories:               0
   Number of memory bits:            0
   Number of processes:              0
   Number of cells:                 36
     $add_1                          2
     $add_2                          1
     $and_1                          4
     $eq_2                           1
     $logic_and_1                    7
     $logic_not_1                    3
     $logic_not_2                    1
     $logic_or_1                     1
     $mux_1                          4
     $mux_2                          2
     $reduce_bool_2                  2
     $reduce_or_2                    1
     $sdffe_1                        4
     $sdffe_2                        1
     $sub_2                          1
     td_fused_top_dataflow_in_loop_TOP_LOOP37832_l2_products_memcore      1

=== $paramod$e36eaf216809172bdd5f22425c51e5fbd0273c5d\td_fused_top_tdf4_l2_writeOutputs_133_running_sums_1 ===

   Number of wires:                  9
   Number of wire bits:             45
   Number of public wires:           9
   Number of public wire bits:      45
   Number of memories:               0
   Number of memory bits:            0
   Number of processes:              0
   Number of cells:                  1
     td_fused_top_tdf4_l2_writeOutputs_133_running_sums_1_ram      1

=== FPAddSub ===

   Number of wires:                 45
   Number of wire bits:            591
   Number of public wires:          45
   Number of public wire bits:     591
   Number of memories:               0
   Number of memory bits:            0
   Number of processes:              0
   Number of cells:                 19
     $mux_25                         1
     $mux_33                         1
     $mux_36                         1
     $mux_38                         2
     $mux_39                         1
     $mux_40                         1
     $mux_41                         1
     $mux_48                         1
     FPAddSub_AlignModule            1
     FPAddSub_AlignShift1            1
     FPAddSub_AlignShift2            1
     FPAddSub_ExceptionModule        1
     FPAddSub_ExecutionModule        1
     FPAddSub_NormalizeModule        1
     FPAddSub_NormalizeShift1        1
     FPAddSub_NormalizeShift2        1
     FPAddSub_PrealignModule         1
     FPAddSub_RoundModule            1

=== FPAddSub_AlignModule ===

   Number of wires:                  8
   Number of wire bits:             71
   Number of public wires:           8
   Number of public wire bits:      71
   Number of memories:               0
   Number of memory bits:            0
   Number of processes:              0
   Number of cells:                  5
     $lt_15                          1
     $mux_10                         2
     $mux_5                          2

=== FPAddSub_AlignShift1 ===

   Number of wires:                 12
   Number of wire bits:             74
   Number of public wires:           6
   Number of public wire bits:      68
   Number of memories:               0
   Number of memory bits:            0
   Number of processes:              0
   Number of cells:                 18
     $eq_2                           3
     $logic_not_2                    1
     $mux_11                         1
     $pmux_1                        11
     $reduce_or_2                    1
     $reduce_or_3                    1

=== FPAddSub_AlignShift2 ===

   Number of wires:                 11
   Number of wire bits:             63
   Number of public wires:           5
   Number of public wire bits:      57
   Number of memories:               0
   Number of memory bits:            0
   Number of processes:              0
   Number of cells:                 17
     $eq_2                           3
     $logic_not_2                    1
     $pmux_1                        11
     $reduce_or_2                    1
     $reduce_or_3                    1

=== FPAddSub_ExceptionModule ===

   Number of wires:                 23
   Number of wire bits:             61
   Number of public wires:          13
   Number of public wire bits:      51
   Number of memories:               0
   Number of memory bits:            0
   Number of processes:              0
   Number of cells:                 15
     $and_1                          4
     $logic_not_1                    1
     $not_1                          2
     $or_1                           5
     $reduce_and_5                   1
     $reduce_or_3                    1
     $reduce_or_5                    1

=== FPAddSub_ExecutionModule ===

   Number of wires:                 12
   Number of wire bits:             79
   Number of public wires:           9
   Number of public wire bits:      44
   Number of memories:               0
   Number of memory bits:            0
   Number of processes:              0
   Number of cells:                  6
     $add_17                         1
     $mux_1                          1
     $mux_17                         1
     $sub_17                         1
     $xor_1                          2

=== FPAddSub_NormalizeModule ===

   Number of wires:                 16
   Number of wire bits:            116
   Number of public wires:           4
   Number of public wire bits:      56
   Number of memories:               0
   Number of memory bits:            0
   Number of processes:              0
   Number of cells:                 14
     $mux_17                         1
     $mux_5                         13

=== FPAddSub_NormalizeShift1 ===

   Number of wires:                 19
   Number of wire bits:            152
   Number of public wires:           7
   Number of public wire bits:     140
   Number of memories:               0
   Number of memory bits:            0
   Number of processes:              0
   Number of cells:                 20
     $eq_2                           6
     $logic_not_2                    2
     $pmux_1                         2
     $pmux_13                        1
     $pmux_2                         1
     $pmux_4                         3
     $pmux_5                         1
     $reduce_or_2                    4

=== FPAddSub_NormalizeShift2 ===

   Number of wires:                 14
   Number of wire bits:             62
   Number of public wires:          13
   Number of public wire bits:      61
   Number of memories:               0
   Number of memory bits:            0
   Number of processes:              0
   Number of cells:                  6
     $add_6                          1
     $logic_not_1                    1
     $mux_6                          1
     $reduce_or_17                   1
     $reduce_or_4                    1
     $sub_6                          1

=== FPAddSub_PrealignModule ===

   Number of wires:                 30
   Number of wire bits:            295
   Number of public wires:          16
   Number of public wire bits:      95
   Number of memories:               0
   Number of memory bits:            0
   Number of processes:              0
   Number of cells:                 19
     $add_32                         4
     $and_1                          4
     $logic_not_1                    2
     $not_32                         2
     $or_1                           3
     $reduce_and_5                   2
     $reduce_or_10                   2

=== FPAddSub_RoundModule ===

   Number of wires:                 35
   Number of wire bits:            124
   Number of public wires:          19
   Number of public wire bits:      72
   Number of memories:               0
   Number of memory bits:            0
   Number of processes:              0
   Number of cells:                 22
     $add_32                         1
     $add_6                          1
     $and_1                          7
     $mux_1                          2
     $mux_10                         1
     $mux_6                          1
     $not_1                          2
     $or_1                           5
     $xor_1                          2

=== FPMult_16 ===

   Number of wires:                 27
   Number of wire bits:            348
   Number of public wires:          27
   Number of public wire bits:     348
   Number of memories:               0
   Number of memory bits:            0
   Number of processes:              0
   Number of cells:                  9
     $mux_21                         1
     $mux_23                         1
     $mux_32                         1
     $mux_41                         1
     $mux_48                         1
     FPMult_ExecuteModule            1
     FPMult_NormalizeModule          1
     FPMult_PrepModule               1
     FPMult_RoundModule              1

=== FPMult_ExecuteModule ===

   Number of wires:                 15
   Number of wire bits:            103
   Number of public wires:          12
   Number of public wire bits:      95
   Number of memories:               0
   Number of memory bits:            0
   Number of processes:              0
   Number of cells:                  7
     $add_6                          2
     $and_1                          1
     $mux_10                         1
     $or_1                           1
     $reduce_or_10                   1
     $xor_1                          1

=== FPMult_NormalizeModule ===

   Number of wires:                  8
   Number of wire bits:            114
   Number of public wires:           6
   Number of public wire bits:      50
   Number of memories:               0
   Number of memory bits:            0
   Number of processes:              0
   Number of cells:                  2
     $sub_32                         2

=== FPMult_PrepModule ===

   Number of wires:                 23
   Number of wire bits:             86
   Number of public wires:          14
   Number of public wire bits:      77
   Number of memories:               0
   Number of memory bits:            0
   Number of processes:              0
   Number of cells:                 15
     $and_1                          4
     $logic_not_1                    2
     $mul_22                         1
     $or_1                           3
     $reduce_and_5                   2
     $reduce_or_10                   1
     $reduce_or_5                    2

=== FPMult_RoundModule ===

   Number of wires:                 12
   Number of wire bits:             90
   Number of public wires:          12
   Number of public wire bits:      90
   Number of memories:               0
   Number of memory bits:            0
   Number of processes:              0
   Number of cells:                  3
     $mux_11                         2
     $mux_6                          1

=== td_fused_top_Block_entry_proc_proc403 ===

   Number of wires:                 16
   Number of wire bits:             61
   Number of public wires:          14
   Number of public wire bits:      59
   Number of memories:               0
   Number of memory bits:            0
   Number of processes:              0
   Number of cells:                  9
     $mux_1                          3
     $mux_16                         1
     $not_1                          1
     $or_1                           1
     $reduce_or_2                    1
     $sdff_1                         1
     $sdff_16                        1

=== td_fused_top_ap_hadd_3_full_dsp_16 ===

   Number of wires:                 12
   Number of wire bits:            117
   Number of public wires:          12
   Number of public wire bits:     117
   Number of memories:               0
   Number of memory bits:            0
   Number of processes:              0
   Number of cells:                  4
     $dffe_16                        3
     FPAddSub                        1

=== td_fused_top_ap_hmul_2_max_dsp_16 ===

   Number of wires:                 12
   Number of wire bits:            117
   Number of public wires:          12
   Number of public wire bits:     117
   Number of memories:               0
   Number of memory bits:            0
   Number of processes:              0
   Number of cells:                  4
     $dffe_16                        3
     FPMult_16                       1

=== td_fused_top_dataflow_in_loop_TOP_LOOP37832 ===

   Number of wires:                337
   Number of wire bits:           2179
   Number of public wires:         309
   Number of public wire bits:    2151
   Number of memories:               0
   Number of memory bits:            0
   Number of processes:              0
   Number of cells:                 64
     $and_1                         22
     $not_1                         10
     $or_1                           2
     $paramod$444f4f35aae1753c454375fdcc6a89a96e0bb6d9\td_fused_top_dataflow_in_loop_TOP_LOOP37832_accum1_out_0      1
     $paramod$8dea2db416463a8f312819906908d61ee1133101\td_fused_top_dataflow_in_loop_TOP_LOOP37832_ifmap_vec      1
     $paramod$8dea2db416463a8f312819906908d61ee1133101\td_fused_top_dataflow_in_loop_TOP_LOOP37832_products_0      1
     $paramod$8dea2db416463a8f312819906908d61ee1133101\td_fused_top_dataflow_in_loop_TOP_LOOP37832_weight_vecs_0      1
     $paramod$e36eaf216809172bdd5f22425c51e5fbd0273c5d\td_fused_top_dataflow_in_loop_TOP_LOOP37832_l2_products      1
     $reduce_or_2                    1
     $sdff_1                         2
     td_fused_top_Block_entry_proc_proc403      1
     td_fused_top_fifo_w11_d2_S      1
     td_fused_top_fifo_w11_d7_S      1
     td_fused_top_fifo_w12_d8_S_x      1
     td_fused_top_fifo_w16_d2_S_x1      5
     td_fused_top_fifo_w1_d9_S_x      1
     td_fused_top_fifo_w6_d8_S_x      1
     td_fused_top_fifo_w7_d2_S       1
     td_fused_top_start_for_tdf4_readFilters36_U0      1
     td_fused_top_tdf4_accum_1       1
     td_fused_top_tdf4_accum_2       1
     td_fused_top_tdf4_adjust        1
     td_fused_top_tdf4_dot_product      1
     td_fused_top_tdf4_get_next_ijk      1
     td_fused_top_tdf4_l2_multiply34      1
     td_fused_top_tdf4_l2_writeOutputs_133      1
     td_fused_top_tdf4_readFilters36      1
     td_fused_top_tdf4_readInputs37      1

=== td_fused_top_dataflow_in_loop_TOP_LOOP37832_accum1_out_0_memcore ===

   Number of wires:                 11
   Number of wire bits:             60
   Number of public wires:          11
   Number of public wire bits:      60
   Number of memories:               0
   Number of memory bits:            0
   Number of processes:              0
   Number of cells:                  1
     td_fused_top_dataflow_in_loop_TOP_LOOP37832_accum1_out_0_memcore_ram      1

=== td_fused_top_dataflow_in_loop_TOP_LOOP37832_accum1_out_0_memcore_ram ===

   Number of wires:                 23
   Number of wire bits:            215
   Number of public wires:          10
   Number of public wire bits:      59
   Number of memories:               1
   Number of memory bits:          128
   Number of processes:              0
   Number of cells:                 16
     $dffe_16                        1
     $memrd                          1
     $memwr_v2                       2
     $mux_1                          4
     $mux_16                         4
     $mux_3                          4

=== td_fused_top_dataflow_in_loop_TOP_LOOP37832_ifmap_vec_memcore ===

   Number of wires:                 11
   Number of wire bits:             70
   Number of public wires:          11
   Number of public wire bits:      70
   Number of memories:               0
   Number of memory bits:            0
   Number of processes:              0
   Number of cells:                  1
     td_fused_top_dataflow_in_loop_TOP_LOOP37832_ifmap_vec_memcore_ram      1

=== td_fused_top_dataflow_in_loop_TOP_LOOP37832_ifmap_vec_memcore_ram ===

   Number of wires:                 23
   Number of wire bits:            245
   Number of public wires:          10
   Number of public wire bits:      69
   Number of memories:               1
   Number of memory bits:         2304
   Number of processes:              0
   Number of cells:                 16
     $dffe_16                        1
     $memrd                          1
     $memwr_v2                       2
     $mux_1                          4
     $mux_16                         4
     $mux_8                          4

=== td_fused_top_dataflow_in_loop_TOP_LOOP37832_l2_products_memcore ===

   Number of wires:                 12
   Number of wire bits:             80
   Number of public wires:          12
   Number of public wire bits:      80
   Number of memories:               0
   Number of memory bits:            0
   Number of processes:              0
   Number of cells:                  1
     td_fused_top_dataflow_in_loop_TOP_LOOP37832_l2_products_memcore_ram      1

=== td_fused_top_dataflow_in_loop_TOP_LOOP37832_l2_products_memcore_ram ===

   Number of wires:                 25
   Number of wire bits:            259
   Number of public wires:          11
   Number of public wire bits:      79
   Number of memories:               1
   Number of memory bits:          512
   Number of processes:              0
   Number of cells:                 18
     $dffe_16                        2
     $memrd                          2
     $memwr_v2                       2
     $mux_1                          4
     $mux_16                         4
     $mux_5                          4

=== td_fused_top_dataflow_in_loop_TOP_LOOP37832_products_0_memcore ===

   Number of wires:                 10
   Number of wire bits:             69
   Number of public wires:          10
   Number of public wire bits:      69
   Number of memories:               0
   Number of memory bits:            0
   Number of processes:              0
   Number of cells:                  1
     td_fused_top_dataflow_in_loop_TOP_LOOP37832_products_0_memcore_ram      1

=== td_fused_top_dataflow_in_loop_TOP_LOOP37832_products_0_memcore_ram ===

   Number of wires:                 17
   Number of wire bits:            180
   Number of public wires:           9
   Number of public wire bits:      68
   Number of memories:               1
   Number of memory bits:         2304
   Number of processes:              0
   Number of cells:                 11
     $dffe_16                        2
     $memrd                          2
     $memwr_v2                       1
     $mux_1                          2
     $mux_16                         2
     $mux_8                          2

=== td_fused_top_dataflow_in_loop_TOP_LOOP37832_weight_vecs_0_memcore ===

   Number of wires:                 12
   Number of wire bits:             88
   Number of public wires:          12
   Number of public wire bits:      88
   Number of memories:               0
   Number of memory bits:            0
   Number of processes:              0
   Number of cells:                  1
     td_fused_top_dataflow_in_loop_TOP_LOOP37832_weight_vecs_0_memcore_ram      1

=== td_fused_top_dataflow_in_loop_TOP_LOOP37832_weight_vecs_0_memcore_ram ===

   Number of wires:                 25
   Number of wire bits:            283
   Number of public wires:          11
   Number of public wire bits:      87
   Number of memories:               1
   Number of memory bits:         4608
   Number of processes:              0
   Number of cells:                 18
     $dffe_16                        2
     $memrd                          2
     $memwr_v2                       2
     $mux_1                          4
     $mux_16                         4
     $mux_9                          4

=== td_fused_top_fifo_w11_d2_S ===

   Number of wires:                 45
   Number of wire bits:            152
   Number of public wires:          17
   Number of public wire bits:      58
   Number of memories:               0
   Number of memory bits:            0
   Number of processes:              0
   Number of cells:                 34
     $add_2                          1
     $and_1                          4
     $and_32                         2
     $eq_32                          2
     $logic_and_1                    2
     $logic_not_2                    1
     $logic_not_32                   2
     $mux_1                          4
     $mux_2                          2
     $ne_2                           1
     $not_1                          2
     $or_1                           2
     $reduce_and_2                   2
     $reduce_bool_2                  1
     $reduce_or_2                    1
     $sdffe_1                        2
     $sdffe_2                        1
     $sub_2                          1
     td_fused_top_fifo_w11_d2_S_shiftReg      1

=== td_fused_top_fifo_w11_d2_S_shiftReg ===

   Number of wires:                  8
   Number of wire bits:             48
   Number of public wires:           7
   Number of public wire bits:      47
   Number of memories:               0
   Number of memory bits:            0
   Number of processes:              0
   Number of cells:                  4
     $dffe_11                        2
     $not_1                          1
     $pmux_11                        1

=== td_fused_top_fifo_w11_d7_S ===

   Number of wires:                 46
   Number of wire bits:            165
   Number of public wires:          17
   Number of public wire bits:      62
   Number of memories:               0
   Number of memory bits:            0
   Number of processes:              0
   Number of cells:                 35
     $add_4                          1
     $and_1                          4
     $and_32                         2
     $eq_32                          2
     $eq_4                           1
     $logic_and_1                    2
     $logic_not_32                   2
     $logic_not_4                    1
     $mux_1                          3
     $mux_3                          1
     $mux_4                          2
     $ne_2                           1
     $not_1                          2
     $or_1                           2
     $reduce_and_2                   2
     $reduce_bool_2                  1
     $reduce_or_2                    1
     $sdffe_1                        2
     $sdffe_4                        1
     $sub_4                          1
     td_fused_top_fifo_w11_d7_S_shiftReg      1

=== td_fused_top_fifo_w11_d7_S_shiftReg ===

   Number of wires:                 18
   Number of wire bits:            110
   Number of public wires:          12
   Number of public wire bits:     104
   Number of memories:               0
   Number of memory bits:            0
   Number of processes:              0
   Number of cells:                 14
     $dffe_11                        7
     $eq_3                           5
     $logic_not_3                    1
     $pmux_11                        1

=== td_fused_top_fifo_w12_d8_S_x ===

   Number of wires:                 46
   Number of wire bits:            169
   Number of public wires:          17
   Number of public wire bits:      66
   Number of memories:               0
   Number of memory bits:            0
   Number of processes:              0
   Number of cells:                 35
     $add_4                          1
     $and_1                          4
     $and_32                         2
     $eq_32                          2
     $eq_4                           1
     $logic_and_1                    2
     $logic_not_32                   2
     $logic_not_4                    1
     $mux_1                          3
     $mux_3                          1
     $mux_4                          2
     $ne_2                           1
     $not_1                          2
     $or_1                           2
     $reduce_and_2                   2
     $reduce_bool_2                  1
     $reduce_or_2                    1
     $sdffe_1                        2
     $sdffe_4                        1
     $sub_4                          1
     td_fused_top_fifo_w12_d8_S_x_shiftReg      1

=== td_fused_top_fifo_w12_d8_S_x_shiftReg ===

   Number of wires:                 21
   Number of wire bits:            133
   Number of public wires:          13
   Number of public wire bits:     125
   Number of memories:               0
   Number of memory bits:            0
   Number of processes:              0
   Number of cells:                 17
     $dffe_12                        8
     $eq_3                           7
     $logic_not_3                    1
     $pmux_12                        1

=== td_fused_top_fifo_w16_d2_S_x1 ===

   Number of wires:                 45
   Number of wire bits:            172
   Number of public wires:          17
   Number of public wire bits:      78
   Number of memories:               0
   Number of memory bits:            0
   Number of processes:              0
   Number of cells:                 34
     $add_2                          1
     $and_1                          4
     $and_32                         2
     $eq_32                          2
     $logic_and_1                    2
     $logic_not_2                    1
     $logic_not_32                   2
     $mux_1                          4
     $mux_2                          2
     $ne_2                           1
     $not_1                          2
     $or_1                           2
     $reduce_and_2                   2
     $reduce_bool_2                  1
     $reduce_or_2                    1
     $sdffe_1                        2
     $sdffe_2                        1
     $sub_2                          1
     td_fused_top_fifo_w16_d2_S_x1_shiftReg      1

=== td_fused_top_fifo_w16_d2_S_x1_shiftReg ===

   Number of wires:                  8
   Number of wire bits:             68
   Number of public wires:           7
   Number of public wire bits:      67
   Number of memories:               0
   Number of memory bits:            0
   Number of processes:              0
   Number of cells:                  4
     $dffe_16                        2
     $not_1                          1
     $pmux_16                        1

=== td_fused_top_fifo_w1_d9_S_x ===

   Number of wires:                 46
   Number of wire bits:            131
   Number of public wires:          17
   Number of public wire bits:      24
   Number of memories:               0
   Number of memory bits:            0
   Number of processes:              0
   Number of cells:                 35
     $add_5                          1
     $and_1                          4
     $and_32                         2
     $eq_32                          2
     $eq_5                           1
     $logic_and_1                    2
     $logic_not_32                   2
     $logic_not_5                    1
     $mux_1                          3
     $mux_4                          1
     $mux_5                          2
     $ne_2                           1
     $not_1                          2
     $or_1                           2
     $reduce_and_2                   2
     $reduce_bool_2                  1
     $reduce_or_2                    1
     $sdffe_1                        2
     $sdffe_5                        1
     $sub_5                          1
     td_fused_top_fifo_w1_d9_S_x_shiftReg      1

=== td_fused_top_fifo_w1_d9_S_x_shiftReg ===

   Number of wires:                 22
   Number of wire bits:             25
   Number of public wires:          14
   Number of public wire bits:      17
   Number of memories:               0
   Number of memory bits:            0
   Number of processes:              0
   Number of cells:                 18
     $dffe_1                         9
     $eq_4                           7
     $logic_not_4                    1
     $pmux_1                         1

=== td_fused_top_fifo_w6_d8_S_x ===

   Number of wires:                 46
   Number of wire bits:            145
   Number of public wires:          17
   Number of public wire bits:      42
   Number of memories:               0
   Number of memory bits:            0
   Number of processes:              0
   Number of cells:                 35
     $add_4                          1
     $and_1                          4
     $and_32                         2
     $eq_32                          2
     $eq_4                           1
     $logic_and_1                    2
     $logic_not_32                   2
     $logic_not_4                    1
     $mux_1                          3
     $mux_3                          1
     $mux_4                          2
     $ne_2                           1
     $not_1                          2
     $or_1                           2
     $reduce_and_2                   2
     $reduce_bool_2                  1
     $reduce_or_2                    1
     $sdffe_1                        2
     $sdffe_4                        1
     $sub_4                          1
     td_fused_top_fifo_w6_d8_S_x_shiftReg      1

=== td_fused_top_fifo_w6_d8_S_x_shiftReg ===

   Number of wires:                 21
   Number of wire bits:             73
   Number of public wires:          13
   Number of public wire bits:      65
   Number of memories:               0
   Number of memory bits:            0
   Number of processes:              0
   Number of cells:                 17
     $dffe_6                         8
     $eq_3                           7
     $logic_not_3                    1
     $pmux_6                         1

=== td_fused_top_fifo_w7_d2_S ===

   Number of wires:                 45
   Number of wire bits:            136
   Number of public wires:          17
   Number of public wire bits:      42
   Number of memories:               0
   Number of memory bits:            0
   Number of processes:              0
   Number of cells:                 34
     $add_2                          1
     $and_1                          4
     $and_32                         2
     $eq_32                          2
     $logic_and_1                    2
     $logic_not_2                    1
     $logic_not_32                   2
     $mux_1                          4
     $mux_2                          2
     $ne_2                           1
     $not_1                          2
     $or_1                           2
     $reduce_and_2                   2
     $reduce_bool_2                  1
     $reduce_or_2                    1
     $sdffe_1                        2
     $sdffe_2                        1
     $sub_2                          1
     td_fused_top_fifo_w7_d2_S_shiftReg      1

=== td_fused_top_fifo_w7_d2_S_shiftReg ===

   Number of wires:                  8
   Number of wire bits:             32
   Number of public wires:           7
   Number of public wire bits:      31
   Number of memories:               0
   Number of memory bits:            0
   Number of processes:              0
   Number of cells:                  4
     $dffe_7                         2
     $not_1                          1
     $pmux_7                         1

=== td_fused_top_start_for_tdf4_readFilters36_U0 ===

   Number of wires:                 45
   Number of wire bits:            112
   Number of public wires:          17
   Number of public wire bits:      18
   Number of memories:               0
   Number of memory bits:            0
   Number of processes:              0
   Number of cells:                 34
     $add_2                          1
     $and_1                          4
     $and_32                         2
     $eq_32                          2
     $logic_and_1                    2
     $logic_not_2                    1
     $logic_not_32                   2
     $mux_1                          4
     $mux_2                          2
     $ne_2                           1
     $not_1                          2
     $or_1                           2
     $reduce_and_2                   2
     $reduce_bool_2                  1
     $reduce_or_2                    1
     $sdffe_1                        2
     $sdffe_2                        1
     $sub_2                          1
     td_fused_top_start_for_tdf4_readFilters36_U0_shiftReg      1

=== td_fused_top_start_for_tdf4_readFilters36_U0_shiftReg ===

   Number of wires:                  8
   Number of wire bits:              8
   Number of public wires:           7
   Number of public wire bits:       7
   Number of memories:               0
   Number of memory bits:            0
   Number of processes:              0
   Number of cells:                  4
     $dffe_1                         2
     $not_1                          1
     $pmux_1                         1

=== td_fused_top_tdf4_accum_1 ===

   Number of wires:                217
   Number of wire bits:           1829
   Number of public wires:         124
   Number of public wire bits:    1398
   Number of memories:               0
   Number of memory bits:            0
   Number of processes:              0
   Number of cells:                157
     $add_4                          1
     $add_8                          1
     $and_1                         31
     $dffe_1                         3
     $dffe_16                       16
     $dffe_8                         2
     $eq_3                           5
     $eq_8                           8
     $logic_not_3                    1
     $lt_8                           1
     $mux_1                         13
     $mux_16                        24
     $mux_8                         17
     $not_1                          8
     $or_1                           5
     $or_3                           1
     $or_8                           7
     $paramod$3c0377098b222d6572752d08e873f7489758dceb\td_fused_top_hadd_16ns_16ns_16_5_full_dsp_1      2
     $pmux_8                         1
     $reduce_bool_2                  2
     $reduce_or_2                    2
     $sdff_1                         1
     $sdff_8                         1
     $sdffe_1                        3
     $sdffe_4                        1

=== td_fused_top_tdf4_accum_2 ===

   Number of wires:                 44
   Number of wire bits:            217
   Number of public wires:          28
   Number of public wire bits:     189
   Number of memories:               0
   Number of memory bits:            0
   Number of processes:              0
   Number of cells:                 32
     $add_4                          1
     $and_1                          3
     $dffe_4                         1
     $eq_4                           1
     $eq_7                           7
     $mux_1                          5
     $mux_16                         1
     $mux_7                          2
     $not_1                          2
     $or_1                           1
     $paramod$3c0377098b222d6572752d08e873f7489758dceb\td_fused_top_hadd_16ns_16ns_16_5_full_dsp_1      1
     $pmux_7                         1
     $reduce_or_2                    1
     $sdff_1                         1
     $sdff_16                        1
     $sdff_7                         1
     $sdffe_16                       1
     $sdffe_4                        1

=== td_fused_top_tdf4_adjust ===

   Number of wires:                 76
   Number of wire bits:            476
   Number of public wires:          46
   Number of public wire bits:     430
   Number of memories:               0
   Number of memory bits:            0
   Number of processes:              0
   Number of cells:                 47
     $and_1                          2
     $dffe_16                        4
     $eq_17                         17
     $mux_1                          5
     $mux_16                         1
     $mux_17                         1
     $not_1                          4
     $or_1                           6
     $paramod$3c0377098b222d6572752d08e873f7489758dceb\td_fused_top_hadd_16ns_16ns_16_5_full_dsp_1      1
     $paramod$3c0377098b222d6572752d08e873f7489758dceb\td_fused_top_hsub_16ns_16ns_16_5_full_dsp_1      1
     $paramod$446b85b08a7a06b40d768e83a34c90ce7206f74e\td_fused_top_hmul_16ns_16ns_16_4_max_dsp_1      1
     $pmux_17                        1
     $reduce_or_2                    1
     $sdff_1                         1
     $sdff_17                        1

=== td_fused_top_tdf4_dot_product ===

   Number of wires:                176
   Number of wire bits:            659
   Number of public wires:         123
   Number of public wire bits:     563
   Number of memories:               0
   Number of memory bits:            0
   Number of processes:              0
   Number of cells:                136
     $add_2                          2
     $add_4                          3
     $add_5                          1
     $add_7                          1
     $add_8                          2
     $and_1                         18
     $dff_1                          5
     $dff_4                         10
     $dffe_1                         4
     $dffe_16                        3
     $dffe_2                         5
     $dffe_4                         3
     $dffe_5                         2
     $dffe_7                         1
     $dffe_8                         1
     $eq_3                           3
     $eq_5                           1
     $eq_7                           1
     $eq_8                           1
     $mux_1                         12
     $mux_2                          8
     $mux_3                          3
     $mux_4                          3
     $mux_5                          3
     $mux_7                          3
     $mux_8                          2
     $not_1                         12
     $or_1                           3
     $paramod$446b85b08a7a06b40d768e83a34c90ce7206f74e\td_fused_top_hmul_16ns_16ns_16_4_max_dsp_1      1
     $pmux_3                         1
     $reduce_bool_2                  3
     $reduce_or_2                    2
     $sdff_1                         8
     $sdff_3                         1
     $sdffe_1                        1
     $sub_4                          3

=== td_fused_top_tdf4_get_next_ijk ===

   Number of wires:                 79
   Number of wire bits:            275
   Number of public wires:          44
   Number of public wire bits:     210
   Number of memories:               0
   Number of memory bits:            0
   Number of processes:              0
   Number of cells:                 56
     $add_16                         3
     $and_1                          8
     $dffe_16                        2
     $eq_16                          4
     $mux_1                         13
     $mux_16                         4
     $not_1                         10
     $or_1                           7
     $reduce_bool_2                  1
     $reduce_or_2                    1
     $sdff_1                         1
     $sdffce_16                      1
     $sdffe_1                        1

=== td_fused_top_tdf4_l2_multiply34 ===

   Number of wires:                108
   Number of wire bits:            404
   Number of public wires:          70
   Number of public wire bits:     360
   Number of memories:               0
   Number of memory bits:            0
   Number of processes:              0
   Number of cells:                 79
     $add_11                         1
     $add_5                          1
     $and_1                         13
     $dff_1                          5
     $dff_4                          5
     $dffe_1                         2
     $dffe_11                        1
     $dffe_16                        1
     $dffe_4                         2
     $eq_3                           3
     $eq_5                           1
     $mux_1                         10
     $mux_3                          3
     $not_1                         10
     $or_1                           6
     $paramod$446b85b08a7a06b40d768e83a34c90ce7206f74e\td_fused_top_hmul_16ns_16ns_16_4_max_dsp_1      1
     $pmux_3                         1
     $reduce_or_2                    2
     $sdff_1                         8
     $sdff_3                         1
     $sdffe_1                        1
     $sdffe_5                        1

=== td_fused_top_tdf4_l2_writeOutputs_133 ===

   Number of wires:                283
   Number of wire bits:           1771
   Number of public wires:         233
   Number of public wire bits:    1707
   Number of memories:               0
   Number of memory bits:            0
   Number of processes:              0
   Number of cells:                213
     $add_14                         1
     $add_5                          1
     $and_1                         15
     $dff_1                         19
     $dff_16                        18
     $dff_2                         38
     $dff_4                          5
     $dff_5                          2
     $dffe_1                         3
     $dffe_14                        1
     $dffe_16                        6
     $dffe_2                         4
     $dffe_4                         2
     $dffe_5                         3
     $eq_2                           3
     $eq_3                           3
     $eq_5                           1
     $logic_not_2                    1
     $mux_1                         16
     $mux_16                        11
     $mux_3                          3
     $mux_5                          2
     $not_1                         11
     $or_1                           9
     $paramod$3c0377098b222d6572752d08e873f7489758dceb\td_fused_top_hadd_16ns_16ns_16_5_full_dsp_1      2
     $paramod$3c0377098b222d6572752d08e873f7489758dceb\td_fused_top_hsub_16ns_16ns_16_5_full_dsp_1      1
     $paramod$446b85b08a7a06b40d768e83a34c90ce7206f74e\td_fused_top_hmul_16ns_16ns_16_4_max_dsp_1      1
     $paramod$e36eaf216809172bdd5f22425c51e5fbd0273c5d\td_fused_top_tdf4_l2_writeOutputs_133_running_sums_1      1
     $pmux_3                         1
     $reduce_bool_2                  1
     $reduce_or_2                    2
     $sdff_1                        23
     $sdff_3                         1
     $sdffe_1                        1
     $sub_13                         1

=== td_fused_top_tdf4_l2_writeOutputs_133_running_sums_1_ram ===

   Number of wires:                 15
   Number of wire bits:            132
   Number of public wires:           8
   Number of public wire bits:      44
   Number of memories:               1
   Number of memory bits:          256
   Number of processes:              0
   Number of cells:                  9
     $dffe_16                        1
     $memrd                          1
     $memwr_v2                       1
     $mux_1                          2
     $mux_16                         2
     $mux_4                          2

=== td_fused_top_tdf4_readFilters36 ===

   Number of wires:                155
   Number of wire bits:            654
   Number of public wires:          97
   Number of public wire bits:     553
   Number of memories:               0
   Number of memory bits:            0
   Number of processes:              0
   Number of cells:                118
     $add_11                         2
     $add_15                         1
     $add_2                          2
     $add_4                          1
     $add_5                          1
     $add_7                          1
     $add_8                          2
     $and_1                         18
     $dff_1                          2
     $dff_8                          2
     $dffe_1                         3
     $dffe_10                        1
     $dffe_2                         4
     $dffe_5                         1
     $dffe_7                         1
     $dffe_8                         2
     $eq_3                           3
     $eq_5                           1
     $eq_7                           1
     $eq_8                           1
     $mux_1                         13
     $mux_2                          8
     $mux_3                          3
     $mux_5                          3
     $mux_7                          3
     $mux_8                          2
     $not_1                         13
     $or_1                           7
     $pmux_3                         1
     $reduce_bool_2                  3
     $reduce_or_2                    2
     $sdff_1                         5
     $sdff_3                         1
     $sdffe_1                        1
     $sub_10                         1
     $sub_11                         1
     $sub_4                          1

=== td_fused_top_tdf4_readInputs37 ===

   Number of wires:                302
   Number of wire bits:           1924
   Number of public wires:         217
   Number of public wire bits:    1714
   Number of memories:               0
   Number of memory bits:            0
   Number of processes:              0
   Number of cells:                215
     $add_12                         3
     $add_14                         1
     $add_17                         2
     $add_18                         4
     $add_2                          2
     $add_3                          2
     $add_5                          2
     $add_6                          5
     $add_8                          1
     $and_1                         22
     $dffe_1                        10
     $dffe_12                        2
     $dffe_16                        2
     $dffe_17                        2
     $dffe_2                         8
     $dffe_4                         1
     $dffe_5                         4
     $dffe_6                         7
     $dffe_8                         1
     $eq_5                           7
     $eq_6                           1
     $gt_17                          1
     $gt_18                          4
     $mux_1                         22
     $mux_12                         5
     $mux_16                         8
     $mux_2                          8
     $mux_5                          9
     $mux_6                          9
     $mux_8                          6
     $not_1                         15
     $or_1                          18
     $or_4                           3
     $pmux_5                         1
     $reduce_bool_2                  3
     $reduce_or_2                    2
     $sdff_1                         1
     $sdff_5                         1
     $sdffce_1                       1
     $sdffce_16                      2
     $sdffce_2                       1
     $sdffce_5                       1
     $sdffe_1                        3
     $sub_13                         1
     $sub_5                          1

=== design hierarchy ===

   td_fused_top_dataflow_in_loop_TOP_LOOP37832      1
     $paramod$444f4f35aae1753c454375fdcc6a89a96e0bb6d9\td_fused_top_dataflow_in_loop_TOP_LOOP37832_accum1_out_0      1
       td_fused_top_dataflow_in_loop_TOP_LOOP37832_accum1_out_0_memcore      2
         td_fused_top_dataflow_in_loop_TOP_LOOP37832_accum1_out_0_memcore_ram      1
     $paramod$8dea2db416463a8f312819906908d61ee1133101\td_fused_top_dataflow_in_loop_TOP_LOOP37832_ifmap_vec      1
       td_fused_top_dataflow_in_loop_TOP_LOOP37832_ifmap_vec_memcore      2
         td_fused_top_dataflow_in_loop_TOP_LOOP37832_ifmap_vec_memcore_ram      1
     $paramod$8dea2db416463a8f312819906908d61ee1133101\td_fused_top_dataflow_in_loop_TOP_LOOP37832_products_0      1
       td_fused_top_dataflow_in_loop_TOP_LOOP37832_products_0_memcore      2
         td_fused_top_dataflow_in_loop_TOP_LOOP37832_products_0_memcore_ram      1
     $paramod$8dea2db416463a8f312819906908d61ee1133101\td_fused_top_dataflow_in_loop_TOP_LOOP37832_weight_vecs_0      1
       td_fused_top_dataflow_in_loop_TOP_LOOP37832_weight_vecs_0_memcore      1
         td_fused_top_dataflow_in_loop_TOP_LOOP37832_weight_vecs_0_memcore_ram      1
     $paramod$e36eaf216809172bdd5f22425c51e5fbd0273c5d\td_fused_top_dataflow_in_loop_TOP_LOOP37832_l2_products      1
       td_fused_top_dataflow_in_loop_TOP_LOOP37832_l2_products_memcore      1
         td_fused_top_dataflow_in_loop_TOP_LOOP37832_l2_products_memcore_ram      1
     td_fused_top_Block_entry_proc_proc403      1
     td_fused_top_fifo_w11_d2_S      1
       td_fused_top_fifo_w11_d2_S_shiftReg      1
     td_fused_top_fifo_w11_d7_S      1
       td_fused_top_fifo_w11_d7_S_shiftReg      1
     td_fused_top_fifo_w12_d8_S_x      1
       td_fused_top_fifo_w12_d8_S_x_shiftReg      1
     td_fused_top_fifo_w16_d2_S_x1      5
       td_fused_top_fifo_w16_d2_S_x1_shiftReg      1
     td_fused_top_fifo_w1_d9_S_x      1
       td_fused_top_fifo_w1_d9_S_x_shiftReg      1
     td_fused_top_fifo_w6_d8_S_x      1
       td_fused_top_fifo_w6_d8_S_x_shiftReg      1
     td_fused_top_fifo_w7_d2_S       1
       td_fused_top_fifo_w7_d2_S_shiftReg      1
     td_fused_top_start_for_tdf4_readFilters36_U0      1
       td_fused_top_start_for_tdf4_readFilters36_U0_shiftReg      1
     td_fused_top_tdf4_accum_1       1
       $paramod$3c0377098b222d6572752d08e873f7489758dceb\td_fused_top_hadd_16ns_16ns_16_5_full_dsp_1      2
         td_fused_top_ap_hadd_3_full_dsp_16      1
           FPAddSub                  1
             FPAddSub_AlignModule      1
             FPAddSub_AlignShift1      1
             FPAddSub_AlignShift2      1
             FPAddSub_ExceptionModule      1
             FPAddSub_ExecutionModule      1
             FPAddSub_NormalizeModule      1
             FPAddSub_NormalizeShift1      1
             FPAddSub_NormalizeShift2      1
             FPAddSub_PrealignModule      1
             FPAddSub_RoundModule      1
     td_fused_top_tdf4_accum_2       1
       $paramod$3c0377098b222d6572752d08e873f7489758dceb\td_fused_top_hadd_16ns_16ns_16_5_full_dsp_1      1
         td_fused_top_ap_hadd_3_full_dsp_16      1
           FPAddSub                  1
             FPAddSub_AlignModule      1
             FPAddSub_AlignShift1      1
             FPAddSub_AlignShift2      1
             FPAddSub_ExceptionModule      1
             FPAddSub_ExecutionModule      1
             FPAddSub_NormalizeModule      1
             FPAddSub_NormalizeShift1      1
             FPAddSub_NormalizeShift2      1
             FPAddSub_PrealignModule      1
             FPAddSub_RoundModule      1
     td_fused_top_tdf4_adjust        1
       $paramod$3c0377098b222d6572752d08e873f7489758dceb\td_fused_top_hadd_16ns_16ns_16_5_full_dsp_1      1
         td_fused_top_ap_hadd_3_full_dsp_16      1
           FPAddSub                  1
             FPAddSub_AlignModule      1
             FPAddSub_AlignShift1      1
             FPAddSub_AlignShift2      1
             FPAddSub_ExceptionModule      1
             FPAddSub_ExecutionModule      1
             FPAddSub_NormalizeModule      1
             FPAddSub_NormalizeShift1      1
             FPAddSub_NormalizeShift2      1
             FPAddSub_PrealignModule      1
             FPAddSub_RoundModule      1
       $paramod$3c0377098b222d6572752d08e873f7489758dceb\td_fused_top_hsub_16ns_16ns_16_5_full_dsp_1      1
         td_fused_top_ap_hadd_3_full_dsp_16      1
           FPAddSub                  1
             FPAddSub_AlignModule      1
             FPAddSub_AlignShift1      1
             FPAddSub_AlignShift2      1
             FPAddSub_ExceptionModule      1
             FPAddSub_ExecutionModule      1
             FPAddSub_NormalizeModule      1
             FPAddSub_NormalizeShift1      1
             FPAddSub_NormalizeShift2      1
             FPAddSub_PrealignModule      1
             FPAddSub_RoundModule      1
       $paramod$446b85b08a7a06b40d768e83a34c90ce7206f74e\td_fused_top_hmul_16ns_16ns_16_4_max_dsp_1      1
         td_fused_top_ap_hmul_2_max_dsp_16      1
           FPMult_16                 1
             FPMult_ExecuteModule      1
             FPMult_NormalizeModule      1
             FPMult_PrepModule       1
             FPMult_RoundModule      1
     td_fused_top_tdf4_dot_product      1
       $paramod$446b85b08a7a06b40d768e83a34c90ce7206f74e\td_fused_top_hmul_16ns_16ns_16_4_max_dsp_1      1
         td_fused_top_ap_hmul_2_max_dsp_16      1
           FPMult_16                 1
             FPMult_ExecuteModule      1
             FPMult_NormalizeModule      1
             FPMult_PrepModule       1
             FPMult_RoundModule      1
     td_fused_top_tdf4_get_next_ijk      1
     td_fused_top_tdf4_l2_multiply34      1
       $paramod$446b85b08a7a06b40d768e83a34c90ce7206f74e\td_fused_top_hmul_16ns_16ns_16_4_max_dsp_1      1
         td_fused_top_ap_hmul_2_max_dsp_16      1
           FPMult_16                 1
             FPMult_ExecuteModule      1
             FPMult_NormalizeModule      1
             FPMult_PrepModule       1
             FPMult_RoundModule      1
     td_fused_top_tdf4_l2_writeOutputs_133      1
       $paramod$3c0377098b222d6572752d08e873f7489758dceb\td_fused_top_hadd_16ns_16ns_16_5_full_dsp_1      2
         td_fused_top_ap_hadd_3_full_dsp_16      1
           FPAddSub                  1
             FPAddSub_AlignModule      1
             FPAddSub_AlignShift1      1
             FPAddSub_AlignShift2      1
             FPAddSub_ExceptionModule      1
             FPAddSub_ExecutionModule      1
             FPAddSub_NormalizeModule      1
             FPAddSub_NormalizeShift1      1
             FPAddSub_NormalizeShift2      1
             FPAddSub_PrealignModule      1
             FPAddSub_RoundModule      1
       $paramod$3c0377098b222d6572752d08e873f7489758dceb\td_fused_top_hsub_16ns_16ns_16_5_full_dsp_1      1
         td_fused_top_ap_hadd_3_full_dsp_16      1
           FPAddSub                  1
             FPAddSub_AlignModule      1
             FPAddSub_AlignShift1      1
             FPAddSub_AlignShift2      1
             FPAddSub_ExceptionModule      1
             FPAddSub_ExecutionModule      1
             FPAddSub_NormalizeModule      1
             FPAddSub_NormalizeShift1      1
             FPAddSub_NormalizeShift2      1
             FPAddSub_PrealignModule      1
             FPAddSub_RoundModule      1
       $paramod$446b85b08a7a06b40d768e83a34c90ce7206f74e\td_fused_top_hmul_16ns_16ns_16_4_max_dsp_1      1
         td_fused_top_ap_hmul_2_max_dsp_16      1
           FPMult_16                 1
             FPMult_ExecuteModule      1
             FPMult_NormalizeModule      1
             FPMult_PrepModule       1
             FPMult_RoundModule      1
       $paramod$e36eaf216809172bdd5f22425c51e5fbd0273c5d\td_fused_top_tdf4_l2_writeOutputs_133_running_sums_1      1
         td_fused_top_tdf4_l2_writeOutputs_133_running_sums_1_ram      1
     td_fused_top_tdf4_readFilters36      1
     td_fused_top_tdf4_readInputs37      1

   Number of wires:               5692
   Number of wire bits:          36980
   Number of public wires:        3833
   Number of public wire bits:   29653
   Number of memories:               9
   Number of memory bits:        14848
   Number of processes:              0
   Number of cells:               3447
     $add_1                         10
     $add_11                         3
     $add_12                         3
     $add_14                         2
     $add_15                         1
     $add_16                         3
     $add_17                        10
     $add_18                         4
     $add_2                         19
     $add_3                          2
     $add_32                        40
     $add_4                          9
     $add_5                          7
     $add_6                         29
     $add_7                          2
     $add_8                          6
     $and_1                        360
     $and_32                        24
     $dff_1                         43
     $dff_16                        30
     $dff_2                         38
     $dff_4                         20
     $dff_5                          2
     $dff_8                          2
     $dffe_1                        36
     $dffe_10                        1
     $dffe_11                       10
     $dffe_12                       10
     $dffe_14                        1
     $dffe_16                      117
     $dffe_17                        2
     $dffe_2                        21
     $dffe_4                         9
     $dffe_5                        10
     $dffe_6                        15
     $dffe_7                         4
     $dffe_8                         6
     $eq_16                          4
     $eq_17                         17
     $eq_2                         104
     $eq_3                          36
     $eq_32                         24
     $eq_4                          11
     $eq_5                          12
     $eq_6                           1
     $eq_7                           9
     $eq_8                          10
     $gt_17                          1
     $gt_18                          4
     $logic_and_1                   69
     $logic_not_1                   63
     $logic_not_2                   46
     $logic_not_3                    4
     $logic_not_32                  24
     $logic_not_4                    4
     $logic_not_5                    1
     $logic_or_1                     5
     $lt_15                          8
     $lt_8                           1
     $memrd                         13
     $memwr_v2                      15
     $mul_22                         4
     $mux_1                        282
     $mux_10                        28
     $mux_11                        16
     $mux_12                         5
     $mux_16                       114
     $mux_17                        17
     $mux_2                         50
     $mux_21                         4
     $mux_23                         4
     $mux_25                         8
     $mux_3                         27
     $mux_32                         4
     $mux_33                         8
     $mux_36                         8
     $mux_38                        16
     $mux_39                         8
     $mux_4                         12
     $mux_40                         8
     $mux_41                        12
     $mux_48                        12
     $mux_5                        143
     $mux_6                         29
     $mux_7                          8
     $mux_8                         47
     $mux_9                          4
     $ne_2                          12
     $not_1                        163
     $not_32                        16
     $or_1                         209
     $or_3                           1
     $or_4                           3
     $or_8                           7
     $pmux_1                       194
     $pmux_11                        2
     $pmux_12                        1
     $pmux_13                        8
     $pmux_16                        5
     $pmux_17                        1
     $pmux_2                         8
     $pmux_3                         4
     $pmux_4                        24
     $pmux_5                         9
     $pmux_6                         1
     $pmux_7                         2
     $pmux_8                         1
     $reduce_and_2                  24
     $reduce_and_5                  32
     $reduce_bool_2                 39
     $reduce_or_10                  24
     $reduce_or_17                   8
     $reduce_or_2                   82
     $reduce_or_3                   24
     $reduce_or_4                    8
     $reduce_or_5                   16
     $sdff_1                        58
     $sdff_16                        2
     $sdff_17                        1
     $sdff_3                         4
     $sdff_5                         1
     $sdff_7                         1
     $sdff_8                         1
     $sdffce_1                       1
     $sdffce_16                      3
     $sdffce_2                       1
     $sdffce_5                       1
     $sdffe_1                       59
     $sdffe_16                       5
     $sdffe_2                       13
     $sdffe_4                        5
     $sdffe_5                        2
     $sub_10                         1
     $sub_11                         1
     $sub_13                         2
     $sub_17                         8
     $sub_2                         13
     $sub_32                         8
     $sub_4                          7
     $sub_5                          2
     $sub_6                          8
     $xor_1                         36

