
5. Printing statistics.

=== td_fused_top_tdf10_readInputs69 ===

   Number of wires:                301
   Number of wire bits:           1874
   Number of public wires:         216
   Number of public wire bits:    1646
   Number of memories:               0
   Number of memory bits:            0
   Number of processes:              0
   Number of cells:                214
     $add_10                         2
     $add_17                         2
     $add_18                         4
     $add_2                          2
     $add_3                          2
     $add_4                          3
     $add_6                          1
     $add_7                          2
     $add_8                          4
     $and_1                         22
     $dffe_1                        10
     $dffe_10                        1
     $dffe_16                        2
     $dffe_17                        2
     $dffe_2                         7
     $dffe_4                         4
     $dffe_6                         2
     $dffe_7                         4
     $dffe_8                         4
     $eq_5                           5
     $eq_7                           2
     $eq_8                           1
     $gt_17                          1
     $gt_18                          4
     $mux_1                         22
     $mux_10                         6
     $mux_16                         8
     $mux_2                          8
     $mux_4                          6
     $mux_5                          3
     $mux_7                          6
     $mux_8                          8
     $not_1                         15
     $or_1                          18
     $or_6                           3
     $pmux_5                         1
     $reduce_bool_2                  3
     $reduce_or_2                    2
     $sdff_1                         1
     $sdff_5                         1
     $sdffce_1                       1
     $sdffce_16                      2
     $sdffce_2                       1
     $sdffce_7                       1
     $sdffe_1                        3
     $sub_5                          1
     $sub_9                          1

