
5. Printing statistics.

=== td_fused_top_tdf11_readFilters74 ===

   Number of wires:                198
   Number of wire bits:           1511
   Number of public wires:         129
   Number of public wire bits:    1350
   Number of memories:               0
   Number of memory bits:            0
   Number of processes:              0
   Number of cells:                141
     $add_10                         1
     $add_13                         1
     $add_2                          2
     $add_6                          1
     $add_60                         1
     $add_7                          2
     $add_8                          1
     $and_1                         25
     $dffe_1                         3
     $dffe_10                        1
     $dffe_12                        1
     $dffe_16                        2
     $dffe_2                         4
     $dffe_4                         1
     $dffe_6                         2
     $dffe_7                         4
     $dffe_8                         2
     $eq_4                           4
     $eq_7                           2
     $eq_8                           1
     $mux_1                         13
     $mux_10                         4
     $mux_16                         4
     $mux_2                          8
     $mux_4                          3
     $mux_7                          6
     $mux_8                          3
     $not_1                         10
     $or_1                          10
     $or_6                           3
     $pmux_4                         1
     $reduce_bool_2                  2
     $reduce_or_2                    2
     $sdff_1                         1
     $sdff_4                         1
     $sdffce_1                       1
     $sdffce_2                       1
     $sdffce_7                       1
     $sdffe_1                        3
     $sub_12                         1
     $sub_5                          1
     $sub_60                         1

