
5. Printing statistics.

=== td_fused_top_fifo_w10_d8_S_x ===

   Number of wires:                 46
   Number of wire bits:            161
   Number of public wires:          17
   Number of public wire bits:      58
   Number of memories:               0
   Number of memory bits:            0
   Number of processes:              0
   Number of cells:                 35
     $add_4                          1
     $and_1                          4
     $and_32                         2
     $eq_32                          2
     $eq_4                           1
     $logic_and_1                    2
     $logic_not_32                   2
     $logic_not_4                    1
     $mux_1                          3
     $mux_3                          1
     $mux_4                          2
     $ne_2                           1
     $not_1                          2
     $or_1                           2
     $reduce_and_2                   2
     $reduce_bool_2                  1
     $reduce_or_2                    1
     $sdffe_1                        2
     $sdffe_4                        1
     $sub_4                          1
     td_fused_top_fifo_w10_d8_S_x_shiftReg      1

=== td_fused_top_fifo_w10_d8_S_x_shiftReg ===

   Number of wires:                 21
   Number of wire bits:            113
   Number of public wires:          13
   Number of public wire bits:     105
   Number of memories:               0
   Number of memory bits:            0
   Number of processes:              0
   Number of cells:                 17
     $dffe_10                        8
     $eq_3                           7
     $logic_not_3                    1
     $pmux_10                        1

=== design hierarchy ===

   td_fused_top_fifo_w10_d8_S_x      1
     td_fused_top_fifo_w10_d8_S_x_shiftReg      1

   Number of wires:                 67
   Number of wire bits:            274
   Number of public wires:          30
   Number of public wire bits:     163
   Number of memories:               0
   Number of memory bits:            0
   Number of processes:              0
   Number of cells:                 51
     $add_4                          1
     $and_1                          4
     $and_32                         2
     $dffe_10                        8
     $eq_3                           7
     $eq_32                          2
     $eq_4                           1
     $logic_and_1                    2
     $logic_not_3                    1
     $logic_not_32                   2
     $logic_not_4                    1
     $mux_1                          3
     $mux_3                          1
     $mux_4                          2
     $ne_2                           1
     $not_1                          2
     $or_1                           2
     $pmux_10                        1
     $reduce_and_2                   2
     $reduce_bool_2                  1
     $reduce_or_2                    1
     $sdffe_1                        2
     $sdffe_4                        1
     $sub_4                          1

