
5. Printing statistics.

=== $paramod$3b90db44ede48c84c30ac3eddab4e06a4b09f2bf\td_fused_top_dataflow_in_loop_TOP_LOOP38270_ifmap_vec ===

   Number of wires:                 99
   Number of wire bits:            405
   Number of public wires:          54
   Number of public wire bits:     341
   Number of memories:               0
   Number of memory bits:            0
   Number of processes:              0
   Number of cells:                 77
     $add_1                          2
     $add_2                          1
     $and_1                          4
     $eq_2                           1
     $logic_and_1                   10
     $logic_not_1                    5
     $logic_not_2                    1
     $logic_or_1                     1
     $mux_1                         22
     $mux_10                         4
     $mux_16                         7
     $mux_2                          2
     $not_1                          1
     $reduce_bool_2                  3
     $reduce_or_2                    1
     $sdff_1                         2
     $sdffe_1                        5
     $sdffe_16                       1
     $sdffe_2                        1
     $sub_2                          1
     td_fused_top_dataflow_in_loop_TOP_LOOP38270_ifmap_vec_memcore      2

=== $paramod$3b90db44ede48c84c30ac3eddab4e06a4b09f2bf\td_fused_top_dataflow_in_loop_TOP_LOOP38270_products_0 ===

   Number of wires:                101
   Number of wire bits:            421
   Number of public wires:          51
   Number of public wire bits:     337
   Number of memories:               0
   Number of memory bits:            0
   Number of processes:              0
   Number of cells:                 82
     $add_1                          2
     $add_2                          1
     $and_1                          4
     $eq_2                           1
     $logic_and_1                   11
     $logic_not_1                    7
     $logic_not_2                    1
     $logic_or_1                     1
     $mux_1                         20
     $mux_10                         4
     $mux_16                         8
     $mux_2                          2
     $not_1                          1
     $reduce_bool_2                  4
     $reduce_or_2                    1
     $sdff_1                         2
     $sdffe_1                        6
     $sdffe_16                       2
     $sdffe_2                        1
     $sub_2                          1
     td_fused_top_dataflow_in_loop_TOP_LOOP38270_products_0_memcore      2

=== $paramod$3c0377098b222d6572752d08e873f7489758dceb\td_fused_top_hadd_16ns_16ns_16_5_full_dsp_1 ===

   Number of wires:                 19
   Number of wire bits:            169
   Number of public wires:          19
   Number of public wire bits:     169
   Number of memories:               0
   Number of memory bits:            0
   Number of processes:              0
   Number of cells:                  6
     $dff_1                          1
     $dff_16                         1
     $dffe_16                        2
     $mux_16                         1
     td_fused_top_ap_hadd_3_full_dsp_16      1

=== $paramod$3c0377098b222d6572752d08e873f7489758dceb\td_fused_top_hsub_16ns_16ns_16_5_full_dsp_1 ===

   Number of wires:                 19
   Number of wire bits:            169
   Number of public wires:          19
   Number of public wire bits:     169
   Number of memories:               0
   Number of memory bits:            0
   Number of processes:              0
   Number of cells:                  6
     $dff_1                          1
     $dff_16                         1
     $dffe_16                        2
     $mux_16                         1
     td_fused_top_ap_hadd_3_full_dsp_16      1

=== $paramod$444f4f35aae1753c454375fdcc6a89a96e0bb6d9\td_fused_top_dataflow_in_loop_TOP_LOOP38270_accum1_out_0 ===

   Number of wires:                 99
   Number of wire bits:            349
   Number of public wires:          54
   Number of public wire bits:     285
   Number of memories:               0
   Number of memory bits:            0
   Number of processes:              0
   Number of cells:                 77
     $add_1                          2
     $add_2                          1
     $and_1                          4
     $eq_2                           1
     $logic_and_1                   10
     $logic_not_1                    5
     $logic_not_2                    1
     $logic_or_1                     1
     $mux_1                         22
     $mux_16                         7
     $mux_2                          2
     $mux_3                          4
     $not_1                          1
     $reduce_bool_2                  3
     $reduce_or_2                    1
     $sdff_1                         2
     $sdffe_1                        5
     $sdffe_16                       1
     $sdffe_2                        1
     $sub_2                          1
     td_fused_top_dataflow_in_loop_TOP_LOOP38270_accum1_out_0_memcore      2

=== $paramod$446b85b08a7a06b40d768e83a34c90ce7206f74e\td_fused_top_hmul_16ns_16ns_16_4_max_dsp_1 ===

   Number of wires:                 19
   Number of wire bits:            169
   Number of public wires:          19
   Number of public wire bits:     169
   Number of memories:               0
   Number of memory bits:            0
   Number of processes:              0
   Number of cells:                  6
     $dff_1                          1
     $dff_16                         1
     $dffe_16                        2
     $mux_16                         1
     td_fused_top_ap_hmul_2_max_dsp_16      1

=== $paramod$68fdee95fd7d91e09535cc4b3d209e7dbf47473a\td_fused_top_dataflow_in_loop_TOP_LOOP38270_l2_products ===

   Number of wires:                 55
   Number of wire bits:            146
   Number of public wires:          28
   Number of public wire bits:     115
   Number of memories:               0
   Number of memory bits:            0
   Number of processes:              0
   Number of cells:                 36
     $add_1                          2
     $add_2                          1
     $and_1                          4
     $eq_2                           1
     $logic_and_1                    7
     $logic_not_1                    3
     $logic_not_2                    1
     $logic_or_1                     1
     $mux_1                          4
     $mux_2                          2
     $reduce_bool_2                  2
     $reduce_or_2                    1
     $sdffe_1                        4
     $sdffe_2                        1
     $sub_2                          1
     td_fused_top_dataflow_in_loop_TOP_LOOP38270_l2_products_memcore      1

=== $paramod$68fdee95fd7d91e09535cc4b3d209e7dbf47473a\td_fused_top_tdf11_l2_writeOutputs_171_running_sums_2 ===

   Number of wires:                  9
   Number of wire bits:             51
   Number of public wires:           9
   Number of public wire bits:      51
   Number of memories:               0
   Number of memory bits:            0
   Number of processes:              0
   Number of cells:                  1
     td_fused_top_tdf11_l2_writeOutputs_171_running_sums_2_ram      1

=== FPAddSub ===

   Number of wires:                 45
   Number of wire bits:            591
   Number of public wires:          45
   Number of public wire bits:     591
   Number of memories:               0
   Number of memory bits:            0
   Number of processes:              0
   Number of cells:                 19
     $mux_25                         1
     $mux_33                         1
     $mux_36                         1
     $mux_38                         2
     $mux_39                         1
     $mux_40                         1
     $mux_41                         1
     $mux_48                         1
     FPAddSub_AlignModule            1
     FPAddSub_AlignShift1            1
     FPAddSub_AlignShift2            1
     FPAddSub_ExceptionModule        1
     FPAddSub_ExecutionModule        1
     FPAddSub_NormalizeModule        1
     FPAddSub_NormalizeShift1        1
     FPAddSub_NormalizeShift2        1
     FPAddSub_PrealignModule         1
     FPAddSub_RoundModule            1

=== FPAddSub_AlignModule ===

   Number of wires:                  8
   Number of wire bits:             71
   Number of public wires:           8
   Number of public wire bits:      71
   Number of memories:               0
   Number of memory bits:            0
   Number of processes:              0
   Number of cells:                  5
     $lt_15                          1
     $mux_10                         2
     $mux_5                          2

=== FPAddSub_AlignShift1 ===

   Number of wires:                 12
   Number of wire bits:             74
   Number of public wires:           6
   Number of public wire bits:      68
   Number of memories:               0
   Number of memory bits:            0
   Number of processes:              0
   Number of cells:                 18
     $eq_2                           3
     $logic_not_2                    1
     $mux_11                         1
     $pmux_1                        11
     $reduce_or_2                    1
     $reduce_or_3                    1

=== FPAddSub_AlignShift2 ===

   Number of wires:                 11
   Number of wire bits:             63
   Number of public wires:           5
   Number of public wire bits:      57
   Number of memories:               0
   Number of memory bits:            0
   Number of processes:              0
   Number of cells:                 17
     $eq_2                           3
     $logic_not_2                    1
     $pmux_1                        11
     $reduce_or_2                    1
     $reduce_or_3                    1

=== FPAddSub_ExceptionModule ===

   Number of wires:                 23
   Number of wire bits:             61
   Number of public wires:          13
   Number of public wire bits:      51
   Number of memories:               0
   Number of memory bits:            0
   Number of processes:              0
   Number of cells:                 15
     $and_1                          4
     $logic_not_1                    1
     $not_1                          2
     $or_1                           5
     $reduce_and_5                   1
     $reduce_or_3                    1
     $reduce_or_5                    1

=== FPAddSub_ExecutionModule ===

   Number of wires:                 12
   Number of wire bits:             79
   Number of public wires:           9
   Number of public wire bits:      44
   Number of memories:               0
   Number of memory bits:            0
   Number of processes:              0
   Number of cells:                  6
     $add_17                         1
     $mux_1                          1
     $mux_17                         1
     $sub_17                         1
     $xor_1                          2

=== FPAddSub_NormalizeModule ===

   Number of wires:                 16
   Number of wire bits:            116
   Number of public wires:           4
   Number of public wire bits:      56
   Number of memories:               0
   Number of memory bits:            0
   Number of processes:              0
   Number of cells:                 14
     $mux_17                         1
     $mux_5                         13

=== FPAddSub_NormalizeShift1 ===

   Number of wires:                 19
   Number of wire bits:            152
   Number of public wires:           7
   Number of public wire bits:     140
   Number of memories:               0
   Number of memory bits:            0
   Number of processes:              0
   Number of cells:                 20
     $eq_2                           6
     $logic_not_2                    2
     $pmux_1                         2
     $pmux_13                        1
     $pmux_2                         1
     $pmux_4                         3
     $pmux_5                         1
     $reduce_or_2                    4

=== FPAddSub_NormalizeShift2 ===

   Number of wires:                 14
   Number of wire bits:             62
   Number of public wires:          13
   Number of public wire bits:      61
   Number of memories:               0
   Number of memory bits:            0
   Number of processes:              0
   Number of cells:                  6
     $add_6                          1
     $logic_not_1                    1
     $mux_6                          1
     $reduce_or_17                   1
     $reduce_or_4                    1
     $sub_6                          1

=== FPAddSub_PrealignModule ===

   Number of wires:                 30
   Number of wire bits:            295
   Number of public wires:          16
   Number of public wire bits:      95
   Number of memories:               0
   Number of memory bits:            0
   Number of processes:              0
   Number of cells:                 19
     $add_32                         4
     $and_1                          4
     $logic_not_1                    2
     $not_32                         2
     $or_1                           3
     $reduce_and_5                   2
     $reduce_or_10                   2

=== FPAddSub_RoundModule ===

   Number of wires:                 35
   Number of wire bits:            124
   Number of public wires:          19
   Number of public wire bits:      72
   Number of memories:               0
   Number of memory bits:            0
   Number of processes:              0
   Number of cells:                 22
     $add_32                         1
     $add_6                          1
     $and_1                          7
     $mux_1                          2
     $mux_10                         1
     $mux_6                          1
     $not_1                          2
     $or_1                           5
     $xor_1                          2

=== FPMult_16 ===

   Number of wires:                 27
   Number of wire bits:            348
   Number of public wires:          27
   Number of public wire bits:     348
   Number of memories:               0
   Number of memory bits:            0
   Number of processes:              0
   Number of cells:                  9
     $mux_21                         1
     $mux_23                         1
     $mux_32                         1
     $mux_41                         1
     $mux_48                         1
     FPMult_ExecuteModule            1
     FPMult_NormalizeModule          1
     FPMult_PrepModule               1
     FPMult_RoundModule              1

=== FPMult_ExecuteModule ===

   Number of wires:                 15
   Number of wire bits:            103
   Number of public wires:          12
   Number of public wire bits:      95
   Number of memories:               0
   Number of memory bits:            0
   Number of processes:              0
   Number of cells:                  7
     $add_6                          2
     $and_1                          1
     $mux_10                         1
     $or_1                           1
     $reduce_or_10                   1
     $xor_1                          1

=== FPMult_NormalizeModule ===

   Number of wires:                  8
   Number of wire bits:            114
   Number of public wires:           6
   Number of public wire bits:      50
   Number of memories:               0
   Number of memory bits:            0
   Number of processes:              0
   Number of cells:                  2
     $sub_32                         2

=== FPMult_PrepModule ===

   Number of wires:                 23
   Number of wire bits:             86
   Number of public wires:          14
   Number of public wire bits:      77
   Number of memories:               0
   Number of memory bits:            0
   Number of processes:              0
   Number of cells:                 15
     $and_1                          4
     $logic_not_1                    2
     $mul_22                         1
     $or_1                           3
     $reduce_and_5                   2
     $reduce_or_10                   1
     $reduce_or_5                    2

=== FPMult_RoundModule ===

   Number of wires:                 12
   Number of wire bits:             90
   Number of public wires:          12
   Number of public wire bits:      90
   Number of memories:               0
   Number of memory bits:            0
   Number of processes:              0
   Number of cells:                  3
     $mux_11                         2
     $mux_6                          1

=== td_fused_top_Block_entry_proc_proc441 ===

   Number of wires:                 16
   Number of wire bits:             61
   Number of public wires:          14
   Number of public wire bits:      59
   Number of memories:               0
   Number of memory bits:            0
   Number of processes:              0
   Number of cells:                  9
     $mux_1                          3
     $mux_16                         1
     $not_1                          1
     $or_1                           1
     $reduce_or_2                    1
     $sdff_1                         1
     $sdff_16                        1

=== td_fused_top_ap_hadd_3_full_dsp_16 ===

   Number of wires:                 12
   Number of wire bits:            117
   Number of public wires:          12
   Number of public wire bits:     117
   Number of memories:               0
   Number of memory bits:            0
   Number of processes:              0
   Number of cells:                  4
     $dffe_16                        3
     FPAddSub                        1

=== td_fused_top_ap_hmul_2_max_dsp_16 ===

   Number of wires:                 12
   Number of wire bits:            117
   Number of public wires:          12
   Number of public wire bits:     117
   Number of memories:               0
   Number of memory bits:            0
   Number of processes:              0
   Number of cells:                  4
     $dffe_16                        3
     FPMult_16                       1

=== td_fused_top_dataflow_in_loop_TOP_LOOP38270 ===

   Number of wires:                341
   Number of wire bits:           2432
   Number of public wires:         313
   Number of public wire bits:    2404
   Number of memories:               0
   Number of memory bits:            0
   Number of processes:              0
   Number of cells:                 64
     $and_1                         22
     $not_1                         10
     $or_1                           2
     $paramod$3b90db44ede48c84c30ac3eddab4e06a4b09f2bf\td_fused_top_dataflow_in_loop_TOP_LOOP38270_ifmap_vec      2
     $paramod$3b90db44ede48c84c30ac3eddab4e06a4b09f2bf\td_fused_top_dataflow_in_loop_TOP_LOOP38270_products_0      1
     $paramod$444f4f35aae1753c454375fdcc6a89a96e0bb6d9\td_fused_top_dataflow_in_loop_TOP_LOOP38270_accum1_out_0      1
     $paramod$68fdee95fd7d91e09535cc4b3d209e7dbf47473a\td_fused_top_dataflow_in_loop_TOP_LOOP38270_l2_products      1
     $reduce_or_2                    1
     $sdff_1                         2
     td_fused_top_Block_entry_proc_proc441      1
     td_fused_top_fifo_w16_d2_S_x8      5
     td_fused_top_fifo_w1_d9_S_x2      1
     td_fused_top_fifo_w4_d8_S_x1      1
     td_fused_top_fifo_w8_d8_S_x0      1
     td_fused_top_fifo_w9_d2_S_x      2
     td_fused_top_fifo_w9_d7_S       1
     td_fused_top_start_for_tdf11_readFilters74_U0      1
     td_fused_top_tdf11_accum_1      1
     td_fused_top_tdf11_accum_2      1
     td_fused_top_tdf11_adjust       1
     td_fused_top_tdf11_dot_product      1
     td_fused_top_tdf11_get_next_ijk      1
     td_fused_top_tdf11_l2_multiply72      1
     td_fused_top_tdf11_l2_writeOutputs_171      1
     td_fused_top_tdf11_readFilters74      1
     td_fused_top_tdf11_readInputs75      1

=== td_fused_top_dataflow_in_loop_TOP_LOOP38270_accum1_out_0_memcore ===

   Number of wires:                 11
   Number of wire bits:             60
   Number of public wires:          11
   Number of public wire bits:      60
   Number of memories:               0
   Number of memory bits:            0
   Number of processes:              0
   Number of cells:                  1
     td_fused_top_dataflow_in_loop_TOP_LOOP38270_accum1_out_0_memcore_ram      1

=== td_fused_top_dataflow_in_loop_TOP_LOOP38270_accum1_out_0_memcore_ram ===

   Number of wires:                 23
   Number of wire bits:            215
   Number of public wires:          10
   Number of public wire bits:      59
   Number of memories:               1
   Number of memory bits:          128
   Number of processes:              0
   Number of cells:                 16
     $dffe_16                        1
     $memrd                          1
     $memwr_v2                       2
     $mux_1                          4
     $mux_16                         4
     $mux_3                          4

=== td_fused_top_dataflow_in_loop_TOP_LOOP38270_ifmap_vec_memcore ===

   Number of wires:                 11
   Number of wire bits:             74
   Number of public wires:          11
   Number of public wire bits:      74
   Number of memories:               0
   Number of memory bits:            0
   Number of processes:              0
   Number of cells:                  1
     td_fused_top_dataflow_in_loop_TOP_LOOP38270_ifmap_vec_memcore_ram      1

=== td_fused_top_dataflow_in_loop_TOP_LOOP38270_ifmap_vec_memcore_ram ===

   Number of wires:                 23
   Number of wire bits:            257
   Number of public wires:          10
   Number of public wire bits:      73
   Number of memories:               1
   Number of memory bits:         9216
   Number of processes:              0
   Number of cells:                 16
     $dffe_16                        1
     $memrd                          1
     $memwr_v2                       2
     $mux_1                          4
     $mux_10                         4
     $mux_16                         4

=== td_fused_top_dataflow_in_loop_TOP_LOOP38270_l2_products_memcore ===

   Number of wires:                 12
   Number of wire bits:             86
   Number of public wires:          12
   Number of public wire bits:      86
   Number of memories:               0
   Number of memory bits:            0
   Number of processes:              0
   Number of cells:                  1
     td_fused_top_dataflow_in_loop_TOP_LOOP38270_l2_products_memcore_ram      1

=== td_fused_top_dataflow_in_loop_TOP_LOOP38270_l2_products_memcore_ram ===

   Number of wires:                 25
   Number of wire bits:            277
   Number of public wires:          11
   Number of public wire bits:      85
   Number of memories:               1
   Number of memory bits:         4096
   Number of processes:              0
   Number of cells:                 18
     $dffe_16                        2
     $memrd                          2
     $memwr_v2                       2
     $mux_1                          4
     $mux_16                         4
     $mux_8                          4

=== td_fused_top_dataflow_in_loop_TOP_LOOP38270_products_0_memcore ===

   Number of wires:                 10
   Number of wire bits:             73
   Number of public wires:          10
   Number of public wire bits:      73
   Number of memories:               0
   Number of memory bits:            0
   Number of processes:              0
   Number of cells:                  1
     td_fused_top_dataflow_in_loop_TOP_LOOP38270_products_0_memcore_ram      1

=== td_fused_top_dataflow_in_loop_TOP_LOOP38270_products_0_memcore_ram ===

   Number of wires:                 17
   Number of wire bits:            188
   Number of public wires:           9
   Number of public wire bits:      72
   Number of memories:               1
   Number of memory bits:         9216
   Number of processes:              0
   Number of cells:                 11
     $dffe_16                        2
     $memrd                          2
     $memwr_v2                       1
     $mux_1                          2
     $mux_10                         2
     $mux_16                         2

=== td_fused_top_fifo_w16_d2_S_x8 ===

   Number of wires:                 45
   Number of wire bits:            172
   Number of public wires:          17
   Number of public wire bits:      78
   Number of memories:               0
   Number of memory bits:            0
   Number of processes:              0
   Number of cells:                 34
     $add_2                          1
     $and_1                          4
     $and_32                         2
     $eq_32                          2
     $logic_and_1                    2
     $logic_not_2                    1
     $logic_not_32                   2
     $mux_1                          4
     $mux_2                          2
     $ne_2                           1
     $not_1                          2
     $or_1                           2
     $reduce_and_2                   2
     $reduce_bool_2                  1
     $reduce_or_2                    1
     $sdffe_1                        2
     $sdffe_2                        1
     $sub_2                          1
     td_fused_top_fifo_w16_d2_S_x8_shiftReg      1

=== td_fused_top_fifo_w16_d2_S_x8_shiftReg ===

   Number of wires:                  8
   Number of wire bits:             68
   Number of public wires:           7
   Number of public wire bits:      67
   Number of memories:               0
   Number of memory bits:            0
   Number of processes:              0
   Number of cells:                  4
     $dffe_16                        2
     $not_1                          1
     $pmux_16                        1

=== td_fused_top_fifo_w1_d9_S_x2 ===

   Number of wires:                 46
   Number of wire bits:            131
   Number of public wires:          17
   Number of public wire bits:      24
   Number of memories:               0
   Number of memory bits:            0
   Number of processes:              0
   Number of cells:                 35
     $add_5                          1
     $and_1                          4
     $and_32                         2
     $eq_32                          2
     $eq_5                           1
     $logic_and_1                    2
     $logic_not_32                   2
     $logic_not_5                    1
     $mux_1                          3
     $mux_4                          1
     $mux_5                          2
     $ne_2                           1
     $not_1                          2
     $or_1                           2
     $reduce_and_2                   2
     $reduce_bool_2                  1
     $reduce_or_2                    1
     $sdffe_1                        2
     $sdffe_5                        1
     $sub_5                          1
     td_fused_top_fifo_w1_d9_S_x2_shiftReg      1

=== td_fused_top_fifo_w1_d9_S_x2_shiftReg ===

   Number of wires:                 22
   Number of wire bits:             25
   Number of public wires:          14
   Number of public wire bits:      17
   Number of memories:               0
   Number of memory bits:            0
   Number of processes:              0
   Number of cells:                 18
     $dffe_1                         9
     $eq_4                           7
     $logic_not_4                    1
     $pmux_1                         1

=== td_fused_top_fifo_w4_d8_S_x1 ===

   Number of wires:                 46
   Number of wire bits:            137
   Number of public wires:          17
   Number of public wire bits:      34
   Number of memories:               0
   Number of memory bits:            0
   Number of processes:              0
   Number of cells:                 35
     $add_4                          1
     $and_1                          4
     $and_32                         2
     $eq_32                          2
     $eq_4                           1
     $logic_and_1                    2
     $logic_not_32                   2
     $logic_not_4                    1
     $mux_1                          3
     $mux_3                          1
     $mux_4                          2
     $ne_2                           1
     $not_1                          2
     $or_1                           2
     $reduce_and_2                   2
     $reduce_bool_2                  1
     $reduce_or_2                    1
     $sdffe_1                        2
     $sdffe_4                        1
     $sub_4                          1
     td_fused_top_fifo_w4_d8_S_x1_shiftReg      1

=== td_fused_top_fifo_w4_d8_S_x1_shiftReg ===

   Number of wires:                 21
   Number of wire bits:             53
   Number of public wires:          13
   Number of public wire bits:      45
   Number of memories:               0
   Number of memory bits:            0
   Number of processes:              0
   Number of cells:                 17
     $dffe_4                         8
     $eq_3                           7
     $logic_not_3                    1
     $pmux_4                         1

=== td_fused_top_fifo_w8_d8_S_x0 ===

   Number of wires:                 46
   Number of wire bits:            153
   Number of public wires:          17
   Number of public wire bits:      50
   Number of memories:               0
   Number of memory bits:            0
   Number of processes:              0
   Number of cells:                 35
     $add_4                          1
     $and_1                          4
     $and_32                         2
     $eq_32                          2
     $eq_4                           1
     $logic_and_1                    2
     $logic_not_32                   2
     $logic_not_4                    1
     $mux_1                          3
     $mux_3                          1
     $mux_4                          2
     $ne_2                           1
     $not_1                          2
     $or_1                           2
     $reduce_and_2                   2
     $reduce_bool_2                  1
     $reduce_or_2                    1
     $sdffe_1                        2
     $sdffe_4                        1
     $sub_4                          1
     td_fused_top_fifo_w8_d8_S_x0_shiftReg      1

=== td_fused_top_fifo_w8_d8_S_x0_shiftReg ===

   Number of wires:                 21
   Number of wire bits:             93
   Number of public wires:          13
   Number of public wire bits:      85
   Number of memories:               0
   Number of memory bits:            0
   Number of processes:              0
   Number of cells:                 17
     $dffe_8                         8
     $eq_3                           7
     $logic_not_3                    1
     $pmux_8                         1

=== td_fused_top_fifo_w9_d2_S_x ===

   Number of wires:                 45
   Number of wire bits:            144
   Number of public wires:          17
   Number of public wire bits:      50
   Number of memories:               0
   Number of memory bits:            0
   Number of processes:              0
   Number of cells:                 34
     $add_2                          1
     $and_1                          4
     $and_32                         2
     $eq_32                          2
     $logic_and_1                    2
     $logic_not_2                    1
     $logic_not_32                   2
     $mux_1                          4
     $mux_2                          2
     $ne_2                           1
     $not_1                          2
     $or_1                           2
     $reduce_and_2                   2
     $reduce_bool_2                  1
     $reduce_or_2                    1
     $sdffe_1                        2
     $sdffe_2                        1
     $sub_2                          1
     td_fused_top_fifo_w9_d2_S_x_shiftReg      1

=== td_fused_top_fifo_w9_d2_S_x_shiftReg ===

   Number of wires:                  8
   Number of wire bits:             40
   Number of public wires:           7
   Number of public wire bits:      39
   Number of memories:               0
   Number of memory bits:            0
   Number of processes:              0
   Number of cells:                  4
     $dffe_9                         2
     $not_1                          1
     $pmux_9                         1

=== td_fused_top_fifo_w9_d7_S ===

   Number of wires:                 46
   Number of wire bits:            157
   Number of public wires:          17
   Number of public wire bits:      54
   Number of memories:               0
   Number of memory bits:            0
   Number of processes:              0
   Number of cells:                 35
     $add_4                          1
     $and_1                          4
     $and_32                         2
     $eq_32                          2
     $eq_4                           1
     $logic_and_1                    2
     $logic_not_32                   2
     $logic_not_4                    1
     $mux_1                          3
     $mux_3                          1
     $mux_4                          2
     $ne_2                           1
     $not_1                          2
     $or_1                           2
     $reduce_and_2                   2
     $reduce_bool_2                  1
     $reduce_or_2                    1
     $sdffe_1                        2
     $sdffe_4                        1
     $sub_4                          1
     td_fused_top_fifo_w9_d7_S_shiftReg      1

=== td_fused_top_fifo_w9_d7_S_shiftReg ===

   Number of wires:                 18
   Number of wire bits:             92
   Number of public wires:          12
   Number of public wire bits:      86
   Number of memories:               0
   Number of memory bits:            0
   Number of processes:              0
   Number of cells:                 14
     $dffe_9                         7
     $eq_3                           5
     $logic_not_3                    1
     $pmux_9                         1

=== td_fused_top_start_for_tdf11_readFilters74_U0 ===

   Number of wires:                 45
   Number of wire bits:            112
   Number of public wires:          17
   Number of public wire bits:      18
   Number of memories:               0
   Number of memory bits:            0
   Number of processes:              0
   Number of cells:                 34
     $add_2                          1
     $and_1                          4
     $and_32                         2
     $eq_32                          2
     $logic_and_1                    2
     $logic_not_2                    1
     $logic_not_32                   2
     $mux_1                          4
     $mux_2                          2
     $ne_2                           1
     $not_1                          2
     $or_1                           2
     $reduce_and_2                   2
     $reduce_bool_2                  1
     $reduce_or_2                    1
     $sdffe_1                        2
     $sdffe_2                        1
     $sub_2                          1
     td_fused_top_start_for_tdf11_readFilters74_U0_shiftReg      1

=== td_fused_top_start_for_tdf11_readFilters74_U0_shiftReg ===

   Number of wires:                  8
   Number of wire bits:              8
   Number of public wires:           7
   Number of public wire bits:       7
   Number of memories:               0
   Number of memory bits:            0
   Number of processes:              0
   Number of cells:                  4
     $dffe_1                         2
     $not_1                          1
     $pmux_1                         1

=== td_fused_top_tdf11_14 ===

   Number of wires:                162
   Number of wire bits:           2366
   Number of public wires:         136
   Number of public wire bits:    2244
   Number of memories:               0
   Number of memory bits:            0
   Number of processes:              0
   Number of cells:                 33
     $add_17                         2
     $and_1                         11
     $eq_17                          2
     $logic_not_17                   1
     $mux_1                          4
     $mux_17                         4
     $not_1                          3
     $or_1                           1
     $reduce_bool_2                  2
     $sdffe_17                       2
     td_fused_top_dataflow_in_loop_TOP_LOOP38270      1

=== td_fused_top_tdf11_accum_1 ===

   Number of wires:                217
   Number of wire bits:           1875
   Number of public wires:         124
   Number of public wire bits:    1424
   Number of memories:               0
   Number of memory bits:            0
   Number of processes:              0
   Number of cells:                157
     $add_10                         1
     $add_4                          1
     $and_1                         31
     $dffe_1                         3
     $dffe_10                        2
     $dffe_16                       16
     $eq_3                           5
     $eq_8                           8
     $logic_not_3                    1
     $lt_10                          1
     $mux_1                         13
     $mux_10                        13
     $mux_16                        24
     $mux_8                          4
     $not_1                          8
     $or_1                           5
     $or_10                          7
     $or_3                           1
     $paramod$3c0377098b222d6572752d08e873f7489758dceb\td_fused_top_hadd_16ns_16ns_16_5_full_dsp_1      2
     $pmux_8                         1
     $reduce_bool_2                  2
     $reduce_or_2                    2
     $sdff_1                         1
     $sdff_8                         1
     $sdffe_1                        3
     $sdffe_4                        1

=== td_fused_top_tdf11_accum_2 ===

   Number of wires:                 44
   Number of wire bits:            217
   Number of public wires:          28
   Number of public wire bits:     189
   Number of memories:               0
   Number of memory bits:            0
   Number of processes:              0
   Number of cells:                 32
     $add_4                          1
     $and_1                          3
     $dffe_4                         1
     $eq_4                           1
     $eq_7                           7
     $mux_1                          5
     $mux_16                         1
     $mux_7                          2
     $not_1                          2
     $or_1                           1
     $paramod$3c0377098b222d6572752d08e873f7489758dceb\td_fused_top_hadd_16ns_16ns_16_5_full_dsp_1      1
     $pmux_7                         1
     $reduce_or_2                    1
     $sdff_1                         1
     $sdff_16                        1
     $sdff_7                         1
     $sdffe_16                       1
     $sdffe_4                        1

=== td_fused_top_tdf11_adjust ===

   Number of wires:                 75
   Number of wire bits:            467
   Number of public wires:          45
   Number of public wire bits:     421
   Number of memories:               0
   Number of memory bits:            0
   Number of processes:              0
   Number of cells:                 47
     $and_1                          2
     $dffe_16                        4
     $eq_17                         17
     $mux_1                          5
     $mux_16                         1
     $mux_17                         1
     $not_1                          4
     $or_1                           6
     $paramod$3c0377098b222d6572752d08e873f7489758dceb\td_fused_top_hadd_16ns_16ns_16_5_full_dsp_1      1
     $paramod$3c0377098b222d6572752d08e873f7489758dceb\td_fused_top_hsub_16ns_16ns_16_5_full_dsp_1      1
     $paramod$446b85b08a7a06b40d768e83a34c90ce7206f74e\td_fused_top_hmul_16ns_16ns_16_4_max_dsp_1      1
     $pmux_17                        1
     $reduce_or_2                    1
     $sdff_1                         1
     $sdff_17                        1

=== td_fused_top_tdf11_dot_product ===

   Number of wires:                176
   Number of wire bits:            719
   Number of public wires:         123
   Number of public wire bits:     611
   Number of memories:               0
   Number of memory bits:            0
   Number of processes:              0
   Number of cells:                136
     $add_10                         2
     $add_2                          2
     $add_4                          3
     $add_7                          1
     $add_9                          1
     $and_1                         18
     $dff_1                          5
     $dff_4                          5
     $dff_6                          5
     $dffe_1                         4
     $dffe_10                        1
     $dffe_16                        3
     $dffe_2                         5
     $dffe_4                         1
     $dffe_6                         2
     $dffe_7                         2
     $dffe_9                         1
     $eq_10                          1
     $eq_3                           3
     $eq_7                           1
     $eq_9                           1
     $mux_1                         12
     $mux_10                         2
     $mux_2                          8
     $mux_3                          3
     $mux_4                          3
     $mux_7                          3
     $mux_9                          3
     $not_1                         12
     $or_1                           3
     $paramod$446b85b08a7a06b40d768e83a34c90ce7206f74e\td_fused_top_hmul_16ns_16ns_16_4_max_dsp_1      1
     $pmux_3                         1
     $reduce_bool_2                  3
     $reduce_or_2                    2
     $sdff_1                         8
     $sdff_3                         1
     $sdffe_1                        1
     $sub_4                          3

=== td_fused_top_tdf11_get_next_ijk ===

   Number of wires:                 80
   Number of wire bits:            284
   Number of public wires:          45
   Number of public wire bits:     219
   Number of memories:               0
   Number of memory bits:            0
   Number of processes:              0
   Number of cells:                 56
     $add_16                         3
     $and_1                          8
     $dffe_16                        2
     $eq_16                          4
     $mux_1                         13
     $mux_16                         4
     $not_1                         10
     $or_1                           7
     $reduce_bool_2                  1
     $reduce_or_2                    1
     $sdff_1                         1
     $sdffce_16                      1
     $sdffe_1                        1

=== td_fused_top_tdf11_l2_multiply72 ===

   Number of wires:                111
   Number of wire bits:            472
   Number of public wires:          71
   Number of public wire bits:     412
   Number of memories:               0
   Number of memory bits:            0
   Number of processes:              0
   Number of cells:                 81
     $add_8                          1
     $and_1                         12
     $dff_1                          5
     $dff_8                          5
     $dffe_1                         2
     $dffe_16                        1
     $dffe_8                         3
     $dffe_9                         1
     $eq_3                           3
     $eq_8                           1
     $mux_1                         10
     $mux_3                          3
     $mux_8                          3
     $not_1                         10
     $or_1                           6
     $paramod$446b85b08a7a06b40d768e83a34c90ce7206f74e\td_fused_top_hmul_16ns_16ns_16_4_max_dsp_1      1
     $pmux_3                         1
     $reduce_bool_2                  1
     $reduce_or_2                    2
     $sdff_1                         8
     $sdff_3                         1
     $sdffe_1                        1

=== td_fused_top_tdf11_l2_writeOutputs_171 ===

   Number of wires:                283
   Number of wire bits:           1832
   Number of public wires:         233
   Number of public wire bits:    1762
   Number of memories:               0
   Number of memory bits:            0
   Number of processes:              0
   Number of cells:                213
     $add_10                         1
     $add_8                          1
     $and_1                         15
     $dff_1                         19
     $dff_16                        18
     $dff_2                         19
     $dff_5                         19
     $dff_7                          5
     $dff_8                          2
     $dffe_1                         3
     $dffe_10                        1
     $dffe_16                        6
     $dffe_2                         2
     $dffe_5                         2
     $dffe_7                         2
     $dffe_8                         3
     $eq_2                           3
     $eq_3                           3
     $eq_8                           1
     $logic_not_2                    1
     $mux_1                         16
     $mux_16                        11
     $mux_3                          3
     $mux_8                          2
     $not_1                         11
     $or_1                           9
     $paramod$3c0377098b222d6572752d08e873f7489758dceb\td_fused_top_hadd_16ns_16ns_16_5_full_dsp_1      2
     $paramod$3c0377098b222d6572752d08e873f7489758dceb\td_fused_top_hsub_16ns_16ns_16_5_full_dsp_1      1
     $paramod$446b85b08a7a06b40d768e83a34c90ce7206f74e\td_fused_top_hmul_16ns_16ns_16_4_max_dsp_1      1
     $paramod$68fdee95fd7d91e09535cc4b3d209e7dbf47473a\td_fused_top_tdf11_l2_writeOutputs_171_running_sums_2      1
     $pmux_3                         1
     $reduce_bool_2                  1
     $reduce_or_2                    2
     $sdff_1                        23
     $sdff_3                         1
     $sdffe_1                        1
     $sub_9                          1

=== td_fused_top_tdf11_l2_writeOutputs_171_running_sums_2_ram ===

   Number of wires:                 15
   Number of wire bits:            144
   Number of public wires:           8
   Number of public wire bits:      50
   Number of memories:               1
   Number of memory bits:         2048
   Number of processes:              0
   Number of cells:                  9
     $dffe_16                        1
     $memrd                          1
     $memwr_v2                       1
     $mux_1                          2
     $mux_16                         2
     $mux_7                          2

=== td_fused_top_tdf11_readFilters74 ===

   Number of wires:                198
   Number of wire bits:           1511
   Number of public wires:         129
   Number of public wire bits:    1350
   Number of memories:               0
   Number of memory bits:            0
   Number of processes:              0
   Number of cells:                141
     $add_10                         1
     $add_13                         1
     $add_2                          2
     $add_6                          1
     $add_60                         1
     $add_7                          2
     $add_8                          1
     $and_1                         25
     $dffe_1                         3
     $dffe_10                        1
     $dffe_12                        1
     $dffe_16                        2
     $dffe_2                         4
     $dffe_4                         1
     $dffe_6                         2
     $dffe_7                         4
     $dffe_8                         2
     $eq_4                           4
     $eq_7                           2
     $eq_8                           1
     $mux_1                         13
     $mux_10                         4
     $mux_16                         4
     $mux_2                          8
     $mux_4                          3
     $mux_7                          6
     $mux_8                          3
     $not_1                         10
     $or_1                          10
     $or_6                           3
     $pmux_4                         1
     $reduce_bool_2                  2
     $reduce_or_2                    2
     $sdff_1                         1
     $sdff_4                         1
     $sdffce_1                       1
     $sdffce_2                       1
     $sdffce_7                       1
     $sdffe_1                        3
     $sub_12                         1
     $sub_5                          1
     $sub_60                         1

=== td_fused_top_tdf11_readInputs75 ===

   Number of wires:                301
   Number of wire bits:           1874
   Number of public wires:         216
   Number of public wire bits:    1646
   Number of memories:               0
   Number of memory bits:            0
   Number of processes:              0
   Number of cells:                214
     $add_10                         2
     $add_17                         2
     $add_18                         4
     $add_2                          2
     $add_3                          2
     $add_4                          3
     $add_6                          1
     $add_7                          2
     $add_8                          4
     $and_1                         22
     $dffe_1                        10
     $dffe_10                        1
     $dffe_16                        2
     $dffe_17                        2
     $dffe_2                         7
     $dffe_4                         4
     $dffe_6                         2
     $dffe_7                         4
     $dffe_8                         4
     $eq_5                           5
     $eq_7                           2
     $eq_8                           1
     $gt_17                          1
     $gt_18                          4
     $mux_1                         22
     $mux_10                         6
     $mux_16                         8
     $mux_2                          8
     $mux_4                          6
     $mux_5                          3
     $mux_7                          6
     $mux_8                          8
     $not_1                         15
     $or_1                          18
     $or_6                           3
     $pmux_5                         1
     $reduce_bool_2                  3
     $reduce_or_2                    2
     $sdff_1                         1
     $sdff_5                         1
     $sdffce_1                       1
     $sdffce_16                      2
     $sdffce_2                       1
     $sdffce_7                       1
     $sdffe_1                        3
     $sub_5                          1
     $sub_9                          1

=== design hierarchy ===

   td_fused_top_tdf11_14             1
     td_fused_top_dataflow_in_loop_TOP_LOOP38270      1
       $paramod$3b90db44ede48c84c30ac3eddab4e06a4b09f2bf\td_fused_top_dataflow_in_loop_TOP_LOOP38270_ifmap_vec      2
         td_fused_top_dataflow_in_loop_TOP_LOOP38270_ifmap_vec_memcore      2
           td_fused_top_dataflow_in_loop_TOP_LOOP38270_ifmap_vec_memcore_ram      1
       $paramod$3b90db44ede48c84c30ac3eddab4e06a4b09f2bf\td_fused_top_dataflow_in_loop_TOP_LOOP38270_products_0      1
         td_fused_top_dataflow_in_loop_TOP_LOOP38270_products_0_memcore      2
           td_fused_top_dataflow_in_loop_TOP_LOOP38270_products_0_memcore_ram      1
       $paramod$444f4f35aae1753c454375fdcc6a89a96e0bb6d9\td_fused_top_dataflow_in_loop_TOP_LOOP38270_accum1_out_0      1
         td_fused_top_dataflow_in_loop_TOP_LOOP38270_accum1_out_0_memcore      2
           td_fused_top_dataflow_in_loop_TOP_LOOP38270_accum1_out_0_memcore_ram      1
       $paramod$68fdee95fd7d91e09535cc4b3d209e7dbf47473a\td_fused_top_dataflow_in_loop_TOP_LOOP38270_l2_products      1
         td_fused_top_dataflow_in_loop_TOP_LOOP38270_l2_products_memcore      1
           td_fused_top_dataflow_in_loop_TOP_LOOP38270_l2_products_memcore_ram      1
       td_fused_top_Block_entry_proc_proc441      1
       td_fused_top_fifo_w16_d2_S_x8      5
         td_fused_top_fifo_w16_d2_S_x8_shiftReg      1
       td_fused_top_fifo_w1_d9_S_x2      1
         td_fused_top_fifo_w1_d9_S_x2_shiftReg      1
       td_fused_top_fifo_w4_d8_S_x1      1
         td_fused_top_fifo_w4_d8_S_x1_shiftReg      1
       td_fused_top_fifo_w8_d8_S_x0      1
         td_fused_top_fifo_w8_d8_S_x0_shiftReg      1
       td_fused_top_fifo_w9_d2_S_x      2
         td_fused_top_fifo_w9_d2_S_x_shiftReg      1
       td_fused_top_fifo_w9_d7_S      1
         td_fused_top_fifo_w9_d7_S_shiftReg      1
       td_fused_top_start_for_tdf11_readFilters74_U0      1
         td_fused_top_start_for_tdf11_readFilters74_U0_shiftReg      1
       td_fused_top_tdf11_accum_1      1
         $paramod$3c0377098b222d6572752d08e873f7489758dceb\td_fused_top_hadd_16ns_16ns_16_5_full_dsp_1      2
           td_fused_top_ap_hadd_3_full_dsp_16      1
             FPAddSub                1
               FPAddSub_AlignModule      1
               FPAddSub_AlignShift1      1
               FPAddSub_AlignShift2      1
               FPAddSub_ExceptionModule      1
               FPAddSub_ExecutionModule      1
               FPAddSub_NormalizeModule      1
               FPAddSub_NormalizeShift1      1
               FPAddSub_NormalizeShift2      1
               FPAddSub_PrealignModule      1
               FPAddSub_RoundModule      1
       td_fused_top_tdf11_accum_2      1
         $paramod$3c0377098b222d6572752d08e873f7489758dceb\td_fused_top_hadd_16ns_16ns_16_5_full_dsp_1      1
           td_fused_top_ap_hadd_3_full_dsp_16      1
             FPAddSub                1
               FPAddSub_AlignModule      1
               FPAddSub_AlignShift1      1
               FPAddSub_AlignShift2      1
               FPAddSub_ExceptionModule      1
               FPAddSub_ExecutionModule      1
               FPAddSub_NormalizeModule      1
               FPAddSub_NormalizeShift1      1
               FPAddSub_NormalizeShift2      1
               FPAddSub_PrealignModule      1
               FPAddSub_RoundModule      1
       td_fused_top_tdf11_adjust      1
         $paramod$3c0377098b222d6572752d08e873f7489758dceb\td_fused_top_hadd_16ns_16ns_16_5_full_dsp_1      1
           td_fused_top_ap_hadd_3_full_dsp_16      1
             FPAddSub                1
               FPAddSub_AlignModule      1
               FPAddSub_AlignShift1      1
               FPAddSub_AlignShift2      1
               FPAddSub_ExceptionModule      1
               FPAddSub_ExecutionModule      1
               FPAddSub_NormalizeModule      1
               FPAddSub_NormalizeShift1      1
               FPAddSub_NormalizeShift2      1
               FPAddSub_PrealignModule      1
               FPAddSub_RoundModule      1
         $paramod$3c0377098b222d6572752d08e873f7489758dceb\td_fused_top_hsub_16ns_16ns_16_5_full_dsp_1      1
           td_fused_top_ap_hadd_3_full_dsp_16      1
             FPAddSub                1
               FPAddSub_AlignModule      1
               FPAddSub_AlignShift1      1
               FPAddSub_AlignShift2      1
               FPAddSub_ExceptionModule      1
               FPAddSub_ExecutionModule      1
               FPAddSub_NormalizeModule      1
               FPAddSub_NormalizeShift1      1
               FPAddSub_NormalizeShift2      1
               FPAddSub_PrealignModule      1
               FPAddSub_RoundModule      1
         $paramod$446b85b08a7a06b40d768e83a34c90ce7206f74e\td_fused_top_hmul_16ns_16ns_16_4_max_dsp_1      1
           td_fused_top_ap_hmul_2_max_dsp_16      1
             FPMult_16               1
               FPMult_ExecuteModule      1
               FPMult_NormalizeModule      1
               FPMult_PrepModule      1
               FPMult_RoundModule      1
       td_fused_top_tdf11_dot_product      1
         $paramod$446b85b08a7a06b40d768e83a34c90ce7206f74e\td_fused_top_hmul_16ns_16ns_16_4_max_dsp_1      1
           td_fused_top_ap_hmul_2_max_dsp_16      1
             FPMult_16               1
               FPMult_ExecuteModule      1
               FPMult_NormalizeModule      1
               FPMult_PrepModule      1
               FPMult_RoundModule      1
       td_fused_top_tdf11_get_next_ijk      1
       td_fused_top_tdf11_l2_multiply72      1
         $paramod$446b85b08a7a06b40d768e83a34c90ce7206f74e\td_fused_top_hmul_16ns_16ns_16_4_max_dsp_1      1
           td_fused_top_ap_hmul_2_max_dsp_16      1
             FPMult_16               1
               FPMult_ExecuteModule      1
               FPMult_NormalizeModule      1
               FPMult_PrepModule      1
               FPMult_RoundModule      1
       td_fused_top_tdf11_l2_writeOutputs_171      1
         $paramod$3c0377098b222d6572752d08e873f7489758dceb\td_fused_top_hadd_16ns_16ns_16_5_full_dsp_1      2
           td_fused_top_ap_hadd_3_full_dsp_16      1
             FPAddSub                1
               FPAddSub_AlignModule      1
               FPAddSub_AlignShift1      1
               FPAddSub_AlignShift2      1
               FPAddSub_ExceptionModule      1
               FPAddSub_ExecutionModule      1
               FPAddSub_NormalizeModule      1
               FPAddSub_NormalizeShift1      1
               FPAddSub_NormalizeShift2      1
               FPAddSub_PrealignModule      1
               FPAddSub_RoundModule      1
         $paramod$3c0377098b222d6572752d08e873f7489758dceb\td_fused_top_hsub_16ns_16ns_16_5_full_dsp_1      1
           td_fused_top_ap_hadd_3_full_dsp_16      1
             FPAddSub                1
               FPAddSub_AlignModule      1
               FPAddSub_AlignShift1      1
               FPAddSub_AlignShift2      1
               FPAddSub_ExceptionModule      1
               FPAddSub_ExecutionModule      1
               FPAddSub_NormalizeModule      1
               FPAddSub_NormalizeShift1      1
               FPAddSub_NormalizeShift2      1
               FPAddSub_PrealignModule      1
               FPAddSub_RoundModule      1
         $paramod$446b85b08a7a06b40d768e83a34c90ce7206f74e\td_fused_top_hmul_16ns_16ns_16_4_max_dsp_1      1
           td_fused_top_ap_hmul_2_max_dsp_16      1
             FPMult_16               1
               FPMult_ExecuteModule      1
               FPMult_NormalizeModule      1
               FPMult_PrepModule      1
               FPMult_RoundModule      1
         $paramod$68fdee95fd7d91e09535cc4b3d209e7dbf47473a\td_fused_top_tdf11_l2_writeOutputs_171_running_sums_2      1
           td_fused_top_tdf11_l2_writeOutputs_171_running_sums_2_ram      1
       td_fused_top_tdf11_readFilters74      1
       td_fused_top_tdf11_readInputs75      1

   Number of wires:               5978
   Number of wire bits:          41219
   Number of public wires:        4050
   Number of public wire bits:   33391
   Number of memories:              10
   Number of memory bits:        61696
   Number of processes:              0
   Number of cells:               3557
     $add_1                         10
     $add_10                         7
     $add_13                         1
     $add_16                         3
     $add_17                        12
     $add_18                         4
     $add_2                         19
     $add_3                          2
     $add_32                        40
     $add_4                         11
     $add_5                          1
     $add_6                         26
     $add_60                         1
     $add_7                          5
     $add_8                          7
     $add_9                          1
     $and_1                        377
     $and_32                        24
     $dff_1                         41
     $dff_16                        30
     $dff_2                         19
     $dff_4                          5
     $dff_5                         19
     $dff_6                          5
     $dff_7                          5
     $dff_8                          7
     $dffe_1                        36
     $dffe_10                        6
     $dffe_12                        1
     $dffe_16                      119
     $dffe_17                        2
     $dffe_2                        18
     $dffe_4                        15
     $dffe_5                         2
     $dffe_6                         6
     $dffe_7                        12
     $dffe_8                        20
     $dffe_9                        13
     $eq_10                          1
     $eq_16                          4
     $eq_17                         19
     $eq_2                         104
     $eq_3                          33
     $eq_32                         24
     $eq_4                          15
     $eq_5                           6
     $eq_7                          12
     $eq_8                          12
     $eq_9                           1
     $gt_17                          1
     $gt_18                          4
     $logic_and_1                   72
     $logic_not_1                   65
     $logic_not_17                   1
     $logic_not_2                   46
     $logic_not_3                    4
     $logic_not_32                  24
     $logic_not_4                    4
     $logic_not_5                    1
     $logic_or_1                     5
     $lt_10                          1
     $lt_15                          8
     $memrd                         13
     $memwr_v2                      17
     $mul_22                         4
     $mux_1                        308
     $mux_10                        85
     $mux_11                        16
     $mux_16                       129
     $mux_17                        21
     $mux_2                         50
     $mux_21                         4
     $mux_23                         4
     $mux_25                         8
     $mux_3                         24
     $mux_32                         4
     $mux_33                         8
     $mux_36                         8
     $mux_38                        16
     $mux_39                         8
     $mux_4                         19
     $mux_40                         8
     $mux_41                        12
     $mux_48                        12
     $mux_5                        125
     $mux_6                         20
     $mux_7                         19
     $mux_8                         24
     $mux_9                          3
     $ne_2                          12
     $not_1                        164
     $not_32                        16
     $or_1                         213
     $or_10                          7
     $or_3                           1
     $or_6                           6
     $pmux_1                       194
     $pmux_13                        8
     $pmux_16                        5
     $pmux_17                        1
     $pmux_2                         8
     $pmux_3                         3
     $pmux_4                        26
     $pmux_5                         9
     $pmux_7                         1
     $pmux_8                         2
     $pmux_9                         3
     $reduce_and_2                  24
     $reduce_and_5                  32
     $reduce_bool_2                 42
     $reduce_or_10                  24
     $reduce_or_17                   8
     $reduce_or_2                   82
     $reduce_or_3                   24
     $reduce_or_4                    8
     $reduce_or_5                   16
     $sdff_1                        56
     $sdff_16                        2
     $sdff_17                        1
     $sdff_3                         3
     $sdff_4                         1
     $sdff_5                         1
     $sdff_7                         1
     $sdff_8                         1
     $sdffce_1                       2
     $sdffce_16                      3
     $sdffce_2                       2
     $sdffce_7                       2
     $sdffe_1                       62
     $sdffe_16                       6
     $sdffe_17                       2
     $sdffe_2                       13
     $sdffe_4                        5
     $sdffe_5                        1
     $sub_12                         1
     $sub_17                         8
     $sub_2                         13
     $sub_32                         8
     $sub_4                          6
     $sub_5                          3
     $sub_6                          8
     $sub_60                         1
     $sub_9                          2
     $xor_1                         36

