
5. Printing statistics.

=== td_fused_top_tdf3_readFilters30 ===

   Number of wires:                 92
   Number of wire bits:            345
   Number of public wires:          52
   Number of public wire bits:     289
   Number of memories:               0
   Number of memory bits:            0
   Number of processes:              0
   Number of cells:                 68
     $add_6                          1
     $add_9                          1
     $and_1                         12
     $dff_1                          1
     $dff_6                          1
     $dffe_1                         2
     $dffe_4                         1
     $dffe_6                         3
     $eq_3                           3
     $eq_6                           1
     $mux_1                         10
     $mux_3                          3
     $mux_6                          3
     $not_1                         10
     $or_1                           6
     $pmux_3                         1
     $reduce_bool_2                  1
     $reduce_or_2                    2
     $sdff_1                         4
     $sdff_3                         1
     $sdffe_1                        1

