
5. Printing statistics.

=== td_fused_top_tdf10_filters ===

   Number of wires:                  9
   Number of wire bits:            167
   Number of public wires:           9
   Number of public wire bits:     167
   Number of memories:               0
   Number of memory bits:            0
   Number of processes:              0
   Number of cells:                  1
     td_fused_top_tdf10_filters_ram      1

=== td_fused_top_tdf10_filters_ram ===

   Number of wires:                 25
   Number of wire bits:            846
   Number of public wires:          18
   Number of public wire bits:     492
   Number of memories:               1
   Number of memory bits:       4718592
   Number of processes:              0
   Number of cells:                 14
     $dffe_1                         1
     $dffe_17                        2
     $dffe_64                        3
     $memrd                          1
     $memwr_v2                       1
     $mux_1                          2
     $mux_17                         2
     $mux_64                         2

=== design hierarchy ===

   td_fused_top_tdf10_filters        1
     td_fused_top_tdf10_filters_ram      1

   Number of wires:                 34
   Number of wire bits:           1013
   Number of public wires:          27
   Number of public wire bits:     659
   Number of memories:               1
   Number of memory bits:       4718592
   Number of processes:              0
   Number of cells:                 14
     $dffe_1                         1
     $dffe_17                        2
     $dffe_64                        3
     $memrd                          1
     $memwr_v2                       1
     $mux_1                          2
     $mux_17                         2
     $mux_64                         2

