
5. Printing statistics.

=== $paramod$20ed575d3a8c8a8136d29b2d7ca09626e45a2e9e\td_fused_top_hcmp_16ns_16ns_1_2_no_dsp_1 ===

   Number of wires:                 27
   Number of wire bits:            139
   Number of public wires:          21
   Number of public wire bits:     133
   Number of memories:               0
   Number of memory bits:            0
   Number of processes:              0
   Number of cells:                 14
     $dff_1                          2
     $dffe_16                        2
     $dffe_5                         1
     $eq_5                           6
     $mux_1                          1
     $pmux_8                         1
     td_fused_top_ap_hcmp_0_no_dsp_16      1

=== FPAddSub ===

   Number of wires:                 45
   Number of wire bits:            591
   Number of public wires:          45
   Number of public wire bits:     591
   Number of memories:               0
   Number of memory bits:            0
   Number of processes:              0
   Number of cells:                 19
     $mux_25                         1
     $mux_33                         1
     $mux_36                         1
     $mux_38                         2
     $mux_39                         1
     $mux_40                         1
     $mux_41                         1
     $mux_48                         1
     FPAddSub_AlignModule            1
     FPAddSub_AlignShift1            1
     FPAddSub_AlignShift2            1
     FPAddSub_ExceptionModule        1
     FPAddSub_ExecutionModule        1
     FPAddSub_NormalizeModule        1
     FPAddSub_NormalizeShift1        1
     FPAddSub_NormalizeShift2        1
     FPAddSub_PrealignModule         1
     FPAddSub_RoundModule            1

=== FPAddSub_AlignModule ===

   Number of wires:                  8
   Number of wire bits:             71
   Number of public wires:           8
   Number of public wire bits:      71
   Number of memories:               0
   Number of memory bits:            0
   Number of processes:              0
   Number of cells:                  5
     $lt_15                          1
     $mux_10                         2
     $mux_5                          2

=== FPAddSub_AlignShift1 ===

   Number of wires:                 12
   Number of wire bits:             74
   Number of public wires:           6
   Number of public wire bits:      68
   Number of memories:               0
   Number of memory bits:            0
   Number of processes:              0
   Number of cells:                 18
     $eq_2                           3
     $logic_not_2                    1
     $mux_11                         1
     $pmux_1                        11
     $reduce_or_2                    1
     $reduce_or_3                    1

=== FPAddSub_AlignShift2 ===

   Number of wires:                 11
   Number of wire bits:             63
   Number of public wires:           5
   Number of public wire bits:      57
   Number of memories:               0
   Number of memory bits:            0
   Number of processes:              0
   Number of cells:                 17
     $eq_2                           3
     $logic_not_2                    1
     $pmux_1                        11
     $reduce_or_2                    1
     $reduce_or_3                    1

=== FPAddSub_ExceptionModule ===

   Number of wires:                 23
   Number of wire bits:             61
   Number of public wires:          13
   Number of public wire bits:      51
   Number of memories:               0
   Number of memory bits:            0
   Number of processes:              0
   Number of cells:                 15
     $and_1                          4
     $logic_not_1                    1
     $not_1                          2
     $or_1                           5
     $reduce_and_5                   1
     $reduce_or_3                    1
     $reduce_or_5                    1

=== FPAddSub_ExecutionModule ===

   Number of wires:                 12
   Number of wire bits:             79
   Number of public wires:           9
   Number of public wire bits:      44
   Number of memories:               0
   Number of memory bits:            0
   Number of processes:              0
   Number of cells:                  6
     $add_17                         1
     $mux_1                          1
     $mux_17                         1
     $sub_17                         1
     $xor_1                          2

=== FPAddSub_NormalizeModule ===

   Number of wires:                 16
   Number of wire bits:            116
   Number of public wires:           4
   Number of public wire bits:      56
   Number of memories:               0
   Number of memory bits:            0
   Number of processes:              0
   Number of cells:                 14
     $mux_17                         1
     $mux_5                         13

=== FPAddSub_NormalizeShift1 ===

   Number of wires:                 19
   Number of wire bits:            152
   Number of public wires:           7
   Number of public wire bits:     140
   Number of memories:               0
   Number of memory bits:            0
   Number of processes:              0
   Number of cells:                 20
     $eq_2                           6
     $logic_not_2                    2
     $pmux_1                         2
     $pmux_13                        1
     $pmux_2                         1
     $pmux_4                         3
     $pmux_5                         1
     $reduce_or_2                    4

=== FPAddSub_NormalizeShift2 ===

   Number of wires:                 14
   Number of wire bits:             62
   Number of public wires:          13
   Number of public wire bits:      61
   Number of memories:               0
   Number of memory bits:            0
   Number of processes:              0
   Number of cells:                  6
     $add_6                          1
     $logic_not_1                    1
     $mux_6                          1
     $reduce_or_17                   1
     $reduce_or_4                    1
     $sub_6                          1

=== FPAddSub_PrealignModule ===

   Number of wires:                 30
   Number of wire bits:            295
   Number of public wires:          16
   Number of public wire bits:      95
   Number of memories:               0
   Number of memory bits:            0
   Number of processes:              0
   Number of cells:                 19
     $add_32                         4
     $and_1                          4
     $logic_not_1                    2
     $not_32                         2
     $or_1                           3
     $reduce_and_5                   2
     $reduce_or_10                   2

=== FPAddSub_RoundModule ===

   Number of wires:                 35
   Number of wire bits:            124
   Number of public wires:          19
   Number of public wire bits:      72
   Number of memories:               0
   Number of memory bits:            0
   Number of processes:              0
   Number of cells:                 22
     $add_32                         1
     $add_6                          1
     $and_1                          7
     $mux_1                          2
     $mux_10                         1
     $mux_6                          1
     $not_1                          2
     $or_1                           5
     $xor_1                          2

=== td_fused_top_ap_hcmp_0_no_dsp_16 ===

   Number of wires:                 10
   Number of wire bits:             84
   Number of public wires:          10
   Number of public wire bits:      84
   Number of memories:               0
   Number of memory bits:            0
   Number of processes:              0
   Number of cells:                  2
     $not_1                          1
     FPAddSub                        1

=== td_fused_top_tdf5_poolOutputs ===

   Number of wires:                 85
   Number of wire bits:            313
   Number of public wires:          51
   Number of public wire bits:     267
   Number of memories:               0
   Number of memory bits:            0
   Number of processes:              0
   Number of cells:                 53
     $and_1                          9
     $dffe_1                         1
     $dffe_10                        1
     $dffe_16                        1
     $dffe_5                         1
     $eq_4                           4
     $mux_1                          7
     $mux_4                          4
     $not_1                         10
     $or_1                           6
     $paramod$20ed575d3a8c8a8136d29b2d7ca09626e45a2e9e\td_fused_top_hcmp_16ns_16ns_1_2_no_dsp_1      1
     $pmux_4                         1
     $reduce_and_2                   1
     $reduce_bool_2                  1
     $reduce_or_2                    1
     $sdff_1                         1
     $sdff_4                         1
     $sdffe_1                        1
     td_fused_top_tdf5_writeOutputs_unaligned      1

=== td_fused_top_tdf5_writeOutputs_unaligned ===

   Number of wires:                 80
   Number of wire bits:            597
   Number of public wires:          48
   Number of public wire bits:     564
   Number of memories:               0
   Number of memory bits:            0
   Number of processes:              0
   Number of cells:                 58
     $add_10                         1
     $add_15                         1
     $add_16                         2
     $and_1                         19
     $dffe_1                         1
     $dffe_16                        4
     $eq_16                          2
     $eq_2                           5
     $logic_not_2                    1
     $mux_1                          7
     $mux_16                         4
     $mux_2                          1
     $not_1                          2
     $or_1                           2
     $pmux_2                         1
     $sdff_2                         1
     $sdffce_16                      2
     $sdffe_16                       1
     $sub_10                         1

=== design hierarchy ===

   td_fused_top_tdf5_poolOutputs      1
     $paramod$20ed575d3a8c8a8136d29b2d7ca09626e45a2e9e\td_fused_top_hcmp_16ns_16ns_1_2_no_dsp_1      1
       td_fused_top_ap_hcmp_0_no_dsp_16      1
         FPAddSub                    1
           FPAddSub_AlignModule      1
           FPAddSub_AlignShift1      1
           FPAddSub_AlignShift2      1
           FPAddSub_ExceptionModule      1
           FPAddSub_ExecutionModule      1
           FPAddSub_NormalizeModule      1
           FPAddSub_NormalizeShift1      1
           FPAddSub_NormalizeShift2      1
           FPAddSub_PrealignModule      1
           FPAddSub_RoundModule      1
     td_fused_top_tdf5_writeOutputs_unaligned      1

   Number of wires:                427
   Number of wire bits:           2821
   Number of public wires:         275
   Number of public wire bits:    2354
   Number of memories:               0
   Number of memory bits:            0
   Number of processes:              0
   Number of cells:                274
     $add_10                         1
     $add_15                         1
     $add_16                         2
     $add_17                         1
     $add_32                         5
     $add_6                          2
     $and_1                         43
     $dff_1                          2
     $dffe_1                         2
     $dffe_10                        1
     $dffe_16                        7
     $dffe_5                         2
     $eq_16                          2
     $eq_2                          17
     $eq_4                           4
     $eq_5                           6
     $logic_not_1                    4
     $logic_not_2                    5
     $lt_15                          1
     $mux_1                         18
     $mux_10                         3
     $mux_11                         1
     $mux_16                         4
     $mux_17                         2
     $mux_2                          1
     $mux_25                         1
     $mux_33                         1
     $mux_36                         1
     $mux_38                         2
     $mux_39                         1
     $mux_4                          4
     $mux_40                         1
     $mux_41                         1
     $mux_48                         1
     $mux_5                         15
     $mux_6                          2
     $not_1                         17
     $not_32                         2
     $or_1                          21
     $pmux_1                        24
     $pmux_13                        1
     $pmux_2                         2
     $pmux_4                         4
     $pmux_5                         1
     $pmux_8                         1
     $reduce_and_2                   1
     $reduce_and_5                   3
     $reduce_bool_2                  1
     $reduce_or_10                   2
     $reduce_or_17                   1
     $reduce_or_2                    7
     $reduce_or_3                    3
     $reduce_or_4                    1
     $reduce_or_5                    1
     $sdff_1                         1
     $sdff_2                         1
     $sdff_4                         1
     $sdffce_16                      2
     $sdffe_1                        1
     $sdffe_16                       1
     $sub_10                         1
     $sub_17                         1
     $sub_6                          1
     $xor_1                          4

