
5. Printing statistics.

=== td_fused_top_tdf7_readFilters52 ===

   Number of wires:                155
   Number of wire bits:            696
   Number of public wires:          97
   Number of public wire bits:     589
   Number of memories:               0
   Number of memory bits:            0
   Number of processes:              0
   Number of cells:                118
     $add_12                         2
     $add_17                         1
     $add_2                          2
     $add_4                          1
     $add_6                          1
     $add_8                          1
     $add_9                          2
     $and_1                         18
     $dff_1                          2
     $dff_9                          2
     $dffe_1                         3
     $dffe_11                        1
     $dffe_2                         4
     $dffe_6                         1
     $dffe_8                         1
     $dffe_9                         2
     $eq_3                           3
     $eq_6                           1
     $eq_8                           1
     $eq_9                           1
     $mux_1                         13
     $mux_2                          8
     $mux_3                          3
     $mux_6                          3
     $mux_8                          3
     $mux_9                          2
     $not_1                         13
     $or_1                           7
     $pmux_3                         1
     $reduce_bool_2                  3
     $reduce_or_2                    2
     $sdff_1                         5
     $sdff_3                         1
     $sdffe_1                        1
     $sub_11                         1
     $sub_12                         1
     $sub_4                          1

