
5. Printing statistics.

=== td_fused_top_tdf1_writeOutputs_unaligned ===

   Number of wires:                 76
   Number of wire bits:            685
   Number of public wires:          53
   Number of public wire bits:     660
   Number of memories:               0
   Number of memory bits:            0
   Number of processes:              0
   Number of cells:                 50
     $add_16                         4
     $and_1                          9
     $dff_16                         4
     $dffe_1                         1
     $dffe_11                        1
     $eq_16                          2
     $eq_2                           3
     $eq_3                           3
     $logic_not_2                    1
     $mux_1                          7
     $mux_16                         4
     $mux_3                          1
     $not_1                          2
     $or_1                           2
     $pmux_3                         1
     $sdff_3                         1
     $sdffce_16                      2
     $sdffe_16                       1
     $sub_15                         1

