
5. Printing statistics.

=== td_fused_top_dataflow_in_loop_TOP_LOOP76_ifmap_vec_0_0_memcore ===

   Number of wires:                 11
   Number of wire bits:             68
   Number of public wires:          11
   Number of public wire bits:      68
   Number of memories:               0
   Number of memory bits:            0
   Number of processes:              0
   Number of cells:                  1
     td_fused_top_dataflow_in_loop_TOP_LOOP76_ifmap_vec_0_0_memcore_ram      1

=== td_fused_top_dataflow_in_loop_TOP_LOOP76_ifmap_vec_0_0_memcore_ram ===

   Number of wires:                 23
   Number of wire bits:            239
   Number of public wires:          10
   Number of public wire bits:      67
   Number of memories:               1
   Number of memory bits:         2048
   Number of processes:              0
   Number of cells:                 16
     $dffe_16                        1
     $memrd                          1
     $memwr_v2                       2
     $mux_1                          4
     $mux_16                         4
     $mux_7                          4

=== design hierarchy ===

   td_fused_top_dataflow_in_loop_TOP_LOOP76_ifmap_vec_0_0_memcore      1
     td_fused_top_dataflow_in_loop_TOP_LOOP76_ifmap_vec_0_0_memcore_ram      1

   Number of wires:                 34
   Number of wire bits:            307
   Number of public wires:          21
   Number of public wire bits:     135
   Number of memories:               1
   Number of memory bits:         2048
   Number of processes:              0
   Number of cells:                 16
     $dffe_16                        1
     $memrd                          1
     $memwr_v2                       2
     $mux_1                          4
     $mux_16                         4
     $mux_7                          4

