
5. Printing statistics.

=== td_fused_top_tdf8_readInputs57 ===

   Number of wires:                281
   Number of wire bits:           1828
   Number of public wires:         203
   Number of public wire bits:    1619
   Number of memories:               0
   Number of memory bits:            0
   Number of processes:              0
   Number of cells:                204
     $add_10                         3
     $add_12                         1
     $add_17                         2
     $add_18                         4
     $add_2                          2
     $add_3                          2
     $add_5                          3
     $add_6                          3
     $add_7                          1
     $add_9                          1
     $and_1                         24
     $dffe_1                        10
     $dffe_10                        2
     $dffe_17                        2
     $dffe_2                         7
     $dffe_3                         1
     $dffe_5                         4
     $dffe_6                         5
     $dffe_7                         2
     $dffe_9                         1
     $eq_4                           4
     $eq_6                           2
     $eq_7                           1
     $gt_17                          1
     $gt_18                          4
     $mux_1                         21
     $mux_10                         5
     $mux_16                         8
     $mux_2                          8
     $mux_4                          3
     $mux_5                          6
     $mux_6                          6
     $mux_7                          3
     $mux_9                          6
     $not_1                         11
     $or_1                          14
     $or_5                           3
     $pmux_4                         1
     $reduce_bool_2                  3
     $reduce_or_2                    2
     $sdff_1                         1
     $sdff_4                         1
     $sdffce_1                       1
     $sdffce_16                      2
     $sdffce_2                       1
     $sdffce_6                       1
     $sdffe_1                        3
     $sub_11                         1
     $sub_5                          1

