
5. Printing statistics.

=== C_LSTM_stage_2_18_10_16_1 ===

   Number of wires:                705
   Number of wire bits:          12129
   Number of public wires:         705
   Number of public wire bits:   12129
   Number of memories:               0
   Number of memory bits:            0
   Number of processes:              0
   Number of cells:                255
     $and                            1
     $sdffe                        226
     elementwise_add_core_18_18_16      1
     elementwise_mult_core_18_18_10_16_1      3
     lstm_gate_18_10_16_1            3
     output_activation_18_10_16_1      1
     shift_register_group_18_16_14      1
     shift_register_group_18_16_18      2
     shift_register_group_18_16_6      1
     tanh_core_18_18_10_32_1        16

=== abs_unit_18 ===

   Number of wires:                 11
   Number of wire bits:             96
   Number of public wires:          10
   Number of public wire bits:      78
   Number of memories:               0
   Number of memory bits:            0
   Number of processes:              0
   Number of cells:                  4
     $mux                            1
     $neg                            1
     $sdffe                          2

=== dsp_signed_mac_18_13_23_32 ===

   Number of wires:                 18
   Number of wire bits:            244
   Number of public wires:          16
   Number of public wire bits:     180
   Number of memories:               0
   Number of memory bits:            0
   Number of processes:              0
   Number of cells:                  9
     $add                            1
     $mul                            1
     $sdff                           4
     $sdffe                          3

=== dsp_signed_mult_18x18_unit_18_18_1 ===

   Number of wires:                 22
   Number of wire bits:            374
   Number of public wires:          20
   Number of public wire bits:     300
   Number of memories:               0
   Number of memory bits:            0
   Number of processes:              0
   Number of cells:                 11
     $mul                            2
     $sdffe                          9

=== elementwise_add_core_18_18_16 ===

   Number of wires:                121
   Number of wire bits:           2025
   Number of public wires:         105
   Number of public wire bits:    1737
   Number of memories:               0
   Number of memory bits:            0
   Number of processes:              0
   Number of cells:                 67
     $add                           16
     $and                            1
     $sdffe                         50

=== elementwise_mult_core_18_18_10_16_1 ===

   Number of wires:                169
   Number of wire bits:           2953
   Number of public wires:         169
   Number of public wire bits:    2953
   Number of memories:               0
   Number of memory bits:            0
   Number of processes:              0
   Number of cells:                 58
     $and                            1
     $sdffe                         33
     dsp_signed_mult_18x18_unit_18_18_1      8
     fp_rounding_unit_1_37_10       16

=== fp_rounding_unit_1_32_11 ===

   Number of wires:                 15
   Number of wire bits:            232
   Number of public wires:          14
   Number of public wire bits:     200
   Number of memories:               0
   Number of memory bits:            0
   Number of processes:              0
   Number of cells:                  8
     $add                            1
     $mux                            1
     $sdffe                          6

=== fp_rounding_unit_1_37_10 ===

   Number of wires:                 15
   Number of wire bits:            267
   Number of public wires:          14
   Number of public wire bits:     230
   Number of memories:               0
   Number of memory bits:            0
   Number of processes:              0
   Number of cells:                  8
     $add                            1
     $mux                            1
     $sdffe                          6

=== lstm_gate_18_10_16_1 ===

   Number of wires:                205
   Number of wire bits:           2925
   Number of public wires:         205
   Number of public wire bits:    2925
   Number of memories:               0
   Number of memory bits:            0
   Number of processes:              0
   Number of cells:                 21
     $and                            1
     elementwise_add_core_18_18_16      2
     elementwise_mult_core_18_18_10_16_1      1
     shift_register_group_18_16_10      1
     sigmoid_core_18_18_10_32_1     16

=== output_activation_18_10_16_1 ===

   Number of wires:                121
   Number of wire bits:           1481
   Number of public wires:         121
   Number of public wire bits:    1481
   Number of memories:               0
   Number of memory bits:            0
   Number of processes:              0
   Number of cells:                 18
     $and                            1
     elementwise_add_core_18_18_16      1
     sigmoid_core_18_18_10_32_1     16

=== shift_register_group_18_16_10 ===

   Number of wires:                 35
   Number of wire bits:            579
   Number of public wires:          35
   Number of public wire bits:     579
   Number of memories:               0
   Number of memory bits:            0
   Number of processes:              0
   Number of cells:                 16
     shift_register_unit_18_18      16

=== shift_register_group_18_16_14 ===

   Number of wires:                 35
   Number of wire bits:            579
   Number of public wires:          35
   Number of public wire bits:     579
   Number of memories:               0
   Number of memory bits:            0
   Number of processes:              0
   Number of cells:                 16
     shift_register_unit_18_14      16

=== shift_register_group_18_16_18 ===

   Number of wires:                 35
   Number of wire bits:            579
   Number of public wires:          35
   Number of public wire bits:     579
   Number of memories:               0
   Number of memory bits:            0
   Number of processes:              0
   Number of cells:                 16
     shift_register_unit_18_18      16

=== shift_register_group_18_16_6 ===

   Number of wires:                 35
   Number of wire bits:            579
   Number of public wires:          35
   Number of public wire bits:     579
   Number of memories:               0
   Number of memory bits:            0
   Number of processes:              0
   Number of cells:                 16
     shift_register_unit_18_6       16

=== shift_register_unit_18_14 ===

   Number of wires:                 19
   Number of wire bits:            291
   Number of public wires:          19
   Number of public wire bits:     291
   Number of memories:               0
   Number of memory bits:            0
   Number of processes:              0
   Number of cells:                 14
     $sdffe                         14

=== shift_register_unit_18_18 ===

   Number of wires:                 23
   Number of wire bits:            363
   Number of public wires:          23
   Number of public wire bits:     363
   Number of memories:               0
   Number of memory bits:            0
   Number of processes:              0
   Number of cells:                 18
     $sdffe                         18

=== shift_register_unit_18_6 ===

   Number of wires:                 11
   Number of wire bits:            147
   Number of public wires:          11
   Number of public wire bits:     147
   Number of memories:               0
   Number of memory bits:            0
   Number of processes:              0
   Number of cells:                  6
     $sdffe                          6

=== shift_register_unit_1_3 ===

   Number of wires:                  8
   Number of wire bits:              8
   Number of public wires:           8
   Number of public wire bits:       8
   Number of memories:               0
   Number of memory bits:            0
   Number of processes:              0
   Number of cells:                  3
     $sdffe                          3

=== sigmoid_core_18_18_10_32_1 ===

   Number of wires:                191
   Number of wire bits:           1991
   Number of public wires:          92
   Number of public wire bits:    1117
   Number of memories:               0
   Number of memory bits:            0
   Number of processes:              0
   Number of cells:                114
     $and                            1
     $dffe                           1
     $eq                            31
     $ge                             1
     $logic_not                      1
     $mux                           68
     $not                            1
     $reduce_and                     1
     $sdffe                          4
     $sub                            1
     abs_unit_18                     1
     dsp_signed_mac_18_13_23_32      1
     fp_rounding_unit_1_32_11        1
     shift_register_unit_1_3         1

=== tanh_core_18_18_10_32_1 ===

   Number of wires:                191
   Number of wire bits:           1991
   Number of public wires:          92
   Number of public wire bits:    1117
   Number of memories:               0
   Number of memory bits:            0
   Number of processes:              0
   Number of cells:                114
     $and                            1
     $dffe                           1
     $eq                            31
     $ge                             1
     $logic_not                      1
     $mux                           68
     $not                            1
     $reduce_and                     1
     $sdffe                          4
     $sub                            1
     abs_unit_18                     1
     dsp_signed_mac_18_13_23_32      1
     fp_rounding_unit_1_32_11        1
     shift_register_unit_1_3         1

=== design hierarchy ===

   C_LSTM_stage_2_18_10_16_1         1
     elementwise_add_core_18_18_16      1
     elementwise_mult_core_18_18_10_16_1      3
       dsp_signed_mult_18x18_unit_18_18_1      8
       fp_rounding_unit_1_37_10     16
     lstm_gate_18_10_16_1            3
       elementwise_add_core_18_18_16      2
       elementwise_mult_core_18_18_10_16_1      1
         dsp_signed_mult_18x18_unit_18_18_1      8
         fp_rounding_unit_1_37_10     16
       shift_register_group_18_16_10      1
         shift_register_unit_18_18     16
       sigmoid_core_18_18_10_32_1     16
         abs_unit_18                 1
         dsp_signed_mac_18_13_23_32      1
         fp_rounding_unit_1_32_11      1
         shift_register_unit_1_3      1
     output_activation_18_10_16_1      1
       elementwise_add_core_18_18_16      1
       sigmoid_core_18_18_10_32_1     16
         abs_unit_18                 1
         dsp_signed_mac_18_13_23_32      1
         fp_rounding_unit_1_32_11      1
         shift_register_unit_1_3      1
     shift_register_group_18_16_14      1
       shift_register_unit_18_14     16
     shift_register_group_18_16_18      2
       shift_register_unit_18_18     16
     shift_register_group_18_16_6      1
       shift_register_unit_18_6     16
     tanh_core_18_18_10_32_1        16
       abs_unit_18                   1
       dsp_signed_mac_18_13_23_32      1
       fp_rounding_unit_1_32_11      1
       shift_register_unit_1_3       1

   Number of wires:              27924
   Number of wire bits:         345668
   Number of public wires:       19364
   Number of public wire bits:  257220
   Number of memories:               0
   Number of memory bits:            0
   Number of processes:              0
   Number of cells:              14747
     $add                          384
     $and                           99
     $dffe                          80
     $eq                          2480
     $ge                            80
     $logic_not                     80
     $mul                          176
     $mux                         5696
     $neg                           80
     $not                           80
     $reduce_and                    80
     $sdff                         320
     $sdffe                       5032
     $sub                           80

