
5. Printing statistics.

=== abs_unit_18 ===

   Number of wires:                 11
   Number of wire bits:             96
   Number of public wires:          10
   Number of public wire bits:      78
   Number of memories:               0
   Number of memory bits:            0
   Number of processes:              0
   Number of cells:                  4
     $mux                            1
     $neg                            1
     $sdffe                          2

=== dsp_signed_mac_18_13_23_32 ===

   Number of wires:                 18
   Number of wire bits:            244
   Number of public wires:          16
   Number of public wire bits:     180
   Number of memories:               0
   Number of memory bits:            0
   Number of processes:              0
   Number of cells:                  9
     $add                            1
     $mul                            1
     $sdff                           4
     $sdffe                          3

=== elementwise_add_core_18_18_16 ===

   Number of wires:                121
   Number of wire bits:           2025
   Number of public wires:         105
   Number of public wire bits:    1737
   Number of memories:               0
   Number of memory bits:            0
   Number of processes:              0
   Number of cells:                 67
     $add                           16
     $and                            1
     $sdffe                         50

=== fp_rounding_unit_1_32_11 ===

   Number of wires:                 15
   Number of wire bits:            232
   Number of public wires:          14
   Number of public wire bits:     200
   Number of memories:               0
   Number of memory bits:            0
   Number of processes:              0
   Number of cells:                  8
     $add                            1
     $mux                            1
     $sdffe                          6

=== output_activation_18_10_16_1 ===

   Number of wires:                121
   Number of wire bits:           1481
   Number of public wires:         121
   Number of public wire bits:    1481
   Number of memories:               0
   Number of memory bits:            0
   Number of processes:              0
   Number of cells:                 18
     $and                            1
     elementwise_add_core_18_18_16      1
     sigmoid_core_18_18_10_32_1     16

=== shift_register_unit_1_3 ===

   Number of wires:                  8
   Number of wire bits:              8
   Number of public wires:           8
   Number of public wire bits:       8
   Number of memories:               0
   Number of memory bits:            0
   Number of processes:              0
   Number of cells:                  3
     $sdffe                          3

=== sigmoid_core_18_18_10_32_1 ===

   Number of wires:                191
   Number of wire bits:           1991
   Number of public wires:          92
   Number of public wire bits:    1117
   Number of memories:               0
   Number of memory bits:            0
   Number of processes:              0
   Number of cells:                114
     $and                            1
     $dffe                           1
     $eq                            31
     $ge                             1
     $logic_not                      1
     $mux                           68
     $not                            1
     $reduce_and                     1
     $sdffe                          4
     $sub                            1
     abs_unit_18                     1
     dsp_signed_mac_18_13_23_32      1
     fp_rounding_unit_1_32_11        1
     shift_register_unit_1_3         1

=== design hierarchy ===

   output_activation_18_10_16_1      1
     elementwise_add_core_18_18_16      1
     sigmoid_core_18_18_10_32_1     16
       abs_unit_18                   1
       dsp_signed_mac_18_13_23_32      1
       fp_rounding_unit_1_32_11      1
       shift_register_unit_1_3       1

   Number of wires:               4130
   Number of wire bits:          44642
   Number of public wires:        2466
   Number of public wire bits:   28546
   Number of memories:               0
   Number of memory bits:            0
   Number of processes:              0
   Number of cells:               2212
     $add                           48
     $and                           18
     $dffe                          16
     $eq                           496
     $ge                            16
     $logic_not                     16
     $mul                           16
     $mux                         1120
     $neg                           16
     $not                           16
     $reduce_and                    16
     $sdff                          64
     $sdffe                        338
     $sub                           16

