
5. Printing statistics.

=== $paramod$d00916e4dfc2c0e171972116a153dab27e988efb\single_port_ram ===

   Number of wires:                  9
   Number of wire bits:            836
   Number of public wires:           5
   Number of public wire bits:     338
   Number of memories:               1
   Number of memory bits:         1944
   Number of processes:              0
   Number of cells:                  6
     $dffe                           1
     $memrd                          1
     $memwr_v2                       1
     $mux                            3

=== weight_buffer_18_9_42_1_2688Wixr_imag_half_0 ===

   Number of wires:                 15
   Number of wire bits:            362
   Number of public wires:          15
   Number of public wire bits:     362
   Number of memories:               0
   Number of memory bits:            0
   Number of processes:              0
   Number of cells:                  2
     $dff                            1
     $paramod$d00916e4dfc2c0e171972116a153dab27e988efb\single_port_ram      1

=== design hierarchy ===

   weight_buffer_18_9_42_1_2688Wixr_imag_half_0      1
     $paramod$d00916e4dfc2c0e171972116a153dab27e988efb\single_port_ram      1

   Number of wires:                 24
   Number of wire bits:           1198
   Number of public wires:          20
   Number of public wire bits:     700
   Number of memories:               1
   Number of memory bits:         1944
   Number of processes:              0
   Number of cells:                  7
     $dff                            1
     $dffe                           1
     $memrd                          1
     $memwr_v2                       1
     $mux                            3

