
5. Printing statistics.

=== $paramod$06d1378780a49be520a2b3a2c4922119883641e2\dpram ===

   Number of wires:                 17
   Number of wire bits:            175
   Number of public wires:           9
   Number of public wire bits:      73
   Number of memories:               1
   Number of memory bits:          128
   Number of processes:              0
   Number of cells:                 12
     $dffe                           2
     $memrd                          2
     $memwr_v2                       2
     $mux                            6

=== $paramod$444f4f35aae1753c454375fdcc6a89a96e0bb6d9\td_fused_top_dataflow_in_loop_TOP_LOOP49028_accum1_out_0 ===

   Number of wires:                 99
   Number of wire bits:            349
   Number of public wires:          54
   Number of public wire bits:     285
   Number of memories:               0
   Number of memory bits:            0
   Number of processes:              0
   Number of cells:                 77
     $add                            3
     $and                            4
     $eq                             1
     $logic_and                     10
     $logic_not                      6
     $logic_or                       1
     $mux                           35
     $not                            1
     $reduce_bool                    3
     $reduce_or                      1
     $sdff                           2
     $sdffe                          7
     $sub                            1
     td_fused_top_dataflow_in_loop_TOP_LOOP49028_accum1_out_0_memcore      2

=== $paramod$a6bb0a4edb988afd58ba32a584a6be99c2cc4c33\dpram ===

   Number of wires:                 17
   Number of wire bits:            183
   Number of public wires:           9
   Number of public wire bits:      77
   Number of memories:               1
   Number of memory bits:          512
   Number of processes:              0
   Number of cells:                 12
     $dffe                           2
     $memrd                          2
     $memwr_v2                       2
     $mux                            6

=== $paramod$c414455ae88fca9ac64260ff619bba7437d661cf\td_fused_top_hadd_16ns_16ns_16_2_full_dsp_1 ===

   Number of wires:                 17
   Number of wire bits:            167
   Number of public wires:          17
   Number of public wire bits:     167
   Number of memories:               0
   Number of memory bits:            0
   Number of processes:              0
   Number of cells:                  6
     $dff                            2
     $dffe                           2
     $mux                            1
     td_fused_top_ap_hadd_0_full_dsp_16      1

=== $paramod$c414455ae88fca9ac64260ff619bba7437d661cf\td_fused_top_hmul_16ns_16ns_16_2_max_dsp_1 ===

   Number of wires:                 17
   Number of wire bits:            167
   Number of public wires:          17
   Number of public wire bits:     167
   Number of memories:               0
   Number of memory bits:            0
   Number of processes:              0
   Number of cells:                  6
     $dff                            2
     $dffe                           2
     $mux                            1
     td_fused_top_ap_hmul_0_max_dsp_16      1

=== $paramod$d21e5f6e694f4e12d1f46ee6f235df73967f95ea\td_fused_top_dataflow_in_loop_TOP_LOOP49028_ifmap_vec_0_0 ===

   Number of wires:                 99
   Number of wire bits:            365
   Number of public wires:          55
   Number of public wire bits:     317
   Number of memories:               0
   Number of memory bits:            0
   Number of processes:              0
   Number of cells:                 77
     $add                            3
     $and                            4
     $eq                             1
     $logic_and                     10
     $logic_not                      6
     $logic_or                       1
     $mux                           35
     $not                            1
     $reduce_bool                    3
     $reduce_or                      1
     $sdff                           2
     $sdffe                          7
     $sub                            1
     td_fused_top_dataflow_in_loop_TOP_LOOP49028_ifmap_vec_0_0_memcore      2

=== $paramod$d21e5f6e694f4e12d1f46ee6f235df73967f95ea\td_fused_top_dataflow_in_loop_TOP_LOOP49028_products_0 ===

   Number of wires:                101
   Number of wire bits:            381
   Number of public wires:          51
   Number of public wire bits:     297
   Number of memories:               0
   Number of memory bits:            0
   Number of processes:              0
   Number of cells:                 82
     $add                            3
     $and                            4
     $eq                             1
     $logic_and                     11
     $logic_not                      8
     $logic_or                       1
     $mux                           34
     $not                            1
     $reduce_bool                    4
     $reduce_or                      1
     $sdff                           2
     $sdffe                          9
     $sub                            1
     td_fused_top_dataflow_in_loop_TOP_LOOP49028_products_0_memcore      2

=== $paramod$d21e5f6e694f4e12d1f46ee6f235df73967f95ea\td_fused_top_dataflow_in_loop_TOP_LOOP49028_weight_vecs_0_0_0 ===

   Number of wires:                 55
   Number of wire bits:            138
   Number of public wires:          28
   Number of public wire bits:     107
   Number of memories:               0
   Number of memory bits:            0
   Number of processes:              0
   Number of cells:                 36
     $add                            3
     $and                            4
     $eq                             1
     $logic_and                      7
     $logic_not                      4
     $logic_or                       1
     $mux                            6
     $reduce_bool                    2
     $reduce_or                      1
     $sdffe                          5
     $sub                            1
     td_fused_top_dataflow_in_loop_TOP_LOOP49028_weight_vecs_0_0_0_memcore      1

=== $paramod$d469e4afe47aade94905ad9cf27ab37f760587d2\dpram ===

   Number of wires:                 17
   Number of wire bits:            187
   Number of public wires:           9
   Number of public wire bits:      79
   Number of memories:               1
   Number of memory bits:         1024
   Number of processes:              0
   Number of cells:                 12
     $dffe                           2
     $memrd                          2
     $memwr_v2                       2
     $mux                            6

=== FPAddSub ===

   Number of wires:                 45
   Number of wire bits:            591
   Number of public wires:          45
   Number of public wire bits:     591
   Number of memories:               0
   Number of memory bits:            0
   Number of processes:              0
   Number of cells:                 19
     $mux                            9
     FPAddSub_AlignModule            1
     FPAddSub_AlignShift1            1
     FPAddSub_AlignShift2            1
     FPAddSub_ExceptionModule        1
     FPAddSub_ExecutionModule        1
     FPAddSub_NormalizeModule        1
     FPAddSub_NormalizeShift1        1
     FPAddSub_NormalizeShift2        1
     FPAddSub_PrealignModule         1
     FPAddSub_RoundModule            1

=== FPAddSub_AlignModule ===

   Number of wires:                  8
   Number of wire bits:             71
   Number of public wires:           8
   Number of public wire bits:      71
   Number of memories:               0
   Number of memory bits:            0
   Number of processes:              0
   Number of cells:                  5
     $lt                             1
     $mux                            4

=== FPAddSub_AlignShift1 ===

   Number of wires:                 12
   Number of wire bits:             74
   Number of public wires:           6
   Number of public wire bits:      68
   Number of memories:               0
   Number of memory bits:            0
   Number of processes:              0
   Number of cells:                 18
     $eq                             3
     $logic_not                      1
     $mux                            1
     $pmux                          11
     $reduce_or                      2

=== FPAddSub_AlignShift2 ===

   Number of wires:                 11
   Number of wire bits:             63
   Number of public wires:           5
   Number of public wire bits:      57
   Number of memories:               0
   Number of memory bits:            0
   Number of processes:              0
   Number of cells:                 17
     $eq                             3
     $logic_not                      1
     $pmux                          11
     $reduce_or                      2

=== FPAddSub_ExceptionModule ===

   Number of wires:                 23
   Number of wire bits:             61
   Number of public wires:          13
   Number of public wire bits:      51
   Number of memories:               0
   Number of memory bits:            0
   Number of processes:              0
   Number of cells:                 15
     $and                            4
     $logic_not                      1
     $not                            2
     $or                             5
     $reduce_and                     1
     $reduce_or                      2

=== FPAddSub_ExecutionModule ===

   Number of wires:                 12
   Number of wire bits:             79
   Number of public wires:           9
   Number of public wire bits:      44
   Number of memories:               0
   Number of memory bits:            0
   Number of processes:              0
   Number of cells:                  6
     $add                            1
     $mux                            2
     $sub                            1
     $xor                            2

=== FPAddSub_NormalizeModule ===

   Number of wires:                 16
   Number of wire bits:            116
   Number of public wires:           4
   Number of public wire bits:      56
   Number of memories:               0
   Number of memory bits:            0
   Number of processes:              0
   Number of cells:                 14
     $mux                           14

=== FPAddSub_NormalizeShift1 ===

   Number of wires:                 19
   Number of wire bits:            152
   Number of public wires:           7
   Number of public wire bits:     140
   Number of memories:               0
   Number of memory bits:            0
   Number of processes:              0
   Number of cells:                 20
     $eq                             6
     $logic_not                      2
     $pmux                           8
     $reduce_or                      4

=== FPAddSub_NormalizeShift2 ===

   Number of wires:                 14
   Number of wire bits:             62
   Number of public wires:          13
   Number of public wire bits:      61
   Number of memories:               0
   Number of memory bits:            0
   Number of processes:              0
   Number of cells:                  6
     $add                            1
     $logic_not                      1
     $mux                            1
     $reduce_or                      2
     $sub                            1

=== FPAddSub_PrealignModule ===

   Number of wires:                 30
   Number of wire bits:            295
   Number of public wires:          16
   Number of public wire bits:      95
   Number of memories:               0
   Number of memory bits:            0
   Number of processes:              0
   Number of cells:                 19
     $add                            4
     $and                            4
     $logic_not                      2
     $not                            2
     $or                             3
     $reduce_and                     2
     $reduce_or                      2

=== FPAddSub_RoundModule ===

   Number of wires:                 35
   Number of wire bits:            124
   Number of public wires:          19
   Number of public wire bits:      72
   Number of memories:               0
   Number of memory bits:            0
   Number of processes:              0
   Number of cells:                 22
     $add                            2
     $and                            7
     $mux                            4
     $not                            2
     $or                             5
     $xor                            2

=== FPMult_16 ===

   Number of wires:                 27
   Number of wire bits:            348
   Number of public wires:          27
   Number of public wire bits:     348
   Number of memories:               0
   Number of memory bits:            0
   Number of processes:              0
   Number of cells:                  9
     $mux                            5
     FPMult_ExecuteModule            1
     FPMult_NormalizeModule          1
     FPMult_PrepModule               1
     FPMult_RoundModule              1

=== FPMult_ExecuteModule ===

   Number of wires:                 15
   Number of wire bits:            103
   Number of public wires:          12
   Number of public wire bits:      95
   Number of memories:               0
   Number of memory bits:            0
   Number of processes:              0
   Number of cells:                  7
     $add                            2
     $and                            1
     $mux                            1
     $or                             1
     $reduce_or                      1
     $xor                            1

=== FPMult_NormalizeModule ===

   Number of wires:                  8
   Number of wire bits:            114
   Number of public wires:           6
   Number of public wire bits:      50
   Number of memories:               0
   Number of memory bits:            0
   Number of processes:              0
   Number of cells:                  2
     $sub                            2

=== FPMult_PrepModule ===

   Number of wires:                 23
   Number of wire bits:             86
   Number of public wires:          14
   Number of public wire bits:      77
   Number of memories:               0
   Number of memory bits:            0
   Number of processes:              0
   Number of cells:                 15
     $and                            4
     $logic_not                      2
     $mul                            1
     $or                             3
     $reduce_and                     2
     $reduce_or                      3

=== FPMult_RoundModule ===

   Number of wires:                 12
   Number of wire bits:             90
   Number of public wires:          12
   Number of public wire bits:      90
   Number of memories:               0
   Number of memory bits:            0
   Number of processes:              0
   Number of cells:                  3
     $mux                            3

=== td_fused_top_Block_entry_proc_proc505 ===

   Number of wires:                 16
   Number of wire bits:             61
   Number of public wires:          14
   Number of public wire bits:      59
   Number of memories:               0
   Number of memory bits:            0
   Number of processes:              0
   Number of cells:                  9
     $mux                            4
     $not                            1
     $or                             1
     $reduce_or                      1
     $sdff                           2

=== td_fused_top_ap_hadd_0_full_dsp_16 ===

   Number of wires:                  6
   Number of wire bits:             51
   Number of public wires:           6
   Number of public wire bits:      51
   Number of memories:               0
   Number of memory bits:            0
   Number of processes:              0
   Number of cells:                  1
     FPAddSub                        1

=== td_fused_top_ap_hmul_0_max_dsp_16 ===

   Number of wires:                  6
   Number of wire bits:             51
   Number of public wires:           6
   Number of public wire bits:      51
   Number of memories:               0
   Number of memory bits:            0
   Number of processes:              0
   Number of cells:                  1
     FPMult_16                       1

=== td_fused_top_dataflow_in_loop_TOP_LOOP49028 ===

   Number of wires:                249
   Number of wire bits:           2397
   Number of public wires:         222
   Number of public wire bits:    2370
   Number of memories:               0
   Number of memory bits:            0
   Number of processes:              0
   Number of cells:                 58
     $and                           22
     $not                           10
     $or                             3
     $paramod$444f4f35aae1753c454375fdcc6a89a96e0bb6d9\td_fused_top_dataflow_in_loop_TOP_LOOP49028_accum1_out_0      1
     $paramod$d21e5f6e694f4e12d1f46ee6f235df73967f95ea\td_fused_top_dataflow_in_loop_TOP_LOOP49028_ifmap_vec_0_0      1
     $paramod$d21e5f6e694f4e12d1f46ee6f235df73967f95ea\td_fused_top_dataflow_in_loop_TOP_LOOP49028_products_0      1
     $paramod$d21e5f6e694f4e12d1f46ee6f235df73967f95ea\td_fused_top_dataflow_in_loop_TOP_LOOP49028_weight_vecs_0_0_0      1
     $reduce_or                      1
     $sdff                           3
     td_fused_top_Block_entry_proc_proc505      1
     td_fused_top_fifo_w12_d6_S      1
     td_fused_top_fifo_w16_d2_S_x0      4
     td_fused_top_fifo_w4_d2_S_x      1
     td_fused_top_fifo_w6_d6_S       1
     td_fused_top_tdf3_accum_1       1
     td_fused_top_tdf3_accum_2       1
     td_fused_top_tdf3_dot_product      1
     td_fused_top_tdf3_get_next_ijk      1
     td_fused_top_tdf3_readFilters30      1
     td_fused_top_tdf3_readInputs      1
     td_fused_top_tdf3_writeOutputs_unaligned      1

=== td_fused_top_dataflow_in_loop_TOP_LOOP49028_accum1_out_0_memcore ===

   Number of wires:                 14
   Number of wire bits:             78
   Number of public wires:          14
   Number of public wire bits:      78
   Number of memories:               0
   Number of memory bits:            0
   Number of processes:              0
   Number of cells:                  3
     $and                            2
     $paramod$06d1378780a49be520a2b3a2c4922119883641e2\dpram      1

=== td_fused_top_dataflow_in_loop_TOP_LOOP49028_ifmap_vec_0_0_memcore ===

   Number of wires:                 14
   Number of wire bits:             82
   Number of public wires:          14
   Number of public wire bits:      82
   Number of memories:               0
   Number of memory bits:            0
   Number of processes:              0
   Number of cells:                  3
     $and                            2
     $paramod$a6bb0a4edb988afd58ba32a584a6be99c2cc4c33\dpram      1

=== td_fused_top_dataflow_in_loop_TOP_LOOP49028_products_0_memcore ===

   Number of wires:                 13
   Number of wire bits:             81
   Number of public wires:          13
   Number of public wire bits:      81
   Number of memories:               0
   Number of memory bits:            0
   Number of processes:              0
   Number of cells:                  2
     $and                            1
     $paramod$a6bb0a4edb988afd58ba32a584a6be99c2cc4c33\dpram      1

=== td_fused_top_dataflow_in_loop_TOP_LOOP49028_weight_vecs_0_0_0_memcore ===

   Number of wires:                 14
   Number of wire bits:             84
   Number of public wires:          14
   Number of public wire bits:      84
   Number of memories:               0
   Number of memory bits:            0
   Number of processes:              0
   Number of cells:                  3
     $and                            2
     $paramod$d469e4afe47aade94905ad9cf27ab37f760587d2\dpram      1

=== td_fused_top_fifo_w12_d6_S ===

   Number of wires:                 46
   Number of wire bits:            169
   Number of public wires:          17
   Number of public wire bits:      66
   Number of memories:               0
   Number of memory bits:            0
   Number of processes:              0
   Number of cells:                 35
     $add                            1
     $and                            6
     $eq                             3
     $logic_and                      2
     $logic_not                      3
     $mux                            6
     $ne                             1
     $not                            2
     $or                             2
     $reduce_and                     2
     $reduce_bool                    1
     $reduce_or                      1
     $sdffe                          3
     $sub                            1
     td_fused_top_fifo_w12_d6_S_shiftReg      1

=== td_fused_top_fifo_w12_d6_S_shiftReg ===

   Number of wires:                 16
   Number of wire bits:            106
   Number of public wires:          11
   Number of public wire bits:     101
   Number of memories:               0
   Number of memory bits:            0
   Number of processes:              0
   Number of cells:                 12
     $dffe                           6
     $eq                             4
     $logic_not                      1
     $pmux                           1

=== td_fused_top_fifo_w16_d2_S_x0 ===

   Number of wires:                 45
   Number of wire bits:            172
   Number of public wires:          17
   Number of public wire bits:      78
   Number of memories:               0
   Number of memory bits:            0
   Number of processes:              0
   Number of cells:                 34
     $add                            1
     $and                            6
     $eq                             2
     $logic_and                      2
     $logic_not                      3
     $mux                            6
     $ne                             1
     $not                            2
     $or                             2
     $reduce_and                     2
     $reduce_bool                    1
     $reduce_or                      1
     $sdffe                          3
     $sub                            1
     td_fused_top_fifo_w16_d2_S_x0_shiftReg      1

=== td_fused_top_fifo_w16_d2_S_x0_shiftReg ===

   Number of wires:                  8
   Number of wire bits:             68
   Number of public wires:           7
   Number of public wire bits:      67
   Number of memories:               0
   Number of memory bits:            0
   Number of processes:              0
   Number of cells:                  4
     $dffe                           2
     $not                            1
     $pmux                           1

=== td_fused_top_fifo_w4_d2_S_x ===

   Number of wires:                 45
   Number of wire bits:            124
   Number of public wires:          17
   Number of public wire bits:      30
   Number of memories:               0
   Number of memory bits:            0
   Number of processes:              0
   Number of cells:                 34
     $add                            1
     $and                            6
     $eq                             2
     $logic_and                      2
     $logic_not                      3
     $mux                            6
     $ne                             1
     $not                            2
     $or                             2
     $reduce_and                     2
     $reduce_bool                    1
     $reduce_or                      1
     $sdffe                          3
     $sub                            1
     td_fused_top_fifo_w4_d2_S_x_shiftReg      1

=== td_fused_top_fifo_w4_d2_S_x_shiftReg ===

   Number of wires:                  8
   Number of wire bits:             20
   Number of public wires:           7
   Number of public wire bits:      19
   Number of memories:               0
   Number of memory bits:            0
   Number of processes:              0
   Number of cells:                  4
     $dffe                           2
     $not                            1
     $pmux                           1

=== td_fused_top_fifo_w6_d6_S ===

   Number of wires:                 46
   Number of wire bits:            145
   Number of public wires:          17
   Number of public wire bits:      42
   Number of memories:               0
   Number of memory bits:            0
   Number of processes:              0
   Number of cells:                 35
     $add                            1
     $and                            6
     $eq                             3
     $logic_and                      2
     $logic_not                      3
     $mux                            6
     $ne                             1
     $not                            2
     $or                             2
     $reduce_and                     2
     $reduce_bool                    1
     $reduce_or                      1
     $sdffe                          3
     $sub                            1
     td_fused_top_fifo_w6_d6_S_shiftReg      1

=== td_fused_top_fifo_w6_d6_S_shiftReg ===

   Number of wires:                 16
   Number of wire bits:             58
   Number of public wires:          11
   Number of public wire bits:      53
   Number of memories:               0
   Number of memory bits:            0
   Number of processes:              0
   Number of cells:                 12
     $dffe                           6
     $eq                             4
     $logic_not                      1
     $pmux                           1

=== td_fused_top_tdf3_accum_1 ===

   Number of wires:                187
   Number of wire bits:           1497
   Number of public wires:         110
   Number of public wire bits:    1207
   Number of memories:               0
   Number of memory bits:            0
   Number of processes:              0
   Number of cells:                135
     $add                            2
     $and                           21
     $dffe                          19
     $eq                            13
     $logic_not                      1
     $mux                           44
     $not                           10
     $or                            13
     $paramod$c414455ae88fca9ac64260ff619bba7437d661cf\td_fused_top_hadd_16ns_16ns_16_2_full_dsp_1      2
     $pmux                           1
     $reduce_bool                    2
     $reduce_or                      2
     $sdff                           2
     $sdffe                          3

=== td_fused_top_tdf3_accum_2 ===

   Number of wires:                 41
   Number of wire bits:            202
   Number of public wires:          28
   Number of public wire bits:     183
   Number of memories:               0
   Number of memory bits:            0
   Number of processes:              0
   Number of cells:                 29
     $add                            1
     $and                            3
     $dffe                           1
     $eq                             5
     $mux                            8
     $not                            2
     $or                             1
     $paramod$c414455ae88fca9ac64260ff619bba7437d661cf\td_fused_top_hadd_16ns_16ns_16_2_full_dsp_1      1
     $pmux                           1
     $reduce_or                      1
     $sdff                           3
     $sdffe                          2

=== td_fused_top_tdf3_dot_product ===

   Number of wires:                 76
   Number of wire bits:            306
   Number of public wires:          45
   Number of public wire bits:     269
   Number of memories:               0
   Number of memory bits:            0
   Number of processes:              0
   Number of cells:                 53
     $add                            1
     $and                           12
     $dffe                           4
     $eq                             4
     $mux                           12
     $not                            8
     $or                             2
     $paramod$c414455ae88fca9ac64260ff619bba7437d661cf\td_fused_top_hmul_16ns_16ns_16_2_max_dsp_1      1
     $pmux                           1
     $reduce_or                      2
     $sdff                           4
     $sdffe                          2

=== td_fused_top_tdf3_get_next_ijk ===

   Number of wires:                 50
   Number of wire bits:            233
   Number of public wires:          30
   Number of public wire bits:     183
   Number of memories:               0
   Number of memory bits:            0
   Number of processes:              0
   Number of cells:                 37
     $add                            3
     $and                            5
     $dffe                           2
     $eq                             3
     $mux                           12
     $not                            5
     $or                             4
     $reduce_or                      1
     $sdff                           1
     $sdffce                         1

=== td_fused_top_tdf3_readFilters30 ===

   Number of wires:                 66
   Number of wire bits:            307
   Number of public wires:          42
   Number of public wire bits:     269
   Number of memories:               0
   Number of memory bits:            0
   Number of processes:              0
   Number of cells:                 45
     $add                            2
     $and                            8
     $dffe                           4
     $eq                             4
     $mux                           14
     $not                            4
     $or                             1
     $pmux                           1
     $reduce_bool                    1
     $reduce_or                      2
     $sdff                           3
     $sdffe                          1

=== td_fused_top_tdf3_readInputs ===

   Number of wires:                146
   Number of wire bits:           1047
   Number of public wires:          97
   Number of public wire bits:     944
   Number of memories:               0
   Number of memory bits:            0
   Number of processes:              0
   Number of cells:                 90
     $add                            2
     $and                           13
     $dffe                           6
     $eq                             5
     $gt                             2
     $mux                           30
     $not                            8
     $or                            12
     $pmux                           1
     $reduce_bool                    2
     $reduce_or                      2
     $sdff                           2
     $sdffce                         2
     $sdffe                          2
     $sub                            1

=== td_fused_top_tdf3_writeOutputs_unaligned ===

   Number of wires:                189
   Number of wire bits:          15519
   Number of public wires:         155
   Number of public wire bits:   15484
   Number of memories:               0
   Number of memory bits:            0
   Number of processes:              0
   Number of cells:                125
     $add                            3
     $and                           25
     $dffe                           6
     $eq                             7
     $gt                             4
     $logic_not                      1
     $mux                           28
     $not                            5
     $or                            14
     $pmux                           1
     $reduce_or                      1
     $sdff                           2
     $sdffce                         2
     $sdffe                          1
     $shl                            8
     $shr                            4
     $sub                            1
     $xor                           12

=== top ===

   Number of wires:                119
   Number of wire bits:           4313
   Number of public wires:         119
   Number of public wire bits:    4313
   Number of memories:               0
   Number of memory bits:            0
   Number of processes:              0
   Number of cells:                  3
     td_fused_top_dataflow_in_loop_TOP_LOOP49028      3

=== design hierarchy ===

   top                               1
     td_fused_top_dataflow_in_loop_TOP_LOOP49028      3
       $paramod$444f4f35aae1753c454375fdcc6a89a96e0bb6d9\td_fused_top_dataflow_in_loop_TOP_LOOP49028_accum1_out_0      1
         td_fused_top_dataflow_in_loop_TOP_LOOP49028_accum1_out_0_memcore      2
           $paramod$06d1378780a49be520a2b3a2c4922119883641e2\dpram      1
       $paramod$d21e5f6e694f4e12d1f46ee6f235df73967f95ea\td_fused_top_dataflow_in_loop_TOP_LOOP49028_ifmap_vec_0_0      1
         td_fused_top_dataflow_in_loop_TOP_LOOP49028_ifmap_vec_0_0_memcore      2
           $paramod$a6bb0a4edb988afd58ba32a584a6be99c2cc4c33\dpram      1
       $paramod$d21e5f6e694f4e12d1f46ee6f235df73967f95ea\td_fused_top_dataflow_in_loop_TOP_LOOP49028_products_0      1
         td_fused_top_dataflow_in_loop_TOP_LOOP49028_products_0_memcore      2
           $paramod$a6bb0a4edb988afd58ba32a584a6be99c2cc4c33\dpram      1
       $paramod$d21e5f6e694f4e12d1f46ee6f235df73967f95ea\td_fused_top_dataflow_in_loop_TOP_LOOP49028_weight_vecs_0_0_0      1
         td_fused_top_dataflow_in_loop_TOP_LOOP49028_weight_vecs_0_0_0_memcore      1
           $paramod$d469e4afe47aade94905ad9cf27ab37f760587d2\dpram      1
       td_fused_top_Block_entry_proc_proc505      1
       td_fused_top_fifo_w12_d6_S      1
         td_fused_top_fifo_w12_d6_S_shiftReg      1
       td_fused_top_fifo_w16_d2_S_x0      4
         td_fused_top_fifo_w16_d2_S_x0_shiftReg      1
       td_fused_top_fifo_w4_d2_S_x      1
         td_fused_top_fifo_w4_d2_S_x_shiftReg      1
       td_fused_top_fifo_w6_d6_S      1
         td_fused_top_fifo_w6_d6_S_shiftReg      1
       td_fused_top_tdf3_accum_1      1
         $paramod$c414455ae88fca9ac64260ff619bba7437d661cf\td_fused_top_hadd_16ns_16ns_16_2_full_dsp_1      2
           td_fused_top_ap_hadd_0_full_dsp_16      1
             FPAddSub                1
               FPAddSub_AlignModule      1
               FPAddSub_AlignShift1      1
               FPAddSub_AlignShift2      1
               FPAddSub_ExceptionModule      1
               FPAddSub_ExecutionModule      1
               FPAddSub_NormalizeModule      1
               FPAddSub_NormalizeShift1      1
               FPAddSub_NormalizeShift2      1
               FPAddSub_PrealignModule      1
               FPAddSub_RoundModule      1
       td_fused_top_tdf3_accum_2      1
         $paramod$c414455ae88fca9ac64260ff619bba7437d661cf\td_fused_top_hadd_16ns_16ns_16_2_full_dsp_1      1
           td_fused_top_ap_hadd_0_full_dsp_16      1
             FPAddSub                1
               FPAddSub_AlignModule      1
               FPAddSub_AlignShift1      1
               FPAddSub_AlignShift2      1
               FPAddSub_ExceptionModule      1
               FPAddSub_ExecutionModule      1
               FPAddSub_NormalizeModule      1
               FPAddSub_NormalizeShift1      1
               FPAddSub_NormalizeShift2      1
               FPAddSub_PrealignModule      1
               FPAddSub_RoundModule      1
       td_fused_top_tdf3_dot_product      1
         $paramod$c414455ae88fca9ac64260ff619bba7437d661cf\td_fused_top_hmul_16ns_16ns_16_2_max_dsp_1      1
           td_fused_top_ap_hmul_0_max_dsp_16      1
             FPMult_16               1
               FPMult_ExecuteModule      1
               FPMult_NormalizeModule      1
               FPMult_PrepModule      1
               FPMult_RoundModule      1
       td_fused_top_tdf3_get_next_ijk      1
       td_fused_top_tdf3_readFilters30      1
       td_fused_top_tdf3_readInputs      1
       td_fused_top_tdf3_writeOutputs_unaligned      1

   Number of wires:               8609
   Number of wire bits:         103001
   Number of public wires:        5711
   Number of public wire bits:   92555
   Number of memories:              21
   Number of memory bits:         9984
   Number of processes:              0
   Number of cells:               5103
     $add                          177
     $and                          687
     $dff                           24
     $dffe                         258
     $eq                           315
     $gt                            18
     $logic_and                    156
     $logic_not                    225
     $logic_or                      12
     $lt                             9
     $memrd                         42
     $memwr_v2                      42
     $mul                            3
     $mux                         1392
     $ne                            21
     $not                          279
     $or                           324
     $pmux                         309
     $reduce_and                    75
     $reduce_bool                   72
     $reduce_or                    210
     $sdff                          84
     $sdffce                        15
     $sdffe                        180
     $shl                           24
     $shr                           12
     $sub                           63
     $xor                           75

