
5. Printing statistics.

=== $paramod$3ba363c57e18702ead9096ac82e02dd89f68084a\processing_element ===

   Number of wires:                 12
   Number of wire bits:            146
   Number of public wires:           7
   Number of public wire bits:     122
   Number of memories:               0
   Number of memory bits:            0
   Number of processes:              0
   Number of cells:                  9
     $add                            1
     $eq                             1
     $gt                             1
     $logic_not                      1
     $lt                             1
     $mux                            4

=== $paramod$5acd687b4b9e547544b6afb40aa21b02d10bac56\rounding ===

   Number of wires:                  4
   Number of wire bits:             57
   Number of public wires:           3
   Number of public wire bits:      56
   Number of memories:               0
   Number of memory bits:            0
   Number of processes:              0
   Number of cells:                  2
     $add                            1
     $logic_not                      1

=== $paramod$ab59b465056463fc04d10aed504d582ed3f913f6\processing_element ===

   Number of wires:                 12
   Number of wire bits:            138
   Number of public wires:           7
   Number of public wire bits:     114
   Number of memories:               0
   Number of memory bits:            0
   Number of processes:              0
   Number of cells:                  9
     $add                            1
     $eq                             1
     $gt                             1
     $logic_not                      1
     $lt                             1
     $mux                            4

=== reduction_layer ===

   Number of wires:                 52
   Number of wire bits:           4322
   Number of public wires:          20
   Number of public wire bits:    4205
   Number of memories:               0
   Number of memory bits:            0
   Number of processes:              0
   Number of cells:                 42
     $add                            2
     $dffe                           1
     $eq                             5
     $logic_not                      2
     $mux                            8
     $ne                             4
     $paramod$5acd687b4b9e547544b6afb40aa21b02d10bac56\rounding      1
     $pmux                           4
     $reduce_and                     4
     $reduce_bool                    4
     $reduce_or                      1
     $sdffe                          4
     reduction_unit                  1
     spram                           1

=== reduction_unit ===

   Number of wires:                387
   Number of wire bits:           7172
   Number of public wires:         387
   Number of public wire bits:    7172
   Number of memories:               0
   Number of memory bits:            0
   Number of processes:              0
   Number of cells:                256
     $paramod$3ba363c57e18702ead9096ac82e02dd89f68084a\processing_element     64
     $paramod$ab59b465056463fc04d10aed504d582ed3f913f6\processing_element     64
     $sdff                         128

=== spram ===

   Number of wires:                  9
   Number of wire bits:          10252
   Number of public wires:           5
   Number of public wire bits:    4103
   Number of memories:               1
   Number of memory bits:        65536
   Number of processes:              0
   Number of cells:                  6
     $dffe                           1
     $memrd                          1
     $memwr_v2                       1
     $mux                            3

=== design hierarchy ===

   reduction_layer                   1
     $paramod$5acd687b4b9e547544b6afb40aa21b02d10bac56\rounding      1
     reduction_unit                  1
       $paramod$3ba363c57e18702ead9096ac82e02dd89f68084a\processing_element     64
       $paramod$ab59b465056463fc04d10aed504d582ed3f913f6\processing_element     64
     spram                           1

   Number of wires:               1988
   Number of wire bits:          39979
   Number of public wires:        1311
   Number of public wire bits:   30640
   Number of memories:               1
   Number of memory bits:        65536
   Number of processes:              0
   Number of cells:               1327
     $add                          131
     $dffe                           2
     $eq                           133
     $gt                           128
     $logic_not                    131
     $lt                           128
     $memrd                          1
     $memwr_v2                       1
     $mux                          523
     $ne                             4
     $pmux                           4
     $reduce_and                     4
     $reduce_bool                    4
     $reduce_or                      1
     $sdff                         128
     $sdffe                          4

