
5. Printing statistics.

=== cavlc_fsm ===

   Number of wires:                 66
   Number of wire bits:            260
   Number of public wires:          14
   Number of public wire bits:      41
   Number of memories:               0
   Number of memory bits:            0
   Number of processes:              0
   Number of cells:                 55
     $adffe                          3
     $eq                             9
     $gt                             2
     $logic_and                      2
     $logic_not                      2
     $logic_or                       1
     $lt                             1
     $mux                           15
     $ne                             7
     $pmux                           3
     $reduce_and                     3
     $reduce_bool                    3
     $sub                            4

=== cavlc_len_gen ===

   Number of wires:                  8
   Number of wire bits:             33
   Number of public wires:           6
   Number of public wire bits:      31
   Number of memories:               0
   Number of memory bits:            0
   Number of processes:              0
   Number of cells:                  3
     $pmux                           1
     $reduce_or                      2

=== cavlc_read_levels ===

   Number of wires:                280
   Number of wire bits:           1669
   Number of public wires:          39
   Number of public wire bits:     251
   Number of memories:               0
   Number of memory bits:            0
   Number of processes:              0
   Number of cells:                268
     $add                            6
     $adffe                         20
     $and                            1
     $eq                            19
     $gt                             4
     $le                             1
     $logic_and                     16
     $logic_not                      3
     $logic_or                       2
     $lt                             2
     $mux                           88
     $ne                            61
     $neg                            2
     $pmux                          15
     $reduce_and                    17
     $reduce_bool                    2
     $shl                            2
     $shr                            1
     $sub                            6

=== cavlc_read_run_befores ===

   Number of wires:                286
   Number of wire bits:           1571
   Number of public wires:          46
   Number of public wire bits:     338
   Number of memories:               0
   Number of memory bits:            0
   Number of processes:              0
   Number of cells:                261
     $add                            1
     $adffe                         17
     $eq                            40
     $ge                            15
     $gt                             2
     $logic_and                      4
     $logic_not                      3
     $mux                          119
     $ne                            32
     $pmux                           4
     $reduce_and                    16
     $reduce_bool                    4
     $reduce_or                      1
     $sub                            3

=== cavlc_read_total_coeffs ===

   Number of wires:                557
   Number of wire bits:           1592
   Number of public wires:          32
   Number of public wire bits:     160
   Number of memories:               0
   Number of memory bits:            0
   Number of processes:              0
   Number of cells:                549
     $add                            1
     $adffe                          7
     $eq                           134
     $logic_and                      2
     $logic_not                     13
     $logic_or                       1
     $mux                          339
     $not                            4
     $or                             1
     $pmux                          14
     $reduce_and                     5
     $reduce_or                     28

=== cavlc_read_total_zeros ===

   Number of wires:                222
   Number of wire bits:            715
   Number of public wires:          16
   Number of public wire bits:      61
   Number of memories:               0
   Number of memory bits:            0
   Number of processes:              0
   Number of cells:                217
     $eq                            29
     $logic_and                      8
     $logic_not                      5
     $mux                          164
     $pmux                          11

=== cavlc_top ===

   Number of wires:                 54
   Number of wire bits:            378
   Number of public wires:          54
   Number of public wire bits:     378
   Number of memories:               0
   Number of memory bits:            0
   Number of processes:              0
   Number of cells:                  6
     cavlc_fsm                       1
     cavlc_len_gen                   1
     cavlc_read_levels               1
     cavlc_read_run_befores          1
     cavlc_read_total_coeffs         1
     cavlc_read_total_zeros          1

=== design hierarchy ===

   cavlc_top                         1
     cavlc_fsm                       1
     cavlc_len_gen                   1
     cavlc_read_levels               1
     cavlc_read_run_befores          1
     cavlc_read_total_coeffs         1
     cavlc_read_total_zeros          1

   Number of wires:               1473
   Number of wire bits:           6218
   Number of public wires:         207
   Number of public wire bits:    1260
   Number of memories:               0
   Number of memory bits:            0
   Number of processes:              0
   Number of cells:               1353
     $add                            8
     $adffe                         47
     $and                            1
     $eq                           231
     $ge                            15
     $gt                             8
     $le                             1
     $logic_and                     32
     $logic_not                     26
     $logic_or                       4
     $lt                             3
     $mux                          725
     $ne                           100
     $neg                            2
     $not                            4
     $or                             1
     $pmux                          48
     $reduce_and                    41
     $reduce_bool                    9
     $reduce_or                     31
     $shl                            2
     $shr                            1
     $sub                           13

