
5. Printing statistics.

=== $paramod$089939ac0423498be06deb29cd3b3826a64addfd\mesi_isc_broad_cntl ===

   Number of wires:                 65
   Number of wire bits:            147
   Number of public wires:          18
   Number of public wire bits:      55
   Number of memories:               0
   Number of memory bits:            0
   Number of processes:              0
   Number of cells:                 56
     $adff                           1
     $adffe                          3
     $and                           11
     $eq                             4
     $logic_not                      3
     $mux                           24
     $ne                             1
     $not                            3
     $pmux                           2
     $reduce_and                     1
     $reduce_bool                    1
     $reduce_or                      2

=== $paramod$4e5c328ff2bdb2a4c6016eb98ccc18c59ee01246\mesi_isc_breq_fifos ===

   Number of wires:                 22
   Number of wire bits:            405
   Number of public wires:          22
   Number of public wire bits:     405
   Number of memories:               0
   Number of memory bits:            0
   Number of processes:              0
   Number of cells:                  5
     $paramod$d4ae6c2b4eeb60731e7c68a77cdcc338f295cc21\mesi_isc_basic_fifo      4
     $paramod$fb80c288aca372e4a5e7798364fc4a720db0b97e\mesi_isc_breq_fifos_cntl      1

=== $paramod$99bf206c2597982ef9448cb8fcf80a42902f18e5\mesi_isc_basic_fifo ===

   Number of wires:                 60
   Number of wire bits:            557
   Number of public wires:          21
   Number of public wire bits:     296
   Number of memories:               0
   Number of memory bits:            0
   Number of processes:              0
   Number of cells:                 51
     $add                            2
     $adff                           1
     $adffe                          8
     $and                            8
     $eq                            11
     $logic_not                      6
     $mux                            6
     $pmux                           2
     $reduce_and                     4
     $reduce_bool                    2
     $sub                            1

=== $paramod$b828cc30611bdce469c40d8785b1e3c45ce51919\mesi_isc_broad ===

   Number of wires:                 18
   Number of wire bits:            137
   Number of public wires:          18
   Number of public wire bits:     137
   Number of memories:               0
   Number of memory bits:            0
   Number of processes:              0
   Number of cells:                  2
     $paramod$089939ac0423498be06deb29cd3b3826a64addfd\mesi_isc_broad_cntl      1
     $paramod$99bf206c2597982ef9448cb8fcf80a42902f18e5\mesi_isc_basic_fifo      1

=== $paramod$d4ae6c2b4eeb60731e7c68a77cdcc338f295cc21\mesi_isc_basic_fifo ===

   Number of wires:                 45
   Number of wire bits:            458
   Number of public wires:          19
   Number of public wire bits:     210
   Number of memories:               0
   Number of memory bits:            0
   Number of processes:              0
   Number of cells:                 36
     $add                            2
     $adff                           1
     $adffe                          6
     $and                            8
     $logic_not                      2
     $mux                            6
     $not                            4
     $pmux                           2
     $reduce_and                     2
     $reduce_bool                    2
     $sub                            1

=== $paramod$fb80c288aca372e4a5e7798364fc4a720db0b97e\mesi_isc_breq_fifos_cntl ===

   Number of wires:                100
   Number of wire bits:            668
   Number of public wires:          31
   Number of public wire bits:     308
   Number of memories:               0
   Number of memory bits:            0
   Number of processes:              0
   Number of cells:                 86
     $add                            1
     $adff                           2
     $adffe                          2
     $and                           29
     $eq                             8
     $mux                           12
     $not                           10
     $or                            16
     $reduce_or                      6

=== mesi_isc ===

   Number of wires:                 29
   Number of wire bits:            237
   Number of public wires:          29
   Number of public wire bits:     237
   Number of memories:               0
   Number of memory bits:            0
   Number of processes:              0
   Number of cells:                  2
     $paramod$4e5c328ff2bdb2a4c6016eb98ccc18c59ee01246\mesi_isc_breq_fifos      1
     $paramod$b828cc30611bdce469c40d8785b1e3c45ce51919\mesi_isc_broad      1

=== design hierarchy ===

   mesi_isc                          1
     $paramod$4e5c328ff2bdb2a4c6016eb98ccc18c59ee01246\mesi_isc_breq_fifos      1
       $paramod$d4ae6c2b4eeb60731e7c68a77cdcc338f295cc21\mesi_isc_basic_fifo      4
       $paramod$fb80c288aca372e4a5e7798364fc4a720db0b97e\mesi_isc_breq_fifos_cntl      1
     $paramod$b828cc30611bdce469c40d8785b1e3c45ce51919\mesi_isc_broad      1
       $paramod$089939ac0423498be06deb29cd3b3826a64addfd\mesi_isc_broad_cntl      1
       $paramod$99bf206c2597982ef9448cb8fcf80a42902f18e5\mesi_isc_basic_fifo      1

   Number of wires:                474
   Number of wire bits:           3983
   Number of public wires:         215
   Number of public wire bits:    2278
   Number of memories:               0
   Number of memory bits:            0
   Number of processes:              0
   Number of cells:                337
     $add                           11
     $adff                           8
     $adffe                         37
     $and                           80
     $eq                            23
     $logic_not                     17
     $mux                           66
     $ne                             1
     $not                           29
     $or                            16
     $pmux                          12
     $reduce_and                    13
     $reduce_bool                   11
     $reduce_or                      8
     $sub                            5

