
5. Printing statistics.

=== duursma_lee_algo ===

   Number of wires:                 47
   Number of wire bits:          10207
   Number of public wires:          36
   Number of public wire bits:    9038
   Number of memories:               0
   Number of memory bits:            0
   Number of processes:              0
   Number of cells:                 36
     $dffe                           4
     $mux                            7
     $not                            1
     $or                             1
     $reduce_and                     1
     $reduce_bool                    1
     $sdff                           3
     $sdffe                          4
     f36m_cubic                      1
     f36m_mult                       1
     f3_sub1                         1
     f3m_add3                        1
     f3m_cubic                       2
     f3m_mult                        2
     f3m_neg                         2
     f3m_nine                        2
     func6                           2

=== f32m_add ===

   Number of wires:                  3
   Number of wire bits:           1164
   Number of public wires:           3
   Number of public wire bits:    1164
   Number of memories:               0
   Number of memory bits:            0
   Number of processes:              0
   Number of cells:                  2
     f3m_add                         2

=== f32m_add3 ===

   Number of wires:                  5
   Number of wire bits:           1940
   Number of public wires:           5
   Number of public wire bits:    1940
   Number of memories:               0
   Number of memory bits:            0
   Number of processes:              0
   Number of cells:                  2
     f32m_add                        2

=== f32m_add4 ===

   Number of wires:                  7
   Number of wire bits:           2716
   Number of public wires:           7
   Number of public wire bits:    2716
   Number of memories:               0
   Number of memory bits:            0
   Number of processes:              0
   Number of cells:                  3
     f32m_add                        3

=== f32m_cubic ===

   Number of wires:                  8
   Number of wire bits:           1747
   Number of public wires:           8
   Number of public wire bits:    1747
   Number of memories:               0
   Number of memory bits:            0
   Number of processes:              0
   Number of cells:                  4
     $dff                            1
     f3m_cubic                       2
     f3m_neg                         1

=== f32m_mult ===

   Number of wires:                 23
   Number of wire bits:           3500
   Number of public wires:          21
   Number of public wire bits:    3498
   Number of memories:               0
   Number of memory bits:            0
   Number of processes:              0
   Number of cells:                 12
     $dff                            1
     $dffe                           1
     $not                            1
     $reduce_and                     1
     $sdffe                          1
     f3m_add                         3
     f3m_mult3                       1
     f3m_sub                         2
     func6                           1

=== f32m_mux6 ===

   Number of wires:                 13
   Number of wire bits:           2722
   Number of public wires:          13
   Number of public wire bits:    2722
   Number of memories:               0
   Number of memory bits:            0
   Number of processes:              0
   Number of cells:                  2
     f3m_mux6                        2

=== f32m_neg ===

   Number of wires:                  2
   Number of wire bits:            776
   Number of public wires:           2
   Number of public wire bits:     776
   Number of memories:               0
   Number of memory bits:            0
   Number of processes:              0
   Number of cells:                  2
     f3m_neg                         2

=== f32m_sub ===

   Number of wires:                  3
   Number of wire bits:           1164
   Number of public wires:           3
   Number of public wire bits:    1164
   Number of memories:               0
   Number of memory bits:            0
   Number of processes:              0
   Number of cells:                  2
     f3m_sub                         2

=== f33m_add ===

   Number of wires:                 12
   Number of wire bits:           3492
   Number of public wires:          12
   Number of public wire bits:    3492
   Number of memories:               0
   Number of memory bits:            0
   Number of processes:              0
   Number of cells:                  3
     f3m_add                         3

=== f33m_inv ===

   Number of wires:                 52
   Number of wire bits:           6429
   Number of public wires:          42
   Number of public wire bits:    6419
   Number of memories:               0
   Number of memory bits:            0
   Number of processes:              0
   Number of cells:                 32
     $and                            4
     $dffe                           1
     $not                            1
     $or                             4
     $reduce_and                     1
     $sdffe                          2
     f3m_add3                        4
     f3m_inv                         1
     f3m_mult3                       4
     f3m_neg                         3
     f3m_sub                         4
     func6                           3

=== f33m_mult ===

   Number of wires:                 55
   Number of wire bits:           7980
   Number of public wires:          51
   Number of public wire bits:    7976
   Number of memories:               0
   Number of memory bits:            0
   Number of processes:              0
   Number of cells:                 35
     $dff                            2
     $dffe                           7
     $mux                            1
     $not                            1
     $or                             1
     $reduce_and                     1
     $sdff                           1
     $sdffe                          2
     f3m_add                         8
     f3m_add3                        3
     f3m_add4                        1
     f3m_mult                        1
     f3m_mux6                        2
     f3m_neg                         3
     func6                           1

=== f33m_mult2 ===

   Number of wires:                 23
   Number of wire bits:           5254
   Number of public wires:          21
   Number of public wire bits:    5252
   Number of memories:               0
   Number of memory bits:            0
   Number of processes:              0
   Number of cells:                 13
     $dff                            2
     $dffe                           2
     $mux                            1
     $or                             1
     $sdff                           1
     $sdffe                          2
     f33m_mult                       1
     f33m_mux2                       2
     func6                           1

=== f33m_mult3 ===

   Number of wires:                 27
   Number of wire bits:           7002
   Number of public wires:          25
   Number of public wire bits:    7000
   Number of memories:               0
   Number of memory bits:            0
   Number of processes:              0
   Number of cells:                 14
     $dff                            2
     $dffe                           3
     $mux                            1
     $or                             1
     $sdff                           1
     $sdffe                          2
     f33m_mult                       1
     f33m_mux3                       2
     func6                           1

=== f33m_mux2 ===

   Number of wires:               1169
   Number of wire bits:           2912
   Number of public wires:           5
   Number of public wire bits:    1748
   Number of memories:               0
   Number of memory bits:            0
   Number of processes:              0
   Number of cells:               1746
     $and                         1164
     $or                           582

=== f33m_mux3 ===

   Number of wires:               2335
   Number of wire bits:           4659
   Number of public wires:           7
   Number of public wire bits:    2331
   Number of memories:               0
   Number of memory bits:            0
   Number of processes:              0
   Number of cells:               2910
     $and                         1746
     $or                          1164

=== f33m_neg ===

   Number of wires:                  8
   Number of wire bits:           2328
   Number of public wires:           8
   Number of public wire bits:    2328
   Number of memories:               0
   Number of memory bits:            0
   Number of processes:              0
   Number of cells:                  3
     f3m_neg                         3

=== f36m_cubic ===

   Number of wires:                 13
   Number of wire bits:           6209
   Number of public wires:          13
   Number of public wire bits:    6209
   Number of memories:               0
   Number of memory bits:            0
   Number of processes:              0
   Number of cells:                  7
     $dff                            1
     f32m_add                        2
     f32m_cubic                      3
     f32m_sub                        1

=== f36m_mult ===

   Number of wires:                 57
   Number of wire bits:          16710
   Number of public wires:          53
   Number of public wire bits:   16706
   Number of memories:               0
   Number of memory bits:            0
   Number of processes:              0
   Number of cells:                 37
     $dff                            4
     $dffe                           7
     $mux                            1
     $not                            1
     $or                             1
     $reduce_and                     1
     $sdff                           1
     $sdffe                          2
     f32m_add                        8
     f32m_add3                       3
     f32m_add4                       1
     f32m_mult                       1
     f32m_mux6                       2
     f32m_neg                        3
     func6                           1

=== f3_add ===

   Number of wires:                 29
   Number of wire bits:             32
   Number of public wires:           9
   Number of public wire bits:      12
   Number of memories:               0
   Number of memory bits:            0
   Number of processes:              0
   Number of cells:                 22
     $and                           14
     $not                            4
     $or                             4

=== f3_add1 ===

   Number of wires:                  4
   Number of wire bits:              6
   Number of public wires:           2
   Number of public wire bits:       4
   Number of memories:               0
   Number of memory bits:            0
   Number of processes:              0
   Number of cells:                  4
     $and                            2
     $not                            2

=== f3_mult ===

   Number of wires:                 21
   Number of wire bits:             24
   Number of public wires:           7
   Number of public wire bits:      10
   Number of memories:               0
   Number of memory bits:            0
   Number of processes:              0
   Number of cells:                 16
     $and                           10
     $not                            4
     $or                             2

=== f3_sub ===

   Number of wires:                  3
   Number of wire bits:              6
   Number of public wires:           3
   Number of public wire bits:       6
   Number of memories:               0
   Number of memory bits:            0
   Number of processes:              0
   Number of cells:                  1
     f3_add                          1

=== f3_sub1 ===

   Number of wires:                  4
   Number of wire bits:              6
   Number of public wires:           2
   Number of public wire bits:       4
   Number of memories:               0
   Number of memory bits:            0
   Number of processes:              0
   Number of cells:                  4
     $and                            2
     $not                            2

=== f3m_add ===

   Number of wires:                  3
   Number of wire bits:            582
   Number of public wires:           3
   Number of public wire bits:     582
   Number of memories:               0
   Number of memory bits:            0
   Number of processes:              0
   Number of cells:                 97
     f3_add                         97

=== f3m_add3 ===

   Number of wires:                  5
   Number of wire bits:            970
   Number of public wires:           5
   Number of public wire bits:     970
   Number of memories:               0
   Number of memory bits:            0
   Number of processes:              0
   Number of cells:                  2
     f3m_add                         2

=== f3m_add4 ===

   Number of wires:                  7
   Number of wire bits:           1358
   Number of public wires:           7
   Number of public wire bits:    1358
   Number of memories:               0
   Number of memory bits:            0
   Number of processes:              0
   Number of cells:                  3
     f3m_add                         3

=== f3m_cubic ===

   Number of wires:                 90
   Number of wire bits:            564
   Number of public wires:          90
   Number of public wire bits:     564
   Number of memories:               0
   Number of memory bits:            0
   Number of processes:              0
   Number of cells:                 88
     f3_add                         88

=== f3m_inv ===

   Number of wires:                 37
   Number of wire bits:           5298
   Number of public wires:          23
   Number of public wire bits:    3529
   Number of memories:               0
   Number of memory bits:            0
   Number of processes:              0
   Number of cells:                 32
     $dffe                           2
     $logic_not                      1
     $mux                            9
     $ne                             2
     $not                            1
     $reduce_and                     1
     $sdff                           3
     $sdffe                          4
     f3_mult                         1
     func1                           2
     func2                           2
     func3                           2
     func4                           1
     func5                           1

=== f3m_mult ===

   Number of wires:                 17
   Number of wire bits:           2366
   Number of public wires:          15
   Number of public wire bits:    1978
   Number of memories:               0
   Number of memory bits:            0
   Number of processes:              0
   Number of cells:                 12
     $dff                            2
     $dffe                           1
     $mux                            2
     $sdff                           3
     $sdffe                          1
     f3m_add                         1
     func7                           1
     func8                           1

=== f3m_mult3 ===

   Number of wires:                 27
   Number of wire bits:           2346
   Number of public wires:          25
   Number of public wire bits:    2344
   Number of memories:               0
   Number of memory bits:            0
   Number of processes:              0
   Number of cells:                 14
     $dff                            2
     $dffe                           3
     $mux                            1
     $or                             1
     $sdff                           1
     $sdffe                          2
     f3m_mult                        1
     f3m_mux3                        2
     func6                           1

=== f3m_mux3 ===

   Number of wires:                783
   Number of wire bits:           1555
   Number of public wires:           7
   Number of public wire bits:     779
   Number of memories:               0
   Number of memory bits:            0
   Number of processes:              0
   Number of cells:                970
     $and                          582
     $or                           388

=== f3m_mux6 ===

   Number of wires:               1953
   Number of wire bits:           3304
   Number of public wires:          13
   Number of public wire bits:    1364
   Number of memories:               0
   Number of memory bits:            0
   Number of processes:              0
   Number of cells:               2134
     $and                         1164
     $or                           970

=== f3m_neg ===

   Number of wires:                  2
   Number of wire bits:            388
   Number of public wires:           2
   Number of public wire bits:     388
   Number of memories:               0
   Number of memory bits:            0
   Number of processes:              0
   Number of cells:                  0

=== f3m_nine ===

   Number of wires:                  5
   Number of wire bits:            777
   Number of public wires:           5
   Number of public wire bits:     777
   Number of memories:               0
   Number of memory bits:            0
   Number of processes:              0
   Number of cells:                  3
     $dff                            1
     f3m_cubic                       2

=== f3m_sub ===

   Number of wires:                  3
   Number of wire bits:            582
   Number of public wires:           3
   Number of public wire bits:     582
   Number of memories:               0
   Number of memory bits:            0
   Number of processes:              0
   Number of cells:                 97
     f3_sub                         97

=== func1 ===

   Number of wires:                  5
   Number of wire bits:            786
   Number of public wires:           5
   Number of public wire bits:     786
   Number of memories:               0
   Number of memory bits:            0
   Number of processes:              0
   Number of cells:                 99
     f3_sub                         98
     func4                           1

=== func2 ===

   Number of wires:                  2
   Number of wire bits:            392
   Number of public wires:           2
   Number of public wire bits:     392
   Number of memories:               0
   Number of memory bits:            0
   Number of processes:              0
   Number of cells:                  0

=== func3 ===

   Number of wires:                  5
   Number of wire bits:            592
   Number of public wires:           5
   Number of public wire bits:     592
   Number of memories:               0
   Number of memory bits:            0
   Number of processes:              0
   Number of cells:                  4
     f3_mult                         2
     f3_sub                          2

=== func4 ===

   Number of wires:                  3
   Number of wire bits:            394
   Number of public wires:           3
   Number of public wire bits:     394
   Number of memories:               0
   Number of memory bits:            0
   Number of processes:              0
   Number of cells:                 98
     f3_mult                        98

=== func5 ===

   Number of wires:                  2
   Number of wire bits:            392
   Number of public wires:           2
   Number of public wire bits:     392
   Number of memories:               0
   Number of memory bits:            0
   Number of processes:              0
   Number of cells:                  1
     f3_add                          1

=== func6 ===

   Number of wires:                  8
   Number of wire bits:             39
   Number of public wires:           6
   Number of public wire bits:       6
   Number of memories:               0
   Number of memory bits:            0
   Number of processes:              0
   Number of cells:                  4
     $eq                             1
     $mux                            1
     $sdff                           2

=== func7 ===

   Number of wires:                  5
   Number of wire bits:            394
   Number of public wires:           5
   Number of public wire bits:     394
   Number of memories:               0
   Number of memory bits:            0
   Number of processes:              0
   Number of cells:                  3
     f3_add                          3

=== func8 ===

   Number of wires:                491
   Number of wire bits:           1370
   Number of public wires:         491
   Number of public wire bits:    1370
   Number of memories:               0
   Number of memory bits:            0
   Number of processes:              0
   Number of cells:                488
     f3_add                        197
     f3_mult                       291

=== second_part ===

   Number of wires:                 47
   Number of wire bits:          12247
   Number of public wires:          39
   Number of public wire bits:   12239
   Number of memories:               0
   Number of memory bits:            0
   Number of processes:              0
   Number of cells:                 21
     $and                            3
     $dffe                           1
     $not                            1
     $or                             3
     $reduce_and                     1
     $sdffe                          2
     f33m_add                        2
     f33m_inv                        1
     f33m_mult2                      1
     f33m_mult3                      1
     f33m_neg                        1
     f3_add1                         2
     func6                           2

=== tate_pairing ===

   Number of wires:                 23
   Number of wire bits:           4286
   Number of public wires:          16
   Number of public wire bits:    4279
   Number of memories:               0
   Number of memory bits:            0
   Number of processes:              0
   Number of cells:                 15
     $and                            2
     $dff                            1
     $dffe                           1
     $mux                            1
     $not                            1
     $or                             2
     $reduce_and                     1
     $sdff                           1
     $sdffe                          2
     duursma_lee_algo                1
     func6                           1
     second_part                     1

=== design hierarchy ===

   tate_pairing                      1
     duursma_lee_algo                1
       f36m_cubic                    1
         f32m_add                    2
           f3m_add                   2
             f3_add                 97
         f32m_cubic                  3
           f3m_cubic                 2
             f3_add                 88
           f3m_neg                   1
         f32m_sub                    1
           f3m_sub                   2
             f3_sub                 97
               f3_add                1
       f36m_mult                     1
         f32m_add                    8
           f3m_add                   2
             f3_add                 97
         f32m_add3                   3
           f32m_add                  2
             f3m_add                 2
               f3_add               97
         f32m_add4                   1
           f32m_add                  3
             f3m_add                 2
               f3_add               97
         f32m_mult                   1
           f3m_add                   3
             f3_add                 97
           f3m_mult3                 1
             f3m_mult                1
               f3m_add               1
                 f3_add             97
               func7                 1
                 f3_add              3
               func8                 1
                 f3_add            197
                 f3_mult           291
             f3m_mux3                2
             func6                   1
           f3m_sub                   2
             f3_sub                 97
               f3_add                1
           func6                     1
         f32m_mux6                   2
           f3m_mux6                  2
         f32m_neg                    3
           f3m_neg                   2
         func6                       1
       f3_sub1                       1
       f3m_add3                      1
         f3m_add                     2
           f3_add                   97
       f3m_cubic                     2
         f3_add                     88
       f3m_mult                      2
         f3m_add                     1
           f3_add                   97
         func7                       1
           f3_add                    3
         func8                       1
           f3_add                  197
           f3_mult                 291
       f3m_neg                       2
       f3m_nine                      2
         f3m_cubic                   2
           f3_add                   88
       func6                         2
     func6                           1
     second_part                     1
       f33m_add                      2
         f3m_add                     3
           f3_add                   97
       f33m_inv                      1
         f3m_add3                    4
           f3m_add                   2
             f3_add                 97
         f3m_inv                     1
           f3_mult                   1
           func1                     2
             f3_sub                 98
               f3_add                1
             func4                   1
               f3_mult              98
           func2                     2
           func3                     2
             f3_mult                 2
             f3_sub                  2
               f3_add                1
           func4                     1
             f3_mult                98
           func5                     1
             f3_add                  1
         f3m_mult3                   4
           f3m_mult                  1
             f3m_add                 1
               f3_add               97
             func7                   1
               f3_add                3
             func8                   1
               f3_add              197
               f3_mult             291
           f3m_mux3                  2
           func6                     1
         f3m_neg                     3
         f3m_sub                     4
           f3_sub                   97
             f3_add                  1
         func6                       3
       f33m_mult2                    1
         f33m_mult                   1
           f3m_add                   8
             f3_add                 97
           f3m_add3                  3
             f3m_add                 2
               f3_add               97
           f3m_add4                  1
             f3m_add                 3
               f3_add               97
           f3m_mult                  1
             f3m_add                 1
               f3_add               97
             func7                   1
               f3_add                3
             func8                   1
               f3_add              197
               f3_mult             291
           f3m_mux6                  2
           f3m_neg                   3
           func6                     1
         f33m_mux2                   2
         func6                       1
       f33m_mult3                    1
         f33m_mult                   1
           f3m_add                   8
             f3_add                 97
           f3m_add3                  3
             f3m_add                 2
               f3_add               97
           f3m_add4                  1
             f3m_add                 3
               f3_add               97
           f3m_mult                  1
             f3m_add                 1
               f3_add               97
             func7                   1
               f3_add                3
             func8                   1
               f3_add              197
               f3_mult             291
           f3m_mux6                  2
           f3m_neg                   3
           func6                     1
         f33m_mux3                   2
         func6                       1
       f33m_neg                      1
         f3m_neg                     3
       f3_add1                       2
       func6                         2

   Number of wires:             494234
   Number of wire bits:         861572
   Number of public wires:      152318
   Number of public wire bits:  512680
   Number of memories:               0
   Number of memory bits:            0
   Number of processes:              0
   Number of cells:             380878
     $and                       239609
     $dff                           48
     $dffe                          60
     $eq                            19
     $logic_not                      1
     $mux                           64
     $ne                             2
     $not                        65819
     $or                         75120
     $reduce_and                     9
     $reduce_bool                    1
     $sdff                          82
     $sdffe                         44

