
5. Printing statistics.

=== fifo496 ===

   Number of wires:                  6
   Number of wire bits:             34
   Number of public wires:           6
   Number of public wire bits:      34
   Number of memories:               0
   Number of memory bits:            0
   Number of processes:              0
   Number of cells:                  3
     $dffe                           3

=== v_fltr_496x7 ===

   Number of wires:                 18
   Number of wire bits:            186
   Number of public wires:          18
   Number of public wire bits:     186
   Number of memories:               0
   Number of memory bits:            0
   Number of processes:              0
   Number of cells:                 14
     fifo496                         7
     fltr_compute_f1                 1
     fltr_compute_f2                 1
     fltr_compute_f3                 1
     fltr_compute_h1                 1
     fltr_compute_h2                 1
     fltr_compute_h3                 1
     fltr_compute_h4                 1

=== design hierarchy ===

   v_fltr_496x7                      1
     fifo496                         7

   Number of wires:                 60
   Number of wire bits:            424
   Number of public wires:          60
   Number of public wire bits:     424
   Number of memories:               0
   Number of memory bits:            0
   Number of processes:              0
   Number of cells:                 28
     $dffe                          21
     fltr_compute_f1                 1
     fltr_compute_f2                 1
     fltr_compute_f3                 1
     fltr_compute_h1                 1
     fltr_compute_h2                 1
     fltr_compute_h3                 1
     fltr_compute_h4                 1

