
5. Printing statistics.

=== cr_div ===

   Number of wires:                 65
   Number of wire bits:           1089
   Number of public wires:          15
   Number of public wire bits:     273
   Number of memories:               2
   Number of memory bits:         4096
   Number of processes:              0
   Number of cells:                 61
     $dffe_32                        2
     $dffe_8                         1
     $eq_3                           4
     $eq_32                          2
     $le_32                          1
     $logic_not_8                    1
     $memrd                          2
     $memwr_v2                       2
     $mul_32                         1
     $mul_64                         1
     $mux_1                          3
     $mux_3                          4
     $mux_32                        14
     $mux_6                          3
     $mux_8                          3
     $ne_2                           3
     $not_1                          1
     $pmux_3                         1
     $pmux_32                        2
     $reduce_and_3                   1
     $reduce_and_4                   2
     $reduce_bool_3                  2
     $reduce_bool_4                  1
     $sdffe_3                        1
     $sub_32                         2
     $sub_8                          1

