
5. Printing statistics.

=== PPG ===

   Number of wires:                  3
   Number of wire bits:           2374
   Number of public wires:           3
   Number of public wire bits:    2374
   Number of memories:               0
   Number of memory bits:            0
   Number of processes:              0
   Number of cells:                593
     f3_mult                       593

=== f3_mult ===

   Number of wires:                 21
   Number of wire bits:             24
   Number of public wires:           7
   Number of public wire bits:      10
   Number of memories:               0
   Number of memory bits:            0
   Number of processes:              0
   Number of cells:                 16
     $and_1                         10
     $not_1                          4
     $or_1                           2

=== design hierarchy ===

   PPG                               1
     f3_mult                       593

   Number of wires:              12456
   Number of wire bits:          16606
   Number of public wires:        4154
   Number of public wire bits:    8304
   Number of memories:               0
   Number of memory bits:            0
   Number of processes:              0
   Number of cells:               9488
     $and_1                       5930
     $not_1                       2372
     $or_1                        1186

