
5. Printing statistics.

=== $paramod$17b29d3f804c36b130a09071f0e00c567b827562\dual_port_ram ===

   Number of wires:                 17
   Number of wire bits:            615
   Number of public wires:           9
   Number of public wire bits:     249
   Number of memories:               1
   Number of memory bits:          180
   Number of processes:              0
   Number of cells:                 12
     $dffe_60                        2
     $memrd                          2
     $memwr_v2                       2
     $mux_1                          2
     $mux_3                          2
     $mux_60                         2

=== generic_fifo_sc_f ===

   Number of wires:                 93
   Number of wire bits:            355
   Number of public wires:          27
   Number of public wire bits:     277
   Number of memories:               0
   Number of memory bits:            0
   Number of processes:              0
   Number of cells:                 84
     $add_3                          3
     $add_4                          2
     $and_1                         25
     $eq_3                           4
     $ge_32                          2
     $le_32                          2
     $logic_not_1                    5
     $lt_32                          2
     $mux_1                         12
     $mux_4                          2
     $ne_3                           3
     $not_1                          1
     $or_1                           2
     $or_2                           1
     $paramod$17b29d3f804c36b130a09071f0e00c567b827562\dual_port_ram      1
     $reduce_bool_2                  7
     $reduce_or_2                    1
     $sdffe_1                        6
     $sdffe_3                        2
     $sdffe_4                        1

=== design hierarchy ===

   generic_fifo_sc_f                 1
     $paramod$17b29d3f804c36b130a09071f0e00c567b827562\dual_port_ram      1

   Number of wires:                110
   Number of wire bits:            970
   Number of public wires:          36
   Number of public wire bits:     526
   Number of memories:               1
   Number of memory bits:          180
   Number of processes:              0
   Number of cells:                 95
     $add_3                          3
     $add_4                          2
     $and_1                         25
     $dffe_60                        2
     $eq_3                           4
     $ge_32                          2
     $le_32                          2
     $logic_not_1                    5
     $lt_32                          2
     $memrd                          2
     $memwr_v2                       2
     $mux_1                         14
     $mux_3                          2
     $mux_4                          2
     $mux_60                         2
     $ne_3                           3
     $not_1                          1
     $or_1                           2
     $or_2                           1
     $reduce_bool_2                  7
     $reduce_or_2                    1
     $sdffe_1                        6
     $sdffe_3                        2
     $sdffe_4                        1

