
5. Printing statistics.

=== $paramod$787b2b116888960e7723a738800dc0d62f27a28e\dual_port_ram ===

   Number of wires:                 17
   Number of wire bits:           1549
   Number of public wires:           9
   Number of public wire bits:     623
   Number of memories:               1
   Number of memory bits:          612
   Number of processes:              0
   Number of cells:                 12
     $dffe                           2
     $memrd                          2
     $memwr_v2                       2
     $mux                            6

=== arSRLFIFO_b ===

   Number of wires:                 18
   Number of wire bits:            323
   Number of public wires:          18
   Number of public wire bits:     323
   Number of memories:               0
   Number of memory bits:            0
   Number of processes:              0
   Number of cells:                  1
     generic_fifo_sc_b               1

=== generic_fifo_sc_b ===

   Number of wires:                 94
   Number of wire bits:            890
   Number of public wires:          28
   Number of public wire bits:     808
   Number of memories:               0
   Number of memory bits:            0
   Number of processes:              0
   Number of cells:                 84
     $add                            5
     $eq                             4
     $ge                             2
     $le                             2
     $logic_and                     25
     $logic_not                      5
     $lt                             2
     $mux                           14
     $ne                             3
     $not                            1
     $or                             3
     $paramod$787b2b116888960e7723a738800dc0d62f27a28e\dual_port_ram      1
     $reduce_bool                    7
     $reduce_or                      1
     $sdffe                          9

=== design hierarchy ===

   arSRLFIFO_b                       1
     generic_fifo_sc_b               1
       $paramod$787b2b116888960e7723a738800dc0d62f27a28e\dual_port_ram      1

   Number of wires:                129
   Number of wire bits:           2762
   Number of public wires:          55
   Number of public wire bits:    1754
   Number of memories:               1
   Number of memory bits:          612
   Number of processes:              0
   Number of cells:                 95
     $add                            5
     $dffe                           2
     $eq                             4
     $ge                             2
     $le                             2
     $logic_and                     25
     $logic_not                      5
     $lt                             2
     $memrd                          2
     $memwr_v2                       2
     $mux                           20
     $ne                             3
     $not                            1
     $or                             3
     $reduce_bool                    7
     $reduce_or                      1
     $sdffe                          9

