
5. Printing statistics.

=== multiplier_block ===

   Number of wires:                  7
   Number of wire bits:            224
   Number of public wires:           7
   Number of public wire bits:     224
   Number of memories:               0
   Number of memory bits:            0
   Number of processes:              0
   Number of cells:                  2
     $add                            2

=== surround_with_regs ===

   Number of wires:                  6
   Number of wire bits:            129
   Number of public wires:           5
   Number of public wire bits:     128
   Number of memories:               0
   Number of memory bits:            0
   Number of processes:              0
   Number of cells:                  3
     $dff                            2
     multiplier_block                1

=== design hierarchy ===

   surround_with_regs                1
     multiplier_block                1

   Number of wires:                 13
   Number of wire bits:            353
   Number of public wires:          12
   Number of public wire bits:     352
   Number of memories:               0
   Number of memory bits:            0
   Number of processes:              0
   Number of cells:                  4
     $add                            2
     $dff                            2

