
 /----------------------------------------------------------------------------\
 |                                                                            |
 |  yosys -- Yosys Open SYnthesis Suite                                       |
 |                                                                            |
 |  Copyright (C) 2012 - 2020  Claire Xenia Wolf <claire@yosyshq.com>         |
 |                                                                            |
 |  Permission to use, copy, modify, and/or distribute this software for any  |
 |  purpose with or without fee is hereby granted, provided that the above    |
 |  copyright notice and this permission notice appear in all copies.         |
 |                                                                            |
 |  THE SOFTWARE IS PROVIDED "AS IS" AND THE AUTHOR DISCLAIMS ALL WARRANTIES  |
 |  WITH REGARD TO THIS SOFTWARE INCLUDING ALL IMPLIED WARRANTIES OF          |
 |  MERCHANTABILITY AND FITNESS. IN NO EVENT SHALL THE AUTHOR BE LIABLE FOR   |
 |  ANY SPECIAL, DIRECT, INDIRECT, OR CONSEQUENTIAL DAMAGES OR ANY DAMAGES    |
 |  WHATSOEVER RESULTING FROM LOSS OF USE, DATA OR PROFITS, WHETHER IN AN     |
 |  ACTION OF CONTRACT, NEGLIGENCE OR OTHER TORTIOUS ACTION, ARISING OUT OF   |
 |  OR IN CONNECTION WITH THE USE OR PERFORMANCE OF THIS SOFTWARE.            |
 |                                                                            |
 \----------------------------------------------------------------------------/

 Yosys 0.10+12 (git sha1 4d87019, gcc 7.4.0-1ubuntu1~16.04~ppa1 -fPIC -Os)


-- Executing script file `out.ys' --

1. Executing Verilog-2005 frontend: /home/zhigang/DATA/raw_designs/vtr_designs/arithmetic/generated_circuits/multless_consts/verilog/mult_071.v
Parsing SystemVerilog input from `/home/zhigang/DATA/raw_designs/vtr_designs/arithmetic/generated_circuits/multless_consts/verilog/mult_071.v' to AST representation.
Generating RTLIL representation for module `\multiplier_block'.
Generating RTLIL representation for module `\surround_with_regs'.
Successfully finished Verilog frontend.

2. Executing HIERARCHY pass (managing design hierarchy).

2.1. Finding top of design hierarchy..
root of   1 design levels: surround_with_regs  
root of   0 design levels: multiplier_block    
Automatically selected surround_with_regs as design top module.

2.2. Analyzing design hierarchy..
Top module:  \surround_with_regs
Used module:     \multiplier_block

2.3. Analyzing design hierarchy..
Top module:  \surround_with_regs
Used module:     \multiplier_block
Removed 0 unused modules.
Warning: Resizing cell port surround_with_regs.mult_blk.o_data0 from 31 bits to 32 bits.

3. Executing PROC pass (convert processes to netlists).

3.1. Executing PROC_CLEAN pass (remove empty switches from decision trees).
Cleaned up 0 empty switches.

3.2. Executing PROC_RMDEAD pass (remove dead branches from decision trees).
Removed a total of 0 dead cases.

3.3. Executing PROC_PRUNE pass (remove redundant assignments in processes).
Removed 0 redundant assignments.
Promoted 2 assignments to connections.

3.4. Executing PROC_INIT pass (extract init attributes).

3.5. Executing PROC_ARST pass (detect async resets in processes).

3.6. Executing PROC_MUX pass (convert decision trees to multiplexers).
Creating decoders for process `\surround_with_regs.$proc$/home/zhigang/DATA/raw_designs/vtr_designs/arithmetic/generated_circuits/multless_consts/verilog/mult_071.v:62$9'.

3.7. Executing PROC_DLATCH pass (convert process syncs to latches).

3.8. Executing PROC_DFF pass (convert process syncs to FFs).
Creating register for signal `\surround_with_regs.\o_data0' using process `\surround_with_regs.$proc$/home/zhigang/DATA/raw_designs/vtr_designs/arithmetic/generated_circuits/multless_consts/verilog/mult_071.v:62$9'.
  created $dff cell `$procdff$11' with positive edge clock.
Creating register for signal `\surround_with_regs.\i_data0_reg' using process `\surround_with_regs.$proc$/home/zhigang/DATA/raw_designs/vtr_designs/arithmetic/generated_circuits/multless_consts/verilog/mult_071.v:62$9'.
  created $dff cell `$procdff$12' with positive edge clock.

3.9. Executing PROC_MEMWR pass (convert process memory writes to cells).

3.10. Executing PROC_CLEAN pass (remove empty switches from decision trees).
Removing empty process `surround_with_regs.$proc$/home/zhigang/DATA/raw_designs/vtr_designs/arithmetic/generated_circuits/multless_consts/verilog/mult_071.v:62$9'.
Cleaned up 0 empty switches.

3.11. Executing OPT_EXPR pass (perform const folding).
Optimizing module surround_with_regs.
Optimizing module multiplier_block.
<suppressed ~4 debug messages>

4. Executing OPT pass (performing simple optimizations).

4.1. Executing OPT_EXPR pass (perform const folding).
Optimizing module surround_with_regs.
Optimizing module multiplier_block.

4.2. Executing OPT_MERGE pass (detect identical cells).
Finding identical cells in module `\surround_with_regs'.
Finding identical cells in module `\multiplier_block'.
Removed a total of 0 cells.

4.3. Executing OPT_MUXTREE pass (detect dead branches in mux trees).
Running muxtree optimizer on module \surround_with_regs..
  Creating internal representation of mux trees.
  No muxes found in this module.
Running muxtree optimizer on module \multiplier_block..
  Creating internal representation of mux trees.
  No muxes found in this module.
Removed 0 multiplexer ports.

4.4. Executing OPT_REDUCE pass (consolidate $*mux and $reduce_* inputs).
  Optimizing cells in module \surround_with_regs.
  Optimizing cells in module \multiplier_block.
Performed a total of 0 changes.

4.5. Executing OPT_MERGE pass (detect identical cells).
Finding identical cells in module `\surround_with_regs'.
Finding identical cells in module `\multiplier_block'.
Removed a total of 0 cells.

4.6. Executing OPT_DFF pass (perform DFF optimizations).
Setting constant 0-bit at position 31 on $procdff$11 ($dff) from module surround_with_regs.

4.7. Executing OPT_CLEAN pass (remove unused cells and wires).
Finding unused cells or wires in module \surround_with_regs..
Finding unused cells or wires in module \multiplier_block..
Removed 0 unused cells and 10 unused wires.
<suppressed ~2 debug messages>

4.8. Executing OPT_EXPR pass (perform const folding).
Optimizing module multiplier_block.
Optimizing module surround_with_regs.

4.9. Rerunning OPT passes. (Maybe there is more to do..)

4.10. Executing OPT_MUXTREE pass (detect dead branches in mux trees).
Running muxtree optimizer on module \multiplier_block..
  Creating internal representation of mux trees.
  No muxes found in this module.
Running muxtree optimizer on module \surround_with_regs..
  Creating internal representation of mux trees.
  No muxes found in this module.
Removed 0 multiplexer ports.

4.11. Executing OPT_REDUCE pass (consolidate $*mux and $reduce_* inputs).
  Optimizing cells in module \multiplier_block.
  Optimizing cells in module \surround_with_regs.
Performed a total of 0 changes.

4.12. Executing OPT_MERGE pass (detect identical cells).
Finding identical cells in module `\multiplier_block'.
Finding identical cells in module `\surround_with_regs'.
Removed a total of 0 cells.

4.13. Executing OPT_DFF pass (perform DFF optimizations).

4.14. Executing OPT_CLEAN pass (remove unused cells and wires).
Finding unused cells or wires in module \multiplier_block..
Finding unused cells or wires in module \surround_with_regs..

4.15. Executing OPT_EXPR pass (perform const folding).
Optimizing module multiplier_block.
Optimizing module surround_with_regs.

4.16. Finished OPT passes. (There is nothing left to do.)

5. Printing statistics.

=== multiplier_block ===

   Number of wires:                 11
   Number of wire bits:            352
   Number of public wires:          11
   Number of public wire bits:     352
   Number of memories:               0
   Number of memory bits:            0
   Number of processes:              0
   Number of cells:                  4
     $add                            2
     $sub                            2

=== surround_with_regs ===

   Number of wires:                  6
   Number of wire bits:            129
   Number of public wires:           5
   Number of public wire bits:     128
   Number of memories:               0
   Number of memory bits:            0
   Number of processes:              0
   Number of cells:                  3
     $dff                            2
     multiplier_block                1

=== design hierarchy ===

   surround_with_regs                1
     multiplier_block                1

   Number of wires:                 17
   Number of wire bits:            481
   Number of public wires:          16
   Number of public wire bits:     480
   Number of memories:               0
   Number of memory bits:            0
   Number of processes:              0
   Number of cells:                  6
     $add                            2
     $dff                            2
     $sub                            2

Warnings: 1 unique messages, 1 total
End of script. Logfile hash: 4822271faf, CPU: user 0.02s system 0.00s, MEM: 11.10 MB peak
Yosys 0.10+12 (git sha1 4d87019, gcc 7.4.0-1ubuntu1~16.04~ppa1 -fPIC -Os)
Time spent: 39% 4x opt_expr (0 sec), 19% 2x read_verilog (0 sec), ...
