
5. Printing statistics.

=== multiplier_block ===

   Number of wires:                 10
   Number of wire bits:            320
   Number of public wires:          10
   Number of public wire bits:     320
   Number of memories:               0
   Number of memory bits:            0
   Number of processes:              0
   Number of cells:                  3
     $add                            1
     $sub                            2

=== surround_with_regs ===

   Number of wires:                  6
   Number of wire bits:            129
   Number of public wires:           5
   Number of public wire bits:     128
   Number of memories:               0
   Number of memory bits:            0
   Number of processes:              0
   Number of cells:                  3
     $dff                            2
     multiplier_block                1

=== design hierarchy ===

   surround_with_regs                1
     multiplier_block                1

   Number of wires:                 16
   Number of wire bits:            449
   Number of public wires:          15
   Number of public wire bits:     448
   Number of memories:               0
   Number of memory bits:            0
   Number of processes:              0
   Number of cells:                  5
     $add                            1
     $dff                            2
     $sub                            2

