
5. Printing statistics.

=== multiplier_block ===

   Number of wires:                 11
   Number of wire bits:            352
   Number of public wires:          11
   Number of public wire bits:     352
   Number of memories:               0
   Number of memory bits:            0
   Number of processes:              0
   Number of cells:                  4
     $add                            1
     $sub                            3

=== surround_with_regs ===

   Number of wires:                  6
   Number of wire bits:            129
   Number of public wires:           5
   Number of public wire bits:     128
   Number of memories:               0
   Number of memory bits:            0
   Number of processes:              0
   Number of cells:                  3
     $dff                            2
     multiplier_block                1

=== design hierarchy ===

   surround_with_regs                1
     multiplier_block                1

   Number of wires:                 17
   Number of wire bits:            481
   Number of public wires:          16
   Number of public wire bits:     480
   Number of memories:               0
   Number of memory bits:            0
   Number of processes:              0
   Number of cells:                  6
     $add                            1
     $dff                            2
     $sub                            3

