
5. Printing statistics.

=== multiplier_block ===

   Number of wires:                  8
   Number of wire bits:            256
   Number of public wires:           8
   Number of public wire bits:     256
   Number of memories:               0
   Number of memory bits:            0
   Number of processes:              0
   Number of cells:                  2
     $sub                            2

=== surround_with_regs ===

   Number of wires:                  6
   Number of wire bits:            129
   Number of public wires:           5
   Number of public wire bits:     128
   Number of memories:               0
   Number of memory bits:            0
   Number of processes:              0
   Number of cells:                  3
     $dff                            2
     multiplier_block                1

=== design hierarchy ===

   surround_with_regs                1
     multiplier_block                1

   Number of wires:                 14
   Number of wire bits:            385
   Number of public wires:          13
   Number of public wire bits:     384
   Number of memories:               0
   Number of memory bits:            0
   Number of processes:              0
   Number of cells:                  4
     $dff                            2
     $sub                            2

