
5. Printing statistics.

=== Boundary ===

   Number of wires:               1948
   Number of wire bits:          51087
   Number of public wires:        1934
   Number of public wire bits:   50948
   Number of memories:               0
   Number of memory bits:            0
   Number of processes:              0
   Number of cells:                932
     $eq                             5
     $gt                             1
     $logic_and                      2
     $logic_not                      2
     $mux                            8
     $pmux                           3
     $reduce_bool                    1
     $sdffe                        903
     $sub                            3
     mult_signed_32_bc               3
     signed_div_30                   1

=== Div_64b ===

   Number of wires:                 10
   Number of wire bits:            386
   Number of public wires:           7
   Number of public wire bits:     289
   Number of memories:               0
   Number of memory bits:            0
   Number of processes:              0
   Number of cells:                  6
     $mux                            2
     $neg                            2
     $xor                            1
     Div_64b_unsigned                1

=== Div_64b_unsigned ===

   Number of wires:                277
   Number of wire bits:          15501
   Number of public wires:         149
   Number of public wire bits:   11373
   Number of memories:               0
   Number of memory bits:            0
   Number of processes:              0
   Number of cells:                315
     $dff                           59
     $ge                            64
     $mux                          128
     $sub                           64

=== mult_signed_32_bc ===

   Number of wires:                 17
   Number of wire bits:            580
   Number of public wires:          14
   Number of public wire bits:     452
   Number of memories:               0
   Number of memory bits:            0
   Number of processes:              0
   Number of cells:                 12
     $add                            3
     $dff                            1
     $mul                            1
     $mux                            3
     $not                            3
     $xor                            1

=== signed_div_30 ===

   Number of wires:                  5
   Number of wire bits:            193
   Number of public wires:           5
   Number of public wire bits:     193
   Number of memories:               0
   Number of memory bits:            0
   Number of processes:              0
   Number of cells:                  1
     Div_64b                         1

=== design hierarchy ===

   Boundary                          1
     mult_signed_32_bc               3
     signed_div_30                   1
       Div_64b                       1
         Div_64b_unsigned            1

   Number of wires:               2291
   Number of wire bits:          68907
   Number of public wires:        2137
   Number of public wire bits:   64159
   Number of memories:               0
   Number of memory bits:            0
   Number of processes:              0
   Number of cells:               1284
     $add                            9
     $dff                           62
     $eq                             5
     $ge                            64
     $gt                             1
     $logic_and                      2
     $logic_not                      2
     $mul                            3
     $mux                          147
     $neg                            2
     $not                            9
     $pmux                           3
     $reduce_bool                    1
     $sdffe                        903
     $sub                           67
     $xor                            4

