
5. Printing statistics.

=== Hop ===

   Number of wires:                 56
   Number of wire bits:           1244
   Number of public wires:          41
   Number of public wire bits:    1105
   Number of memories:               0
   Number of memory bits:            0
   Number of processes:              0
   Number of cells:                 39
     $add                            3
     $eq                             3
     $logic_and                      3
     $mux                            8
     $ne                             3
     $or                             2
     $sdffe                         14
     mult_signed_32                  3

=== mult_signed_32 ===

   Number of wires:                 13
   Number of wire bits:            451
   Number of public wires:           8
   Number of public wire bits:     258
   Number of memories:               0
   Number of memory bits:            0
   Number of processes:              0
   Number of cells:                 10
     $mul                            1
     $mux                            5
     $ne                             1
     $neg                            3

=== design hierarchy ===

   Hop                               1
     mult_signed_32                  3

   Number of wires:                 95
   Number of wire bits:           2597
   Number of public wires:          65
   Number of public wire bits:    1879
   Number of memories:               0
   Number of memory bits:            0
   Number of processes:              0
   Number of cells:                 66
     $add                            3
     $eq                             3
     $logic_and                      3
     $mul                            3
     $mux                           23
     $ne                             6
     $neg                            9
     $or                             2
     $sdffe                         14

