
5. Printing statistics.

=== $paramod$af5eb2417a99fbdccc048a055f25a88ec12c1790\single_port_ram ===

   Number of wires:                  9
   Number of wire bits:            182
   Number of public wires:           5
   Number of public wire bits:      76
   Number of memories:               1
   Number of memory bits:          320
   Number of processes:              0
   Number of cells:                  6
     $dffe                           1
     $memrd                          1
     $memwr_v2                       1
     $mux                            3

=== LogCalc ===

   Number of wires:                 93
   Number of wire bits:           1259
   Number of public wires:          12
   Number of public wire bits:     191
   Number of memories:               0
   Number of memory bits:            0
   Number of processes:              0
   Number of cells:                 87
     $add                            2
     $eq                            22
     $ge                             2
     $mul                            1
     $mux                           55
     $paramod$af5eb2417a99fbdccc048a055f25a88ec12c1790\single_port_ram      1
     $sdffe                          2
     $sub                            2

=== design hierarchy ===

   LogCalc                           1
     $paramod$af5eb2417a99fbdccc048a055f25a88ec12c1790\single_port_ram      1

   Number of wires:                102
   Number of wire bits:           1441
   Number of public wires:          17
   Number of public wire bits:     267
   Number of memories:               1
   Number of memory bits:          320
   Number of processes:              0
   Number of cells:                 92
     $add                            2
     $dffe                           1
     $eq                            22
     $ge                             2
     $memrd                          1
     $memwr_v2                       1
     $mul                            1
     $mux                           58
     $sdffe                          2
     $sub                            2

