
5. Printing statistics.

=== InternalsBlock_Reflector ===

   Number of wires:                 17
   Number of wire bits:            707
   Number of public wires:          17
   Number of public wire bits:     707
   Number of memories:               0
   Number of memory bits:            0
   Number of processes:              0
   Number of cells:                  7
     $sdffe                          7

=== Reflector ===

   Number of wires:                518
   Number of wire bits:          17931
   Number of public wires:         360
   Number of public wire bits:   16361
   Number of memories:               0
   Number of memory bits:            0
   Number of processes:              0
   Number of cells:                227
     $add                            1
     $and                           68
     $eq                            19
     $le                             4
     $logic_and                      4
     $logic_not                      2
     $mux                           25
     $neg                            3
     $not                           11
     $or                            27
     $pmux                          16
     $reduce_or                      2
     $sdffe                          5
     $sub                            1
     InternalsBlock_Reflector       37
     sub_64b                         2

=== sub_64b ===

   Number of wires:                  3
   Number of wire bits:            192
   Number of public wires:           3
   Number of public wire bits:     192
   Number of memories:               0
   Number of memory bits:            0
   Number of processes:              0
   Number of cells:                  1
     $sub                            1

=== design hierarchy ===

   Reflector                         1
     InternalsBlock_Reflector       37
     sub_64b                         2

   Number of wires:               1153
   Number of wire bits:          44474
   Number of public wires:         995
   Number of public wire bits:   42904
   Number of memories:               0
   Number of memory bits:            0
   Number of processes:              0
   Number of cells:                449
     $add                            1
     $and                           68
     $eq                            19
     $le                             4
     $logic_and                      4
     $logic_not                      2
     $mux                           25
     $neg                            3
     $not                           11
     $or                            27
     $pmux                          16
     $reduce_or                      2
     $sdffe                        264
     $sub                            3

