
5. Printing statistics.

=== f3_add ===

   Number of wires:                 29
   Number of wire bits:             32
   Number of public wires:           9
   Number of public wire bits:      12
   Number of memories:               0
   Number of memory bits:            0
   Number of processes:              0
   Number of cells:                 22
     $and                           14
     $not                            4
     $or                             4

=== f3m_add ===

   Number of wires:                  3
   Number of wire bits:           3558
   Number of public wires:           3
   Number of public wire bits:    3558
   Number of memories:               0
   Number of memory bits:            0
   Number of processes:              0
   Number of cells:                593
     f3_add                        593

=== design hierarchy ===

   f3m_add                           1
     f3_add                        593

   Number of wires:              17200
   Number of wire bits:          22534
   Number of public wires:        5340
   Number of public wire bits:   10674
   Number of memories:               0
   Number of memory bits:            0
   Number of processes:              0
   Number of cells:              13046
     $and                         8302
     $not                         2372
     $or                          2372

