
5. Printing statistics.

=== f3_mult ===

   Number of wires:                 21
   Number of wire bits:             24
   Number of public wires:           7
   Number of public wire bits:      10
   Number of memories:               0
   Number of memory bits:            0
   Number of processes:              0
   Number of cells:                 16
     $and                           10
     $not                            4
     $or                             2

=== f3_sub ===

   Number of wires:                  3
   Number of wire bits:              6
   Number of public wires:           3
   Number of public wire bits:       6
   Number of memories:               0
   Number of memory bits:            0
   Number of processes:              0
   Number of cells:                  1
     f3_add                          1

=== mod_p ===

   Number of wires:                  5
   Number of wire bits:           3564
   Number of public wires:           5
   Number of public wire bits:    3564
   Number of memories:               0
   Number of memory bits:            0
   Number of processes:              0
   Number of cells:                  4
     f3_mult                         2
     f3_sub                          2

=== design hierarchy ===

   mod_p                             1
     f3_mult                         2
     f3_sub                          2

   Number of wires:                 53
   Number of wire bits:           3624
   Number of public wires:          25
   Number of public wire bits:    3596
   Number of memories:               0
   Number of memory bits:            0
   Number of processes:              0
   Number of cells:                 34
     $and                           20
     $not                            8
     $or                             4
     f3_add                          2

