
5. Printing statistics.

=== FSM ===

   Number of wires:                 58
   Number of wire bits:            847
   Number of public wires:          18
   Number of public wire bits:     699
   Number of memories:               0
   Number of memory bits:            0
   Number of processes:              0
   Number of cells:                 50
     $add                            1
     $dff                            1
     $eq                            12
     $logic_and                      4
     $logic_not                      3
     $mux                            8
     $ne                             1
     $pmux                           8
     $reduce_and                     1
     $reduce_bool                    2
     $reduce_or                      2
     $sdff                           1
     $sdffe                          5
     $sub                            1

=== PE ===

   Number of wires:                 53
   Number of wire bits:          39179
   Number of public wires:          47
   Number of public wire bits:   35614
   Number of memories:               0
   Number of memory bits:            0
   Number of processes:              0
   Number of cells:                 32
     $mux                           10
     $not                            1
     $reduce_bool                    1
     $reduce_or                      1
     $sdff                           1
     $sdffe                          3
     PPG                             3
     f3m_add                         3
     mod_p                           6
     v0                              1
     v1                              1
     v2                              1

=== PPG ===

   Number of wires:                  3
   Number of wire bits:           2374
   Number of public wires:           3
   Number of public wire bits:    2374
   Number of memories:               0
   Number of memory bits:            0
   Number of processes:              0
   Number of cells:                593
     f3_mult                       593

=== const_ ===

   Number of wires:                 12
   Number of wire bits:           2391
   Number of public wires:           4
   Number of public wire bits:    1196
   Number of memories:               0
   Number of memory bits:            0
   Number of processes:              0
   Number of cells:                 10
     $dff                            2
     $eq                             5
     $mux                            1
     $pmux                           1
     $reduce_or                      1

=== f3_add ===

   Number of wires:                 29
   Number of wire bits:             32
   Number of public wires:           9
   Number of public wire bits:      12
   Number of memories:               0
   Number of memory bits:            0
   Number of processes:              0
   Number of cells:                 22
     $and                           14
     $not                            4
     $or                             4

=== f3_mult ===

   Number of wires:                 21
   Number of wire bits:             24
   Number of public wires:           7
   Number of public wire bits:      10
   Number of memories:               0
   Number of memory bits:            0
   Number of processes:              0
   Number of cells:                 16
     $and                           10
     $not                            4
     $or                             2

=== f3_sub ===

   Number of wires:                  3
   Number of wire bits:              6
   Number of public wires:           3
   Number of public wire bits:       6
   Number of memories:               0
   Number of memory bits:            0
   Number of processes:              0
   Number of cells:                  1
     f3_add                          1

=== f3m_add ===

   Number of wires:                  3
   Number of wire bits:           3558
   Number of public wires:           3
   Number of public wire bits:    3558
   Number of memories:               0
   Number of memory bits:            0
   Number of processes:              0
   Number of cells:                593
     f3_add                        593

=== mod_p ===

   Number of wires:                  5
   Number of wire bits:           3564
   Number of public wires:           5
   Number of public wire bits:    3564
   Number of memories:               0
   Number of memory bits:            0
   Number of processes:              0
   Number of cells:                  4
     f3_mult                         2
     f3_sub                          2

=== muxer ===

   Number of wires:                  4
   Number of wire bits:           3565
   Number of public wires:           4
   Number of public wire bits:    3565
   Number of memories:               0
   Number of memory bits:            0
   Number of processes:              0
   Number of cells:                  1
     $mux                            1

=== ram ===

   Number of wires:                 20
   Number of wire bits:          14315
   Number of public wires:          10
   Number of public wire bits:    4799
   Number of memories:               1
   Number of memory bits:        76032
   Number of processes:              0
   Number of cells:                 78
     $dff                            2
     $meminit_v2                    64
     $memrd                          2
     $memwr_v2                       2
     $mux                            8

=== rom ===

   Number of wires:                460
   Number of wire bits:            524
   Number of public wires:           3
   Number of public wire bits:      39
   Number of memories:               0
   Number of memory bits:            0
   Number of processes:              0
   Number of cells:                458
     $dff                            1
     $eq                           423
     $logic_not                      1
     $pmux                           1
     $reduce_or                     32

=== select ===

   Number of wires:                  6
   Number of wire bits:             21
   Number of public wires:           6
   Number of public wire bits:      21
   Number of memories:               0
   Number of memory bits:            0
   Number of processes:              0
   Number of cells:                  2
     $and                            1
     $mux                            1

=== tiny ===

   Number of wires:                 25
   Number of wire bits:          10774
   Number of public wires:          25
   Number of public wire bits:   10774
   Number of memories:               0
   Number of memory bits:            0
   Number of processes:              0
   Number of cells:                  9
     FSM                             1
     PE                              1
     const_                          2
     muxer                           2
     ram                             1
     rom                             1
     select                          1

=== v0 ===

   Number of wires:                  2
   Number of wire bits:           2372
   Number of public wires:           2
   Number of public wire bits:    2372
   Number of memories:               0
   Number of memory bits:            0
   Number of processes:              0
   Number of cells:                  0

=== v1 ===

   Number of wires:                  2
   Number of wire bits:           2372
   Number of public wires:           2
   Number of public wire bits:    2372
   Number of memories:               0
   Number of memory bits:            0
   Number of processes:              0
   Number of cells:                  0

=== v2 ===

   Number of wires:                  2
   Number of wire bits:           2372
   Number of public wires:           2
   Number of public wire bits:    2372
   Number of memories:               0
   Number of memory bits:            0
   Number of processes:              0
   Number of cells:                  0

=== design hierarchy ===

   tiny                              1
     FSM                             1
     PE                              1
       PPG                           3
         f3_mult                   593
       f3m_add                       3
         f3_add                    593
       mod_p                         6
         f3_mult                     2
         f3_sub                      2
           f3_add                    1
       v0                            1
       v1                            1
       v2                            1
     const_                          2
     muxer                           2
     ram                             1
     rom                             1
     select                          1

   Number of wires:              90294
   Number of wire bits:         224236
   Number of public wires:       28871
   Number of public wire bits:  147238
   Number of memories:               1
   Number of memory bits:        76032
   Number of processes:              0
   Number of cells:              68685
     $add                            1
     $and                        42985
     $dff                            8
     $eq                           445
     $logic_and                      4
     $logic_not                      4
     $meminit_v2                    64
     $memrd                          2
     $memwr_v2                       2
     $mux                           31
     $ne                             1
     $not                        14329
     $or                         10746
     $pmux                          11
     $reduce_and                     1
     $reduce_bool                    3
     $reduce_or                     37
     $sdff                           2
     $sdffe                          8
     $sub                            1

