
6. Printing statistics.

=== multiple_blocking_gate ===

   Number of wires:                 73
   Number of wire bits:            271
   Number of public wires:           5
   Number of public wire bits:      41
   Number of memories:               0
   Number of memory bits:            0
   Number of processes:              0
   Number of cells:                 98
     $add                            2
     $dff                            1
     $eq                            31
     $logic_not                      1
     $mul                            1
     $mux                            1
     $not                            1
     $pmux                          31
     $reduce_or                     28
     $sub                            1

