
5. Printing statistics.

=== a25_multiply ===

   Number of wires:                 46
   Number of wire bits:            665
   Number of public wires:          21
   Number of public wire bits:     425
   Number of memories:               0
   Number of memory bits:            0
   Number of processes:              0
   Number of cells:                 37
     $add                            4
     $dffe                           3
     $eq                             5
     $le                             1
     $logic_and                      3
     $logic_not                      3
     $logic_or                       1
     $mux                            8
     $ne                             1
     $not                            2
     $reduce_and                     3
     $reduce_bool                    1
     $sdffce                         2

