
5. Printing statistics.

=== a25_wishbone_buf ===

   Number of wires:                 71
   Number of wire bits:           1211
   Number of public wires:          32
   Number of public wire bits:     980
   Number of memories:               0
   Number of memory bits:            0
   Number of processes:              0
   Number of cells:                 62
     $add                            1
     $dffe                          11
     $eq                             1
     $logic_and                     14
     $logic_not                      9
     $logic_or                       3
     $mux                           12
     $not                            2
     $reduce_and                     3
     $reduce_bool                    2
     $sdffe                          3
     $sub                            1

