
5. Printing statistics.

=== a25_wishbone ===

   Number of wires:                 70
   Number of wire bits:           2322
   Number of public wires:          45
   Number of public wire bits:    1774
   Number of memories:               0
   Number of memory bits:            0
   Number of processes:              0
   Number of cells:                 40
     $and                            2
     $dffe                           4
     $logic_and                      5
     $logic_not                      3
     $logic_or                       1
     $mux                           15
     $not                            1
     $reduce_and                     1
     $reduce_bool                    1
     $reduce_or                      1
     $sdffce                         3
     a25_wishbone_buf                3

=== a25_wishbone_buf ===

   Number of wires:                 71
   Number of wire bits:           1211
   Number of public wires:          32
   Number of public wire bits:     980
   Number of memories:               0
   Number of memory bits:            0
   Number of processes:              0
   Number of cells:                 62
     $add                            1
     $dffe                          11
     $eq                             1
     $logic_and                     14
     $logic_not                      9
     $logic_or                       3
     $mux                           12
     $not                            2
     $reduce_and                     3
     $reduce_bool                    2
     $sdffe                          3
     $sub                            1

=== design hierarchy ===

   a25_wishbone                      1
     a25_wishbone_buf                3

   Number of wires:                283
   Number of wire bits:           5955
   Number of public wires:         141
   Number of public wire bits:    4714
   Number of memories:               0
   Number of memory bits:            0
   Number of processes:              0
   Number of cells:                223
     $add                            3
     $and                            2
     $dffe                          37
     $eq                             3
     $logic_and                     47
     $logic_not                     30
     $logic_or                      10
     $mux                           51
     $not                            7
     $reduce_and                    10
     $reduce_bool                    7
     $reduce_or                      1
     $sdffce                         3
     $sdffe                          9
     $sub                            3

