
5. Printing statistics.

=== a25_icache ===

   Number of wires:                134
   Number of wire bits:           2151
   Number of public wires:          52
   Number of public wire bits:    1438
   Number of memories:               0
   Number of memory bits:            0
   Number of processes:              0
   Number of cells:                136
     $add                            2
     $dff                            2
     $dffe                           7
     $eq                            15
     $logic_and                     28
     $logic_not                      6
     $logic_or                       7
     $lt                             1
     $mux                           32
     $ne                             5
     $not                            1
     $pmux                           2
     $reduce_and                     7
     $reduce_bool                    3
     $reduce_or                      2
     $sdffce                         3
     $sdffe                          4
     $xor                            1
     single_port_ram_128_8           4
     single_port_ram_21_8            4

