
5. Printing statistics.

=== a25_register_bank ===

   Number of wires:                314
   Number of wire bits:           5009
   Number of public wires:          91
   Number of public wire bits:    2012
   Number of memories:               0
   Number of memory bits:            0
   Number of processes:              0
   Number of cells:                280
     $and                            5
     $dffe                          27
     $eq                            65
     $logic_and                     36
     $logic_not                      8
     $mux                          106
     $ne                             1
     $not                            2
     $pmux                           3
     $reduce_bool                   27

