
5. Printing statistics.

=== $paramod\dual_port_ram\DATA_WIDTH=4'0111\ADDR_WIDTH=4'0100 ===

   Number of wires:                 17
   Number of wire bits:             89
   Number of public wires:           9
   Number of public wire bits:      39
   Number of memories:               1
   Number of memory bits:           28
   Number of processes:              0
   Number of cells:                 12
     $dffe                           2
     $memrd                          2
     $memwr_v2                       2
     $mux                            6

=== addr_fifo ===

   Number of wires:                 28
   Number of wire bits:            117
   Number of public wires:          13
   Number of public wire bits:      53
   Number of memories:               0
   Number of memory bits:            0
   Number of processes:              0
   Number of cells:                 22
     $add                            3
     $dffe                           4
     $eq                             1
     $logic_and                      4
     $logic_not                      3
     $mux                            2
     $ne                             1
     $paramod\dual_port_ram\DATA_WIDTH=4'0111\ADDR_WIDTH=4'0100      1
     $reduce_bool                    2
     $sub                            1

=== design hierarchy ===

   addr_fifo                         1
     $paramod\dual_port_ram\DATA_WIDTH=4'0111\ADDR_WIDTH=4'0100      1

   Number of wires:                 45
   Number of wire bits:            206
   Number of public wires:          22
   Number of public wire bits:      92
   Number of memories:               1
   Number of memory bits:           28
   Number of processes:              0
   Number of cells:                 33
     $add                            3
     $dffe                           6
     $eq                             1
     $logic_and                      4
     $logic_not                      3
     $memrd                          2
     $memwr_v2                       2
     $mux                            8
     $ne                             1
     $reduce_bool                    2
     $sub                            1

