
5. Printing statistics.

=== fpu_add ===

   Number of wires:                126
   Number of wire bits:           1419
   Number of public wires:          11
   Number of public wire bits:     243
   Number of memories:               0
   Number of memory bits:            0
   Number of processes:              0
   Number of cells:                148
     $add                            2
     $dff                            2
     $eq                            46
     $gt                             1
     $logic_and                      3
     $lt                             2
     $mux                           61
     $not                            2
     $pmux                           2
     $sub                           27

