
5. Printing statistics.

=== $paramod$4fd442b091a108698966967405a6589cbf6b5b5d\dual_port_ram ===

   Number of wires:                 17
   Number of wire bits:            299
   Number of public wires:           9
   Number of public wire bits:     123
   Number of memories:               1
   Number of memory bits:          112
   Number of processes:              0
   Number of cells:                 12
     $dffe                           2
     $memrd                          2
     $memwr_v2                       2
     $mux                            6

=== memcmd_fifo ===

   Number of wires:                 28
   Number of wire bits:            195
   Number of public wires:          13
   Number of public wire bits:     158
   Number of memories:               0
   Number of memory bits:            0
   Number of processes:              0
   Number of cells:                 22
     $add                            3
     $dffe                           4
     $eq                             1
     $logic_and                      4
     $logic_not                      3
     $mux                            2
     $ne                             1
     $paramod$4fd442b091a108698966967405a6589cbf6b5b5d\dual_port_ram      1
     $reduce_bool                    2
     $sub                            1

=== design hierarchy ===

   memcmd_fifo                       1
     $paramod$4fd442b091a108698966967405a6589cbf6b5b5d\dual_port_ram      1

   Number of wires:                 45
   Number of wire bits:            494
   Number of public wires:          22
   Number of public wire bits:     281
   Number of memories:               1
   Number of memory bits:          112
   Number of processes:              0
   Number of cells:                 33
     $add                            3
     $dffe                           6
     $eq                             1
     $logic_and                      4
     $logic_not                      3
     $memrd                          2
     $memwr_v2                       2
     $mux                            8
     $ne                             1
     $reduce_bool                    2
     $sub                            1

