
5. Printing statistics.

=== $paramod\dual_port_ram\DATA_WIDTH=12'010000000000\ADDR_WIDTH=4'0100 ===

   Number of wires:                 17
   Number of wire bits:          10259
   Number of public wires:           9
   Number of public wire bits:    4107
   Number of memories:               1
   Number of memory bits:         4096
   Number of processes:              0
   Number of cells:                 12
     $dffe                           2
     $memrd                          2
     $memwr_v2                       2
     $mux                            6

=== wfifo ===

   Number of wires:                 63
   Number of wire bits:           5267
   Number of public wires:          14
   Number of public wire bits:    4185
   Number of memories:               0
   Number of memory bits:            0
   Number of processes:              0
   Number of cells:                 56
     $add                            4
     $dffe                           4
     $eq                            15
     $logic_and                      4
     $logic_not                      4
     $mux                           18
     $ne                             1
     $paramod\dual_port_ram\DATA_WIDTH=12'010000000000\ADDR_WIDTH=4'0100      1
     $reduce_bool                    3
     $sdff                           1
     $sub                            1

=== design hierarchy ===

   wfifo                             1
     $paramod\dual_port_ram\DATA_WIDTH=12'010000000000\ADDR_WIDTH=4'0100      1

   Number of wires:                 80
   Number of wire bits:          15526
   Number of public wires:          23
   Number of public wire bits:    8292
   Number of memories:               1
   Number of memory bits:         4096
   Number of processes:              0
   Number of cells:                 67
     $add                            4
     $dffe                           6
     $eq                            15
     $logic_and                      4
     $logic_not                      4
     $memrd                          2
     $memwr_v2                       2
     $mux                           24
     $ne                             1
     $reduce_bool                    3
     $sdff                           1
     $sub                            1

