
5. Printing statistics.

=== LUControl ===

   Number of wires:                520
   Number of wire bits:          13346
   Number of public wires:         214
   Number of public wire bits:   10698
   Number of memories:               0
   Number of memory bits:            0
   Number of processes:              0
   Number of cells:                503
     $add_14                         1
     $add_2                          1
     $add_32                        25
     $add_6                          2
     $add_8                          1
     $dff_1                         10
     $dff_14                        35
     $dff_16                         2
     $dff_2                          2
     $dff_256                       33
     $dff_30                         1
     $dff_31                         2
     $dff_4                          1
     $dff_5                          1
     $dff_6                         35
     $dff_8                         41
     $dffe_14                        1
     $dffe_2                         1
     $dffe_8                         3
     $eq_2                           6
     $eq_32                          7
     $eq_4                          17
     $eq_6                          65
     $eq_8                           9
     $ge_32                          3
     $gt_8                           1
     $logic_and_1                   23
     $logic_not_2                    1
     $logic_not_4                    1
     $logic_not_6                    1
     $logic_not_8                    1
     $logic_or_1                    11
     $lt_32                          3
     $mux_1                         17
     $mux_14                        10
     $mux_2                          5
     $mux_256                        2
     $mux_4                         24
     $mux_6                          3
     $mux_8                         28
     $ne_4                           2
     $ne_5                           1
     $ne_8                           1
     $not_1                          2
     $pmux_1                         1
     $pmux_2                         1
     $pmux_256                       1
     $pmux_4                         1
     $reduce_and_2                   1
     $reduce_bool_2                  5
     $reduce_bool_3                  1
     $reduce_or_2                    1
     $reduce_or_3                    1
     $reduce_or_4                   16
     $sdff_1                         5
     $sdff_2                         1
     $sdff_256                       2
     $sdff_4                         1
     $sdff_8                         1
     $sdffe_1                        2
     $sdffe_14                       2
     $sdffe_2                        1
     $sdffe_6                        3
     $sdffe_7                        1
     $sdffe_8                        6
     $sub_32                         7

