
5. Printing statistics.

=== $paramod\dual_port_ram\DATA_WIDTH=13'0100000000000\ADDR_WIDTH=4'0100 ===

   Number of wires:                 17
   Number of wire bits:          20499
   Number of public wires:           9
   Number of public wire bits:    8203
   Number of memories:               1
   Number of memory bits:         8192
   Number of processes:              0
   Number of cells:                 12
     $dffe_2048                      2
     $memrd                          2
     $memwr_v2                       2
     $mux_1                          2
     $mux_2048                       2
     $mux_4                          2

=== wfifo ===

   Number of wires:                 95
   Number of wire bits:          10405
   Number of public wires:          14
   Number of public wire bits:    8282
   Number of memories:               0
   Number of memory bits:            0
   Number of processes:              0
   Number of cells:                 88
     $add_4                          2
     $add_5                          2
     $dffe_4                         2
     $dffe_5                         1
     $dffe_64                        1
     $eq_5                          31
     $logic_and_1                    4
     $logic_not_1                    2
     $logic_not_5                    2
     $mux_5                          2
     $mux_64                        32
     $ne_5                           1
     $paramod\dual_port_ram\DATA_WIDTH=13'0100000000000\ADDR_WIDTH=4'0100      1
     $reduce_bool_2                  1
     $reduce_bool_32                 1
     $reduce_bool_5                  1
     $sdff_5                         1
     $sub_5                          1

=== design hierarchy ===

   wfifo                             1
     $paramod\dual_port_ram\DATA_WIDTH=13'0100000000000\ADDR_WIDTH=4'0100      1

   Number of wires:                112
   Number of wire bits:          30904
   Number of public wires:          23
   Number of public wire bits:   16485
   Number of memories:               1
   Number of memory bits:         8192
   Number of processes:              0
   Number of cells:                 99
     $add_4                          2
     $add_5                          2
     $dffe_2048                      2
     $dffe_4                         2
     $dffe_5                         1
     $dffe_64                        1
     $eq_5                          31
     $logic_and_1                    4
     $logic_not_1                    2
     $logic_not_5                    2
     $memrd                          2
     $memwr_v2                       2
     $mux_1                          2
     $mux_2048                       2
     $mux_4                          2
     $mux_5                          2
     $mux_64                        32
     $ne_5                           1
     $reduce_bool_2                  1
     $reduce_bool_32                 1
     $reduce_bool_5                  1
     $sdff_5                         1
     $sub_5                          1

