
5. Printing statistics.

=== activation ===

   Number of wires:               1749
   Number of wire bits:           6723
   Number of public wires:          28
   Number of public wire bits:    3339
   Number of memories:               0
   Number of memory bits:            0
   Number of processes:              0
   Number of cells:               1833
     $add_32                         1
     $add_8                         32
     $dffe_1                         1
     $eq_32                          4
     $eq_4                         288
     $ge_32                        160
     $gt_32                        128
     $le_32                        160
     $logic_and_1                  256
     $logic_not_4                   32
     $logic_not_8                   32
     $logic_or_1                     2
     $lt_32                        128
     $mul_8                         32
     $mux_1                         11
     $mux_256                        2
     $mux_4                        352
     $mux_8                         32
     $ne_2                           2
     $not_1                          2
     $pmux_8                        64
     $reduce_and_2                   2
     $reduce_bool_2                  2
     $reduce_or_2                   97
     $sdff_1                         1
     $sdff_256                       2
     $sdff_32                        1
     $sdffe_1                        2
     $sdffe_256                      5

