
5. Printing statistics.

=== output_logic ===

   Number of wires:               1227
   Number of wire bits:          49758
   Number of public wires:        1071
   Number of public wire bits:   16732
   Number of memories:               0
   Number of memory bits:            0
   Number of processes:              0
   Number of cells:                193
     $add_16                         1
     $add_32                         1
     $dffe_10                        1
     $eq_8                           1
     $ge_32                          1
     $mux_1                          6
     $mux_10                         5
     $mux_256                      128
     $mux_32                         4
     $ne_2                           1
     $ne_3                           1
     $not_1                          1
     $or_1                           1
     $reduce_and_2                   1
     $reduce_and_3                   1
     $reduce_bool_2                  1
     $reduce_bool_4                  1
     $reduce_bool_5                  1
     $sdffe_1                        2
     $sdffe_256                     32
     $sdffe_32                       1
     $sub_16                         1

