
5. Printing statistics.

=== pool ===

   Number of wires:                 38
   Number of wire bits:           1226
   Number of public wires:          17
   Number of public wire bits:    1132
   Number of memories:               0
   Number of memory bits:            0
   Number of processes:              0
   Number of cells:                 32
     $add_32                         1
     $add_8                          4
     $dffe_1                         1
     $dffe_256                       1
     $eq_3                           3
     $eq_32                          1
     $logic_or_1                     2
     $mux_1                          2
     $mux_256                        1
     $not_1                          2
     $pmux_8                         2
     $reduce_and_2                   4
     $reduce_bool_2                  1
     $reduce_bool_3                  1
     $sdffe_1                        2
     $sdffe_240                      1
     $sdffe_32                       1
     $sdffe_8                        2

