
5. Printing statistics.

=== div_24b ===

   Number of wires:                 75
   Number of wire bits:           2076
   Number of public wires:          28
   Number of public wire bits:    1247
   Number of memories:               0
   Number of memory bits:            0
   Number of processes:              0
   Number of cells:                 94
     $le_24                          1
     $le_25                          1
     $le_26                          1
     $le_27                          1
     $le_28                          1
     $le_29                          1
     $le_30                          1
     $le_31                          1
     $le_32                          1
     $le_33                          1
     $le_34                          1
     $le_35                          1
     $le_36                          1
     $le_37                          1
     $le_38                          1
     $le_39                          1
     $le_40                          1
     $le_41                          1
     $le_42                          1
     $le_43                          1
     $le_44                          1
     $le_45                          1
     $le_46                          1
     $le_47                          1
     $mux_1                         24
     $mux_47                        23
     $sub_24                         1
     $sub_25                         1
     $sub_26                         1
     $sub_27                         1
     $sub_28                         1
     $sub_29                         1
     $sub_30                         1
     $sub_31                         1
     $sub_32                         1
     $sub_33                         1
     $sub_34                         1
     $sub_35                         1
     $sub_36                         1
     $sub_37                         1
     $sub_38                         1
     $sub_39                         1
     $sub_40                         1
     $sub_41                         1
     $sub_42                         1
     $sub_43                         1
     $sub_44                         1
     $sub_45                         1
     $sub_46                         1

