
5. Printing statistics.

=== $paramod$ef0515f863cb1da1c6fa3654d4ff4adbb9145d5b\dual_port_ram ===

   Number of wires:                 17
   Number of wire bits:            659
   Number of public wires:           9
   Number of public wire bits:     267
   Number of memories:               1
   Number of memory bits:          256
   Number of processes:              0
   Number of cells:                 12
     $dffe_64                        2
     $memrd                          2
     $memwr_v2                       2
     $mux_1                          2
     $mux_4                          2
     $mux_64                         2

=== rfifo ===

   Number of wires:                 37
   Number of wire bits:            578
   Number of public wires:          13
   Number of public wire bits:     531
   Number of memories:               0
   Number of memory bits:            0
   Number of processes:              0
   Number of cells:                 34
     $add_2                          1
     $add_4                          2
     $add_5                          1
     $dffe_4                         2
     $dffe_5                         1
     $dffe_64                        4
     $eq_2                           3
     $logic_and_1                    3
     $logic_not_1                    2
     $logic_not_2                    1
     $logic_not_5                    1
     $mux_5                          2
     $not_1                          3
     $paramod$ef0515f863cb1da1c6fa3654d4ff4adbb9145d5b\dual_port_ram      1
     $reduce_and_2                   1
     $reduce_and_3                   1
     $reduce_and_4                   1
     $reduce_bool_2                  1
     $reduce_bool_5                  1
     $sdff_2                         1
     $sub_5                          1

=== design hierarchy ===

   rfifo                             1
     $paramod$ef0515f863cb1da1c6fa3654d4ff4adbb9145d5b\dual_port_ram      1

   Number of wires:                 54
   Number of wire bits:           1237
   Number of public wires:          22
   Number of public wire bits:     798
   Number of memories:               1
   Number of memory bits:          256
   Number of processes:              0
   Number of cells:                 45
     $add_2                          1
     $add_4                          2
     $add_5                          1
     $dffe_4                         2
     $dffe_5                         1
     $dffe_64                        6
     $eq_2                           3
     $logic_and_1                    3
     $logic_not_1                    2
     $logic_not_2                    1
     $logic_not_5                    1
     $memrd                          2
     $memwr_v2                       2
     $mux_1                          2
     $mux_4                          2
     $mux_5                          2
     $mux_64                         2
     $not_1                          3
     $reduce_and_2                   1
     $reduce_and_3                   1
     $reduce_and_4                   1
     $reduce_bool_2                  1
     $reduce_bool_5                  1
     $sdff_2                         1
     $sub_5                          1

