
5. Printing statistics.

=== round ===

   Number of wires:                 45
   Number of wire bits:            327
   Number of public wires:          22
   Number of public wire bits:     211
   Number of memories:               0
   Number of memory bits:            0
   Number of processes:              0
   Number of cells:                 34
     $add_10                         1
     $add_32                         1
     $and_1                         10
     $logic_not_1                    1
     $mux_32                         2
     $not_1                          4
     $or_1                           9
     $reduce_and_8                   1
     $reduce_or_2                    1
     $reduce_or_71                   1
     $reduce_or_72                   1
     $reduce_or_8                    1
     $xor_1                          1

