
5. Printing statistics.

=== shift ===

   Number of wires:                 47
   Number of wire bits:            472
   Number of public wires:          11
   Number of public wire bits:     374
   Number of memories:               0
   Number of memory bits:            0
   Number of processes:              0
   Number of cells:                 42
     $and_1                          2
     $eq_5                          31
     $gt_32                          1
     $mux_32                         2
     $mux_96                         1
     $neg_10                         1
     $not_1                          1
     $or_1                           1
     $pmux_96                        1
     $reduce_or_48                   1

