
5. Printing statistics.

=== $paramod$8c402cffd162a5c8c105cf483e4b83a2df542b7b\dual_port_ram ===

   Number of wires:                 17
   Number of wire bits:            223
   Number of public wires:           9
   Number of public wire bits:      97
   Number of memories:               1
   Number of memory bits:          240
   Number of processes:              0
   Number of cells:                 12
     $dffe_16                        2
     $memrd                          2
     $memwr_v2                       2
     $mux_1                          2
     $mux_15                         2
     $mux_16                         2

=== buffer_16_24200_buffer_init_12 ===

   Number of wires:                 12
   Number of wire bits:            159
   Number of public wires:          12
   Number of public wire bits:     159
   Number of memories:               0
   Number of memory bits:            0
   Number of processes:              0
   Number of cells:                  4
     $dff_15                         1
     $dff_16                         2
     $paramod$8c402cffd162a5c8c105cf483e4b83a2df542b7b\dual_port_ram      1

=== design hierarchy ===

   buffer_16_24200_buffer_init_12      1
     $paramod$8c402cffd162a5c8c105cf483e4b83a2df542b7b\dual_port_ram      1

   Number of wires:                 29
   Number of wire bits:            382
   Number of public wires:          21
   Number of public wire bits:     256
   Number of memories:               1
   Number of memory bits:          240
   Number of processes:              0
   Number of cells:                 15
     $dff_15                         1
     $dff_16                         2
     $dffe_16                        2
     $memrd                          2
     $memwr_v2                       2
     $mux_1                          2
     $mux_15                         2
     $mux_16                         2

