
5. Printing statistics.

=== inverse_winograd_1 ===

   Number of wires:                311
   Number of wire bits:           7987
   Number of public wires:         158
   Number of public wire bits:    3995
   Number of memories:               0
   Number of memory bits:            0
   Number of processes:              0
   Number of cells:                295
     $add_2                          1
     $dff_1                         15
     $dff_3                          1
     $dff_30                        60
     $dffe_30                       44
     $eq_2                           1
     $eq_3                           2
     $logic_not_3                    1
     $lt_32                          1
     $mux_16                         4
     $mux_3                          6
     $mux_30                       132
     $ne_2                           1
     $ne_3                           1
     $neg_30                         7
     $not_1                          3
     $reduce_and_3                   2
     $reduce_and_4                   1
     $reduce_bool_2                  2
     $sdffe_1                        1
     $sdffe_2                        1
     inverse_winograd_adder_30_3      8

=== inverse_winograd_adder_30_3 ===

   Number of wires:                 19
   Number of wire bits:            574
   Number of public wires:          14
   Number of public wire bits:     409
   Number of memories:               0
   Number of memory bits:            0
   Number of processes:              0
   Number of cells:                 11
     $add_33                         5
     $dff_33                         6

=== design hierarchy ===

   inverse_winograd_1                1
     inverse_winograd_adder_30_3      8

   Number of wires:                463
   Number of wire bits:          12579
   Number of public wires:         270
   Number of public wire bits:    7267
   Number of memories:               0
   Number of memory bits:            0
   Number of processes:              0
   Number of cells:                375
     $add_2                          1
     $add_33                        40
     $dff_1                         15
     $dff_3                          1
     $dff_30                        60
     $dff_33                        48
     $dffe_30                       44
     $eq_2                           1
     $eq_3                           2
     $logic_not_3                    1
     $lt_32                          1
     $mux_16                         4
     $mux_3                          6
     $mux_30                       132
     $ne_2                           1
     $ne_3                           1
     $neg_30                         7
     $not_1                          3
     $reduce_and_3                   2
     $reduce_and_4                   1
     $reduce_bool_2                  2
     $sdffe_1                        1
     $sdffe_2                        1

