
5. Printing statistics.

=== pooling ===

   Number of wires:                 35
   Number of wire bits:            275
   Number of public wires:          19
   Number of public wire bits:     184
   Number of memories:               0
   Number of memory bits:            0
   Number of processes:              0
   Number of cells:                 26
     $add_1                          1
     $dff_1                          3
     $dff_16                         2
     $dffe_16                        4
     $gt_16                          4
     $logic_or_1                     1
     $mux_16                         5
     $not_1                          2
     $reduce_and_2                   1
     $reduce_and_3                   1
     $reduce_or_3                    1
     $sdff_1                         1

