
5. Printing statistics.

=== store_output ===

   Number of wires:                125
   Number of wire bits:           1034
   Number of public wires:          61
   Number of public wire bits:     682
   Number of memories:               0
   Number of memory bits:            0
   Number of processes:              0
   Number of cells:                 91
     $add_15                         1
     $add_32                         2
     $add_6                          3
     $dff_1                          1
     $dff_15                         1
     $dff_16                        12
     $eq_6                           7
     $logic_and_1                    6
     $logic_not_6                    1
     $logic_or_1                     1
     $mux_1                          6
     $mux_15                         8
     $mux_6                         17
     $ne_2                           1
     $ne_3                           2
     $ne_4                           1
     $reduce_and_2                   3
     $reduce_and_3                   1
     $reduce_and_4                   2
     $reduce_bool_2                  2
     $sdffe_1                        6
     $sdffe_15                       2
     $sdffe_2                        1
     $sdffe_4                        1
     $sdffe_6                        3

