
5. Printing statistics.

=== add_sub27 ===

   Number of wires:                  7
   Number of wire bits:            139
   Number of public wires:           5
   Number of public wire bits:      83
   Number of memories:               0
   Number of memory bits:            0
   Number of processes:              0
   Number of cells:                  3
     $add                            1
     $mux                            1
     $sub                            1

=== b_left_shifter ===

   Number of wires:                150
   Number of wire bits:            296
   Number of public wires:           3
   Number of public wire bits:     102
   Number of memories:               0
   Number of memory bits:            0
   Number of processes:              0
   Number of cells:                148
     $and                           48
     $dlatch                         1
     $eq                            48
     $logic_not                      1
     $not                           49
     $pmux                           1

=== b_left_shifter_new ===

   Number of wires:                174
   Number of wire bits:            344
   Number of public wires:           3
   Number of public wire bits:     118
   Number of memories:               0
   Number of memory bits:            0
   Number of processes:              0
   Number of cells:                172
     $and                           56
     $dlatch                         1
     $eq                            56
     $logic_not                      1
     $not                           57
     $pmux                           1

=== b_right_shifter ===

   Number of wires:                150
   Number of wire bits:            296
   Number of public wires:           3
   Number of public wire bits:     102
   Number of memories:               0
   Number of memory bits:            0
   Number of processes:              0
   Number of cells:                148
     $and                           48
     $dlatch                         1
     $eq                            48
     $logic_not                      1
     $not                           49
     $pmux                           1

=== b_right_shifter_new ===

   Number of wires:                 87
   Number of wire bits:            169
   Number of public wires:           3
   Number of public wire bits:      59
   Number of memories:               0
   Number of memory bits:            0
   Number of processes:              0
   Number of cells:                 85
     $and                           27
     $dlatch                         1
     $eq                            27
     $logic_not                      1
     $not                           28
     $pmux                           1

=== except ===

   Number of wires:                 61
   Number of wire bits:            179
   Number of public wires:          31
   Number of public wire bits:     149
   Number of memories:               0
   Number of memory bits:            0
   Number of processes:              0
   Number of cells:                 52
     $and                           13
     $dff                           22
     $logic_not                      6
     $or                             3
     $reduce_and                     2
     $reduce_or                      6

=== fir ===

   Number of wires:                 41
   Number of wire bits:           1082
   Number of public wires:          41
   Number of public wire bits:    1082
   Number of memories:               0
   Number of memory bits:            0
   Number of processes:              0
   Number of cells:                 26
     $dff                           19
     fpu_add                         3
     fpu_mul                         4

=== fpu_add ===

   Number of wires:                103
   Number of wire bits:            654
   Number of public wires:          78
   Number of public wire bits:     599
   Number of memories:               0
   Number of memory bits:            0
   Number of processes:              0
   Number of cells:                 61
     $and                            8
     $dff                           26
     $logic_not                      7
     $mux                            4
     $or                             9
     $reduce_and                     1
     $reduce_or                      2
     add_sub27                       1
     except                          1
     post_norm                       1
     pre_norm                        1

=== fpu_mul ===

   Number of wires:                151
   Number of wire bits:            696
   Number of public wires:          91
   Number of public wire bits:     606
   Number of memories:               0
   Number of memory bits:            0
   Number of processes:              0
   Number of cells:                105
     $and                           21
     $dff                           28
     $eq                             1
     $logic_not                     15
     $mux                            3
     $or                            29
     $reduce_and                     1
     $reduce_bool                    1
     $reduce_or                      2
     except                          1
     mul_r2                          1
     post_norm                       1
     pre_norm_fmul                   1

=== mul_r2 ===

   Number of wires:                  6
   Number of wire bits:            193
   Number of public wires:           5
   Number of public wire bits:     145
   Number of memories:               0
   Number of memory bits:            0
   Number of processes:              0
   Number of cells:                  3
     $dff                            2
     $mul                            1

=== post_norm ===

   Number of wires:                458
   Number of wire bits:           1475
   Number of public wires:         133
   Number of public wire bits:     995
   Number of memories:               0
   Number of memory bits:            0
   Number of processes:              0
   Number of cells:                435
     $add                            8
     $and                          169
     $eq                            10
     $gt                             7
     $logic_not                     37
     $lt                             9
     $mux                           70
     $ne                             4
     $or                            83
     $pmux                           2
     $reduce_and                     5
     $reduce_or                     12
     $sub                           15
     b_left_shifter                  1
     b_left_shifter_new              1
     b_right_shifter                 1
     pri_encoder                     1

=== pre_norm ===

   Number of wires:                150
   Number of wire bits:            580
   Number of public wires:          52
   Number of public wire bits:     482
   Number of memories:               0
   Number of memory bits:            0
   Number of processes:              0
   Number of cells:                135
     $and                           13
     $dff                           11
     $eq                            38
     $gt                             3
     $logic_not                      8
     $lt                             1
     $mux                           15
     $not                            1
     $or                             6
     $pmux                           3
     $reduce_or                     32
     $sdff                           1
     $sub                            2
     b_right_shifter_new             1

=== pre_norm_fmul ===

   Number of wires:                 82
   Number of wire bits:            349
   Number of public wires:          34
   Number of public wire bits:     227
   Number of memories:               0
   Number of memory bits:            0
   Number of processes:              0
   Number of cells:                 75
     $add                            4
     $and                           15
     $dff                            6
     $eq                             5
     $gt                             1
     $logic_not                      9
     $lt                             1
     $mux                           13
     $or                             8
     $pmux                           1
     $reduce_or                      8
     $sub                            4

=== pri_encoder ===

   Number of wires:               1371
   Number of wire bits:           1663
   Number of public wires:           3
   Number of public wire bits:      60
   Number of memories:               0
   Number of memory bits:            0
   Number of processes:              0
   Number of cells:               1369
     $and                         1224
     $dlatch                         1
     $eq                            47
     $logic_not                      1
     $mux                           47
     $not                           49

=== design hierarchy ===

   fir                               1
     fpu_add                         3
       add_sub27                     1
       except                        1
       post_norm                     1
         b_left_shifter              1
         b_left_shifter_new          1
         b_right_shifter             1
         pri_encoder                 1
       pre_norm                      1
         b_right_shifter_new         1
     fpu_mul                         4
       except                        1
       mul_r2                        1
       post_norm                     1
         b_left_shifter              1
         b_left_shifter_new          1
         b_right_shifter             1
         pri_encoder                 1
       pre_norm_fmul                 1

   Number of wires:              18586
   Number of wire bits:          40431
   Number of public wires:        2207
   Number of public wire bits:   19345
   Number of memories:               0
   Number of memory bits:            0
   Number of processes:              0
   Number of cells:              17812
     $add                           75
     $and                        11194
     $dff                          428
     $dlatch                        31
     $eq                          1682
     $gt                            62
     $logic_not                    473
     $lt                            70
     $mul                            4
     $mux                          943
     $ne                            28
     $not                         1515
     $or                           795
     $pmux                          51
     $reduce_and                    56
     $reduce_bool                    4
     $reduce_or                    268
     $sdff                           3
     $sub                          130

