
5. Printing statistics.

=== f32m_add ===

   Number of wires:                  3
   Number of wire bits:           1164
   Number of public wires:           3
   Number of public wire bits:    1164
   Number of memories:               0
   Number of memory bits:            0
   Number of processes:              0
   Number of cells:                  2
     f3m_add                         2

=== f32m_add4 ===

   Number of wires:                  7
   Number of wire bits:           2716
   Number of public wires:           7
   Number of public wire bits:    2716
   Number of memories:               0
   Number of memory bits:            0
   Number of processes:              0
   Number of cells:                  3
     f32m_add                        3

=== f3_add ===

   Number of wires:                 29
   Number of wire bits:             32
   Number of public wires:           9
   Number of public wire bits:      12
   Number of memories:               0
   Number of memory bits:            0
   Number of processes:              0
   Number of cells:                 22
     $and_1                         14
     $not_1                          4
     $or_1                           4

=== f3m_add ===

   Number of wires:                  3
   Number of wire bits:            582
   Number of public wires:           3
   Number of public wire bits:     582
   Number of memories:               0
   Number of memory bits:            0
   Number of processes:              0
   Number of cells:                 97
     f3_add                         97

=== design hierarchy ===

   f32m_add4                         1
     f32m_add                        3
       f3m_add                       2
         f3_add                     97

   Number of wires:              16912
   Number of wire bits:          28324
   Number of public wires:        5272
   Number of public wire bits:   16684
   Number of memories:               0
   Number of memory bits:            0
   Number of processes:              0
   Number of cells:              12804
     $and_1                       8148
     $not_1                       2328
     $or_1                        2328

