
5. Printing statistics.

=== f32m_mult ===

   Number of wires:                 23
   Number of wire bits:           3500
   Number of public wires:          21
   Number of public wire bits:    3498
   Number of memories:               0
   Number of memory bits:            0
   Number of processes:              0
   Number of cells:                 12
     $dff_1                          1
     $dffe_388                       1
     $not_1                          1
     $reduce_and_2                   1
     $sdffe_1                        1
     f3m_add                         3
     f3m_mult3                       1
     f3m_sub                         2
     func6                           1

=== f3_add ===

   Number of wires:                 29
   Number of wire bits:             32
   Number of public wires:           9
   Number of public wire bits:      12
   Number of memories:               0
   Number of memory bits:            0
   Number of processes:              0
   Number of cells:                 22
     $and_1                         14
     $not_1                          4
     $or_1                           4

=== f3_mult ===

   Number of wires:                 21
   Number of wire bits:             24
   Number of public wires:           7
   Number of public wire bits:      10
   Number of memories:               0
   Number of memory bits:            0
   Number of processes:              0
   Number of cells:                 16
     $and_1                         10
     $not_1                          4
     $or_1                           2

=== f3_sub ===

   Number of wires:                  3
   Number of wire bits:              6
   Number of public wires:           3
   Number of public wire bits:       6
   Number of memories:               0
   Number of memory bits:            0
   Number of processes:              0
   Number of cells:                  1
     f3_add                          1

=== f3m_add ===

   Number of wires:                  3
   Number of wire bits:            582
   Number of public wires:           3
   Number of public wire bits:     582
   Number of memories:               0
   Number of memory bits:            0
   Number of processes:              0
   Number of cells:                 97
     f3_add                         97

=== f3m_mult ===

   Number of wires:                 17
   Number of wire bits:           2366
   Number of public wires:          15
   Number of public wire bits:    1978
   Number of memories:               0
   Number of memory bits:            0
   Number of processes:              0
   Number of cells:                 12
     $dff_188                        1
     $dff_194                        1
     $dffe_194                       1
     $mux_194                        2
     $sdff_194                       1
     $sdff_34                        1
     $sdff_6                         1
     $sdffe_1                        1
     f3m_add                         1
     func7                           1
     func8                           1

=== f3m_mult3 ===

   Number of wires:                 27
   Number of wire bits:           2346
   Number of public wires:          25
   Number of public wire bits:    2344
   Number of memories:               0
   Number of memory bits:            0
   Number of processes:              0
   Number of cells:                 14
     $dff_1                          2
     $dffe_194                       3
     $mux_1                          1
     $or_1                           1
     $sdff_1                         1
     $sdffe_1                        1
     $sdffe_4                        1
     f3m_mult                        1
     f3m_mux3                        2
     func6                           1

=== f3m_mux3 ===

   Number of wires:                783
   Number of wire bits:           1555
   Number of public wires:           7
   Number of public wire bits:     779
   Number of memories:               0
   Number of memory bits:            0
   Number of processes:              0
   Number of cells:                970
     $and_1                        582
     $or_1                         388

=== f3m_sub ===

   Number of wires:                  3
   Number of wire bits:            582
   Number of public wires:           3
   Number of public wire bits:     582
   Number of memories:               0
   Number of memory bits:            0
   Number of processes:              0
   Number of cells:                 97
     f3_sub                         97

=== func6 ===

   Number of wires:                  8
   Number of wire bits:             39
   Number of public wires:           6
   Number of public wire bits:       6
   Number of memories:               0
   Number of memory bits:            0
   Number of processes:              0
   Number of cells:                  4
     $eq_2                           1
     $mux_32                         1
     $sdff_1                         2

=== func7 ===

   Number of wires:                  5
   Number of wire bits:            394
   Number of public wires:           5
   Number of public wire bits:     394
   Number of memories:               0
   Number of memory bits:            0
   Number of processes:              0
   Number of cells:                  3
     f3_add                          3

=== func8 ===

   Number of wires:                491
   Number of wire bits:           1370
   Number of public wires:         491
   Number of public wire bits:    1370
   Number of memories:               0
   Number of memory bits:            0
   Number of processes:              0
   Number of cells:                488
     f3_add                        197
     f3_mult                       291

=== design hierarchy ===

   f32m_mult                         1
     f3m_add                         3
       f3_add                       97
     f3m_mult3                       1
       f3m_mult                      1
         f3m_add                     1
           f3_add                   97
         func7                       1
           f3_add                    3
         func8                       1
           f3_add                  197
           f3_mult                 291
       f3m_mux3                      2
       func6                         1
     f3m_sub                         2
       f3_sub                       97
         f3_add                      1
     func6                           1

   Number of wires:              31534
   Number of wire bits:          49828
   Number of public wires:       10258
   Number of public wire bits:   28104
   Number of memories:               0
   Number of memory bits:            0
   Number of processes:              0
   Number of cells:              23832
     $and_1                      15022
     $dff_1                          3
     $dff_188                        1
     $dff_194                        1
     $dffe_194                       4
     $dffe_388                       1
     $eq_2                           2
     $mux_1                          1
     $mux_194                        2
     $mux_32                         2
     $not_1                       4293
     $or_1                        4487
     $reduce_and_2                   1
     $sdff_1                         5
     $sdff_194                       1
     $sdff_34                        1
     $sdff_6                         1
     $sdffe_1                        3
     $sdffe_4                        1

