
5. Printing statistics.

=== f32m_mux6 ===

   Number of wires:                 13
   Number of wire bits:           2722
   Number of public wires:          13
   Number of public wire bits:    2722
   Number of memories:               0
   Number of memory bits:            0
   Number of processes:              0
   Number of cells:                  2
     f3m_mux6                        2

=== f3m_mux6 ===

   Number of wires:               1953
   Number of wire bits:           3304
   Number of public wires:          13
   Number of public wire bits:    1364
   Number of memories:               0
   Number of memory bits:            0
   Number of processes:              0
   Number of cells:               2134
     $and_1                       1164
     $or_1                         970

=== design hierarchy ===

   f32m_mux6                         1
     f3m_mux6                        2

   Number of wires:               3919
   Number of wire bits:           9330
   Number of public wires:          39
   Number of public wire bits:    5450
   Number of memories:               0
   Number of memory bits:            0
   Number of processes:              0
   Number of cells:               4268
     $and_1                       2328
     $or_1                        1940

