
5. Printing statistics.

=== f3_add ===

   Number of wires:                 29
   Number of wire bits:             32
   Number of public wires:           9
   Number of public wire bits:      12
   Number of memories:               0
   Number of memory bits:            0
   Number of processes:              0
   Number of cells:                 22
     $and_1                         14
     $not_1                          4
     $or_1                           4

=== f3m_cubic ===

   Number of wires:                 90
   Number of wire bits:            564
   Number of public wires:          90
   Number of public wire bits:     564
   Number of memories:               0
   Number of memory bits:            0
   Number of processes:              0
   Number of cells:                 88
     f3_add                         88

=== design hierarchy ===

   f3m_cubic                         1
     f3_add                         88

   Number of wires:               2642
   Number of wire bits:           3380
   Number of public wires:         882
   Number of public wire bits:    1620
   Number of memories:               0
   Number of memory bits:            0
   Number of processes:              0
   Number of cells:               1936
     $and_1                       1232
     $not_1                        352
     $or_1                         352

