
5. Printing statistics.

=== f3_add ===

   Number of wires:                 29
   Number of wire bits:             32
   Number of public wires:           9
   Number of public wire bits:      12
   Number of memories:               0
   Number of memory bits:            0
   Number of processes:              0
   Number of cells:                 22
     $and_1                         14
     $not_1                          4
     $or_1                           4

=== f3_mult ===

   Number of wires:                 21
   Number of wire bits:             24
   Number of public wires:           7
   Number of public wire bits:      10
   Number of memories:               0
   Number of memory bits:            0
   Number of processes:              0
   Number of cells:                 16
     $and_1                         10
     $not_1                          4
     $or_1                           2

=== f3_sub ===

   Number of wires:                  3
   Number of wire bits:              6
   Number of public wires:           3
   Number of public wire bits:       6
   Number of memories:               0
   Number of memory bits:            0
   Number of processes:              0
   Number of cells:                  1
     f3_add                          1

=== func3 ===

   Number of wires:                  5
   Number of wire bits:            592
   Number of public wires:           5
   Number of public wire bits:     592
   Number of memories:               0
   Number of memory bits:            0
   Number of processes:              0
   Number of cells:                  4
     f3_mult                         2
     f3_sub                          2

=== design hierarchy ===

   func3                             1
     f3_mult                         2
     f3_sub                          2
       f3_add                        1

   Number of wires:                111
   Number of wire bits:            716
   Number of public wires:          43
   Number of public wire bits:     648
   Number of memories:               0
   Number of memory bits:            0
   Number of processes:              0
   Number of cells:                 76
     $and_1                         48
     $not_1                         16
     $or_1                          12

