
5. Printing statistics.

=== duursma_lee_algo ===

   Number of wires:                 47
   Number of wire bits:          10207
   Number of public wires:          36
   Number of public wire bits:    9038
   Number of memories:               0
   Number of memory bits:            0
   Number of processes:              0
   Number of cells:                 36
     $dffe                           4
     $mux                            7
     $not                            1
     $or                             1
     $reduce_and                     1
     $reduce_bool                    1
     $sdff                           3
     $sdffe                          4
     f36m_cubic                      1
     f36m_mult                       1
     f3_sub1                         1
     f3m_add3                        1
     f3m_cubic                       2
     f3m_mult                        2
     f3m_neg                         2
     f3m_nine                        2
     func6                           2

=== f32m_add ===

   Number of wires:                  3
   Number of wire bits:           1164
   Number of public wires:           3
   Number of public wire bits:    1164
   Number of memories:               0
   Number of memory bits:            0
   Number of processes:              0
   Number of cells:                  2
     f3m_add                         2

=== f32m_add3 ===

   Number of wires:                  5
   Number of wire bits:           1940
   Number of public wires:           5
   Number of public wire bits:    1940
   Number of memories:               0
   Number of memory bits:            0
   Number of processes:              0
   Number of cells:                  2
     f32m_add                        2

=== f32m_add4 ===

   Number of wires:                  7
   Number of wire bits:           2716
   Number of public wires:           7
   Number of public wire bits:    2716
   Number of memories:               0
   Number of memory bits:            0
   Number of processes:              0
   Number of cells:                  3
     f32m_add                        3

=== f32m_cubic ===

   Number of wires:                  8
   Number of wire bits:           1747
   Number of public wires:           8
   Number of public wire bits:    1747
   Number of memories:               0
   Number of memory bits:            0
   Number of processes:              0
   Number of cells:                  4
     $dff                            1
     f3m_cubic                       2
     f3m_neg                         1

=== f32m_mult ===

   Number of wires:                 23
   Number of wire bits:           3500
   Number of public wires:          21
   Number of public wire bits:    3498
   Number of memories:               0
   Number of memory bits:            0
   Number of processes:              0
   Number of cells:                 12
     $dff                            1
     $dffe                           1
     $not                            1
     $reduce_and                     1
     $sdffe                          1
     f3m_add                         3
     f3m_mult3                       1
     f3m_sub                         2
     func6                           1

=== f32m_mux6 ===

   Number of wires:                 13
   Number of wire bits:           2722
   Number of public wires:          13
   Number of public wire bits:    2722
   Number of memories:               0
   Number of memory bits:            0
   Number of processes:              0
   Number of cells:                  2
     f3m_mux6                        2

=== f32m_neg ===

   Number of wires:                  2
   Number of wire bits:            776
   Number of public wires:           2
   Number of public wire bits:     776
   Number of memories:               0
   Number of memory bits:            0
   Number of processes:              0
   Number of cells:                  2
     f3m_neg                         2

=== f32m_sub ===

   Number of wires:                  3
   Number of wire bits:           1164
   Number of public wires:           3
   Number of public wire bits:    1164
   Number of memories:               0
   Number of memory bits:            0
   Number of processes:              0
   Number of cells:                  2
     f3m_sub                         2

=== f36m_cubic ===

   Number of wires:                 13
   Number of wire bits:           6209
   Number of public wires:          13
   Number of public wire bits:    6209
   Number of memories:               0
   Number of memory bits:            0
   Number of processes:              0
   Number of cells:                  7
     $dff                            1
     f32m_add                        2
     f32m_cubic                      3
     f32m_sub                        1

=== f36m_mult ===

   Number of wires:                 57
   Number of wire bits:          16710
   Number of public wires:          53
   Number of public wire bits:   16706
   Number of memories:               0
   Number of memory bits:            0
   Number of processes:              0
   Number of cells:                 37
     $dff                            4
     $dffe                           7
     $mux                            1
     $not                            1
     $or                             1
     $reduce_and                     1
     $sdff                           1
     $sdffe                          2
     f32m_add                        8
     f32m_add3                       3
     f32m_add4                       1
     f32m_mult                       1
     f32m_mux6                       2
     f32m_neg                        3
     func6                           1

=== f3_sub1 ===

   Number of wires:                  4
   Number of wire bits:              6
   Number of public wires:           2
   Number of public wire bits:       4
   Number of memories:               0
   Number of memory bits:            0
   Number of processes:              0
   Number of cells:                  4
     $and                            2
     $not                            2

=== f3m_cubic ===

   Number of wires:                 90
   Number of wire bits:            564
   Number of public wires:          90
   Number of public wire bits:     564
   Number of memories:               0
   Number of memory bits:            0
   Number of processes:              0
   Number of cells:                 88
     f3_add                         88

=== f3m_nine ===

   Number of wires:                  5
   Number of wire bits:            777
   Number of public wires:           5
   Number of public wire bits:     777
   Number of memories:               0
   Number of memory bits:            0
   Number of processes:              0
   Number of cells:                  3
     $dff                            1
     f3m_cubic                       2

=== design hierarchy ===

   duursma_lee_algo                  1
     f36m_cubic                      1
       f32m_add                      2
       f32m_cubic                    3
         f3m_cubic                   2
       f32m_sub                      1
     f36m_mult                       1
       f32m_add                      8
       f32m_add3                     3
         f32m_add                    2
       f32m_add4                     1
         f32m_add                    3
       f32m_mult                     1
       f32m_mux6                     2
       f32m_neg                      3
     f3_sub1                         1
     f3m_cubic                       2
     f3m_nine                        2
       f3m_cubic                     2

   Number of wires:               1372
   Number of wire bits:          89783
   Number of public wires:        1353
   Number of public wire bits:   88606
   Number of memories:               0
   Number of memory bits:            0
   Number of processes:              0
   Number of cells:               1179
     $and                            2
     $dff                           11
     $dffe                          12
     $mux                            8
     $not                            5
     $or                             2
     $reduce_and                     3
     $reduce_bool                    1
     $sdff                           4
     $sdffe                          7
     f3_add                       1056
     f3m_add                        41
     f3m_add3                        1
     f3m_mult                        2
     f3m_mult3                       1
     f3m_mux6                        4
     f3m_neg                        11
     f3m_sub                         4
     func6                           4

