
 /----------------------------------------------------------------------------\
 |                                                                            |
 |  yosys -- Yosys Open SYnthesis Suite                                       |
 |                                                                            |
 |  Copyright (C) 2012 - 2020  Claire Xenia Wolf <claire@yosyshq.com>         |
 |                                                                            |
 |  Permission to use, copy, modify, and/or distribute this software for any  |
 |  purpose with or without fee is hereby granted, provided that the above    |
 |  copyright notice and this permission notice appear in all copies.         |
 |                                                                            |
 |  THE SOFTWARE IS PROVIDED "AS IS" AND THE AUTHOR DISCLAIMS ALL WARRANTIES  |
 |  WITH REGARD TO THIS SOFTWARE INCLUDING ALL IMPLIED WARRANTIES OF          |
 |  MERCHANTABILITY AND FITNESS. IN NO EVENT SHALL THE AUTHOR BE LIABLE FOR   |
 |  ANY SPECIAL, DIRECT, INDIRECT, OR CONSEQUENTIAL DAMAGES OR ANY DAMAGES    |
 |  WHATSOEVER RESULTING FROM LOSS OF USE, DATA OR PROFITS, WHETHER IN AN     |
 |  ACTION OF CONTRACT, NEGLIGENCE OR OTHER TORTIOUS ACTION, ARISING OUT OF   |
 |  OR IN CONNECTION WITH THE USE OR PERFORMANCE OF THIS SOFTWARE.            |
 |                                                                            |
 \----------------------------------------------------------------------------/

 Yosys 0.10+12 (git sha1 72fac04, gcc 7.4.0-1ubuntu1~16.04~ppa1 -fPIC -Os)


-- Executing script file `out.ys' --

1. Executing Verilog-2005 frontend: /home/zhigang/raw_data/raw_designs/opencores/arithmetic/pairing_submodules/f32m_mult.v
Parsing SystemVerilog input from `/home/zhigang/raw_data/raw_designs/opencores/arithmetic/pairing_submodules/f32m_mult.v' to AST representation.
Generating RTLIL representation for module `\f32m_mult'.
Successfully finished Verilog frontend.

2. Executing HIERARCHY pass (managing design hierarchy).

2.1. Finding top of design hierarchy..
root of   0 design levels: f32m_mult           
Automatically selected f32m_mult as design top module.

2.2. Analyzing design hierarchy..
Top module:  \f32m_mult

2.3. Analyzing design hierarchy..
Top module:  \f32m_mult
Removed 0 unused modules.

3. Executing PROC pass (convert processes to netlists).

3.1. Executing PROC_CLEAN pass (remove empty switches from decision trees).
Cleaned up 0 empty switches.

3.2. Executing PROC_RMDEAD pass (remove dead branches from decision trees).
Marked 1 switch rules as full_case in process $proc$/home/zhigang/raw_data/raw_designs/opencores/arithmetic/pairing_submodules/f32m_mult.v:42$2 in module f32m_mult.
Removed a total of 0 dead cases.

3.3. Executing PROC_PRUNE pass (remove redundant assignments in processes).
Removed 0 redundant assignments.
Promoted 1 assignment to connection.

3.4. Executing PROC_INIT pass (extract init attributes).

3.5. Executing PROC_ARST pass (detect async resets in processes).

3.6. Executing PROC_MUX pass (convert decision trees to multiplexers).
Creating decoders for process `\f32m_mult.$proc$/home/zhigang/raw_data/raw_designs/opencores/arithmetic/pairing_submodules/f32m_mult.v:42$2'.
     1/2: $0\done[0:0]
     2/2: $0\c[387:0]
Creating decoders for process `\f32m_mult.$proc$/home/zhigang/raw_data/raw_designs/opencores/arithmetic/pairing_submodules/f32m_mult.v:39$1'.

3.7. Executing PROC_DLATCH pass (convert process syncs to latches).

3.8. Executing PROC_DFF pass (convert process syncs to FFs).
Creating register for signal `\f32m_mult.\c' using process `\f32m_mult.$proc$/home/zhigang/raw_data/raw_designs/opencores/arithmetic/pairing_submodules/f32m_mult.v:42$2'.
  created $dff cell `$procdff$13' with positive edge clock.
Creating register for signal `\f32m_mult.\done' using process `\f32m_mult.$proc$/home/zhigang/raw_data/raw_designs/opencores/arithmetic/pairing_submodules/f32m_mult.v:42$2'.
  created $dff cell `$procdff$14' with positive edge clock.
Creating register for signal `\f32m_mult.\mult_reset' using process `\f32m_mult.$proc$/home/zhigang/raw_data/raw_designs/opencores/arithmetic/pairing_submodules/f32m_mult.v:39$1'.
  created $dff cell `$procdff$15' with positive edge clock.

3.9. Executing PROC_MEMWR pass (convert process memory writes to cells).

3.10. Executing PROC_CLEAN pass (remove empty switches from decision trees).
Found and cleaned up 2 empty switches in `\f32m_mult.$proc$/home/zhigang/raw_data/raw_designs/opencores/arithmetic/pairing_submodules/f32m_mult.v:42$2'.
Removing empty process `f32m_mult.$proc$/home/zhigang/raw_data/raw_designs/opencores/arithmetic/pairing_submodules/f32m_mult.v:42$2'.
Removing empty process `f32m_mult.$proc$/home/zhigang/raw_data/raw_designs/opencores/arithmetic/pairing_submodules/f32m_mult.v:39$1'.
Cleaned up 2 empty switches.

3.11. Executing OPT_EXPR pass (perform const folding).
Optimizing module f32m_mult.

4. Executing OPT pass (performing simple optimizations).

4.1. Executing OPT_EXPR pass (perform const folding).
Optimizing module f32m_mult.

4.2. Executing OPT_MERGE pass (detect identical cells).
Finding identical cells in module `\f32m_mult'.
Removed a total of 0 cells.

4.3. Executing OPT_MUXTREE pass (detect dead branches in mux trees).
Running muxtree optimizer on module \f32m_mult..
  Creating internal representation of mux trees.
  Evaluating internal representation of mux trees.
  Analyzing evaluation results.
Removed 0 multiplexer ports.
<suppressed ~2 debug messages>

4.4. Executing OPT_REDUCE pass (consolidate $*mux and $reduce_* inputs).
  Optimizing cells in module \f32m_mult.
Performed a total of 0 changes.

4.5. Executing OPT_MERGE pass (detect identical cells).
Finding identical cells in module `\f32m_mult'.
Removed a total of 0 cells.

4.6. Executing OPT_DFF pass (perform DFF optimizations).
Adding EN signal on $procdff$13 ($dff) from module f32m_mult (D = { \c1 \c0 }, Q = \c).
Adding SRST signal on $procdff$14 ($dff) from module f32m_mult (D = $procmux$3_Y, Q = \done, rval = 1'0).
Adding EN signal on $auto$ff.cc:262:slice$21 ($sdff) from module f32m_mult (D = 1'1, Q = \done).

4.7. Executing OPT_CLEAN pass (remove unused cells and wires).
Finding unused cells or wires in module \f32m_mult..
Removed 4 unused cells and 11 unused wires.
<suppressed ~5 debug messages>

4.8. Executing OPT_EXPR pass (perform const folding).
Optimizing module f32m_mult.

4.9. Rerunning OPT passes. (Maybe there is more to do..)

4.10. Executing OPT_MUXTREE pass (detect dead branches in mux trees).
Running muxtree optimizer on module \f32m_mult..
  Creating internal representation of mux trees.
  No muxes found in this module.
Removed 0 multiplexer ports.

4.11. Executing OPT_REDUCE pass (consolidate $*mux and $reduce_* inputs).
  Optimizing cells in module \f32m_mult.
Performed a total of 0 changes.

4.12. Executing OPT_MERGE pass (detect identical cells).
Finding identical cells in module `\f32m_mult'.
Removed a total of 0 cells.

4.13. Executing OPT_DFF pass (perform DFF optimizations).

4.14. Executing OPT_CLEAN pass (remove unused cells and wires).
Finding unused cells or wires in module \f32m_mult..

4.15. Executing OPT_EXPR pass (perform const folding).
Optimizing module f32m_mult.

4.16. Finished OPT passes. (There is nothing left to do.)

5. Printing statistics.

=== f32m_mult ===

   Number of wires:                 23
   Number of wire bits:           3500
   Number of public wires:          21
   Number of public wire bits:    3498
   Number of memories:               0
   Number of memory bits:            0
   Number of processes:              0
   Number of cells:                 12
     $dff                            1
     $dffe                           1
     $not                            1
     $reduce_and                     1
     $sdffe                          1
     f3m_add                         3
     f3m_mult3                       1
     f3m_sub                         2
     func6                           1

End of script. Logfile hash: 0263640146, CPU: user 0.06s system 0.00s, MEM: 14.37 MB peak
Yosys 0.10+12 (git sha1 72fac04, gcc 7.4.0-1ubuntu1~16.04~ppa1 -fPIC -Os)
Time spent: 35% 2x opt_clean (0 sec), 21% 4x opt_expr (0 sec), ...
