
5. Printing statistics.

=== f32m_add ===

   Number of wires:                  3
   Number of wire bits:           1164
   Number of public wires:           3
   Number of public wire bits:    1164
   Number of memories:               0
   Number of memory bits:            0
   Number of processes:              0
   Number of cells:                  2
     f3m_add                         2

=== f32m_add4 ===

   Number of wires:                  7
   Number of wire bits:           2716
   Number of public wires:           7
   Number of public wire bits:    2716
   Number of memories:               0
   Number of memory bits:            0
   Number of processes:              0
   Number of cells:                  3
     f32m_add                        3

=== design hierarchy ===

   f32m_add4                         1
     f32m_add                        3

   Number of wires:                 16
   Number of wire bits:           6208
   Number of public wires:          16
   Number of public wire bits:    6208
   Number of memories:               0
   Number of memory bits:            0
   Number of processes:              0
   Number of cells:                  6
     f3m_add                         6

