
5. Printing statistics.

=== mtx_trps_8x8_dpsram ===

   Number of wires:                 26
   Number of wire bits:            141
   Number of public wires:          18
   Number of public wire bits:      71
   Number of memories:               0
   Number of memory bits:            0
   Number of processes:              0
   Number of cells:                 17
     $add_32                         2
     $adff_1                         2
     $adffe_1                        1
     $adffe_7                        2
     $and_1                          2
     $eq_6                           1
     $mux_1                          3
     $not_1                          2
     $or_1                           1
     $reduce_bool_2                  1

