
5. Printing statistics.

=== dummy_mult ===

   Number of wires:                  6
   Number of wire bits:            130
   Number of public wires:           5
   Number of public wire bits:      98
   Number of memories:               0
   Number of memory bits:            0
   Number of processes:              0
   Number of cells:                  2
     $mul                            1
     $sdff                           1

=== mul ===

   Number of wires:                 25
   Number of wire bits:            253
   Number of public wires:          20
   Number of public wire bits:     248
   Number of memories:               0
   Number of memory bits:            0
   Number of processes:              0
   Number of cells:                 11
     $and                            4
     $mux                            1
     $not                            1
     $or                             1
     $reduce_or                      2
     dummy_mult                      1
     onecyclestall                   1

=== onecyclestall ===

   Number of wires:                  7
   Number of wire bits:              7
   Number of public wires:           6
   Number of public wire bits:       6
   Number of memories:               0
   Number of memory bits:            0
   Number of processes:              0
   Number of cells:                  4
     $and                            1
     $not                            1
     $pmux                           1
     $sdff                           1

=== design hierarchy ===

   mul                               1
     dummy_mult                      1
     onecyclestall                   1

   Number of wires:                 38
   Number of wire bits:            390
   Number of public wires:          31
   Number of public wire bits:     352
   Number of memories:               0
   Number of memory bits:            0
   Number of processes:              0
   Number of cells:                 15
     $and                            5
     $mul                            1
     $mux                            1
     $not                            2
     $or                             1
     $pmux                           1
     $reduce_or                      2
     $sdff                           2

