
5. Printing statistics.

=== fltr_compute_h4 ===

   Number of wires:                 24
   Number of wire bits:            451
   Number of public wires:          11
   Number of public wire bits:     212
   Number of memories:               0
   Number of memory bits:            0
   Number of processes:              0
   Number of cells:                 22
     $add_20                         6
     $dff_13                         2
     $dff_15                         1
     $dff_16                         3
     $dff_17                         2
     $dff_20                         1
     $mul_13                         2
     $mul_15                         1
     $mul_16                         2
     $mul_17                         2

