
5. Printing statistics.

=== port_bus_2to1 ===

   Number of wires:                 86
   Number of wire bits:           1034
   Number of public wires:          65
   Number of public wire bits:     948
   Number of memories:               0
   Number of memory bits:            0
   Number of processes:              0
   Number of cells:                 58
     $dff_16                         8
     $dff_3                          2
     $dffe_1                         1
     $dffe_16                       24
     $dffe_19                        1
     $eq_3                           7
     $eq_4                           6
     $logic_not_3                    1
     $pmux_16                        4
     $pmux_3                         1
     $pmux_4                         1
     $reduce_or_2                    1
     $sdff_4                         1

