
5. Printing statistics.

=== dsp_signed_mult_18x18_unit_18_36_0 ===

   Number of wires:                 18
   Number of wire bits:            296
   Number of public wires:          16
   Number of public wire bits:     224
   Number of memories:               0
   Number of memory bits:            0
   Number of processes:              0
   Number of cells:                  7
     $dff_36                         2
     $mul_36                         2
     $sdffe_1                        3

=== multfix_alt_dsp_18 ===

   Number of wires:                 12
   Number of wire bits:            218
   Number of public wires:          12
   Number of public wire bits:     218
   Number of memories:               0
   Number of memory bits:            0
   Number of processes:              0
   Number of cells:                  1
     dsp_signed_mult_18x18_unit_18_36_0      1

=== design hierarchy ===

   multfix_alt_dsp_18                1
     dsp_signed_mult_18x18_unit_18_36_0      1

   Number of wires:                 30
   Number of wire bits:            514
   Number of public wires:          28
   Number of public wire bits:     442
   Number of memories:               0
   Number of memory bits:            0
   Number of processes:              0
   Number of cells:                  7
     $dff_36                         2
     $mul_36                         2
     $sdffe_1                        3

