
5. Printing statistics.

=== abs_unit_18 ===

   Number of wires:                 11
   Number of wire bits:             96
   Number of public wires:          10
   Number of public wire bits:      78
   Number of memories:               0
   Number of memory bits:            0
   Number of processes:              0
   Number of cells:                  4
     $mux_18                         1
     $neg_18                         1
     $sdffe_1                        1
     $sdffe_18                       1

=== dsp_signed_mac_18_13_23_32 ===

   Number of wires:                 18
   Number of wire bits:            244
   Number of public wires:          16
   Number of public wire bits:     180
   Number of memories:               0
   Number of memory bits:            0
   Number of processes:              0
   Number of cells:                  9
     $add_32                         1
     $mul_32                         1
     $sdff_13                        1
     $sdff_18                        1
     $sdff_23                        1
     $sdff_32                        1
     $sdffe_1                        3

=== elementwise_add_core_18_18_48 ===

   Number of wires:                345
   Number of wire bits:           6057
   Number of public wires:         297
   Number of public wire bits:    5193
   Number of memories:               0
   Number of memory bits:            0
   Number of processes:              0
   Number of cells:                195
     $add_18                        48
     $and_1                          1
     $sdffe_1                        2
     $sdffe_18                     144

=== fp_rounding_unit_1_32_11 ===

   Number of wires:                 15
   Number of wire bits:            232
   Number of public wires:          14
   Number of public wire bits:     200
   Number of memories:               0
   Number of memory bits:            0
   Number of processes:              0
   Number of cells:                  8
     $add_32                         1
     $mux_32                         1
     $sdffe_1                        3
     $sdffe_21                       1
     $sdffe_32                       2

=== output_activation_18_10_48_1 ===

   Number of wires:                345
   Number of wire bits:           4425
   Number of public wires:         345
   Number of public wire bits:    4425
   Number of memories:               0
   Number of memory bits:            0
   Number of processes:              0
   Number of cells:                 50
     $and_1                          1
     elementwise_add_core_18_18_48      1
     sigmoid_core_18_18_10_32_1     48

=== shift_register_unit_1_3 ===

   Number of wires:                  8
   Number of wire bits:              8
   Number of public wires:           8
   Number of public wire bits:       8
   Number of memories:               0
   Number of memory bits:            0
   Number of processes:              0
   Number of cells:                  3
     $sdffe_1                        3

=== sigmoid_core_18_18_10_32_1 ===

   Number of wires:                191
   Number of wire bits:           1991
   Number of public wires:          92
   Number of public wire bits:    1117
   Number of memories:               0
   Number of memory bits:            0
   Number of processes:              0
   Number of cells:                114
     $and_1                          1
     $dffe_1                         1
     $eq_5                          31
     $ge_32                          1
     $logic_not_5                    1
     $mux_1                          1
     $mux_13                        65
     $mux_23                         1
     $mux_32                         1
     $not_1                          1
     $reduce_and_2                   1
     $sdffe_1                        2
     $sdffe_18                       2
     $sub_32                         1
     abs_unit_18                     1
     dsp_signed_mac_18_13_23_32      1
     fp_rounding_unit_1_32_11        1
     shift_register_unit_1_3         1

=== design hierarchy ===

   output_activation_18_10_48_1      1
     elementwise_add_core_18_18_48      1
     sigmoid_core_18_18_10_32_1     48
       abs_unit_18                   1
       dsp_signed_mac_18_13_23_32      1
       fp_rounding_unit_1_32_11      1
       shift_register_unit_1_3       1

   Number of wires:              12354
   Number of wire bits:         133890
   Number of public wires:        7362
   Number of public wire bits:   85602
   Number of memories:               0
   Number of memory bits:            0
   Number of processes:              0
   Number of cells:               6628
     $add_18                        48
     $add_32                        96
     $and_1                         50
     $dffe_1                        48
     $eq_5                        1488
     $ge_32                         48
     $logic_not_5                   48
     $mul_32                        48
     $mux_1                         48
     $mux_13                      3120
     $mux_18                        48
     $mux_23                        48
     $mux_32                        96
     $neg_18                        48
     $not_1                         48
     $reduce_and_2                  48
     $sdff_13                       48
     $sdff_18                       48
     $sdff_23                       48
     $sdff_32                       48
     $sdffe_1                      578
     $sdffe_18                     288
     $sdffe_21                      48
     $sdffe_32                      96
     $sub_32                        48

