
5. Printing statistics.

=== $paramod$d00916e4dfc2c0e171972116a153dab27e988efb\single_port_ram ===

   Number of wires:                  9
   Number of wire bits:            836
   Number of public wires:           5
   Number of public wire bits:     338
   Number of memories:               1
   Number of memory bits:         1944
   Number of processes:              0
   Number of cells:                  6
     $dffe_162                       1
     $memrd                          1
     $memwr_v2                       1
     $mux_1                          1
     $mux_12                         1
     $mux_162                        1

=== counter_41_1 ===

   Number of wires:                  7
   Number of wire bits:             64
   Number of public wires:           4
   Number of public wire bits:      17
   Number of memories:               0
   Number of memory bits:            0
   Number of processes:              0
   Number of cells:                  4
     $add_32                         1
     $le_32                          1
     $mux_14                         1
     $sdffe_14                       1

=== counter_63_3 ===

   Number of wires:                  7
   Number of wire bits:             64
   Number of public wires:           4
   Number of public wire bits:      17
   Number of memories:               0
   Number of memory bits:            0
   Number of processes:              0
   Number of cells:                  4
     $add_32                         1
     $le_32                          1
     $mux_14                         1
     $sdffe_14                       1

=== stage1_parameter_buffer_18_3_16_42_2688 ===

   Number of wires:                226
   Number of wire bits:           3999
   Number of public wires:         224
   Number of public wire bits:    3935
   Number of memories:               0
   Number of memory bits:            0
   Number of processes:              0
   Number of cells:                 14
     $add_32                         1
     $and_1                          1
     $eq_14                          1
     $mul_31                         1
     counter_41_1                    1
     counter_63_3                    1
     weight_buffer_18_9_42_3_2688Wcxr_imag_half_0      1
     weight_buffer_18_9_42_3_2688Wcxr_real_half_0      1
     weight_buffer_18_9_42_3_2688Wfxr_imag_half_0      1
     weight_buffer_18_9_42_3_2688Wfxr_real_half_0      1
     weight_buffer_18_9_42_3_2688Wixr_imag_half_0      1
     weight_buffer_18_9_42_3_2688Wixr_real_half_0      1
     weight_buffer_18_9_42_3_2688Woxr_imag_half_0      1
     weight_buffer_18_9_42_3_2688Woxr_real_half_0      1

=== weight_buffer_18_9_42_3_2688Wcxr_imag_half_0 ===

   Number of wires:                 41
   Number of wire bits:           1082
   Number of public wires:          39
   Number of public wire bits:    1058
   Number of memories:               0
   Number of memory bits:            0
   Number of processes:              0
   Number of cells:                  8
     $add_12                         2
     $dff_12                         3
     $paramod$d00916e4dfc2c0e171972116a153dab27e988efb\single_port_ram      3

=== weight_buffer_18_9_42_3_2688Wcxr_real_half_0 ===

   Number of wires:                 41
   Number of wire bits:           1082
   Number of public wires:          39
   Number of public wire bits:    1058
   Number of memories:               0
   Number of memory bits:            0
   Number of processes:              0
   Number of cells:                  8
     $add_12                         2
     $dff_12                         3
     $paramod$d00916e4dfc2c0e171972116a153dab27e988efb\single_port_ram      3

=== weight_buffer_18_9_42_3_2688Wfxr_imag_half_0 ===

   Number of wires:                 41
   Number of wire bits:           1082
   Number of public wires:          39
   Number of public wire bits:    1058
   Number of memories:               0
   Number of memory bits:            0
   Number of processes:              0
   Number of cells:                  8
     $add_12                         2
     $dff_12                         3
     $paramod$d00916e4dfc2c0e171972116a153dab27e988efb\single_port_ram      3

=== weight_buffer_18_9_42_3_2688Wfxr_real_half_0 ===

   Number of wires:                 41
   Number of wire bits:           1082
   Number of public wires:          39
   Number of public wire bits:    1058
   Number of memories:               0
   Number of memory bits:            0
   Number of processes:              0
   Number of cells:                  8
     $add_12                         2
     $dff_12                         3
     $paramod$d00916e4dfc2c0e171972116a153dab27e988efb\single_port_ram      3

=== weight_buffer_18_9_42_3_2688Wixr_imag_half_0 ===

   Number of wires:                 41
   Number of wire bits:           1082
   Number of public wires:          39
   Number of public wire bits:    1058
   Number of memories:               0
   Number of memory bits:            0
   Number of processes:              0
   Number of cells:                  8
     $add_12                         2
     $dff_12                         3
     $paramod$d00916e4dfc2c0e171972116a153dab27e988efb\single_port_ram      3

=== weight_buffer_18_9_42_3_2688Wixr_real_half_0 ===

   Number of wires:                 41
   Number of wire bits:           1082
   Number of public wires:          39
   Number of public wire bits:    1058
   Number of memories:               0
   Number of memory bits:            0
   Number of processes:              0
   Number of cells:                  8
     $add_12                         2
     $dff_12                         3
     $paramod$d00916e4dfc2c0e171972116a153dab27e988efb\single_port_ram      3

=== weight_buffer_18_9_42_3_2688Woxr_imag_half_0 ===

   Number of wires:                 41
   Number of wire bits:           1082
   Number of public wires:          39
   Number of public wire bits:    1058
   Number of memories:               0
   Number of memory bits:            0
   Number of processes:              0
   Number of cells:                  8
     $add_12                         2
     $dff_12                         3
     $paramod$d00916e4dfc2c0e171972116a153dab27e988efb\single_port_ram      3

=== weight_buffer_18_9_42_3_2688Woxr_real_half_0 ===

   Number of wires:                 41
   Number of wire bits:           1082
   Number of public wires:          39
   Number of public wire bits:    1058
   Number of memories:               0
   Number of memory bits:            0
   Number of processes:              0
   Number of cells:                  8
     $add_12                         2
     $dff_12                         3
     $paramod$d00916e4dfc2c0e171972116a153dab27e988efb\single_port_ram      3

=== design hierarchy ===

   stage1_parameter_buffer_18_3_16_42_2688      1
     counter_41_1                    1
     counter_63_3                    1
     weight_buffer_18_9_42_3_2688Wcxr_imag_half_0      1
       $paramod$d00916e4dfc2c0e171972116a153dab27e988efb\single_port_ram      3
     weight_buffer_18_9_42_3_2688Wcxr_real_half_0      1
       $paramod$d00916e4dfc2c0e171972116a153dab27e988efb\single_port_ram      3
     weight_buffer_18_9_42_3_2688Wfxr_imag_half_0      1
       $paramod$d00916e4dfc2c0e171972116a153dab27e988efb\single_port_ram      3
     weight_buffer_18_9_42_3_2688Wfxr_real_half_0      1
       $paramod$d00916e4dfc2c0e171972116a153dab27e988efb\single_port_ram      3
     weight_buffer_18_9_42_3_2688Wixr_imag_half_0      1
       $paramod$d00916e4dfc2c0e171972116a153dab27e988efb\single_port_ram      3
     weight_buffer_18_9_42_3_2688Wixr_real_half_0      1
       $paramod$d00916e4dfc2c0e171972116a153dab27e988efb\single_port_ram      3
     weight_buffer_18_9_42_3_2688Woxr_imag_half_0      1
       $paramod$d00916e4dfc2c0e171972116a153dab27e988efb\single_port_ram      3
     weight_buffer_18_9_42_3_2688Woxr_real_half_0      1
       $paramod$d00916e4dfc2c0e171972116a153dab27e988efb\single_port_ram      3

   Number of wires:                784
   Number of wire bits:          32847
   Number of public wires:         664
   Number of public wire bits:   20545
   Number of memories:              24
   Number of memory bits:        46656
   Number of processes:              0
   Number of cells:                196
     $add_12                        16
     $add_32                         3
     $and_1                          1
     $dff_12                        24
     $dffe_162                      24
     $eq_14                          1
     $le_32                          2
     $memrd                         24
     $memwr_v2                      24
     $mul_31                         1
     $mux_1                         24
     $mux_12                        24
     $mux_14                         2
     $mux_162                       24
     $sdffe_14                       2

