
5. Printing statistics.

=== $paramod$9936372f316bf60d356d28d2b2dbe4757dd7b6b8\single_port_ram ===

   Number of wires:                  9
   Number of wire bits:            834
   Number of public wires:           5
   Number of public wire bits:     337
   Number of memories:               1
   Number of memory bits:         1782
   Number of processes:              0
   Number of cells:                  6
     $dffe_162                       1
     $memrd                          1
     $memwr_v2                       1
     $mux_1                          1
     $mux_11                         1
     $mux_162                        1

=== weight_buffer_18_9_3_64_2048_Wym_real_half_0 ===

   Number of wires:                 41
   Number of wire bits:           1073
   Number of public wires:          39
   Number of public wire bits:    1051
   Number of memories:               0
   Number of memory bits:            0
   Number of processes:              0
   Number of cells:                  8
     $add_11                         2
     $dff_11                         3
     $paramod$9936372f316bf60d356d28d2b2dbe4757dd7b6b8\single_port_ram      3

=== design hierarchy ===

   weight_buffer_18_9_3_64_2048_Wym_real_half_0      1
     $paramod$9936372f316bf60d356d28d2b2dbe4757dd7b6b8\single_port_ram      3

   Number of wires:                 68
   Number of wire bits:           3575
   Number of public wires:          54
   Number of public wire bits:    2062
   Number of memories:               3
   Number of memory bits:         5346
   Number of processes:              0
   Number of cells:                 23
     $add_11                         2
     $dff_11                         3
     $dffe_162                       3
     $memrd                          3
     $memwr_v2                       3
     $mux_1                          3
     $mux_11                         3
     $mux_162                        3

