
 /----------------------------------------------------------------------------\
 |                                                                            |
 |  yosys -- Yosys Open SYnthesis Suite                                       |
 |                                                                            |
 |  Copyright (C) 2012 - 2020  Claire Xenia Wolf <claire@yosyshq.com>         |
 |                                                                            |
 |  Permission to use, copy, modify, and/or distribute this software for any  |
 |  purpose with or without fee is hereby granted, provided that the above    |
 |  copyright notice and this permission notice appear in all copies.         |
 |                                                                            |
 |  THE SOFTWARE IS PROVIDED "AS IS" AND THE AUTHOR DISCLAIMS ALL WARRANTIES  |
 |  WITH REGARD TO THIS SOFTWARE INCLUDING ALL IMPLIED WARRANTIES OF          |
 |  MERCHANTABILITY AND FITNESS. IN NO EVENT SHALL THE AUTHOR BE LIABLE FOR   |
 |  ANY SPECIAL, DIRECT, INDIRECT, OR CONSEQUENTIAL DAMAGES OR ANY DAMAGES    |
 |  WHATSOEVER RESULTING FROM LOSS OF USE, DATA OR PROFITS, WHETHER IN AN     |
 |  ACTION OF CONTRACT, NEGLIGENCE OR OTHER TORTIOUS ACTION, ARISING OUT OF   |
 |  OR IN CONNECTION WITH THE USE OR PERFORMANCE OF THIS SOFTWARE.            |
 |                                                                            |
 \----------------------------------------------------------------------------/

 Yosys 0.10+12 (git sha1 72fac04, gcc 7.4.0-1ubuntu1~16.04~ppa1 -fPIC -Os)


-- Executing script file `out.ys' --

1. Executing Verilog-2005 frontend: /home/zhigang/raw_data/raw_designs/opencores/arithmetic/ecg_submodules/f3m_inv.v
Parsing SystemVerilog input from `/home/zhigang/raw_data/raw_designs/opencores/arithmetic/ecg_submodules/f3m_inv.v' to AST representation.
Generating RTLIL representation for module `\f3m_inv'.
Generating RTLIL representation for module `\func5'.
Generating RTLIL representation for module `\func4'.
Generating RTLIL representation for module `\func3'.
Generating RTLIL representation for module `\func2'.
Generating RTLIL representation for module `\func1'.
Successfully finished Verilog frontend.

2. Executing HIERARCHY pass (managing design hierarchy).

2.1. Finding top of design hierarchy..
root of   1 design levels: func1               
root of   0 design levels: func2               
root of   0 design levels: func3               
root of   0 design levels: func4               
root of   0 design levels: func5               
root of   2 design levels: f3m_inv             
Automatically selected f3m_inv as design top module.

2.2. Analyzing design hierarchy..
Top module:  \f3m_inv
Used module:     \func5
Used module:     \func4
Used module:     \func3
Used module:     \func2
Used module:     \func1

2.3. Analyzing design hierarchy..
Top module:  \f3m_inv
Used module:     \func5
Used module:     \func4
Used module:     \func3
Used module:     \func2
Used module:     \func1
Removed 0 unused modules.
Mapping positional arguments of cell func1.f (func4).
Mapping positional arguments of cell f3m_inv.ins8 (func5).
Mapping positional arguments of cell f3m_inv.ins7 (func4).
Mapping positional arguments of cell f3m_inv.ins6 (func3).
Mapping positional arguments of cell f3m_inv.ins5 (func3).
Mapping positional arguments of cell f3m_inv.ins4 (func2).
Mapping positional arguments of cell f3m_inv.ins3 (func2).
Mapping positional arguments of cell f3m_inv.ins2 (func1).
Mapping positional arguments of cell f3m_inv.ins1 (func1).

3. Executing PROC pass (convert processes to netlists).

3.1. Executing PROC_CLEAN pass (remove empty switches from decision trees).
Cleaned up 0 empty switches.

3.2. Executing PROC_RMDEAD pass (remove dead branches from decision trees).
Marked 3 switch rules as full_case in process $proc$/home/zhigang/raw_data/raw_designs/opencores/arithmetic/ecg_submodules/f3m_inv.v:61$4 in module f3m_inv.
Marked 1 switch rules as full_case in process $proc$/home/zhigang/raw_data/raw_designs/opencores/arithmetic/ecg_submodules/f3m_inv.v:55$2 in module f3m_inv.
Marked 1 switch rules as full_case in process $proc$/home/zhigang/raw_data/raw_designs/opencores/arithmetic/ecg_submodules/f3m_inv.v:47$1 in module f3m_inv.
Removed a total of 0 dead cases.

3.3. Executing PROC_PRUNE pass (remove redundant assignments in processes).
Removed 3 redundant assignments.
Promoted 0 assignments to connections.

3.4. Executing PROC_INIT pass (extract init attributes).

3.5. Executing PROC_ARST pass (detect async resets in processes).

3.6. Executing PROC_MUX pass (convert decision trees to multiplexers).
Creating decoders for process `\f3m_inv.$proc$/home/zhigang/raw_data/raw_designs/opencores/arithmetic/ecg_submodules/f3m_inv.v:61$4'.
     1/5: $0\d[195:0]
     2/5: $0\U[195:0]
     3/5: $0\V[195:0]
     4/5: $0\S[195:0]
     5/5: $0\R[195:0]
Creating decoders for process `\f3m_inv.$proc$/home/zhigang/raw_data/raw_designs/opencores/arithmetic/ecg_submodules/f3m_inv.v:55$2'.
     1/1: $0\i[194:0]
Creating decoders for process `\f3m_inv.$proc$/home/zhigang/raw_data/raw_designs/opencores/arithmetic/ecg_submodules/f3m_inv.v:47$1'.
     1/2: $0\done[0:0]
     2/2: $0\C[193:0]

3.7. Executing PROC_DLATCH pass (convert process syncs to latches).

3.8. Executing PROC_DFF pass (convert process syncs to FFs).
Creating register for signal `\f3m_inv.\R' using process `\f3m_inv.$proc$/home/zhigang/raw_data/raw_designs/opencores/arithmetic/ecg_submodules/f3m_inv.v:61$4'.
  created $dff cell `$procdff$65' with positive edge clock.
Creating register for signal `\f3m_inv.\S' using process `\f3m_inv.$proc$/home/zhigang/raw_data/raw_designs/opencores/arithmetic/ecg_submodules/f3m_inv.v:61$4'.
  created $dff cell `$procdff$66' with positive edge clock.
Creating register for signal `\f3m_inv.\U' using process `\f3m_inv.$proc$/home/zhigang/raw_data/raw_designs/opencores/arithmetic/ecg_submodules/f3m_inv.v:61$4'.
  created $dff cell `$procdff$67' with positive edge clock.
Creating register for signal `\f3m_inv.\V' using process `\f3m_inv.$proc$/home/zhigang/raw_data/raw_designs/opencores/arithmetic/ecg_submodules/f3m_inv.v:61$4'.
  created $dff cell `$procdff$68' with positive edge clock.
Creating register for signal `\f3m_inv.\d' using process `\f3m_inv.$proc$/home/zhigang/raw_data/raw_designs/opencores/arithmetic/ecg_submodules/f3m_inv.v:61$4'.
  created $dff cell `$procdff$69' with positive edge clock.
Creating register for signal `\f3m_inv.\i' using process `\f3m_inv.$proc$/home/zhigang/raw_data/raw_designs/opencores/arithmetic/ecg_submodules/f3m_inv.v:55$2'.
  created $dff cell `$procdff$70' with positive edge clock.
Creating register for signal `\f3m_inv.\C' using process `\f3m_inv.$proc$/home/zhigang/raw_data/raw_designs/opencores/arithmetic/ecg_submodules/f3m_inv.v:47$1'.
  created $dff cell `$procdff$71' with positive edge clock.
Creating register for signal `\f3m_inv.\done' using process `\f3m_inv.$proc$/home/zhigang/raw_data/raw_designs/opencores/arithmetic/ecg_submodules/f3m_inv.v:47$1'.
  created $dff cell `$procdff$72' with positive edge clock.

3.9. Executing PROC_MEMWR pass (convert process memory writes to cells).

3.10. Executing PROC_CLEAN pass (remove empty switches from decision trees).
Found and cleaned up 3 empty switches in `\f3m_inv.$proc$/home/zhigang/raw_data/raw_designs/opencores/arithmetic/ecg_submodules/f3m_inv.v:61$4'.
Removing empty process `f3m_inv.$proc$/home/zhigang/raw_data/raw_designs/opencores/arithmetic/ecg_submodules/f3m_inv.v:61$4'.
Found and cleaned up 1 empty switch in `\f3m_inv.$proc$/home/zhigang/raw_data/raw_designs/opencores/arithmetic/ecg_submodules/f3m_inv.v:55$2'.
Removing empty process `f3m_inv.$proc$/home/zhigang/raw_data/raw_designs/opencores/arithmetic/ecg_submodules/f3m_inv.v:55$2'.
Found and cleaned up 2 empty switches in `\f3m_inv.$proc$/home/zhigang/raw_data/raw_designs/opencores/arithmetic/ecg_submodules/f3m_inv.v:47$1'.
Removing empty process `f3m_inv.$proc$/home/zhigang/raw_data/raw_designs/opencores/arithmetic/ecg_submodules/f3m_inv.v:47$1'.
Cleaned up 6 empty switches.

3.11. Executing OPT_EXPR pass (perform const folding).
Optimizing module func1.
Optimizing module func2.
Optimizing module func3.
Optimizing module func4.
Optimizing module func5.
Optimizing module f3m_inv.
<suppressed ~8 debug messages>

4. Executing OPT pass (performing simple optimizations).

4.1. Executing OPT_EXPR pass (perform const folding).
Optimizing module func1.
Optimizing module func2.
Optimizing module func3.
Optimizing module func4.
Optimizing module func5.
Optimizing module f3m_inv.

4.2. Executing OPT_MERGE pass (detect identical cells).
Finding identical cells in module `\func1'.
Finding identical cells in module `\func2'.
Finding identical cells in module `\func3'.
Finding identical cells in module `\func4'.
Finding identical cells in module `\func5'.
Finding identical cells in module `\f3m_inv'.
Removed a total of 0 cells.

4.3. Executing OPT_MUXTREE pass (detect dead branches in mux trees).
Running muxtree optimizer on module \func1..
  Creating internal representation of mux trees.
  No muxes found in this module.
Running muxtree optimizer on module \func2..
  Creating internal representation of mux trees.
  No muxes found in this module.
Running muxtree optimizer on module \func3..
  Creating internal representation of mux trees.
  No muxes found in this module.
Running muxtree optimizer on module \func4..
  Creating internal representation of mux trees.
  No muxes found in this module.
Running muxtree optimizer on module \func5..
  Creating internal representation of mux trees.
  No muxes found in this module.
Running muxtree optimizer on module \f3m_inv..
  Creating internal representation of mux trees.
  Evaluating internal representation of mux trees.
      Replacing known input bits on port A of cell $procmux$8: { \d [194:0] 1'1 } -> { \d [194:1] 2'01 }
  Analyzing evaluation results.
Removed 0 multiplexer ports.
<suppressed ~8 debug messages>

4.4. Executing OPT_REDUCE pass (consolidate $*mux and $reduce_* inputs).
  Optimizing cells in module \func1.
  Optimizing cells in module \func2.
  Optimizing cells in module \func3.
  Optimizing cells in module \func4.
  Optimizing cells in module \func5.
  Optimizing cells in module \f3m_inv.
Performed a total of 0 changes.

4.5. Executing OPT_MERGE pass (detect identical cells).
Finding identical cells in module `\func1'.
Finding identical cells in module `\func2'.
Finding identical cells in module `\func3'.
Finding identical cells in module `\func4'.
Finding identical cells in module `\func5'.
Finding identical cells in module `\f3m_inv'.
Removed a total of 0 cells.

4.6. Executing OPT_DFF pass (perform DFF optimizations).
Adding SRST signal on $procdff$72 ($dff) from module f3m_inv (D = $procmux$55_Y, Q = \done, rval = 1'0).
Adding EN signal on $auto$ff.cc:262:slice$73 ($sdff) from module f3m_inv (D = 1'1, Q = \done).
Adding SRST signal on $procdff$65 ($dff) from module f3m_inv (D = $procmux$47_Y [195:194], Q = \R [195:194], rval = 2'00).
Adding EN signal on $procdff$65 ($dff) from module f3m_inv (D = $procmux$50_Y [193:0], Q = \R [193:0]).
Adding EN signal on $auto$ff.cc:262:slice$75 ($sdff) from module f3m_inv (D = $procmux$47_Y [195:194], Q = \R [195:194]).
Adding SRST signal on $procdff$66 ($dff) from module f3m_inv (D = $procmux$38_Y, Q = \S, rval = 196'0100000000000000000000000000000000000000000000000000000000000000000000000000000000000000000000000000000000000000000000000000000000000000000000000000000000000000000000000001000000000000000000000010).
Adding EN signal on $auto$ff.cc:262:slice$83 ($sdff) from module f3m_inv (D = $procmux$35_Y, Q = \S).
Adding SRST signal on $procdff$67 ($dff) from module f3m_inv (D = $procmux$20_Y, Q = \U, rval = 196'0000000000000000000000000000000000000000000000000000000000000000000000000000000000000000000000000000000000000000000000000000000000000000000000000000000000000000000000000000000000000000000000000001).
Adding SRST signal on $procdff$68 ($dff) from module f3m_inv (D = $procmux$29_Y, Q = \V, rval = 196'0000000000000000000000000000000000000000000000000000000000000000000000000000000000000000000000000000000000000000000000000000000000000000000000000000000000000000000000000000000000000000000000000000).
Adding EN signal on $auto$ff.cc:262:slice$86 ($sdff) from module f3m_inv (D = $procmux$26_Y, Q = \V).
Adding SRST signal on $procdff$69 ($dff) from module f3m_inv (D = $procmux$11_Y, Q = \d, rval = 196'0000000000000000000000000000000000000000000000000000000000000000000000000000000000000000000000000000000000000000000000000000000000000000000000000000000000000000000000000000000000000000000000000000).
Adding SRST signal on $procdff$70 ($dff) from module f3m_inv (D = $shr$/home/zhigang/raw_data/raw_designs/opencores/arithmetic/ecg_submodules/f3m_inv.v:59$3_Y, Q = \i, rval = 195'100000000000000000000000000000000000000000000000000000000000000000000000000000000000000000000000000000000000000000000000000000000000000000000000000000000000000000000000000000000000000000000000000).
Adding EN signal on $procdff$71 ($dff) from module f3m_inv (D = \U2 [193:0], Q = \C).

4.7. Executing OPT_CLEAN pass (remove unused cells and wires).
Finding unused cells or wires in module \func1..
Finding unused cells or wires in module \func2..
Finding unused cells or wires in module \func3..
Finding unused cells or wires in module \func4..
Finding unused cells or wires in module \func5..
Finding unused cells or wires in module \f3m_inv..
Removed 12 unused cells and 41 unused wires.
<suppressed ~13 debug messages>

4.8. Executing OPT_EXPR pass (perform const folding).
Optimizing module f3m_inv.
Optimizing module func1.
Optimizing module func2.
Optimizing module func3.
Optimizing module func4.
Optimizing module func5.

4.9. Rerunning OPT passes. (Maybe there is more to do..)

4.10. Executing OPT_MUXTREE pass (detect dead branches in mux trees).
Running muxtree optimizer on module \f3m_inv..
  Creating internal representation of mux trees.
  Evaluating internal representation of mux trees.
  Analyzing evaluation results.
Running muxtree optimizer on module \func1..
  Creating internal representation of mux trees.
  No muxes found in this module.
Running muxtree optimizer on module \func2..
  Creating internal representation of mux trees.
  No muxes found in this module.
Running muxtree optimizer on module \func3..
  Creating internal representation of mux trees.
  No muxes found in this module.
Running muxtree optimizer on module \func4..
  Creating internal representation of mux trees.
  No muxes found in this module.
Running muxtree optimizer on module \func5..
  Creating internal representation of mux trees.
  No muxes found in this module.
Removed 0 multiplexer ports.
<suppressed ~6 debug messages>

4.11. Executing OPT_REDUCE pass (consolidate $*mux and $reduce_* inputs).
  Optimizing cells in module \f3m_inv.
  Optimizing cells in module \func1.
  Optimizing cells in module \func2.
  Optimizing cells in module \func3.
  Optimizing cells in module \func4.
  Optimizing cells in module \func5.
Performed a total of 0 changes.

4.12. Executing OPT_MERGE pass (detect identical cells).
Finding identical cells in module `\f3m_inv'.
Finding identical cells in module `\func1'.
Finding identical cells in module `\func2'.
Finding identical cells in module `\func3'.
Finding identical cells in module `\func4'.
Finding identical cells in module `\func5'.
Removed a total of 0 cells.

4.13. Executing OPT_DFF pass (perform DFF optimizations).

4.14. Executing OPT_CLEAN pass (remove unused cells and wires).
Finding unused cells or wires in module \f3m_inv..
Finding unused cells or wires in module \func1..
Finding unused cells or wires in module \func2..
Finding unused cells or wires in module \func3..
Finding unused cells or wires in module \func4..
Finding unused cells or wires in module \func5..

4.15. Executing OPT_EXPR pass (perform const folding).
Optimizing module f3m_inv.
Optimizing module func1.
Optimizing module func2.
Optimizing module func3.
Optimizing module func4.
Optimizing module func5.

4.16. Finished OPT passes. (There is nothing left to do.)

5. Printing statistics.

=== f3m_inv ===

   Number of wires:                 37
   Number of wire bits:           5298
   Number of public wires:          23
   Number of public wire bits:    3529
   Number of memories:               0
   Number of memory bits:            0
   Number of processes:              0
   Number of cells:                 32
     $dffe                           2
     $logic_not                      1
     $mux                            9
     $ne                             2
     $not                            1
     $reduce_and                     1
     $sdff                           3
     $sdffe                          4
     f3_mult                         1
     func1                           2
     func2                           2
     func3                           2
     func4                           1
     func5                           1

=== func1 ===

   Number of wires:                  5
   Number of wire bits:            786
   Number of public wires:           5
   Number of public wire bits:     786
   Number of memories:               0
   Number of memory bits:            0
   Number of processes:              0
   Number of cells:                 99
     f3_sub                         98
     func4                           1

=== func2 ===

   Number of wires:                  2
   Number of wire bits:            392
   Number of public wires:           2
   Number of public wire bits:     392
   Number of memories:               0
   Number of memory bits:            0
   Number of processes:              0
   Number of cells:                  0

=== func3 ===

   Number of wires:                  5
   Number of wire bits:            592
   Number of public wires:           5
   Number of public wire bits:     592
   Number of memories:               0
   Number of memory bits:            0
   Number of processes:              0
   Number of cells:                  4
     f3_mult                         2
     f3_sub                          2

=== func4 ===

   Number of wires:                  3
   Number of wire bits:            394
   Number of public wires:           3
   Number of public wire bits:     394
   Number of memories:               0
   Number of memory bits:            0
   Number of processes:              0
   Number of cells:                 98
     f3_mult                        98

=== func5 ===

   Number of wires:                  2
   Number of wire bits:            392
   Number of public wires:           2
   Number of public wire bits:     392
   Number of memories:               0
   Number of memory bits:            0
   Number of processes:              0
   Number of cells:                  1
     f3_add                          1

=== design hierarchy ===

   f3m_inv                           1
     func1                           2
       func4                         1
     func2                           2
     func3                           2
     func4                           1
     func5                           1

   Number of wires:                 72
   Number of wire bits:          10412
   Number of public wires:          58
   Number of public wire bits:    8643
   Number of memories:               0
   Number of memory bits:            0
   Number of processes:              0
   Number of cells:                523
     $dffe                           2
     $logic_not                      1
     $mux                            9
     $ne                             2
     $not                            1
     $reduce_and                     1
     $sdff                           3
     $sdffe                          4
     f3_add                          1
     f3_mult                       299
     f3_sub                        200

End of script. Logfile hash: 07ed49465a, CPU: user 0.20s system 0.00s, MEM: 16.90 MB peak
Yosys 0.10+12 (git sha1 72fac04, gcc 7.4.0-1ubuntu1~16.04~ppa1 -fPIC -Os)
Time spent: 31% 2x opt_dff (0 sec), 17% 2x opt_clean (0 sec), ...
