
5. Printing statistics.

=== f3m_neg ===

   Number of wires:                  2
   Number of wire bits:            388
   Number of public wires:           2
   Number of public wire bits:     388
   Number of memories:               0
   Number of memory bits:            0
   Number of processes:              0
   Number of cells:                  0

=== func10 ===

   Number of wires:                 21
   Number of wire bits:           1953
   Number of public wires:          17
   Number of public wire bits:    1949
   Number of memories:               0
   Number of memory bits:            0
   Number of processes:              0
   Number of cells:                 15
     $and                            2
     $or                             2
     $sdffe                          4
     f3m_add                         2
     f3m_cubic                       1
     f3m_inv                         1
     f3m_mult                        1
     f3m_neg                         1
     func6                           1

=== design hierarchy ===

   func10                            1
     f3m_neg                         1

   Number of wires:                 23
   Number of wire bits:           2341
   Number of public wires:          19
   Number of public wire bits:    2337
   Number of memories:               0
   Number of memory bits:            0
   Number of processes:              0
   Number of cells:                 14
     $and                            2
     $or                             2
     $sdffe                          4
     f3m_add                         2
     f3m_cubic                       1
     f3m_inv                         1
     f3m_mult                        1
     func6                           1

