
 /----------------------------------------------------------------------------\
 |                                                                            |
 |  yosys -- Yosys Open SYnthesis Suite                                       |
 |                                                                            |
 |  Copyright (C) 2012 - 2020  Claire Xenia Wolf <claire@yosyshq.com>         |
 |                                                                            |
 |  Permission to use, copy, modify, and/or distribute this software for any  |
 |  purpose with or without fee is hereby granted, provided that the above    |
 |  copyright notice and this permission notice appear in all copies.         |
 |                                                                            |
 |  THE SOFTWARE IS PROVIDED "AS IS" AND THE AUTHOR DISCLAIMS ALL WARRANTIES  |
 |  WITH REGARD TO THIS SOFTWARE INCLUDING ALL IMPLIED WARRANTIES OF          |
 |  MERCHANTABILITY AND FITNESS. IN NO EVENT SHALL THE AUTHOR BE LIABLE FOR   |
 |  ANY SPECIAL, DIRECT, INDIRECT, OR CONSEQUENTIAL DAMAGES OR ANY DAMAGES    |
 |  WHATSOEVER RESULTING FROM LOSS OF USE, DATA OR PROFITS, WHETHER IN AN     |
 |  ACTION OF CONTRACT, NEGLIGENCE OR OTHER TORTIOUS ACTION, ARISING OUT OF   |
 |  OR IN CONNECTION WITH THE USE OR PERFORMANCE OF THIS SOFTWARE.            |
 |                                                                            |
 \----------------------------------------------------------------------------/

 Yosys 0.10+12 (git sha1 72fac04, gcc 7.4.0-1ubuntu1~16.04~ppa1 -fPIC -Os)


-- Executing script file `out.ys' --

1. Executing Verilog-2005 frontend: /home/zhigang/raw_data/raw_designs/opencores/arithmetic/ecg_submodules/func10.v
Parsing SystemVerilog input from `/home/zhigang/raw_data/raw_designs/opencores/arithmetic/ecg_submodules/func10.v' to AST representation.
Generating RTLIL representation for module `\func10'.
Generating RTLIL representation for module `\f3m_neg'.
Successfully finished Verilog frontend.

2. Executing HIERARCHY pass (managing design hierarchy).

2.1. Finding top of design hierarchy..
root of   0 design levels: f3m_neg             
root of   1 design levels: func10              
Automatically selected func10 as design top module.

2.2. Analyzing design hierarchy..
Top module:  \func10
Used module:     \f3m_neg

2.3. Analyzing design hierarchy..
Top module:  \func10
Used module:     \f3m_neg
Removed 0 unused modules.
Mapping positional arguments of cell func10.ins6 (f3m_neg).

3. Executing PROC pass (convert processes to netlists).

3.1. Executing PROC_CLEAN pass (remove empty switches from decision trees).
Cleaned up 0 empty switches.

3.2. Executing PROC_RMDEAD pass (remove dead branches from decision trees).
Marked 1 switch rules as full_case in process $proc$/home/zhigang/raw_data/raw_designs/opencores/arithmetic/ecg_submodules/func10.v:39$7 in module func10.
Marked 1 switch rules as full_case in process $proc$/home/zhigang/raw_data/raw_designs/opencores/arithmetic/ecg_submodules/func10.v:33$1 in module func10.
Removed a total of 0 dead cases.

3.3. Executing PROC_PRUNE pass (remove redundant assignments in processes).
Removed 0 redundant assignments.
Promoted 0 assignments to connections.

3.4. Executing PROC_INIT pass (extract init attributes).

3.5. Executing PROC_ARST pass (detect async resets in processes).

3.6. Executing PROC_MUX pass (convert decision trees to multiplexers).
Creating decoders for process `\func10.$proc$/home/zhigang/raw_data/raw_designs/opencores/arithmetic/ecg_submodules/func10.v:39$7'.
     1/3: $0\y3[193:0]
     2/3: $0\x3[193:0]
     3/3: $0\done[0:0]
Creating decoders for process `\func10.$proc$/home/zhigang/raw_data/raw_designs/opencores/arithmetic/ecg_submodules/func10.v:33$1'.
     1/1: $0\K[2:0]

3.7. Executing PROC_DLATCH pass (convert process syncs to latches).

3.8. Executing PROC_DFF pass (convert process syncs to FFs).
Creating register for signal `\func10.\done' using process `\func10.$proc$/home/zhigang/raw_data/raw_designs/opencores/arithmetic/ecg_submodules/func10.v:39$7'.
  created $dff cell `$procdff$28' with positive edge clock.
Creating register for signal `\func10.\x3' using process `\func10.$proc$/home/zhigang/raw_data/raw_designs/opencores/arithmetic/ecg_submodules/func10.v:39$7'.
  created $dff cell `$procdff$29' with positive edge clock.
Creating register for signal `\func10.\y3' using process `\func10.$proc$/home/zhigang/raw_data/raw_designs/opencores/arithmetic/ecg_submodules/func10.v:39$7'.
  created $dff cell `$procdff$30' with positive edge clock.
Creating register for signal `\func10.\K' using process `\func10.$proc$/home/zhigang/raw_data/raw_designs/opencores/arithmetic/ecg_submodules/func10.v:33$1'.
  created $dff cell `$procdff$31' with positive edge clock.

3.9. Executing PROC_MEMWR pass (convert process memory writes to cells).

3.10. Executing PROC_CLEAN pass (remove empty switches from decision trees).
Found and cleaned up 2 empty switches in `\func10.$proc$/home/zhigang/raw_data/raw_designs/opencores/arithmetic/ecg_submodules/func10.v:39$7'.
Removing empty process `func10.$proc$/home/zhigang/raw_data/raw_designs/opencores/arithmetic/ecg_submodules/func10.v:39$7'.
Found and cleaned up 2 empty switches in `\func10.$proc$/home/zhigang/raw_data/raw_designs/opencores/arithmetic/ecg_submodules/func10.v:33$1'.
Removing empty process `func10.$proc$/home/zhigang/raw_data/raw_designs/opencores/arithmetic/ecg_submodules/func10.v:33$1'.
Cleaned up 4 empty switches.

3.11. Executing OPT_EXPR pass (perform const folding).
Optimizing module f3m_neg.
Optimizing module func10.
<suppressed ~1 debug messages>

4. Executing OPT pass (performing simple optimizations).

4.1. Executing OPT_EXPR pass (perform const folding).
Optimizing module f3m_neg.
Optimizing module func10.

4.2. Executing OPT_MERGE pass (detect identical cells).
Finding identical cells in module `\f3m_neg'.
Finding identical cells in module `\func10'.
Removed a total of 0 cells.

4.3. Executing OPT_MUXTREE pass (detect dead branches in mux trees).
Running muxtree optimizer on module \f3m_neg..
  Creating internal representation of mux trees.
  No muxes found in this module.
Running muxtree optimizer on module \func10..
  Creating internal representation of mux trees.
  Evaluating internal representation of mux trees.
  Analyzing evaluation results.
Removed 0 multiplexer ports.
<suppressed ~4 debug messages>

4.4. Executing OPT_REDUCE pass (consolidate $*mux and $reduce_* inputs).
  Optimizing cells in module \f3m_neg.
  Optimizing cells in module \func10.
Performed a total of 0 changes.

4.5. Executing OPT_MERGE pass (detect identical cells).
Finding identical cells in module `\f3m_neg'.
Finding identical cells in module `\func10'.
Removed a total of 0 cells.

4.6. Executing OPT_DFF pass (perform DFF optimizations).
Adding SRST signal on $procdff$31 ($dff) from module func10 (D = $procmux$23_Y, Q = \K, rval = 3'100).
Adding EN signal on $auto$ff.cc:262:slice$32 ($sdff) from module func10 (D = { 1'0 \K [2:1] }, Q = \K).
Adding SRST signal on $procdff$28 ($dff) from module func10 (D = $procmux$18_Y, Q = \done, rval = 1'0).
Adding EN signal on $auto$ff.cc:262:slice$34 ($sdff) from module func10 (D = 1'1, Q = \done).
Adding SRST signal on $procdff$29 ($dff) from module func10 (D = $procmux$13_Y, Q = \x3, rval = 194'00000000000000000000000000000000000000000000000000000000000000000000000000000000000000000000000000000000000000000000000000000000000000000000000000000000000000000000000000000000000000000000000000).
Adding EN signal on $auto$ff.cc:262:slice$36 ($sdff) from module func10 (D = \v4, Q = \x3).
Adding SRST signal on $procdff$30 ($dff) from module func10 (D = $procmux$8_Y, Q = \y3, rval = 194'00000000000000000000000000000000000000000000000000000000000000000000000000000000000000000000000000000000000000000000000000000000000000000000000000000000000000000000000000000000000000000000000000).
Adding EN signal on $auto$ff.cc:262:slice$38 ($sdff) from module func10 (D = \v6, Q = \y3).

4.7. Executing OPT_CLEAN pass (remove unused cells and wires).
Finding unused cells or wires in module \f3m_neg..
Finding unused cells or wires in module \func10..
Removed 8 unused cells and 21 unused wires.
<suppressed ~9 debug messages>

4.8. Executing OPT_EXPR pass (perform const folding).
Optimizing module f3m_neg.
Optimizing module func10.

4.9. Rerunning OPT passes. (Maybe there is more to do..)

4.10. Executing OPT_MUXTREE pass (detect dead branches in mux trees).
Running muxtree optimizer on module \f3m_neg..
  Creating internal representation of mux trees.
  No muxes found in this module.
Running muxtree optimizer on module \func10..
  Creating internal representation of mux trees.
  No muxes found in this module.
Removed 0 multiplexer ports.

4.11. Executing OPT_REDUCE pass (consolidate $*mux and $reduce_* inputs).
  Optimizing cells in module \f3m_neg.
  Optimizing cells in module \func10.
Performed a total of 0 changes.

4.12. Executing OPT_MERGE pass (detect identical cells).
Finding identical cells in module `\f3m_neg'.
Finding identical cells in module `\func10'.
Removed a total of 0 cells.

4.13. Executing OPT_DFF pass (perform DFF optimizations).

4.14. Executing OPT_CLEAN pass (remove unused cells and wires).
Finding unused cells or wires in module \f3m_neg..
Finding unused cells or wires in module \func10..

4.15. Executing OPT_EXPR pass (perform const folding).
Optimizing module f3m_neg.
Optimizing module func10.

4.16. Finished OPT passes. (There is nothing left to do.)

5. Printing statistics.

=== f3m_neg ===

   Number of wires:                  2
   Number of wire bits:            388
   Number of public wires:           2
   Number of public wire bits:     388
   Number of memories:               0
   Number of memory bits:            0
   Number of processes:              0
   Number of cells:                  0

=== func10 ===

   Number of wires:                 21
   Number of wire bits:           1953
   Number of public wires:          17
   Number of public wire bits:    1949
   Number of memories:               0
   Number of memory bits:            0
   Number of processes:              0
   Number of cells:                 15
     $and                            2
     $or                             2
     $sdffe                          4
     f3m_add                         2
     f3m_cubic                       1
     f3m_inv                         1
     f3m_mult                        1
     f3m_neg                         1
     func6                           1

=== design hierarchy ===

   func10                            1
     f3m_neg                         1

   Number of wires:                 23
   Number of wire bits:           2341
   Number of public wires:          19
   Number of public wire bits:    2337
   Number of memories:               0
   Number of memory bits:            0
   Number of processes:              0
   Number of cells:                 14
     $and                            2
     $or                             2
     $sdffe                          4
     f3m_add                         2
     f3m_cubic                       1
     f3m_inv                         1
     f3m_mult                        1
     func6                           1

End of script. Logfile hash: 7f774239fc, CPU: user 0.05s system 0.01s, MEM: 13.45 MB peak
Yosys 0.10+12 (git sha1 72fac04, gcc 7.4.0-1ubuntu1~16.04~ppa1 -fPIC -Os)
Time spent: 21% 4x opt_expr (0 sec), 21% 2x read_verilog (0 sec), ...
