
5. Printing statistics.

=== f3_add ===

   Number of wires:                 29
   Number of wire bits:             32
   Number of public wires:           9
   Number of public wire bits:      12
   Number of memories:               0
   Number of memory bits:            0
   Number of processes:              0
   Number of cells:                 22
     $and                           14
     $not                            4
     $or                             4

=== f3_mult ===

   Number of wires:                 21
   Number of wire bits:             24
   Number of public wires:           7
   Number of public wire bits:      10
   Number of memories:               0
   Number of memory bits:            0
   Number of processes:              0
   Number of cells:                 16
     $and                           10
     $not                            4
     $or                             2

=== f3_sub ===

   Number of wires:                  3
   Number of wire bits:              6
   Number of public wires:           3
   Number of public wire bits:       6
   Number of memories:               0
   Number of memory bits:            0
   Number of processes:              0
   Number of cells:                  1
     f3_add                          1

=== f3m_add ===

   Number of wires:                  3
   Number of wire bits:            582
   Number of public wires:           3
   Number of public wire bits:     582
   Number of memories:               0
   Number of memory bits:            0
   Number of processes:              0
   Number of cells:                 97
     f3_add                         97

=== f3m_cubic ===

   Number of wires:                 90
   Number of wire bits:            564
   Number of public wires:          90
   Number of public wire bits:     564
   Number of memories:               0
   Number of memory bits:            0
   Number of processes:              0
   Number of cells:                 88
     f3_add                         88

=== f3m_inv ===

   Number of wires:                 37
   Number of wire bits:           5298
   Number of public wires:          23
   Number of public wire bits:    3529
   Number of memories:               0
   Number of memory bits:            0
   Number of processes:              0
   Number of cells:                 32
     $dffe                           2
     $logic_not                      1
     $mux                            9
     $ne                             2
     $not                            1
     $reduce_and                     1
     $sdff                           3
     $sdffe                          4
     f3_mult                         1
     func1                           2
     func2                           2
     func3                           2
     func4                           1
     func5                           1

=== f3m_mult ===

   Number of wires:                 17
   Number of wire bits:           2366
   Number of public wires:          15
   Number of public wire bits:    1978
   Number of memories:               0
   Number of memory bits:            0
   Number of processes:              0
   Number of cells:                 12
     $dff                            2
     $dffe                           1
     $mux                            2
     $sdff                           3
     $sdffe                          1
     f3m_add                         1
     func7                           1
     func8                           1

=== f3m_neg ===

   Number of wires:                  2
   Number of wire bits:            388
   Number of public wires:           2
   Number of public wire bits:     388
   Number of memories:               0
   Number of memory bits:            0
   Number of processes:              0
   Number of cells:                  0

=== f3m_sub ===

   Number of wires:                  3
   Number of wire bits:            582
   Number of public wires:           3
   Number of public wire bits:     582
   Number of memories:               0
   Number of memory bits:            0
   Number of processes:              0
   Number of cells:                 97
     f3_sub                         97

=== func1 ===

   Number of wires:                  5
   Number of wire bits:            786
   Number of public wires:           5
   Number of public wire bits:     786
   Number of memories:               0
   Number of memory bits:            0
   Number of processes:              0
   Number of cells:                 99
     f3_sub                         98
     func4                           1

=== func10 ===

   Number of wires:                 21
   Number of wire bits:           1953
   Number of public wires:          17
   Number of public wire bits:    1949
   Number of memories:               0
   Number of memory bits:            0
   Number of processes:              0
   Number of cells:                 15
     $and                            2
     $or                             2
     $sdffe                          4
     f3m_add                         2
     f3m_cubic                       1
     f3m_inv                         1
     f3m_mult                        1
     f3m_neg                         1
     func6                           1

=== func11 ===

   Number of wires:                 31
   Number of wire bits:           3122
   Number of public wires:          25
   Number of public wire bits:    3116
   Number of memories:               0
   Number of memory bits:            0
   Number of processes:              0
   Number of cells:                 22
     $and                            3
     $or                             3
     $sdffe                          4
     f3m_add                         2
     f3m_cubic                       1
     f3m_inv                         1
     f3m_mult                        2
     f3m_sub                         4
     func6                           2

=== func2 ===

   Number of wires:                  2
   Number of wire bits:            392
   Number of public wires:           2
   Number of public wire bits:     392
   Number of memories:               0
   Number of memory bits:            0
   Number of processes:              0
   Number of cells:                  0

=== func3 ===

   Number of wires:                  5
   Number of wire bits:            592
   Number of public wires:           5
   Number of public wire bits:     592
   Number of memories:               0
   Number of memory bits:            0
   Number of processes:              0
   Number of cells:                  4
     f3_mult                         2
     f3_sub                          2

=== func4 ===

   Number of wires:                  3
   Number of wire bits:            394
   Number of public wires:           3
   Number of public wire bits:     394
   Number of memories:               0
   Number of memory bits:            0
   Number of processes:              0
   Number of cells:                 98
     f3_mult                        98

=== func5 ===

   Number of wires:                  2
   Number of wire bits:            392
   Number of public wires:           2
   Number of public wire bits:     392
   Number of memories:               0
   Number of memory bits:            0
   Number of processes:              0
   Number of cells:                  1
     f3_add                          1

=== func6 ===

   Number of wires:                  8
   Number of wire bits:             39
   Number of public wires:           6
   Number of public wire bits:       6
   Number of memories:               0
   Number of memory bits:            0
   Number of processes:              0
   Number of cells:                  4
     $eq                             1
     $mux                            1
     $sdff                           2

=== func7 ===

   Number of wires:                  5
   Number of wire bits:            394
   Number of public wires:           5
   Number of public wire bits:     394
   Number of memories:               0
   Number of memory bits:            0
   Number of processes:              0
   Number of cells:                  3
     f3_add                          3

=== func8 ===

   Number of wires:                491
   Number of wire bits:           1370
   Number of public wires:         491
   Number of public wire bits:    1370
   Number of memories:               0
   Number of memory bits:            0
   Number of processes:              0
   Number of cells:                488
     f3_add                        197
     f3_mult                       291

=== func9 ===

   Number of wires:                785
   Number of wire bits:           1943
   Number of public wires:           9
   Number of public wire bits:    1167
   Number of memories:               0
   Number of memory bits:            0
   Number of processes:              0
   Number of cells:               1165
     $and                          777
     $or                           388

=== point_add ===

   Number of wires:                 45
   Number of wire bits:           3357
   Number of public wires:          28
   Number of public wire bits:    2537
   Number of memories:               0
   Number of memory bits:            0
   Number of processes:              0
   Number of cells:                 31
     $and                            1
     $eq                             3
     $logic_and                      3
     $mux                            6
     $not                            1
     $or                             3
     $sdff                          10
     f3m_neg                         1
     func10                          1
     func11                          1
     func9                           1

=== design hierarchy ===

   point_add                         1
     f3m_neg                         1
     func10                          1
       f3m_add                       2
         f3_add                     97
       f3m_cubic                     1
         f3_add                     88
       f3m_inv                       1
         f3_mult                     1
         func1                       2
           f3_sub                   98
             f3_add                  1
           func4                     1
             f3_mult                98
         func2                       2
         func3                       2
           f3_mult                   2
           f3_sub                    2
             f3_add                  1
         func4                       1
           f3_mult                  98
         func5                       1
           f3_add                    1
       f3m_mult                      1
         f3m_add                     1
           f3_add                   97
         func7                       1
           f3_add                    3
         func8                       1
           f3_add                  197
           f3_mult                 291
       f3m_neg                       1
       func6                         1
     func11                          1
       f3m_add                       2
         f3_add                     97
       f3m_cubic                     1
         f3_add                     88
       f3m_inv                       1
         f3_mult                     1
         func1                       2
           f3_sub                   98
             f3_add                  1
           func4                     1
             f3_mult                98
         func2                       2
         func3                       2
           f3_mult                   2
           f3_sub                    2
             f3_add                  1
         func4                       1
           f3_mult                  98
         func5                       1
           f3_add                    1
       f3m_mult                      2
         f3m_add                     1
           f3_add                   97
         func7                       1
           f3_add                    3
         func8                       1
           f3_add                  197
           f3_mult                 291
       f3m_sub                       4
         f3_sub                     97
           f3_add                    1
       func6                         2
     func9                           1

   Number of wires:             101166
   Number of wire bits:         163884
   Number of public wires:       34829
   Number of public wire bits:   91983
   Number of memories:               0
   Number of memory bits:            0
   Number of processes:              0
   Number of cells:              74221
     $and                        46923
     $dff                            6
     $dffe                           7
     $eq                             6
     $logic_and                      3
     $logic_not                      2
     $mux                           33
     $ne                             4
     $not                        14867
     $or                         12318
     $reduce_and                     2
     $sdff                          31
     $sdffe                         19

