
5. Printing statistics.

=== td_fused_top_fifo_w7_d8_S_x0 ===

   Number of wires:                 46
   Number of wire bits:            149
   Number of public wires:          17
   Number of public wire bits:      46
   Number of memories:               0
   Number of memory bits:            0
   Number of processes:              0
   Number of cells:                 35
     $add                            1
     $and                            6
     $eq                             3
     $logic_and                      2
     $logic_not                      3
     $mux                            6
     $ne                             1
     $not                            2
     $or                             2
     $reduce_and                     2
     $reduce_bool                    1
     $reduce_or                      1
     $sdffe                          3
     $sub                            1
     td_fused_top_fifo_w7_d8_S_x0_shiftReg      1

=== td_fused_top_fifo_w7_d8_S_x0_shiftReg ===

   Number of wires:                 21
   Number of wire bits:             83
   Number of public wires:          13
   Number of public wire bits:      75
   Number of memories:               0
   Number of memory bits:            0
   Number of processes:              0
   Number of cells:                 17
     $dffe                           8
     $eq                             7
     $logic_not                      1
     $pmux                           1

=== design hierarchy ===

   td_fused_top_fifo_w7_d8_S_x0      1
     td_fused_top_fifo_w7_d8_S_x0_shiftReg      1

   Number of wires:                 67
   Number of wire bits:            232
   Number of public wires:          30
   Number of public wire bits:     121
   Number of memories:               0
   Number of memory bits:            0
   Number of processes:              0
   Number of cells:                 51
     $add                            1
     $and                            6
     $dffe                           8
     $eq                            10
     $logic_and                      2
     $logic_not                      4
     $mux                            6
     $ne                             1
     $not                            2
     $or                             2
     $pmux                           1
     $reduce_and                     2
     $reduce_bool                    1
     $reduce_or                      1
     $sdffe                          3
     $sub                            1

