
5. Printing statistics.

=== $paramod$650e5406c7bb925b4b57833ac913dfb331d8f672\td_fused_top_mux_416_16_1_1 ===

   Number of wires:                 24
   Number of wire bits:            384
   Number of public wires:          24
   Number of public wire bits:     384
   Number of memories:               0
   Number of memory bits:            0
   Number of processes:              0
   Number of cells:                  3
     $mux                            3

=== td_fused_top_tdf1_readFilters18 ===

   Number of wires:                182
   Number of wire bits:           1036
   Number of public wires:         130
   Number of public wire bits:     960
   Number of memories:               0
   Number of memory bits:            0
   Number of processes:              0
   Number of cells:                117
     $add                           10
     $and                           17
     $dff                            1
     $dffe                          15
     $eq                             6
     $mux                           31
     $not                           12
     $or                             4
     $paramod$650e5406c7bb925b4b57833ac913dfb331d8f672\td_fused_top_mux_416_16_1_1      4
     $pmux                           1
     $reduce_bool                    3
     $reduce_or                      2
     $sdff                           5
     $sdffe                          1
     $sub                            5

=== design hierarchy ===

   td_fused_top_tdf1_readFilters18      1
     $paramod$650e5406c7bb925b4b57833ac913dfb331d8f672\td_fused_top_mux_416_16_1_1      4

   Number of wires:                278
   Number of wire bits:           2572
   Number of public wires:         226
   Number of public wire bits:    2496
   Number of memories:               0
   Number of memory bits:            0
   Number of processes:              0
   Number of cells:                125
     $add                           10
     $and                           17
     $dff                            1
     $dffe                          15
     $eq                             6
     $mux                           43
     $not                           12
     $or                             4
     $pmux                           1
     $reduce_bool                    3
     $reduce_or                      2
     $sdff                           5
     $sdffe                          1
     $sub                            5

