
5. Printing statistics.

=== td_fused_top_tdf12_readInputs ===

   Number of wires:                176
   Number of wire bits:           1889
   Number of public wires:         126
   Number of public wire bits:    1816
   Number of memories:               0
   Number of memory bits:            0
   Number of processes:              0
   Number of cells:                115
     $add                            2
     $and                           15
     $dffe                          14
     $eq                             5
     $gt                             4
     $mux                           29
     $not                           14
     $or                            10
     $pmux                           1
     $reduce_bool                    1
     $reduce_or                      2
     $sdff                           4
     $sdffe                          1
     $shr                            4
     $sub                            7
     $xor                            2

