
5. Printing statistics.

=== td_fused_top_td_fused_tdf7_fmaps ===

   Number of wires:                 90
   Number of wire bits:            887
   Number of public wires:          47
   Number of public wire bits:     777
   Number of memories:               0
   Number of memory bits:            0
   Number of processes:              0
   Number of cells:                 71
     $add                            3
     $and                            4
     $eq                             1
     $logic_and                     10
     $logic_not                      6
     $logic_or                       1
     $mux                           29
     $not                            1
     $reduce_bool                    3
     $reduce_or                      1
     $sdff                           2
     $sdffe                          7
     $sub                            1
     td_fused_top_td_fused_tdf7_fmaps_memcore      2

=== td_fused_top_td_fused_tdf7_fmaps_memcore ===

   Number of wires:                  9
   Number of wire bits:            159
   Number of public wires:           9
   Number of public wire bits:     159
   Number of memories:               0
   Number of memory bits:            0
   Number of processes:              0
   Number of cells:                  1
     td_fused_top_td_fused_tdf7_fmaps_memcore_ram      1

=== td_fused_top_td_fused_tdf7_fmaps_memcore_ram ===

   Number of wires:                 15
   Number of wire bits:            504
   Number of public wires:           8
   Number of public wire bits:     158
   Number of memories:               1
   Number of memory bits:       401408
   Number of processes:              0
   Number of cells:                  9
     $dffe                           1
     $memrd                          1
     $memwr_v2                       1
     $mux                            6

=== design hierarchy ===

   td_fused_top_td_fused_tdf7_fmaps      1
     td_fused_top_td_fused_tdf7_fmaps_memcore      2
       td_fused_top_td_fused_tdf7_fmaps_memcore_ram      1

   Number of wires:                138
   Number of wire bits:           2213
   Number of public wires:          81
   Number of public wire bits:    1411
   Number of memories:               2
   Number of memory bits:       802816
   Number of processes:              0
   Number of cells:                 87
     $add                            3
     $and                            4
     $dffe                           2
     $eq                             1
     $logic_and                     10
     $logic_not                      6
     $logic_or                       1
     $memrd                          2
     $memwr_v2                       2
     $mux                           41
     $not                            1
     $reduce_bool                    3
     $reduce_or                      1
     $sdff                           2
     $sdffe                          7
     $sub                            1

