
5. Printing statistics.

=== td_fused_top_tdf10_readInputs71 ===

   Number of wires:                276
   Number of wire bits:           1522
   Number of public wires:         210
   Number of public wire bits:    1412
   Number of memories:               0
   Number of memory bits:            0
   Number of processes:              0
   Number of cells:                190
     $add                           21
     $and                           19
     $dff                            7
     $dffe                          35
     $eq                             6
     $gt                             5
     $mux                           50
     $not                           16
     $or                            13
     $pmux                           1
     $reduce_bool                    2
     $reduce_or                      2
     $sdff                           6
     $sdffce                         4
     $sdffe                          1
     $sub                            2

