
5. Printing statistics.

=== td_fused_top_tdf8_readInputs59 ===

   Number of wires:                297
   Number of wire bits:           2610
   Number of public wires:         235
   Number of public wire bits:    2503
   Number of memories:               0
   Number of memory bits:            0
   Number of processes:              0
   Number of cells:                220
     $add                           21
     $and                           21
     $dff                           10
     $dffe                          44
     $eq                             5
     $gt                             7
     $mux                           60
     $not                           14
     $or                            12
     $pmux                           1
     $reduce_bool                    2
     $reduce_or                      2
     $sdff                           6
     $sdffe                          1
     $shr                            4
     $sub                            8
     $xor                            2

