
5. Printing statistics.

=== td_fused_top_tdf9_readFilters64 ===

   Number of wires:                 70
   Number of wire bits:            359
   Number of public wires:          44
   Number of public wire bits:     313
   Number of memories:               0
   Number of memory bits:            0
   Number of processes:              0
   Number of cells:                 48
     $add                            2
     $and                            8
     $dffe                           4
     $eq                             4
     $mux                           15
     $not                            5
     $or                             2
     $pmux                           1
     $reduce_bool                    1
     $reduce_or                      2
     $sdff                           3
     $sdffe                          1

