
5. Printing statistics.

=== td_fused_top_dataflow_in_loop_TOP_LOOP48049_ifmap_vec_0_memcore ===

   Number of wires:                 12
   Number of wire bits:             86
   Number of public wires:          12
   Number of public wire bits:      86
   Number of memories:               0
   Number of memory bits:            0
   Number of processes:              0
   Number of cells:                  1
     td_fused_top_dataflow_in_loop_TOP_LOOP48049_ifmap_vec_0_memcore_ram      1

=== td_fused_top_dataflow_in_loop_TOP_LOOP48049_ifmap_vec_0_memcore_ram ===

   Number of wires:                 25
   Number of wire bits:            277
   Number of public wires:          11
   Number of public wire bits:      85
   Number of memories:               1
   Number of memory bits:         2304
   Number of processes:              0
   Number of cells:                 18
     $dffe                           2
     $memrd                          2
     $memwr_v2                       2
     $mux                           12

=== design hierarchy ===

   td_fused_top_dataflow_in_loop_TOP_LOOP48049_ifmap_vec_0_memcore      1
     td_fused_top_dataflow_in_loop_TOP_LOOP48049_ifmap_vec_0_memcore_ram      1

   Number of wires:                 37
   Number of wire bits:            363
   Number of public wires:          23
   Number of public wire bits:     171
   Number of memories:               1
   Number of memory bits:         2304
   Number of processes:              0
   Number of cells:                 18
     $dffe                           2
     $memrd                          2
     $memwr_v2                       2
     $mux                           12

