
5. Printing statistics.

=== td_fused_top_dataflow_in_loop_TOP_LOOP48049_l2_products_0 ===

   Number of wires:                101
   Number of wire bits:            381
   Number of public wires:          51
   Number of public wire bits:     297
   Number of memories:               0
   Number of memory bits:            0
   Number of processes:              0
   Number of cells:                 82
     $add                            3
     $and                            4
     $eq                             1
     $logic_and                     11
     $logic_not                      8
     $logic_or                       1
     $mux                           34
     $not                            1
     $reduce_bool                    4
     $reduce_or                      1
     $sdff                           2
     $sdffe                          9
     $sub                            1
     td_fused_top_dataflow_in_loop_TOP_LOOP48049_l2_products_0_memcore      2

=== td_fused_top_dataflow_in_loop_TOP_LOOP48049_l2_products_0_memcore ===

   Number of wires:                 10
   Number of wire bits:             63
   Number of public wires:          10
   Number of public wire bits:      63
   Number of memories:               0
   Number of memory bits:            0
   Number of processes:              0
   Number of cells:                  1
     td_fused_top_dataflow_in_loop_TOP_LOOP48049_l2_products_0_memcore_ram      1

=== td_fused_top_dataflow_in_loop_TOP_LOOP48049_l2_products_0_memcore_ram ===

   Number of wires:                 17
   Number of wire bits:            168
   Number of public wires:           9
   Number of public wire bits:      62
   Number of memories:               1
   Number of memory bits:          512
   Number of processes:              0
   Number of cells:                 11
     $dffe                           2
     $memrd                          2
     $memwr_v2                       1
     $mux                            6

=== design hierarchy ===

   td_fused_top_dataflow_in_loop_TOP_LOOP48049_l2_products_0      1
     td_fused_top_dataflow_in_loop_TOP_LOOP48049_l2_products_0_memcore      2
       td_fused_top_dataflow_in_loop_TOP_LOOP48049_l2_products_0_memcore_ram      1

   Number of wires:                155
   Number of wire bits:            843
   Number of public wires:          89
   Number of public wire bits:     547
   Number of memories:               2
   Number of memory bits:         1024
   Number of processes:              0
   Number of cells:                102
     $add                            3
     $and                            4
     $dffe                           4
     $eq                             1
     $logic_and                     11
     $logic_not                      8
     $logic_or                       1
     $memrd                          4
     $memwr_v2                       2
     $mux                           46
     $not                            1
     $reduce_bool                    4
     $reduce_or                      1
     $sdff                           2
     $sdffe                          9
     $sub                            1

