
5. Printing statistics.

=== td_fused_top_dataflow_in_loop_TOP_LOOP47866_products_0_0_memcore ===

   Number of wires:                 10
   Number of wire bits:             69
   Number of public wires:          10
   Number of public wire bits:      69
   Number of memories:               0
   Number of memory bits:            0
   Number of processes:              0
   Number of cells:                  1
     td_fused_top_dataflow_in_loop_TOP_LOOP47866_products_0_0_memcore_ram      1

=== td_fused_top_dataflow_in_loop_TOP_LOOP47866_products_0_0_memcore_ram ===

   Number of wires:                 17
   Number of wire bits:            180
   Number of public wires:           9
   Number of public wire bits:      68
   Number of memories:               1
   Number of memory bits:         2304
   Number of processes:              0
   Number of cells:                 11
     $dffe                           2
     $memrd                          2
     $memwr_v2                       1
     $mux                            6

=== design hierarchy ===

   td_fused_top_dataflow_in_loop_TOP_LOOP47866_products_0_0_memcore      1
     td_fused_top_dataflow_in_loop_TOP_LOOP47866_products_0_0_memcore_ram      1

   Number of wires:                 27
   Number of wire bits:            249
   Number of public wires:          19
   Number of public wire bits:     137
   Number of memories:               1
   Number of memory bits:         2304
   Number of processes:              0
   Number of cells:                 11
     $dffe                           2
     $memrd                          2
     $memwr_v2                       1
     $mux                            6

