
5. Printing statistics.

=== td_fused_top_tdf4_get_next_ijk ===

   Number of wires:                 80
   Number of wire bits:            272
   Number of public wires:          45
   Number of public wire bits:     207
   Number of memories:               0
   Number of memory bits:            0
   Number of processes:              0
   Number of cells:                 56
     $add                            3
     $and                            8
     $dffe                           2
     $eq                             4
     $mux                           17
     $not                           10
     $or                             7
     $reduce_bool                    1
     $reduce_or                      1
     $sdff                           1
     $sdffce                         1
     $sdffe                          1

