
5. Printing statistics.

=== td_fused_top_tdf9_filters ===

   Number of wires:                  9
   Number of wire bits:             65
   Number of public wires:           9
   Number of public wire bits:      65
   Number of memories:               0
   Number of memory bits:            0
   Number of processes:              0
   Number of cells:                  1
     td_fused_top_tdf9_filters_ram      1

=== td_fused_top_tdf9_filters_ram ===

   Number of wires:                 15
   Number of wire bits:            172
   Number of public wires:           8
   Number of public wire bits:      64
   Number of memories:               1
   Number of memory bits:       262144
   Number of processes:              0
   Number of cells:                  9
     $dffe                           1
     $memrd                          1
     $memwr_v2                       1
     $mux                            6

=== design hierarchy ===

   td_fused_top_tdf9_filters         1
     td_fused_top_tdf9_filters_ram      1

   Number of wires:                 24
   Number of wire bits:            237
   Number of public wires:          17
   Number of public wire bits:     129
   Number of memories:               1
   Number of memory bits:       262144
   Number of processes:              0
   Number of cells:                  9
     $dffe                           1
     $memrd                          1
     $memwr_v2                       1
     $mux                            6

