
5. Printing statistics.

=== td_fused_top_tdf1_writeOutputs_aligned ===

   Number of wires:                 45
   Number of wire bits:            501
   Number of public wires:          38
   Number of public wire bits:     493
   Number of memories:               0
   Number of memory bits:            0
   Number of processes:              0
   Number of cells:                 16
     $add                            2
     $and                            2
     $dffe                           1
     $eq                             2
     $mux                            4
     $not                            1
     $or                             1
     $pmux                           1
     $sdff                           1
     $sub                            1

