
5. Printing statistics.

=== $paramod$ab94746a42091e92ea832e1dab14e57f925e29d9\td_fused_top_mux_416_64_1_1 ===

   Number of wires:                 24
   Number of wire bits:           1440
   Number of public wires:          24
   Number of public wire bits:    1440
   Number of memories:               0
   Number of memory bits:            0
   Number of processes:              0
   Number of cells:                  3
     $mux                            3

=== td_fused_top_tdf4_readFilters36 ===

   Number of wires:                225
   Number of wire bits:           1969
   Number of public wires:         178
   Number of public wire bits:    1891
   Number of memories:               0
   Number of memory bits:            0
   Number of processes:              0
   Number of cells:                103
     $add                            8
     $and                           14
     $dffe                          14
     $eq                             5
     $mux                           30
     $not                           11
     $or                             4
     $paramod$ab94746a42091e92ea832e1dab14e57f925e29d9\td_fused_top_mux_416_64_1_1      4
     $pmux                           1
     $reduce_bool                    2
     $reduce_or                      2
     $sdff                           4
     $sdffe                          1
     $sub                            3

=== design hierarchy ===

   td_fused_top_tdf4_readFilters36      1
     $paramod$ab94746a42091e92ea832e1dab14e57f925e29d9\td_fused_top_mux_416_64_1_1      4

   Number of wires:                321
   Number of wire bits:           7729
   Number of public wires:         274
   Number of public wire bits:    7651
   Number of memories:               0
   Number of memory bits:            0
   Number of processes:              0
   Number of cells:                111
     $add                            8
     $and                           14
     $dffe                          14
     $eq                             5
     $mux                           42
     $not                           11
     $or                             4
     $pmux                           1
     $reduce_bool                    2
     $reduce_or                      2
     $sdff                           4
     $sdffe                          1
     $sub                            3

