
5. Printing statistics.

=== $paramod$2cc697b95dae621c23ec527898048e96d6aad65a\td_fused_top_mul_10s_9ns_16_1_1 ===

   Number of wires:                  3
   Number of wire bits:             35
   Number of public wires:           3
   Number of public wire bits:      35
   Number of memories:               0
   Number of memory bits:            0
   Number of processes:              0
   Number of cells:                  1
     td_fused_top_mul_10s_9ns_16_1_1_Multiplier_0      1

=== td_fused_top_mul_10s_9ns_16_1_1_Multiplier_0 ===

   Number of wires:                  3
   Number of wire bits:             35
   Number of public wires:           3
   Number of public wire bits:      35
   Number of memories:               0
   Number of memory bits:            0
   Number of processes:              0
   Number of cells:                  1
     $mul                            1

=== td_fused_top_tdf12_writeOutputs_unaligned ===

   Number of wires:                111
   Number of wire bits:            726
   Number of public wires:          69
   Number of public wire bits:     629
   Number of memories:               0
   Number of memory bits:            0
   Number of processes:              0
   Number of cells:                 77
     $add                            5
     $and                           11
     $dffe                          13
     $eq                            11
     $logic_not                      1
     $mux                           17
     $not                            6
     $or                             3
     $paramod$2cc697b95dae621c23ec527898048e96d6aad65a\td_fused_top_mul_10s_9ns_16_1_1      1
     $pmux                           1
     $reduce_bool                    2
     $reduce_or                      2
     $sdff                           2
     $sdffce                         1
     $sub                            1

=== design hierarchy ===

   td_fused_top_tdf12_writeOutputs_unaligned      1
     $paramod$2cc697b95dae621c23ec527898048e96d6aad65a\td_fused_top_mul_10s_9ns_16_1_1      1
       td_fused_top_mul_10s_9ns_16_1_1_Multiplier_0      1

   Number of wires:                117
   Number of wire bits:            796
   Number of public wires:          75
   Number of public wire bits:     699
   Number of memories:               0
   Number of memory bits:            0
   Number of processes:              0
   Number of cells:                 77
     $add                            5
     $and                           11
     $dffe                          13
     $eq                            11
     $logic_not                      1
     $mul                            1
     $mux                           17
     $not                            6
     $or                             3
     $pmux                           1
     $reduce_bool                    2
     $reduce_or                      2
     $sdff                           2
     $sdffce                         1
     $sub                            1

