
5. Printing statistics.

=== $paramod$ab94746a42091e92ea832e1dab14e57f925e29d9\td_fused_top_mux_416_64_1_1 ===

   Number of wires:                 24
   Number of wire bits:           1440
   Number of public wires:          24
   Number of public wire bits:    1440
   Number of memories:               0
   Number of memory bits:            0
   Number of processes:              0
   Number of cells:                  3
     $mux                            3

=== td_fused_top_tdf11_readFilters77 ===

   Number of wires:                235
   Number of wire bits:           2333
   Number of public wires:         187
   Number of public wire bits:    2244
   Number of memories:               0
   Number of memory bits:            0
   Number of processes:              0
   Number of cells:                112
     $add                            8
     $and                           14
     $dff                            3
     $dffe                          18
     $eq                             5
     $mux                           30
     $not                           12
     $or                             4
     $paramod$ab94746a42091e92ea832e1dab14e57f925e29d9\td_fused_top_mux_416_64_1_1      4
     $pmux                           1
     $reduce_bool                    2
     $reduce_or                      2
     $sdff                           5
     $sdffe                          1
     $sub                            3

=== design hierarchy ===

   td_fused_top_tdf11_readFilters77      1
     $paramod$ab94746a42091e92ea832e1dab14e57f925e29d9\td_fused_top_mux_416_64_1_1      4

   Number of wires:                331
   Number of wire bits:           8093
   Number of public wires:         283
   Number of public wire bits:    8004
   Number of memories:               0
   Number of memory bits:            0
   Number of processes:              0
   Number of cells:                120
     $add                            8
     $and                           14
     $dff                            3
     $dffe                          18
     $eq                             5
     $mux                           42
     $not                           12
     $or                             4
     $pmux                           1
     $reduce_bool                    2
     $reduce_or                      2
     $sdff                           5
     $sdffe                          1
     $sub                            3

