
5. Printing statistics.

=== td_fused_top_fifo_w6_d11_S ===

   Number of wires:                 46
   Number of wire bits:            151
   Number of public wires:          17
   Number of public wire bits:      44
   Number of memories:               0
   Number of memory bits:            0
   Number of processes:              0
   Number of cells:                 35
     $add                            1
     $and                            6
     $eq                             3
     $logic_and                      2
     $logic_not                      3
     $mux                            6
     $ne                             1
     $not                            2
     $or                             2
     $reduce_and                     2
     $reduce_bool                    1
     $reduce_or                      1
     $sdffe                          3
     $sub                            1
     td_fused_top_fifo_w6_d11_S_shiftReg      1

=== td_fused_top_fifo_w6_d11_S_shiftReg ===

   Number of wires:                 26
   Number of wire bits:             94
   Number of public wires:          16
   Number of public wire bits:      84
   Number of memories:               0
   Number of memory bits:            0
   Number of processes:              0
   Number of cells:                 22
     $dffe                          11
     $eq                             9
     $logic_not                      1
     $pmux                           1

=== design hierarchy ===

   td_fused_top_fifo_w6_d11_S        1
     td_fused_top_fifo_w6_d11_S_shiftReg      1

   Number of wires:                 72
   Number of wire bits:            245
   Number of public wires:          33
   Number of public wire bits:     128
   Number of memories:               0
   Number of memory bits:            0
   Number of processes:              0
   Number of cells:                 56
     $add                            1
     $and                            6
     $dffe                          11
     $eq                            12
     $logic_and                      2
     $logic_not                      4
     $mux                            6
     $ne                             1
     $not                            2
     $or                             2
     $pmux                           1
     $reduce_and                     2
     $reduce_bool                    1
     $reduce_or                      1
     $sdffe                          3
     $sub                            1

