
5. Printing statistics.

=== $paramod$3c0377098b222d6572752d08e873f7489758dceb\td_fused_top_hmul_16ns_16ns_16_5_max_dsp_1 ===

   Number of wires:                 19
   Number of wire bits:            169
   Number of public wires:          19
   Number of public wire bits:     169
   Number of memories:               0
   Number of memory bits:            0
   Number of processes:              0
   Number of cells:                  6
     $dff                            2
     $dffe                           2
     $mux                            1
     td_fused_top_ap_hmul_3_max_dsp_16      1

=== $paramod$444f4f35aae1753c454375fdcc6a89a96e0bb6d9\td_fused_top_dataflow_in_loop_TOP_LOOP48545_accum1_out_0 ===

   Number of wires:                 99
   Number of wire bits:            349
   Number of public wires:          54
   Number of public wire bits:     285
   Number of memories:               0
   Number of memory bits:            0
   Number of processes:              0
   Number of cells:                 77
     $add                            3
     $and                            4
     $eq                             1
     $logic_and                     10
     $logic_not                      6
     $logic_or                       1
     $mux                           35
     $not                            1
     $reduce_bool                    3
     $reduce_or                      1
     $sdff                           2
     $sdffe                          7
     $sub                            1
     td_fused_top_dataflow_in_loop_TOP_LOOP48545_accum1_out_0_memcore      2

=== $paramod$68fdee95fd7d91e09535cc4b3d209e7dbf47473a\td_fused_top_dataflow_in_loop_TOP_LOOP48545_ifmap_vec_0_0 ===

   Number of wires:                 99
   Number of wire bits:            381
   Number of public wires:          54
   Number of public wire bits:     317
   Number of memories:               0
   Number of memory bits:            0
   Number of processes:              0
   Number of cells:                 77
     $add                            3
     $and                            4
     $eq                             1
     $logic_and                     10
     $logic_not                      6
     $logic_or                       1
     $mux                           35
     $not                            1
     $reduce_bool                    3
     $reduce_or                      1
     $sdff                           2
     $sdffe                          7
     $sub                            1
     td_fused_top_dataflow_in_loop_TOP_LOOP48545_ifmap_vec_0_0_memcore      2

=== $paramod$68fdee95fd7d91e09535cc4b3d209e7dbf47473a\td_fused_top_dataflow_in_loop_TOP_LOOP48545_products_0 ===

   Number of wires:                101
   Number of wire bits:            397
   Number of public wires:          51
   Number of public wire bits:     313
   Number of memories:               0
   Number of memory bits:            0
   Number of processes:              0
   Number of cells:                 82
     $add                            3
     $and                            4
     $eq                             1
     $logic_and                     11
     $logic_not                      8
     $logic_or                       1
     $mux                           34
     $not                            1
     $reduce_bool                    4
     $reduce_or                      1
     $sdff                           2
     $sdffe                          9
     $sub                            1
     td_fused_top_dataflow_in_loop_TOP_LOOP48545_products_0_memcore      2

=== $paramod$68fdee95fd7d91e09535cc4b3d209e7dbf47473a\td_fused_top_dataflow_in_loop_TOP_LOOP48545_weight_vecs_0_0_0 ===

   Number of wires:                 55
   Number of wire bits:            146
   Number of public wires:          28
   Number of public wire bits:     115
   Number of memories:               0
   Number of memory bits:            0
   Number of processes:              0
   Number of cells:                 36
     $add                            3
     $and                            4
     $eq                             1
     $logic_and                      7
     $logic_not                      4
     $logic_or                       1
     $mux                            6
     $reduce_bool                    2
     $reduce_or                      1
     $sdffe                          5
     $sub                            1
     td_fused_top_dataflow_in_loop_TOP_LOOP48545_weight_vecs_0_0_0_memcore      1

=== $paramod$912b74f0497673b69e86cc7c82dae9d480ead345\td_fused_top_hsub_16ns_16ns_16_7_full_dsp_1 ===

   Number of wires:                 19
   Number of wire bits:            169
   Number of public wires:          19
   Number of public wire bits:     169
   Number of memories:               0
   Number of memory bits:            0
   Number of processes:              0
   Number of cells:                  6
     $dff                            2
     $dffe                           2
     $mux                            1
     td_fused_top_ap_hadd_6_full_dsp_16      1

=== $paramod$bd98ea72159fe26174e7b3ed5baca9c91958ef6f\td_fused_top_hadd_16ns_16ns_16_8_full_dsp_1 ===

   Number of wires:                 19
   Number of wire bits:            169
   Number of public wires:          19
   Number of public wire bits:     169
   Number of memories:               0
   Number of memory bits:            0
   Number of processes:              0
   Number of cells:                  6
     $dff                            2
     $dffe                           2
     $mux                            1
     td_fused_top_ap_hadd_6_full_dsp_16      1

=== FPAddSub ===

   Number of wires:                 45
   Number of wire bits:            591
   Number of public wires:          45
   Number of public wire bits:     591
   Number of memories:               0
   Number of memory bits:            0
   Number of processes:              0
   Number of cells:                 19
     $mux                            9
     FPAddSub_AlignModule            1
     FPAddSub_AlignShift1            1
     FPAddSub_AlignShift2            1
     FPAddSub_ExceptionModule        1
     FPAddSub_ExecutionModule        1
     FPAddSub_NormalizeModule        1
     FPAddSub_NormalizeShift1        1
     FPAddSub_NormalizeShift2        1
     FPAddSub_PrealignModule         1
     FPAddSub_RoundModule            1

=== FPAddSub_AlignModule ===

   Number of wires:                  8
   Number of wire bits:             71
   Number of public wires:           8
   Number of public wire bits:      71
   Number of memories:               0
   Number of memory bits:            0
   Number of processes:              0
   Number of cells:                  5
     $lt                             1
     $mux                            4

=== FPAddSub_AlignShift1 ===

   Number of wires:                 12
   Number of wire bits:             74
   Number of public wires:           6
   Number of public wire bits:      68
   Number of memories:               0
   Number of memory bits:            0
   Number of processes:              0
   Number of cells:                 18
     $eq                             3
     $logic_not                      1
     $mux                            1
     $pmux                          11
     $reduce_or                      2

=== FPAddSub_AlignShift2 ===

   Number of wires:                 11
   Number of wire bits:             63
   Number of public wires:           5
   Number of public wire bits:      57
   Number of memories:               0
   Number of memory bits:            0
   Number of processes:              0
   Number of cells:                 17
     $eq                             3
     $logic_not                      1
     $pmux                          11
     $reduce_or                      2

=== FPAddSub_ExceptionModule ===

   Number of wires:                 23
   Number of wire bits:             61
   Number of public wires:          13
   Number of public wire bits:      51
   Number of memories:               0
   Number of memory bits:            0
   Number of processes:              0
   Number of cells:                 15
     $and                            4
     $logic_not                      1
     $not                            2
     $or                             5
     $reduce_and                     1
     $reduce_or                      2

=== FPAddSub_ExecutionModule ===

   Number of wires:                 12
   Number of wire bits:             79
   Number of public wires:           9
   Number of public wire bits:      44
   Number of memories:               0
   Number of memory bits:            0
   Number of processes:              0
   Number of cells:                  6
     $add                            1
     $mux                            2
     $sub                            1
     $xor                            2

=== FPAddSub_NormalizeModule ===

   Number of wires:                 16
   Number of wire bits:            116
   Number of public wires:           4
   Number of public wire bits:      56
   Number of memories:               0
   Number of memory bits:            0
   Number of processes:              0
   Number of cells:                 14
     $mux                           14

=== FPAddSub_NormalizeShift1 ===

   Number of wires:                 19
   Number of wire bits:            152
   Number of public wires:           7
   Number of public wire bits:     140
   Number of memories:               0
   Number of memory bits:            0
   Number of processes:              0
   Number of cells:                 20
     $eq                             6
     $logic_not                      2
     $pmux                           8
     $reduce_or                      4

=== FPAddSub_NormalizeShift2 ===

   Number of wires:                 14
   Number of wire bits:             62
   Number of public wires:          13
   Number of public wire bits:      61
   Number of memories:               0
   Number of memory bits:            0
   Number of processes:              0
   Number of cells:                  6
     $add                            1
     $logic_not                      1
     $mux                            1
     $reduce_or                      2
     $sub                            1

=== FPAddSub_PrealignModule ===

   Number of wires:                 30
   Number of wire bits:            295
   Number of public wires:          16
   Number of public wire bits:      95
   Number of memories:               0
   Number of memory bits:            0
   Number of processes:              0
   Number of cells:                 19
     $add                            4
     $and                            4
     $logic_not                      2
     $not                            2
     $or                             3
     $reduce_and                     2
     $reduce_or                      2

=== FPAddSub_RoundModule ===

   Number of wires:                 35
   Number of wire bits:            124
   Number of public wires:          19
   Number of public wire bits:      72
   Number of memories:               0
   Number of memory bits:            0
   Number of processes:              0
   Number of cells:                 22
     $add                            2
     $and                            7
     $mux                            4
     $not                            2
     $or                             5
     $xor                            2

=== FPMult_16 ===

   Number of wires:                 27
   Number of wire bits:            348
   Number of public wires:          27
   Number of public wire bits:     348
   Number of memories:               0
   Number of memory bits:            0
   Number of processes:              0
   Number of cells:                  9
     $mux                            5
     FPMult_ExecuteModule            1
     FPMult_NormalizeModule          1
     FPMult_PrepModule               1
     FPMult_RoundModule              1

=== FPMult_ExecuteModule ===

   Number of wires:                 15
   Number of wire bits:            103
   Number of public wires:          12
   Number of public wire bits:      95
   Number of memories:               0
   Number of memory bits:            0
   Number of processes:              0
   Number of cells:                  7
     $add                            2
     $and                            1
     $mux                            1
     $or                             1
     $reduce_or                      1
     $xor                            1

=== FPMult_NormalizeModule ===

   Number of wires:                  8
   Number of wire bits:            114
   Number of public wires:           6
   Number of public wire bits:      50
   Number of memories:               0
   Number of memory bits:            0
   Number of processes:              0
   Number of cells:                  2
     $sub                            2

=== FPMult_PrepModule ===

   Number of wires:                 23
   Number of wire bits:             86
   Number of public wires:          14
   Number of public wire bits:      77
   Number of memories:               0
   Number of memory bits:            0
   Number of processes:              0
   Number of cells:                 15
     $and                            4
     $logic_not                      2
     $mul                            1
     $or                             3
     $reduce_and                     2
     $reduce_or                      3

=== FPMult_RoundModule ===

   Number of wires:                 12
   Number of wire bits:             90
   Number of public wires:          12
   Number of public wire bits:      90
   Number of memories:               0
   Number of memory bits:            0
   Number of processes:              0
   Number of cells:                  3
     $mux                            3

=== td_fused_top_Block_entry_proc_proc528 ===

   Number of wires:                 16
   Number of wire bits:             61
   Number of public wires:          14
   Number of public wire bits:      59
   Number of memories:               0
   Number of memory bits:            0
   Number of processes:              0
   Number of cells:                  9
     $mux                            4
     $not                            1
     $or                             1
     $reduce_or                      1
     $sdff                           2

=== td_fused_top_ap_hadd_6_full_dsp_16 ===

   Number of wires:                 12
   Number of wire bits:            117
   Number of public wires:          12
   Number of public wire bits:     117
   Number of memories:               0
   Number of memory bits:            0
   Number of processes:              0
   Number of cells:                  4
     $dffe                           3
     FPAddSub                        1

=== td_fused_top_ap_hmul_3_max_dsp_16 ===

   Number of wires:                 12
   Number of wire bits:            117
   Number of public wires:          12
   Number of public wire bits:     117
   Number of memories:               0
   Number of memory bits:            0
   Number of processes:              0
   Number of cells:                  4
     $dffe                           3
     FPMult_16                       1

=== td_fused_top_dataflow_in_loop_TOP_LOOP48545 ===

   Number of wires:                278
   Number of wire bits:           1717
   Number of public wires:         253
   Number of public wire bits:    1692
   Number of memories:               0
   Number of memory bits:            0
   Number of processes:              0
   Number of cells:                 57
     $and                           20
     $not                            9
     $or                             2
     $paramod$444f4f35aae1753c454375fdcc6a89a96e0bb6d9\td_fused_top_dataflow_in_loop_TOP_LOOP48545_accum1_out_0      1
     $paramod$68fdee95fd7d91e09535cc4b3d209e7dbf47473a\td_fused_top_dataflow_in_loop_TOP_LOOP48545_ifmap_vec_0_0      1
     $paramod$68fdee95fd7d91e09535cc4b3d209e7dbf47473a\td_fused_top_dataflow_in_loop_TOP_LOOP48545_products_0      1
     $paramod$68fdee95fd7d91e09535cc4b3d209e7dbf47473a\td_fused_top_dataflow_in_loop_TOP_LOOP48545_weight_vecs_0_0_0      1
     $reduce_or                      1
     $sdff                           2
     td_fused_top_Block_entry_proc_proc528      1
     td_fused_top_fifo_w10_d7_S      1
     td_fused_top_fifo_w16_d2_S_x3      5
     td_fused_top_fifo_w5_d2_S_x1      1
     td_fused_top_fifo_w5_d7_S       2
     td_fused_top_start_for_tdf6_readFilters47_U0      1
     td_fused_top_tdf6_accum_1       1
     td_fused_top_tdf6_accum_2       1
     td_fused_top_tdf6_adjust        1
     td_fused_top_tdf6_dot_product      1
     td_fused_top_tdf6_get_next_ijk      1
     td_fused_top_tdf6_readFilters47      1
     td_fused_top_tdf6_readInputs      1
     td_fused_top_tdf6_writeOutputs_unaligned      1

=== td_fused_top_dataflow_in_loop_TOP_LOOP48545_accum1_out_0_memcore ===

   Number of wires:                 11
   Number of wire bits:             60
   Number of public wires:          11
   Number of public wire bits:      60
   Number of memories:               0
   Number of memory bits:            0
   Number of processes:              0
   Number of cells:                  1
     td_fused_top_dataflow_in_loop_TOP_LOOP48545_accum1_out_0_memcore_ram      1

=== td_fused_top_dataflow_in_loop_TOP_LOOP48545_accum1_out_0_memcore_ram ===

   Number of wires:                 23
   Number of wire bits:            215
   Number of public wires:          10
   Number of public wire bits:      59
   Number of memories:               1
   Number of memory bits:          128
   Number of processes:              0
   Number of cells:                 16
     $dffe                           1
     $memrd                          1
     $memwr_v2                       2
     $mux                           12

=== td_fused_top_dataflow_in_loop_TOP_LOOP48545_ifmap_vec_0_0_memcore ===

   Number of wires:                 11
   Number of wire bits:             68
   Number of public wires:          11
   Number of public wire bits:      68
   Number of memories:               0
   Number of memory bits:            0
   Number of processes:              0
   Number of cells:                  1
     td_fused_top_dataflow_in_loop_TOP_LOOP48545_ifmap_vec_0_0_memcore_ram      1

=== td_fused_top_dataflow_in_loop_TOP_LOOP48545_ifmap_vec_0_0_memcore_ram ===

   Number of wires:                 23
   Number of wire bits:            239
   Number of public wires:          10
   Number of public wire bits:      67
   Number of memories:               1
   Number of memory bits:         2048
   Number of processes:              0
   Number of cells:                 16
     $dffe                           1
     $memrd                          1
     $memwr_v2                       2
     $mux                           12

=== td_fused_top_dataflow_in_loop_TOP_LOOP48545_products_0_memcore ===

   Number of wires:                 10
   Number of wire bits:             67
   Number of public wires:          10
   Number of public wire bits:      67
   Number of memories:               0
   Number of memory bits:            0
   Number of processes:              0
   Number of cells:                  1
     td_fused_top_dataflow_in_loop_TOP_LOOP48545_products_0_memcore_ram      1

=== td_fused_top_dataflow_in_loop_TOP_LOOP48545_products_0_memcore_ram ===

   Number of wires:                 17
   Number of wire bits:            176
   Number of public wires:           9
   Number of public wire bits:      66
   Number of memories:               1
   Number of memory bits:         2048
   Number of processes:              0
   Number of cells:                 11
     $dffe                           2
     $memrd                          2
     $memwr_v2                       1
     $mux                            6

=== td_fused_top_dataflow_in_loop_TOP_LOOP48545_weight_vecs_0_0_0_memcore ===

   Number of wires:                 12
   Number of wire bits:             86
   Number of public wires:          12
   Number of public wire bits:      86
   Number of memories:               0
   Number of memory bits:            0
   Number of processes:              0
   Number of cells:                  1
     td_fused_top_dataflow_in_loop_TOP_LOOP48545_weight_vecs_0_0_0_memcore_ram      1

=== td_fused_top_dataflow_in_loop_TOP_LOOP48545_weight_vecs_0_0_0_memcore_ram ===

   Number of wires:                 25
   Number of wire bits:            277
   Number of public wires:          11
   Number of public wire bits:      85
   Number of memories:               1
   Number of memory bits:         4096
   Number of processes:              0
   Number of cells:                 18
     $dffe                           2
     $memrd                          2
     $memwr_v2                       2
     $mux                           12

=== td_fused_top_fifo_w10_d7_S ===

   Number of wires:                 46
   Number of wire bits:            161
   Number of public wires:          17
   Number of public wire bits:      58
   Number of memories:               0
   Number of memory bits:            0
   Number of processes:              0
   Number of cells:                 35
     $add                            1
     $and                            6
     $eq                             3
     $logic_and                      2
     $logic_not                      3
     $mux                            6
     $ne                             1
     $not                            2
     $or                             2
     $reduce_and                     2
     $reduce_bool                    1
     $reduce_or                      1
     $sdffe                          3
     $sub                            1
     td_fused_top_fifo_w10_d7_S_shiftReg      1

=== td_fused_top_fifo_w10_d7_S_shiftReg ===

   Number of wires:                 18
   Number of wire bits:            101
   Number of public wires:          12
   Number of public wire bits:      95
   Number of memories:               0
   Number of memory bits:            0
   Number of processes:              0
   Number of cells:                 14
     $dffe                           7
     $eq                             5
     $logic_not                      1
     $pmux                           1

=== td_fused_top_fifo_w16_d2_S_x3 ===

   Number of wires:                 45
   Number of wire bits:            172
   Number of public wires:          17
   Number of public wire bits:      78
   Number of memories:               0
   Number of memory bits:            0
   Number of processes:              0
   Number of cells:                 34
     $add                            1
     $and                            6
     $eq                             2
     $logic_and                      2
     $logic_not                      3
     $mux                            6
     $ne                             1
     $not                            2
     $or                             2
     $reduce_and                     2
     $reduce_bool                    1
     $reduce_or                      1
     $sdffe                          3
     $sub                            1
     td_fused_top_fifo_w16_d2_S_x3_shiftReg      1

=== td_fused_top_fifo_w16_d2_S_x3_shiftReg ===

   Number of wires:                  8
   Number of wire bits:             68
   Number of public wires:           7
   Number of public wire bits:      67
   Number of memories:               0
   Number of memory bits:            0
   Number of processes:              0
   Number of cells:                  4
     $dffe                           2
     $not                            1
     $pmux                           1

=== td_fused_top_fifo_w5_d2_S_x1 ===

   Number of wires:                 45
   Number of wire bits:            128
   Number of public wires:          17
   Number of public wire bits:      34
   Number of memories:               0
   Number of memory bits:            0
   Number of processes:              0
   Number of cells:                 34
     $add                            1
     $and                            6
     $eq                             2
     $logic_and                      2
     $logic_not                      3
     $mux                            6
     $ne                             1
     $not                            2
     $or                             2
     $reduce_and                     2
     $reduce_bool                    1
     $reduce_or                      1
     $sdffe                          3
     $sub                            1
     td_fused_top_fifo_w5_d2_S_x1_shiftReg      1

=== td_fused_top_fifo_w5_d2_S_x1_shiftReg ===

   Number of wires:                  8
   Number of wire bits:             24
   Number of public wires:           7
   Number of public wire bits:      23
   Number of memories:               0
   Number of memory bits:            0
   Number of processes:              0
   Number of cells:                  4
     $dffe                           2
     $not                            1
     $pmux                           1

=== td_fused_top_fifo_w5_d7_S ===

   Number of wires:                 46
   Number of wire bits:            141
   Number of public wires:          17
   Number of public wire bits:      38
   Number of memories:               0
   Number of memory bits:            0
   Number of processes:              0
   Number of cells:                 35
     $add                            1
     $and                            6
     $eq                             3
     $logic_and                      2
     $logic_not                      3
     $mux                            6
     $ne                             1
     $not                            2
     $or                             2
     $reduce_and                     2
     $reduce_bool                    1
     $reduce_or                      1
     $sdffe                          3
     $sub                            1
     td_fused_top_fifo_w5_d7_S_shiftReg      1

=== td_fused_top_fifo_w5_d7_S_shiftReg ===

   Number of wires:                 18
   Number of wire bits:             56
   Number of public wires:          12
   Number of public wire bits:      50
   Number of memories:               0
   Number of memory bits:            0
   Number of processes:              0
   Number of cells:                 14
     $dffe                           7
     $eq                             5
     $logic_not                      1
     $pmux                           1

=== td_fused_top_start_for_tdf6_readFilters47_U0 ===

   Number of wires:                 45
   Number of wire bits:            112
   Number of public wires:          17
   Number of public wire bits:      18
   Number of memories:               0
   Number of memory bits:            0
   Number of processes:              0
   Number of cells:                 34
     $add                            1
     $and                            6
     $eq                             2
     $logic_and                      2
     $logic_not                      3
     $mux                            6
     $ne                             1
     $not                            2
     $or                             2
     $reduce_and                     2
     $reduce_bool                    1
     $reduce_or                      1
     $sdffe                          3
     $sub                            1
     td_fused_top_start_for_tdf6_readFilters47_U0_shiftReg      1

=== td_fused_top_start_for_tdf6_readFilters47_U0_shiftReg ===

   Number of wires:                  8
   Number of wire bits:              8
   Number of public wires:           7
   Number of public wire bits:       7
   Number of memories:               0
   Number of memory bits:            0
   Number of processes:              0
   Number of cells:                  4
     $dffe                           2
     $not                            1
     $pmux                           1

=== td_fused_top_tdf6_accum_1 ===

   Number of wires:                243
   Number of wire bits:           1928
   Number of public wires:         139
   Number of public wire bits:    1422
   Number of memories:               0
   Number of memory bits:            0
   Number of processes:              0
   Number of cells:                166
     $add                            2
     $and                           33
     $dffe                          21
     $eq                            16
     $logic_not                      1
     $mux                           57
     $not                           11
     $or                            13
     $paramod$bd98ea72159fe26174e7b3ed5baca9c91958ef6f\td_fused_top_hadd_16ns_16ns_16_8_full_dsp_1      2
     $pmux                           1
     $reduce_bool                    2
     $reduce_or                      2
     $sdff                           2
     $sdffe                          3

=== td_fused_top_tdf6_accum_2 ===

   Number of wires:                 50
   Number of wire bits:            254
   Number of public wires:          30
   Number of public wire bits:     214
   Number of memories:               0
   Number of memory bits:            0
   Number of processes:              0
   Number of cells:                 37
     $add                            1
     $and                            3
     $dffe                           2
     $eq                            12
     $mux                            8
     $not                            2
     $or                             1
     $paramod$bd98ea72159fe26174e7b3ed5baca9c91958ef6f\td_fused_top_hadd_16ns_16ns_16_8_full_dsp_1      1
     $pmux                           1
     $reduce_or                      1
     $sdff                           3
     $sdffe                          2

=== td_fused_top_tdf6_adjust ===

   Number of wires:                 75
   Number of wire bits:            499
   Number of public wires:          44
   Number of public wire bits:     446
   Number of memories:               0
   Number of memory bits:            0
   Number of processes:              0
   Number of cells:                 49
     $and                            2
     $dffe                           6
     $eq                            23
     $mux                            6
     $not                            3
     $or                             2
     $paramod$3c0377098b222d6572752d08e873f7489758dceb\td_fused_top_hmul_16ns_16ns_16_5_max_dsp_1      1
     $paramod$912b74f0497673b69e86cc7c82dae9d480ead345\td_fused_top_hsub_16ns_16ns_16_7_full_dsp_1      1
     $paramod$bd98ea72159fe26174e7b3ed5baca9c91958ef6f\td_fused_top_hadd_16ns_16ns_16_8_full_dsp_1      1
     $pmux                           1
     $reduce_or                      1
     $sdff                           2

=== td_fused_top_tdf6_dot_product ===

   Number of wires:                103
   Number of wire bits:            768
   Number of public wires:          66
   Number of public wire bits:     711
   Number of memories:               0
   Number of memory bits:            0
   Number of processes:              0
   Number of cells:                 77
     $add                            1
     $and                           13
     $dff                           10
     $dffe                           8
     $eq                             4
     $mux                           14
     $not                           10
     $or                             2
     $paramod$3c0377098b222d6572752d08e873f7489758dceb\td_fused_top_hmul_16ns_16ns_16_5_max_dsp_1      1
     $pmux                           1
     $reduce_bool                    1
     $reduce_or                      2
     $sdff                           9
     $sdffe                          1

=== td_fused_top_tdf6_get_next_ijk ===

   Number of wires:                 74
   Number of wire bits:            266
   Number of public wires:          42
   Number of public wire bits:     204
   Number of memories:               0
   Number of memory bits:            0
   Number of processes:              0
   Number of cells:                 52
     $add                            3
     $and                            8
     $dffe                           2
     $eq                             3
     $mux                           16
     $not                            9
     $or                             6
     $reduce_bool                    1
     $reduce_or                      1
     $sdff                           1
     $sdffce                         1
     $sdffe                          1

=== td_fused_top_tdf6_readFilters47 ===

   Number of wires:                 70
   Number of wire bits:            341
   Number of public wires:          44
   Number of public wire bits:     297
   Number of memories:               0
   Number of memory bits:            0
   Number of processes:              0
   Number of cells:                 48
     $add                            2
     $and                            8
     $dffe                           4
     $eq                             4
     $mux                           15
     $not                            5
     $or                             2
     $pmux                           1
     $reduce_bool                    1
     $reduce_or                      2
     $sdff                           3
     $sdffe                          1

=== td_fused_top_tdf6_readInputs ===

   Number of wires:                160
   Number of wire bits:           1137
   Number of public wires:         102
   Number of public wire bits:     969
   Number of memories:               0
   Number of memory bits:            0
   Number of processes:              0
   Number of cells:                102
     $add                            2
     $and                           15
     $dffe                           9
     $eq                             6
     $gt                             2
     $mux                           33
     $not                           10
     $or                            11
     $pmux                           1
     $reduce_bool                    2
     $reduce_or                      2
     $sdff                           2
     $sdffce                         4
     $sdffe                          2
     $sub                            1

=== td_fused_top_tdf6_writeOutputs_unaligned ===

   Number of wires:                 82
   Number of wire bits:            541
   Number of public wires:          52
   Number of public wire bits:     510
   Number of memories:               0
   Number of memory bits:            0
   Number of processes:              0
   Number of cells:                 55
     $add                            4
     $and                           13
     $dffe                           6
     $eq                             7
     $logic_not                      1
     $mux                            8
     $not                            5
     $or                             3
     $pmux                           1
     $reduce_or                      1
     $sdff                           2
     $sdffce                         2
     $sdffe                          1
     $sub                            1

=== design hierarchy ===

   td_fused_top_dataflow_in_loop_TOP_LOOP48545      1
     $paramod$444f4f35aae1753c454375fdcc6a89a96e0bb6d9\td_fused_top_dataflow_in_loop_TOP_LOOP48545_accum1_out_0      1
       td_fused_top_dataflow_in_loop_TOP_LOOP48545_accum1_out_0_memcore      2
         td_fused_top_dataflow_in_loop_TOP_LOOP48545_accum1_out_0_memcore_ram      1
     $paramod$68fdee95fd7d91e09535cc4b3d209e7dbf47473a\td_fused_top_dataflow_in_loop_TOP_LOOP48545_ifmap_vec_0_0      1
       td_fused_top_dataflow_in_loop_TOP_LOOP48545_ifmap_vec_0_0_memcore      2
         td_fused_top_dataflow_in_loop_TOP_LOOP48545_ifmap_vec_0_0_memcore_ram      1
     $paramod$68fdee95fd7d91e09535cc4b3d209e7dbf47473a\td_fused_top_dataflow_in_loop_TOP_LOOP48545_products_0      1
       td_fused_top_dataflow_in_loop_TOP_LOOP48545_products_0_memcore      2
         td_fused_top_dataflow_in_loop_TOP_LOOP48545_products_0_memcore_ram      1
     $paramod$68fdee95fd7d91e09535cc4b3d209e7dbf47473a\td_fused_top_dataflow_in_loop_TOP_LOOP48545_weight_vecs_0_0_0      1
       td_fused_top_dataflow_in_loop_TOP_LOOP48545_weight_vecs_0_0_0_memcore      1
         td_fused_top_dataflow_in_loop_TOP_LOOP48545_weight_vecs_0_0_0_memcore_ram      1
     td_fused_top_Block_entry_proc_proc528      1
     td_fused_top_fifo_w10_d7_S      1
       td_fused_top_fifo_w10_d7_S_shiftReg      1
     td_fused_top_fifo_w16_d2_S_x3      5
       td_fused_top_fifo_w16_d2_S_x3_shiftReg      1
     td_fused_top_fifo_w5_d2_S_x1      1
       td_fused_top_fifo_w5_d2_S_x1_shiftReg      1
     td_fused_top_fifo_w5_d7_S       2
       td_fused_top_fifo_w5_d7_S_shiftReg      1
     td_fused_top_start_for_tdf6_readFilters47_U0      1
       td_fused_top_start_for_tdf6_readFilters47_U0_shiftReg      1
     td_fused_top_tdf6_accum_1       1
       $paramod$bd98ea72159fe26174e7b3ed5baca9c91958ef6f\td_fused_top_hadd_16ns_16ns_16_8_full_dsp_1      2
         td_fused_top_ap_hadd_6_full_dsp_16      1
           FPAddSub                  1
             FPAddSub_AlignModule      1
             FPAddSub_AlignShift1      1
             FPAddSub_AlignShift2      1
             FPAddSub_ExceptionModule      1
             FPAddSub_ExecutionModule      1
             FPAddSub_NormalizeModule      1
             FPAddSub_NormalizeShift1      1
             FPAddSub_NormalizeShift2      1
             FPAddSub_PrealignModule      1
             FPAddSub_RoundModule      1
     td_fused_top_tdf6_accum_2       1
       $paramod$bd98ea72159fe26174e7b3ed5baca9c91958ef6f\td_fused_top_hadd_16ns_16ns_16_8_full_dsp_1      1
         td_fused_top_ap_hadd_6_full_dsp_16      1
           FPAddSub                  1
             FPAddSub_AlignModule      1
             FPAddSub_AlignShift1      1
             FPAddSub_AlignShift2      1
             FPAddSub_ExceptionModule      1
             FPAddSub_ExecutionModule      1
             FPAddSub_NormalizeModule      1
             FPAddSub_NormalizeShift1      1
             FPAddSub_NormalizeShift2      1
             FPAddSub_PrealignModule      1
             FPAddSub_RoundModule      1
     td_fused_top_tdf6_adjust        1
       $paramod$3c0377098b222d6572752d08e873f7489758dceb\td_fused_top_hmul_16ns_16ns_16_5_max_dsp_1      1
         td_fused_top_ap_hmul_3_max_dsp_16      1
           FPMult_16                 1
             FPMult_ExecuteModule      1
             FPMult_NormalizeModule      1
             FPMult_PrepModule       1
             FPMult_RoundModule      1
       $paramod$912b74f0497673b69e86cc7c82dae9d480ead345\td_fused_top_hsub_16ns_16ns_16_7_full_dsp_1      1
         td_fused_top_ap_hadd_6_full_dsp_16      1
           FPAddSub                  1
             FPAddSub_AlignModule      1
             FPAddSub_AlignShift1      1
             FPAddSub_AlignShift2      1
             FPAddSub_ExceptionModule      1
             FPAddSub_ExecutionModule      1
             FPAddSub_NormalizeModule      1
             FPAddSub_NormalizeShift1      1
             FPAddSub_NormalizeShift2      1
             FPAddSub_PrealignModule      1
             FPAddSub_RoundModule      1
       $paramod$bd98ea72159fe26174e7b3ed5baca9c91958ef6f\td_fused_top_hadd_16ns_16ns_16_8_full_dsp_1      1
         td_fused_top_ap_hadd_6_full_dsp_16      1
           FPAddSub                  1
             FPAddSub_AlignModule      1
             FPAddSub_AlignShift1      1
             FPAddSub_AlignShift2      1
             FPAddSub_ExceptionModule      1
             FPAddSub_ExecutionModule      1
             FPAddSub_NormalizeModule      1
             FPAddSub_NormalizeShift1      1
             FPAddSub_NormalizeShift2      1
             FPAddSub_PrealignModule      1
             FPAddSub_RoundModule      1
     td_fused_top_tdf6_dot_product      1
       $paramod$3c0377098b222d6572752d08e873f7489758dceb\td_fused_top_hmul_16ns_16ns_16_5_max_dsp_1      1
         td_fused_top_ap_hmul_3_max_dsp_16      1
           FPMult_16                 1
             FPMult_ExecuteModule      1
             FPMult_NormalizeModule      1
             FPMult_PrepModule       1
             FPMult_RoundModule      1
     td_fused_top_tdf6_get_next_ijk      1
     td_fused_top_tdf6_readFilters47      1
     td_fused_top_tdf6_readInputs      1
     td_fused_top_tdf6_writeOutputs_unaligned      1

   Number of wires:               3807
   Number of wire bits:          24850
   Number of public wires:        2457
   Number of public wire bits:   19487
   Number of memories:               7
   Number of memory bits:        12544
   Number of processes:              0
   Number of cells:               2269
     $add                           81
     $and                          276
     $dff                           24
     $dffe                         138
     $eq                           177
     $gt                             2
     $logic_and                     58
     $logic_not                    103
     $logic_or                       4
     $lt                             5
     $memrd                         10
     $memwr_v2                      12
     $mul                            2
     $mux                          603
     $ne                            10
     $not                          125
     $or                           136
     $pmux                         167
     $reduce_and                    39
     $reduce_bool                   29
     $reduce_or                    106
     $sdff                          34
     $sdffce                         7
     $sdffe                         69
     $sub                           30
     $xor                           22

