
5. Printing statistics.

=== $paramod$0a798cbc7902f454b0a3ef99e2a42f7441f71b19\td_fused_top_mux_416_32_1_1 ===

   Number of wires:                 24
   Number of wire bits:            736
   Number of public wires:          24
   Number of public wire bits:     736
   Number of memories:               0
   Number of memory bits:            0
   Number of processes:              0
   Number of cells:                  3
     $mux                            3

=== td_fused_top_tdf8_readFilters58 ===

   Number of wires:                195
   Number of wire bits:           1598
   Number of public wires:         147
   Number of public wire bits:    1505
   Number of memories:               0
   Number of memory bits:            0
   Number of processes:              0
   Number of cells:                112
     $add                            8
     $and                           13
     $dff                            3
     $dffe                          18
     $eq                             5
     $mux                           31
     $not                           12
     $or                             4
     $paramod$0a798cbc7902f454b0a3ef99e2a42f7441f71b19\td_fused_top_mux_416_32_1_1      4
     $pmux                           1
     $reduce_bool                    2
     $reduce_or                      2
     $sdff                           5
     $sdffe                          1
     $sub                            3

=== design hierarchy ===

   td_fused_top_tdf8_readFilters58      1
     $paramod$0a798cbc7902f454b0a3ef99e2a42f7441f71b19\td_fused_top_mux_416_32_1_1      4

   Number of wires:                291
   Number of wire bits:           4542
   Number of public wires:         243
   Number of public wire bits:    4449
   Number of memories:               0
   Number of memory bits:            0
   Number of processes:              0
   Number of cells:                120
     $add                            8
     $and                           13
     $dff                            3
     $dffe                          18
     $eq                             5
     $mux                           43
     $not                           12
     $or                             4
     $pmux                           1
     $reduce_bool                    2
     $reduce_or                      2
     $sdff                           5
     $sdffe                          1
     $sub                            3

