
5. Printing statistics.

=== td_fused_top_tdf6_readInputs ===

   Number of wires:                160
   Number of wire bits:           1137
   Number of public wires:         102
   Number of public wire bits:     969
   Number of memories:               0
   Number of memory bits:            0
   Number of processes:              0
   Number of cells:                102
     $add                            2
     $and                           15
     $dffe                           9
     $eq                             6
     $gt                             2
     $mux                           33
     $not                           10
     $or                            11
     $pmux                           1
     $reduce_bool                    2
     $reduce_or                      2
     $sdff                           2
     $sdffce                         4
     $sdffe                          2
     $sub                            1

