
5. Printing statistics.

=== $paramod$39fc8c2259eea60ebd1699530f5152003b944440\td_fused_top_mux_42_1_1_1 ===

   Number of wires:                 10
   Number of wire bits:             12
   Number of public wires:          10
   Number of public wire bits:      12
   Number of memories:               0
   Number of memory bits:            0
   Number of processes:              0
   Number of cells:                  3
     $mux                            3

=== $paramod$3c0377098b222d6572752d08e873f7489758dceb\td_fused_top_hmul_16ns_16ns_16_5_max_dsp_1 ===

   Number of wires:                 19
   Number of wire bits:            169
   Number of public wires:          19
   Number of public wire bits:     169
   Number of memories:               0
   Number of memory bits:            0
   Number of processes:              0
   Number of cells:                  6
     $dff                            2
     $dffe                           2
     $mux                            1
     td_fused_top_ap_hmul_3_max_dsp_16      1

=== $paramod$41016a40b5ca343c76f0efbff3251a4506302bba\td_fused_top_mux_816_16_1_1 ===

   Number of wires:                 31
   Number of wire bits:            496
   Number of public wires:          31
   Number of public wire bits:     496
   Number of memories:               0
   Number of memory bits:            0
   Number of processes:              0
   Number of cells:                  7
     $mux                            7

=== $paramod$444f4f35aae1753c454375fdcc6a89a96e0bb6d9\td_fused_top_dataflow_in_loop_TOP_LOOP47773_accum2_out_0 ===

   Number of wires:                 99
   Number of wire bits:            349
   Number of public wires:          54
   Number of public wire bits:     285
   Number of memories:               0
   Number of memory bits:            0
   Number of processes:              0
   Number of cells:                 77
     $add                            3
     $and                            4
     $eq                             1
     $logic_and                     10
     $logic_not                      6
     $logic_or                       1
     $mux                           35
     $not                            1
     $reduce_bool                    3
     $reduce_or                      1
     $sdff                           2
     $sdffe                          7
     $sub                            1
     td_fused_top_dataflow_in_loop_TOP_LOOP47773_accum2_out_0_memcore      2

=== $paramod$68fdee95fd7d91e09535cc4b3d209e7dbf47473a\td_fused_top_tdf11_l2_writeOutputs_1_running_sums_2 ===

   Number of wires:                  9
   Number of wire bits:             51
   Number of public wires:           9
   Number of public wire bits:      51
   Number of memories:               0
   Number of memory bits:            0
   Number of processes:              0
   Number of cells:                  1
     td_fused_top_tdf11_l2_writeOutputs_1_running_sums_2_ram      1

=== $paramod$8dea2db416463a8f312819906908d61ee1133101\td_fused_top_dataflow_in_loop_TOP_LOOP47773_ifmap_vec_0 ===

   Number of wires:                 55
   Number of wire bits:            150
   Number of public wires:          28
   Number of public wire bits:     119
   Number of memories:               0
   Number of memory bits:            0
   Number of processes:              0
   Number of cells:                 36
     $add                            3
     $and                            4
     $eq                             1
     $logic_and                      7
     $logic_not                      4
     $logic_or                       1
     $mux                            6
     $reduce_bool                    2
     $reduce_or                      1
     $sdffe                          5
     $sub                            1
     td_fused_top_dataflow_in_loop_TOP_LOOP47773_ifmap_vec_0_memcore      1

=== $paramod$8dea2db416463a8f312819906908d61ee1133101\td_fused_top_dataflow_in_loop_TOP_LOOP47773_products_0_0 ===

   Number of wires:                101
   Number of wire bits:            405
   Number of public wires:          51
   Number of public wire bits:     321
   Number of memories:               0
   Number of memory bits:            0
   Number of processes:              0
   Number of cells:                 82
     $add                            3
     $and                            4
     $eq                             1
     $logic_and                     11
     $logic_not                      8
     $logic_or                       1
     $mux                           34
     $not                            1
     $reduce_bool                    4
     $reduce_or                      1
     $sdff                           2
     $sdffe                          9
     $sub                            1
     td_fused_top_dataflow_in_loop_TOP_LOOP47773_products_0_0_memcore      2

=== $paramod$912b74f0497673b69e86cc7c82dae9d480ead345\td_fused_top_hsub_16ns_16ns_16_7_full_dsp_1 ===

   Number of wires:                 19
   Number of wire bits:            169
   Number of public wires:          19
   Number of public wire bits:     169
   Number of memories:               0
   Number of memory bits:            0
   Number of processes:              0
   Number of cells:                  6
     $dff                            2
     $dffe                           2
     $mux                            1
     td_fused_top_ap_hadd_6_full_dsp_16      1

=== $paramod$91996938bf55391da83956fb5d59b8cc0957c6c9\td_fused_top_mux_42_16_1_1 ===

   Number of wires:                 10
   Number of wire bits:            132
   Number of public wires:          10
   Number of public wire bits:     132
   Number of memories:               0
   Number of memory bits:            0
   Number of processes:              0
   Number of cells:                  3
     $mux                            3

=== $paramod$ab94746a42091e92ea832e1dab14e57f925e29d9\td_fused_top_mux_416_64_1_1 ===

   Number of wires:                 24
   Number of wire bits:           1440
   Number of public wires:          24
   Number of public wire bits:    1440
   Number of memories:               0
   Number of memory bits:            0
   Number of processes:              0
   Number of cells:                  3
     $mux                            3

=== $paramod$b62304d151914b25092b5cb636c35cea58e8e633\td_fused_top_dataflow_in_loop_TOP_LOOP47866_l2_products_0 ===

   Number of wires:                101
   Number of wire bits:            389
   Number of public wires:          51
   Number of public wire bits:     305
   Number of memories:               0
   Number of memory bits:            0
   Number of processes:              0
   Number of cells:                 82
     $add                            3
     $and                            4
     $eq                             1
     $logic_and                     11
     $logic_not                      8
     $logic_or                       1
     $mux                           34
     $not                            1
     $reduce_bool                    4
     $reduce_or                      1
     $sdff                           2
     $sdffe                          9
     $sub                            1
     td_fused_top_dataflow_in_loop_TOP_LOOP47866_l2_products_0_memcore      2

=== $paramod$bd98ea72159fe26174e7b3ed5baca9c91958ef6f\td_fused_top_hadd_16ns_16ns_16_8_full_dsp_1 ===

   Number of wires:                 19
   Number of wire bits:            169
   Number of public wires:          19
   Number of public wire bits:     169
   Number of memories:               0
   Number of memory bits:            0
   Number of processes:              0
   Number of cells:                  6
     $dff                            2
     $dffe                           2
     $mux                            1
     td_fused_top_ap_hadd_6_full_dsp_16      1

=== $paramod$d21e5f6e694f4e12d1f46ee6f235df73967f95ea\td_fused_top_dataflow_in_loop_TOP_LOOP47773_accum1_out_0 ===

   Number of wires:                110
   Number of wire bits:            451
   Number of public wires:          58
   Number of public wire bits:     365
   Number of memories:               0
   Number of memory bits:            0
   Number of processes:              0
   Number of cells:                 88
     $add                            3
     $and                            4
     $eq                             1
     $logic_and                     11
     $logic_not                      8
     $logic_or                       1
     $mux                           40
     $not                            1
     $reduce_bool                    4
     $reduce_or                      1
     $sdff                           2
     $sdffe                          9
     $sub                            1
     td_fused_top_dataflow_in_loop_TOP_LOOP47773_accum1_out_0_memcore      2

=== $paramod$e36eaf216809172bdd5f22425c51e5fbd0273c5d\td_fused_top_dataflow_in_loop_TOP_LOOP47866_l2_partial_sums_0 ===

   Number of wires:                 99
   Number of wire bits:            357
   Number of public wires:          54
   Number of public wire bits:     293
   Number of memories:               0
   Number of memory bits:            0
   Number of processes:              0
   Number of cells:                 77
     $add                            3
     $and                            4
     $eq                             1
     $logic_and                     10
     $logic_not                      6
     $logic_or                       1
     $mux                           35
     $not                            1
     $reduce_bool                    3
     $reduce_or                      1
     $sdff                           2
     $sdffe                          7
     $sub                            1
     td_fused_top_dataflow_in_loop_TOP_LOOP47866_l2_partial_sums_0_memcore      2

=== FPAddSub ===

   Number of wires:                 45
   Number of wire bits:            591
   Number of public wires:          45
   Number of public wire bits:     591
   Number of memories:               0
   Number of memory bits:            0
   Number of processes:              0
   Number of cells:                 19
     $mux                            9
     FPAddSub_AlignModule            1
     FPAddSub_AlignShift1            1
     FPAddSub_AlignShift2            1
     FPAddSub_ExceptionModule        1
     FPAddSub_ExecutionModule        1
     FPAddSub_NormalizeModule        1
     FPAddSub_NormalizeShift1        1
     FPAddSub_NormalizeShift2        1
     FPAddSub_PrealignModule         1
     FPAddSub_RoundModule            1

=== FPAddSub_AlignModule ===

   Number of wires:                  8
   Number of wire bits:             71
   Number of public wires:           8
   Number of public wire bits:      71
   Number of memories:               0
   Number of memory bits:            0
   Number of processes:              0
   Number of cells:                  5
     $lt                             1
     $mux                            4

=== FPAddSub_AlignShift1 ===

   Number of wires:                 12
   Number of wire bits:             74
   Number of public wires:           6
   Number of public wire bits:      68
   Number of memories:               0
   Number of memory bits:            0
   Number of processes:              0
   Number of cells:                 18
     $eq                             3
     $logic_not                      1
     $mux                            1
     $pmux                          11
     $reduce_or                      2

=== FPAddSub_AlignShift2 ===

   Number of wires:                 11
   Number of wire bits:             63
   Number of public wires:           5
   Number of public wire bits:      57
   Number of memories:               0
   Number of memory bits:            0
   Number of processes:              0
   Number of cells:                 17
     $eq                             3
     $logic_not                      1
     $pmux                          11
     $reduce_or                      2

=== FPAddSub_ExceptionModule ===

   Number of wires:                 23
   Number of wire bits:             61
   Number of public wires:          13
   Number of public wire bits:      51
   Number of memories:               0
   Number of memory bits:            0
   Number of processes:              0
   Number of cells:                 15
     $and                            4
     $logic_not                      1
     $not                            2
     $or                             5
     $reduce_and                     1
     $reduce_or                      2

=== FPAddSub_ExecutionModule ===

   Number of wires:                 12
   Number of wire bits:             79
   Number of public wires:           9
   Number of public wire bits:      44
   Number of memories:               0
   Number of memory bits:            0
   Number of processes:              0
   Number of cells:                  6
     $add                            1
     $mux                            2
     $sub                            1
     $xor                            2

=== FPAddSub_NormalizeModule ===

   Number of wires:                 16
   Number of wire bits:            116
   Number of public wires:           4
   Number of public wire bits:      56
   Number of memories:               0
   Number of memory bits:            0
   Number of processes:              0
   Number of cells:                 14
     $mux                           14

=== FPAddSub_NormalizeShift1 ===

   Number of wires:                 19
   Number of wire bits:            152
   Number of public wires:           7
   Number of public wire bits:     140
   Number of memories:               0
   Number of memory bits:            0
   Number of processes:              0
   Number of cells:                 20
     $eq                             6
     $logic_not                      2
     $pmux                           8
     $reduce_or                      4

=== FPAddSub_NormalizeShift2 ===

   Number of wires:                 14
   Number of wire bits:             62
   Number of public wires:          13
   Number of public wire bits:      61
   Number of memories:               0
   Number of memory bits:            0
   Number of processes:              0
   Number of cells:                  6
     $add                            1
     $logic_not                      1
     $mux                            1
     $reduce_or                      2
     $sub                            1

=== FPAddSub_PrealignModule ===

   Number of wires:                 30
   Number of wire bits:            295
   Number of public wires:          16
   Number of public wire bits:      95
   Number of memories:               0
   Number of memory bits:            0
   Number of processes:              0
   Number of cells:                 19
     $add                            4
     $and                            4
     $logic_not                      2
     $not                            2
     $or                             3
     $reduce_and                     2
     $reduce_or                      2

=== FPAddSub_RoundModule ===

   Number of wires:                 35
   Number of wire bits:            124
   Number of public wires:          19
   Number of public wire bits:      72
   Number of memories:               0
   Number of memory bits:            0
   Number of processes:              0
   Number of cells:                 22
     $add                            2
     $and                            7
     $mux                            4
     $not                            2
     $or                             5
     $xor                            2

=== FPMult_16 ===

   Number of wires:                 27
   Number of wire bits:            348
   Number of public wires:          27
   Number of public wire bits:     348
   Number of memories:               0
   Number of memory bits:            0
   Number of processes:              0
   Number of cells:                  9
     $mux                            5
     FPMult_ExecuteModule            1
     FPMult_NormalizeModule          1
     FPMult_PrepModule               1
     FPMult_RoundModule              1

=== FPMult_ExecuteModule ===

   Number of wires:                 15
   Number of wire bits:            103
   Number of public wires:          12
   Number of public wire bits:      95
   Number of memories:               0
   Number of memory bits:            0
   Number of processes:              0
   Number of cells:                  7
     $add                            2
     $and                            1
     $mux                            1
     $or                             1
     $reduce_or                      1
     $xor                            1

=== FPMult_NormalizeModule ===

   Number of wires:                  8
   Number of wire bits:            114
   Number of public wires:           6
   Number of public wire bits:      50
   Number of memories:               0
   Number of memory bits:            0
   Number of processes:              0
   Number of cells:                  2
     $sub                            2

=== FPMult_PrepModule ===

   Number of wires:                 23
   Number of wire bits:             86
   Number of public wires:          14
   Number of public wire bits:      77
   Number of memories:               0
   Number of memory bits:            0
   Number of processes:              0
   Number of cells:                 15
     $and                            4
     $logic_not                      2
     $mul                            1
     $or                             3
     $reduce_and                     2
     $reduce_or                      3

=== FPMult_RoundModule ===

   Number of wires:                 12
   Number of wire bits:             90
   Number of public wires:          12
   Number of public wire bits:      90
   Number of memories:               0
   Number of memory bits:            0
   Number of processes:              0
   Number of cells:                  3
     $mux                            3

=== td_fused_top_Block_entry_proc_proc565 ===

   Number of wires:                 16
   Number of wire bits:             61
   Number of public wires:          14
   Number of public wire bits:      59
   Number of memories:               0
   Number of memory bits:            0
   Number of processes:              0
   Number of cells:                  9
     $mux                            4
     $not                            1
     $or                             1
     $reduce_or                      1
     $sdff                           2

=== td_fused_top_Block_entry_proc_proc566 ===

   Number of wires:                 16
   Number of wire bits:             61
   Number of public wires:          14
   Number of public wire bits:      59
   Number of memories:               0
   Number of memory bits:            0
   Number of processes:              0
   Number of cells:                  9
     $mux                            4
     $not                            1
     $or                             1
     $reduce_or                      1
     $sdff                           2

=== td_fused_top_Block_entry_proc_proc567 ===

   Number of wires:                 16
   Number of wire bits:             61
   Number of public wires:          14
   Number of public wire bits:      59
   Number of memories:               0
   Number of memory bits:            0
   Number of processes:              0
   Number of cells:                  9
     $mux                            4
     $not                            1
     $or                             1
     $reduce_or                      1
     $sdff                           2

=== td_fused_top_Block_entry_proc_proc568 ===

   Number of wires:                 16
   Number of wire bits:             61
   Number of public wires:          14
   Number of public wire bits:      59
   Number of memories:               0
   Number of memory bits:            0
   Number of processes:              0
   Number of cells:                  9
     $mux                            4
     $not                            1
     $or                             1
     $reduce_or                      1
     $sdff                           2

=== td_fused_top_ap_hadd_6_full_dsp_16 ===

   Number of wires:                 12
   Number of wire bits:            117
   Number of public wires:          12
   Number of public wire bits:     117
   Number of memories:               0
   Number of memory bits:            0
   Number of processes:              0
   Number of cells:                  4
     $dffe                           3
     FPAddSub                        1

=== td_fused_top_ap_hmul_3_max_dsp_16 ===

   Number of wires:                 12
   Number of wire bits:            117
   Number of public wires:          12
   Number of public wire bits:     117
   Number of memories:               0
   Number of memory bits:            0
   Number of processes:              0
   Number of cells:                  4
     $dffe                           3
     FPMult_16                       1

=== td_fused_top_dataflow_in_loop_TOP_LOOP47773 ===

   Number of wires:               1897
   Number of wire bits:          10087
   Number of public wires:        1517
   Number of public wire bits:    9707
   Number of memories:               0
   Number of memory bits:            0
   Number of processes:              0
   Number of cells:                676
     $and                          318
     $not                          130
     $or                            58
     $paramod$444f4f35aae1753c454375fdcc6a89a96e0bb6d9\td_fused_top_dataflow_in_loop_TOP_LOOP47773_accum2_out_0      4
     $paramod$8dea2db416463a8f312819906908d61ee1133101\td_fused_top_dataflow_in_loop_TOP_LOOP47773_ifmap_vec_0     20
     $paramod$8dea2db416463a8f312819906908d61ee1133101\td_fused_top_dataflow_in_loop_TOP_LOOP47773_products_0_0     16
     $paramod$b62304d151914b25092b5cb636c35cea58e8e633\td_fused_top_dataflow_in_loop_TOP_LOOP47866_l2_products_0      8
     $paramod$d21e5f6e694f4e12d1f46ee6f235df73967f95ea\td_fused_top_dataflow_in_loop_TOP_LOOP47773_accum1_out_0      4
     $paramod$e36eaf216809172bdd5f22425c51e5fbd0273c5d\td_fused_top_dataflow_in_loop_TOP_LOOP47866_l2_partial_sums_0      8
     $reduce_or                      7
     $sdff                          58
     td_fused_top_Block_entry_proc_proc565      1
     td_fused_top_Block_entry_proc_proc566      1
     td_fused_top_Block_entry_proc_proc567      1
     td_fused_top_Block_entry_proc_proc568      1
     td_fused_top_fifo_w16_d2_S_x8     14
     td_fused_top_fifo_w1_d11_S_x0      1
     td_fused_top_fifo_w4_d10_S_x      1
     td_fused_top_fifo_w7_d2_S_x0      2
     td_fused_top_fifo_w7_d8_S_x0      1
     td_fused_top_fifo_w8_d10_S_x      1
     td_fused_top_start_for_tdf11_readFilters77_U0      1
     td_fused_top_tdf11_accum_1      4
     td_fused_top_tdf11_accum_2      4
     td_fused_top_tdf11_accum_3      1
     td_fused_top_tdf11_accum_3_1      1
     td_fused_top_tdf11_accum_3_2      1
     td_fused_top_tdf11_accum_3_3      1
     td_fused_top_tdf11_adjust       1
     td_fused_top_tdf11_dot_product      1
     td_fused_top_tdf11_get_next_ijk      1
     td_fused_top_tdf11_l2_accum      1
     td_fused_top_tdf11_l2_multiply75      1
     td_fused_top_tdf11_l2_writeOutputs_1      1
     td_fused_top_tdf11_readFilters77      1
     td_fused_top_tdf11_readInputs78      1

=== td_fused_top_dataflow_in_loop_TOP_LOOP47773_accum1_out_0_memcore ===

   Number of wires:                 12
   Number of wire bits:             80
   Number of public wires:          12
   Number of public wire bits:      80
   Number of memories:               0
   Number of memory bits:            0
   Number of processes:              0
   Number of cells:                  1
     td_fused_top_dataflow_in_loop_TOP_LOOP47773_accum1_out_0_memcore_ram      1

=== td_fused_top_dataflow_in_loop_TOP_LOOP47773_accum1_out_0_memcore_ram ===

   Number of wires:                 25
   Number of wire bits:            259
   Number of public wires:          11
   Number of public wire bits:      79
   Number of memories:               1
   Number of memory bits:          512
   Number of processes:              0
   Number of cells:                 18
     $dffe                           2
     $memrd                          2
     $memwr_v2                       2
     $mux                           12

=== td_fused_top_dataflow_in_loop_TOP_LOOP47773_accum2_out_0_memcore ===

   Number of wires:                 11
   Number of wire bits:             60
   Number of public wires:          11
   Number of public wire bits:      60
   Number of memories:               0
   Number of memory bits:            0
   Number of processes:              0
   Number of cells:                  1
     td_fused_top_dataflow_in_loop_TOP_LOOP47773_accum2_out_0_memcore_ram      1

=== td_fused_top_dataflow_in_loop_TOP_LOOP47773_accum2_out_0_memcore_ram ===

   Number of wires:                 23
   Number of wire bits:            215
   Number of public wires:          10
   Number of public wire bits:      59
   Number of memories:               1
   Number of memory bits:          128
   Number of processes:              0
   Number of cells:                 16
     $dffe                           1
     $memrd                          1
     $memwr_v2                       2
     $mux                           12

=== td_fused_top_dataflow_in_loop_TOP_LOOP47773_ifmap_vec_0_memcore ===

   Number of wires:                 12
   Number of wire bits:             88
   Number of public wires:          12
   Number of public wire bits:      88
   Number of memories:               0
   Number of memory bits:            0
   Number of processes:              0
   Number of cells:                  1
     td_fused_top_dataflow_in_loop_TOP_LOOP47773_ifmap_vec_0_memcore_ram      1

=== td_fused_top_dataflow_in_loop_TOP_LOOP47773_ifmap_vec_0_memcore_ram ===

   Number of wires:                 25
   Number of wire bits:            283
   Number of public wires:          11
   Number of public wire bits:      87
   Number of memories:               1
   Number of memory bits:         4608
   Number of processes:              0
   Number of cells:                 18
     $dffe                           2
     $memrd                          2
     $memwr_v2                       2
     $mux                           12

=== td_fused_top_dataflow_in_loop_TOP_LOOP47773_products_0_0_memcore ===

   Number of wires:                 10
   Number of wire bits:             69
   Number of public wires:          10
   Number of public wire bits:      69
   Number of memories:               0
   Number of memory bits:            0
   Number of processes:              0
   Number of cells:                  1
     td_fused_top_dataflow_in_loop_TOP_LOOP47773_products_0_0_memcore_ram      1

=== td_fused_top_dataflow_in_loop_TOP_LOOP47773_products_0_0_memcore_ram ===

   Number of wires:                 17
   Number of wire bits:            180
   Number of public wires:           9
   Number of public wire bits:      68
   Number of memories:               1
   Number of memory bits:         2304
   Number of processes:              0
   Number of cells:                 11
     $dffe                           2
     $memrd                          2
     $memwr_v2                       1
     $mux                            6

=== td_fused_top_dataflow_in_loop_TOP_LOOP47866_l2_partial_sums_0_memcore ===

   Number of wires:                 11
   Number of wire bits:             62
   Number of public wires:          11
   Number of public wire bits:      62
   Number of memories:               0
   Number of memory bits:            0
   Number of processes:              0
   Number of cells:                  1
     td_fused_top_dataflow_in_loop_TOP_LOOP47866_l2_partial_sums_0_memcore_ram      1

=== td_fused_top_dataflow_in_loop_TOP_LOOP47866_l2_partial_sums_0_memcore_ram ===

   Number of wires:                 23
   Number of wire bits:            221
   Number of public wires:          10
   Number of public wire bits:      61
   Number of memories:               1
   Number of memory bits:          256
   Number of processes:              0
   Number of cells:                 16
     $dffe                           1
     $memrd                          1
     $memwr_v2                       2
     $mux                           12

=== td_fused_top_dataflow_in_loop_TOP_LOOP47866_l2_products_0_memcore ===

   Number of wires:                 10
   Number of wire bits:             65
   Number of public wires:          10
   Number of public wire bits:      65
   Number of memories:               0
   Number of memory bits:            0
   Number of processes:              0
   Number of cells:                  1
     td_fused_top_dataflow_in_loop_TOP_LOOP47866_l2_products_0_memcore_ram      1

=== td_fused_top_dataflow_in_loop_TOP_LOOP47866_l2_products_0_memcore_ram ===

   Number of wires:                 17
   Number of wire bits:            172
   Number of public wires:           9
   Number of public wire bits:      64
   Number of memories:               1
   Number of memory bits:         1024
   Number of processes:              0
   Number of cells:                 11
     $dffe                           2
     $memrd                          2
     $memwr_v2                       1
     $mux                            6

=== td_fused_top_fifo_w16_d2_S_x8 ===

   Number of wires:                 45
   Number of wire bits:            172
   Number of public wires:          17
   Number of public wire bits:      78
   Number of memories:               0
   Number of memory bits:            0
   Number of processes:              0
   Number of cells:                 34
     $add                            1
     $and                            6
     $eq                             2
     $logic_and                      2
     $logic_not                      3
     $mux                            6
     $ne                             1
     $not                            2
     $or                             2
     $reduce_and                     2
     $reduce_bool                    1
     $reduce_or                      1
     $sdffe                          3
     $sub                            1
     td_fused_top_fifo_w16_d2_S_x8_shiftReg      1

=== td_fused_top_fifo_w16_d2_S_x8_shiftReg ===

   Number of wires:                  8
   Number of wire bits:             68
   Number of public wires:           7
   Number of public wire bits:      67
   Number of memories:               0
   Number of memory bits:            0
   Number of processes:              0
   Number of cells:                  4
     $dffe                           2
     $not                            1
     $pmux                           1

=== td_fused_top_fifo_w1_d11_S_x0 ===

   Number of wires:                 46
   Number of wire bits:            131
   Number of public wires:          17
   Number of public wire bits:      24
   Number of memories:               0
   Number of memory bits:            0
   Number of processes:              0
   Number of cells:                 35
     $add                            1
     $and                            6
     $eq                             3
     $logic_and                      2
     $logic_not                      3
     $mux                            6
     $ne                             1
     $not                            2
     $or                             2
     $reduce_and                     2
     $reduce_bool                    1
     $reduce_or                      1
     $sdffe                          3
     $sub                            1
     td_fused_top_fifo_w1_d11_S_x0_shiftReg      1

=== td_fused_top_fifo_w1_d11_S_x0_shiftReg ===

   Number of wires:                 26
   Number of wire bits:             29
   Number of public wires:          16
   Number of public wire bits:      19
   Number of memories:               0
   Number of memory bits:            0
   Number of processes:              0
   Number of cells:                 22
     $dffe                          11
     $eq                             9
     $logic_not                      1
     $pmux                           1

=== td_fused_top_fifo_w4_d10_S_x ===

   Number of wires:                 46
   Number of wire bits:            143
   Number of public wires:          17
   Number of public wire bits:      36
   Number of memories:               0
   Number of memory bits:            0
   Number of processes:              0
   Number of cells:                 35
     $add                            1
     $and                            6
     $eq                             3
     $logic_and                      2
     $logic_not                      3
     $mux                            6
     $ne                             1
     $not                            2
     $or                             2
     $reduce_and                     2
     $reduce_bool                    1
     $reduce_or                      1
     $sdffe                          3
     $sub                            1
     td_fused_top_fifo_w4_d10_S_x_shiftReg      1

=== td_fused_top_fifo_w4_d10_S_x_shiftReg ===

   Number of wires:                 24
   Number of wire bits:             63
   Number of public wires:          15
   Number of public wire bits:      54
   Number of memories:               0
   Number of memory bits:            0
   Number of processes:              0
   Number of cells:                 20
     $dffe                          10
     $eq                             8
     $logic_not                      1
     $pmux                           1

=== td_fused_top_fifo_w7_d2_S_x0 ===

   Number of wires:                 45
   Number of wire bits:            136
   Number of public wires:          17
   Number of public wire bits:      42
   Number of memories:               0
   Number of memory bits:            0
   Number of processes:              0
   Number of cells:                 34
     $add                            1
     $and                            6
     $eq                             2
     $logic_and                      2
     $logic_not                      3
     $mux                            6
     $ne                             1
     $not                            2
     $or                             2
     $reduce_and                     2
     $reduce_bool                    1
     $reduce_or                      1
     $sdffe                          3
     $sub                            1
     td_fused_top_fifo_w7_d2_S_x0_shiftReg      1

=== td_fused_top_fifo_w7_d2_S_x0_shiftReg ===

   Number of wires:                  8
   Number of wire bits:             32
   Number of public wires:           7
   Number of public wire bits:      31
   Number of memories:               0
   Number of memory bits:            0
   Number of processes:              0
   Number of cells:                  4
     $dffe                           2
     $not                            1
     $pmux                           1

=== td_fused_top_fifo_w7_d8_S_x0 ===

   Number of wires:                 46
   Number of wire bits:            149
   Number of public wires:          17
   Number of public wire bits:      46
   Number of memories:               0
   Number of memory bits:            0
   Number of processes:              0
   Number of cells:                 35
     $add                            1
     $and                            6
     $eq                             3
     $logic_and                      2
     $logic_not                      3
     $mux                            6
     $ne                             1
     $not                            2
     $or                             2
     $reduce_and                     2
     $reduce_bool                    1
     $reduce_or                      1
     $sdffe                          3
     $sub                            1
     td_fused_top_fifo_w7_d8_S_x0_shiftReg      1

=== td_fused_top_fifo_w7_d8_S_x0_shiftReg ===

   Number of wires:                 21
   Number of wire bits:             83
   Number of public wires:          13
   Number of public wire bits:      75
   Number of memories:               0
   Number of memory bits:            0
   Number of processes:              0
   Number of cells:                 17
     $dffe                           8
     $eq                             7
     $logic_not                      1
     $pmux                           1

=== td_fused_top_fifo_w8_d10_S_x ===

   Number of wires:                 46
   Number of wire bits:            159
   Number of public wires:          17
   Number of public wire bits:      52
   Number of memories:               0
   Number of memory bits:            0
   Number of processes:              0
   Number of cells:                 35
     $add                            1
     $and                            6
     $eq                             3
     $logic_and                      2
     $logic_not                      3
     $mux                            6
     $ne                             1
     $not                            2
     $or                             2
     $reduce_and                     2
     $reduce_bool                    1
     $reduce_or                      1
     $sdffe                          3
     $sub                            1
     td_fused_top_fifo_w8_d10_S_x_shiftReg      1

=== td_fused_top_fifo_w8_d10_S_x_shiftReg ===

   Number of wires:                 24
   Number of wire bits:            111
   Number of public wires:          15
   Number of public wire bits:     102
   Number of memories:               0
   Number of memory bits:            0
   Number of processes:              0
   Number of cells:                 20
     $dffe                          10
     $eq                             8
     $logic_not                      1
     $pmux                           1

=== td_fused_top_start_for_tdf11_readFilters77_U0 ===

   Number of wires:                 45
   Number of wire bits:            112
   Number of public wires:          17
   Number of public wire bits:      18
   Number of memories:               0
   Number of memory bits:            0
   Number of processes:              0
   Number of cells:                 34
     $add                            1
     $and                            6
     $eq                             2
     $logic_and                      2
     $logic_not                      3
     $mux                            6
     $ne                             1
     $not                            2
     $or                             2
     $reduce_and                     2
     $reduce_bool                    1
     $reduce_or                      1
     $sdffe                          3
     $sub                            1
     td_fused_top_start_for_tdf11_readFilters77_U0_shiftReg      1

=== td_fused_top_start_for_tdf11_readFilters77_U0_shiftReg ===

   Number of wires:                  8
   Number of wire bits:              8
   Number of public wires:           7
   Number of public wire bits:       7
   Number of memories:               0
   Number of memory bits:            0
   Number of processes:              0
   Number of cells:                  4
     $dffe                           2
     $not                            1
     $pmux                           1

=== td_fused_top_tdf11_accum_1 ===

   Number of wires:                496
   Number of wire bits:           4490
   Number of public wires:         276
   Number of public wire bits:    3106
   Number of memories:               0
   Number of memory bits:            0
   Number of processes:              0
   Number of cells:                374
     $add                            2
     $and                           61
     $dffe                          73
     $eq                            40
     $logic_not                      1
     $lt                             1
     $mux                          142
     $not                           22
     $or                            13
     $paramod$bd98ea72159fe26174e7b3ed5baca9c91958ef6f\td_fused_top_hadd_16ns_16ns_16_8_full_dsp_1      5
     $pmux                           1
     $reduce_bool                    2
     $reduce_or                      3
     $sdff                           3
     $sdffe                          5

=== td_fused_top_tdf11_accum_2 ===

   Number of wires:                243
   Number of wire bits:           1878
   Number of public wires:         139
   Number of public wire bits:    1392
   Number of memories:               0
   Number of memory bits:            0
   Number of processes:              0
   Number of cells:                166
     $add                            2
     $and                           33
     $dffe                          21
     $eq                            16
     $logic_not                      1
     $mux                           57
     $not                           11
     $or                            13
     $paramod$bd98ea72159fe26174e7b3ed5baca9c91958ef6f\td_fused_top_hadd_16ns_16ns_16_8_full_dsp_1      2
     $pmux                           1
     $reduce_bool                    2
     $reduce_or                      2
     $sdff                           2
     $sdffe                          3

=== td_fused_top_tdf11_accum_3 ===

   Number of wires:                 50
   Number of wire bits:            254
   Number of public wires:          30
   Number of public wire bits:     214
   Number of memories:               0
   Number of memory bits:            0
   Number of processes:              0
   Number of cells:                 37
     $add                            1
     $and                            3
     $dffe                           2
     $eq                            12
     $mux                            8
     $not                            2
     $or                             1
     $paramod$bd98ea72159fe26174e7b3ed5baca9c91958ef6f\td_fused_top_hadd_16ns_16ns_16_8_full_dsp_1      1
     $pmux                           1
     $reduce_or                      1
     $sdff                           3
     $sdffe                          2

=== td_fused_top_tdf11_accum_3_1 ===

   Number of wires:                 50
   Number of wire bits:            254
   Number of public wires:          30
   Number of public wire bits:     214
   Number of memories:               0
   Number of memory bits:            0
   Number of processes:              0
   Number of cells:                 37
     $add                            1
     $and                            3
     $dffe                           2
     $eq                            12
     $mux                            8
     $not                            2
     $or                             1
     $paramod$bd98ea72159fe26174e7b3ed5baca9c91958ef6f\td_fused_top_hadd_16ns_16ns_16_8_full_dsp_1      1
     $pmux                           1
     $reduce_or                      1
     $sdff                           3
     $sdffe                          2

=== td_fused_top_tdf11_accum_3_2 ===

   Number of wires:                 50
   Number of wire bits:            254
   Number of public wires:          30
   Number of public wire bits:     214
   Number of memories:               0
   Number of memory bits:            0
   Number of processes:              0
   Number of cells:                 37
     $add                            1
     $and                            3
     $dffe                           2
     $eq                            12
     $mux                            8
     $not                            2
     $or                             1
     $paramod$bd98ea72159fe26174e7b3ed5baca9c91958ef6f\td_fused_top_hadd_16ns_16ns_16_8_full_dsp_1      1
     $pmux                           1
     $reduce_or                      1
     $sdff                           3
     $sdffe                          2

=== td_fused_top_tdf11_accum_3_3 ===

   Number of wires:                 50
   Number of wire bits:            254
   Number of public wires:          30
   Number of public wire bits:     214
   Number of memories:               0
   Number of memory bits:            0
   Number of processes:              0
   Number of cells:                 37
     $add                            1
     $and                            3
     $dffe                           2
     $eq                            12
     $mux                            8
     $not                            2
     $or                             1
     $paramod$bd98ea72159fe26174e7b3ed5baca9c91958ef6f\td_fused_top_hadd_16ns_16ns_16_8_full_dsp_1      1
     $pmux                           1
     $reduce_or                      1
     $sdff                           3
     $sdffe                          2

=== td_fused_top_tdf11_adjust ===

   Number of wires:                218
   Number of wire bits:           1121
   Number of public wires:         177
   Number of public wire bits:    1072
   Number of memories:               0
   Number of memory bits:            0
   Number of processes:              0
   Number of cells:                161
     $add                            1
     $and                            9
     $dff                           59
     $dffe                          17
     $eq                             6
     $logic_not                      1
     $mux                           17
     $not                           11
     $or                             3
     $paramod$3c0377098b222d6572752d08e873f7489758dceb\td_fused_top_hmul_16ns_16ns_16_5_max_dsp_1      1
     $paramod$912b74f0497673b69e86cc7c82dae9d480ead345\td_fused_top_hsub_16ns_16ns_16_7_full_dsp_1      1
     $paramod$91996938bf55391da83956fb5d59b8cc0957c6c9\td_fused_top_mux_42_16_1_1      1
     $paramod$bd98ea72159fe26174e7b3ed5baca9c91958ef6f\td_fused_top_hadd_16ns_16ns_16_8_full_dsp_1      1
     $pmux                           1
     $reduce_and                     4
     $reduce_bool                    1
     $reduce_or                      2
     $sdff                          24
     $sdffe                          1

=== td_fused_top_tdf11_dot_product ===

   Number of wires:                353
   Number of wire bits:           2580
   Number of public wires:         307
   Number of public wire bits:    2493
   Number of memories:               0
   Number of memory bits:            0
   Number of processes:              0
   Number of cells:                187
     $add                            8
     $and                           14
     $dff                           24
     $dffe                          52
     $eq                             5
     $mux                           32
     $not                           11
     $or                             6
     $paramod$3c0377098b222d6572752d08e873f7489758dceb\td_fused_top_hmul_16ns_16ns_16_5_max_dsp_1     16
     $pmux                           1
     $reduce_bool                    2
     $reduce_or                      2
     $sdff                          10
     $sdffe                          1
     $sub                            3

=== td_fused_top_tdf11_get_next_ijk ===

   Number of wires:                 80
   Number of wire bits:            278
   Number of public wires:          45
   Number of public wire bits:     213
   Number of memories:               0
   Number of memory bits:            0
   Number of processes:              0
   Number of cells:                 56
     $add                            3
     $and                            8
     $dffe                           2
     $eq                             4
     $mux                           17
     $not                           10
     $or                             7
     $reduce_bool                    1
     $reduce_or                      1
     $sdff                           1
     $sdffce                         1
     $sdffe                          1

=== td_fused_top_tdf11_l2_accum ===

   Number of wires:                227
   Number of wire bits:           2032
   Number of public wires:         198
   Number of public wire bits:    1966
   Number of memories:               0
   Number of memory bits:            0
   Number of processes:              0
   Number of cells:                 97
     $add                            2
     $and                            5
     $dffe                          37
     $eq                            14
     $mux                           12
     $not                            3
     $or                             2
     $paramod$bd98ea72159fe26174e7b3ed5baca9c91958ef6f\td_fused_top_hadd_16ns_16ns_16_8_full_dsp_1     16
     $pmux                           1
     $reduce_bool                    1
     $reduce_or                      1
     $sdff                           2
     $sdffe                          1

=== td_fused_top_tdf11_l2_multiply75 ===

   Number of wires:                194
   Number of wire bits:           1393
   Number of public wires:         154
   Number of public wire bits:    1329
   Number of memories:               0
   Number of memory bits:            0
   Number of processes:              0
   Number of cells:                107
     $add                            2
     $and                           14
     $dff                           10
     $dffe                          24
     $eq                             4
     $mux                           15
     $not                           11
     $or                             4
     $paramod$3c0377098b222d6572752d08e873f7489758dceb\td_fused_top_hmul_16ns_16ns_16_5_max_dsp_1      8
     $paramod$91996938bf55391da83956fb5d59b8cc0957c6c9\td_fused_top_mux_42_16_1_1      1
     $pmux                           1
     $reduce_bool                    1
     $reduce_or                      2
     $sdff                           9
     $sdffe                          1

=== td_fused_top_tdf11_l2_writeOutputs_1 ===

   Number of wires:                367
   Number of wire bits:           2596
   Number of public wires:         320
   Number of public wire bits:    2526
   Number of memories:               0
   Number of memory bits:            0
   Number of processes:              0
   Number of cells:                263
     $add                            2
     $and                           14
     $dff                          124
     $dffe                          20
     $eq                             8
     $logic_not                      1
     $mux                           33
     $not                           12
     $or                             5
     $paramod$3c0377098b222d6572752d08e873f7489758dceb\td_fused_top_hmul_16ns_16ns_16_5_max_dsp_1      1
     $paramod$41016a40b5ca343c76f0efbff3251a4506302bba\td_fused_top_mux_816_16_1_1      1
     $paramod$68fdee95fd7d91e09535cc4b3d209e7dbf47473a\td_fused_top_tdf11_l2_writeOutputs_1_running_sums_2      1
     $paramod$912b74f0497673b69e86cc7c82dae9d480ead345\td_fused_top_hsub_16ns_16ns_16_7_full_dsp_1      1
     $paramod$bd98ea72159fe26174e7b3ed5baca9c91958ef6f\td_fused_top_hadd_16ns_16ns_16_8_full_dsp_1      2
     $pmux                           1
     $reduce_bool                    1
     $reduce_or                      2
     $sdff                          32
     $sdffe                          1
     $sub                            1

=== td_fused_top_tdf11_l2_writeOutputs_1_running_sums_2_ram ===

   Number of wires:                 15
   Number of wire bits:            144
   Number of public wires:           8
   Number of public wire bits:      50
   Number of memories:               1
   Number of memory bits:         2048
   Number of processes:              0
   Number of cells:                  9
     $dffe                           1
     $memrd                          1
     $memwr_v2                       1
     $mux                            6

=== td_fused_top_tdf11_readFilters77 ===

   Number of wires:                235
   Number of wire bits:           2333
   Number of public wires:         187
   Number of public wire bits:    2244
   Number of memories:               0
   Number of memory bits:            0
   Number of processes:              0
   Number of cells:                112
     $add                            8
     $and                           14
     $dff                            3
     $dffe                          18
     $eq                             5
     $mux                           30
     $not                           12
     $or                             4
     $paramod$ab94746a42091e92ea832e1dab14e57f925e29d9\td_fused_top_mux_416_64_1_1      4
     $pmux                           1
     $reduce_bool                    2
     $reduce_or                      2
     $sdff                           5
     $sdffe                          1
     $sub                            3

=== td_fused_top_tdf11_readInputs78 ===

   Number of wires:                276
   Number of wire bits:           1522
   Number of public wires:         210
   Number of public wire bits:    1412
   Number of memories:               0
   Number of memory bits:            0
   Number of processes:              0
   Number of cells:                190
     $add                           21
     $and                           19
     $dff                            7
     $dffe                          35
     $eq                             6
     $gt                             5
     $mux                           50
     $not                           16
     $or                            13
     $pmux                           1
     $reduce_bool                    2
     $reduce_or                      2
     $sdff                           6
     $sdffce                         4
     $sdffe                          1
     $sub                            2

=== design hierarchy ===

   td_fused_top_dataflow_in_loop_TOP_LOOP47773      1
     $paramod$444f4f35aae1753c454375fdcc6a89a96e0bb6d9\td_fused_top_dataflow_in_loop_TOP_LOOP47773_accum2_out_0      4
       td_fused_top_dataflow_in_loop_TOP_LOOP47773_accum2_out_0_memcore      2
         td_fused_top_dataflow_in_loop_TOP_LOOP47773_accum2_out_0_memcore_ram      1
     $paramod$8dea2db416463a8f312819906908d61ee1133101\td_fused_top_dataflow_in_loop_TOP_LOOP47773_ifmap_vec_0     20
       td_fused_top_dataflow_in_loop_TOP_LOOP47773_ifmap_vec_0_memcore      1
         td_fused_top_dataflow_in_loop_TOP_LOOP47773_ifmap_vec_0_memcore_ram      1
     $paramod$8dea2db416463a8f312819906908d61ee1133101\td_fused_top_dataflow_in_loop_TOP_LOOP47773_products_0_0     16
       td_fused_top_dataflow_in_loop_TOP_LOOP47773_products_0_0_memcore      2
         td_fused_top_dataflow_in_loop_TOP_LOOP47773_products_0_0_memcore_ram      1
     $paramod$b62304d151914b25092b5cb636c35cea58e8e633\td_fused_top_dataflow_in_loop_TOP_LOOP47866_l2_products_0      8
       td_fused_top_dataflow_in_loop_TOP_LOOP47866_l2_products_0_memcore      2
         td_fused_top_dataflow_in_loop_TOP_LOOP47866_l2_products_0_memcore_ram      1
     $paramod$d21e5f6e694f4e12d1f46ee6f235df73967f95ea\td_fused_top_dataflow_in_loop_TOP_LOOP47773_accum1_out_0      4
       td_fused_top_dataflow_in_loop_TOP_LOOP47773_accum1_out_0_memcore      2
         td_fused_top_dataflow_in_loop_TOP_LOOP47773_accum1_out_0_memcore_ram      1
     $paramod$e36eaf216809172bdd5f22425c51e5fbd0273c5d\td_fused_top_dataflow_in_loop_TOP_LOOP47866_l2_partial_sums_0      8
       td_fused_top_dataflow_in_loop_TOP_LOOP47866_l2_partial_sums_0_memcore      2
         td_fused_top_dataflow_in_loop_TOP_LOOP47866_l2_partial_sums_0_memcore_ram      1
     td_fused_top_Block_entry_proc_proc565      1
     td_fused_top_Block_entry_proc_proc566      1
     td_fused_top_Block_entry_proc_proc567      1
     td_fused_top_Block_entry_proc_proc568      1
     td_fused_top_fifo_w16_d2_S_x8     14
       td_fused_top_fifo_w16_d2_S_x8_shiftReg      1
     td_fused_top_fifo_w1_d11_S_x0      1
       td_fused_top_fifo_w1_d11_S_x0_shiftReg      1
     td_fused_top_fifo_w4_d10_S_x      1
       td_fused_top_fifo_w4_d10_S_x_shiftReg      1
     td_fused_top_fifo_w7_d2_S_x0      2
       td_fused_top_fifo_w7_d2_S_x0_shiftReg      1
     td_fused_top_fifo_w7_d8_S_x0      1
       td_fused_top_fifo_w7_d8_S_x0_shiftReg      1
     td_fused_top_fifo_w8_d10_S_x      1
       td_fused_top_fifo_w8_d10_S_x_shiftReg      1
     td_fused_top_start_for_tdf11_readFilters77_U0      1
       td_fused_top_start_for_tdf11_readFilters77_U0_shiftReg      1
     td_fused_top_tdf11_accum_1      4
       $paramod$bd98ea72159fe26174e7b3ed5baca9c91958ef6f\td_fused_top_hadd_16ns_16ns_16_8_full_dsp_1      5
         td_fused_top_ap_hadd_6_full_dsp_16      1
           FPAddSub                  1
             FPAddSub_AlignModule      1
             FPAddSub_AlignShift1      1
             FPAddSub_AlignShift2      1
             FPAddSub_ExceptionModule      1
             FPAddSub_ExecutionModule      1
             FPAddSub_NormalizeModule      1
             FPAddSub_NormalizeShift1      1
             FPAddSub_NormalizeShift2      1
             FPAddSub_PrealignModule      1
             FPAddSub_RoundModule      1
     td_fused_top_tdf11_accum_2      4
       $paramod$bd98ea72159fe26174e7b3ed5baca9c91958ef6f\td_fused_top_hadd_16ns_16ns_16_8_full_dsp_1      2
         td_fused_top_ap_hadd_6_full_dsp_16      1
           FPAddSub                  1
             FPAddSub_AlignModule      1
             FPAddSub_AlignShift1      1
             FPAddSub_AlignShift2      1
             FPAddSub_ExceptionModule      1
             FPAddSub_ExecutionModule      1
             FPAddSub_NormalizeModule      1
             FPAddSub_NormalizeShift1      1
             FPAddSub_NormalizeShift2      1
             FPAddSub_PrealignModule      1
             FPAddSub_RoundModule      1
     td_fused_top_tdf11_accum_3      1
       $paramod$bd98ea72159fe26174e7b3ed5baca9c91958ef6f\td_fused_top_hadd_16ns_16ns_16_8_full_dsp_1      1
         td_fused_top_ap_hadd_6_full_dsp_16      1
           FPAddSub                  1
             FPAddSub_AlignModule      1
             FPAddSub_AlignShift1      1
             FPAddSub_AlignShift2      1
             FPAddSub_ExceptionModule      1
             FPAddSub_ExecutionModule      1
             FPAddSub_NormalizeModule      1
             FPAddSub_NormalizeShift1      1
             FPAddSub_NormalizeShift2      1
             FPAddSub_PrealignModule      1
             FPAddSub_RoundModule      1
     td_fused_top_tdf11_accum_3_1      1
       $paramod$bd98ea72159fe26174e7b3ed5baca9c91958ef6f\td_fused_top_hadd_16ns_16ns_16_8_full_dsp_1      1
         td_fused_top_ap_hadd_6_full_dsp_16      1
           FPAddSub                  1
             FPAddSub_AlignModule      1
             FPAddSub_AlignShift1      1
             FPAddSub_AlignShift2      1
             FPAddSub_ExceptionModule      1
             FPAddSub_ExecutionModule      1
             FPAddSub_NormalizeModule      1
             FPAddSub_NormalizeShift1      1
             FPAddSub_NormalizeShift2      1
             FPAddSub_PrealignModule      1
             FPAddSub_RoundModule      1
     td_fused_top_tdf11_accum_3_2      1
       $paramod$bd98ea72159fe26174e7b3ed5baca9c91958ef6f\td_fused_top_hadd_16ns_16ns_16_8_full_dsp_1      1
         td_fused_top_ap_hadd_6_full_dsp_16      1
           FPAddSub                  1
             FPAddSub_AlignModule      1
             FPAddSub_AlignShift1      1
             FPAddSub_AlignShift2      1
             FPAddSub_ExceptionModule      1
             FPAddSub_ExecutionModule      1
             FPAddSub_NormalizeModule      1
             FPAddSub_NormalizeShift1      1
             FPAddSub_NormalizeShift2      1
             FPAddSub_PrealignModule      1
             FPAddSub_RoundModule      1
     td_fused_top_tdf11_accum_3_3      1
       $paramod$bd98ea72159fe26174e7b3ed5baca9c91958ef6f\td_fused_top_hadd_16ns_16ns_16_8_full_dsp_1      1
         td_fused_top_ap_hadd_6_full_dsp_16      1
           FPAddSub                  1
             FPAddSub_AlignModule      1
             FPAddSub_AlignShift1      1
             FPAddSub_AlignShift2      1
             FPAddSub_ExceptionModule      1
             FPAddSub_ExecutionModule      1
             FPAddSub_NormalizeModule      1
             FPAddSub_NormalizeShift1      1
             FPAddSub_NormalizeShift2      1
             FPAddSub_PrealignModule      1
             FPAddSub_RoundModule      1
     td_fused_top_tdf11_adjust       1
       $paramod$3c0377098b222d6572752d08e873f7489758dceb\td_fused_top_hmul_16ns_16ns_16_5_max_dsp_1      1
         td_fused_top_ap_hmul_3_max_dsp_16      1
           FPMult_16                 1
             FPMult_ExecuteModule      1
             FPMult_NormalizeModule      1
             FPMult_PrepModule       1
             FPMult_RoundModule      1
       $paramod$912b74f0497673b69e86cc7c82dae9d480ead345\td_fused_top_hsub_16ns_16ns_16_7_full_dsp_1      1
         td_fused_top_ap_hadd_6_full_dsp_16      1
           FPAddSub                  1
             FPAddSub_AlignModule      1
             FPAddSub_AlignShift1      1
             FPAddSub_AlignShift2      1
             FPAddSub_ExceptionModule      1
             FPAddSub_ExecutionModule      1
             FPAddSub_NormalizeModule      1
             FPAddSub_NormalizeShift1      1
             FPAddSub_NormalizeShift2      1
             FPAddSub_PrealignModule      1
             FPAddSub_RoundModule      1
       $paramod$91996938bf55391da83956fb5d59b8cc0957c6c9\td_fused_top_mux_42_16_1_1      1
       $paramod$bd98ea72159fe26174e7b3ed5baca9c91958ef6f\td_fused_top_hadd_16ns_16ns_16_8_full_dsp_1      1
         td_fused_top_ap_hadd_6_full_dsp_16      1
           FPAddSub                  1
             FPAddSub_AlignModule      1
             FPAddSub_AlignShift1      1
             FPAddSub_AlignShift2      1
             FPAddSub_ExceptionModule      1
             FPAddSub_ExecutionModule      1
             FPAddSub_NormalizeModule      1
             FPAddSub_NormalizeShift1      1
             FPAddSub_NormalizeShift2      1
             FPAddSub_PrealignModule      1
             FPAddSub_RoundModule      1
     td_fused_top_tdf11_dot_product      1
       $paramod$3c0377098b222d6572752d08e873f7489758dceb\td_fused_top_hmul_16ns_16ns_16_5_max_dsp_1     16
         td_fused_top_ap_hmul_3_max_dsp_16      1
           FPMult_16                 1
             FPMult_ExecuteModule      1
             FPMult_NormalizeModule      1
             FPMult_PrepModule       1
             FPMult_RoundModule      1
     td_fused_top_tdf11_get_next_ijk      1
     td_fused_top_tdf11_l2_accum      1
       $paramod$bd98ea72159fe26174e7b3ed5baca9c91958ef6f\td_fused_top_hadd_16ns_16ns_16_8_full_dsp_1     16
         td_fused_top_ap_hadd_6_full_dsp_16      1
           FPAddSub                  1
             FPAddSub_AlignModule      1
             FPAddSub_AlignShift1      1
             FPAddSub_AlignShift2      1
             FPAddSub_ExceptionModule      1
             FPAddSub_ExecutionModule      1
             FPAddSub_NormalizeModule      1
             FPAddSub_NormalizeShift1      1
             FPAddSub_NormalizeShift2      1
             FPAddSub_PrealignModule      1
             FPAddSub_RoundModule      1
     td_fused_top_tdf11_l2_multiply75      1
       $paramod$3c0377098b222d6572752d08e873f7489758dceb\td_fused_top_hmul_16ns_16ns_16_5_max_dsp_1      8
         td_fused_top_ap_hmul_3_max_dsp_16      1
           FPMult_16                 1
             FPMult_ExecuteModule      1
             FPMult_NormalizeModule      1
             FPMult_PrepModule       1
             FPMult_RoundModule      1
       $paramod$91996938bf55391da83956fb5d59b8cc0957c6c9\td_fused_top_mux_42_16_1_1      1
     td_fused_top_tdf11_l2_writeOutputs_1      1
       $paramod$3c0377098b222d6572752d08e873f7489758dceb\td_fused_top_hmul_16ns_16ns_16_5_max_dsp_1      1
         td_fused_top_ap_hmul_3_max_dsp_16      1
           FPMult_16                 1
             FPMult_ExecuteModule      1
             FPMult_NormalizeModule      1
             FPMult_PrepModule       1
             FPMult_RoundModule      1
       $paramod$41016a40b5ca343c76f0efbff3251a4506302bba\td_fused_top_mux_816_16_1_1      1
       $paramod$68fdee95fd7d91e09535cc4b3d209e7dbf47473a\td_fused_top_tdf11_l2_writeOutputs_1_running_sums_2      1
         td_fused_top_tdf11_l2_writeOutputs_1_running_sums_2_ram      1
       $paramod$912b74f0497673b69e86cc7c82dae9d480ead345\td_fused_top_hsub_16ns_16ns_16_7_full_dsp_1      1
         td_fused_top_ap_hadd_6_full_dsp_16      1
           FPAddSub                  1
             FPAddSub_AlignModule      1
             FPAddSub_AlignShift1      1
             FPAddSub_AlignShift2      1
             FPAddSub_ExceptionModule      1
             FPAddSub_ExecutionModule      1
             FPAddSub_NormalizeModule      1
             FPAddSub_NormalizeShift1      1
             FPAddSub_NormalizeShift2      1
             FPAddSub_PrealignModule      1
             FPAddSub_RoundModule      1
       $paramod$bd98ea72159fe26174e7b3ed5baca9c91958ef6f\td_fused_top_hadd_16ns_16ns_16_8_full_dsp_1      2
         td_fused_top_ap_hadd_6_full_dsp_16      1
           FPAddSub                  1
             FPAddSub_AlignModule      1
             FPAddSub_AlignShift1      1
             FPAddSub_AlignShift2      1
             FPAddSub_ExceptionModule      1
             FPAddSub_ExecutionModule      1
             FPAddSub_NormalizeModule      1
             FPAddSub_NormalizeShift1      1
             FPAddSub_NormalizeShift2      1
             FPAddSub_PrealignModule      1
             FPAddSub_RoundModule      1
     td_fused_top_tdf11_readFilters77      1
       $paramod$ab94746a42091e92ea832e1dab14e57f925e29d9\td_fused_top_mux_416_64_1_1      4
     td_fused_top_tdf11_readInputs78      1

   Number of wires:              33302
   Number of wire bits:         240665
   Number of public wires:       22354
   Number of public wire bits:  189288
   Number of memories:             101
   Number of memory bits:       193536
   Number of processes:              0
   Number of cells:              19626
     $add                          744
     $and                         2094
     $dff                          385
     $dffe                        1234
     $eq                          1098
     $gt                             5
     $logic_and                    610
     $logic_not                    929
     $logic_or                      60
     $lt                            57
     $memrd                        177
     $memwr_v2                     153
     $mul                           26
     $mux                         5803
     $ne                            21
     $not                          777
     $or                          1049
     $pmux                        1630
     $reduce_and                   257
     $reduce_bool                  236
     $reduce_or                    976
     $sdff                         267
     $sdffce                         5
     $sdffe                        547
     $sub                          248
     $xor                          238

