
5. Printing statistics.

=== $paramod$39fc8c2259eea60ebd1699530f5152003b944440\td_fused_top_mux_42_1_1_1 ===

   Number of wires:                 10
   Number of wire bits:             12
   Number of public wires:          10
   Number of public wire bits:      12
   Number of memories:               0
   Number of memory bits:            0
   Number of processes:              0
   Number of cells:                  3
     $mux                            3

=== $paramod$3c0377098b222d6572752d08e873f7489758dceb\td_fused_top_hmul_16ns_16ns_16_5_max_dsp_1 ===

   Number of wires:                 19
   Number of wire bits:            169
   Number of public wires:          19
   Number of public wire bits:     169
   Number of memories:               0
   Number of memory bits:            0
   Number of processes:              0
   Number of cells:                  6
     $dff                            2
     $dffe                           2
     $mux                            1
     td_fused_top_ap_hmul_3_max_dsp_16      1

=== $paramod$444f4f35aae1753c454375fdcc6a89a96e0bb6d9\td_fused_top_dataflow_in_loop_TOP_LOOP48049_accum2_out_0 ===

   Number of wires:                 99
   Number of wire bits:            349
   Number of public wires:          54
   Number of public wire bits:     285
   Number of memories:               0
   Number of memory bits:            0
   Number of processes:              0
   Number of cells:                 77
     $add                            3
     $and                            4
     $eq                             1
     $logic_and                     10
     $logic_not                      6
     $logic_or                       1
     $mux                           35
     $not                            1
     $reduce_bool                    3
     $reduce_or                      1
     $sdff                           2
     $sdffe                          7
     $sub                            1
     td_fused_top_dataflow_in_loop_TOP_LOOP48049_accum2_out_0_memcore      2

=== $paramod$444f4f35aae1753c454375fdcc6a89a96e0bb6d9\td_fused_top_dataflow_in_loop_TOP_LOOP48049_l2_partial_sums_0 ===

   Number of wires:                 99
   Number of wire bits:            349
   Number of public wires:          54
   Number of public wire bits:     285
   Number of memories:               0
   Number of memory bits:            0
   Number of processes:              0
   Number of cells:                 77
     $add                            3
     $and                            4
     $eq                             1
     $logic_and                     10
     $logic_not                      6
     $logic_or                       1
     $mux                           35
     $not                            1
     $reduce_bool                    3
     $reduce_or                      1
     $sdff                           2
     $sdffe                          7
     $sub                            1
     td_fused_top_dataflow_in_loop_TOP_LOOP48049_l2_partial_sums_0_memcore      2

=== $paramod$60c6820698acd06bb9a0b739a1738ac741e28ac5\td_fused_top_mux_464_16_1_1 ===

   Number of wires:                 72
   Number of wire bits:           1248
   Number of public wires:          72
   Number of public wire bits:    1248
   Number of memories:               0
   Number of memory bits:            0
   Number of processes:              0
   Number of cells:                  3
     $mux                            3

=== $paramod$6bff93eabfebbae18e929d83bb04875ab4f82a7f\td_fused_top_dataflow_in_loop_TOP_LOOP48049_ifmap_vec_0 ===

   Number of wires:                 55
   Number of wire bits:            146
   Number of public wires:          28
   Number of public wire bits:     115
   Number of memories:               0
   Number of memory bits:            0
   Number of processes:              0
   Number of cells:                 36
     $add                            3
     $and                            4
     $eq                             1
     $logic_and                      7
     $logic_not                      4
     $logic_or                       1
     $mux                            6
     $reduce_bool                    2
     $reduce_or                      1
     $sdffe                          5
     $sub                            1
     td_fused_top_dataflow_in_loop_TOP_LOOP48049_ifmap_vec_0_memcore      1

=== $paramod$6bff93eabfebbae18e929d83bb04875ab4f82a7f\td_fused_top_dataflow_in_loop_TOP_LOOP48049_products_0_0 ===

   Number of wires:                101
   Number of wire bits:            397
   Number of public wires:          51
   Number of public wire bits:     313
   Number of memories:               0
   Number of memory bits:            0
   Number of processes:              0
   Number of cells:                 82
     $add                            3
     $and                            4
     $eq                             1
     $logic_and                     11
     $logic_not                      8
     $logic_or                       1
     $mux                           34
     $not                            1
     $reduce_bool                    4
     $reduce_or                      1
     $sdff                           2
     $sdffe                          9
     $sub                            1
     td_fused_top_dataflow_in_loop_TOP_LOOP48049_products_0_0_memcore      2

=== $paramod$912b74f0497673b69e86cc7c82dae9d480ead345\td_fused_top_hsub_16ns_16ns_16_7_full_dsp_1 ===

   Number of wires:                 19
   Number of wire bits:            169
   Number of public wires:          19
   Number of public wire bits:     169
   Number of memories:               0
   Number of memory bits:            0
   Number of processes:              0
   Number of cells:                  6
     $dff                            2
     $dffe                           2
     $mux                            1
     td_fused_top_ap_hadd_6_full_dsp_16      1

=== $paramod$91996938bf55391da83956fb5d59b8cc0957c6c9\td_fused_top_mux_42_16_1_1 ===

   Number of wires:                 10
   Number of wire bits:            132
   Number of public wires:          10
   Number of public wire bits:     132
   Number of memories:               0
   Number of memory bits:            0
   Number of processes:              0
   Number of cells:                  3
     $mux                            3

=== $paramod$ab94746a42091e92ea832e1dab14e57f925e29d9\td_fused_top_mux_416_64_1_1 ===

   Number of wires:                 24
   Number of wire bits:           1440
   Number of public wires:          24
   Number of public wire bits:    1440
   Number of memories:               0
   Number of memory bits:            0
   Number of processes:              0
   Number of cells:                  3
     $mux                            3

=== $paramod$bd98ea72159fe26174e7b3ed5baca9c91958ef6f\td_fused_top_hadd_16ns_16ns_16_8_full_dsp_1 ===

   Number of wires:                 19
   Number of wire bits:            169
   Number of public wires:          19
   Number of public wire bits:     169
   Number of memories:               0
   Number of memory bits:            0
   Number of processes:              0
   Number of cells:                  6
     $dff                            2
     $dffe                           2
     $mux                            1
     td_fused_top_ap_hadd_6_full_dsp_16      1

=== $paramod$d21e5f6e694f4e12d1f46ee6f235df73967f95ea\td_fused_top_dataflow_in_loop_TOP_LOOP48049_accum1_out_0 ===

   Number of wires:                110
   Number of wire bits:            451
   Number of public wires:          58
   Number of public wire bits:     365
   Number of memories:               0
   Number of memory bits:            0
   Number of processes:              0
   Number of cells:                 88
     $add                            3
     $and                            4
     $eq                             1
     $logic_and                     11
     $logic_not                      8
     $logic_or                       1
     $mux                           40
     $not                            1
     $reduce_bool                    4
     $reduce_or                      1
     $sdff                           2
     $sdffe                          9
     $sub                            1
     td_fused_top_dataflow_in_loop_TOP_LOOP48049_accum1_out_0_memcore      2

=== $paramod$d21e5f6e694f4e12d1f46ee6f235df73967f95ea\td_fused_top_dataflow_in_loop_TOP_LOOP48049_l2_products_0 ===

   Number of wires:                101
   Number of wire bits:            381
   Number of public wires:          51
   Number of public wire bits:     297
   Number of memories:               0
   Number of memory bits:            0
   Number of processes:              0
   Number of cells:                 82
     $add                            3
     $and                            4
     $eq                             1
     $logic_and                     11
     $logic_not                      8
     $logic_or                       1
     $mux                           34
     $not                            1
     $reduce_bool                    4
     $reduce_or                      1
     $sdff                           2
     $sdffe                          9
     $sub                            1
     td_fused_top_dataflow_in_loop_TOP_LOOP48049_l2_products_0_memcore      2

=== $paramod$d21e5f6e694f4e12d1f46ee6f235df73967f95ea\td_fused_top_tdf7_l2_writeOutputs_1_running_sums ===

   Number of wires:                  9
   Number of wire bits:             47
   Number of public wires:           9
   Number of public wire bits:      47
   Number of memories:               0
   Number of memory bits:            0
   Number of processes:              0
   Number of cells:                  1
     td_fused_top_tdf7_l2_writeOutputs_1_running_sums_ram      1

=== FPAddSub ===

   Number of wires:                 45
   Number of wire bits:            591
   Number of public wires:          45
   Number of public wire bits:     591
   Number of memories:               0
   Number of memory bits:            0
   Number of processes:              0
   Number of cells:                 19
     $mux                            9
     FPAddSub_AlignModule            1
     FPAddSub_AlignShift1            1
     FPAddSub_AlignShift2            1
     FPAddSub_ExceptionModule        1
     FPAddSub_ExecutionModule        1
     FPAddSub_NormalizeModule        1
     FPAddSub_NormalizeShift1        1
     FPAddSub_NormalizeShift2        1
     FPAddSub_PrealignModule         1
     FPAddSub_RoundModule            1

=== FPAddSub_AlignModule ===

   Number of wires:                  8
   Number of wire bits:             71
   Number of public wires:           8
   Number of public wire bits:      71
   Number of memories:               0
   Number of memory bits:            0
   Number of processes:              0
   Number of cells:                  5
     $lt                             1
     $mux                            4

=== FPAddSub_AlignShift1 ===

   Number of wires:                 12
   Number of wire bits:             74
   Number of public wires:           6
   Number of public wire bits:      68
   Number of memories:               0
   Number of memory bits:            0
   Number of processes:              0
   Number of cells:                 18
     $eq                             3
     $logic_not                      1
     $mux                            1
     $pmux                          11
     $reduce_or                      2

=== FPAddSub_AlignShift2 ===

   Number of wires:                 11
   Number of wire bits:             63
   Number of public wires:           5
   Number of public wire bits:      57
   Number of memories:               0
   Number of memory bits:            0
   Number of processes:              0
   Number of cells:                 17
     $eq                             3
     $logic_not                      1
     $pmux                          11
     $reduce_or                      2

=== FPAddSub_ExceptionModule ===

   Number of wires:                 23
   Number of wire bits:             61
   Number of public wires:          13
   Number of public wire bits:      51
   Number of memories:               0
   Number of memory bits:            0
   Number of processes:              0
   Number of cells:                 15
     $and                            4
     $logic_not                      1
     $not                            2
     $or                             5
     $reduce_and                     1
     $reduce_or                      2

=== FPAddSub_ExecutionModule ===

   Number of wires:                 12
   Number of wire bits:             79
   Number of public wires:           9
   Number of public wire bits:      44
   Number of memories:               0
   Number of memory bits:            0
   Number of processes:              0
   Number of cells:                  6
     $add                            1
     $mux                            2
     $sub                            1
     $xor                            2

=== FPAddSub_NormalizeModule ===

   Number of wires:                 16
   Number of wire bits:            116
   Number of public wires:           4
   Number of public wire bits:      56
   Number of memories:               0
   Number of memory bits:            0
   Number of processes:              0
   Number of cells:                 14
     $mux                           14

=== FPAddSub_NormalizeShift1 ===

   Number of wires:                 19
   Number of wire bits:            152
   Number of public wires:           7
   Number of public wire bits:     140
   Number of memories:               0
   Number of memory bits:            0
   Number of processes:              0
   Number of cells:                 20
     $eq                             6
     $logic_not                      2
     $pmux                           8
     $reduce_or                      4

=== FPAddSub_NormalizeShift2 ===

   Number of wires:                 14
   Number of wire bits:             62
   Number of public wires:          13
   Number of public wire bits:      61
   Number of memories:               0
   Number of memory bits:            0
   Number of processes:              0
   Number of cells:                  6
     $add                            1
     $logic_not                      1
     $mux                            1
     $reduce_or                      2
     $sub                            1

=== FPAddSub_PrealignModule ===

   Number of wires:                 30
   Number of wire bits:            295
   Number of public wires:          16
   Number of public wire bits:      95
   Number of memories:               0
   Number of memory bits:            0
   Number of processes:              0
   Number of cells:                 19
     $add                            4
     $and                            4
     $logic_not                      2
     $not                            2
     $or                             3
     $reduce_and                     2
     $reduce_or                      2

=== FPAddSub_RoundModule ===

   Number of wires:                 35
   Number of wire bits:            124
   Number of public wires:          19
   Number of public wire bits:      72
   Number of memories:               0
   Number of memory bits:            0
   Number of processes:              0
   Number of cells:                 22
     $add                            2
     $and                            7
     $mux                            4
     $not                            2
     $or                             5
     $xor                            2

=== FPMult_16 ===

   Number of wires:                 27
   Number of wire bits:            348
   Number of public wires:          27
   Number of public wire bits:     348
   Number of memories:               0
   Number of memory bits:            0
   Number of processes:              0
   Number of cells:                  9
     $mux                            5
     FPMult_ExecuteModule            1
     FPMult_NormalizeModule          1
     FPMult_PrepModule               1
     FPMult_RoundModule              1

=== FPMult_ExecuteModule ===

   Number of wires:                 15
   Number of wire bits:            103
   Number of public wires:          12
   Number of public wire bits:      95
   Number of memories:               0
   Number of memory bits:            0
   Number of processes:              0
   Number of cells:                  7
     $add                            2
     $and                            1
     $mux                            1
     $or                             1
     $reduce_or                      1
     $xor                            1

=== FPMult_NormalizeModule ===

   Number of wires:                  8
   Number of wire bits:            114
   Number of public wires:           6
   Number of public wire bits:      50
   Number of memories:               0
   Number of memory bits:            0
   Number of processes:              0
   Number of cells:                  2
     $sub                            2

=== FPMult_PrepModule ===

   Number of wires:                 23
   Number of wire bits:             86
   Number of public wires:          14
   Number of public wire bits:      77
   Number of memories:               0
   Number of memory bits:            0
   Number of processes:              0
   Number of cells:                 15
     $and                            4
     $logic_not                      2
     $mul                            1
     $or                             3
     $reduce_and                     2
     $reduce_or                      3

=== FPMult_RoundModule ===

   Number of wires:                 12
   Number of wire bits:             90
   Number of public wires:          12
   Number of public wire bits:      90
   Number of memories:               0
   Number of memory bits:            0
   Number of processes:              0
   Number of cells:                  3
     $mux                            3

=== td_fused_top_Block_entry_proc_proc534 ===

   Number of wires:                 16
   Number of wire bits:             61
   Number of public wires:          14
   Number of public wire bits:      59
   Number of memories:               0
   Number of memory bits:            0
   Number of processes:              0
   Number of cells:                  9
     $mux                            4
     $not                            1
     $or                             1
     $reduce_or                      1
     $sdff                           2

=== td_fused_top_Block_entry_proc_proc535 ===

   Number of wires:                 16
   Number of wire bits:             61
   Number of public wires:          14
   Number of public wire bits:      59
   Number of memories:               0
   Number of memory bits:            0
   Number of processes:              0
   Number of cells:                  9
     $mux                            4
     $not                            1
     $or                             1
     $reduce_or                      1
     $sdff                           2

=== td_fused_top_Block_entry_proc_proc536 ===

   Number of wires:                 16
   Number of wire bits:             61
   Number of public wires:          14
   Number of public wire bits:      59
   Number of memories:               0
   Number of memory bits:            0
   Number of processes:              0
   Number of cells:                  9
     $mux                            4
     $not                            1
     $or                             1
     $reduce_or                      1
     $sdff                           2

=== td_fused_top_Block_entry_proc_proc537 ===

   Number of wires:                 16
   Number of wire bits:             61
   Number of public wires:          14
   Number of public wire bits:      59
   Number of memories:               0
   Number of memory bits:            0
   Number of processes:              0
   Number of cells:                  9
     $mux                            4
     $not                            1
     $or                             1
     $reduce_or                      1
     $sdff                           2

=== td_fused_top_ap_hadd_6_full_dsp_16 ===

   Number of wires:                 12
   Number of wire bits:            117
   Number of public wires:          12
   Number of public wire bits:     117
   Number of memories:               0
   Number of memory bits:            0
   Number of processes:              0
   Number of cells:                  4
     $dffe                           3
     FPAddSub                        1

=== td_fused_top_ap_hmul_3_max_dsp_16 ===

   Number of wires:                 12
   Number of wire bits:            117
   Number of public wires:          12
   Number of public wire bits:     117
   Number of memories:               0
   Number of memory bits:            0
   Number of processes:              0
   Number of cells:                  4
     $dffe                           3
     FPMult_16                       1

=== td_fused_top_dataflow_in_loop_TOP_LOOP48049 ===

   Number of wires:               1669
   Number of wire bits:           8781
   Number of public wires:        1337
   Number of public wire bits:    8449
   Number of memories:               0
   Number of memory bits:            0
   Number of processes:              0
   Number of cells:                596
     $and                          278
     $not                          114
     $or                            50
     $paramod$444f4f35aae1753c454375fdcc6a89a96e0bb6d9\td_fused_top_dataflow_in_loop_TOP_LOOP48049_accum2_out_0      4
     $paramod$444f4f35aae1753c454375fdcc6a89a96e0bb6d9\td_fused_top_dataflow_in_loop_TOP_LOOP48049_l2_partial_sums_0      4
     $paramod$6bff93eabfebbae18e929d83bb04875ab4f82a7f\td_fused_top_dataflow_in_loop_TOP_LOOP48049_ifmap_vec_0     20
     $paramod$6bff93eabfebbae18e929d83bb04875ab4f82a7f\td_fused_top_dataflow_in_loop_TOP_LOOP48049_products_0_0     16
     $paramod$d21e5f6e694f4e12d1f46ee6f235df73967f95ea\td_fused_top_dataflow_in_loop_TOP_LOOP48049_accum1_out_0      4
     $paramod$d21e5f6e694f4e12d1f46ee6f235df73967f95ea\td_fused_top_dataflow_in_loop_TOP_LOOP48049_l2_products_0      4
     $reduce_or                      7
     $sdff                          50
     td_fused_top_Block_entry_proc_proc534      1
     td_fused_top_Block_entry_proc_proc535      1
     td_fused_top_Block_entry_proc_proc536      1
     td_fused_top_Block_entry_proc_proc537      1
     td_fused_top_fifo_w10_d10_S      1
     td_fused_top_fifo_w16_d2_S_x4     14
     td_fused_top_fifo_w1_d11_S      1
     td_fused_top_fifo_w5_d10_S      1
     td_fused_top_fifo_w6_d2_S       2
     td_fused_top_fifo_w6_d8_S_x      1
     td_fused_top_start_for_tdf7_readFilters53_U0      1
     td_fused_top_tdf7_accum_1       4
     td_fused_top_tdf7_accum_2       4
     td_fused_top_tdf7_accum_3       1
     td_fused_top_tdf7_accum_3_1      1
     td_fused_top_tdf7_accum_3_2      1
     td_fused_top_tdf7_accum_3_3      1
     td_fused_top_tdf7_adjust        1
     td_fused_top_tdf7_dot_product      1
     td_fused_top_tdf7_get_next_ijk      1
     td_fused_top_tdf7_l2_accum      1
     td_fused_top_tdf7_l2_multiply51      1
     td_fused_top_tdf7_l2_writeOutputs_1      1
     td_fused_top_tdf7_readFilters53      1
     td_fused_top_tdf7_readInputs54      1

=== td_fused_top_dataflow_in_loop_TOP_LOOP48049_accum1_out_0_memcore ===

   Number of wires:                 12
   Number of wire bits:             80
   Number of public wires:          12
   Number of public wire bits:      80
   Number of memories:               0
   Number of memory bits:            0
   Number of processes:              0
   Number of cells:                  1
     td_fused_top_dataflow_in_loop_TOP_LOOP48049_accum1_out_0_memcore_ram      1

=== td_fused_top_dataflow_in_loop_TOP_LOOP48049_accum1_out_0_memcore_ram ===

   Number of wires:                 25
   Number of wire bits:            259
   Number of public wires:          11
   Number of public wire bits:      79
   Number of memories:               1
   Number of memory bits:          512
   Number of processes:              0
   Number of cells:                 18
     $dffe                           2
     $memrd                          2
     $memwr_v2                       2
     $mux                           12

=== td_fused_top_dataflow_in_loop_TOP_LOOP48049_accum2_out_0_memcore ===

   Number of wires:                 11
   Number of wire bits:             60
   Number of public wires:          11
   Number of public wire bits:      60
   Number of memories:               0
   Number of memory bits:            0
   Number of processes:              0
   Number of cells:                  1
     td_fused_top_dataflow_in_loop_TOP_LOOP48049_accum2_out_0_memcore_ram      1

=== td_fused_top_dataflow_in_loop_TOP_LOOP48049_accum2_out_0_memcore_ram ===

   Number of wires:                 23
   Number of wire bits:            215
   Number of public wires:          10
   Number of public wire bits:      59
   Number of memories:               1
   Number of memory bits:          128
   Number of processes:              0
   Number of cells:                 16
     $dffe                           1
     $memrd                          1
     $memwr_v2                       2
     $mux                           12

=== td_fused_top_dataflow_in_loop_TOP_LOOP48049_ifmap_vec_0_memcore ===

   Number of wires:                 12
   Number of wire bits:             86
   Number of public wires:          12
   Number of public wire bits:      86
   Number of memories:               0
   Number of memory bits:            0
   Number of processes:              0
   Number of cells:                  1
     td_fused_top_dataflow_in_loop_TOP_LOOP48049_ifmap_vec_0_memcore_ram      1

=== td_fused_top_dataflow_in_loop_TOP_LOOP48049_ifmap_vec_0_memcore_ram ===

   Number of wires:                 25
   Number of wire bits:            277
   Number of public wires:          11
   Number of public wire bits:      85
   Number of memories:               1
   Number of memory bits:         2304
   Number of processes:              0
   Number of cells:                 18
     $dffe                           2
     $memrd                          2
     $memwr_v2                       2
     $mux                           12

=== td_fused_top_dataflow_in_loop_TOP_LOOP48049_l2_partial_sums_0_memcore ===

   Number of wires:                 11
   Number of wire bits:             60
   Number of public wires:          11
   Number of public wire bits:      60
   Number of memories:               0
   Number of memory bits:            0
   Number of processes:              0
   Number of cells:                  1
     td_fused_top_dataflow_in_loop_TOP_LOOP48049_l2_partial_sums_0_memcore_ram      1

=== td_fused_top_dataflow_in_loop_TOP_LOOP48049_l2_partial_sums_0_memcore_ram ===

   Number of wires:                 23
   Number of wire bits:            215
   Number of public wires:          10
   Number of public wire bits:      59
   Number of memories:               1
   Number of memory bits:          128
   Number of processes:              0
   Number of cells:                 16
     $dffe                           1
     $memrd                          1
     $memwr_v2                       2
     $mux                           12

=== td_fused_top_dataflow_in_loop_TOP_LOOP48049_l2_products_0_memcore ===

   Number of wires:                 10
   Number of wire bits:             63
   Number of public wires:          10
   Number of public wire bits:      63
   Number of memories:               0
   Number of memory bits:            0
   Number of processes:              0
   Number of cells:                  1
     td_fused_top_dataflow_in_loop_TOP_LOOP48049_l2_products_0_memcore_ram      1

=== td_fused_top_dataflow_in_loop_TOP_LOOP48049_l2_products_0_memcore_ram ===

   Number of wires:                 17
   Number of wire bits:            168
   Number of public wires:           9
   Number of public wire bits:      62
   Number of memories:               1
   Number of memory bits:          512
   Number of processes:              0
   Number of cells:                 11
     $dffe                           2
     $memrd                          2
     $memwr_v2                       1
     $mux                            6

=== td_fused_top_dataflow_in_loop_TOP_LOOP48049_products_0_0_memcore ===

   Number of wires:                 10
   Number of wire bits:             67
   Number of public wires:          10
   Number of public wire bits:      67
   Number of memories:               0
   Number of memory bits:            0
   Number of processes:              0
   Number of cells:                  1
     td_fused_top_dataflow_in_loop_TOP_LOOP48049_products_0_0_memcore_ram      1

=== td_fused_top_dataflow_in_loop_TOP_LOOP48049_products_0_0_memcore_ram ===

   Number of wires:                 17
   Number of wire bits:            176
   Number of public wires:           9
   Number of public wire bits:      66
   Number of memories:               1
   Number of memory bits:         1152
   Number of processes:              0
   Number of cells:                 11
     $dffe                           2
     $memrd                          2
     $memwr_v2                       1
     $mux                            6

=== td_fused_top_fifo_w10_d10_S ===

   Number of wires:                 46
   Number of wire bits:            167
   Number of public wires:          17
   Number of public wire bits:      60
   Number of memories:               0
   Number of memory bits:            0
   Number of processes:              0
   Number of cells:                 35
     $add                            1
     $and                            6
     $eq                             3
     $logic_and                      2
     $logic_not                      3
     $mux                            6
     $ne                             1
     $not                            2
     $or                             2
     $reduce_and                     2
     $reduce_bool                    1
     $reduce_or                      1
     $sdffe                          3
     $sub                            1
     td_fused_top_fifo_w10_d10_S_shiftReg      1

=== td_fused_top_fifo_w10_d10_S_shiftReg ===

   Number of wires:                 24
   Number of wire bits:            135
   Number of public wires:          15
   Number of public wire bits:     126
   Number of memories:               0
   Number of memory bits:            0
   Number of processes:              0
   Number of cells:                 20
     $dffe                          10
     $eq                             8
     $logic_not                      1
     $pmux                           1

=== td_fused_top_fifo_w16_d2_S_x4 ===

   Number of wires:                 45
   Number of wire bits:            172
   Number of public wires:          17
   Number of public wire bits:      78
   Number of memories:               0
   Number of memory bits:            0
   Number of processes:              0
   Number of cells:                 34
     $add                            1
     $and                            6
     $eq                             2
     $logic_and                      2
     $logic_not                      3
     $mux                            6
     $ne                             1
     $not                            2
     $or                             2
     $reduce_and                     2
     $reduce_bool                    1
     $reduce_or                      1
     $sdffe                          3
     $sub                            1
     td_fused_top_fifo_w16_d2_S_x4_shiftReg      1

=== td_fused_top_fifo_w16_d2_S_x4_shiftReg ===

   Number of wires:                  8
   Number of wire bits:             68
   Number of public wires:           7
   Number of public wire bits:      67
   Number of memories:               0
   Number of memory bits:            0
   Number of processes:              0
   Number of cells:                  4
     $dffe                           2
     $not                            1
     $pmux                           1

=== td_fused_top_fifo_w1_d11_S ===

   Number of wires:                 46
   Number of wire bits:            131
   Number of public wires:          17
   Number of public wire bits:      24
   Number of memories:               0
   Number of memory bits:            0
   Number of processes:              0
   Number of cells:                 35
     $add                            1
     $and                            6
     $eq                             3
     $logic_and                      2
     $logic_not                      3
     $mux                            6
     $ne                             1
     $not                            2
     $or                             2
     $reduce_and                     2
     $reduce_bool                    1
     $reduce_or                      1
     $sdffe                          3
     $sub                            1
     td_fused_top_fifo_w1_d11_S_shiftReg      1

=== td_fused_top_fifo_w1_d11_S_shiftReg ===

   Number of wires:                 26
   Number of wire bits:             29
   Number of public wires:          16
   Number of public wire bits:      19
   Number of memories:               0
   Number of memory bits:            0
   Number of processes:              0
   Number of cells:                 22
     $dffe                          11
     $eq                             9
     $logic_not                      1
     $pmux                           1

=== td_fused_top_fifo_w5_d10_S ===

   Number of wires:                 46
   Number of wire bits:            147
   Number of public wires:          17
   Number of public wire bits:      40
   Number of memories:               0
   Number of memory bits:            0
   Number of processes:              0
   Number of cells:                 35
     $add                            1
     $and                            6
     $eq                             3
     $logic_and                      2
     $logic_not                      3
     $mux                            6
     $ne                             1
     $not                            2
     $or                             2
     $reduce_and                     2
     $reduce_bool                    1
     $reduce_or                      1
     $sdffe                          3
     $sub                            1
     td_fused_top_fifo_w5_d10_S_shiftReg      1

=== td_fused_top_fifo_w5_d10_S_shiftReg ===

   Number of wires:                 24
   Number of wire bits:             75
   Number of public wires:          15
   Number of public wire bits:      66
   Number of memories:               0
   Number of memory bits:            0
   Number of processes:              0
   Number of cells:                 20
     $dffe                          10
     $eq                             8
     $logic_not                      1
     $pmux                           1

=== td_fused_top_fifo_w6_d2_S ===

   Number of wires:                 45
   Number of wire bits:            132
   Number of public wires:          17
   Number of public wire bits:      38
   Number of memories:               0
   Number of memory bits:            0
   Number of processes:              0
   Number of cells:                 34
     $add                            1
     $and                            6
     $eq                             2
     $logic_and                      2
     $logic_not                      3
     $mux                            6
     $ne                             1
     $not                            2
     $or                             2
     $reduce_and                     2
     $reduce_bool                    1
     $reduce_or                      1
     $sdffe                          3
     $sub                            1
     td_fused_top_fifo_w6_d2_S_shiftReg      1

=== td_fused_top_fifo_w6_d2_S_shiftReg ===

   Number of wires:                  8
   Number of wire bits:             28
   Number of public wires:           7
   Number of public wire bits:      27
   Number of memories:               0
   Number of memory bits:            0
   Number of processes:              0
   Number of cells:                  4
     $dffe                           2
     $not                            1
     $pmux                           1

=== td_fused_top_fifo_w6_d8_S_x ===

   Number of wires:                 46
   Number of wire bits:            145
   Number of public wires:          17
   Number of public wire bits:      42
   Number of memories:               0
   Number of memory bits:            0
   Number of processes:              0
   Number of cells:                 35
     $add                            1
     $and                            6
     $eq                             3
     $logic_and                      2
     $logic_not                      3
     $mux                            6
     $ne                             1
     $not                            2
     $or                             2
     $reduce_and                     2
     $reduce_bool                    1
     $reduce_or                      1
     $sdffe                          3
     $sub                            1
     td_fused_top_fifo_w6_d8_S_x_shiftReg      1

=== td_fused_top_fifo_w6_d8_S_x_shiftReg ===

   Number of wires:                 21
   Number of wire bits:             73
   Number of public wires:          13
   Number of public wire bits:      65
   Number of memories:               0
   Number of memory bits:            0
   Number of processes:              0
   Number of cells:                 17
     $dffe                           8
     $eq                             7
     $logic_not                      1
     $pmux                           1

=== td_fused_top_start_for_tdf7_readFilters53_U0 ===

   Number of wires:                 45
   Number of wire bits:            112
   Number of public wires:          17
   Number of public wire bits:      18
   Number of memories:               0
   Number of memory bits:            0
   Number of processes:              0
   Number of cells:                 34
     $add                            1
     $and                            6
     $eq                             2
     $logic_and                      2
     $logic_not                      3
     $mux                            6
     $ne                             1
     $not                            2
     $or                             2
     $reduce_and                     2
     $reduce_bool                    1
     $reduce_or                      1
     $sdffe                          3
     $sub                            1
     td_fused_top_start_for_tdf7_readFilters53_U0_shiftReg      1

=== td_fused_top_start_for_tdf7_readFilters53_U0_shiftReg ===

   Number of wires:                  8
   Number of wire bits:              8
   Number of public wires:           7
   Number of public wire bits:       7
   Number of memories:               0
   Number of memory bits:            0
   Number of processes:              0
   Number of cells:                  4
     $dffe                           2
     $not                            1
     $pmux                           1

=== td_fused_top_tdf7_18 ===

   Number of wires:                234
   Number of wire bits:           3801
   Number of public wires:         208
   Number of public wire bits:    3685
   Number of memories:               0
   Number of memory bits:            0
   Number of processes:              0
   Number of cells:                 33
     $add                            2
     $and                           11
     $eq                             2
     $logic_not                      1
     $mux                            8
     $not                            3
     $or                             1
     $reduce_bool                    2
     $sdffe                          2
     td_fused_top_dataflow_in_loop_TOP_LOOP48049      1

=== td_fused_top_tdf7_accum_1 ===

   Number of wires:                496
   Number of wire bits:           4459
   Number of public wires:         276
   Number of public wire bits:    3085
   Number of memories:               0
   Number of memory bits:            0
   Number of processes:              0
   Number of cells:                374
     $add                            2
     $and                           61
     $dffe                          73
     $eq                            40
     $logic_not                      1
     $lt                             1
     $mux                          142
     $not                           22
     $or                            13
     $paramod$bd98ea72159fe26174e7b3ed5baca9c91958ef6f\td_fused_top_hadd_16ns_16ns_16_8_full_dsp_1      5
     $pmux                           1
     $reduce_bool                    2
     $reduce_or                      3
     $sdff                           3
     $sdffe                          5

=== td_fused_top_tdf7_accum_2 ===

   Number of wires:                243
   Number of wire bits:           1878
   Number of public wires:         139
   Number of public wire bits:    1392
   Number of memories:               0
   Number of memory bits:            0
   Number of processes:              0
   Number of cells:                166
     $add                            2
     $and                           33
     $dffe                          21
     $eq                            16
     $logic_not                      1
     $mux                           57
     $not                           11
     $or                            13
     $paramod$bd98ea72159fe26174e7b3ed5baca9c91958ef6f\td_fused_top_hadd_16ns_16ns_16_8_full_dsp_1      2
     $pmux                           1
     $reduce_bool                    2
     $reduce_or                      2
     $sdff                           2
     $sdffe                          3

=== td_fused_top_tdf7_accum_3 ===

   Number of wires:                 50
   Number of wire bits:            254
   Number of public wires:          30
   Number of public wire bits:     214
   Number of memories:               0
   Number of memory bits:            0
   Number of processes:              0
   Number of cells:                 37
     $add                            1
     $and                            3
     $dffe                           2
     $eq                            12
     $mux                            8
     $not                            2
     $or                             1
     $paramod$bd98ea72159fe26174e7b3ed5baca9c91958ef6f\td_fused_top_hadd_16ns_16ns_16_8_full_dsp_1      1
     $pmux                           1
     $reduce_or                      1
     $sdff                           3
     $sdffe                          2

=== td_fused_top_tdf7_accum_3_1 ===

   Number of wires:                 50
   Number of wire bits:            254
   Number of public wires:          30
   Number of public wire bits:     214
   Number of memories:               0
   Number of memory bits:            0
   Number of processes:              0
   Number of cells:                 37
     $add                            1
     $and                            3
     $dffe                           2
     $eq                            12
     $mux                            8
     $not                            2
     $or                             1
     $paramod$bd98ea72159fe26174e7b3ed5baca9c91958ef6f\td_fused_top_hadd_16ns_16ns_16_8_full_dsp_1      1
     $pmux                           1
     $reduce_or                      1
     $sdff                           3
     $sdffe                          2

=== td_fused_top_tdf7_accum_3_2 ===

   Number of wires:                 50
   Number of wire bits:            254
   Number of public wires:          30
   Number of public wire bits:     214
   Number of memories:               0
   Number of memory bits:            0
   Number of processes:              0
   Number of cells:                 37
     $add                            1
     $and                            3
     $dffe                           2
     $eq                            12
     $mux                            8
     $not                            2
     $or                             1
     $paramod$bd98ea72159fe26174e7b3ed5baca9c91958ef6f\td_fused_top_hadd_16ns_16ns_16_8_full_dsp_1      1
     $pmux                           1
     $reduce_or                      1
     $sdff                           3
     $sdffe                          2

=== td_fused_top_tdf7_accum_3_3 ===

   Number of wires:                 50
   Number of wire bits:            254
   Number of public wires:          30
   Number of public wire bits:     214
   Number of memories:               0
   Number of memory bits:            0
   Number of processes:              0
   Number of cells:                 37
     $add                            1
     $and                            3
     $dffe                           2
     $eq                            12
     $mux                            8
     $not                            2
     $or                             1
     $paramod$bd98ea72159fe26174e7b3ed5baca9c91958ef6f\td_fused_top_hadd_16ns_16ns_16_8_full_dsp_1      1
     $pmux                           1
     $reduce_or                      1
     $sdff                           3
     $sdffe                          2

=== td_fused_top_tdf7_adjust ===

   Number of wires:                218
   Number of wire bits:           1116
   Number of public wires:         177
   Number of public wire bits:    1067
   Number of memories:               0
   Number of memory bits:            0
   Number of processes:              0
   Number of cells:                161
     $add                            1
     $and                            9
     $dff                           59
     $dffe                          17
     $eq                             6
     $logic_not                      1
     $mux                           17
     $not                           11
     $or                             3
     $paramod$3c0377098b222d6572752d08e873f7489758dceb\td_fused_top_hmul_16ns_16ns_16_5_max_dsp_1      1
     $paramod$912b74f0497673b69e86cc7c82dae9d480ead345\td_fused_top_hsub_16ns_16ns_16_7_full_dsp_1      1
     $paramod$91996938bf55391da83956fb5d59b8cc0957c6c9\td_fused_top_mux_42_16_1_1      1
     $paramod$bd98ea72159fe26174e7b3ed5baca9c91958ef6f\td_fused_top_hadd_16ns_16ns_16_8_full_dsp_1      1
     $pmux                           1
     $reduce_and                     4
     $reduce_bool                    1
     $reduce_or                      2
     $sdff                          24
     $sdffe                          1

=== td_fused_top_tdf7_dot_product ===

   Number of wires:                353
   Number of wire bits:           2502
   Number of public wires:         307
   Number of public wire bits:    2420
   Number of memories:               0
   Number of memory bits:            0
   Number of processes:              0
   Number of cells:                187
     $add                            8
     $and                           14
     $dff                           24
     $dffe                          52
     $eq                             5
     $mux                           32
     $not                           11
     $or                             6
     $paramod$3c0377098b222d6572752d08e873f7489758dceb\td_fused_top_hmul_16ns_16ns_16_5_max_dsp_1     16
     $pmux                           1
     $reduce_bool                    2
     $reduce_or                      2
     $sdff                          10
     $sdffe                          1
     $sub                            3

=== td_fused_top_tdf7_get_next_ijk ===

   Number of wires:                 80
   Number of wire bits:            275
   Number of public wires:          45
   Number of public wire bits:     210
   Number of memories:               0
   Number of memory bits:            0
   Number of processes:              0
   Number of cells:                 56
     $add                            3
     $and                            8
     $dffe                           2
     $eq                             4
     $mux                           17
     $not                           10
     $or                             7
     $reduce_bool                    1
     $reduce_or                      1
     $sdff                           1
     $sdffce                         1
     $sdffe                          1

=== td_fused_top_tdf7_l2_accum ===

   Number of wires:                147
   Number of wire bits:           1262
   Number of public wires:         118
   Number of public wire bits:    1196
   Number of memories:               0
   Number of memory bits:            0
   Number of processes:              0
   Number of cells:                 73
     $add                            2
     $and                            5
     $dffe                          21
     $eq                            14
     $mux                           12
     $not                            3
     $or                             2
     $paramod$bd98ea72159fe26174e7b3ed5baca9c91958ef6f\td_fused_top_hadd_16ns_16ns_16_8_full_dsp_1      8
     $pmux                           1
     $reduce_bool                    1
     $reduce_or                      1
     $sdff                           2
     $sdffe                          1

=== td_fused_top_tdf7_l2_multiply51 ===

   Number of wires:                152
   Number of wire bits:            928
   Number of public wires:         113
   Number of public wire bits:     869
   Number of memories:               0
   Number of memory bits:            0
   Number of processes:              0
   Number of cells:                 94
     $add                            2
     $and                           13
     $dff                           10
     $dffe                          16
     $eq                             4
     $mux                           15
     $not                           11
     $or                             4
     $paramod$3c0377098b222d6572752d08e873f7489758dceb\td_fused_top_hmul_16ns_16ns_16_5_max_dsp_1      4
     $paramod$91996938bf55391da83956fb5d59b8cc0957c6c9\td_fused_top_mux_42_16_1_1      1
     $pmux                           1
     $reduce_bool                    1
     $reduce_or                      2
     $sdff                           9
     $sdffe                          1

=== td_fused_top_tdf7_l2_writeOutputs_1 ===

   Number of wires:                352
   Number of wire bits:           2473
   Number of public wires:         307
   Number of public wire bits:    2409
   Number of memories:               0
   Number of memory bits:            0
   Number of processes:              0
   Number of cells:                261
     $add                            2
     $and                           13
     $dff                          124
     $dffe                          21
     $eq                             8
     $logic_not                      1
     $mux                           32
     $not                           11
     $or                             5
     $paramod$3c0377098b222d6572752d08e873f7489758dceb\td_fused_top_hmul_16ns_16ns_16_5_max_dsp_1      1
     $paramod$60c6820698acd06bb9a0b739a1738ac741e28ac5\td_fused_top_mux_464_16_1_1      1
     $paramod$912b74f0497673b69e86cc7c82dae9d480ead345\td_fused_top_hsub_16ns_16ns_16_7_full_dsp_1      1
     $paramod$bd98ea72159fe26174e7b3ed5baca9c91958ef6f\td_fused_top_hadd_16ns_16ns_16_8_full_dsp_1      2
     $paramod$d21e5f6e694f4e12d1f46ee6f235df73967f95ea\td_fused_top_tdf7_l2_writeOutputs_1_running_sums      1
     $pmux                           1
     $reduce_bool                    1
     $reduce_or                      2
     $sdff                          32
     $sdffe                          1
     $sub                            1

=== td_fused_top_tdf7_l2_writeOutputs_1_running_sums_ram ===

   Number of wires:                 15
   Number of wire bits:            136
   Number of public wires:           8
   Number of public wire bits:      46
   Number of memories:               1
   Number of memory bits:          512
   Number of processes:              0
   Number of cells:                  9
     $dffe                           1
     $memrd                          1
     $memwr_v2                       1
     $mux                            6

=== td_fused_top_tdf7_readFilters53 ===

   Number of wires:                235
   Number of wire bits:           2285
   Number of public wires:         187
   Number of public wire bits:    2201
   Number of memories:               0
   Number of memory bits:            0
   Number of processes:              0
   Number of cells:                112
     $add                            8
     $and                           14
     $dff                            3
     $dffe                          18
     $eq                             5
     $mux                           30
     $not                           12
     $or                             4
     $paramod$ab94746a42091e92ea832e1dab14e57f925e29d9\td_fused_top_mux_416_64_1_1      4
     $pmux                           1
     $reduce_bool                    2
     $reduce_or                      2
     $sdff                           5
     $sdffe                          1
     $sub                            3

=== td_fused_top_tdf7_readInputs54 ===

   Number of wires:                276
   Number of wire bits:           1566
   Number of public wires:         210
   Number of public wire bits:    1461
   Number of memories:               0
   Number of memory bits:            0
   Number of processes:              0
   Number of cells:                190
     $add                           21
     $and                           19
     $dff                            7
     $dffe                          35
     $eq                             6
     $gt                             5
     $mux                           50
     $not                           16
     $or                            13
     $pmux                           1
     $reduce_bool                    2
     $reduce_or                      2
     $sdff                           6
     $sdffce                         4
     $sdffe                          1
     $sub                            2

=== design hierarchy ===

   td_fused_top_tdf7_18              1
     td_fused_top_dataflow_in_loop_TOP_LOOP48049      1
       $paramod$444f4f35aae1753c454375fdcc6a89a96e0bb6d9\td_fused_top_dataflow_in_loop_TOP_LOOP48049_accum2_out_0      4
         td_fused_top_dataflow_in_loop_TOP_LOOP48049_accum2_out_0_memcore      2
           td_fused_top_dataflow_in_loop_TOP_LOOP48049_accum2_out_0_memcore_ram      1
       $paramod$444f4f35aae1753c454375fdcc6a89a96e0bb6d9\td_fused_top_dataflow_in_loop_TOP_LOOP48049_l2_partial_sums_0      4
         td_fused_top_dataflow_in_loop_TOP_LOOP48049_l2_partial_sums_0_memcore      2
           td_fused_top_dataflow_in_loop_TOP_LOOP48049_l2_partial_sums_0_memcore_ram      1
       $paramod$6bff93eabfebbae18e929d83bb04875ab4f82a7f\td_fused_top_dataflow_in_loop_TOP_LOOP48049_ifmap_vec_0     20
         td_fused_top_dataflow_in_loop_TOP_LOOP48049_ifmap_vec_0_memcore      1
           td_fused_top_dataflow_in_loop_TOP_LOOP48049_ifmap_vec_0_memcore_ram      1
       $paramod$6bff93eabfebbae18e929d83bb04875ab4f82a7f\td_fused_top_dataflow_in_loop_TOP_LOOP48049_products_0_0     16
         td_fused_top_dataflow_in_loop_TOP_LOOP48049_products_0_0_memcore      2
           td_fused_top_dataflow_in_loop_TOP_LOOP48049_products_0_0_memcore_ram      1
       $paramod$d21e5f6e694f4e12d1f46ee6f235df73967f95ea\td_fused_top_dataflow_in_loop_TOP_LOOP48049_accum1_out_0      4
         td_fused_top_dataflow_in_loop_TOP_LOOP48049_accum1_out_0_memcore      2
           td_fused_top_dataflow_in_loop_TOP_LOOP48049_accum1_out_0_memcore_ram      1
       $paramod$d21e5f6e694f4e12d1f46ee6f235df73967f95ea\td_fused_top_dataflow_in_loop_TOP_LOOP48049_l2_products_0      4
         td_fused_top_dataflow_in_loop_TOP_LOOP48049_l2_products_0_memcore      2
           td_fused_top_dataflow_in_loop_TOP_LOOP48049_l2_products_0_memcore_ram      1
       td_fused_top_Block_entry_proc_proc534      1
       td_fused_top_Block_entry_proc_proc535      1
       td_fused_top_Block_entry_proc_proc536      1
       td_fused_top_Block_entry_proc_proc537      1
       td_fused_top_fifo_w10_d10_S      1
         td_fused_top_fifo_w10_d10_S_shiftReg      1
       td_fused_top_fifo_w16_d2_S_x4     14
         td_fused_top_fifo_w16_d2_S_x4_shiftReg      1
       td_fused_top_fifo_w1_d11_S      1
         td_fused_top_fifo_w1_d11_S_shiftReg      1
       td_fused_top_fifo_w5_d10_S      1
         td_fused_top_fifo_w5_d10_S_shiftReg      1
       td_fused_top_fifo_w6_d2_S      2
         td_fused_top_fifo_w6_d2_S_shiftReg      1
       td_fused_top_fifo_w6_d8_S_x      1
         td_fused_top_fifo_w6_d8_S_x_shiftReg      1
       td_fused_top_start_for_tdf7_readFilters53_U0      1
         td_fused_top_start_for_tdf7_readFilters53_U0_shiftReg      1
       td_fused_top_tdf7_accum_1      4
         $paramod$bd98ea72159fe26174e7b3ed5baca9c91958ef6f\td_fused_top_hadd_16ns_16ns_16_8_full_dsp_1      5
           td_fused_top_ap_hadd_6_full_dsp_16      1
             FPAddSub                1
               FPAddSub_AlignModule      1
               FPAddSub_AlignShift1      1
               FPAddSub_AlignShift2      1
               FPAddSub_ExceptionModule      1
               FPAddSub_ExecutionModule      1
               FPAddSub_NormalizeModule      1
               FPAddSub_NormalizeShift1      1
               FPAddSub_NormalizeShift2      1
               FPAddSub_PrealignModule      1
               FPAddSub_RoundModule      1
       td_fused_top_tdf7_accum_2      4
         $paramod$bd98ea72159fe26174e7b3ed5baca9c91958ef6f\td_fused_top_hadd_16ns_16ns_16_8_full_dsp_1      2
           td_fused_top_ap_hadd_6_full_dsp_16      1
             FPAddSub                1
               FPAddSub_AlignModule      1
               FPAddSub_AlignShift1      1
               FPAddSub_AlignShift2      1
               FPAddSub_ExceptionModule      1
               FPAddSub_ExecutionModule      1
               FPAddSub_NormalizeModule      1
               FPAddSub_NormalizeShift1      1
               FPAddSub_NormalizeShift2      1
               FPAddSub_PrealignModule      1
               FPAddSub_RoundModule      1
       td_fused_top_tdf7_accum_3      1
         $paramod$bd98ea72159fe26174e7b3ed5baca9c91958ef6f\td_fused_top_hadd_16ns_16ns_16_8_full_dsp_1      1
           td_fused_top_ap_hadd_6_full_dsp_16      1
             FPAddSub                1
               FPAddSub_AlignModule      1
               FPAddSub_AlignShift1      1
               FPAddSub_AlignShift2      1
               FPAddSub_ExceptionModule      1
               FPAddSub_ExecutionModule      1
               FPAddSub_NormalizeModule      1
               FPAddSub_NormalizeShift1      1
               FPAddSub_NormalizeShift2      1
               FPAddSub_PrealignModule      1
               FPAddSub_RoundModule      1
       td_fused_top_tdf7_accum_3_1      1
         $paramod$bd98ea72159fe26174e7b3ed5baca9c91958ef6f\td_fused_top_hadd_16ns_16ns_16_8_full_dsp_1      1
           td_fused_top_ap_hadd_6_full_dsp_16      1
             FPAddSub                1
               FPAddSub_AlignModule      1
               FPAddSub_AlignShift1      1
               FPAddSub_AlignShift2      1
               FPAddSub_ExceptionModule      1
               FPAddSub_ExecutionModule      1
               FPAddSub_NormalizeModule      1
               FPAddSub_NormalizeShift1      1
               FPAddSub_NormalizeShift2      1
               FPAddSub_PrealignModule      1
               FPAddSub_RoundModule      1
       td_fused_top_tdf7_accum_3_2      1
         $paramod$bd98ea72159fe26174e7b3ed5baca9c91958ef6f\td_fused_top_hadd_16ns_16ns_16_8_full_dsp_1      1
           td_fused_top_ap_hadd_6_full_dsp_16      1
             FPAddSub                1
               FPAddSub_AlignModule      1
               FPAddSub_AlignShift1      1
               FPAddSub_AlignShift2      1
               FPAddSub_ExceptionModule      1
               FPAddSub_ExecutionModule      1
               FPAddSub_NormalizeModule      1
               FPAddSub_NormalizeShift1      1
               FPAddSub_NormalizeShift2      1
               FPAddSub_PrealignModule      1
               FPAddSub_RoundModule      1
       td_fused_top_tdf7_accum_3_3      1
         $paramod$bd98ea72159fe26174e7b3ed5baca9c91958ef6f\td_fused_top_hadd_16ns_16ns_16_8_full_dsp_1      1
           td_fused_top_ap_hadd_6_full_dsp_16      1
             FPAddSub                1
               FPAddSub_AlignModule      1
               FPAddSub_AlignShift1      1
               FPAddSub_AlignShift2      1
               FPAddSub_ExceptionModule      1
               FPAddSub_ExecutionModule      1
               FPAddSub_NormalizeModule      1
               FPAddSub_NormalizeShift1      1
               FPAddSub_NormalizeShift2      1
               FPAddSub_PrealignModule      1
               FPAddSub_RoundModule      1
       td_fused_top_tdf7_adjust      1
         $paramod$3c0377098b222d6572752d08e873f7489758dceb\td_fused_top_hmul_16ns_16ns_16_5_max_dsp_1      1
           td_fused_top_ap_hmul_3_max_dsp_16      1
             FPMult_16               1
               FPMult_ExecuteModule      1
               FPMult_NormalizeModule      1
               FPMult_PrepModule      1
               FPMult_RoundModule      1
         $paramod$912b74f0497673b69e86cc7c82dae9d480ead345\td_fused_top_hsub_16ns_16ns_16_7_full_dsp_1      1
           td_fused_top_ap_hadd_6_full_dsp_16      1
             FPAddSub                1
               FPAddSub_AlignModule      1
               FPAddSub_AlignShift1      1
               FPAddSub_AlignShift2      1
               FPAddSub_ExceptionModule      1
               FPAddSub_ExecutionModule      1
               FPAddSub_NormalizeModule      1
               FPAddSub_NormalizeShift1      1
               FPAddSub_NormalizeShift2      1
               FPAddSub_PrealignModule      1
               FPAddSub_RoundModule      1
         $paramod$91996938bf55391da83956fb5d59b8cc0957c6c9\td_fused_top_mux_42_16_1_1      1
         $paramod$bd98ea72159fe26174e7b3ed5baca9c91958ef6f\td_fused_top_hadd_16ns_16ns_16_8_full_dsp_1      1
           td_fused_top_ap_hadd_6_full_dsp_16      1
             FPAddSub                1
               FPAddSub_AlignModule      1
               FPAddSub_AlignShift1      1
               FPAddSub_AlignShift2      1
               FPAddSub_ExceptionModule      1
               FPAddSub_ExecutionModule      1
               FPAddSub_NormalizeModule      1
               FPAddSub_NormalizeShift1      1
               FPAddSub_NormalizeShift2      1
               FPAddSub_PrealignModule      1
               FPAddSub_RoundModule      1
       td_fused_top_tdf7_dot_product      1
         $paramod$3c0377098b222d6572752d08e873f7489758dceb\td_fused_top_hmul_16ns_16ns_16_5_max_dsp_1     16
           td_fused_top_ap_hmul_3_max_dsp_16      1
             FPMult_16               1
               FPMult_ExecuteModule      1
               FPMult_NormalizeModule      1
               FPMult_PrepModule      1
               FPMult_RoundModule      1
       td_fused_top_tdf7_get_next_ijk      1
       td_fused_top_tdf7_l2_accum      1
         $paramod$bd98ea72159fe26174e7b3ed5baca9c91958ef6f\td_fused_top_hadd_16ns_16ns_16_8_full_dsp_1      8
           td_fused_top_ap_hadd_6_full_dsp_16      1
             FPAddSub                1
               FPAddSub_AlignModule      1
               FPAddSub_AlignShift1      1
               FPAddSub_AlignShift2      1
               FPAddSub_ExceptionModule      1
               FPAddSub_ExecutionModule      1
               FPAddSub_NormalizeModule      1
               FPAddSub_NormalizeShift1      1
               FPAddSub_NormalizeShift2      1
               FPAddSub_PrealignModule      1
               FPAddSub_RoundModule      1
       td_fused_top_tdf7_l2_multiply51      1
         $paramod$3c0377098b222d6572752d08e873f7489758dceb\td_fused_top_hmul_16ns_16ns_16_5_max_dsp_1      4
           td_fused_top_ap_hmul_3_max_dsp_16      1
             FPMult_16               1
               FPMult_ExecuteModule      1
               FPMult_NormalizeModule      1
               FPMult_PrepModule      1
               FPMult_RoundModule      1
         $paramod$91996938bf55391da83956fb5d59b8cc0957c6c9\td_fused_top_mux_42_16_1_1      1
       td_fused_top_tdf7_l2_writeOutputs_1      1
         $paramod$3c0377098b222d6572752d08e873f7489758dceb\td_fused_top_hmul_16ns_16ns_16_5_max_dsp_1      1
           td_fused_top_ap_hmul_3_max_dsp_16      1
             FPMult_16               1
               FPMult_ExecuteModule      1
               FPMult_NormalizeModule      1
               FPMult_PrepModule      1
               FPMult_RoundModule      1
         $paramod$60c6820698acd06bb9a0b739a1738ac741e28ac5\td_fused_top_mux_464_16_1_1      1
         $paramod$912b74f0497673b69e86cc7c82dae9d480ead345\td_fused_top_hsub_16ns_16ns_16_7_full_dsp_1      1
           td_fused_top_ap_hadd_6_full_dsp_16      1
             FPAddSub                1
               FPAddSub_AlignModule      1
               FPAddSub_AlignShift1      1
               FPAddSub_AlignShift2      1
               FPAddSub_ExceptionModule      1
               FPAddSub_ExecutionModule      1
               FPAddSub_NormalizeModule      1
               FPAddSub_NormalizeShift1      1
               FPAddSub_NormalizeShift2      1
               FPAddSub_PrealignModule      1
               FPAddSub_RoundModule      1
         $paramod$bd98ea72159fe26174e7b3ed5baca9c91958ef6f\td_fused_top_hadd_16ns_16ns_16_8_full_dsp_1      2
           td_fused_top_ap_hadd_6_full_dsp_16      1
             FPAddSub                1
               FPAddSub_AlignModule      1
               FPAddSub_AlignShift1      1
               FPAddSub_AlignShift2      1
               FPAddSub_ExceptionModule      1
               FPAddSub_ExecutionModule      1
               FPAddSub_NormalizeModule      1
               FPAddSub_NormalizeShift1      1
               FPAddSub_NormalizeShift2      1
               FPAddSub_PrealignModule      1
               FPAddSub_RoundModule      1
         $paramod$d21e5f6e694f4e12d1f46ee6f235df73967f95ea\td_fused_top_tdf7_l2_writeOutputs_1_running_sums      1
           td_fused_top_tdf7_l2_writeOutputs_1_running_sums_ram      1
       td_fused_top_tdf7_readFilters53      1
         $paramod$ab94746a42091e92ea832e1dab14e57f925e29d9\td_fused_top_mux_416_64_1_1      4
       td_fused_top_tdf7_readInputs54      1

   Number of wires:              29412
   Number of wire bits:         214566
   Number of public wires:       19733
   Number of public wire bits:  169499
   Number of memories:              85
   Number of memory bits:        93696
   Number of processes:              0
   Number of cells:              17287
     $add                          650
     $and                         1891
     $dff                          361
     $dffe                        1127
     $eq                           996
     $gt                             5
     $logic_and                    526
     $logic_not                    802
     $logic_or                      52
     $lt                            49
     $memrd                        153
     $memwr_v2                     129
     $mul                           22
     $mux                         5058
     $ne                            21
     $not                          707
     $or                           922
     $pmux                        1390
     $reduce_and                   225
     $reduce_bool                  210
     $reduce_or                    840
     $sdff                         243
     $sdffce                         5
     $sdffe                        485
     $sub                          216
     $xor                          202

