
5. Printing statistics.

=== td_fused_top_tdf1_filters_1 ===

   Number of wires:                  5
   Number of wire bits:             26
   Number of public wires:           5
   Number of public wire bits:      26
   Number of memories:               0
   Number of memory bits:            0
   Number of processes:              0
   Number of cells:                  1
     td_fused_top_tdf1_filters_1_rom      1

=== td_fused_top_tdf1_filters_1_rom ===

   Number of wires:                  5
   Number of wire bits:             41
   Number of public wires:           4
   Number of public wire bits:      25
   Number of memories:               1
   Number of memory bits:         1728
   Number of processes:              0
   Number of cells:                  2
     $dffe                           1
     $memrd                          1

=== design hierarchy ===

   td_fused_top_tdf1_filters_1       1
     td_fused_top_tdf1_filters_1_rom      1

   Number of wires:                 10
   Number of wire bits:             67
   Number of public wires:           9
   Number of public wire bits:      51
   Number of memories:               1
   Number of memory bits:         1728
   Number of processes:              0
   Number of cells:                  2
     $dffe                           1
     $memrd                          1

