
5. Printing statistics.

=== td_fused_top_start_for_tdf8_readFilters58_U0 ===

   Number of wires:                 45
   Number of wire bits:            112
   Number of public wires:          17
   Number of public wire bits:      18
   Number of memories:               0
   Number of memory bits:            0
   Number of processes:              0
   Number of cells:                 34
     $add                            1
     $and                            6
     $eq                             2
     $logic_and                      2
     $logic_not                      3
     $mux                            6
     $ne                             1
     $not                            2
     $or                             2
     $reduce_and                     2
     $reduce_bool                    1
     $reduce_or                      1
     $sdffe                          3
     $sub                            1
     td_fused_top_start_for_tdf8_readFilters58_U0_shiftReg      1

=== td_fused_top_start_for_tdf8_readFilters58_U0_shiftReg ===

   Number of wires:                  8
   Number of wire bits:              8
   Number of public wires:           7
   Number of public wire bits:       7
   Number of memories:               0
   Number of memory bits:            0
   Number of processes:              0
   Number of cells:                  4
     $dffe                           2
     $not                            1
     $pmux                           1

=== design hierarchy ===

   td_fused_top_start_for_tdf8_readFilters58_U0      1
     td_fused_top_start_for_tdf8_readFilters58_U0_shiftReg      1

   Number of wires:                 53
   Number of wire bits:            120
   Number of public wires:          24
   Number of public wire bits:      25
   Number of memories:               0
   Number of memory bits:            0
   Number of processes:              0
   Number of cells:                 37
     $add                            1
     $and                            6
     $dffe                           2
     $eq                             2
     $logic_and                      2
     $logic_not                      3
     $mux                            6
     $ne                             1
     $not                            3
     $or                             2
     $pmux                           1
     $reduce_and                     2
     $reduce_bool                    1
     $reduce_or                      1
     $sdffe                          3
     $sub                            1

