
5. Printing statistics.

=== fp16_to_fp32 ===

   Number of wires:                 73
   Number of wire bits:            343
   Number of public wires:           5
   Number of public wire bits:      88
   Number of memories:               0
   Number of memory bits:            0
   Number of processes:              0
   Number of cells:                 70
     $add                            2
     $and                           33
     $dlatch                         1
     $eq                             1
     $logic_not                      2
     $mux                           14
     $not                           12
     $reduce_or                      2
     $shl                            1
     $sub                            2

