
5. Printing statistics.

=== FPAddSub_a ===

   Number of wires:                 56
   Number of wire bits:            658
   Number of public wires:          30
   Number of public wire bits:     446
   Number of memories:               0
   Number of memory bits:            0
   Number of processes:              0
   Number of cells:                 81
     $add                            4
     $and                            4
     $eq                             6
     $logic_not                      4
     $lt                             1
     $mux                            5
     $not                            2
     $or                             3
     $pmux                          44
     $reduce_and                     2
     $reduce_or                      6

=== FPAddSub_c ===

   Number of wires:                 32
   Number of wire bits:            350
   Number of public wires:          19
   Number of public wire bits:     337
   Number of memories:               0
   Number of memory bits:            0
   Number of processes:              0
   Number of cells:                 81
     $add                            1
     $eq                             6
     $logic_not                      3
     $mux                            1
     $pmux                          63
     $reduce_or                      6
     $sub                            1

=== FPAddSub_d ===

   Number of wires:                 53
   Number of wire bits:            245
   Number of public wires:          28
   Number of public wire bits:     181
   Number of memories:               0
   Number of memory bits:            0
   Number of processes:              0
   Number of cells:                 36
     $add                            2
     $and                           11
     $logic_not                      1
     $mux                            4
     $not                            4
     $or                             9
     $reduce_and                     1
     $reduce_or                      2
     $xor                            2

=== FPAddSub_single ===

   Number of wires:                 30
   Number of wire bits:            420
   Number of public wires:          30
   Number of public wire bits:     420
   Number of memories:               0
   Number of memory bits:            0
   Number of processes:              0
   Number of cells:                  7
     $sdff                           3
     FPAddSub_a                      1
     FPAddSub_c                      1
     FPAddSub_d                      1
     FpAddSub_b                      1

=== FpAddSub_b ===

   Number of wires:                 40
   Number of wire bits:            349
   Number of public wires:          12
   Number of public wire bits:     157
   Number of memories:               0
   Number of memory bits:            0
   Number of processes:              0
   Number of cells:                 33
     $add                            1
     $mux                           29
     $sub                            1
     $xor                            2

=== design hierarchy ===

   FPAddSub_single                   1
     FPAddSub_a                      1
     FPAddSub_c                      1
     FPAddSub_d                      1
     FpAddSub_b                      1

   Number of wires:                211
   Number of wire bits:           2022
   Number of public wires:         119
   Number of public wire bits:    1541
   Number of memories:               0
   Number of memory bits:            0
   Number of processes:              0
   Number of cells:                234
     $add                            8
     $and                           15
     $eq                            12
     $logic_not                      8
     $lt                             1
     $mux                           39
     $not                            6
     $or                            12
     $pmux                         107
     $reduce_and                     3
     $reduce_or                     14
     $sdff                           3
     $sub                            2
     $xor                            4

