
5. Printing statistics.

=== FPAddSub_a ===

   Number of wires:                 56
   Number of wire bits:            658
   Number of public wires:          30
   Number of public wire bits:     446
   Number of memories:               0
   Number of memory bits:            0
   Number of processes:              0
   Number of cells:                 81
     $add                            4
     $and                            4
     $eq                             6
     $logic_not                      4
     $lt                             1
     $mux                            5
     $not                            2
     $or                             3
     $pmux                          44
     $reduce_and                     2
     $reduce_or                      6

