
5. Printing statistics.

=== output_logic ===

   Number of wires:                542
   Number of wire bits:          39024
   Number of public wires:         434
   Number of public wire bits:   13192
   Number of memories:               0
   Number of memory bits:            0
   Number of processes:              0
   Number of cells:                133
     $add                            2
     $dffe                           1
     $eq                             1
     $ge                             1
     $mux                           95
     $ne                             2
     $not                            1
     $or                             1
     $reduce_and                     2
     $reduce_bool                    3
     $sdffe                         23
     $sub                            1

