
5. Printing statistics.

=== systolic_data_setup ===

   Number of wires:                676
   Number of wire bits:           8547
   Number of public wires:         444
   Number of public wire bits:    7535
   Number of memories:               0
   Number of memory bits:            0
   Number of processes:              0
   Number of cells:                660
     $add                            6
     $and                           80
     $dffe                           2
     $eq                            40
     $ge                             6
     $logic_and                     42
     $logic_not                      1
     $logic_or                      42
     $lt                             2
     $mux                            6
     $not                           43
     $reduce_bool                    2
     $reduce_or                      2
     $sdff                         382
     $sdffe                          2
     $sub                            2

