
5. Printing statistics.

=== $paramod$c34afa4e962990744f0b55670bc44b23c3a5a6d7\crc_comb ===

   Number of wires:                 12
   Number of wire bits:            316
   Number of public wires:           9
   Number of public wire bits:     253
   Number of memories:               0
   Number of memory bits:            0
   Number of processes:              0
   Number of cells:                  6
     $and                            3
     $not                            1
     $xor                            2

=== $paramod$f4b98323ff6e0cd0e06fc10c3ad329b38eee598e\crc_parallel ===

   Number of wires:                207
   Number of wire bits:           6600
   Number of public wires:         112
   Number of public wire bits:    3560
   Number of memories:               0
   Number of memory bits:            0
   Number of processes:              0
   Number of cells:                198
     $and                           95
     $paramod$c34afa4e962990744f0b55670bc44b23c3a5a6d7\crc_comb      8
     $reduce_or                     95

=== $paramod\bit_reversal\DATA_SIZE=s32'00000000000000000000000000100000 ===

   Number of wires:                 11
   Number of wire bits:            198
   Number of public wires:           7
   Number of public wire bits:     194
   Number of memories:               0
   Number of memory bits:            0
   Number of processes:              0
   Number of cells:                  5
     $eq                             3
     $logic_not                      1
     $pmux                           1

=== crc_control_unit ===

   Number of wires:                108
   Number of wire bits:            155
   Number of public wires:          23
   Number of public wire bits:      35
   Number of memories:               0
   Number of memory bits:            0
   Number of processes:              0
   Number of cells:                102
     $eq                            13
     $logic_and                     24
     $logic_not                      9
     $logic_or                      13
     $mux                           21
     $ne                             8
     $pmux                           4
     $reduce_and                     3
     $reduce_bool                    4
     $sdffe                          3

=== crc_datapath ===

   Number of wires:                 68
   Number of wire bits:            629
   Number of public wires:          48
   Number of public wire bits:     545
   Number of memories:               0
   Number of memory bits:            0
   Number of processes:              0
   Number of cells:                 40
     $eq                             6
     $logic_not                      2
     $mux                            8
     $not                            1
     $paramod$f4b98323ff6e0cd0e06fc10c3ad329b38eee598e\crc_parallel      1
     $paramod\bit_reversal\DATA_SIZE=s32'00000000000000000000000000100000      1
     $pmux                           5
     $reduce_bool                    2
     $reduce_or                      5
     $sdffe                          9

=== crc_unit ===

   Number of wires:                 29
   Number of wire bits:            165
   Number of public wires:          28
   Number of public wire bits:     164
   Number of memories:               0
   Number of memory bits:            0
   Number of processes:              0
   Number of cells:                  4
     $logic_and                      1
     $logic_not                      1
     crc_control_unit                1
     crc_datapath                    1

=== design hierarchy ===

   crc_unit                          1
     crc_control_unit                1
     crc_datapath                    1
       $paramod$f4b98323ff6e0cd0e06fc10c3ad329b38eee598e\crc_parallel      1
         $paramod$c34afa4e962990744f0b55670bc44b23c3a5a6d7\crc_comb      8
       $paramod\bit_reversal\DATA_SIZE=s32'00000000000000000000000000100000      1

   Number of wires:                519
   Number of wire bits:          10275
   Number of public wires:         290
   Number of public wire bits:    6522
   Number of memories:               0
   Number of memory bits:            0
   Number of processes:              0
   Number of cells:                385
     $and                          119
     $eq                            22
     $logic_and                     25
     $logic_not                     13
     $logic_or                      13
     $mux                           29
     $ne                             8
     $not                            9
     $pmux                          10
     $reduce_and                     3
     $reduce_bool                    6
     $reduce_or                    100
     $sdffe                         12
     $xor                           16

